<?xml version="1.0" encoding="UTF-8"?>
<testsuite name="RecipesApplicationTest" tests="1" skipped="0" failures="0" errors="0" timestamp="2023-03-31T13:05:45" hostname="MacBook-Air-Nikos.local" time="32.151">
  <properties/>
  <testcase name="start" classname="RecipesApplicationTest" time="32.151"/>
  <system-out><![CDATA[?[1;31m
Start test 1?[0m
?[0;34m
?[0m?[0;34m  .   ____          _            __ _ _
?[0m?[0;34m /\\ / ___'_ __ _ _(_)_ __  __ _ \ \ \ \
?[0m?[0;34m( ( )\___ | '_ | '_| | '_ \/ _` | \ \ \ \
?[0m?[0;34m \\/  ___)| |_)| | | | | || (_| |  ) ) ) )
?[0m?[0;34m  '  |____| .__|_| |_|_| |_\__, | / / / /
?[0m?[0;34m =========|_|==============|___/=/_/_/_/
?[0m?[0;34m :: Spring Boot ::                (v2.5.6)
?[0m?[0;34m
?[0m?[0;34m2023-03-31 16:05:45.519  INFO 29781 --- [    Test worker] recipes.RecipesApplication               : Starting RecipesApplication using Java 17.0.5 on MacBook-Air-Nikos.local with PID 29781 (started by nikosgalinos in /Users/nikosgalinos/Portfolio_Projects/Recipes/Recipes/task)
?[0m?[0;34m2023-03-31 16:05:45.521  INFO 29781 --- [    Test worker] recipes.RecipesApplication               : No active profile set, falling back to default profiles: default
?[0m?[0;34m2023-03-31 16:05:45.521 DEBUG 29781 --- [    Test worker] o.s.boot.SpringApplication               : Loading source class recipes.RecipesApplication
?[0m?[0;34m2023-03-31 16:05:45.540 DEBUG 29781 --- [    Test worker] ConfigServletWebServerApplicationContext : Refreshing org.springframework.boot.web.servlet.context.AnnotationConfigServletWebServerApplicationContext@532a02d9
?[0m?[0;34m2023-03-31 16:05:45.551 DEBUG 29781 --- [    Test worker] o.s.b.f.s.DefaultListableBeanFactory     : Creating shared instance of singleton bean 'org.springframework.context.annotation.internalConfigurationAnnotationProcessor'
?[0m?[0;34m2023-03-31 16:05:45.559 DEBUG 29781 --- [    Test worker] o.s.b.f.s.DefaultListableBeanFactory     : Creating shared instance of singleton bean 'org.springframework.boot.autoconfigure.internalCachingMetadataReaderFactory'
?[0m?[0;34m2023-03-31 16:05:45.591 DEBUG 29781 --- [    Test worker] o.s.c.a.ClassPathBeanDefinitionScanner   : Ignored because not a concrete top-level class: file [/Users/nikosgalinos/Portfolio_Projects/Recipes/Recipes/task/build/classes/java/main/recipes/RecipeRepository.class]
?[0m?[0;34m2023-03-31 16:05:45.592 DEBUG 29781 --- [    Test worker] o.s.c.a.ClassPathBeanDefinitionScanner   : Identified candidate component class: file [/Users/nikosgalinos/Portfolio_Projects/Recipes/Recipes/task/build/classes/java/main/recipes/RecipeService.class]
?[0m?[0;34m2023-03-31 16:05:45.598 DEBUG 29781 --- [    Test worker] o.s.c.a.ClassPathBeanDefinitionScanner   : Identified candidate component class: file [/Users/nikosgalinos/Portfolio_Projects/Recipes/Recipes/task/build/classes/java/main/recipes/RecipesController.class]
?[0m?[0;34m2023-03-31 16:05:45.599 DEBUG 29781 --- [    Test worker] o.s.c.a.ClassPathBeanDefinitionScanner   : Identified candidate component class: file [/Users/nikosgalinos/Portfolio_Projects/Recipes/Recipes/task/build/classes/java/main/recipes/RegistrationController.class]
?[0m?[0;34m2023-03-31 16:05:45.600 DEBUG 29781 --- [    Test worker] o.s.c.a.ClassPathBeanDefinitionScanner   : Identified candidate component class: file [/Users/nikosgalinos/Portfolio_Projects/Recipes/Recipes/task/build/classes/java/main/recipes/UserDetailsServiceImpl.class]
?[0m?[0;34m2023-03-31 16:05:45.600 DEBUG 29781 --- [    Test worker] o.s.c.a.ClassPathBeanDefinitionScanner   : Ignored because not a concrete top-level class: file [/Users/nikosgalinos/Portfolio_Projects/Recipes/Recipes/task/build/classes/java/main/recipes/UserRepository.class]
?[0m?[0;34m2023-03-31 16:05:45.600 DEBUG 29781 --- [    Test worker] o.s.c.a.ClassPathBeanDefinitionScanner   : Identified candidate component class: file [/Users/nikosgalinos/Portfolio_Projects/Recipes/Recipes/task/build/classes/java/main/recipes/UserService.class]
?[0m?[0;34m2023-03-31 16:05:45.603 DEBUG 29781 --- [    Test worker] o.s.c.a.ClassPathBeanDefinitionScanner   : Identified candidate component class: file [/Users/nikosgalinos/Portfolio_Projects/Recipes/Recipes/task/build/classes/java/main/recipes/WebSecurityConfigurerImpl.class]
?[0m?[0;34m2023-03-31 16:05:45.998  INFO 29781 --- [    Test worker] .s.d.r.c.RepositoryConfigurationDelegate : Bootstrapping Spring Data JPA repositories in DEFAULT mode.
?[0m?[0;34m2023-03-31 16:05:46.002 DEBUG 29781 --- [    Test worker] o.s.b.f.s.DefaultListableBeanFactory     : Creating shared instance of singleton bean 'org.springframework.boot.autoconfigure.AutoConfigurationPackages'
?[0m?[0;34m2023-03-31 16:05:46.003 DEBUG 29781 --- [    Test worker] o.s.b.a.AutoConfigurationPackages        : @EnableAutoConfiguration was declared on a class in the package 'recipes'. Automatic @Repository and @Entity scanning is enabled.
?[0m?[0;34m2023-03-31 16:05:46.003 DEBUG 29781 --- [    Test worker] .s.d.r.c.RepositoryConfigurationDelegate : Scanning for JPA repositories in packages recipes.
?[0m?[0;34m2023-03-31 16:05:46.006 DEBUG 29781 --- [    Test worker] o.s.d.r.c.RepositoryComponentProvider    : Identified candidate component class: file [/Users/nikosgalinos/Portfolio_Projects/Recipes/Recipes/task/build/classes/java/main/recipes/RecipeRepository.class]
?[0m?[0;34m2023-03-31 16:05:46.007 DEBUG 29781 --- [    Test worker] o.s.d.r.c.RepositoryComponentProvider    : Identified candidate component class: file [/Users/nikosgalinos/Portfolio_Projects/Recipes/Recipes/task/build/classes/java/main/recipes/UserRepository.class]
?[0m?[0;34m2023-03-31 16:05:46.018 DEBUG 29781 --- [    Test worker] ssPathScanningCandidateComponentProvider : Identified candidate component class: file [/Users/nikosgalinos/Portfolio_Projects/Recipes/Recipes/task/build/classes/java/main/recipes/UserDetailsImpl.class]
?[0m?[0;34m2023-03-31 16:05:46.018 DEBUG 29781 --- [    Test worker] ssPathScanningCandidateComponentProvider : Identified candidate component class: file [/Users/nikosgalinos/Portfolio_Projects/Recipes/Recipes/task/build/classes/java/main/recipes/UserDetailsServiceImpl.class]
?[0m?[0;34m2023-03-31 16:05:46.019 DEBUG 29781 --- [    Test worker] ssPathScanningCandidateComponentProvider : Identified candidate component class: file [/Users/nikosgalinos/Portfolio_Projects/Recipes/Recipes/task/build/classes/java/main/recipes/WebSecurityConfigurerImpl.class]
?[0m?[0;34m2023-03-31 16:05:46.024  INFO 29781 --- [    Test worker] .s.d.r.c.RepositoryConfigurationDelegate : Finished Spring Data repository scanning in 20 ms. Found 2 JPA repository interfaces.
?[0m?[0;34m2023-03-31 16:05:46.114 DEBUG 29781 --- [    Test worker] o.s.b.f.s.DefaultListableBeanFactory     : Creating shared instance of singleton bean 'propertySourcesPlaceholderConfigurer'
?[0m?[0;34m2023-03-31 16:05:46.118 DEBUG 29781 --- [    Test worker] o.s.b.f.s.DefaultListableBeanFactory     : Creating shared instance of singleton bean 'emBeanDefinitionRegistrarPostProcessor'
?[0m?[0;34m2023-03-31 16:05:46.119 DEBUG 29781 --- [    Test worker] o.s.b.f.s.DefaultListableBeanFactory     : Creating shared instance of singleton bean 'org.springframework.boot.sql.init.dependency.DatabaseInitializationDependencyConfigurer$DependsOnDatabaseInitializationPostProcessor'
?[0m?[0;34m2023-03-31 16:05:46.148 DEBUG 29781 --- [    Test worker] o.s.b.f.s.DefaultListableBeanFactory     : Creating shared instance of singleton bean 'org.springframework.context.event.internalEventListenerProcessor'
?[0m?[0;34m2023-03-31 16:05:46.149 DEBUG 29781 --- [    Test worker] o.s.b.f.s.DefaultListableBeanFactory     : Creating shared instance of singleton bean 'conversionServicePostProcessor'
?[0m?[0;34m2023-03-31 16:05:46.154 DEBUG 29781 --- [    Test worker] o.s.b.f.s.DefaultListableBeanFactory     : Creating shared instance of singleton bean 'preserveErrorControllerTargetClassPostProcessor'
?[0m?[0;34m2023-03-31 16:05:46.155 DEBUG 29781 --- [    Test worker] o.s.b.f.s.DefaultListableBeanFactory     : Creating shared instance of singleton bean 'org.springframework.context.event.internalEventListenerFactory'
?[0m?[0;34m2023-03-31 16:05:46.155 DEBUG 29781 --- [    Test worker] o.s.b.f.s.DefaultListableBeanFactory     : Creating shared instance of singleton bean 'org.springframework.transaction.config.internalTransactionalEventListenerFactory'
?[0m?[0;34m2023-03-31 16:05:46.158 DEBUG 29781 --- [    Test worker] o.s.b.f.s.DefaultListableBeanFactory     : Creating shared instance of singleton bean 'org.springframework.context.annotation.internalAutowiredAnnotationProcessor'
?[0m?[0;34m2023-03-31 16:05:46.158 DEBUG 29781 --- [    Test worker] o.s.b.f.s.DefaultListableBeanFactory     : Creating shared instance of singleton bean 'org.springframework.context.annotation.internalCommonAnnotationProcessor'
?[0m?[0;34m2023-03-31 16:05:46.160 DEBUG 29781 --- [    Test worker] o.s.b.f.s.DefaultListableBeanFactory     : Creating shared instance of singleton bean 'org.springframework.context.annotation.internalPersistenceAnnotationProcessor'
?[0m?[0;34m2023-03-31 16:05:46.160 DEBUG 29781 --- [    Test worker] o.s.b.f.s.DefaultListableBeanFactory     : Creating shared instance of singleton bean 'org.springframework.boot.context.properties.ConfigurationPropertiesBindingPostProcessor'
?[0m?[0;34m2023-03-31 16:05:46.160 DEBUG 29781 --- [    Test worker] o.s.b.f.s.DefaultListableBeanFactory     : Creating shared instance of singleton bean 'org.springframework.boot.context.internalConfigurationPropertiesBinder'
?[0m?[0;34m2023-03-31 16:05:46.161 DEBUG 29781 --- [    Test worker] o.s.b.f.s.DefaultListableBeanFactory     : Creating shared instance of singleton bean 'org.springframework.boot.context.internalConfigurationPropertiesBinderFactory'
?[0m?[0;34m2023-03-31 16:05:46.162 DEBUG 29781 --- [    Test worker] o.s.b.f.s.DefaultListableBeanFactory     : Creating shared instance of singleton bean 'methodValidationPostProcessor'
?[0m?[0;34m2023-03-31 16:05:46.168 DEBUG 29781 --- [    Test worker] o.s.b.f.s.DefaultListableBeanFactory     : Autowiring by type from bean name 'methodValidationPostProcessor' via factory method to bean named 'environment'
?[0m?[0;34m2023-03-31 16:05:46.171 DEBUG 29781 --- [    Test worker] o.s.b.f.s.DefaultListableBeanFactory     : Creating shared instance of singleton bean 'org.springframework.boot.context.properties.EnableConfigurationPropertiesRegistrar.methodValidationExcludeFilter'
?[0m?[0;34m2023-03-31 16:05:46.176 DEBUG 29781 --- [    Test worker] o.s.b.f.s.DefaultListableBeanFactory     : Creating shared instance of singleton bean 'org.springframework.aop.config.internalAutoProxyCreator'
?[0m?[0;34m2023-03-31 16:05:46.189 DEBUG 29781 --- [    Test worker] o.s.b.f.s.DefaultListableBeanFactory     : Creating shared instance of singleton bean 'persistenceExceptionTranslationPostProcessor'
?[0m?[0;34m2023-03-31 16:05:46.190 DEBUG 29781 --- [    Test worker] o.s.b.f.s.DefaultListableBeanFactory     : Autowiring by type from bean name 'persistenceExceptionTranslationPostProcessor' via factory method to bean named 'environment'
?[0m?[0;34m2023-03-31 16:05:46.191 DEBUG 29781 --- [    Test worker] o.s.b.f.s.DefaultListableBeanFactory     : Creating shared instance of singleton bean 'webServerFactoryCustomizerBeanPostProcessor'
?[0m?[0;34m2023-03-31 16:05:46.191 DEBUG 29781 --- [    Test worker] o.s.b.f.s.DefaultListableBeanFactory     : Creating shared instance of singleton bean 'errorPageRegistrarBeanPostProcessor'
?[0m?[0;34m2023-03-31 16:05:46.191 DEBUG 29781 --- [    Test worker] o.s.b.f.s.DefaultListableBeanFactory     : Creating shared instance of singleton bean 'healthEndpointGroupsBeanPostProcessor'
?[0m?[0;34m2023-03-31 16:05:46.192 DEBUG 29781 --- [    Test worker] o.s.b.f.s.DefaultListableBeanFactory     : Creating shared instance of singleton bean 'org.springframework.transaction.config.internalTransactionAdvisor'
?[0m?[0;34m2023-03-31 16:05:46.193 DEBUG 29781 --- [    Test worker] o.s.b.f.s.DefaultListableBeanFactory     : Creating shared instance of singleton bean 'org.springframework.transaction.annotation.ProxyTransactionManagementConfiguration'
?[0m?[0;34m2023-03-31 16:05:46.199 DEBUG 29781 --- [    Test worker] o.s.b.f.s.DefaultListableBeanFactory     : Creating shared instance of singleton bean 'transactionAttributeSource'
?[0m?[0;34m2023-03-31 16:05:46.201 DEBUG 29781 --- [    Test worker] o.s.b.f.s.DefaultListableBeanFactory     : Creating shared instance of singleton bean 'transactionInterceptor'
?[0m?[0;34m2023-03-31 16:05:46.201 DEBUG 29781 --- [    Test worker] o.s.b.f.s.DefaultListableBeanFactory     : Autowiring by type from bean name 'transactionInterceptor' via factory method to bean named 'transactionAttributeSource'
?[0m?[0;34m2023-03-31 16:05:46.204 DEBUG 29781 --- [    Test worker] o.s.b.f.s.DefaultListableBeanFactory     : Autowiring by type from bean name 'org.springframework.transaction.config.internalTransactionAdvisor' via factory method to bean named 'transactionAttributeSource'
?[0m?[0;34m2023-03-31 16:05:46.204 DEBUG 29781 --- [    Test worker] o.s.b.f.s.DefaultListableBeanFactory     : Autowiring by type from bean name 'org.springframework.transaction.config.internalTransactionAdvisor' via factory method to bean named 'transactionInterceptor'
?[0m?[0;34m2023-03-31 16:05:46.206 DEBUG 29781 --- [    Test worker] o.s.b.f.s.DefaultListableBeanFactory     : Creating shared instance of singleton bean 'meterRegistryPostProcessor'
?[0m?[0;34m2023-03-31 16:05:46.206 DEBUG 29781 --- [    Test worker] o.s.b.f.s.DefaultListableBeanFactory     : Autowiring by type from bean name 'meterRegistryPostProcessor' via factory method to bean named 'org.springframework.boot.web.servlet.context.AnnotationConfigServletWebServerApplicationContext@532a02d9'
?[0m?[0;34m2023-03-31 16:05:46.207 DEBUG 29781 --- [    Test worker] o.s.b.f.s.DefaultListableBeanFactory     : Creating shared instance of singleton bean 'metricsRepositoryMethodInvocationListenerBeanPostProcessor'
?[0m?[0;34m2023-03-31 16:05:46.208 DEBUG 29781 --- [    Test worker] o.s.b.f.s.DefaultListableBeanFactory     : Creating shared instance of singleton bean 'projectingArgumentResolverBeanPostProcessor'
?[0m?[0;34m2023-03-31 16:05:46.217 DEBUG 29781 --- [    Test worker] o.s.u.c.s.UiApplicationContextUtils      : Unable to locate ThemeSource with name 'themeSource': using default [org.springframework.ui.context.support.ResourceBundleThemeSource@493da830]
?[0m?[0;34m2023-03-31 16:05:46.217 DEBUG 29781 --- [    Test worker] o.s.b.f.s.DefaultListableBeanFactory     : Creating shared instance of singleton bean 'tomcatServletWebServerFactory'
?[0m?[0;34m2023-03-31 16:05:46.217 DEBUG 29781 --- [    Test worker] o.s.b.f.s.DefaultListableBeanFactory     : Creating shared instance of singleton bean 'org.springframework.boot.autoconfigure.web.servlet.ServletWebServerFactoryConfiguration$EmbeddedTomcat'
?[0m?[0;34m2023-03-31 16:05:46.236 DEBUG 29781 --- [    Test worker] o.s.b.f.s.DefaultListableBeanFactory     : Creating shared instance of singleton bean 'websocketServletWebServerCustomizer'
?[0m?[0;34m2023-03-31 16:05:46.236 DEBUG 29781 --- [    Test worker] o.s.b.f.s.DefaultListableBeanFactory     : Creating shared instance of singleton bean 'org.springframework.boot.autoconfigure.websocket.servlet.WebSocketServletAutoConfiguration$TomcatWebSocketConfiguration'
?[0m?[0;34m2023-03-31 16:05:46.237 DEBUG 29781 --- [    Test worker] o.s.b.f.s.DefaultListableBeanFactory     : Creating shared instance of singleton bean 'servletWebServerFactoryCustomizer'
?[0m?[0;34m2023-03-31 16:05:46.237 DEBUG 29781 --- [    Test worker] o.s.b.f.s.DefaultListableBeanFactory     : Creating shared instance of singleton bean 'org.springframework.boot.autoconfigure.web.servlet.ServletWebServerFactoryAutoConfiguration'
?[0m?[0;34m2023-03-31 16:05:46.238 DEBUG 29781 --- [    Test worker] o.s.b.f.s.DefaultListableBeanFactory     : Creating shared instance of singleton bean 'server-org.springframework.boot.autoconfigure.web.ServerProperties'
?[0m?[0;34m2023-03-31 16:05:46.242 DEBUG 29781 --- [    Test worker] o.s.b.f.s.DefaultListableBeanFactory     : Creating shared instance of singleton bean 'org.springframework.boot.context.properties.BoundConfigurationProperties'
?[0m?[0;34m2023-03-31 16:05:46.247 DEBUG 29781 --- [    Test worker] o.s.b.f.s.DefaultListableBeanFactory     : Autowiring by type from bean name 'servletWebServerFactoryCustomizer' via factory method to bean named 'server-org.springframework.boot.autoconfigure.web.ServerProperties'
?[0m?[0;34m2023-03-31 16:05:46.248 DEBUG 29781 --- [    Test worker] o.s.b.f.s.DefaultListableBeanFactory     : Creating shared instance of singleton bean 'tomcatServletWebServerFactoryCustomizer'
?[0m?[0;34m2023-03-31 16:05:46.248 DEBUG 29781 --- [    Test worker] o.s.b.f.s.DefaultListableBeanFactory     : Autowiring by type from bean name 'tomcatServletWebServerFactoryCustomizer' via factory method to bean named 'server-org.springframework.boot.autoconfigure.web.ServerProperties'
?[0m?[0;34m2023-03-31 16:05:46.249 DEBUG 29781 --- [    Test worker] o.s.b.f.s.DefaultListableBeanFactory     : Creating shared instance of singleton bean 'tomcatWebServerFactoryCustomizer'
?[0m?[0;34m2023-03-31 16:05:46.249 DEBUG 29781 --- [    Test worker] o.s.b.f.s.DefaultListableBeanFactory     : Creating shared instance of singleton bean 'org.springframework.boot.autoconfigure.web.embedded.EmbeddedWebServerFactoryCustomizerAutoConfiguration$TomcatWebServerFactoryCustomizerConfiguration'
?[0m?[0;34m2023-03-31 16:05:46.250 DEBUG 29781 --- [    Test worker] o.s.b.f.s.DefaultListableBeanFactory     : Autowiring by type from bean name 'tomcatWebServerFactoryCustomizer' via factory method to bean named 'environment'
?[0m?[0;34m2023-03-31 16:05:46.250 DEBUG 29781 --- [    Test worker] o.s.b.f.s.DefaultListableBeanFactory     : Autowiring by type from bean name 'tomcatWebServerFactoryCustomizer' via factory method to bean named 'server-org.springframework.boot.autoconfigure.web.ServerProperties'
?[0m?[0;34m2023-03-31 16:05:46.250 DEBUG 29781 --- [    Test worker] o.s.b.f.s.DefaultListableBeanFactory     : Creating shared instance of singleton bean 'localeCharsetMappingsCustomizer'
?[0m?[0;34m2023-03-31 16:05:46.251 DEBUG 29781 --- [    Test worker] o.s.b.f.s.DefaultListableBeanFactory     : Creating shared instance of singleton bean 'org.springframework.boot.autoconfigure.web.servlet.HttpEncodingAutoConfiguration'
?[0m?[0;34m2023-03-31 16:05:46.251 DEBUG 29781 --- [    Test worker] o.s.b.f.s.DefaultListableBeanFactory     : Autowiring by type from bean name 'org.springframework.boot.autoconfigure.web.servlet.HttpEncodingAutoConfiguration' via constructor to bean named 'server-org.springframework.boot.autoconfigure.web.ServerProperties'
?[0m?[0;34m2023-03-31 16:05:46.262 DEBUG 29781 --- [    Test worker] o.s.b.f.s.DefaultListableBeanFactory     : Creating shared instance of singleton bean 'errorPageCustomizer'
?[0m?[0;34m2023-03-31 16:05:46.262 DEBUG 29781 --- [    Test worker] o.s.b.f.s.DefaultListableBeanFactory     : Creating shared instance of singleton bean 'org.springframework.boot.autoconfigure.web.servlet.error.ErrorMvcAutoConfiguration'
?[0m?[0;34m2023-03-31 16:05:46.263 DEBUG 29781 --- [    Test worker] o.s.b.f.s.DefaultListableBeanFactory     : Autowiring by type from bean name 'org.springframework.boot.autoconfigure.web.servlet.error.ErrorMvcAutoConfiguration' via constructor to bean named 'server-org.springframework.boot.autoconfigure.web.ServerProperties'
?[0m?[0;34m2023-03-31 16:05:46.263 DEBUG 29781 --- [    Test worker] o.s.b.f.s.DefaultListableBeanFactory     : Creating shared instance of singleton bean 'dispatcherServletRegistration'
?[0m?[0;34m2023-03-31 16:05:46.263 DEBUG 29781 --- [    Test worker] o.s.b.f.s.DefaultListableBeanFactory     : Creating shared instance of singleton bean 'org.springframework.boot.autoconfigure.web.servlet.DispatcherServletAutoConfiguration$DispatcherServletRegistrationConfiguration'
?[0m?[0;34m2023-03-31 16:05:46.264 DEBUG 29781 --- [    Test worker] o.s.b.f.s.DefaultListableBeanFactory     : Creating shared instance of singleton bean 'dispatcherServlet'
?[0m?[0;34m2023-03-31 16:05:46.264 DEBUG 29781 --- [    Test worker] o.s.b.f.s.DefaultListableBeanFactory     : Creating shared instance of singleton bean 'org.springframework.boot.autoconfigure.web.servlet.DispatcherServletAutoConfiguration$DispatcherServletConfiguration'
?[0m?[0;34m2023-03-31 16:05:46.265 DEBUG 29781 --- [    Test worker] o.s.b.f.s.DefaultListableBeanFactory     : Creating shared instance of singleton bean 'spring.mvc-org.springframework.boot.autoconfigure.web.servlet.WebMvcProperties'
?[0m?[0;34m2023-03-31 16:05:46.271 DEBUG 29781 --- [    Test worker] o.s.b.f.s.DefaultListableBeanFactory     : Autowiring by type from bean name 'dispatcherServlet' via factory method to bean named 'spring.mvc-org.springframework.boot.autoconfigure.web.servlet.WebMvcProperties'
?[0m?[0;34m2023-03-31 16:05:46.279 DEBUG 29781 --- [    Test worker] o.s.b.f.s.DefaultListableBeanFactory     : Autowiring by type from bean name 'dispatcherServletRegistration' via factory method to bean named 'dispatcherServlet'
?[0m?[0;34m2023-03-31 16:05:46.279 DEBUG 29781 --- [    Test worker] o.s.b.f.s.DefaultListableBeanFactory     : Autowiring by type from bean name 'dispatcherServletRegistration' via factory method to bean named 'spring.mvc-org.springframework.boot.autoconfigure.web.servlet.WebMvcProperties'
?[0m?[0;34m2023-03-31 16:05:46.280 DEBUG 29781 --- [    Test worker] o.s.b.f.s.DefaultListableBeanFactory     : Creating shared instance of singleton bean 'multipartConfigElement'
?[0m?[0;34m2023-03-31 16:05:46.280 DEBUG 29781 --- [    Test worker] o.s.b.f.s.DefaultListableBeanFactory     : Creating shared instance of singleton bean 'org.springframework.boot.autoconfigure.web.servlet.MultipartAutoConfiguration'
?[0m?[0;34m2023-03-31 16:05:46.281 DEBUG 29781 --- [    Test worker] o.s.b.f.s.DefaultListableBeanFactory     : Creating shared instance of singleton bean 'spring.servlet.multipart-org.springframework.boot.autoconfigure.web.servlet.MultipartProperties'
?[0m?[0;34m2023-03-31 16:05:46.283 DEBUG 29781 --- [    Test worker] o.s.b.f.s.DefaultListableBeanFactory     : Autowiring by type from bean name 'org.springframework.boot.autoconfigure.web.servlet.MultipartAutoConfiguration' via constructor to bean named 'spring.servlet.multipart-org.springframework.boot.autoconfigure.web.servlet.MultipartProperties'
?[0m?[0;34m2023-03-31 16:05:46.285 DEBUG 29781 --- [    Test worker] o.s.b.f.s.DefaultListableBeanFactory     : Autowiring by type from bean name 'errorPageCustomizer' via factory method to bean named 'dispatcherServletRegistration'
?[0m?[0;34m2023-03-31 16:05:46.325 DEBUG 29781 --- [    Test worker] .s.b.w.e.t.TomcatServletWebServerFactory : Code archive: /Users/nikosgalinos/.gradle/caches/modules-2/files-2.1/org.springframework.boot/spring-boot/2.5.6/d8c6b97fd3182fb6d7d06ebf710cd9ccabc83b89/spring-boot-2.5.6.jar
?[0m?[0;34m2023-03-31 16:05:46.325 DEBUG 29781 --- [    Test worker] .s.b.w.e.t.TomcatServletWebServerFactory : Code archive: /Users/nikosgalinos/.gradle/caches/modules-2/files-2.1/org.springframework.boot/spring-boot/2.5.6/d8c6b97fd3182fb6d7d06ebf710cd9ccabc83b89/spring-boot-2.5.6.jar
?[0m?[0;34m2023-03-31 16:05:46.325 DEBUG 29781 --- [    Test worker] .s.b.w.e.t.TomcatServletWebServerFactory : None of the document roots [src/main/webapp, public, static] point to a directory and will be ignored.
?[0m?[0;34m2023-03-31 16:05:46.337  INFO 29781 --- [    Test worker] o.s.b.w.embedded.tomcat.TomcatWebServer  : Tomcat initialized with port(s): 8080 (http)
?[0m?[0;34m2023-03-31 16:05:46.343  INFO 29781 --- [    Test worker] o.apache.catalina.core.StandardService   : Starting service [Tomcat]
?[0m?[0;34m2023-03-31 16:05:46.343  INFO 29781 --- [    Test worker] org.apache.catalina.core.StandardEngine  : Starting Servlet engine: [Apache Tomcat/9.0.54]
?[0m?[0;34m2023-03-31 16:05:46.388  INFO 29781 --- [    Test worker] o.a.c.c.C.[Tomcat].[localhost].[/]       : Initializing Spring embedded WebApplicationContext
?[0m?[0;34m2023-03-31 16:05:46.388 DEBUG 29781 --- [    Test worker] w.s.c.ServletWebServerApplicationContext : Published root WebApplicationContext as ServletContext attribute with name [org.springframework.web.context.WebApplicationContext.ROOT]
?[0m?[0;34m2023-03-31 16:05:46.388  INFO 29781 --- [    Test worker] w.s.c.ServletWebServerApplicationContext : Root WebApplicationContext: initialization completed in 848 ms
?[0m?[0;34m2023-03-31 16:05:46.389 DEBUG 29781 --- [    Test worker] o.s.b.f.s.DefaultListableBeanFactory     : Creating shared instance of singleton bean 'webMvcMetricsFilter'
?[0m?[0;34m2023-03-31 16:05:46.390 DEBUG 29781 --- [    Test worker] o.s.b.f.s.DefaultListableBeanFactory     : Creating shared instance of singleton bean 'org.springframework.boot.actuate.autoconfigure.metrics.web.servlet.WebMvcMetricsAutoConfiguration'
?[0m?[0;34m2023-03-31 16:05:46.390 DEBUG 29781 --- [    Test worker] o.s.b.f.s.DefaultListableBeanFactory     : Creating shared instance of singleton bean 'management.metrics-org.springframework.boot.actuate.autoconfigure.metrics.MetricsProperties'
?[0m?[0;34m2023-03-31 16:05:46.393 DEBUG 29781 --- [    Test worker] o.s.b.f.s.DefaultListableBeanFactory     : Autowiring by type from bean name 'org.springframework.boot.actuate.autoconfigure.metrics.web.servlet.WebMvcMetricsAutoConfiguration' via constructor to bean named 'management.metrics-org.springframework.boot.actuate.autoconfigure.metrics.MetricsProperties'
?[0m?[0;34m2023-03-31 16:05:46.394 DEBUG 29781 --- [    Test worker] o.s.b.f.s.DefaultListableBeanFactory     : Creating shared instance of singleton bean 'simpleMeterRegistry'
?[0m?[0;34m2023-03-31 16:05:46.394 DEBUG 29781 --- [    Test worker] o.s.b.f.s.DefaultListableBeanFactory     : Creating shared instance of singleton bean 'org.springframework.boot.actuate.autoconfigure.metrics.export.simple.SimpleMetricsExportAutoConfiguration'
?[0m?[0;34m2023-03-31 16:05:46.395 DEBUG 29781 --- [    Test worker] o.s.b.f.s.DefaultListableBeanFactory     : Creating shared instance of singleton bean 'simpleConfig'
?[0m?[0;34m2023-03-31 16:05:46.395 DEBUG 29781 --- [    Test worker] o.s.b.f.s.DefaultListableBeanFactory     : Creating shared instance of singleton bean 'management.metrics.export.simple-org.springframework.boot.actuate.autoconfigure.metrics.export.simple.SimpleProperties'
?[0m?[0;34m2023-03-31 16:05:46.396 DEBUG 29781 --- [    Test worker] o.s.b.f.s.DefaultListableBeanFactory     : Autowiring by type from bean name 'simpleConfig' via factory method to bean named 'management.metrics.export.simple-org.springframework.boot.actuate.autoconfigure.metrics.export.simple.SimpleProperties'
?[0m?[0;34m2023-03-31 16:05:46.399 DEBUG 29781 --- [    Test worker] o.s.b.f.s.DefaultListableBeanFactory     : Creating shared instance of singleton bean 'micrometerClock'
?[0m?[0;34m2023-03-31 16:05:46.399 DEBUG 29781 --- [    Test worker] o.s.b.f.s.DefaultListableBeanFactory     : Creating shared instance of singleton bean 'org.springframework.boot.actuate.autoconfigure.metrics.MetricsAutoConfiguration'
?[0m?[0;34m2023-03-31 16:05:46.400 DEBUG 29781 --- [    Test worker] o.s.b.f.s.DefaultListableBeanFactory     : Autowiring by type from bean name 'simpleMeterRegistry' via factory method to bean named 'simpleConfig'
?[0m?[0;34m2023-03-31 16:05:46.400 DEBUG 29781 --- [    Test worker] o.s.b.f.s.DefaultListableBeanFactory     : Autowiring by type from bean name 'simpleMeterRegistry' via factory method to bean named 'micrometerClock'
?[0m?[0;34m2023-03-31 16:05:46.408 DEBUG 29781 --- [    Test worker] o.s.b.f.s.DefaultListableBeanFactory     : Creating shared instance of singleton bean 'propertiesMeterFilter'
?[0m?[0;34m2023-03-31 16:05:46.409 DEBUG 29781 --- [    Test worker] o.s.b.f.s.DefaultListableBeanFactory     : Autowiring by type from bean name 'propertiesMeterFilter' via factory method to bean named 'management.metrics-org.springframework.boot.actuate.autoconfigure.metrics.MetricsProperties'
?[0m?[0;34m2023-03-31 16:05:46.410 DEBUG 29781 --- [    Test worker] o.s.b.f.s.DefaultListableBeanFactory     : Creating shared instance of singleton bean 'metricsHttpClientUriTagFilter'
?[0m?[0;34m2023-03-31 16:05:46.410 DEBUG 29781 --- [    Test worker] o.s.b.f.s.DefaultListableBeanFactory     : Creating shared instance of singleton bean 'org.springframework.boot.actuate.autoconfigure.metrics.web.client.HttpClientMetricsAutoConfiguration'
?[0m?[0;34m2023-03-31 16:05:46.411 DEBUG 29781 --- [    Test worker] o.s.b.f.s.DefaultListableBeanFactory     : Autowiring by type from bean name 'metricsHttpClientUriTagFilter' via factory method to bean named 'management.metrics-org.springframework.boot.actuate.autoconfigure.metrics.MetricsProperties'
?[0m?[0;34m2023-03-31 16:05:46.412 DEBUG 29781 --- [    Test worker] o.s.b.f.s.DefaultListableBeanFactory     : Creating shared instance of singleton bean 'metricsHttpServerUriTagFilter'
?[0m?[0;34m2023-03-31 16:05:46.413 DEBUG 29781 --- [    Test worker] o.s.b.f.s.DefaultListableBeanFactory     : Creating shared instance of singleton bean 'jvmGcMetrics'
?[0m?[0;34m2023-03-31 16:05:46.414 DEBUG 29781 --- [    Test worker] o.s.b.f.s.DefaultListableBeanFactory     : Creating shared instance of singleton bean 'org.springframework.boot.actuate.autoconfigure.metrics.JvmMetricsAutoConfiguration'
?[0m?[0;34m2023-03-31 16:05:46.418 DEBUG 29781 --- [    Test worker] o.s.b.f.s.DefaultListableBeanFactory     : Creating shared instance of singleton bean 'jvmMemoryMetrics'
?[0m?[0;34m2023-03-31 16:05:46.418 DEBUG 29781 --- [    Test worker] o.s.b.f.s.DefaultListableBeanFactory     : Creating shared instance of singleton bean 'jvmThreadMetrics'
?[0m?[0;34m2023-03-31 16:05:46.419 DEBUG 29781 --- [    Test worker] o.s.b.f.s.DefaultListableBeanFactory     : Creating shared instance of singleton bean 'classLoaderMetrics'
?[0m?[0;34m2023-03-31 16:05:46.419 DEBUG 29781 --- [    Test worker] o.s.b.f.s.DefaultListableBeanFactory     : Creating shared instance of singleton bean 'logbackMetrics'
?[0m?[0;34m2023-03-31 16:05:46.419 DEBUG 29781 --- [    Test worker] o.s.b.f.s.DefaultListableBeanFactory     : Creating shared instance of singleton bean 'org.springframework.boot.actuate.autoconfigure.metrics.LogbackMetricsAutoConfiguration'
?[0m?[0;34m2023-03-31 16:05:46.420 DEBUG 29781 --- [    Test worker] o.s.b.f.s.DefaultListableBeanFactory     : Creating shared instance of singleton bean 'uptimeMetrics'
?[0m?[0;34m2023-03-31 16:05:46.420 DEBUG 29781 --- [    Test worker] o.s.b.f.s.DefaultListableBeanFactory     : Creating shared instance of singleton bean 'org.springframework.boot.actuate.autoconfigure.metrics.SystemMetricsAutoConfiguration'
?[0m?[0;34m2023-03-31 16:05:46.421 DEBUG 29781 --- [    Test worker] o.s.b.f.s.DefaultListableBeanFactory     : Creating shared instance of singleton bean 'processorMetrics'
?[0m?[0;34m2023-03-31 16:05:46.423 DEBUG 29781 --- [    Test worker] o.s.b.f.s.DefaultListableBeanFactory     : Creating shared instance of singleton bean 'fileDescriptorMetrics'
?[0m?[0;34m2023-03-31 16:05:46.436 DEBUG 29781 --- [    Test worker] o.s.b.f.s.DefaultListableBeanFactory     : Creating shared instance of singleton bean 'webMvcTagsProvider'
?[0m?[0;34m2023-03-31 16:05:46.437 DEBUG 29781 --- [    Test worker] o.s.b.f.s.DefaultListableBeanFactory     : Autowiring by type from bean name 'webMvcMetricsFilter' via factory method to bean named 'simpleMeterRegistry'
?[0m?[0;34m2023-03-31 16:05:46.437 DEBUG 29781 --- [    Test worker] o.s.b.f.s.DefaultListableBeanFactory     : Autowiring by type from bean name 'webMvcMetricsFilter' via factory method to bean named 'webMvcTagsProvider'
?[0m?[0;34m2023-03-31 16:05:46.438 DEBUG 29781 --- [    Test worker] o.s.b.f.s.DefaultListableBeanFactory     : Creating shared instance of singleton bean 'h2Console'
?[0m?[0;34m2023-03-31 16:05:46.438 DEBUG 29781 --- [    Test worker] o.s.b.f.s.DefaultListableBeanFactory     : Creating shared instance of singleton bean 'org.springframework.boot.autoconfigure.h2.H2ConsoleAutoConfiguration'
?[0m?[0;34m2023-03-31 16:05:46.438 DEBUG 29781 --- [    Test worker] o.s.b.f.s.DefaultListableBeanFactory     : Creating shared instance of singleton bean 'spring.h2.console-org.springframework.boot.autoconfigure.h2.H2ConsoleProperties'
?[0m?[0;34m2023-03-31 16:05:46.440 DEBUG 29781 --- [    Test worker] o.s.b.f.s.DefaultListableBeanFactory     : Autowiring by type from bean name 'h2Console' via factory method to bean named 'spring.h2.console-org.springframework.boot.autoconfigure.h2.H2ConsoleProperties'
?[0m?[0;34m2023-03-31 16:05:46.440 DEBUG 29781 --- [    Test worker] o.s.b.f.s.DefaultListableBeanFactory     : Creating shared instance of singleton bean 'dataSource'
?[0m?[0;34m2023-03-31 16:05:46.441 DEBUG 29781 --- [    Test worker] o.s.b.f.s.DefaultListableBeanFactory     : Creating shared instance of singleton bean 'org.springframework.boot.autoconfigure.jdbc.DataSourceConfiguration$Hikari'
?[0m?[0;34m2023-03-31 16:05:46.441 DEBUG 29781 --- [    Test worker] o.s.b.f.s.DefaultListableBeanFactory     : Creating shared instance of singleton bean 'spring.datasource-org.springframework.boot.autoconfigure.jdbc.DataSourceProperties'
?[0m?[0;34m2023-03-31 16:05:46.445 DEBUG 29781 --- [    Test worker] o.s.b.f.s.DefaultListableBeanFactory     : Autowiring by type from bean name 'dataSource' via factory method to bean named 'spring.datasource-org.springframework.boot.autoconfigure.jdbc.DataSourceProperties'
?[0m?[0;34m2023-03-31 16:05:46.453  INFO 29781 --- [    Test worker] com.zaxxer.hikari.HikariDataSource       : HikariPool-1 - Starting...
?[0m?[0;34m2023-03-31 16:05:46.549  INFO 29781 --- [    Test worker] com.zaxxer.hikari.HikariDataSource       : HikariPool-1 - Start completed.
?[0m?[0;34m2023-03-31 16:05:46.553  INFO 29781 --- [    Test worker] o.s.b.a.h2.H2ConsoleAutoConfiguration    : H2 console available at '/h2-console'. Database available at 'jdbc:h2:file:../recipes_db'
?[0m?[0;34m2023-03-31 16:05:46.556 DEBUG 29781 --- [    Test worker] o.s.b.f.s.DefaultListableBeanFactory     : Creating shared instance of singleton bean 'securityFilterChainRegistration'
?[0m?[0;34m2023-03-31 16:05:46.556 DEBUG 29781 --- [    Test worker] o.s.b.f.s.DefaultListableBeanFactory     : Creating shared instance of singleton bean 'org.springframework.boot.autoconfigure.security.servlet.SecurityFilterAutoConfiguration'
?[0m?[0;34m2023-03-31 16:05:46.557 DEBUG 29781 --- [    Test worker] o.s.b.f.s.DefaultListableBeanFactory     : Creating shared instance of singleton bean 'spring.security-org.springframework.boot.autoconfigure.security.SecurityProperties'
?[0m?[0;34m2023-03-31 16:05:46.558 DEBUG 29781 --- [    Test worker] o.s.b.f.s.DefaultListableBeanFactory     : Autowiring by type from bean name 'securityFilterChainRegistration' via factory method to bean named 'spring.security-org.springframework.boot.autoconfigure.security.SecurityProperties'
?[0m?[0;34m2023-03-31 16:05:46.560 DEBUG 29781 --- [    Test worker] o.s.b.f.s.DefaultListableBeanFactory     : Creating shared instance of singleton bean 'servletEndpointRegistrar'
?[0m?[0;34m2023-03-31 16:05:46.560 DEBUG 29781 --- [    Test worker] o.s.b.f.s.DefaultListableBeanFactory     : Creating shared instance of singleton bean 'org.springframework.boot.actuate.autoconfigure.endpoint.web.ServletEndpointManagementContextConfiguration$WebMvcServletEndpointManagementContextConfiguration'
?[0m?[0;34m2023-03-31 16:05:46.561 DEBUG 29781 --- [    Test worker] o.s.b.f.s.DefaultListableBeanFactory     : Creating shared instance of singleton bean 'management.endpoints.web-org.springframework.boot.actuate.autoconfigure.endpoint.web.WebEndpointProperties'
?[0m?[0;34m2023-03-31 16:05:46.563 DEBUG 29781 --- [    Test worker] o.s.b.f.s.DefaultListableBeanFactory     : Creating shared instance of singleton bean 'servletEndpointDiscoverer'
?[0m?[0;34m2023-03-31 16:05:46.563 DEBUG 29781 --- [    Test worker] o.s.b.f.s.DefaultListableBeanFactory     : Creating shared instance of singleton bean 'org.springframework.boot.actuate.autoconfigure.endpoint.web.WebEndpointAutoConfiguration$WebEndpointServletConfiguration'
?[0m?[0;34m2023-03-31 16:05:46.563 DEBUG 29781 --- [    Test worker] o.s.b.f.s.DefaultListableBeanFactory     : Autowiring by type from bean name 'servletEndpointDiscoverer' via factory method to bean named 'org.springframework.boot.web.servlet.context.AnnotationConfigServletWebServerApplicationContext@532a02d9'
?[0m?[0;34m2023-03-31 16:05:46.564 DEBUG 29781 --- [    Test worker] o.s.b.f.s.DefaultListableBeanFactory     : Creating shared instance of singleton bean 'webEndpointPathMapper'
?[0m?[0;34m2023-03-31 16:05:46.564 DEBUG 29781 --- [    Test worker] o.s.b.f.s.DefaultListableBeanFactory     : Creating shared instance of singleton bean 'org.springframework.boot.actuate.autoconfigure.endpoint.web.WebEndpointAutoConfiguration'
?[0m?[0;34m2023-03-31 16:05:46.565 DEBUG 29781 --- [    Test worker] o.s.b.f.s.DefaultListableBeanFactory     : Autowiring by type from bean name 'org.springframework.boot.actuate.autoconfigure.endpoint.web.WebEndpointAutoConfiguration' via constructor to bean named 'org.springframework.boot.web.servlet.context.AnnotationConfigServletWebServerApplicationContext@532a02d9'
?[0m?[0;34m2023-03-31 16:05:46.565 DEBUG 29781 --- [    Test worker] o.s.b.f.s.DefaultListableBeanFactory     : Autowiring by type from bean name 'org.springframework.boot.actuate.autoconfigure.endpoint.web.WebEndpointAutoConfiguration' via constructor to bean named 'management.endpoints.web-org.springframework.boot.actuate.autoconfigure.endpoint.web.WebEndpointProperties'
?[0m?[0;34m2023-03-31 16:05:46.566 DEBUG 29781 --- [    Test worker] o.s.b.f.s.DefaultListableBeanFactory     : Creating shared instance of singleton bean 'servletExposeExcludePropertyEndpointFilter'
?[0m?[0;34m2023-03-31 16:05:46.566 DEBUG 29781 --- [    Test worker] o.s.b.f.s.DefaultListableBeanFactory     : Creating shared instance of singleton bean 'org.springframework.boot.actuate.autoconfigure.endpoint.web.ServletEndpointManagementContextConfiguration'
?[0m?[0;34m2023-03-31 16:05:46.567 DEBUG 29781 --- [    Test worker] o.s.b.f.s.DefaultListableBeanFactory     : Autowiring by type from bean name 'servletExposeExcludePropertyEndpointFilter' via factory method to bean named 'management.endpoints.web-org.springframework.boot.actuate.autoconfigure.endpoint.web.WebEndpointProperties'
?[0m?[0;34m2023-03-31 16:05:46.569 DEBUG 29781 --- [    Test worker] o.s.b.f.s.DefaultListableBeanFactory     : Autowiring by type from bean name 'servletEndpointRegistrar' via factory method to bean named 'management.endpoints.web-org.springframework.boot.actuate.autoconfigure.endpoint.web.WebEndpointProperties'
?[0m?[0;34m2023-03-31 16:05:46.569 DEBUG 29781 --- [    Test worker] o.s.b.f.s.DefaultListableBeanFactory     : Autowiring by type from bean name 'servletEndpointRegistrar' via factory method to bean named 'servletEndpointDiscoverer'
?[0m?[0;34m2023-03-31 16:05:46.569 DEBUG 29781 --- [    Test worker] o.s.b.f.s.DefaultListableBeanFactory     : Autowiring by type from bean name 'servletEndpointRegistrar' via factory method to bean named 'dispatcherServletRegistration'
?[0m?[0;34m2023-03-31 16:05:46.576 DEBUG 29781 --- [    Test worker] o.s.b.f.s.DefaultListableBeanFactory     : Creating shared instance of singleton bean 'requestContextFilter'
?[0m?[0;34m2023-03-31 16:05:46.577 DEBUG 29781 --- [    Test worker] o.s.b.f.s.DefaultListableBeanFactory     : Creating shared instance of singleton bean 'formContentFilter'
?[0m?[0;34m2023-03-31 16:05:46.577 DEBUG 29781 --- [    Test worker] o.s.b.f.s.DefaultListableBeanFactory     : Creating shared instance of singleton bean 'org.springframework.boot.autoconfigure.web.servlet.WebMvcAutoConfiguration'
?[0m?[0;34m2023-03-31 16:05:46.579 DEBUG 29781 --- [    Test worker] o.s.b.f.s.DefaultListableBeanFactory     : Creating shared instance of singleton bean 'characterEncodingFilter'
?[0m?[0;34m2023-03-31 16:05:46.583 DEBUG 29781 --- [    Test worker] o.s.b.w.s.ServletContextInitializerBeans : Mapping filters: filterRegistrationBean urls=[/*] order=-2147483647, springSecurityFilterChain urls=[/*] order=-100, characterEncodingFilter urls=[/*] order=-2147483648, formContentFilter urls=[/*] order=-9900, requestContextFilter urls=[/*] order=-105
?[0m?[0;34m2023-03-31 16:05:46.583 DEBUG 29781 --- [    Test worker] o.s.b.w.s.ServletContextInitializerBeans : Mapping servlets: dispatcherServlet urls=[/], webServlet urls=[/h2-console/*]
?[0m?[0;34m2023-03-31 16:05:46.595 DEBUG 29781 --- [    Test worker] o.s.b.a.m.w.servlet.WebMvcMetricsFilter  : Filter 'webMvcMetricsFilter' configured for use
?[0m?[0;34m2023-03-31 16:05:46.595 DEBUG 29781 --- [    Test worker] o.s.b.w.s.f.OrderedRequestContextFilter  : Filter 'requestContextFilter' configured for use
?[0m?[0;34m2023-03-31 16:05:46.595 DEBUG 29781 --- [    Test worker] s.b.w.s.f.OrderedCharacterEncodingFilter : Filter 'characterEncodingFilter' configured for use
?[0m?[0;34m2023-03-31 16:05:46.595 DEBUG 29781 --- [    Test worker] .DelegatingFilterProxyRegistrationBean$1 : Filter 'springSecurityFilterChain' configured for use
?[0m?[0;34m2023-03-31 16:05:46.596 DEBUG 29781 --- [    Test worker] o.s.b.w.s.f.OrderedFormContentFilter     : Filter 'formContentFilter' configured for use
?[0m?[0;34m2023-03-31 16:05:46.600 DEBUG 29781 --- [    Test worker] o.s.b.f.s.DefaultListableBeanFactory     : Creating shared instance of singleton bean 'dataSourceScriptDatabaseInitializer'
?[0m?[0;34m2023-03-31 16:05:46.600 DEBUG 29781 --- [    Test worker] o.s.b.f.s.DefaultListableBeanFactory     : Creating shared instance of singleton bean 'org.springframework.boot.autoconfigure.sql.init.DataSourceInitializationConfiguration'
?[0m?[0;34m2023-03-31 16:05:46.601 DEBUG 29781 --- [    Test worker] o.s.b.f.s.DefaultListableBeanFactory     : Creating shared instance of singleton bean 'spring.sql.init-org.springframework.boot.autoconfigure.sql.init.SqlInitializationProperties'
?[0m?[0;34m2023-03-31 16:05:46.602 DEBUG 29781 --- [    Test worker] o.s.b.f.s.DefaultListableBeanFactory     : Autowiring by type from bean name 'dataSourceScriptDatabaseInitializer' via factory method to bean named 'dataSource'
?[0m?[0;34m2023-03-31 16:05:46.602 DEBUG 29781 --- [    Test worker] o.s.b.f.s.DefaultListableBeanFactory     : Autowiring by type from bean name 'dataSourceScriptDatabaseInitializer' via factory method to bean named 'spring.sql.init-org.springframework.boot.autoconfigure.sql.init.SqlInitializationProperties'
?[0m?[0;34m2023-03-31 16:05:46.604 DEBUG 29781 --- [    Test worker] o.s.b.f.s.DefaultListableBeanFactory     : Creating shared instance of singleton bean 'entityManagerFactory'
?[0m?[0;34m2023-03-31 16:05:46.604 DEBUG 29781 --- [    Test worker] o.s.b.f.s.DefaultListableBeanFactory     : Creating shared instance of singleton bean 'org.springframework.boot.autoconfigure.orm.jpa.HibernateJpaConfiguration'
?[0m?[0;34m2023-03-31 16:05:46.605 DEBUG 29781 --- [    Test worker] o.s.b.f.s.DefaultListableBeanFactory     : Creating shared instance of singleton bean 'spring.jpa-org.springframework.boot.autoconfigure.orm.jpa.JpaProperties'
?[0m?[0;34m2023-03-31 16:05:46.607 DEBUG 29781 --- [    Test worker] o.s.b.f.s.DefaultListableBeanFactory     : Creating shared instance of singleton bean 'spring.jpa.hibernate-org.springframework.boot.autoconfigure.orm.jpa.HibernateProperties'
?[0m?[0;34m2023-03-31 16:05:46.607 DEBUG 29781 --- [    Test worker] o.s.b.f.s.DefaultListableBeanFactory     : Autowiring by type from bean name 'org.springframework.boot.autoconfigure.orm.jpa.HibernateJpaConfiguration' via constructor to bean named 'dataSource'
?[0m?[0;34m2023-03-31 16:05:46.607 DEBUG 29781 --- [    Test worker] o.s.b.f.s.DefaultListableBeanFactory     : Autowiring by type from bean name 'org.springframework.boot.autoconfigure.orm.jpa.HibernateJpaConfiguration' via constructor to bean named 'spring.jpa-org.springframework.boot.autoconfigure.orm.jpa.JpaProperties'
?[0m?[0;34m2023-03-31 16:05:46.607 DEBUG 29781 --- [    Test worker] o.s.b.f.s.DefaultListableBeanFactory     : Autowiring by type from bean name 'org.springframework.boot.autoconfigure.orm.jpa.HibernateJpaConfiguration' via constructor to bean named 'org.springframework.beans.factory.support.DefaultListableBeanFactory@75201592'
?[0m?[0;34m2023-03-31 16:05:46.608 DEBUG 29781 --- [    Test worker] o.s.b.f.s.DefaultListableBeanFactory     : Autowiring by type from bean name 'org.springframework.boot.autoconfigure.orm.jpa.HibernateJpaConfiguration' via constructor to bean named 'spring.jpa.hibernate-org.springframework.boot.autoconfigure.orm.jpa.HibernateProperties'
?[0m?[0;34m2023-03-31 16:05:46.608 DEBUG 29781 --- [    Test worker] o.s.b.f.s.DefaultListableBeanFactory     : Creating shared instance of singleton bean 'hikariPoolDataSourceMetadataProvider'
?[0m?[0;34m2023-03-31 16:05:46.608 DEBUG 29781 --- [    Test worker] o.s.b.f.s.DefaultListableBeanFactory     : Creating shared instance of singleton bean 'org.springframework.boot.autoconfigure.jdbc.metadata.DataSourcePoolMetadataProvidersConfiguration$HikariPoolDataSourceMetadataProviderConfiguration'
?[0m?[0;34m2023-03-31 16:05:46.611 DEBUG 29781 --- [    Test worker] o.s.b.f.s.DefaultListableBeanFactory     : Creating shared instance of singleton bean 'entityManagerFactoryBuilder'
?[0m?[0;34m2023-03-31 16:05:46.611 DEBUG 29781 --- [    Test worker] o.s.b.f.s.DefaultListableBeanFactory     : Creating shared instance of singleton bean 'jpaVendorAdapter'
?[0m?[0;34m2023-03-31 16:05:46.615 DEBUG 29781 --- [    Test worker] o.s.b.f.s.DefaultListableBeanFactory     : Autowiring by type from bean name 'entityManagerFactoryBuilder' via factory method to bean named 'jpaVendorAdapter'
?[0m?[0;34m2023-03-31 16:05:46.617 DEBUG 29781 --- [    Test worker] o.s.b.f.s.DefaultListableBeanFactory     : Autowiring by type from bean name 'entityManagerFactory' via factory method to bean named 'entityManagerFactoryBuilder'
?[0m?[0;34m2023-03-31 16:05:46.627 DEBUG 29781 --- [    Test worker] j.LocalContainerEntityManagerFactoryBean : Building JPA container EntityManagerFactory for persistence unit 'default'
?[0m?[0;34m2023-03-31 16:05:46.637  INFO 29781 --- [    Test worker] o.hibernate.jpa.internal.util.LogHelper  : HHH000204: Processing PersistenceUnitInfo [name: default]
?[0m?[0;34m2023-03-31 16:05:46.670  INFO 29781 --- [    Test worker] org.hibernate.Version                    : HHH000412: Hibernate ORM core version 5.4.32.Final
?[0m?[0;34m2023-03-31 16:05:46.737  INFO 29781 --- [    Test worker] o.hibernate.annotations.common.Version   : HCANN000001: Hibernate Commons Annotations {5.1.2.Final}
?[0m?[0;34m2023-03-31 16:05:46.790  INFO 29781 --- [    Test worker] org.hibernate.dialect.Dialect            : HHH000400: Using dialect: org.hibernate.dialect.H2Dialect
?[0m?[0;34m2023-03-31 16:05:47.143  INFO 29781 --- [    Test worker] o.h.e.t.j.p.i.JtaPlatformInitiator       : HHH000490: Using JtaPlatform implementation: [org.hibernate.engine.transaction.jta.platform.internal.NoJtaPlatform]
?[0m?[0;34m2023-03-31 16:05:47.150  INFO 29781 --- [    Test worker] j.LocalContainerEntityManagerFactoryBean : Initialized JPA EntityManagerFactory for persistence unit 'default'
?[0m?[0;34m2023-03-31 16:05:47.152 DEBUG 29781 --- [    Test worker] o.s.b.f.s.DefaultListableBeanFactory     : Creating shared instance of singleton bean 'recipesApplication'
?[0m?[0;34m2023-03-31 16:05:47.153 DEBUG 29781 --- [    Test worker] o.s.b.f.s.DefaultListableBeanFactory     : Creating shared instance of singleton bean 'recipeService'
?[0m?[0;34m2023-03-31 16:05:47.154 DEBUG 29781 --- [    Test worker] o.s.b.f.s.DefaultListableBeanFactory     : Creating shared instance of singleton bean 'recipeRepository'
?[0m?[0;34m2023-03-31 16:05:47.180 DEBUG 29781 --- [    Test worker] o.s.b.f.s.DefaultListableBeanFactory     : Creating shared instance of singleton bean 'jpaMappingContext'
?[0m?[0;34m2023-03-31 16:05:47.181 DEBUG 29781 --- [    Test worker] .c.JpaMetamodelMappingContextFactoryBean : Initializing JpaMetamodelMappingContext…
?[0m?[0;34m2023-03-31 16:05:47.187 DEBUG 29781 --- [    Test worker] .c.JpaMetamodelMappingContextFactoryBean : Finished initializing JpaMetamodelMappingContext!
?[0m?[0;34m2023-03-31 16:05:47.196 DEBUG 29781 --- [    Test worker] tor$SharedEntityManagerInvocationHandler : Creating new EntityManager for shared EntityManager invocation
?[0m?[0;34m2023-03-31 16:05:47.219 DEBUG 29781 --- [    Test worker] tor$SharedEntityManagerInvocationHandler : Creating new EntityManager for shared EntityManager invocation
?[0m?[0;34m2023-03-31 16:05:47.221 DEBUG 29781 --- [    Test worker] o.s.b.f.s.DefaultListableBeanFactory     : Creating shared instance of singleton bean 'metricsRepositoryMethodInvocationListener'
?[0m?[0;34m2023-03-31 16:05:47.221 DEBUG 29781 --- [    Test worker] o.s.b.f.s.DefaultListableBeanFactory     : Creating shared instance of singleton bean 'org.springframework.boot.actuate.autoconfigure.metrics.data.RepositoryMetricsAutoConfiguration'
?[0m?[0;34m2023-03-31 16:05:47.222 DEBUG 29781 --- [    Test worker] o.s.b.f.s.DefaultListableBeanFactory     : Autowiring by type from bean name 'org.springframework.boot.actuate.autoconfigure.metrics.data.RepositoryMetricsAutoConfiguration' via constructor to bean named 'management.metrics-org.springframework.boot.actuate.autoconfigure.metrics.MetricsProperties'
?[0m?[0;34m2023-03-31 16:05:47.223 DEBUG 29781 --- [    Test worker] o.s.b.f.s.DefaultListableBeanFactory     : Creating shared instance of singleton bean 'repositoryTagsProvider'
?[0m?[0;34m2023-03-31 16:05:47.223 DEBUG 29781 --- [    Test worker] o.s.b.f.s.DefaultListableBeanFactory     : Autowiring by type from bean name 'metricsRepositoryMethodInvocationListener' via factory method to bean named 'repositoryTagsProvider'
?[0m?[0;34m2023-03-31 16:05:47.242 DEBUG 29781 --- [    Test worker] o.s.d.r.c.s.RepositoryFactorySupport     : Initializing repository instance for recipes.RecipeRepository…
?[0m?[0;34m2023-03-31 16:05:47.249 DEBUG 29781 --- [    Test worker] tor$SharedEntityManagerInvocationHandler : Creating new EntityManager for shared EntityManager invocation
?[0m?[0;34m2023-03-31 16:05:47.269 DEBUG 29781 --- [    Test worker] o.s.d.jpa.repository.query.NamedQuery    : Looking up named query Recipe.findByNameContainsIgnoreCaseOrderByDateDesc
?[0m?[0;34m2023-03-31 16:05:47.271 DEBUG 29781 --- [    Test worker] o.s.d.jpa.repository.query.NamedQuery    : Did not find named query Recipe.findByNameContainsIgnoreCaseOrderByDateDesc
?[0m?[0;34m2023-03-31 16:05:47.272 DEBUG 29781 --- [    Test worker] tor$SharedEntityManagerInvocationHandler : Creating new EntityManager for shared EntityManager invocation
?[0m?[0;34m2023-03-31 16:05:47.296 DEBUG 29781 --- [    Test worker] o.s.d.jpa.repository.query.NamedQuery    : Looking up named query Recipe.findByCategoryIgnoreCaseOrderByDateDesc
?[0m?[0;34m2023-03-31 16:05:47.296 DEBUG 29781 --- [    Test worker] o.s.d.jpa.repository.query.NamedQuery    : Did not find named query Recipe.findByCategoryIgnoreCaseOrderByDateDesc
?[0m?[0;34m2023-03-31 16:05:47.297 DEBUG 29781 --- [    Test worker] tor$SharedEntityManagerInvocationHandler : Creating new EntityManager for shared EntityManager invocation
?[0m?[0;34m2023-03-31 16:05:47.299 DEBUG 29781 --- [    Test worker] o.s.d.r.c.s.RepositoryFactorySupport     : Finished creation of repository instance for {}.
?[0m?[0;34m2023-03-31 16:05:47.303 DEBUG 29781 --- [    Test worker] o.s.b.f.s.DefaultListableBeanFactory     : Autowiring by type from bean name 'recipeService' via constructor to bean named 'recipeRepository'
?[0m?[0;34m2023-03-31 16:05:47.303 DEBUG 29781 --- [    Test worker] o.s.b.f.s.DefaultListableBeanFactory     : Creating shared instance of singleton bean 'recipesController'
?[0m?[0;34m2023-03-31 16:05:47.310 DEBUG 29781 --- [    Test worker] o.s.b.f.s.DefaultListableBeanFactory     : Creating shared instance of singleton bean 'userService'
?[0m?[0;34m2023-03-31 16:05:47.310 DEBUG 29781 --- [    Test worker] o.s.b.f.s.DefaultListableBeanFactory     : Creating shared instance of singleton bean 'userRepository'
?[0m?[0;34m2023-03-31 16:05:47.314 DEBUG 29781 --- [    Test worker] tor$SharedEntityManagerInvocationHandler : Creating new EntityManager for shared EntityManager invocation
?[0m?[0;34m2023-03-31 16:05:47.314 DEBUG 29781 --- [    Test worker] o.s.d.r.c.s.RepositoryFactorySupport     : Initializing repository instance for recipes.UserRepository…
?[0m?[0;34m2023-03-31 16:05:47.314 DEBUG 29781 --- [    Test worker] tor$SharedEntityManagerInvocationHandler : Creating new EntityManager for shared EntityManager invocation
?[0m?[0;34m2023-03-31 16:05:47.317 DEBUG 29781 --- [    Test worker] o.s.d.jpa.repository.query.NamedQuery    : Looking up named query User.findByEmail
?[0m?[0;34m2023-03-31 16:05:47.317 DEBUG 29781 --- [    Test worker] o.s.d.jpa.repository.query.NamedQuery    : Did not find named query User.findByEmail
?[0m?[0;34m2023-03-31 16:05:47.317 DEBUG 29781 --- [    Test worker] tor$SharedEntityManagerInvocationHandler : Creating new EntityManager for shared EntityManager invocation
?[0m?[0;34m2023-03-31 16:05:47.319 DEBUG 29781 --- [    Test worker] o.s.d.r.c.s.RepositoryFactorySupport     : Finished creation of repository instance for {}.
?[0m?[0;34m2023-03-31 16:05:47.320 DEBUG 29781 --- [    Test worker] o.s.b.f.s.DefaultListableBeanFactory     : Autowiring by type from bean name 'userService' via constructor to bean named 'userRepository'
?[0m?[0;34m2023-03-31 16:05:47.328 DEBUG 29781 --- [    Test worker] o.s.b.f.s.DefaultListableBeanFactory     : Creating shared instance of singleton bean 'registrationController'
?[0m?[0;34m2023-03-31 16:05:47.329 DEBUG 29781 --- [    Test worker] o.s.b.f.s.DefaultListableBeanFactory     : Creating shared instance of singleton bean 'getEncoder'
?[0m?[0;34m2023-03-31 16:05:47.330 DEBUG 29781 --- [    Test worker] o.s.b.f.s.DefaultListableBeanFactory     : Creating shared instance of singleton bean 'webSecurityConfigurerImpl'
?[0m?[0;34m2023-03-31 16:05:47.334 DEBUG 29781 --- [    Test worker] o.s.b.f.s.DefaultListableBeanFactory     : Creating shared instance of singleton bean 'objectPostProcessor'
?[0m?[0;34m2023-03-31 16:05:47.334 DEBUG 29781 --- [    Test worker] o.s.b.f.s.DefaultListableBeanFactory     : Creating shared instance of singleton bean 'org.springframework.security.config.annotation.configuration.ObjectPostProcessorConfiguration'
?[0m?[0;34m2023-03-31 16:05:47.336 DEBUG 29781 --- [    Test worker] o.s.b.f.s.DefaultListableBeanFactory     : Autowiring by type from bean name 'objectPostProcessor' via factory method to bean named 'org.springframework.beans.factory.support.DefaultListableBeanFactory@75201592'
?[0m?[0;34m2023-03-31 16:05:47.339 DEBUG 29781 --- [    Test worker] o.s.b.f.s.DefaultListableBeanFactory     : Creating shared instance of singleton bean 'mvcContentNegotiationManager'
?[0m?[0;34m2023-03-31 16:05:47.339 DEBUG 29781 --- [    Test worker] o.s.b.f.s.DefaultListableBeanFactory     : Creating shared instance of singleton bean 'org.springframework.boot.autoconfigure.web.servlet.WebMvcAutoConfiguration$EnableWebMvcConfiguration'
?[0m?[0;34m2023-03-31 16:05:47.339 DEBUG 29781 --- [    Test worker] o.s.b.f.s.DefaultListableBeanFactory     : Creating shared instance of singleton bean 'spring.resources-org.springframework.boot.autoconfigure.web.ResourceProperties'
?[0m?[0;34m2023-03-31 16:05:47.342 DEBUG 29781 --- [    Test worker] o.s.b.f.s.DefaultListableBeanFactory     : Creating shared instance of singleton bean 'spring.web-org.springframework.boot.autoconfigure.web.WebProperties'
?[0m?[0;34m2023-03-31 16:05:47.343 DEBUG 29781 --- [    Test worker] o.s.b.f.s.DefaultListableBeanFactory     : Autowiring by type from bean name 'org.springframework.boot.autoconfigure.web.servlet.WebMvcAutoConfiguration$EnableWebMvcConfiguration' via constructor to bean named 'spring.resources-org.springframework.boot.autoconfigure.web.ResourceProperties'
?[0m?[0;34m2023-03-31 16:05:47.343 DEBUG 29781 --- [    Test worker] o.s.b.f.s.DefaultListableBeanFactory     : Autowiring by type from bean name 'org.springframework.boot.autoconfigure.web.servlet.WebMvcAutoConfiguration$EnableWebMvcConfiguration' via constructor to bean named 'spring.mvc-org.springframework.boot.autoconfigure.web.servlet.WebMvcProperties'
?[0m?[0;34m2023-03-31 16:05:47.343 DEBUG 29781 --- [    Test worker] o.s.b.f.s.DefaultListableBeanFactory     : Autowiring by type from bean name 'org.springframework.boot.autoconfigure.web.servlet.WebMvcAutoConfiguration$EnableWebMvcConfiguration' via constructor to bean named 'spring.web-org.springframework.boot.autoconfigure.web.WebProperties'
?[0m?[0;34m2023-03-31 16:05:47.343 DEBUG 29781 --- [    Test worker] o.s.b.f.s.DefaultListableBeanFactory     : Autowiring by type from bean name 'org.springframework.boot.autoconfigure.web.servlet.WebMvcAutoConfiguration$EnableWebMvcConfiguration' via constructor to bean named 'org.springframework.beans.factory.support.DefaultListableBeanFactory@75201592'
?[0m?[0;34m2023-03-31 16:05:47.347 DEBUG 29781 --- [    Test worker] o.s.b.f.s.DefaultListableBeanFactory     : Creating shared instance of singleton bean 'org.springframework.security.config.annotation.web.configuration.WebMvcSecurityConfiguration'
?[0m?[0;34m2023-03-31 16:05:47.348 DEBUG 29781 --- [    Test worker] o.s.b.f.s.DefaultListableBeanFactory     : Creating shared instance of singleton bean 'org.springframework.boot.autoconfigure.web.servlet.WebMvcAutoConfiguration$WebMvcAutoConfigurationAdapter'
?[0m?[0;34m2023-03-31 16:05:47.348 DEBUG 29781 --- [    Test worker] o.s.b.f.s.DefaultListableBeanFactory     : Autowiring by type from bean name 'org.springframework.boot.autoconfigure.web.servlet.WebMvcAutoConfiguration$WebMvcAutoConfigurationAdapter' via constructor to bean named 'spring.resources-org.springframework.boot.autoconfigure.web.ResourceProperties'
?[0m?[0;34m2023-03-31 16:05:47.349 DEBUG 29781 --- [    Test worker] o.s.b.f.s.DefaultListableBeanFactory     : Autowiring by type from bean name 'org.springframework.boot.autoconfigure.web.servlet.WebMvcAutoConfiguration$WebMvcAutoConfigurationAdapter' via constructor to bean named 'spring.web-org.springframework.boot.autoconfigure.web.WebProperties'
?[0m?[0;34m2023-03-31 16:05:47.349 DEBUG 29781 --- [    Test worker] o.s.b.f.s.DefaultListableBeanFactory     : Autowiring by type from bean name 'org.springframework.boot.autoconfigure.web.servlet.WebMvcAutoConfiguration$WebMvcAutoConfigurationAdapter' via constructor to bean named 'spring.mvc-org.springframework.boot.autoconfigure.web.servlet.WebMvcProperties'
?[0m?[0;34m2023-03-31 16:05:47.349 DEBUG 29781 --- [    Test worker] o.s.b.f.s.DefaultListableBeanFactory     : Autowiring by type from bean name 'org.springframework.boot.autoconfigure.web.servlet.WebMvcAutoConfiguration$WebMvcAutoConfigurationAdapter' via constructor to bean named 'org.springframework.beans.factory.support.DefaultListableBeanFactory@75201592'
?[0m?[0;34m2023-03-31 16:05:47.350 DEBUG 29781 --- [    Test worker] o.s.b.f.s.DefaultListableBeanFactory     : Creating shared instance of singleton bean 'openEntityManagerInViewInterceptorConfigurer'
?[0m?[0;34m2023-03-31 16:05:47.350 DEBUG 29781 --- [    Test worker] o.s.b.f.s.DefaultListableBeanFactory     : Creating shared instance of singleton bean 'org.springframework.boot.autoconfigure.orm.jpa.JpaBaseConfiguration$JpaWebConfiguration'
?[0m?[0;34m2023-03-31 16:05:47.350 DEBUG 29781 --- [    Test worker] o.s.b.f.s.DefaultListableBeanFactory     : Autowiring by type from bean name 'org.springframework.boot.autoconfigure.orm.jpa.JpaBaseConfiguration$JpaWebConfiguration' via constructor to bean named 'spring.jpa-org.springframework.boot.autoconfigure.orm.jpa.JpaProperties'
?[0m?[0;34m2023-03-31 16:05:47.350 DEBUG 29781 --- [    Test worker] o.s.b.f.s.DefaultListableBeanFactory     : Creating shared instance of singleton bean 'openEntityManagerInViewInterceptor'
?[0m?[0;34m2023-03-31 16:05:47.351  WARN 29781 --- [    Test worker] JpaBaseConfiguration$JpaWebConfiguration : spring.jpa.open-in-view is enabled by default. Therefore, database queries may be performed during view rendering. Explicitly configure spring.jpa.open-in-view to disable this warning
?[0m?[0;34m2023-03-31 16:05:47.352 DEBUG 29781 --- [    Test worker] o.s.b.f.s.DefaultListableBeanFactory     : Autowiring by type from bean name 'openEntityManagerInViewInterceptorConfigurer' via factory method to bean named 'openEntityManagerInViewInterceptor'
?[0m?[0;34m2023-03-31 16:05:47.352 DEBUG 29781 --- [    Test worker] o.s.b.f.s.DefaultListableBeanFactory     : Creating shared instance of singleton bean 'metricsWebMvcConfigurer'
?[0m?[0;34m2023-03-31 16:05:47.353 DEBUG 29781 --- [    Test worker] o.s.b.f.s.DefaultListableBeanFactory     : Autowiring by type from bean name 'metricsWebMvcConfigurer' via factory method to bean named 'simpleMeterRegistry'
?[0m?[0;34m2023-03-31 16:05:47.353 DEBUG 29781 --- [    Test worker] o.s.b.f.s.DefaultListableBeanFactory     : Autowiring by type from bean name 'metricsWebMvcConfigurer' via factory method to bean named 'webMvcTagsProvider'
?[0m?[0;34m2023-03-31 16:05:47.353 DEBUG 29781 --- [    Test worker] o.s.b.f.s.DefaultListableBeanFactory     : Creating shared instance of singleton bean 'org.springframework.data.web.config.SpringDataWebConfiguration'
?[0m?[0;34m2023-03-31 16:05:47.354 DEBUG 29781 --- [    Test worker] o.s.b.f.s.DefaultListableBeanFactory     : Autowiring by type from bean name 'org.springframework.data.web.config.SpringDataWebConfiguration' via constructor to bean named 'org.springframework.boot.web.servlet.context.AnnotationConfigServletWebServerApplicationContext@532a02d9'
?[0m?[0;34m2023-03-31 16:05:47.358 DEBUG 29781 --- [    Test worker] o.s.b.f.s.DefaultListableBeanFactory     : Creating shared instance of singleton bean 'org.springframework.security.config.annotation.authentication.configuration.AuthenticationConfiguration'
?[0m?[0;34m2023-03-31 16:05:47.360 DEBUG 29781 --- [    Test worker] o.s.b.f.s.DefaultListableBeanFactory     : Creating shared instance of singleton bean 'enableGlobalAuthenticationAutowiredConfigurer'
?[0m?[0;34m2023-03-31 16:05:47.361 DEBUG 29781 --- [    Test worker] o.s.b.f.s.DefaultListableBeanFactory     : Autowiring by type from bean name 'enableGlobalAuthenticationAutowiredConfigurer' via factory method to bean named 'org.springframework.boot.web.servlet.context.AnnotationConfigServletWebServerApplicationContext@532a02d9'
?[0m?[0;34m2023-03-31 16:05:47.362 DEBUG 29781 --- [    Test worker] o.s.b.f.s.DefaultListableBeanFactory     : Creating shared instance of singleton bean 'initializeUserDetailsBeanManagerConfigurer'
?[0m?[0;34m2023-03-31 16:05:47.362 DEBUG 29781 --- [    Test worker] o.s.b.f.s.DefaultListableBeanFactory     : Autowiring by type from bean name 'initializeUserDetailsBeanManagerConfigurer' via factory method to bean named 'org.springframework.boot.web.servlet.context.AnnotationConfigServletWebServerApplicationContext@532a02d9'
?[0m?[0;34m2023-03-31 16:05:47.362 DEBUG 29781 --- [    Test worker] o.s.b.f.s.DefaultListableBeanFactory     : Creating shared instance of singleton bean 'initializeAuthenticationProviderBeanManagerConfigurer'
?[0m?[0;34m2023-03-31 16:05:47.362 DEBUG 29781 --- [    Test worker] o.s.b.f.s.DefaultListableBeanFactory     : Autowiring by type from bean name 'initializeAuthenticationProviderBeanManagerConfigurer' via factory method to bean named 'org.springframework.boot.web.servlet.context.AnnotationConfigServletWebServerApplicationContext@532a02d9'
?[0m?[0;34m2023-03-31 16:05:47.363 DEBUG 29781 --- [    Test worker] o.s.b.f.s.DefaultListableBeanFactory     : Creating shared instance of singleton bean 'userDetailsServiceImpl'
?[0m?[0;34m2023-03-31 16:05:47.380 DEBUG 29781 --- [    Test worker] o.s.b.f.s.DefaultListableBeanFactory     : Creating shared instance of singleton bean 'authenticationManagerBuilder'
?[0m?[0;34m2023-03-31 16:05:47.380 DEBUG 29781 --- [    Test worker] o.s.b.f.s.DefaultListableBeanFactory     : Autowiring by type from bean name 'authenticationManagerBuilder' via factory method to bean named 'objectPostProcessor'
?[0m?[0;34m2023-03-31 16:05:47.380 DEBUG 29781 --- [    Test worker] o.s.b.f.s.DefaultListableBeanFactory     : Autowiring by type from bean name 'authenticationManagerBuilder' via factory method to bean named 'org.springframework.boot.web.servlet.context.AnnotationConfigServletWebServerApplicationContext@532a02d9'
?[0m?[0;34m2023-03-31 16:05:47.381 DEBUG 29781 --- [    Test worker] o.s.b.f.s.DefaultListableBeanFactory     : Creating shared instance of singleton bean 'authenticationEventPublisher'
?[0m?[0;34m2023-03-31 16:05:47.381 DEBUG 29781 --- [    Test worker] o.s.b.f.s.DefaultListableBeanFactory     : Creating shared instance of singleton bean 'org.springframework.boot.autoconfigure.security.servlet.SecurityAutoConfiguration'
?[0m?[0;34m2023-03-31 16:05:47.381 DEBUG 29781 --- [    Test worker] o.s.b.f.s.DefaultListableBeanFactory     : Autowiring by type from bean name 'authenticationEventPublisher' via factory method to bean named 'org.springframework.boot.web.servlet.context.AnnotationConfigServletWebServerApplicationContext@532a02d9'
?[0m?[0;34m2023-03-31 16:05:47.385 DEBUG 29781 --- [    Test worker] o.s.b.f.s.DefaultListableBeanFactory     : Creating shared instance of singleton bean 'org.springframework.security.config.annotation.web.configuration.WebSecurityConfiguration'
?[0m?[0;34m2023-03-31 16:05:47.396 DEBUG 29781 --- [    Test worker] o.s.b.f.s.DefaultListableBeanFactory     : Creating shared instance of singleton bean 'autowiredWebSecurityConfigurersIgnoreParents'
?[0m?[0;34m2023-03-31 16:05:47.397 DEBUG 29781 --- [    Test worker] o.s.b.f.s.DefaultListableBeanFactory     : Autowiring by type from bean name 'autowiredWebSecurityConfigurersIgnoreParents' via factory method to bean named 'org.springframework.beans.factory.support.DefaultListableBeanFactory@75201592'
?[0m?[0;34m2023-03-31 16:05:47.404 DEBUG 29781 --- [    Test worker] o.s.b.f.s.DefaultListableBeanFactory     : Creating shared instance of singleton bean 'delegatingApplicationListener'
?[0m?[0;34m2023-03-31 16:05:47.404 DEBUG 29781 --- [    Test worker] o.s.b.f.s.DefaultListableBeanFactory     : Creating shared instance of singleton bean 'springSecurityFilterChain'
?[0m?[0;34m2023-03-31 16:05:47.428 DEBUG 29781 --- [    Test worker] o.s.b.f.s.DefaultListableBeanFactory     : Creating shared instance of singleton bean 'mvcHandlerMappingIntrospector'
?[0m?[0;34m2023-03-31 16:05:47.429 DEBUG 29781 --- [    Test worker] o.s.b.f.s.DefaultListableBeanFactory     : Creating shared instance of singleton bean 'requestMappingHandlerMapping'
?[0m?[0;34m2023-03-31 16:05:47.430 DEBUG 29781 --- [    Test worker] o.s.b.f.s.DefaultListableBeanFactory     : Creating shared instance of singleton bean 'mvcConversionService'
?[0m?[0;34m2023-03-31 16:05:47.435 DEBUG 29781 --- [    Test worker] o.s.b.f.s.DefaultListableBeanFactory     : Creating shared instance of singleton bean 'mvcResourceUrlProvider'
?[0m?[0;34m2023-03-31 16:05:47.439 DEBUG 29781 --- [    Test worker] o.s.b.f.s.DefaultListableBeanFactory     : Autowiring by type from bean name 'requestMappingHandlerMapping' via factory method to bean named 'mvcContentNegotiationManager'
?[0m?[0;34m2023-03-31 16:05:47.439 DEBUG 29781 --- [    Test worker] o.s.b.f.s.DefaultListableBeanFactory     : Autowiring by type from bean name 'requestMappingHandlerMapping' via factory method to bean named 'mvcConversionService'
?[0m?[0;34m2023-03-31 16:05:47.439 DEBUG 29781 --- [    Test worker] o.s.b.f.s.DefaultListableBeanFactory     : Autowiring by type from bean name 'requestMappingHandlerMapping' via factory method to bean named 'mvcResourceUrlProvider'
?[0m?[0;34m2023-03-31 16:05:47.440 DEBUG 29781 --- [    Test worker] o.s.b.f.s.DefaultListableBeanFactory     : Autowiring by type from bean name 'requestMappingHandlerMapping' via factory method to bean named 'mvcContentNegotiationManager'
?[0m?[0;34m2023-03-31 16:05:47.440 DEBUG 29781 --- [    Test worker] o.s.b.f.s.DefaultListableBeanFactory     : Autowiring by type from bean name 'requestMappingHandlerMapping' via factory method to bean named 'mvcConversionService'
?[0m?[0;34m2023-03-31 16:05:47.440 DEBUG 29781 --- [    Test worker] o.s.b.f.s.DefaultListableBeanFactory     : Autowiring by type from bean name 'requestMappingHandlerMapping' via factory method to bean named 'mvcResourceUrlProvider'
?[0m?[0;34m2023-03-31 16:05:47.470 DEBUG 29781 --- [    Test worker] s.w.s.m.m.a.RequestMappingHandlerMapping : 8 mappings in 'requestMappingHandlerMapping'
?[0m?[0;34m2023-03-31 16:05:47.471 DEBUG 29781 --- [    Test worker] o.s.b.f.s.DefaultListableBeanFactory     : Creating shared instance of singleton bean 'welcomePageHandlerMapping'
?[0m?[0;34m2023-03-31 16:05:47.471 DEBUG 29781 --- [    Test worker] o.s.b.f.s.DefaultListableBeanFactory     : Autowiring by type from bean name 'welcomePageHandlerMapping' via factory method to bean named 'org.springframework.boot.web.servlet.context.AnnotationConfigServletWebServerApplicationContext@532a02d9'
?[0m?[0;34m2023-03-31 16:05:47.471 DEBUG 29781 --- [    Test worker] o.s.b.f.s.DefaultListableBeanFactory     : Autowiring by type from bean name 'welcomePageHandlerMapping' via factory method to bean named 'mvcConversionService'
?[0m?[0;34m2023-03-31 16:05:47.471 DEBUG 29781 --- [    Test worker] o.s.b.f.s.DefaultListableBeanFactory     : Autowiring by type from bean name 'welcomePageHandlerMapping' via factory method to bean named 'mvcResourceUrlProvider'
?[0m?[0;34m2023-03-31 16:05:47.474 DEBUG 29781 --- [    Test worker] o.s.b.f.s.DefaultListableBeanFactory     : Creating shared instance of singleton bean 'viewControllerHandlerMapping'
?[0m?[0;34m2023-03-31 16:05:47.474 DEBUG 29781 --- [    Test worker] o.s.b.f.s.DefaultListableBeanFactory     : Autowiring by type from bean name 'viewControllerHandlerMapping' via factory method to bean named 'mvcConversionService'
?[0m?[0;34m2023-03-31 16:05:47.475 DEBUG 29781 --- [    Test worker] o.s.b.f.s.DefaultListableBeanFactory     : Autowiring by type from bean name 'viewControllerHandlerMapping' via factory method to bean named 'mvcResourceUrlProvider'
?[0m?[0;34m2023-03-31 16:05:47.475 DEBUG 29781 --- [    Test worker] o.s.b.f.s.DefaultListableBeanFactory     : Creating shared instance of singleton bean 'beanNameHandlerMapping'
?[0m?[0;34m2023-03-31 16:05:47.475 DEBUG 29781 --- [    Test worker] o.s.b.f.s.DefaultListableBeanFactory     : Autowiring by type from bean name 'beanNameHandlerMapping' via factory method to bean named 'mvcConversionService'
?[0m?[0;34m2023-03-31 16:05:47.475 DEBUG 29781 --- [    Test worker] o.s.b.f.s.DefaultListableBeanFactory     : Autowiring by type from bean name 'beanNameHandlerMapping' via factory method to bean named 'mvcResourceUrlProvider'
?[0m?[0;34m2023-03-31 16:05:47.477 DEBUG 29781 --- [    Test worker] o.s.b.f.s.DefaultListableBeanFactory     : Creating shared instance of singleton bean 'routerFunctionMapping'
?[0m?[0;34m2023-03-31 16:05:47.477 DEBUG 29781 --- [    Test worker] o.s.b.f.s.DefaultListableBeanFactory     : Autowiring by type from bean name 'routerFunctionMapping' via factory method to bean named 'mvcConversionService'
?[0m?[0;34m2023-03-31 16:05:47.477 DEBUG 29781 --- [    Test worker] o.s.b.f.s.DefaultListableBeanFactory     : Autowiring by type from bean name 'routerFunctionMapping' via factory method to bean named 'mvcResourceUrlProvider'
?[0m?[0;34m2023-03-31 16:05:47.478 DEBUG 29781 --- [    Test worker] o.s.b.f.s.DefaultListableBeanFactory     : Creating shared instance of singleton bean 'messageConverters'
?[0m?[0;34m2023-03-31 16:05:47.478 DEBUG 29781 --- [    Test worker] o.s.b.f.s.DefaultListableBeanFactory     : Creating shared instance of singleton bean 'org.springframework.boot.autoconfigure.http.HttpMessageConvertersAutoConfiguration'
?[0m?[0;34m2023-03-31 16:05:47.480 DEBUG 29781 --- [    Test worker] o.s.b.f.s.DefaultListableBeanFactory     : Creating shared instance of singleton bean 'stringHttpMessageConverter'
?[0m?[0;34m2023-03-31 16:05:47.480 DEBUG 29781 --- [    Test worker] o.s.b.f.s.DefaultListableBeanFactory     : Creating shared instance of singleton bean 'org.springframework.boot.autoconfigure.http.HttpMessageConvertersAutoConfiguration$StringHttpMessageConverterConfiguration'
?[0m?[0;34m2023-03-31 16:05:47.481 DEBUG 29781 --- [    Test worker] o.s.b.f.s.DefaultListableBeanFactory     : Autowiring by type from bean name 'stringHttpMessageConverter' via factory method to bean named 'environment'
?[0m?[0;34m2023-03-31 16:05:47.482 DEBUG 29781 --- [    Test worker] o.s.b.f.s.DefaultListableBeanFactory     : Creating shared instance of singleton bean 'mappingJackson2HttpMessageConverter'
?[0m?[0;34m2023-03-31 16:05:47.483 DEBUG 29781 --- [    Test worker] o.s.b.f.s.DefaultListableBeanFactory     : Creating shared instance of singleton bean 'org.springframework.boot.autoconfigure.http.JacksonHttpMessageConvertersConfiguration$MappingJackson2HttpMessageConverterConfiguration'
?[0m?[0;34m2023-03-31 16:05:47.483 DEBUG 29781 --- [    Test worker] o.s.b.f.s.DefaultListableBeanFactory     : Creating shared instance of singleton bean 'jacksonObjectMapper'
?[0m?[0;34m2023-03-31 16:05:47.483 DEBUG 29781 --- [    Test worker] o.s.b.f.s.DefaultListableBeanFactory     : Creating shared instance of singleton bean 'org.springframework.boot.autoconfigure.jackson.JacksonAutoConfiguration$JacksonObjectMapperConfiguration'
?[0m?[0;34m2023-03-31 16:05:47.484 DEBUG 29781 --- [    Test worker] o.s.b.f.s.DefaultListableBeanFactory     : Creating shared instance of singleton bean 'org.springframework.boot.autoconfigure.jackson.JacksonAutoConfiguration$JacksonObjectMapperBuilderConfiguration'
?[0m?[0;34m2023-03-31 16:05:47.485 DEBUG 29781 --- [    Test worker] o.s.b.f.s.DefaultListableBeanFactory     : Creating shared instance of singleton bean 'standardJacksonObjectMapperBuilderCustomizer'
?[0m?[0;34m2023-03-31 16:05:47.485 DEBUG 29781 --- [    Test worker] o.s.b.f.s.DefaultListableBeanFactory     : Creating shared instance of singleton bean 'org.springframework.boot.autoconfigure.jackson.JacksonAutoConfiguration$Jackson2ObjectMapperBuilderCustomizerConfiguration'
?[0m?[0;34m2023-03-31 16:05:47.485 DEBUG 29781 --- [    Test worker] o.s.b.f.s.DefaultListableBeanFactory     : Creating shared instance of singleton bean 'spring.jackson-org.springframework.boot.autoconfigure.jackson.JacksonProperties'
?[0m?[0;34m2023-03-31 16:05:47.487 DEBUG 29781 --- [    Test worker] o.s.b.f.s.DefaultListableBeanFactory     : Autowiring by type from bean name 'standardJacksonObjectMapperBuilderCustomizer' via factory method to bean named 'org.springframework.boot.web.servlet.context.AnnotationConfigServletWebServerApplicationContext@532a02d9'
?[0m?[0;34m2023-03-31 16:05:47.487 DEBUG 29781 --- [    Test worker] o.s.b.f.s.DefaultListableBeanFactory     : Autowiring by type from bean name 'standardJacksonObjectMapperBuilderCustomizer' via factory method to bean named 'spring.jackson-org.springframework.boot.autoconfigure.jackson.JacksonProperties'
?[0m?[0;34m2023-03-31 16:05:47.487 DEBUG 29781 --- [    Test worker] o.s.b.f.s.DefaultListableBeanFactory     : Autowiring by type from bean name 'jacksonObjectMapperBuilder' via factory method to bean named 'org.springframework.boot.web.servlet.context.AnnotationConfigServletWebServerApplicationContext@532a02d9'
?[0m?[0;34m2023-03-31 16:05:47.488 DEBUG 29781 --- [    Test worker] o.s.b.f.s.DefaultListableBeanFactory     : Autowiring by type from bean name 'jacksonObjectMapperBuilder' via factory method to bean named 'standardJacksonObjectMapperBuilderCustomizer'
?[0m?[0;34m2023-03-31 16:05:47.489 DEBUG 29781 --- [    Test worker] o.s.b.f.s.DefaultListableBeanFactory     : Creating shared instance of singleton bean 'parameterNamesModule'
?[0m?[0;34m2023-03-31 16:05:47.489 DEBUG 29781 --- [    Test worker] o.s.b.f.s.DefaultListableBeanFactory     : Creating shared instance of singleton bean 'org.springframework.boot.autoconfigure.jackson.JacksonAutoConfiguration$ParameterNamesModuleConfiguration'
?[0m?[0;34m2023-03-31 16:05:47.491 DEBUG 29781 --- [    Test worker] o.s.b.f.s.DefaultListableBeanFactory     : Creating shared instance of singleton bean 'jsonComponentModule'
?[0m?[0;34m2023-03-31 16:05:47.491 DEBUG 29781 --- [    Test worker] o.s.b.f.s.DefaultListableBeanFactory     : Creating shared instance of singleton bean 'org.springframework.boot.autoconfigure.jackson.JacksonAutoConfiguration'
?[0m?[0;34m2023-03-31 16:05:47.493 DEBUG 29781 --- [    Test worker] o.s.b.f.s.DefaultListableBeanFactory     : Creating shared instance of singleton bean 'jacksonGeoModule'
?[0m?[0;34m2023-03-31 16:05:47.493 DEBUG 29781 --- [    Test worker] o.s.b.f.s.DefaultListableBeanFactory     : Creating shared instance of singleton bean 'org.springframework.data.web.config.SpringDataJacksonConfiguration'
?[0m?[0;34m2023-03-31 16:05:47.496 DEBUG 29781 --- [    Test worker] o.s.b.f.s.DefaultListableBeanFactory     : Autowiring by type from bean name 'jacksonObjectMapper' via factory method to bean named 'jacksonObjectMapperBuilder'
?[0m?[0;34m2023-03-31 16:05:47.505 DEBUG 29781 --- [    Test worker] o.s.b.f.s.DefaultListableBeanFactory     : Autowiring by type from bean name 'mappingJackson2HttpMessageConverter' via factory method to bean named 'jacksonObjectMapper'
?[0m?[0;34m2023-03-31 16:05:47.510 DEBUG 29781 --- [    Test worker] o.s.b.f.s.DefaultListableBeanFactory     : Creating shared instance of singleton bean 'resourceHandlerMapping'
?[0m?[0;34m2023-03-31 16:05:47.511 DEBUG 29781 --- [    Test worker] o.s.b.f.s.DefaultListableBeanFactory     : Autowiring by type from bean name 'resourceHandlerMapping' via factory method to bean named 'mvcContentNegotiationManager'
?[0m?[0;34m2023-03-31 16:05:47.511 DEBUG 29781 --- [    Test worker] o.s.b.f.s.DefaultListableBeanFactory     : Autowiring by type from bean name 'resourceHandlerMapping' via factory method to bean named 'mvcConversionService'
?[0m?[0;34m2023-03-31 16:05:47.511 DEBUG 29781 --- [    Test worker] o.s.b.f.s.DefaultListableBeanFactory     : Autowiring by type from bean name 'resourceHandlerMapping' via factory method to bean named 'mvcResourceUrlProvider'
?[0m?[0;34m2023-03-31 16:05:47.519 DEBUG 29781 --- [    Test worker] o.s.w.s.handler.SimpleUrlHandlerMapping  : Patterns [/webjars/**, /**] in 'resourceHandlerMapping'
?[0m?[0;34m2023-03-31 16:05:47.519 DEBUG 29781 --- [    Test worker] o.s.b.f.s.DefaultListableBeanFactory     : Creating shared instance of singleton bean 'defaultServletHandlerMapping'
?[0m?[0;34m2023-03-31 16:05:47.520 DEBUG 29781 --- [    Test worker] o.s.b.f.s.DefaultListableBeanFactory     : Creating shared instance of singleton bean 'webEndpointServletHandlerMapping'
?[0m?[0;34m2023-03-31 16:05:47.520 DEBUG 29781 --- [    Test worker] o.s.b.f.s.DefaultListableBeanFactory     : Creating shared instance of singleton bean 'org.springframework.boot.actuate.autoconfigure.endpoint.web.servlet.WebMvcEndpointManagementContextConfiguration'
?[0m?[0;34m2023-03-31 16:05:47.521 DEBUG 29781 --- [    Test worker] o.s.b.f.s.DefaultListableBeanFactory     : Creating shared instance of singleton bean 'webEndpointDiscoverer'
?[0m?[0;34m2023-03-31 16:05:47.521 DEBUG 29781 --- [    Test worker] o.s.b.f.s.DefaultListableBeanFactory     : Creating shared instance of singleton bean 'endpointOperationParameterMapper'
?[0m?[0;34m2023-03-31 16:05:47.521 DEBUG 29781 --- [    Test worker] o.s.b.f.s.DefaultListableBeanFactory     : Creating shared instance of singleton bean 'org.springframework.boot.actuate.autoconfigure.endpoint.EndpointAutoConfiguration'
?[0m?[0;34m2023-03-31 16:05:47.524 DEBUG 29781 --- [    Test worker] o.s.b.f.s.DefaultListableBeanFactory     : Creating shared instance of singleton bean 'endpointMediaTypes'
?[0m?[0;34m2023-03-31 16:05:47.525 DEBUG 29781 --- [    Test worker] o.s.b.f.s.DefaultListableBeanFactory     : Autowiring by type from bean name 'webEndpointDiscoverer' via factory method to bean named 'endpointOperationParameterMapper'
?[0m?[0;34m2023-03-31 16:05:47.525 DEBUG 29781 --- [    Test worker] o.s.b.f.s.DefaultListableBeanFactory     : Autowiring by type from bean name 'webEndpointDiscoverer' via factory method to bean named 'endpointMediaTypes'
?[0m?[0;34m2023-03-31 16:05:47.526 DEBUG 29781 --- [    Test worker] o.s.b.f.s.DefaultListableBeanFactory     : Creating shared instance of singleton bean 'endpointCachingOperationInvokerAdvisor'
?[0m?[0;34m2023-03-31 16:05:47.526 DEBUG 29781 --- [    Test worker] o.s.b.f.s.DefaultListableBeanFactory     : Autowiring by type from bean name 'endpointCachingOperationInvokerAdvisor' via factory method to bean named 'environment'
?[0m?[0;34m2023-03-31 16:05:47.527 DEBUG 29781 --- [    Test worker] o.s.b.f.s.DefaultListableBeanFactory     : Creating shared instance of singleton bean 'webExposeExcludePropertyEndpointFilter'
?[0m?[0;34m2023-03-31 16:05:47.529 DEBUG 29781 --- [    Test worker] o.s.b.f.s.DefaultListableBeanFactory     : Creating shared instance of singleton bean 'controllerEndpointDiscoverer'
?[0m?[0;34m2023-03-31 16:05:47.530 DEBUG 29781 --- [    Test worker] o.s.b.f.s.DefaultListableBeanFactory     : Creating shared instance of singleton bean 'controllerExposeExcludePropertyEndpointFilter'
?[0m?[0;34m2023-03-31 16:05:47.531 DEBUG 29781 --- [    Test worker] o.s.b.f.s.DefaultListableBeanFactory     : Creating shared instance of singleton bean 'management.endpoints.web.cors-org.springframework.boot.actuate.autoconfigure.endpoint.web.CorsEndpointProperties'
?[0m?[0;34m2023-03-31 16:05:47.533 DEBUG 29781 --- [    Test worker] o.s.b.f.s.DefaultListableBeanFactory     : Autowiring by type from bean name 'webEndpointServletHandlerMapping' via factory method to bean named 'webEndpointDiscoverer'
?[0m?[0;34m2023-03-31 16:05:47.533 DEBUG 29781 --- [    Test worker] o.s.b.f.s.DefaultListableBeanFactory     : Autowiring by type from bean name 'webEndpointServletHandlerMapping' via factory method to bean named 'servletEndpointDiscoverer'
?[0m?[0;34m2023-03-31 16:05:47.533 DEBUG 29781 --- [    Test worker] o.s.b.f.s.DefaultListableBeanFactory     : Autowiring by type from bean name 'webEndpointServletHandlerMapping' via factory method to bean named 'controllerEndpointDiscoverer'
?[0m?[0;34m2023-03-31 16:05:47.533 DEBUG 29781 --- [    Test worker] o.s.b.f.s.DefaultListableBeanFactory     : Autowiring by type from bean name 'webEndpointServletHandlerMapping' via factory method to bean named 'endpointMediaTypes'
?[0m?[0;34m2023-03-31 16:05:47.534 DEBUG 29781 --- [    Test worker] o.s.b.f.s.DefaultListableBeanFactory     : Autowiring by type from bean name 'webEndpointServletHandlerMapping' via factory method to bean named 'management.endpoints.web.cors-org.springframework.boot.actuate.autoconfigure.endpoint.web.CorsEndpointProperties'
?[0m?[0;34m2023-03-31 16:05:47.534 DEBUG 29781 --- [    Test worker] o.s.b.f.s.DefaultListableBeanFactory     : Autowiring by type from bean name 'webEndpointServletHandlerMapping' via factory method to bean named 'management.endpoints.web-org.springframework.boot.actuate.autoconfigure.endpoint.web.WebEndpointProperties'
?[0m?[0;34m2023-03-31 16:05:47.534 DEBUG 29781 --- [    Test worker] o.s.b.f.s.DefaultListableBeanFactory     : Autowiring by type from bean name 'webEndpointServletHandlerMapping' via factory method to bean named 'environment'
?[0m?[0;34m2023-03-31 16:05:47.537 DEBUG 29781 --- [    Test worker] o.s.b.f.s.DefaultListableBeanFactory     : Creating shared instance of singleton bean 'cachesEndpoint'
?[0m?[0;34m2023-03-31 16:05:47.537 DEBUG 29781 --- [    Test worker] o.s.b.f.s.DefaultListableBeanFactory     : Creating shared instance of singleton bean 'org.springframework.boot.actuate.autoconfigure.cache.CachesEndpointAutoConfiguration'
?[0m?[0;34m2023-03-31 16:05:47.542 DEBUG 29781 --- [    Test worker] o.s.b.f.s.DefaultListableBeanFactory     : Creating shared instance of singleton bean 'healthEndpoint'
?[0m?[0;34m2023-03-31 16:05:47.542 DEBUG 29781 --- [    Test worker] o.s.b.f.s.DefaultListableBeanFactory     : Creating shared instance of singleton bean 'org.springframework.boot.actuate.autoconfigure.health.HealthEndpointConfiguration'
?[0m?[0;34m2023-03-31 16:05:47.543 DEBUG 29781 --- [    Test worker] o.s.b.f.s.DefaultListableBeanFactory     : Creating shared instance of singleton bean 'healthContributorRegistry'
?[0m?[0;34m2023-03-31 16:05:47.543 DEBUG 29781 --- [    Test worker] o.s.b.f.s.DefaultListableBeanFactory     : Creating shared instance of singleton bean 'healthEndpointGroups'
?[0m?[0;34m2023-03-31 16:05:47.544 DEBUG 29781 --- [    Test worker] o.s.b.f.s.DefaultListableBeanFactory     : Creating shared instance of singleton bean 'management.endpoint.health-org.springframework.boot.actuate.autoconfigure.health.HealthEndpointProperties'
?[0m?[0;34m2023-03-31 16:05:47.545 DEBUG 29781 --- [    Test worker] o.s.b.f.s.DefaultListableBeanFactory     : Autowiring by type from bean name 'healthEndpointGroups' via factory method to bean named 'org.springframework.boot.web.servlet.context.AnnotationConfigServletWebServerApplicationContext@532a02d9'
?[0m?[0;34m2023-03-31 16:05:47.545 DEBUG 29781 --- [    Test worker] o.s.b.f.s.DefaultListableBeanFactory     : Autowiring by type from bean name 'healthEndpointGroups' via factory method to bean named 'management.endpoint.health-org.springframework.boot.actuate.autoconfigure.health.HealthEndpointProperties'
?[0m?[0;34m2023-03-31 16:05:47.546 DEBUG 29781 --- [    Test worker] o.s.b.f.s.DefaultListableBeanFactory     : Creating shared instance of singleton bean 'healthStatusAggregator'
?[0m?[0;34m2023-03-31 16:05:47.547 DEBUG 29781 --- [    Test worker] o.s.b.f.s.DefaultListableBeanFactory     : Autowiring by type from bean name 'healthStatusAggregator' via factory method to bean named 'management.endpoint.health-org.springframework.boot.actuate.autoconfigure.health.HealthEndpointProperties'
?[0m?[0;34m2023-03-31 16:05:47.548 DEBUG 29781 --- [    Test worker] o.s.b.f.s.DefaultListableBeanFactory     : Creating shared instance of singleton bean 'healthHttpCodeStatusMapper'
?[0m?[0;34m2023-03-31 16:05:47.548 DEBUG 29781 --- [    Test worker] o.s.b.f.s.DefaultListableBeanFactory     : Autowiring by type from bean name 'healthHttpCodeStatusMapper' via factory method to bean named 'management.endpoint.health-org.springframework.boot.actuate.autoconfigure.health.HealthEndpointProperties'
?[0m?[0;34m2023-03-31 16:05:47.551 DEBUG 29781 --- [    Test worker] o.s.b.f.s.DefaultListableBeanFactory     : Autowiring by type from bean name 'healthContributorRegistry' via factory method to bean named 'org.springframework.boot.web.servlet.context.AnnotationConfigServletWebServerApplicationContext@532a02d9'
?[0m?[0;34m2023-03-31 16:05:47.551 DEBUG 29781 --- [    Test worker] o.s.b.f.s.DefaultListableBeanFactory     : Autowiring by type from bean name 'healthContributorRegistry' via factory method to bean named 'healthEndpointGroups'
?[0m?[0;34m2023-03-31 16:05:47.551 DEBUG 29781 --- [    Test worker] o.s.b.f.s.DefaultListableBeanFactory     : Creating shared instance of singleton bean 'diskSpaceHealthIndicator'
?[0m?[0;34m2023-03-31 16:05:47.552 DEBUG 29781 --- [    Test worker] o.s.b.f.s.DefaultListableBeanFactory     : Creating shared instance of singleton bean 'org.springframework.boot.actuate.autoconfigure.system.DiskSpaceHealthContributorAutoConfiguration'
?[0m?[0;34m2023-03-31 16:05:47.553 DEBUG 29781 --- [    Test worker] o.s.b.f.s.DefaultListableBeanFactory     : Creating shared instance of singleton bean 'management.health.diskspace-org.springframework.boot.actuate.autoconfigure.system.DiskSpaceHealthIndicatorProperties'
?[0m?[0;34m2023-03-31 16:05:47.553 DEBUG 29781 --- [    Test worker] o.s.b.f.s.DefaultListableBeanFactory     : Autowiring by type from bean name 'diskSpaceHealthIndicator' via factory method to bean named 'management.health.diskspace-org.springframework.boot.actuate.autoconfigure.system.DiskSpaceHealthIndicatorProperties'
?[0m?[0;34m2023-03-31 16:05:47.554 DEBUG 29781 --- [    Test worker] o.s.b.f.s.DefaultListableBeanFactory     : Creating shared instance of singleton bean 'pingHealthContributor'
?[0m?[0;34m2023-03-31 16:05:47.555 DEBUG 29781 --- [    Test worker] o.s.b.f.s.DefaultListableBeanFactory     : Creating shared instance of singleton bean 'org.springframework.boot.actuate.autoconfigure.health.HealthContributorAutoConfiguration'
?[0m?[0;34m2023-03-31 16:05:47.555 DEBUG 29781 --- [    Test worker] o.s.b.f.s.DefaultListableBeanFactory     : Creating shared instance of singleton bean 'dbHealthContributor'
?[0m?[0;34m2023-03-31 16:05:47.555 DEBUG 29781 --- [    Test worker] o.s.b.f.s.DefaultListableBeanFactory     : Creating shared instance of singleton bean 'org.springframework.boot.actuate.autoconfigure.jdbc.DataSourceHealthContributorAutoConfiguration'
?[0m?[0;34m2023-03-31 16:05:47.557 DEBUG 29781 --- [    Test worker] o.s.b.f.s.DefaultListableBeanFactory     : Creating shared instance of singleton bean 'management.health.db-org.springframework.boot.actuate.autoconfigure.jdbc.DataSourceHealthIndicatorProperties'
?[0m?[0;34m2023-03-31 16:05:47.557 DEBUG 29781 --- [    Test worker] o.s.b.f.s.DefaultListableBeanFactory     : Autowiring by type from bean name 'dbHealthContributor' via factory method to bean named 'dataSource'
?[0m?[0;34m2023-03-31 16:05:47.557 DEBUG 29781 --- [    Test worker] o.s.b.f.s.DefaultListableBeanFactory     : Autowiring by type from bean name 'dbHealthContributor' via factory method to bean named 'management.health.db-org.springframework.boot.actuate.autoconfigure.jdbc.DataSourceHealthIndicatorProperties'
?[0m?[0;34m2023-03-31 16:05:47.562 DEBUG 29781 --- [    Test worker] o.s.b.f.s.DefaultListableBeanFactory     : Autowiring by type from bean name 'healthEndpoint' via factory method to bean named 'healthContributorRegistry'
?[0m?[0;34m2023-03-31 16:05:47.563 DEBUG 29781 --- [    Test worker] o.s.b.f.s.DefaultListableBeanFactory     : Autowiring by type from bean name 'healthEndpoint' via factory method to bean named 'healthEndpointGroups'
?[0m?[0;34m2023-03-31 16:05:47.564 DEBUG 29781 --- [    Test worker] o.s.b.f.s.DefaultListableBeanFactory     : Creating shared instance of singleton bean 'configurationPropertiesReportEndpoint'
?[0m?[0;34m2023-03-31 16:05:47.564 DEBUG 29781 --- [    Test worker] o.s.b.f.s.DefaultListableBeanFactory     : Creating shared instance of singleton bean 'org.springframework.boot.actuate.autoconfigure.context.properties.ConfigurationPropertiesReportEndpointAutoConfiguration'
?[0m?[0;34m2023-03-31 16:05:47.565 DEBUG 29781 --- [    Test worker] o.s.b.f.s.DefaultListableBeanFactory     : Creating shared instance of singleton bean 'management.endpoint.configprops-org.springframework.boot.actuate.autoconfigure.context.properties.ConfigurationPropertiesReportEndpointProperties'
?[0m?[0;34m2023-03-31 16:05:47.565 DEBUG 29781 --- [    Test worker] o.s.b.f.s.DefaultListableBeanFactory     : Autowiring by type from bean name 'configurationPropertiesReportEndpoint' via factory method to bean named 'management.endpoint.configprops-org.springframework.boot.actuate.autoconfigure.context.properties.ConfigurationPropertiesReportEndpointProperties'
?[0m?[0;34m2023-03-31 16:05:47.567 DEBUG 29781 --- [    Test worker] o.s.b.f.s.DefaultListableBeanFactory     : Creating shared instance of singleton bean 'environmentEndpoint'
?[0m?[0;34m2023-03-31 16:05:47.567 DEBUG 29781 --- [    Test worker] o.s.b.f.s.DefaultListableBeanFactory     : Creating shared instance of singleton bean 'org.springframework.boot.actuate.autoconfigure.env.EnvironmentEndpointAutoConfiguration'
?[0m?[0;34m2023-03-31 16:05:47.568 DEBUG 29781 --- [    Test worker] o.s.b.f.s.DefaultListableBeanFactory     : Creating shared instance of singleton bean 'management.endpoint.env-org.springframework.boot.actuate.autoconfigure.env.EnvironmentEndpointProperties'
?[0m?[0;34m2023-03-31 16:05:47.569 DEBUG 29781 --- [    Test worker] o.s.b.f.s.DefaultListableBeanFactory     : Autowiring by type from bean name 'environmentEndpoint' via factory method to bean named 'environment'
?[0m?[0;34m2023-03-31 16:05:47.569 DEBUG 29781 --- [    Test worker] o.s.b.f.s.DefaultListableBeanFactory     : Autowiring by type from bean name 'environmentEndpoint' via factory method to bean named 'management.endpoint.env-org.springframework.boot.actuate.autoconfigure.env.EnvironmentEndpointProperties'
?[0m?[0;34m2023-03-31 16:05:47.570 DEBUG 29781 --- [    Test worker] o.s.b.f.s.DefaultListableBeanFactory     : Creating shared instance of singleton bean 'beansEndpoint'
?[0m?[0;34m2023-03-31 16:05:47.571 DEBUG 29781 --- [    Test worker] o.s.b.f.s.DefaultListableBeanFactory     : Creating shared instance of singleton bean 'org.springframework.boot.actuate.autoconfigure.beans.BeansEndpointAutoConfiguration'
?[0m?[0;34m2023-03-31 16:05:47.571 DEBUG 29781 --- [    Test worker] o.s.b.f.s.DefaultListableBeanFactory     : Autowiring by type from bean name 'beansEndpoint' via factory method to bean named 'org.springframework.boot.web.servlet.context.AnnotationConfigServletWebServerApplicationContext@532a02d9'
?[0m?[0;34m2023-03-31 16:05:47.577 DEBUG 29781 --- [    Test worker] o.s.b.f.s.DefaultListableBeanFactory     : Creating shared instance of singleton bean 'cachesEndpointWebExtension'
?[0m?[0;34m2023-03-31 16:05:47.578 DEBUG 29781 --- [    Test worker] o.s.b.f.s.DefaultListableBeanFactory     : Autowiring by type from bean name 'cachesEndpointWebExtension' via factory method to bean named 'cachesEndpoint'
?[0m?[0;34m2023-03-31 16:05:47.579 DEBUG 29781 --- [    Test worker] o.s.b.f.s.DefaultListableBeanFactory     : Creating shared instance of singleton bean 'healthEndpointWebExtension'
?[0m?[0;34m2023-03-31 16:05:47.579 DEBUG 29781 --- [    Test worker] o.s.b.f.s.DefaultListableBeanFactory     : Creating shared instance of singleton bean 'org.springframework.boot.actuate.autoconfigure.health.HealthEndpointWebExtensionConfiguration'
?[0m?[0;34m2023-03-31 16:05:47.579 DEBUG 29781 --- [    Test worker] o.s.b.f.s.DefaultListableBeanFactory     : Autowiring by type from bean name 'healthEndpointWebExtension' via factory method to bean named 'healthContributorRegistry'
?[0m?[0;34m2023-03-31 16:05:47.580 DEBUG 29781 --- [    Test worker] o.s.b.f.s.DefaultListableBeanFactory     : Autowiring by type from bean name 'healthEndpointWebExtension' via factory method to bean named 'healthEndpointGroups'
?[0m?[0;34m2023-03-31 16:05:47.580 DEBUG 29781 --- [    Test worker] o.s.b.f.s.DefaultListableBeanFactory     : Creating shared instance of singleton bean 'infoEndpoint'
?[0m?[0;34m2023-03-31 16:05:47.581 DEBUG 29781 --- [    Test worker] o.s.b.f.s.DefaultListableBeanFactory     : Creating shared instance of singleton bean 'org.springframework.boot.actuate.autoconfigure.info.InfoEndpointAutoConfiguration'
?[0m?[0;34m2023-03-31 16:05:47.581 DEBUG 29781 --- [    Test worker] o.s.b.f.s.DefaultListableBeanFactory     : Creating shared instance of singleton bean 'envInfoContributor'
?[0m?[0;34m2023-03-31 16:05:47.581 DEBUG 29781 --- [    Test worker] o.s.b.f.s.DefaultListableBeanFactory     : Creating shared instance of singleton bean 'org.springframework.boot.actuate.autoconfigure.info.InfoContributorAutoConfiguration'
?[0m?[0;34m2023-03-31 16:05:47.582 DEBUG 29781 --- [    Test worker] o.s.b.f.s.DefaultListableBeanFactory     : Autowiring by type from bean name 'envInfoContributor' via factory method to bean named 'environment'
?[0m?[0;34m2023-03-31 16:05:47.583 DEBUG 29781 --- [    Test worker] o.s.b.f.s.DefaultListableBeanFactory     : Creating shared instance of singleton bean 'conditionsReportEndpoint'
?[0m?[0;34m2023-03-31 16:05:47.583 DEBUG 29781 --- [    Test worker] o.s.b.f.s.DefaultListableBeanFactory     : Creating shared instance of singleton bean 'org.springframework.boot.actuate.autoconfigure.condition.ConditionsReportEndpointAutoConfiguration'
?[0m?[0;34m2023-03-31 16:05:47.583 DEBUG 29781 --- [    Test worker] o.s.b.f.s.DefaultListableBeanFactory     : Autowiring by type from bean name 'conditionsReportEndpoint' via factory method to bean named 'org.springframework.boot.web.servlet.context.AnnotationConfigServletWebServerApplicationContext@532a02d9'
?[0m?[0;34m2023-03-31 16:05:47.584 DEBUG 29781 --- [    Test worker] o.s.b.f.s.DefaultListableBeanFactory     : Creating shared instance of singleton bean 'shutdownEndpoint'
?[0m?[0;34m2023-03-31 16:05:47.584 DEBUG 29781 --- [    Test worker] o.s.b.f.s.DefaultListableBeanFactory     : Creating shared instance of singleton bean 'org.springframework.boot.actuate.autoconfigure.context.ShutdownEndpointAutoConfiguration'
?[0m?[0;34m2023-03-31 16:05:47.586 DEBUG 29781 --- [    Test worker] o.s.b.f.s.DefaultListableBeanFactory     : Creating shared instance of singleton bean 'configurationPropertiesReportEndpointWebExtension'
?[0m?[0;34m2023-03-31 16:05:47.587 DEBUG 29781 --- [    Test worker] o.s.b.f.s.DefaultListableBeanFactory     : Autowiring by type from bean name 'configurationPropertiesReportEndpointWebExtension' via factory method to bean named 'configurationPropertiesReportEndpoint'
?[0m?[0;34m2023-03-31 16:05:47.588 DEBUG 29781 --- [    Test worker] o.s.b.f.s.DefaultListableBeanFactory     : Creating shared instance of singleton bean 'environmentEndpointWebExtension'
?[0m?[0;34m2023-03-31 16:05:47.588 DEBUG 29781 --- [    Test worker] o.s.b.f.s.DefaultListableBeanFactory     : Autowiring by type from bean name 'environmentEndpointWebExtension' via factory method to bean named 'environmentEndpoint'
?[0m?[0;34m2023-03-31 16:05:47.589 DEBUG 29781 --- [    Test worker] o.s.b.f.s.DefaultListableBeanFactory     : Creating shared instance of singleton bean 'loggersEndpoint'
?[0m?[0;34m2023-03-31 16:05:47.589 DEBUG 29781 --- [    Test worker] o.s.b.f.s.DefaultListableBeanFactory     : Creating shared instance of singleton bean 'org.springframework.boot.actuate.autoconfigure.logging.LoggersEndpointAutoConfiguration'
?[0m?[0;34m2023-03-31 16:05:47.590 DEBUG 29781 --- [    Test worker] o.s.b.f.s.DefaultListableBeanFactory     : Autowiring by type from bean name 'loggersEndpoint' via factory method to bean named 'springBootLoggingSystem'
?[0m?[0;34m2023-03-31 16:05:47.592 DEBUG 29781 --- [    Test worker] o.s.b.f.s.DefaultListableBeanFactory     : Creating shared instance of singleton bean 'heapDumpWebEndpoint'
?[0m?[0;34m2023-03-31 16:05:47.592 DEBUG 29781 --- [    Test worker] o.s.b.f.s.DefaultListableBeanFactory     : Creating shared instance of singleton bean 'org.springframework.boot.actuate.autoconfigure.management.HeapDumpWebEndpointAutoConfiguration'
?[0m?[0;34m2023-03-31 16:05:47.593 DEBUG 29781 --- [    Test worker] o.s.b.f.s.DefaultListableBeanFactory     : Creating shared instance of singleton bean 'dumpEndpoint'
?[0m?[0;34m2023-03-31 16:05:47.593 DEBUG 29781 --- [    Test worker] o.s.b.f.s.DefaultListableBeanFactory     : Creating shared instance of singleton bean 'org.springframework.boot.actuate.autoconfigure.management.ThreadDumpEndpointAutoConfiguration'
?[0m?[0;34m2023-03-31 16:05:47.594 DEBUG 29781 --- [    Test worker] o.s.b.f.s.DefaultListableBeanFactory     : Creating shared instance of singleton bean 'metricsEndpoint'
?[0m?[0;34m2023-03-31 16:05:47.594 DEBUG 29781 --- [    Test worker] o.s.b.f.s.DefaultListableBeanFactory     : Creating shared instance of singleton bean 'org.springframework.boot.actuate.autoconfigure.metrics.MetricsEndpointAutoConfiguration'
?[0m?[0;34m2023-03-31 16:05:47.595 DEBUG 29781 --- [    Test worker] o.s.b.f.s.DefaultListableBeanFactory     : Autowiring by type from bean name 'metricsEndpoint' via factory method to bean named 'simpleMeterRegistry'
?[0m?[0;34m2023-03-31 16:05:47.596 DEBUG 29781 --- [    Test worker] o.s.b.f.s.DefaultListableBeanFactory     : Creating shared instance of singleton bean 'scheduledTasksEndpoint'
?[0m?[0;34m2023-03-31 16:05:47.596 DEBUG 29781 --- [    Test worker] o.s.b.f.s.DefaultListableBeanFactory     : Creating shared instance of singleton bean 'org.springframework.boot.actuate.autoconfigure.scheduling.ScheduledTasksEndpointAutoConfiguration'
?[0m?[0;34m2023-03-31 16:05:47.598 DEBUG 29781 --- [    Test worker] o.s.b.f.s.DefaultListableBeanFactory     : Creating shared instance of singleton bean 'mappingsEndpoint'
?[0m?[0;34m2023-03-31 16:05:47.598 DEBUG 29781 --- [    Test worker] o.s.b.f.s.DefaultListableBeanFactory     : Creating shared instance of singleton bean 'org.springframework.boot.actuate.autoconfigure.web.mappings.MappingsEndpointAutoConfiguration'
?[0m?[0;34m2023-03-31 16:05:47.598 DEBUG 29781 --- [    Test worker] o.s.b.f.s.DefaultListableBeanFactory     : Autowiring by type from bean name 'mappingsEndpoint' via factory method to bean named 'org.springframework.boot.web.servlet.context.AnnotationConfigServletWebServerApplicationContext@532a02d9'
?[0m?[0;34m2023-03-31 16:05:47.599 DEBUG 29781 --- [    Test worker] o.s.b.f.s.DefaultListableBeanFactory     : Creating shared instance of singleton bean 'dispatcherServletMappingDescriptionProvider'
?[0m?[0;34m2023-03-31 16:05:47.599 DEBUG 29781 --- [    Test worker] o.s.b.f.s.DefaultListableBeanFactory     : Creating shared instance of singleton bean 'org.springframework.boot.actuate.autoconfigure.web.mappings.MappingsEndpointAutoConfiguration$ServletWebConfiguration$SpringMvcConfiguration'
?[0m?[0;34m2023-03-31 16:05:47.600 DEBUG 29781 --- [    Test worker] o.s.b.f.s.DefaultListableBeanFactory     : Creating shared instance of singleton bean 'servletMappingDescriptionProvider'
?[0m?[0;34m2023-03-31 16:05:47.600 DEBUG 29781 --- [    Test worker] o.s.b.f.s.DefaultListableBeanFactory     : Creating shared instance of singleton bean 'org.springframework.boot.actuate.autoconfigure.web.mappings.MappingsEndpointAutoConfiguration$ServletWebConfiguration'
?[0m?[0;34m2023-03-31 16:05:47.600 DEBUG 29781 --- [    Test worker] o.s.b.f.s.DefaultListableBeanFactory     : Creating shared instance of singleton bean 'filterMappingDescriptionProvider'
?[0m?[0;34m2023-03-31 16:05:47.605  INFO 29781 --- [    Test worker] o.s.b.a.e.web.EndpointLinksResolver      : Exposing 14 endpoint(s) beneath base path '/actuator'
?[0m?[0;34m2023-03-31 16:05:47.610 DEBUG 29781 --- [    Test worker] o.s.b.f.s.DefaultListableBeanFactory     : Creating shared instance of singleton bean 'controllerEndpointHandlerMapping'
?[0m?[0;34m2023-03-31 16:05:47.611 DEBUG 29781 --- [    Test worker] o.s.b.f.s.DefaultListableBeanFactory     : Autowiring by type from bean name 'controllerEndpointHandlerMapping' via factory method to bean named 'controllerEndpointDiscoverer'
?[0m?[0;34m2023-03-31 16:05:47.611 DEBUG 29781 --- [    Test worker] o.s.b.f.s.DefaultListableBeanFactory     : Autowiring by type from bean name 'controllerEndpointHandlerMapping' via factory method to bean named 'management.endpoints.web.cors-org.springframework.boot.actuate.autoconfigure.endpoint.web.CorsEndpointProperties'
?[0m?[0;34m2023-03-31 16:05:47.611 DEBUG 29781 --- [    Test worker] o.s.b.f.s.DefaultListableBeanFactory     : Autowiring by type from bean name 'controllerEndpointHandlerMapping' via factory method to bean named 'management.endpoints.web-org.springframework.boot.actuate.autoconfigure.endpoint.web.WebEndpointProperties'
?[0m?[0;34m2023-03-31 16:05:47.639 DEBUG 29781 --- [    Test worker] edFilterInvocationSecurityMetadataSource : Adding web access control expression [permitAll] for Mvc [pattern='/api/register', POST]
?[0m?[0;34m2023-03-31 16:05:47.640 DEBUG 29781 --- [    Test worker] edFilterInvocationSecurityMetadataSource : Adding web access control expression [permitAll] for Mvc [pattern='/actuator/shutdown', POST]
?[0m?[0;34m2023-03-31 16:05:47.640 DEBUG 29781 --- [    Test worker] edFilterInvocationSecurityMetadataSource : Adding web access control expression [hasRole('ROLE_USER')] for any request
?[0m?[0;34m2023-03-31 16:05:47.647  INFO 29781 --- [    Test worker] o.s.s.web.DefaultSecurityFilterChain     : Will secure any request with [org.springframework.security.web.context.request.async.WebAsyncManagerIntegrationFilter@4f579582, org.springframework.security.web.context.SecurityContextPersistenceFilter@445f6aa7, org.springframework.security.web.header.HeaderWriterFilter@5aec151b, org.springframework.security.web.authentication.logout.LogoutFilter@520eb9f8, org.springframework.security.web.authentication.www.BasicAuthenticationFilter@1f4b8027, org.springframework.security.web.savedrequest.RequestCacheAwareFilter@2b98c310, org.springframework.security.web.servletapi.SecurityContextHolderAwareRequestFilter@26723525, org.springframework.security.web.authentication.AnonymousAuthenticationFilter@4769e70c, org.springframework.security.web.session.SessionManagementFilter@4cf1bd4a, org.springframework.security.web.access.ExceptionTranslationFilter@57f6fc09, org.springframework.security.web.access.intercept.FilterSecurityInterceptor@4f8641d1]
?[0m?[0;34m2023-03-31 16:05:47.649 DEBUG 29781 --- [    Test worker] o.s.b.f.s.DefaultListableBeanFactory     : Creating shared instance of singleton bean 'webSecurityExpressionHandler'
?[0m?[0;34m2023-03-31 16:05:47.650 DEBUG 29781 --- [    Test worker] o.s.b.f.s.DefaultListableBeanFactory     : Creating shared instance of singleton bean 'privilegeEvaluator'
?[0m?[0;34m2023-03-31 16:05:47.650 DEBUG 29781 --- [    Test worker] o.s.b.f.s.DefaultListableBeanFactory     : Creating shared instance of singleton bean 'requestDataValueProcessor'
?[0m?[0;34m2023-03-31 16:05:47.651 DEBUG 29781 --- [    Test worker] o.s.b.f.s.DefaultListableBeanFactory     : Creating shared instance of singleton bean 'org.springframework.security.config.annotation.web.configuration.HttpSecurityConfiguration'
?[0m?[0;34m2023-03-31 16:05:47.653 DEBUG 29781 --- [    Test worker] o.s.b.f.s.DefaultListableBeanFactory     : Creating shared instance of singleton bean 'org.springframework.boot.autoconfigure.context.PropertyPlaceholderAutoConfiguration'
?[0m?[0;34m2023-03-31 16:05:47.654 DEBUG 29781 --- [    Test worker] o.s.b.f.s.DefaultListableBeanFactory     : Creating shared instance of singleton bean 'org.springframework.boot.autoconfigure.websocket.servlet.WebSocketServletAutoConfiguration'
?[0m?[0;34m2023-03-31 16:05:47.654 DEBUG 29781 --- [    Test worker] o.s.b.f.s.DefaultListableBeanFactory     : Creating shared instance of singleton bean 'org.springframework.boot.autoconfigure.web.servlet.DispatcherServletAutoConfiguration'
?[0m?[0;34m2023-03-31 16:05:47.654 DEBUG 29781 --- [    Test worker] o.s.b.f.s.DefaultListableBeanFactory     : Creating shared instance of singleton bean 'org.springframework.boot.autoconfigure.task.TaskExecutionAutoConfiguration'
?[0m?[0;34m2023-03-31 16:05:47.654 DEBUG 29781 --- [    Test worker] o.s.b.f.s.DefaultListableBeanFactory     : Creating shared instance of singleton bean 'taskExecutorBuilder'
?[0m?[0;34m2023-03-31 16:05:47.655 DEBUG 29781 --- [    Test worker] o.s.b.f.s.DefaultListableBeanFactory     : Creating shared instance of singleton bean 'spring.task.execution-org.springframework.boot.autoconfigure.task.TaskExecutionProperties'
?[0m?[0;34m2023-03-31 16:05:47.656 DEBUG 29781 --- [    Test worker] o.s.b.f.s.DefaultListableBeanFactory     : Autowiring by type from bean name 'taskExecutorBuilder' via factory method to bean named 'spring.task.execution-org.springframework.boot.autoconfigure.task.TaskExecutionProperties'
?[0m?[0;34m2023-03-31 16:05:47.657 DEBUG 29781 --- [    Test worker] o.s.b.f.s.DefaultListableBeanFactory     : Creating shared instance of singleton bean 'org.springframework.boot.autoconfigure.validation.ValidationAutoConfiguration'
?[0m?[0;34m2023-03-31 16:05:47.657 DEBUG 29781 --- [    Test worker] o.s.b.f.s.DefaultListableBeanFactory     : Creating shared instance of singleton bean 'defaultValidator'
?[0m?[0;34m2023-03-31 16:05:47.661 DEBUG 29781 --- [    Test worker] o.s.b.f.s.DefaultListableBeanFactory     : Creating shared instance of singleton bean 'org.springframework.boot.autoconfigure.web.servlet.error.ErrorMvcAutoConfiguration$WhitelabelErrorViewConfiguration'
?[0m?[0;34m2023-03-31 16:05:47.662 DEBUG 29781 --- [    Test worker] o.s.b.f.s.DefaultListableBeanFactory     : Creating shared instance of singleton bean 'error'
?[0m?[0;34m2023-03-31 16:05:47.662 DEBUG 29781 --- [    Test worker] o.s.b.f.s.DefaultListableBeanFactory     : Creating shared instance of singleton bean 'beanNameViewResolver'
?[0m?[0;34m2023-03-31 16:05:47.663 DEBUG 29781 --- [    Test worker] o.s.b.f.s.DefaultListableBeanFactory     : Creating shared instance of singleton bean 'org.springframework.boot.autoconfigure.web.servlet.error.ErrorMvcAutoConfiguration$DefaultErrorViewResolverConfiguration'
?[0m?[0;34m2023-03-31 16:05:47.663 DEBUG 29781 --- [    Test worker] o.s.b.f.s.DefaultListableBeanFactory     : Autowiring by type from bean name 'org.springframework.boot.autoconfigure.web.servlet.error.ErrorMvcAutoConfiguration$DefaultErrorViewResolverConfiguration' via constructor to bean named 'org.springframework.boot.web.servlet.context.AnnotationConfigServletWebServerApplicationContext@532a02d9'
?[0m?[0;34m2023-03-31 16:05:47.663 DEBUG 29781 --- [    Test worker] o.s.b.f.s.DefaultListableBeanFactory     : Autowiring by type from bean name 'org.springframework.boot.autoconfigure.web.servlet.error.ErrorMvcAutoConfiguration$DefaultErrorViewResolverConfiguration' via constructor to bean named 'spring.resources-org.springframework.boot.autoconfigure.web.ResourceProperties'
?[0m?[0;34m2023-03-31 16:05:47.663 DEBUG 29781 --- [    Test worker] o.s.b.f.s.DefaultListableBeanFactory     : Autowiring by type from bean name 'org.springframework.boot.autoconfigure.web.servlet.error.ErrorMvcAutoConfiguration$DefaultErrorViewResolverConfiguration' via constructor to bean named 'spring.web-org.springframework.boot.autoconfigure.web.WebProperties'
?[0m?[0;34m2023-03-31 16:05:47.663 DEBUG 29781 --- [    Test worker] o.s.b.f.s.DefaultListableBeanFactory     : Creating shared instance of singleton bean 'conventionErrorViewResolver'
?[0m?[0;34m2023-03-31 16:05:47.663 DEBUG 29781 --- [    Test worker] o.s.b.f.s.DefaultListableBeanFactory     : Creating shared instance of singleton bean 'errorAttributes'
?[0m?[0;34m2023-03-31 16:05:47.664 DEBUG 29781 --- [    Test worker] o.s.b.f.s.DefaultListableBeanFactory     : Creating shared instance of singleton bean 'basicErrorController'
?[0m?[0;34m2023-03-31 16:05:47.664 DEBUG 29781 --- [    Test worker] o.s.b.f.s.DefaultListableBeanFactory     : Autowiring by type from bean name 'basicErrorController' via factory method to bean named 'errorAttributes'
?[0m?[0;34m2023-03-31 16:05:47.665 DEBUG 29781 --- [    Test worker] o.s.b.f.s.DefaultListableBeanFactory     : Creating shared instance of singleton bean 'requestMappingHandlerAdapter'
?[0m?[0;34m2023-03-31 16:05:47.665 DEBUG 29781 --- [    Test worker] o.s.b.f.s.DefaultListableBeanFactory     : Creating shared instance of singleton bean 'mvcValidator'
?[0m?[0;34m2023-03-31 16:05:47.666 DEBUG 29781 --- [    Test worker] o.s.b.f.s.DefaultListableBeanFactory     : Autowiring by type from bean name 'requestMappingHandlerAdapter' via factory method to bean named 'mvcContentNegotiationManager'
?[0m?[0;34m2023-03-31 16:05:47.666 DEBUG 29781 --- [    Test worker] o.s.b.f.s.DefaultListableBeanFactory     : Autowiring by type from bean name 'requestMappingHandlerAdapter' via factory method to bean named 'mvcConversionService'
?[0m?[0;34m2023-03-31 16:05:47.666 DEBUG 29781 --- [    Test worker] o.s.b.f.s.DefaultListableBeanFactory     : Autowiring by type from bean name 'requestMappingHandlerAdapter' via factory method to bean named 'mvcValidator'
?[0m?[0;34m2023-03-31 16:05:47.666 DEBUG 29781 --- [    Test worker] o.s.b.f.s.DefaultListableBeanFactory     : Autowiring by type from bean name 'requestMappingHandlerAdapter' via factory method to bean named 'mvcContentNegotiationManager'
?[0m?[0;34m2023-03-31 16:05:47.666 DEBUG 29781 --- [    Test worker] o.s.b.f.s.DefaultListableBeanFactory     : Autowiring by type from bean name 'requestMappingHandlerAdapter' via factory method to bean named 'mvcConversionService'
?[0m?[0;34m2023-03-31 16:05:47.666 DEBUG 29781 --- [    Test worker] o.s.b.f.s.DefaultListableBeanFactory     : Autowiring by type from bean name 'requestMappingHandlerAdapter' via factory method to bean named 'mvcValidator'
?[0m?[0;34m2023-03-31 16:05:47.670 DEBUG 29781 --- [    Test worker] o.s.b.f.s.DefaultListableBeanFactory     : Creating shared instance of singleton bean 'sortResolver'
?[0m?[0;34m2023-03-31 16:05:47.671 DEBUG 29781 --- [    Test worker] o.s.b.f.s.DefaultListableBeanFactory     : Creating shared instance of singleton bean 'sortCustomizer'
?[0m?[0;34m2023-03-31 16:05:47.671 DEBUG 29781 --- [    Test worker] o.s.b.f.s.DefaultListableBeanFactory     : Creating shared instance of singleton bean 'org.springframework.boot.autoconfigure.data.web.SpringDataWebAutoConfiguration'
?[0m?[0;34m2023-03-31 16:05:47.671 DEBUG 29781 --- [    Test worker] o.s.b.f.s.DefaultListableBeanFactory     : Creating shared instance of singleton bean 'spring.data.web-org.springframework.boot.autoconfigure.data.web.SpringDataWebProperties'
?[0m?[0;34m2023-03-31 16:05:47.672 DEBUG 29781 --- [    Test worker] o.s.b.f.s.DefaultListableBeanFactory     : Autowiring by type from bean name 'org.springframework.boot.autoconfigure.data.web.SpringDataWebAutoConfiguration' via constructor to bean named 'spring.data.web-org.springframework.boot.autoconfigure.data.web.SpringDataWebProperties'
?[0m?[0;34m2023-03-31 16:05:47.673 DEBUG 29781 --- [    Test worker] o.s.b.f.s.DefaultListableBeanFactory     : Creating shared instance of singleton bean 'pageableResolver'
?[0m?[0;34m2023-03-31 16:05:47.674 DEBUG 29781 --- [    Test worker] o.s.b.f.s.DefaultListableBeanFactory     : Creating shared instance of singleton bean 'pageableCustomizer'
?[0m?[0;34m2023-03-31 16:05:47.676 DEBUG 29781 --- [    Test worker] o.s.b.f.s.DefaultListableBeanFactory     : Creating shared instance of singleton bean 'applicationTaskExecutor'
?[0m?[0;34m2023-03-31 16:05:47.676 DEBUG 29781 --- [    Test worker] o.s.b.f.s.DefaultListableBeanFactory     : Autowiring by type from bean name 'applicationTaskExecutor' via factory method to bean named 'taskExecutorBuilder'
?[0m?[0;34m2023-03-31 16:05:47.678 DEBUG 29781 --- [    Test worker] o.s.s.concurrent.ThreadPoolTaskExecutor  : Initializing ExecutorService 'applicationTaskExecutor'
?[0m?[0;34m2023-03-31 16:05:47.682 DEBUG 29781 --- [    Test worker] s.w.s.m.m.a.RequestMappingHandlerAdapter : ControllerAdvice beans: 0 @ModelAttribute, 0 @InitBinder, 1 RequestBodyAdvice, 1 ResponseBodyAdvice
?[0m?[0;34m2023-03-31 16:05:47.693 DEBUG 29781 --- [    Test worker] o.s.b.f.s.DefaultListableBeanFactory     : Creating shared instance of singleton bean 'localeResolver'
?[0m?[0;34m2023-03-31 16:05:47.694 DEBUG 29781 --- [    Test worker] o.s.b.f.s.DefaultListableBeanFactory     : Creating shared instance of singleton bean 'themeResolver'
?[0m?[0;34m2023-03-31 16:05:47.694 DEBUG 29781 --- [    Test worker] o.s.b.f.s.DefaultListableBeanFactory     : Creating shared instance of singleton bean 'flashMapManager'
?[0m?[0;34m2023-03-31 16:05:47.695 DEBUG 29781 --- [    Test worker] o.s.b.f.s.DefaultListableBeanFactory     : Creating shared instance of singleton bean 'mvcPatternParser'
?[0m?[0;34m2023-03-31 16:05:47.696 DEBUG 29781 --- [    Test worker] o.s.b.f.s.DefaultListableBeanFactory     : Creating shared instance of singleton bean 'mvcUrlPathHelper'
?[0m?[0;34m2023-03-31 16:05:47.696 DEBUG 29781 --- [    Test worker] o.s.b.f.s.DefaultListableBeanFactory     : Creating shared instance of singleton bean 'mvcPathMatcher'
?[0m?[0;34m2023-03-31 16:05:47.696 DEBUG 29781 --- [    Test worker] o.s.b.f.s.DefaultListableBeanFactory     : Creating shared instance of singleton bean 'handlerFunctionAdapter'
?[0m?[0;34m2023-03-31 16:05:47.697 DEBUG 29781 --- [    Test worker] o.s.b.f.s.DefaultListableBeanFactory     : Creating shared instance of singleton bean 'mvcUriComponentsContributor'
?[0m?[0;34m2023-03-31 16:05:47.698 DEBUG 29781 --- [    Test worker] o.s.b.f.s.DefaultListableBeanFactory     : Autowiring by type from bean name 'mvcUriComponentsContributor' via factory method to bean named 'mvcConversionService'
?[0m?[0;34m2023-03-31 16:05:47.698 DEBUG 29781 --- [    Test worker] o.s.b.f.s.DefaultListableBeanFactory     : Autowiring by type from bean name 'mvcUriComponentsContributor' via factory method to bean named 'requestMappingHandlerAdapter'
?[0m?[0;34m2023-03-31 16:05:47.699 DEBUG 29781 --- [    Test worker] o.s.b.f.s.DefaultListableBeanFactory     : Creating shared instance of singleton bean 'httpRequestHandlerAdapter'
?[0m?[0;34m2023-03-31 16:05:47.699 DEBUG 29781 --- [    Test worker] o.s.b.f.s.DefaultListableBeanFactory     : Creating shared instance of singleton bean 'simpleControllerHandlerAdapter'
?[0m?[0;34m2023-03-31 16:05:47.699 DEBUG 29781 --- [    Test worker] o.s.b.f.s.DefaultListableBeanFactory     : Creating shared instance of singleton bean 'handlerExceptionResolver'
?[0m?[0;34m2023-03-31 16:05:47.699 DEBUG 29781 --- [    Test worker] o.s.b.f.s.DefaultListableBeanFactory     : Autowiring by type from bean name 'handlerExceptionResolver' via factory method to bean named 'mvcContentNegotiationManager'
?[0m?[0;34m2023-03-31 16:05:47.701 DEBUG 29781 --- [    Test worker] .m.m.a.ExceptionHandlerExceptionResolver : ControllerAdvice beans: 0 @ExceptionHandler, 1 ResponseBodyAdvice
?[0m?[0;34m2023-03-31 16:05:47.703 DEBUG 29781 --- [    Test worker] o.s.b.f.s.DefaultListableBeanFactory     : Creating shared instance of singleton bean 'mvcViewResolver'
?[0m?[0;34m2023-03-31 16:05:47.703 DEBUG 29781 --- [    Test worker] o.s.b.f.s.DefaultListableBeanFactory     : Autowiring by type from bean name 'mvcViewResolver' via factory method to bean named 'mvcContentNegotiationManager'
?[0m?[0;34m2023-03-31 16:05:47.704 DEBUG 29781 --- [    Test worker] o.s.b.f.s.DefaultListableBeanFactory     : Creating shared instance of singleton bean 'viewNameTranslator'
?[0m?[0;34m2023-03-31 16:05:47.705 DEBUG 29781 --- [    Test worker] o.s.b.f.s.DefaultListableBeanFactory     : Creating shared instance of singleton bean 'defaultViewResolver'
?[0m?[0;34m2023-03-31 16:05:47.708 DEBUG 29781 --- [    Test worker] o.s.b.f.s.DefaultListableBeanFactory     : Creating shared instance of singleton bean 'viewResolver'
?[0m?[0;34m2023-03-31 16:05:47.708 DEBUG 29781 --- [    Test worker] o.s.b.f.s.DefaultListableBeanFactory     : Autowiring by type from bean name 'viewResolver' via factory method to bean named 'org.springframework.beans.factory.support.DefaultListableBeanFactory@75201592'
?[0m?[0;34m2023-03-31 16:05:47.709 DEBUG 29781 --- [    Test worker] o.s.b.f.s.DefaultListableBeanFactory     : Creating shared instance of singleton bean 'org.springframework.boot.actuate.autoconfigure.audit.AuditEventsEndpointAutoConfiguration'
?[0m?[0;34m2023-03-31 16:05:47.709 DEBUG 29781 --- [    Test worker] o.s.b.f.s.DefaultListableBeanFactory     : Creating shared instance of singleton bean 'org.springframework.boot.autoconfigure.availability.ApplicationAvailabilityAutoConfiguration'
?[0m?[0;34m2023-03-31 16:05:47.709 DEBUG 29781 --- [    Test worker] o.s.b.f.s.DefaultListableBeanFactory     : Creating shared instance of singleton bean 'applicationAvailability'
?[0m?[0;34m2023-03-31 16:05:47.710 DEBUG 29781 --- [    Test worker] o.s.b.f.s.DefaultListableBeanFactory     : Creating shared instance of singleton bean 'org.springframework.boot.actuate.autoconfigure.availability.AvailabilityHealthContributorAutoConfiguration'
?[0m?[0;34m2023-03-31 16:05:47.711 DEBUG 29781 --- [    Test worker] o.s.b.f.s.DefaultListableBeanFactory     : Creating shared instance of singleton bean 'org.springframework.boot.autoconfigure.transaction.jta.JtaAutoConfiguration'
?[0m?[0;34m2023-03-31 16:05:47.711 DEBUG 29781 --- [    Test worker] o.s.b.f.s.DefaultListableBeanFactory     : Creating shared instance of singleton bean 'org.springframework.boot.autoconfigure.jdbc.DataSourceJmxConfiguration$Hikari'
?[0m?[0;34m2023-03-31 16:05:47.711 DEBUG 29781 --- [    Test worker] o.s.b.f.s.DefaultListableBeanFactory     : Autowiring by type from bean name 'org.springframework.boot.autoconfigure.jdbc.DataSourceJmxConfiguration$Hikari' via constructor to bean named 'dataSource'
?[0m?[0;34m2023-03-31 16:05:47.711 DEBUG 29781 --- [    Test worker] o.s.b.f.s.DefaultListableBeanFactory     : Creating shared instance of singleton bean 'org.springframework.boot.autoconfigure.jdbc.DataSourceJmxConfiguration'
?[0m?[0;34m2023-03-31 16:05:47.711 DEBUG 29781 --- [    Test worker] o.s.b.f.s.DefaultListableBeanFactory     : Creating shared instance of singleton bean 'org.springframework.boot.autoconfigure.jdbc.DataSourceAutoConfiguration$PooledDataSourceConfiguration'
?[0m?[0;34m2023-03-31 16:05:47.712 DEBUG 29781 --- [    Test worker] o.s.b.f.s.DefaultListableBeanFactory     : Creating shared instance of singleton bean 'org.springframework.boot.autoconfigure.jdbc.metadata.DataSourcePoolMetadataProvidersConfiguration'
?[0m?[0;34m2023-03-31 16:05:47.712 DEBUG 29781 --- [    Test worker] o.s.b.f.s.DefaultListableBeanFactory     : Creating shared instance of singleton bean 'org.springframework.boot.autoconfigure.jdbc.DataSourceAutoConfiguration'
?[0m?[0;34m2023-03-31 16:05:47.712 DEBUG 29781 --- [    Test worker] o.s.b.f.s.DefaultListableBeanFactory     : Creating shared instance of singleton bean 'transactionManager'
?[0m?[0;34m2023-03-31 16:05:47.713 DEBUG 29781 --- [    Test worker] o.s.b.f.s.DefaultListableBeanFactory     : Creating shared instance of singleton bean 'platformTransactionManagerCustomizers'
?[0m?[0;34m2023-03-31 16:05:47.713 DEBUG 29781 --- [    Test worker] o.s.b.f.s.DefaultListableBeanFactory     : Creating shared instance of singleton bean 'org.springframework.boot.autoconfigure.transaction.TransactionAutoConfiguration'
?[0m?[0;34m2023-03-31 16:05:47.714 DEBUG 29781 --- [    Test worker] o.s.b.f.s.DefaultListableBeanFactory     : Creating shared instance of singleton bean 'spring.transaction-org.springframework.boot.autoconfigure.transaction.TransactionProperties'
?[0m?[0;34m2023-03-31 16:05:47.716 DEBUG 29781 --- [    Test worker] o.s.b.f.s.DefaultListableBeanFactory     : Creating shared instance of singleton bean 'org.springframework.boot.autoconfigure.orm.jpa.HibernateJpaAutoConfiguration'
?[0m?[0;34m2023-03-31 16:05:47.716 DEBUG 29781 --- [    Test worker] o.s.b.f.s.DefaultListableBeanFactory     : Creating shared instance of singleton bean 'org.springframework.boot.actuate.autoconfigure.web.servlet.ServletManagementContextAutoConfiguration'
?[0m?[0;34m2023-03-31 16:05:47.717 DEBUG 29781 --- [    Test worker] o.s.b.f.s.DefaultListableBeanFactory     : Creating shared instance of singleton bean 'servletWebChildContextFactory'
?[0m?[0;34m2023-03-31 16:05:47.717 DEBUG 29781 --- [    Test worker] o.s.b.f.s.DefaultListableBeanFactory     : Creating shared instance of singleton bean 'managementServletContext'
?[0m?[0;34m2023-03-31 16:05:47.717 DEBUG 29781 --- [    Test worker] o.s.b.f.s.DefaultListableBeanFactory     : Autowiring by type from bean name 'managementServletContext' via factory method to bean named 'management.endpoints.web-org.springframework.boot.actuate.autoconfigure.endpoint.web.WebEndpointProperties'
?[0m?[0;34m2023-03-31 16:05:47.717 DEBUG 29781 --- [    Test worker] o.s.b.f.s.DefaultListableBeanFactory     : Creating shared instance of singleton bean 'org.springframework.boot.actuate.autoconfigure.health.HealthEndpointAutoConfiguration'
?[0m?[0;34m2023-03-31 16:05:47.717 DEBUG 29781 --- [    Test worker] o.s.b.f.s.DefaultListableBeanFactory     : Creating shared instance of singleton bean 'org.springframework.boot.autoconfigure.info.ProjectInfoAutoConfiguration'
?[0m?[0;34m2023-03-31 16:05:47.718 DEBUG 29781 --- [    Test worker] o.s.b.f.s.DefaultListableBeanFactory     : Creating shared instance of singleton bean 'spring.info-org.springframework.boot.autoconfigure.info.ProjectInfoProperties'
?[0m?[0;34m2023-03-31 16:05:47.719 DEBUG 29781 --- [    Test worker] o.s.b.f.s.DefaultListableBeanFactory     : Autowiring by type from bean name 'org.springframework.boot.autoconfigure.info.ProjectInfoAutoConfiguration' via constructor to bean named 'spring.info-org.springframework.boot.autoconfigure.info.ProjectInfoProperties'
?[0m?[0;34m2023-03-31 16:05:47.719 DEBUG 29781 --- [    Test worker] o.s.b.f.s.DefaultListableBeanFactory     : Creating shared instance of singleton bean 'management.info-org.springframework.boot.actuate.autoconfigure.info.InfoContributorProperties'
?[0m?[0;34m2023-03-31 16:05:47.720 DEBUG 29781 --- [    Test worker] o.s.b.f.s.DefaultListableBeanFactory     : Creating shared instance of singleton bean 'pathMappedEndpoints'
?[0m?[0;34m2023-03-31 16:05:47.721 DEBUG 29781 --- [    Test worker] o.s.b.f.s.DefaultListableBeanFactory     : Autowiring by type from bean name 'pathMappedEndpoints' via factory method to bean named 'servletEndpointDiscoverer'
?[0m?[0;34m2023-03-31 16:05:47.721 DEBUG 29781 --- [    Test worker] o.s.b.f.s.DefaultListableBeanFactory     : Autowiring by type from bean name 'pathMappedEndpoints' via factory method to bean named 'webEndpointDiscoverer'
?[0m?[0;34m2023-03-31 16:05:47.721 DEBUG 29781 --- [    Test worker] o.s.b.f.s.DefaultListableBeanFactory     : Autowiring by type from bean name 'pathMappedEndpoints' via factory method to bean named 'controllerEndpointDiscoverer'
?[0m?[0;34m2023-03-31 16:05:47.721 DEBUG 29781 --- [    Test worker] o.s.b.f.s.DefaultListableBeanFactory     : Creating shared instance of singleton bean 'org.springframework.boot.actuate.autoconfigure.logging.LogFileWebEndpointAutoConfiguration'
?[0m?[0;34m2023-03-31 16:05:47.722 DEBUG 29781 --- [    Test worker] o.s.b.f.s.DefaultListableBeanFactory     : Creating shared instance of singleton bean 'management.endpoint.logfile-org.springframework.boot.actuate.autoconfigure.logging.LogFileWebEndpointProperties'
?[0m?[0;34m2023-03-31 16:05:47.722 DEBUG 29781 --- [    Test worker] o.s.b.f.s.DefaultListableBeanFactory     : Creating shared instance of singleton bean 'org.springframework.boot.actuate.autoconfigure.metrics.CompositeMeterRegistryAutoConfiguration'
?[0m?[0;34m2023-03-31 16:05:47.722 DEBUG 29781 --- [    Test worker] o.s.b.f.s.DefaultListableBeanFactory     : Creating shared instance of singleton bean 'org.springframework.boot.actuate.autoconfigure.metrics.integration.IntegrationMetricsAutoConfiguration'
?[0m?[0;34m2023-03-31 16:05:47.722 DEBUG 29781 --- [    Test worker] o.s.b.f.s.DefaultListableBeanFactory     : Creating shared instance of singleton bean 'org.springframework.boot.actuate.autoconfigure.metrics.jdbc.DataSourcePoolMetricsAutoConfiguration$HikariDataSourceMetricsConfiguration'
?[0m?[0;34m2023-03-31 16:05:47.722 DEBUG 29781 --- [    Test worker] o.s.b.f.s.DefaultListableBeanFactory     : Autowiring by type from bean name 'org.springframework.boot.actuate.autoconfigure.metrics.jdbc.DataSourcePoolMetricsAutoConfiguration$HikariDataSourceMetricsConfiguration' via constructor to bean named 'simpleMeterRegistry'
?[0m?[0;34m2023-03-31 16:05:47.724 DEBUG 29781 --- [    Test worker] o.s.b.f.s.DefaultListableBeanFactory     : Creating shared instance of singleton bean 'org.springframework.boot.actuate.autoconfigure.metrics.jdbc.DataSourcePoolMetricsAutoConfiguration$DataSourcePoolMetadataMetricsConfiguration'
?[0m?[0;34m2023-03-31 16:05:47.727 DEBUG 29781 --- [    Test worker] o.s.b.f.s.DefaultListableBeanFactory     : Creating shared instance of singleton bean 'org.springframework.boot.actuate.autoconfigure.metrics.jdbc.DataSourcePoolMetricsAutoConfiguration'
?[0m?[0;34m2023-03-31 16:05:47.727 DEBUG 29781 --- [    Test worker] o.s.b.f.s.DefaultListableBeanFactory     : Creating shared instance of singleton bean 'org.springframework.boot.autoconfigure.gson.GsonAutoConfiguration'
?[0m?[0;34m2023-03-31 16:05:47.727 DEBUG 29781 --- [    Test worker] o.s.b.f.s.DefaultListableBeanFactory     : Creating shared instance of singleton bean 'gsonBuilder'
?[0m?[0;34m2023-03-31 16:05:47.727 DEBUG 29781 --- [    Test worker] o.s.b.f.s.DefaultListableBeanFactory     : Creating shared instance of singleton bean 'standardGsonBuilderCustomizer'
?[0m?[0;34m2023-03-31 16:05:47.728 DEBUG 29781 --- [    Test worker] o.s.b.f.s.DefaultListableBeanFactory     : Creating shared instance of singleton bean 'spring.gson-org.springframework.boot.autoconfigure.gson.GsonProperties'
?[0m?[0;34m2023-03-31 16:05:47.728 DEBUG 29781 --- [    Test worker] o.s.b.f.s.DefaultListableBeanFactory     : Autowiring by type from bean name 'standardGsonBuilderCustomizer' via factory method to bean named 'spring.gson-org.springframework.boot.autoconfigure.gson.GsonProperties'
?[0m?[0;34m2023-03-31 16:05:47.729 DEBUG 29781 --- [    Test worker] o.s.b.f.s.DefaultListableBeanFactory     : Autowiring by type from bean name 'gsonBuilder' via factory method to bean named 'standardGsonBuilderCustomizer'
?[0m?[0;34m2023-03-31 16:05:47.731 DEBUG 29781 --- [    Test worker] o.s.b.f.s.DefaultListableBeanFactory     : Creating shared instance of singleton bean 'gson'
?[0m?[0;34m2023-03-31 16:05:47.732 DEBUG 29781 --- [    Test worker] o.s.b.f.s.DefaultListableBeanFactory     : Autowiring by type from bean name 'gson' via factory method to bean named 'gsonBuilder'
?[0m?[0;34m2023-03-31 16:05:47.732 DEBUG 29781 --- [    Test worker] o.s.b.f.s.DefaultListableBeanFactory     : Creating shared instance of singleton bean 'org.springframework.boot.autoconfigure.http.JacksonHttpMessageConvertersConfiguration'
?[0m?[0;34m2023-03-31 16:05:47.732 DEBUG 29781 --- [    Test worker] o.s.b.f.s.DefaultListableBeanFactory     : Creating shared instance of singleton bean 'org.springframework.boot.autoconfigure.http.GsonHttpMessageConvertersConfiguration'
?[0m?[0;34m2023-03-31 16:05:47.732 DEBUG 29781 --- [    Test worker] o.s.b.f.s.DefaultListableBeanFactory     : Creating shared instance of singleton bean 'org.springframework.boot.autoconfigure.web.client.RestTemplateAutoConfiguration'
?[0m?[0;34m2023-03-31 16:05:47.732 DEBUG 29781 --- [    Test worker] o.s.b.f.s.DefaultListableBeanFactory     : Creating shared instance of singleton bean 'org.springframework.boot.actuate.autoconfigure.metrics.web.client.RestTemplateMetricsConfiguration'
?[0m?[0;34m2023-03-31 16:05:47.733 DEBUG 29781 --- [    Test worker] o.s.b.f.s.DefaultListableBeanFactory     : Creating shared instance of singleton bean 'restTemplateExchangeTagsProvider'
?[0m?[0;34m2023-03-31 16:05:47.733 DEBUG 29781 --- [    Test worker] o.s.b.f.s.DefaultListableBeanFactory     : Creating shared instance of singleton bean 'metricsRestTemplateCustomizer'
?[0m?[0;34m2023-03-31 16:05:47.733 DEBUG 29781 --- [    Test worker] o.s.b.f.s.DefaultListableBeanFactory     : Autowiring by type from bean name 'metricsRestTemplateCustomizer' via factory method to bean named 'simpleMeterRegistry'
?[0m?[0;34m2023-03-31 16:05:47.733 DEBUG 29781 --- [    Test worker] o.s.b.f.s.DefaultListableBeanFactory     : Autowiring by type from bean name 'metricsRestTemplateCustomizer' via factory method to bean named 'restTemplateExchangeTagsProvider'
?[0m?[0;34m2023-03-31 16:05:47.733 DEBUG 29781 --- [    Test worker] o.s.b.f.s.DefaultListableBeanFactory     : Autowiring by type from bean name 'metricsRestTemplateCustomizer' via factory method to bean named 'management.metrics-org.springframework.boot.actuate.autoconfigure.metrics.MetricsProperties'
?[0m?[0;34m2023-03-31 16:05:47.735 DEBUG 29781 --- [    Test worker] o.s.b.f.s.DefaultListableBeanFactory     : Creating shared instance of singleton bean 'org.springframework.boot.actuate.autoconfigure.metrics.web.tomcat.TomcatMetricsAutoConfiguration'
?[0m?[0;34m2023-03-31 16:05:47.735 DEBUG 29781 --- [    Test worker] o.s.b.f.s.DefaultListableBeanFactory     : Creating shared instance of singleton bean 'tomcatMetricsBinder'
?[0m?[0;34m2023-03-31 16:05:47.735 DEBUG 29781 --- [    Test worker] o.s.b.f.s.DefaultListableBeanFactory     : Autowiring by type from bean name 'tomcatMetricsBinder' via factory method to bean named 'simpleMeterRegistry'
?[0m?[0;34m2023-03-31 16:05:47.735 DEBUG 29781 --- [    Test worker] o.s.b.f.s.DefaultListableBeanFactory     : Creating shared instance of singleton bean 'org.springframework.boot.actuate.autoconfigure.trace.http.HttpTraceEndpointAutoConfiguration'
?[0m?[0;34m2023-03-31 16:05:47.736 DEBUG 29781 --- [    Test worker] o.s.b.f.s.DefaultListableBeanFactory     : Creating shared instance of singleton bean 'org.springframework.boot.autoconfigure.aop.AopAutoConfiguration$AspectJAutoProxyingConfiguration$CglibAutoProxyConfiguration'
?[0m?[0;34m2023-03-31 16:05:47.736 DEBUG 29781 --- [    Test worker] o.s.b.f.s.DefaultListableBeanFactory     : Creating shared instance of singleton bean 'org.springframework.boot.autoconfigure.aop.AopAutoConfiguration$AspectJAutoProxyingConfiguration'
?[0m?[0;34m2023-03-31 16:05:47.736 DEBUG 29781 --- [    Test worker] o.s.b.f.s.DefaultListableBeanFactory     : Creating shared instance of singleton bean 'org.springframework.boot.autoconfigure.aop.AopAutoConfiguration'
?[0m?[0;34m2023-03-31 16:05:47.736 DEBUG 29781 --- [    Test worker] o.s.b.f.s.DefaultListableBeanFactory     : Creating shared instance of singleton bean 'org.springframework.boot.autoconfigure.context.ConfigurationPropertiesAutoConfiguration'
?[0m?[0;34m2023-03-31 16:05:47.736 DEBUG 29781 --- [    Test worker] o.s.b.f.s.DefaultListableBeanFactory     : Creating shared instance of singleton bean 'org.springframework.boot.autoconfigure.context.LifecycleAutoConfiguration'
?[0m?[0;34m2023-03-31 16:05:47.736 DEBUG 29781 --- [    Test worker] o.s.b.f.s.DefaultListableBeanFactory     : Creating shared instance of singleton bean 'lifecycleProcessor'
?[0m?[0;34m2023-03-31 16:05:47.737 DEBUG 29781 --- [    Test worker] o.s.b.f.s.DefaultListableBeanFactory     : Creating shared instance of singleton bean 'spring.lifecycle-org.springframework.boot.autoconfigure.context.LifecycleProperties'
?[0m?[0;34m2023-03-31 16:05:47.737 DEBUG 29781 --- [    Test worker] o.s.b.f.s.DefaultListableBeanFactory     : Autowiring by type from bean name 'lifecycleProcessor' via factory method to bean named 'spring.lifecycle-org.springframework.boot.autoconfigure.context.LifecycleProperties'
?[0m?[0;34m2023-03-31 16:05:47.738 DEBUG 29781 --- [    Test worker] o.s.b.f.s.DefaultListableBeanFactory     : Creating shared instance of singleton bean 'org.springframework.boot.autoconfigure.dao.PersistenceExceptionTranslationAutoConfiguration'
?[0m?[0;34m2023-03-31 16:05:47.738 DEBUG 29781 --- [    Test worker] o.s.b.f.s.DefaultListableBeanFactory     : Creating shared instance of singleton bean 'org.springframework.boot.autoconfigure.data.jpa.JpaRepositoriesAutoConfiguration'
?[0m?[0;34m2023-03-31 16:05:47.739 DEBUG 29781 --- [    Test worker] o.s.b.f.s.DefaultListableBeanFactory     : Creating shared instance of singleton bean 'org.springframework.data.jpa.util.JpaMetamodelCacheCleanup'
?[0m?[0;34m2023-03-31 16:05:47.739 DEBUG 29781 --- [    Test worker] o.s.b.f.s.DefaultListableBeanFactory     : Creating shared instance of singleton bean 'org.springframework.data.jpa.repository.support.JpaEvaluationContextExtension'
?[0m?[0;34m2023-03-31 16:05:47.739 DEBUG 29781 --- [    Test worker] o.s.b.f.s.DefaultListableBeanFactory     : Creating shared instance of singleton bean 'org.springframework.data.web.config.ProjectingArgumentResolverRegistrar'
?[0m?[0;34m2023-03-31 16:05:47.739 DEBUG 29781 --- [    Test worker] o.s.b.f.s.DefaultListableBeanFactory     : Creating shared instance of singleton bean 'org.springframework.boot.autoconfigure.jdbc.JdbcTemplateConfiguration'
?[0m?[0;34m2023-03-31 16:05:47.739 DEBUG 29781 --- [    Test worker] o.s.b.f.s.DefaultListableBeanFactory     : Creating shared instance of singleton bean 'jdbcTemplate'
?[0m?[0;34m2023-03-31 16:05:47.740 DEBUG 29781 --- [    Test worker] o.s.b.f.s.DefaultListableBeanFactory     : Creating shared instance of singleton bean 'spring.jdbc-org.springframework.boot.autoconfigure.jdbc.JdbcProperties'
?[0m?[0;34m2023-03-31 16:05:47.740 DEBUG 29781 --- [    Test worker] o.s.b.f.s.DefaultListableBeanFactory     : Autowiring by type from bean name 'jdbcTemplate' via factory method to bean named 'dataSource'
?[0m?[0;34m2023-03-31 16:05:47.740 DEBUG 29781 --- [    Test worker] o.s.b.f.s.DefaultListableBeanFactory     : Autowiring by type from bean name 'jdbcTemplate' via factory method to bean named 'spring.jdbc-org.springframework.boot.autoconfigure.jdbc.JdbcProperties'
?[0m?[0;34m2023-03-31 16:05:47.744 DEBUG 29781 --- [    Test worker] o.s.b.f.s.DefaultListableBeanFactory     : Creating shared instance of singleton bean 'org.springframework.boot.autoconfigure.jdbc.NamedParameterJdbcTemplateConfiguration'
?[0m?[0;34m2023-03-31 16:05:47.744 DEBUG 29781 --- [    Test worker] o.s.b.f.s.DefaultListableBeanFactory     : Creating shared instance of singleton bean 'namedParameterJdbcTemplate'
?[0m?[0;34m2023-03-31 16:05:47.744 DEBUG 29781 --- [    Test worker] o.s.b.f.s.DefaultListableBeanFactory     : Autowiring by type from bean name 'namedParameterJdbcTemplate' via factory method to bean named 'jdbcTemplate'
?[0m?[0;34m2023-03-31 16:05:47.746 DEBUG 29781 --- [    Test worker] o.s.b.f.s.DefaultListableBeanFactory     : Creating shared instance of singleton bean 'org.springframework.boot.autoconfigure.jdbc.JdbcTemplateAutoConfiguration'
?[0m?[0;34m2023-03-31 16:05:47.747 DEBUG 29781 --- [    Test worker] o.s.b.f.s.DefaultListableBeanFactory     : Creating shared instance of singleton bean 'org.springframework.boot.autoconfigure.sql.init.SqlInitializationAutoConfiguration'
?[0m?[0;34m2023-03-31 16:05:47.747 DEBUG 29781 --- [    Test worker] o.s.b.f.s.DefaultListableBeanFactory     : Creating shared instance of singleton bean 'org.springframework.boot.autoconfigure.task.TaskSchedulingAutoConfiguration'
?[0m?[0;34m2023-03-31 16:05:47.747 DEBUG 29781 --- [    Test worker] o.s.b.f.s.DefaultListableBeanFactory     : Creating shared instance of singleton bean 'scheduledBeanLazyInitializationExcludeFilter'
?[0m?[0;34m2023-03-31 16:05:47.748 DEBUG 29781 --- [    Test worker] o.s.b.f.s.DefaultListableBeanFactory     : Creating shared instance of singleton bean 'taskSchedulerBuilder'
?[0m?[0;34m2023-03-31 16:05:47.748 DEBUG 29781 --- [    Test worker] o.s.b.f.s.DefaultListableBeanFactory     : Creating shared instance of singleton bean 'spring.task.scheduling-org.springframework.boot.autoconfigure.task.TaskSchedulingProperties'
?[0m?[0;34m2023-03-31 16:05:47.749 DEBUG 29781 --- [    Test worker] o.s.b.f.s.DefaultListableBeanFactory     : Autowiring by type from bean name 'taskSchedulerBuilder' via factory method to bean named 'spring.task.scheduling-org.springframework.boot.autoconfigure.task.TaskSchedulingProperties'
?[0m?[0;34m2023-03-31 16:05:47.749 DEBUG 29781 --- [    Test worker] o.s.b.f.s.DefaultListableBeanFactory     : Creating shared instance of singleton bean 'org.springframework.boot.autoconfigure.jdbc.DataSourceTransactionManagerAutoConfiguration$JdbcTransactionManagerConfiguration'
?[0m?[0;34m2023-03-31 16:05:47.750 DEBUG 29781 --- [    Test worker] o.s.b.f.s.DefaultListableBeanFactory     : Creating shared instance of singleton bean 'org.springframework.boot.autoconfigure.jdbc.DataSourceTransactionManagerAutoConfiguration'
?[0m?[0;34m2023-03-31 16:05:47.750 DEBUG 29781 --- [    Test worker] o.s.b.f.s.DefaultListableBeanFactory     : Creating shared instance of singleton bean 'org.springframework.boot.autoconfigure.transaction.TransactionAutoConfiguration$EnableTransactionManagementConfiguration$CglibAutoProxyConfiguration'
?[0m?[0;34m2023-03-31 16:05:47.750 DEBUG 29781 --- [    Test worker] o.s.b.f.s.DefaultListableBeanFactory     : Creating shared instance of singleton bean 'org.springframework.boot.autoconfigure.transaction.TransactionAutoConfiguration$EnableTransactionManagementConfiguration'
?[0m?[0;34m2023-03-31 16:05:47.750 DEBUG 29781 --- [    Test worker] o.s.b.f.s.DefaultListableBeanFactory     : Creating shared instance of singleton bean 'org.springframework.boot.autoconfigure.transaction.TransactionAutoConfiguration$TransactionTemplateConfiguration'
?[0m?[0;34m2023-03-31 16:05:47.750 DEBUG 29781 --- [    Test worker] o.s.b.f.s.DefaultListableBeanFactory     : Creating shared instance of singleton bean 'transactionTemplate'
?[0m?[0;34m2023-03-31 16:05:47.751 DEBUG 29781 --- [    Test worker] o.s.b.f.s.DefaultListableBeanFactory     : Autowiring by type from bean name 'transactionTemplate' via factory method to bean named 'transactionManager'
?[0m?[0;34m2023-03-31 16:05:47.751 DEBUG 29781 --- [    Test worker] o.s.b.f.s.DefaultListableBeanFactory     : Creating shared instance of singleton bean 'org.springframework.boot.autoconfigure.web.embedded.EmbeddedWebServerFactoryCustomizerAutoConfiguration'
?[0m?[0;34m2023-03-31 16:05:47.752 DEBUG 29781 --- [    Test worker] o.s.b.f.s.DefaultListableBeanFactory     : Creating shared instance of singleton bean 'multipartResolver'
?[0m?[0;34m2023-03-31 16:05:47.752 DEBUG 29781 --- [    Test worker] o.s.b.f.s.DefaultListableBeanFactory     : Creating shared instance of singleton bean 'org.springframework.boot.actuate.autoconfigure.security.servlet.SecurityRequestMatchersManagementContextConfiguration$MvcRequestMatcherConfiguration'
?[0m?[0;34m2023-03-31 16:05:47.752 DEBUG 29781 --- [    Test worker] o.s.b.f.s.DefaultListableBeanFactory     : Creating shared instance of singleton bean 'requestMatcherProvider'
?[0m?[0;34m2023-03-31 16:05:47.752 DEBUG 29781 --- [    Test worker] o.s.b.f.s.DefaultListableBeanFactory     : Autowiring by type from bean name 'requestMatcherProvider' via factory method to bean named 'dispatcherServletRegistration'
?[0m?[0;34m2023-03-31 16:05:47.753 DEBUG 29781 --- [    Test worker] o.s.b.f.s.DefaultListableBeanFactory     : Creating shared instance of singleton bean 'org.springframework.boot.actuate.autoconfigure.security.servlet.SecurityRequestMatchersManagementContextConfiguration'
?[0m?[0;34m2023-03-31 16:05:47.753 DEBUG 29781 --- [    Test worker] o.s.b.f.s.DefaultListableBeanFactory     : Creating shared instance of singleton bean 'org.springframework.boot.actuate.autoconfigure.web.server.ManagementContextAutoConfiguration$SameManagementContextConfiguration$EnableSameManagementContextConfiguration'
?[0m?[0;34m2023-03-31 16:05:47.753 DEBUG 29781 --- [    Test worker] o.s.b.f.s.DefaultListableBeanFactory     : Creating shared instance of singleton bean 'org.springframework.boot.actuate.autoconfigure.web.server.ManagementContextAutoConfiguration$SameManagementContextConfiguration'
?[0m?[0;34m2023-03-31 16:05:47.753 DEBUG 29781 --- [    Test worker] o.s.b.f.s.DefaultListableBeanFactory     : Autowiring by type from bean name 'org.springframework.boot.actuate.autoconfigure.web.server.ManagementContextAutoConfiguration$SameManagementContextConfiguration' via constructor to bean named 'environment'
?[0m?[0;34m2023-03-31 16:05:47.754 DEBUG 29781 --- [    Test worker] o.s.b.f.s.DefaultListableBeanFactory     : Creating shared instance of singleton bean 'org.springframework.boot.actuate.autoconfigure.web.server.ManagementContextAutoConfiguration'
?[0m?[0;34m2023-03-31 16:05:47.754 DEBUG 29781 --- [    Test worker] o.s.b.f.s.DefaultListableBeanFactory     : Creating shared instance of singleton bean 'management.server-org.springframework.boot.actuate.autoconfigure.web.server.ManagementServerProperties'
?[0m?[0;34m2023-03-31 16:05:47.762 DEBUG 29781 --- [    Test worker] o.s.c.support.DefaultLifecycleProcessor  : Starting beans in phase 2147483646
?[0m?[0;34m2023-03-31 16:05:47.768  INFO 29781 --- [    Test worker] o.s.b.w.embedded.tomcat.TomcatWebServer  : Tomcat started on port(s): 8080 (http) with context path ''
?[0m?[0;34m2023-03-31 16:05:47.768 DEBUG 29781 --- [    Test worker] o.s.c.support.DefaultLifecycleProcessor  : Successfully started bean 'webServerStartStop'
?[0m?[0;34m2023-03-31 16:05:47.769 DEBUG 29781 --- [    Test worker] o.s.c.support.DefaultLifecycleProcessor  : Starting beans in phase 2147483647
?[0m?[0;34m2023-03-31 16:05:47.769 DEBUG 29781 --- [    Test worker] o.s.c.support.DefaultLifecycleProcessor  : Successfully started bean 'webServerGracefulShutdown'
?[0m?[0;34m2023-03-31 16:05:47.779 DEBUG 29781 --- [    Test worker] ConditionEvaluationReportLoggingListener : 
?[0m?[0;34m
?[0m?[0;34m
?[0m?[0;34m============================
?[0m?[0;34mCONDITIONS EVALUATION REPORT
?[0m?[0;34m============================
?[0m?[0;34m
?[0m?[0;34m
?[0m?[0;34mPositive matches:
?[0m?[0;34m-----------------
?[0m?[0;34m
?[0m?[0;34m   AopAutoConfiguration matched:
?[0m?[0;34m      - @ConditionalOnProperty (spring.aop.auto=true) matched (OnPropertyCondition)
?[0m?[0;34m
?[0m?[0;34m   AopAutoConfiguration.AspectJAutoProxyingConfiguration matched:
?[0m?[0;34m      - @ConditionalOnClass found required class 'org.aspectj.weaver.Advice' (OnClassCondition)
?[0m?[0;34m
?[0m?[0;34m   AopAutoConfiguration.AspectJAutoProxyingConfiguration.CglibAutoProxyConfiguration matched:
?[0m?[0;34m      - @ConditionalOnProperty (spring.aop.proxy-target-class=true) matched (OnPropertyCondition)
?[0m?[0;34m
?[0m?[0;34m   AuditEventsEndpointAutoConfiguration matched:
?[0m?[0;34m      - @ConditionalOnAvailableEndpoint no property management.endpoint.auditevents.enabled found so using endpoint default; @ConditionalOnAvailableEndpoint marked as exposed by a 'management.endpoints.web.exposure' property (OnAvailableEndpointCondition)
?[0m?[0;34m
?[0m?[0;34m   BeansEndpointAutoConfiguration matched:
?[0m?[0;34m      - @ConditionalOnAvailableEndpoint no property management.endpoint.beans.enabled found so using endpoint default; @ConditionalOnAvailableEndpoint marked as exposed by a 'management.endpoints.web.exposure' property (OnAvailableEndpointCondition)
?[0m?[0;34m
?[0m?[0;34m   BeansEndpointAutoConfiguration#beansEndpoint matched:
?[0m?[0;34m      - @ConditionalOnMissingBean (types: org.springframework.boot.actuate.beans.BeansEndpoint; SearchStrategy: all) did not find any beans (OnBeanCondition)
?[0m?[0;34m
?[0m?[0;34m   CacheMeterBinderProvidersConfiguration matched:
?[0m?[0;34m      - @ConditionalOnClass found required class 'io.micrometer.core.instrument.binder.MeterBinder' (OnClassCondition)
?[0m?[0;34m
?[0m?[0;34m   CachesEndpointAutoConfiguration matched:
?[0m?[0;34m      - @ConditionalOnClass found required class 'org.springframework.cache.CacheManager' (OnClassCondition)
?[0m?[0;34m      - @ConditionalOnAvailableEndpoint no property management.endpoint.caches.enabled found so using endpoint default; @ConditionalOnAvailableEndpoint marked as exposed by a 'management.endpoints.web.exposure' property (OnAvailableEndpointCondition)
?[0m?[0;34m
?[0m?[0;34m   CachesEndpointAutoConfiguration#cachesEndpoint matched:
?[0m?[0;34m      - @ConditionalOnMissingBean (types: org.springframework.boot.actuate.cache.CachesEndpoint; SearchStrategy: all) did not find any beans (OnBeanCondition)
?[0m?[0;34m
?[0m?[0;34m   CachesEndpointAutoConfiguration#cachesEndpointWebExtension matched:
?[0m?[0;34m      - @ConditionalOnBean (types: org.springframework.boot.actuate.cache.CachesEndpoint; SearchStrategy: all) found bean 'cachesEndpoint'; @ConditionalOnMissingBean (types: org.springframework.boot.actuate.cache.CachesEndpointWebExtension; SearchStrategy: all) did not find any beans (OnBeanCondition)
?[0m?[0;34m
?[0m?[0;34m   CompositeMeterRegistryAutoConfiguration matched:
?[0m?[0;34m      - @ConditionalOnClass found required class 'io.micrometer.core.instrument.composite.CompositeMeterRegistry' (OnClassCondition)
?[0m?[0;34m
?[0m?[0;34m   ConditionsReportEndpointAutoConfiguration matched:
?[0m?[0;34m      - @ConditionalOnAvailableEndpoint no property management.endpoint.conditions.enabled found so using endpoint default; @ConditionalOnAvailableEndpoint marked as exposed by a 'management.endpoints.web.exposure' property (OnAvailableEndpointCondition)
?[0m?[0;34m
?[0m?[0;34m   ConditionsReportEndpointAutoConfiguration#conditionsReportEndpoint matched:
?[0m?[0;34m      - @ConditionalOnMissingBean (types: org.springframework.boot.actuate.autoconfigure.condition.ConditionsReportEndpoint; SearchStrategy: current) did not find any beans (OnBeanCondition)
?[0m?[0;34m
?[0m?[0;34m   ConfigurationPropertiesReportEndpointAutoConfiguration matched:
?[0m?[0;34m      - @ConditionalOnAvailableEndpoint no property management.endpoint.configprops.enabled found so using endpoint default; @ConditionalOnAvailableEndpoint marked as exposed by a 'management.endpoints.web.exposure' property (OnAvailableEndpointCondition)
?[0m?[0;34m
?[0m?[0;34m   ConfigurationPropertiesReportEndpointAutoConfiguration#configurationPropertiesReportEndpoint matched:
?[0m?[0;34m      - @ConditionalOnMissingBean (types: org.springframework.boot.actuate.context.properties.ConfigurationPropertiesReportEndpoint; SearchStrategy: all) did not find any beans (OnBeanCondition)
?[0m?[0;34m
?[0m?[0;34m   ConfigurationPropertiesReportEndpointAutoConfiguration#configurationPropertiesReportEndpointWebExtension matched:
?[0m?[0;34m      - @ConditionalOnBean (types: org.springframework.boot.actuate.context.properties.ConfigurationPropertiesReportEndpoint; SearchStrategy: all) found bean 'configurationPropertiesReportEndpoint'; @ConditionalOnMissingBean (types: org.springframework.boot.actuate.context.properties.ConfigurationPropertiesReportEndpointWebExtension; SearchStrategy: all) did not find any beans (OnBeanCondition)
?[0m?[0;34m
?[0m?[0;34m   DataSourceAutoConfiguration matched:
?[0m?[0;34m      - @ConditionalOnClass found required classes 'javax.sql.DataSource', 'org.springframework.jdbc.datasource.embedded.EmbeddedDatabaseType' (OnClassCondition)
?[0m?[0;34m      - @ConditionalOnMissingBean (types: io.r2dbc.spi.ConnectionFactory; SearchStrategy: all) did not find any beans (OnBeanCondition)
?[0m?[0;34m
?[0m?[0;34m   DataSourceAutoConfiguration.PooledDataSourceConfiguration matched:
?[0m?[0;34m      - AnyNestedCondition 1 matched 1 did not; NestedCondition on DataSourceAutoConfiguration.PooledDataSourceCondition.PooledDataSourceAvailable PooledDataSource found supported DataSource; NestedCondition on DataSourceAutoConfiguration.PooledDataSourceCondition.ExplicitType @ConditionalOnProperty (spring.datasource.type) did not find property 'type' (DataSourceAutoConfiguration.PooledDataSourceCondition)
?[0m?[0;34m      - @ConditionalOnMissingBean (types: javax.sql.DataSource,javax.sql.XADataSource; SearchStrategy: all) did not find any beans (OnBeanCondition)
?[0m?[0;34m
?[0m?[0;34m   DataSourceConfiguration.Hikari matched:
?[0m?[0;34m      - @ConditionalOnClass found required class 'com.zaxxer.hikari.HikariDataSource' (OnClassCondition)
?[0m?[0;34m      - @ConditionalOnProperty (spring.datasource.type=com.zaxxer.hikari.HikariDataSource) matched (OnPropertyCondition)
?[0m?[0;34m      - @ConditionalOnMissingBean (types: javax.sql.DataSource; SearchStrategy: all) did not find any beans (OnBeanCondition)
?[0m?[0;34m
?[0m?[0;34m   DataSourceHealthContributorAutoConfiguration matched:
?[0m?[0;34m      - @ConditionalOnClass found required classes 'org.springframework.jdbc.core.JdbcTemplate', 'org.springframework.jdbc.datasource.lookup.AbstractRoutingDataSource' (OnClassCondition)
?[0m?[0;34m      - @ConditionalOnEnabledHealthIndicator management.health.defaults.enabled is considered true (OnEnabledHealthIndicatorCondition)
?[0m?[0;34m      - @ConditionalOnBean (types: javax.sql.DataSource; SearchStrategy: all) found bean 'dataSource' (OnBeanCondition)
?[0m?[0;34m
?[0m?[0;34m   DataSourceHealthContributorAutoConfiguration#dbHealthContributor matched:
?[0m?[0;34m      - @ConditionalOnMissingBean (names: dbHealthIndicator,dbHealthContributor; SearchStrategy: all) did not find any beans (OnBeanCondition)
?[0m?[0;34m
?[0m?[0;34m   DataSourceInitializationConfiguration matched:
?[0m?[0;34m      - @ConditionalOnClass found required class 'org.springframework.jdbc.datasource.init.DatabasePopulator' (OnClassCondition)
?[0m?[0;34m      - @ConditionalOnSingleCandidate (types: javax.sql.DataSource; SearchStrategy: all) found a primary bean from beans 'dataSource'; @ConditionalOnMissingBean (types: org.springframework.boot.sql.init.AbstractScriptDatabaseInitializer; SearchStrategy: all) did not find any beans (OnBeanCondition)
?[0m?[0;34m
?[0m?[0;34m   DataSourceJmxConfiguration matched:
?[0m?[0;34m      - @ConditionalOnProperty (spring.jmx.enabled=true) matched (OnPropertyCondition)
?[0m?[0;34m
?[0m?[0;34m   DataSourceJmxConfiguration.Hikari matched:
?[0m?[0;34m      - @ConditionalOnClass found required class 'com.zaxxer.hikari.HikariDataSource' (OnClassCondition)
?[0m?[0;34m      - @ConditionalOnSingleCandidate (types: javax.sql.DataSource; SearchStrategy: all) found a primary bean from beans 'dataSource' (OnBeanCondition)
?[0m?[0;34m
?[0m?[0;34m   DataSourcePoolMetadataProvidersConfiguration.HikariPoolDataSourceMetadataProviderConfiguration matched:
?[0m?[0;34m      - @ConditionalOnClass found required class 'com.zaxxer.hikari.HikariDataSource' (OnClassCondition)
?[0m?[0;34m
?[0m?[0;34m   DataSourcePoolMetricsAutoConfiguration matched:
?[0m?[0;34m      - @ConditionalOnClass found required classes 'javax.sql.DataSource', 'io.micrometer.core.instrument.MeterRegistry' (OnClassCondition)
?[0m?[0;34m      - @ConditionalOnBean (types: javax.sql.DataSource,io.micrometer.core.instrument.MeterRegistry; SearchStrategy: all) found beans 'simpleMeterRegistry', 'dataSource' (OnBeanCondition)
?[0m?[0;34m
?[0m?[0;34m   DataSourcePoolMetricsAutoConfiguration.DataSourcePoolMetadataMetricsConfiguration matched:
?[0m?[0;34m      - @ConditionalOnBean (types: org.springframework.boot.jdbc.metadata.DataSourcePoolMetadataProvider; SearchStrategy: all) found bean 'hikariPoolDataSourceMetadataProvider' (OnBeanCondition)
?[0m?[0;34m
?[0m?[0;34m   DataSourcePoolMetricsAutoConfiguration.HikariDataSourceMetricsConfiguration matched:
?[0m?[0;34m      - @ConditionalOnClass found required class 'com.zaxxer.hikari.HikariDataSource' (OnClassCondition)
?[0m?[0;34m
?[0m?[0;34m   DataSourceTransactionManagerAutoConfiguration matched:
?[0m?[0;34m      - @ConditionalOnClass found required classes 'org.springframework.jdbc.core.JdbcTemplate', 'org.springframework.transaction.TransactionManager' (OnClassCondition)
?[0m?[0;34m
?[0m?[0;34m   DataSourceTransactionManagerAutoConfiguration.JdbcTransactionManagerConfiguration matched:
?[0m?[0;34m      - @ConditionalOnSingleCandidate (types: javax.sql.DataSource; SearchStrategy: all) found a primary bean from beans 'dataSource' (OnBeanCondition)
?[0m?[0;34m
?[0m?[0;34m   DiskSpaceHealthContributorAutoConfiguration matched:
?[0m?[0;34m      - @ConditionalOnEnabledHealthIndicator management.health.defaults.enabled is considered true (OnEnabledHealthIndicatorCondition)
?[0m?[0;34m
?[0m?[0;34m   DiskSpaceHealthContributorAutoConfiguration#diskSpaceHealthIndicator matched:
?[0m?[0;34m      - @ConditionalOnMissingBean (names: diskSpaceHealthIndicator; SearchStrategy: all) did not find any beans (OnBeanCondition)
?[0m?[0;34m
?[0m?[0;34m   DispatcherServletAutoConfiguration matched:
?[0m?[0;34m      - @ConditionalOnClass found required class 'org.springframework.web.servlet.DispatcherServlet' (OnClassCondition)
?[0m?[0;34m      - found 'session' scope (OnWebApplicationCondition)
?[0m?[0;34m
?[0m?[0;34m   DispatcherServletAutoConfiguration.DispatcherServletConfiguration matched:
?[0m?[0;34m      - @ConditionalOnClass found required class 'javax.servlet.ServletRegistration' (OnClassCondition)
?[0m?[0;34m      - Default DispatcherServlet did not find dispatcher servlet beans (DispatcherServletAutoConfiguration.DefaultDispatcherServletCondition)
?[0m?[0;34m
?[0m?[0;34m   DispatcherServletAutoConfiguration.DispatcherServletRegistrationConfiguration matched:
?[0m?[0;34m      - @ConditionalOnClass found required class 'javax.servlet.ServletRegistration' (OnClassCondition)
?[0m?[0;34m      - DispatcherServlet Registration did not find servlet registration bean (DispatcherServletAutoConfiguration.DispatcherServletRegistrationCondition)
?[0m?[0;34m
?[0m?[0;34m   DispatcherServletAutoConfiguration.DispatcherServletRegistrationConfiguration#dispatcherServletRegistration matched:
?[0m?[0;34m      - @ConditionalOnBean (names: dispatcherServlet types: org.springframework.web.servlet.DispatcherServlet; SearchStrategy: all) found bean 'dispatcherServlet' (OnBeanCondition)
?[0m?[0;34m
?[0m?[0;34m   EmbeddedWebServerFactoryCustomizerAutoConfiguration matched:
?[0m?[0;34m      - @ConditionalOnWebApplication (required) found 'session' scope (OnWebApplicationCondition)
?[0m?[0;34m
?[0m?[0;34m   EmbeddedWebServerFactoryCustomizerAutoConfiguration.TomcatWebServerFactoryCustomizerConfiguration matched:
?[0m?[0;34m      - @ConditionalOnClass found required classes 'org.apache.catalina.startup.Tomcat', 'org.apache.coyote.UpgradeProtocol' (OnClassCondition)
?[0m?[0;34m
?[0m?[0;34m   EndpointAutoConfiguration#endpointCachingOperationInvokerAdvisor matched:
?[0m?[0;34m      - @ConditionalOnMissingBean (types: org.springframework.boot.actuate.endpoint.invoker.cache.CachingOperationInvokerAdvisor; SearchStrategy: all) did not find any beans (OnBeanCondition)
?[0m?[0;34m
?[0m?[0;34m   EndpointAutoConfiguration#endpointOperationParameterMapper matched:
?[0m?[0;34m      - @ConditionalOnMissingBean (types: org.springframework.boot.actuate.endpoint.invoke.ParameterValueMapper; SearchStrategy: all) did not find any beans (OnBeanCondition)
?[0m?[0;34m
?[0m?[0;34m   EnvironmentEndpointAutoConfiguration matched:
?[0m?[0;34m      - @ConditionalOnAvailableEndpoint no property management.endpoint.env.enabled found so using endpoint default; @ConditionalOnAvailableEndpoint marked as exposed by a 'management.endpoints.web.exposure' property (OnAvailableEndpointCondition)
?[0m?[0;34m
?[0m?[0;34m   EnvironmentEndpointAutoConfiguration#environmentEndpoint matched:
?[0m?[0;34m      - @ConditionalOnMissingBean (types: org.springframework.boot.actuate.env.EnvironmentEndpoint; SearchStrategy: all) did not find any beans (OnBeanCondition)
?[0m?[0;34m
?[0m?[0;34m   EnvironmentEndpointAutoConfiguration#environmentEndpointWebExtension matched:
?[0m?[0;34m      - @ConditionalOnBean (types: org.springframework.boot.actuate.env.EnvironmentEndpoint; SearchStrategy: all) found bean 'environmentEndpoint'; @ConditionalOnMissingBean (types: org.springframework.boot.actuate.env.EnvironmentEndpointWebExtension; SearchStrategy: all) did not find any beans (OnBeanCondition)
?[0m?[0;34m
?[0m?[0;34m   ErrorMvcAutoConfiguration matched:
?[0m?[0;34m      - @ConditionalOnClass found required classes 'javax.servlet.Servlet', 'org.springframework.web.servlet.DispatcherServlet' (OnClassCondition)
?[0m?[0;34m      - found 'session' scope (OnWebApplicationCondition)
?[0m?[0;34m
?[0m?[0;34m   ErrorMvcAutoConfiguration#basicErrorController matched:
?[0m?[0;34m      - @ConditionalOnMissingBean (types: org.springframework.boot.web.servlet.error.ErrorController; SearchStrategy: current) did not find any beans (OnBeanCondition)
?[0m?[0;34m
?[0m?[0;34m   ErrorMvcAutoConfiguration#errorAttributes matched:
?[0m?[0;34m      - @ConditionalOnMissingBean (types: org.springframework.boot.web.servlet.error.ErrorAttributes; SearchStrategy: current) did not find any beans (OnBeanCondition)
?[0m?[0;34m
?[0m?[0;34m   ErrorMvcAutoConfiguration.DefaultErrorViewResolverConfiguration#conventionErrorViewResolver matched:
?[0m?[0;34m      - @ConditionalOnBean (types: org.springframework.web.servlet.DispatcherServlet; SearchStrategy: all) found bean 'dispatcherServlet'; @ConditionalOnMissingBean (types: org.springframework.boot.autoconfigure.web.servlet.error.ErrorViewResolver; SearchStrategy: all) did not find any beans (OnBeanCondition)
?[0m?[0;34m
?[0m?[0;34m   ErrorMvcAutoConfiguration.WhitelabelErrorViewConfiguration matched:
?[0m?[0;34m      - @ConditionalOnProperty (server.error.whitelabel.enabled) matched (OnPropertyCondition)
?[0m?[0;34m      - ErrorTemplate Missing did not find error template view (ErrorMvcAutoConfiguration.ErrorTemplateMissingCondition)
?[0m?[0;34m
?[0m?[0;34m   ErrorMvcAutoConfiguration.WhitelabelErrorViewConfiguration#beanNameViewResolver matched:
?[0m?[0;34m      - @ConditionalOnMissingBean (types: org.springframework.web.servlet.view.BeanNameViewResolver; SearchStrategy: all) did not find any beans (OnBeanCondition)
?[0m?[0;34m
?[0m?[0;34m   ErrorMvcAutoConfiguration.WhitelabelErrorViewConfiguration#defaultErrorView matched:
?[0m?[0;34m      - @ConditionalOnMissingBean (names: error; SearchStrategy: all) did not find any beans (OnBeanCondition)
?[0m?[0;34m
?[0m?[0;34m   GenericCacheConfiguration matched:
?[0m?[0;34m      - Cache org.springframework.boot.autoconfigure.cache.GenericCacheConfiguration automatic cache type (CacheCondition)
?[0m?[0;34m
?[0m?[0;34m   GsonAutoConfiguration matched:
?[0m?[0;34m      - @ConditionalOnClass found required class 'com.google.gson.Gson' (OnClassCondition)
?[0m?[0;34m
?[0m?[0;34m   GsonAutoConfiguration#gson matched:
?[0m?[0;34m      - @ConditionalOnMissingBean (types: com.google.gson.Gson; SearchStrategy: all) did not find any beans (OnBeanCondition)
?[0m?[0;34m
?[0m?[0;34m   GsonAutoConfiguration#gsonBuilder matched:
?[0m?[0;34m      - @ConditionalOnMissingBean (types: com.google.gson.GsonBuilder; SearchStrategy: all) did not find any beans (OnBeanCondition)
?[0m?[0;34m
?[0m?[0;34m   GsonHttpMessageConvertersConfiguration matched:
?[0m?[0;34m      - @ConditionalOnClass found required class 'com.google.gson.Gson' (OnClassCondition)
?[0m?[0;34m
?[0m?[0;34m   H2ConsoleAutoConfiguration matched:
?[0m?[0;34m      - @ConditionalOnClass found required class 'org.h2.server.web.WebServlet' (OnClassCondition)
?[0m?[0;34m      - found 'session' scope (OnWebApplicationCondition)
?[0m?[0;34m      - @ConditionalOnProperty (spring.h2.console.enabled=true) matched (OnPropertyCondition)
?[0m?[0;34m
?[0m?[0;34m   HealthContributorAutoConfiguration#pingHealthContributor matched:
?[0m?[0;34m      - @ConditionalOnEnabledHealthIndicator management.health.defaults.enabled is considered true (OnEnabledHealthIndicatorCondition)
?[0m?[0;34m
?[0m?[0;34m   HealthEndpointAutoConfiguration matched:
?[0m?[0;34m      - @ConditionalOnAvailableEndpoint no property management.endpoint.health.enabled found so using endpoint default; @ConditionalOnAvailableEndpoint marked as exposed by a 'management.endpoints.web.exposure' property (OnAvailableEndpointCondition)
?[0m?[0;34m
?[0m?[0;34m   HealthEndpointConfiguration#healthContributorRegistry matched:
?[0m?[0;34m      - @ConditionalOnMissingBean (types: org.springframework.boot.actuate.health.HealthContributorRegistry; SearchStrategy: all) did not find any beans (OnBeanCondition)
?[0m?[0;34m
?[0m?[0;34m   HealthEndpointConfiguration#healthEndpoint matched:
?[0m?[0;34m      - @ConditionalOnMissingBean (types: org.springframework.boot.actuate.health.HealthEndpoint; SearchStrategy: all) did not find any beans (OnBeanCondition)
?[0m?[0;34m
?[0m?[0;34m   HealthEndpointConfiguration#healthEndpointGroups matched:
?[0m?[0;34m      - @ConditionalOnMissingBean (types: org.springframework.boot.actuate.health.HealthEndpointGroups; SearchStrategy: all) did not find any beans (OnBeanCondition)
?[0m?[0;34m
?[0m?[0;34m   HealthEndpointConfiguration#healthHttpCodeStatusMapper matched:
?[0m?[0;34m      - @ConditionalOnMissingBean (types: org.springframework.boot.actuate.health.HttpCodeStatusMapper; SearchStrategy: all) did not find any beans (OnBeanCondition)
?[0m?[0;34m
?[0m?[0;34m   HealthEndpointConfiguration#healthStatusAggregator matched:
?[0m?[0;34m      - @ConditionalOnMissingBean (types: org.springframework.boot.actuate.health.StatusAggregator; SearchStrategy: all) did not find any beans (OnBeanCondition)
?[0m?[0;34m
?[0m?[0;34m   HealthEndpointWebExtensionConfiguration matched:
?[0m?[0;34m      - found 'session' scope (OnWebApplicationCondition)
?[0m?[0;34m      - @ConditionalOnBean (types: org.springframework.boot.actuate.health.HealthEndpoint; SearchStrategy: all) found bean 'healthEndpoint' (OnBeanCondition)
?[0m?[0;34m
?[0m?[0;34m   HealthEndpointWebExtensionConfiguration#healthEndpointWebExtension matched:
?[0m?[0;34m      - @ConditionalOnBean (types: org.springframework.boot.actuate.health.HealthEndpoint; SearchStrategy: all) found bean 'healthEndpoint'; @ConditionalOnMissingBean (types: org.springframework.boot.actuate.health.HealthEndpointWebExtension; SearchStrategy: all) did not find any beans (OnBeanCondition)
?[0m?[0;34m
?[0m?[0;34m   HeapDumpWebEndpointAutoConfiguration matched:
?[0m?[0;34m      - @ConditionalOnAvailableEndpoint no property management.endpoint.heapdump.enabled found so using endpoint default; @ConditionalOnAvailableEndpoint marked as exposed by a 'management.endpoints.web.exposure' property (OnAvailableEndpointCondition)
?[0m?[0;34m
?[0m?[0;34m   HeapDumpWebEndpointAutoConfiguration#heapDumpWebEndpoint matched:
?[0m?[0;34m      - @ConditionalOnMissingBean (types: org.springframework.boot.actuate.management.HeapDumpWebEndpoint; SearchStrategy: all) did not find any beans (OnBeanCondition)
?[0m?[0;34m
?[0m?[0;34m   HibernateJpaAutoConfiguration matched:
?[0m?[0;34m      - @ConditionalOnClass found required classes 'org.springframework.orm.jpa.LocalContainerEntityManagerFactoryBean', 'javax.persistence.EntityManager', 'org.hibernate.engine.spi.SessionImplementor' (OnClassCondition)
?[0m?[0;34m
?[0m?[0;34m   HibernateJpaConfiguration matched:
?[0m?[0;34m      - @ConditionalOnSingleCandidate (types: javax.sql.DataSource; SearchStrategy: all) found a primary bean from beans 'dataSource' (OnBeanCondition)
?[0m?[0;34m
?[0m?[0;34m   HttpClientMetricsAutoConfiguration matched:
?[0m?[0;34m      - @ConditionalOnClass found required class 'io.micrometer.core.instrument.MeterRegistry' (OnClassCondition)
?[0m?[0;34m      - @ConditionalOnBean (types: io.micrometer.core.instrument.MeterRegistry; SearchStrategy: all) found bean 'simpleMeterRegistry' (OnBeanCondition)
?[0m?[0;34m
?[0m?[0;34m   HttpEncodingAutoConfiguration matched:
?[0m?[0;34m      - @ConditionalOnClass found required class 'org.springframework.web.filter.CharacterEncodingFilter' (OnClassCondition)
?[0m?[0;34m      - found 'session' scope (OnWebApplicationCondition)
?[0m?[0;34m      - @ConditionalOnProperty (server.servlet.encoding.enabled) matched (OnPropertyCondition)
?[0m?[0;34m
?[0m?[0;34m   HttpEncodingAutoConfiguration#characterEncodingFilter matched:
?[0m?[0;34m      - @ConditionalOnMissingBean (types: org.springframework.web.filter.CharacterEncodingFilter; SearchStrategy: all) did not find any beans (OnBeanCondition)
?[0m?[0;34m
?[0m?[0;34m   HttpMessageConvertersAutoConfiguration matched:
?[0m?[0;34m      - @ConditionalOnClass found required class 'org.springframework.http.converter.HttpMessageConverter' (OnClassCondition)
?[0m?[0;34m      - NoneNestedConditions 0 matched 1 did not; NestedCondition on HttpMessageConvertersAutoConfiguration.NotReactiveWebApplicationCondition.ReactiveWebApplication did not find reactive web application classes (HttpMessageConvertersAutoConfiguration.NotReactiveWebApplicationCondition)
?[0m?[0;34m
?[0m?[0;34m   HttpMessageConvertersAutoConfiguration#messageConverters matched:
?[0m?[0;34m      - @ConditionalOnMissingBean (types: org.springframework.boot.autoconfigure.http.HttpMessageConverters; SearchStrategy: all) did not find any beans (OnBeanCondition)
?[0m?[0;34m
?[0m?[0;34m   HttpMessageConvertersAutoConfiguration.StringHttpMessageConverterConfiguration matched:
?[0m?[0;34m      - @ConditionalOnClass found required class 'org.springframework.http.converter.StringHttpMessageConverter' (OnClassCondition)
?[0m?[0;34m
?[0m?[0;34m   HttpMessageConvertersAutoConfiguration.StringHttpMessageConverterConfiguration#stringHttpMessageConverter matched:
?[0m?[0;34m      - @ConditionalOnMissingBean (types: org.springframework.http.converter.StringHttpMessageConverter; SearchStrategy: all) did not find any beans (OnBeanCondition)
?[0m?[0;34m
?[0m?[0;34m   HttpTraceEndpointAutoConfiguration matched:
?[0m?[0;34m      - @ConditionalOnAvailableEndpoint no property management.endpoint.httptrace.enabled found so using endpoint default; @ConditionalOnAvailableEndpoint marked as exposed by a 'management.endpoints.web.exposure' property (OnAvailableEndpointCondition)
?[0m?[0;34m
?[0m?[0;34m   InfoContributorAutoConfiguration#envInfoContributor matched:
?[0m?[0;34m      - @ConditionalOnEnabledInfoContributor management.info.defaults.enabled is considered true (OnEnabledInfoContributorCondition)
?[0m?[0;34m
?[0m?[0;34m   InfoEndpointAutoConfiguration matched:
?[0m?[0;34m      - @ConditionalOnAvailableEndpoint no property management.endpoint.info.enabled found so using endpoint default; @ConditionalOnAvailableEndpoint marked as exposed by a 'management.endpoints.web.exposure' property (OnAvailableEndpointCondition)
?[0m?[0;34m
?[0m?[0;34m   InfoEndpointAutoConfiguration#infoEndpoint matched:
?[0m?[0;34m      - @ConditionalOnMissingBean (types: org.springframework.boot.actuate.info.InfoEndpoint; SearchStrategy: all) did not find any beans (OnBeanCondition)
?[0m?[0;34m
?[0m?[0;34m   JacksonAutoConfiguration matched:
?[0m?[0;34m      - @ConditionalOnClass found required class 'com.fasterxml.jackson.databind.ObjectMapper' (OnClassCondition)
?[0m?[0;34m
?[0m?[0;34m   JacksonAutoConfiguration.Jackson2ObjectMapperBuilderCustomizerConfiguration matched:
?[0m?[0;34m      - @ConditionalOnClass found required class 'org.springframework.http.converter.json.Jackson2ObjectMapperBuilder' (OnClassCondition)
?[0m?[0;34m
?[0m?[0;34m   JacksonAutoConfiguration.JacksonObjectMapperBuilderConfiguration matched:
?[0m?[0;34m      - @ConditionalOnClass found required class 'org.springframework.http.converter.json.Jackson2ObjectMapperBuilder' (OnClassCondition)
?[0m?[0;34m
?[0m?[0;34m   JacksonAutoConfiguration.JacksonObjectMapperBuilderConfiguration#jacksonObjectMapperBuilder matched:
?[0m?[0;34m      - @ConditionalOnMissingBean (types: org.springframework.http.converter.json.Jackson2ObjectMapperBuilder; SearchStrategy: all) did not find any beans (OnBeanCondition)
?[0m?[0;34m
?[0m?[0;34m   JacksonAutoConfiguration.JacksonObjectMapperConfiguration matched:
?[0m?[0;34m      - @ConditionalOnClass found required class 'org.springframework.http.converter.json.Jackson2ObjectMapperBuilder' (OnClassCondition)
?[0m?[0;34m
?[0m?[0;34m   JacksonAutoConfiguration.JacksonObjectMapperConfiguration#jacksonObjectMapper matched:
?[0m?[0;34m      - @ConditionalOnMissingBean (types: com.fasterxml.jackson.databind.ObjectMapper; SearchStrategy: all) did not find any beans (OnBeanCondition)
?[0m?[0;34m
?[0m?[0;34m   JacksonAutoConfiguration.ParameterNamesModuleConfiguration matched:
?[0m?[0;34m      - @ConditionalOnClass found required class 'com.fasterxml.jackson.module.paramnames.ParameterNamesModule' (OnClassCondition)
?[0m?[0;34m
?[0m?[0;34m   JacksonAutoConfiguration.ParameterNamesModuleConfiguration#parameterNamesModule matched:
?[0m?[0;34m      - @ConditionalOnMissingBean (types: com.fasterxml.jackson.module.paramnames.ParameterNamesModule; SearchStrategy: all) did not find any beans (OnBeanCondition)
?[0m?[0;34m
?[0m?[0;34m   JacksonHttpMessageConvertersConfiguration.MappingJackson2HttpMessageConverterConfiguration matched:
?[0m?[0;34m      - @ConditionalOnClass found required class 'com.fasterxml.jackson.databind.ObjectMapper' (OnClassCondition)
?[0m?[0;34m      - @ConditionalOnProperty (spring.mvc.converters.preferred-json-mapper=jackson) matched (OnPropertyCondition)
?[0m?[0;34m      - @ConditionalOnBean (types: com.fasterxml.jackson.databind.ObjectMapper; SearchStrategy: all) found bean 'jacksonObjectMapper' (OnBeanCondition)
?[0m?[0;34m
?[0m?[0;34m   JacksonHttpMessageConvertersConfiguration.MappingJackson2HttpMessageConverterConfiguration#mappingJackson2HttpMessageConverter matched:
?[0m?[0;34m      - @ConditionalOnMissingBean (types: org.springframework.http.converter.json.MappingJackson2HttpMessageConverter ignored: org.springframework.hateoas.server.mvc.TypeConstrainedMappingJackson2HttpMessageConverter,org.springframework.data.rest.webmvc.alps.AlpsJsonHttpMessageConverter; SearchStrategy: all) did not find any beans (OnBeanCondition)
?[0m?[0;34m
?[0m?[0;34m   JdbcTemplateAutoConfiguration matched:
?[0m?[0;34m      - @ConditionalOnClass found required classes 'javax.sql.DataSource', 'org.springframework.jdbc.core.JdbcTemplate' (OnClassCondition)
?[0m?[0;34m      - @ConditionalOnSingleCandidate (types: javax.sql.DataSource; SearchStrategy: all) found a primary bean from beans 'dataSource' (OnBeanCondition)
?[0m?[0;34m
?[0m?[0;34m   JdbcTemplateConfiguration matched:
?[0m?[0;34m      - @ConditionalOnMissingBean (types: org.springframework.jdbc.core.JdbcOperations; SearchStrategy: all) did not find any beans (OnBeanCondition)
?[0m?[0;34m
?[0m?[0;34m   JpaBaseConfiguration#entityManagerFactory matched:
?[0m?[0;34m      - @ConditionalOnMissingBean (types: org.springframework.orm.jpa.LocalContainerEntityManagerFactoryBean,javax.persistence.EntityManagerFactory; SearchStrategy: all) did not find any beans (OnBeanCondition)
?[0m?[0;34m
?[0m?[0;34m   JpaBaseConfiguration#entityManagerFactoryBuilder matched:
?[0m?[0;34m      - @ConditionalOnMissingBean (types: org.springframework.boot.orm.jpa.EntityManagerFactoryBuilder; SearchStrategy: all) did not find any beans (OnBeanCondition)
?[0m?[0;34m
?[0m?[0;34m   JpaBaseConfiguration#jpaVendorAdapter matched:
?[0m?[0;34m      - @ConditionalOnMissingBean (types: org.springframework.orm.jpa.JpaVendorAdapter; SearchStrategy: all) did not find any beans (OnBeanCondition)
?[0m?[0;34m
?[0m?[0;34m   JpaBaseConfiguration#transactionManager matched:
?[0m?[0;34m      - @ConditionalOnMissingBean (types: org.springframework.transaction.TransactionManager; SearchStrategy: all) did not find any beans (OnBeanCondition)
?[0m?[0;34m
?[0m?[0;34m   JpaBaseConfiguration.JpaWebConfiguration matched:
?[0m?[0;34m      - @ConditionalOnClass found required class 'org.springframework.web.servlet.config.annotation.WebMvcConfigurer' (OnClassCondition)
?[0m?[0;34m      - found 'session' scope (OnWebApplicationCondition)
?[0m?[0;34m      - @ConditionalOnProperty (spring.jpa.open-in-view=true) matched (OnPropertyCondition)
?[0m?[0;34m      - @ConditionalOnMissingBean (types: org.springframework.orm.jpa.support.OpenEntityManagerInViewInterceptor,org.springframework.orm.jpa.support.OpenEntityManagerInViewFilter; SearchStrategy: all) did not find any beans (OnBeanCondition)
?[0m?[0;34m
?[0m?[0;34m   JpaRepositoriesAutoConfiguration matched:
?[0m?[0;34m      - @ConditionalOnClass found required class 'org.springframework.data.jpa.repository.JpaRepository' (OnClassCondition)
?[0m?[0;34m      - @ConditionalOnProperty (spring.data.jpa.repositories.enabled=true) matched (OnPropertyCondition)
?[0m?[0;34m      - @ConditionalOnBean (types: javax.sql.DataSource; SearchStrategy: all) found bean 'dataSource'; @ConditionalOnMissingBean (types: org.springframework.data.jpa.repository.support.JpaRepositoryFactoryBean,org.springframework.data.jpa.repository.config.JpaRepositoryConfigExtension; SearchStrategy: all) did not find any beans (OnBeanCondition)
?[0m?[0;34m
?[0m?[0;34m   JtaAutoConfiguration matched:
?[0m?[0;34m      - @ConditionalOnClass found required class 'javax.transaction.Transaction' (OnClassCondition)
?[0m?[0;34m      - @ConditionalOnProperty (spring.jta.enabled) matched (OnPropertyCondition)
?[0m?[0;34m
?[0m?[0;34m   JvmMetricsAutoConfiguration matched:
?[0m?[0;34m      - @ConditionalOnClass found required class 'io.micrometer.core.instrument.MeterRegistry' (OnClassCondition)
?[0m?[0;34m      - @ConditionalOnBean (types: io.micrometer.core.instrument.MeterRegistry; SearchStrategy: all) found bean 'simpleMeterRegistry' (OnBeanCondition)
?[0m?[0;34m
?[0m?[0;34m   JvmMetricsAutoConfiguration#classLoaderMetrics matched:
?[0m?[0;34m      - @ConditionalOnMissingBean (types: io.micrometer.core.instrument.binder.jvm.ClassLoaderMetrics; SearchStrategy: all) did not find any beans (OnBeanCondition)
?[0m?[0;34m
?[0m?[0;34m   JvmMetricsAutoConfiguration#jvmGcMetrics matched:
?[0m?[0;34m      - @ConditionalOnMissingBean (types: io.micrometer.core.instrument.binder.jvm.JvmGcMetrics; SearchStrategy: all) did not find any beans (OnBeanCondition)
?[0m?[0;34m
?[0m?[0;34m   JvmMetricsAutoConfiguration#jvmMemoryMetrics matched:
?[0m?[0;34m      - @ConditionalOnMissingBean (types: io.micrometer.core.instrument.binder.jvm.JvmMemoryMetrics; SearchStrategy: all) did not find any beans (OnBeanCondition)
?[0m?[0;34m
?[0m?[0;34m   JvmMetricsAutoConfiguration#jvmThreadMetrics matched:
?[0m?[0;34m      - @ConditionalOnMissingBean (types: io.micrometer.core.instrument.binder.jvm.JvmThreadMetrics; SearchStrategy: all) did not find any beans (OnBeanCondition)
?[0m?[0;34m
?[0m?[0;34m   LifecycleAutoConfiguration#defaultLifecycleProcessor matched:
?[0m?[0;34m      - @ConditionalOnMissingBean (names: lifecycleProcessor; SearchStrategy: current) did not find any beans (OnBeanCondition)
?[0m?[0;34m
?[0m?[0;34m   LogFileWebEndpointAutoConfiguration matched:
?[0m?[0;34m      - @ConditionalOnAvailableEndpoint no property management.endpoint.logfile.enabled found so using endpoint default; @ConditionalOnAvailableEndpoint marked as exposed by a 'management.endpoints.web.exposure' property (OnAvailableEndpointCondition)
?[0m?[0;34m
?[0m?[0;34m   LogbackMetricsAutoConfiguration matched:
?[0m?[0;34m      - @ConditionalOnClass found required classes 'io.micrometer.core.instrument.MeterRegistry', 'ch.qos.logback.classic.LoggerContext', 'org.slf4j.LoggerFactory' (OnClassCondition)
?[0m?[0;34m      - LogbackLoggingCondition ILoggerFactory is a Logback LoggerContext (LogbackMetricsAutoConfiguration.LogbackLoggingCondition)
?[0m?[0;34m      - @ConditionalOnBean (types: io.micrometer.core.instrument.MeterRegistry; SearchStrategy: all) found bean 'simpleMeterRegistry' (OnBeanCondition)
?[0m?[0;34m
?[0m?[0;34m   LogbackMetricsAutoConfiguration#logbackMetrics matched:
?[0m?[0;34m      - @ConditionalOnMissingBean (types: io.micrometer.core.instrument.binder.logging.LogbackMetrics; SearchStrategy: all) did not find any beans (OnBeanCondition)
?[0m?[0;34m
?[0m?[0;34m   LoggersEndpointAutoConfiguration matched:
?[0m?[0;34m      - @ConditionalOnAvailableEndpoint no property management.endpoint.loggers.enabled found so using endpoint default; @ConditionalOnAvailableEndpoint marked as exposed by a 'management.endpoints.web.exposure' property (OnAvailableEndpointCondition)
?[0m?[0;34m
?[0m?[0;34m   LoggersEndpointAutoConfiguration#loggersEndpoint matched:
?[0m?[0;34m      - Logging System enabled (LoggersEndpointAutoConfiguration.OnEnabledLoggingSystemCondition)
?[0m?[0;34m      - @ConditionalOnBean (types: org.springframework.boot.logging.LoggingSystem; SearchStrategy: all) found bean 'springBootLoggingSystem'; @ConditionalOnMissingBean (types: org.springframework.boot.actuate.logging.LoggersEndpoint; SearchStrategy: all) did not find any beans (OnBeanCondition)
?[0m?[0;34m
?[0m?[0;34m   ManagementContextAutoConfiguration.SameManagementContextConfiguration matched:
?[0m?[0;34m      - Management Port actual port type (SAME) matched required type (OnManagementPortCondition)
?[0m?[0;34m
?[0m?[0;34m   MappingsEndpointAutoConfiguration matched:
?[0m?[0;34m      - @ConditionalOnAvailableEndpoint no property management.endpoint.mappings.enabled found so using endpoint default; @ConditionalOnAvailableEndpoint marked as exposed by a 'management.endpoints.web.exposure' property (OnAvailableEndpointCondition)
?[0m?[0;34m
?[0m?[0;34m   MappingsEndpointAutoConfiguration.ServletWebConfiguration matched:
?[0m?[0;34m      - found 'session' scope (OnWebApplicationCondition)
?[0m?[0;34m
?[0m?[0;34m   MappingsEndpointAutoConfiguration.ServletWebConfiguration.SpringMvcConfiguration matched:
?[0m?[0;34m      - @ConditionalOnClass found required class 'org.springframework.web.servlet.DispatcherServlet' (OnClassCondition)
?[0m?[0;34m      - @ConditionalOnBean (types: org.springframework.web.servlet.DispatcherServlet; SearchStrategy: all) found bean 'dispatcherServlet' (OnBeanCondition)
?[0m?[0;34m
?[0m?[0;34m   MetricsAutoConfiguration matched:
?[0m?[0;34m      - @ConditionalOnClass found required class 'io.micrometer.core.annotation.Timed' (OnClassCondition)
?[0m?[0;34m
?[0m?[0;34m   MetricsAutoConfiguration#micrometerClock matched:
?[0m?[0;34m      - @ConditionalOnMissingBean (types: io.micrometer.core.instrument.Clock; SearchStrategy: all) did not find any beans (OnBeanCondition)
?[0m?[0;34m
?[0m?[0;34m   MetricsEndpointAutoConfiguration matched:
?[0m?[0;34m      - @ConditionalOnClass found required class 'io.micrometer.core.annotation.Timed' (OnClassCondition)
?[0m?[0;34m      - @ConditionalOnAvailableEndpoint no property management.endpoint.metrics.enabled found so using endpoint default; @ConditionalOnAvailableEndpoint marked as exposed by a 'management.endpoints.web.exposure' property (OnAvailableEndpointCondition)
?[0m?[0;34m
?[0m?[0;34m   MetricsEndpointAutoConfiguration#metricsEndpoint matched:
?[0m?[0;34m      - @ConditionalOnBean (types: io.micrometer.core.instrument.MeterRegistry; SearchStrategy: all) found bean 'simpleMeterRegistry'; @ConditionalOnMissingBean (types: org.springframework.boot.actuate.metrics.MetricsEndpoint; SearchStrategy: all) did not find any beans (OnBeanCondition)
?[0m?[0;34m
?[0m?[0;34m   MultipartAutoConfiguration matched:
?[0m?[0;34m      - @ConditionalOnClass found required classes 'javax.servlet.Servlet', 'org.springframework.web.multipart.support.StandardServletMultipartResolver', 'javax.servlet.MultipartConfigElement' (OnClassCondition)
?[0m?[0;34m      - found 'session' scope (OnWebApplicationCondition)
?[0m?[0;34m      - @ConditionalOnProperty (spring.servlet.multipart.enabled) matched (OnPropertyCondition)
?[0m?[0;34m
?[0m?[0;34m   MultipartAutoConfiguration#multipartConfigElement matched:
?[0m?[0;34m      - @ConditionalOnMissingBean (types: javax.servlet.MultipartConfigElement,org.springframework.web.multipart.commons.CommonsMultipartResolver; SearchStrategy: all) did not find any beans (OnBeanCondition)
?[0m?[0;34m
?[0m?[0;34m   MultipartAutoConfiguration#multipartResolver matched:
?[0m?[0;34m      - @ConditionalOnMissingBean (types: org.springframework.web.multipart.MultipartResolver; SearchStrategy: all) did not find any beans (OnBeanCondition)
?[0m?[0;34m
?[0m?[0;34m   NamedParameterJdbcTemplateConfiguration matched:
?[0m?[0;34m      - @ConditionalOnSingleCandidate (types: org.springframework.jdbc.core.JdbcTemplate; SearchStrategy: all) found a primary bean from beans 'jdbcTemplate'; @ConditionalOnMissingBean (types: org.springframework.jdbc.core.namedparam.NamedParameterJdbcOperations; SearchStrategy: all) did not find any beans (OnBeanCondition)
?[0m?[0;34m
?[0m?[0;34m   NoOpCacheConfiguration matched:
?[0m?[0;34m      - Cache org.springframework.boot.autoconfigure.cache.NoOpCacheConfiguration automatic cache type (CacheCondition)
?[0m?[0;34m
?[0m?[0;34m   PersistenceExceptionTranslationAutoConfiguration matched:
?[0m?[0;34m      - @ConditionalOnClass found required class 'org.springframework.dao.annotation.PersistenceExceptionTranslationPostProcessor' (OnClassCondition)
?[0m?[0;34m
?[0m?[0;34m   PersistenceExceptionTranslationAutoConfiguration#persistenceExceptionTranslationPostProcessor matched:
?[0m?[0;34m      - @ConditionalOnProperty (spring.dao.exceptiontranslation.enabled) matched (OnPropertyCondition)
?[0m?[0;34m      - @ConditionalOnMissingBean (types: org.springframework.dao.annotation.PersistenceExceptionTranslationPostProcessor; SearchStrategy: all) did not find any beans (OnBeanCondition)
?[0m?[0;34m
?[0m?[0;34m   PropertyPlaceholderAutoConfiguration#propertySourcesPlaceholderConfigurer matched:
?[0m?[0;34m      - @ConditionalOnMissingBean (types: org.springframework.context.support.PropertySourcesPlaceholderConfigurer; SearchStrategy: current) did not find any beans (OnBeanCondition)
?[0m?[0;34m
?[0m?[0;34m   RepositoryMetricsAutoConfiguration matched:
?[0m?[0;34m      - @ConditionalOnClass found required class 'org.springframework.data.repository.Repository' (OnClassCondition)
?[0m?[0;34m      - @ConditionalOnBean (types: io.micrometer.core.instrument.MeterRegistry; SearchStrategy: all) found bean 'simpleMeterRegistry' (OnBeanCondition)
?[0m?[0;34m
?[0m?[0;34m   RepositoryMetricsAutoConfiguration#metricsRepositoryMethodInvocationListener matched:
?[0m?[0;34m      - @ConditionalOnMissingBean (types: org.springframework.boot.actuate.metrics.data.MetricsRepositoryMethodInvocationListener; SearchStrategy: all) did not find any beans (OnBeanCondition)
?[0m?[0;34m
?[0m?[0;34m   RepositoryMetricsAutoConfiguration#repositoryTagsProvider matched:
?[0m?[0;34m      - @ConditionalOnMissingBean (types: org.springframework.boot.actuate.metrics.data.RepositoryTagsProvider; SearchStrategy: all) did not find any beans (OnBeanCondition)
?[0m?[0;34m
?[0m?[0;34m   RestTemplateAutoConfiguration matched:
?[0m?[0;34m      - @ConditionalOnClass found required class 'org.springframework.web.client.RestTemplate' (OnClassCondition)
?[0m?[0;34m      - NoneNestedConditions 0 matched 1 did not; NestedCondition on RestTemplateAutoConfiguration.NotReactiveWebApplicationCondition.ReactiveWebApplication did not find reactive web application classes (RestTemplateAutoConfiguration.NotReactiveWebApplicationCondition)
?[0m?[0;34m
?[0m?[0;34m   RestTemplateAutoConfiguration#restTemplateBuilder matched:
?[0m?[0;34m      - @ConditionalOnMissingBean (types: org.springframework.boot.web.client.RestTemplateBuilder; SearchStrategy: all) did not find any beans (OnBeanCondition)
?[0m?[0;34m
?[0m?[0;34m   RestTemplateAutoConfiguration#restTemplateBuilderConfigurer matched:
?[0m?[0;34m      - @ConditionalOnMissingBean (types: org.springframework.boot.autoconfigure.web.client.RestTemplateBuilderConfigurer; SearchStrategy: all) did not find any beans (OnBeanCondition)
?[0m?[0;34m
?[0m?[0;34m   RestTemplateMetricsConfiguration matched:
?[0m?[0;34m      - @ConditionalOnClass found required class 'org.springframework.web.client.RestTemplate' (OnClassCondition)
?[0m?[0;34m      - @ConditionalOnBean (types: org.springframework.boot.web.client.RestTemplateBuilder; SearchStrategy: all) found bean 'restTemplateBuilder' (OnBeanCondition)
?[0m?[0;34m
?[0m?[0;34m   RestTemplateMetricsConfiguration#restTemplateExchangeTagsProvider matched:
?[0m?[0;34m      - @ConditionalOnMissingBean (types: org.springframework.boot.actuate.metrics.web.client.RestTemplateExchangeTagsProvider; SearchStrategy: all) did not find any beans (OnBeanCondition)
?[0m?[0;34m
?[0m?[0;34m   ScheduledTasksEndpointAutoConfiguration matched:
?[0m?[0;34m      - @ConditionalOnAvailableEndpoint no property management.endpoint.scheduledtasks.enabled found so using endpoint default; @ConditionalOnAvailableEndpoint marked as exposed by a 'management.endpoints.web.exposure' property (OnAvailableEndpointCondition)
?[0m?[0;34m
?[0m?[0;34m   ScheduledTasksEndpointAutoConfiguration#scheduledTasksEndpoint matched:
?[0m?[0;34m      - @ConditionalOnMissingBean (types: org.springframework.boot.actuate.scheduling.ScheduledTasksEndpoint; SearchStrategy: all) did not find any beans (OnBeanCondition)
?[0m?[0;34m
?[0m?[0;34m   SecurityAutoConfiguration matched:
?[0m?[0;34m      - @ConditionalOnClass found required class 'org.springframework.security.authentication.DefaultAuthenticationEventPublisher' (OnClassCondition)
?[0m?[0;34m
?[0m?[0;34m   SecurityAutoConfiguration#authenticationEventPublisher matched:
?[0m?[0;34m      - @ConditionalOnMissingBean (types: org.springframework.security.authentication.AuthenticationEventPublisher; SearchStrategy: all) did not find any beans (OnBeanCondition)
?[0m?[0;34m
?[0m?[0;34m   SecurityFilterAutoConfiguration matched:
?[0m?[0;34m      - @ConditionalOnClass found required classes 'org.springframework.security.web.context.AbstractSecurityWebApplicationInitializer', 'org.springframework.security.config.http.SessionCreationPolicy' (OnClassCondition)
?[0m?[0;34m      - found 'session' scope (OnWebApplicationCondition)
?[0m?[0;34m
?[0m?[0;34m   SecurityFilterAutoConfiguration#securityFilterChainRegistration matched:
?[0m?[0;34m      - @ConditionalOnBean (names: springSecurityFilterChain; SearchStrategy: all) found bean 'springSecurityFilterChain' (OnBeanCondition)
?[0m?[0;34m
?[0m?[0;34m   SecurityRequestMatchersManagementContextConfiguration matched:
?[0m?[0;34m      - @ConditionalOnClass found required class 'org.springframework.security.web.util.matcher.RequestMatcher' (OnClassCondition)
?[0m?[0;34m      - found 'session' scope (OnWebApplicationCondition)
?[0m?[0;34m
?[0m?[0;34m   SecurityRequestMatchersManagementContextConfiguration.MvcRequestMatcherConfiguration matched:
?[0m?[0;34m      - @ConditionalOnClass found required class 'org.springframework.web.servlet.DispatcherServlet' (OnClassCondition)
?[0m?[0;34m      - @ConditionalOnBean (types: org.springframework.boot.autoconfigure.web.servlet.DispatcherServletPath; SearchStrategy: all) found bean 'dispatcherServletRegistration' (OnBeanCondition)
?[0m?[0;34m
?[0m?[0;34m   SecurityRequestMatchersManagementContextConfiguration.MvcRequestMatcherConfiguration#requestMatcherProvider matched:
?[0m?[0;34m      - @ConditionalOnClass found required class 'org.springframework.web.servlet.DispatcherServlet' (OnClassCondition)
?[0m?[0;34m      - @ConditionalOnMissingBean (types: org.springframework.boot.autoconfigure.security.servlet.RequestMatcherProvider; SearchStrategy: all) did not find any beans (OnBeanCondition)
?[0m?[0;34m
?[0m?[0;34m   ServletEndpointManagementContextConfiguration matched:
?[0m?[0;34m      - found 'session' scope (OnWebApplicationCondition)
?[0m?[0;34m
?[0m?[0;34m   ServletEndpointManagementContextConfiguration.WebMvcServletEndpointManagementContextConfiguration matched:
?[0m?[0;34m      - @ConditionalOnClass found required class 'org.springframework.web.servlet.DispatcherServlet' (OnClassCondition)
?[0m?[0;34m
?[0m?[0;34m   ServletManagementContextAutoConfiguration matched:
?[0m?[0;34m      - @ConditionalOnClass found required class 'javax.servlet.Servlet' (OnClassCondition)
?[0m?[0;34m      - found 'session' scope (OnWebApplicationCondition)
?[0m?[0;34m
?[0m?[0;34m   ServletWebServerFactoryAutoConfiguration matched:
?[0m?[0;34m      - @ConditionalOnClass found required class 'javax.servlet.ServletRequest' (OnClassCondition)
?[0m?[0;34m      - found 'session' scope (OnWebApplicationCondition)
?[0m?[0;34m
?[0m?[0;34m   ServletWebServerFactoryAutoConfiguration#tomcatServletWebServerFactoryCustomizer matched:
?[0m?[0;34m      - @ConditionalOnClass found required class 'org.apache.catalina.startup.Tomcat' (OnClassCondition)
?[0m?[0;34m
?[0m?[0;34m   ServletWebServerFactoryConfiguration.EmbeddedTomcat matched:
?[0m?[0;34m      - @ConditionalOnClass found required classes 'javax.servlet.Servlet', 'org.apache.catalina.startup.Tomcat', 'org.apache.coyote.UpgradeProtocol' (OnClassCondition)
?[0m?[0;34m      - @ConditionalOnMissingBean (types: org.springframework.boot.web.servlet.server.ServletWebServerFactory; SearchStrategy: current) did not find any beans (OnBeanCondition)
?[0m?[0;34m
?[0m?[0;34m   ShutdownEndpointAutoConfiguration matched:
?[0m?[0;34m      - @ConditionalOnAvailableEndpoint found property management.endpoint.shutdown.enabled with value true; @ConditionalOnAvailableEndpoint marked as exposed by a 'management.endpoints.web.exposure' property (OnAvailableEndpointCondition)
?[0m?[0;34m
?[0m?[0;34m   ShutdownEndpointAutoConfiguration#shutdownEndpoint matched:
?[0m?[0;34m      - @ConditionalOnMissingBean (types: org.springframework.boot.actuate.context.ShutdownEndpoint; SearchStrategy: all) did not find any beans (OnBeanCondition)
?[0m?[0;34m
?[0m?[0;34m   SimpleCacheConfiguration matched:
?[0m?[0;34m      - Cache org.springframework.boot.autoconfigure.cache.SimpleCacheConfiguration automatic cache type (CacheCondition)
?[0m?[0;34m
?[0m?[0;34m   SimpleMetricsExportAutoConfiguration matched:
?[0m?[0;34m      - @ConditionalOnEnabledMetricsExport management.metrics.export.defaults.enabled is considered true (OnMetricsExportEnabledCondition)
?[0m?[0;34m      - @ConditionalOnBean (types: io.micrometer.core.instrument.Clock; SearchStrategy: all) found bean 'micrometerClock'; @ConditionalOnMissingBean (types: io.micrometer.core.instrument.MeterRegistry; SearchStrategy: all) did not find any beans (OnBeanCondition)
?[0m?[0;34m
?[0m?[0;34m   SimpleMetricsExportAutoConfiguration#simpleConfig matched:
?[0m?[0;34m      - @ConditionalOnMissingBean (types: io.micrometer.core.instrument.simple.SimpleConfig; SearchStrategy: all) did not find any beans (OnBeanCondition)
?[0m?[0;34m
?[0m?[0;34m   SpringDataWebAutoConfiguration matched:
?[0m?[0;34m      - @ConditionalOnClass found required classes 'org.springframework.data.web.PageableHandlerMethodArgumentResolver', 'org.springframework.web.servlet.config.annotation.WebMvcConfigurer' (OnClassCondition)
?[0m?[0;34m      - found 'session' scope (OnWebApplicationCondition)
?[0m?[0;34m      - @ConditionalOnMissingBean (types: org.springframework.data.web.PageableHandlerMethodArgumentResolver; SearchStrategy: all) did not find any beans (OnBeanCondition)
?[0m?[0;34m
?[0m?[0;34m   SpringDataWebAutoConfiguration#pageableCustomizer matched:
?[0m?[0;34m      - @ConditionalOnMissingBean (types: org.springframework.data.web.config.PageableHandlerMethodArgumentResolverCustomizer; SearchStrategy: all) did not find any beans (OnBeanCondition)
?[0m?[0;34m
?[0m?[0;34m   SpringDataWebAutoConfiguration#sortCustomizer matched:
?[0m?[0;34m      - @ConditionalOnMissingBean (types: org.springframework.data.web.config.SortHandlerMethodArgumentResolverCustomizer; SearchStrategy: all) did not find any beans (OnBeanCondition)
?[0m?[0;34m
?[0m?[0;34m   SqlInitializationAutoConfiguration matched:
?[0m?[0;34m      - @ConditionalOnProperty (spring.sql.init.enabled) matched (OnPropertyCondition)
?[0m?[0;34m      - NoneNestedConditions 0 matched 1 did not; NestedCondition on SqlInitializationAutoConfiguration.SqlInitializationModeCondition.ModeIsNever @ConditionalOnProperty (spring.sql.init.mode=never) did not find property 'mode' (SqlInitializationAutoConfiguration.SqlInitializationModeCondition)
?[0m?[0;34m      - @ConditionalOnMissingBean (types: org.springframework.boot.sql.init.AbstractScriptDatabaseInitializer; SearchStrategy: all) did not find any beans (OnBeanCondition)
?[0m?[0;34m
?[0m?[0;34m   SystemMetricsAutoConfiguration matched:
?[0m?[0;34m      - @ConditionalOnClass found required class 'io.micrometer.core.instrument.MeterRegistry' (OnClassCondition)
?[0m?[0;34m      - @ConditionalOnBean (types: io.micrometer.core.instrument.MeterRegistry; SearchStrategy: all) found bean 'simpleMeterRegistry' (OnBeanCondition)
?[0m?[0;34m
?[0m?[0;34m   SystemMetricsAutoConfiguration#fileDescriptorMetrics matched:
?[0m?[0;34m      - @ConditionalOnMissingBean (types: io.micrometer.core.instrument.binder.system.FileDescriptorMetrics; SearchStrategy: all) did not find any beans (OnBeanCondition)
?[0m?[0;34m
?[0m?[0;34m   SystemMetricsAutoConfiguration#processorMetrics matched:
?[0m?[0;34m      - @ConditionalOnMissingBean (types: io.micrometer.core.instrument.binder.system.ProcessorMetrics; SearchStrategy: all) did not find any beans (OnBeanCondition)
?[0m?[0;34m
?[0m?[0;34m   SystemMetricsAutoConfiguration#uptimeMetrics matched:
?[0m?[0;34m      - @ConditionalOnMissingBean (types: io.micrometer.core.instrument.binder.system.UptimeMetrics; SearchStrategy: all) did not find any beans (OnBeanCondition)
?[0m?[0;34m
?[0m?[0;34m   TaskExecutionAutoConfiguration matched:
?[0m?[0;34m      - @ConditionalOnClass found required class 'org.springframework.scheduling.concurrent.ThreadPoolTaskExecutor' (OnClassCondition)
?[0m?[0;34m
?[0m?[0;34m   TaskExecutionAutoConfiguration#applicationTaskExecutor matched:
?[0m?[0;34m      - @ConditionalOnMissingBean (types: java.util.concurrent.Executor; SearchStrategy: all) did not find any beans (OnBeanCondition)
?[0m?[0;34m
?[0m?[0;34m   TaskExecutionAutoConfiguration#taskExecutorBuilder matched:
?[0m?[0;34m      - @ConditionalOnMissingBean (types: org.springframework.boot.task.TaskExecutorBuilder; SearchStrategy: all) did not find any beans (OnBeanCondition)
?[0m?[0;34m
?[0m?[0;34m   TaskSchedulingAutoConfiguration matched:
?[0m?[0;34m      - @ConditionalOnClass found required class 'org.springframework.scheduling.concurrent.ThreadPoolTaskScheduler' (OnClassCondition)
?[0m?[0;34m
?[0m?[0;34m   TaskSchedulingAutoConfiguration#taskSchedulerBuilder matched:
?[0m?[0;34m      - @ConditionalOnMissingBean (types: org.springframework.boot.task.TaskSchedulerBuilder; SearchStrategy: all) did not find any beans (OnBeanCondition)
?[0m?[0;34m
?[0m?[0;34m   ThreadDumpEndpointAutoConfiguration matched:
?[0m?[0;34m      - @ConditionalOnAvailableEndpoint no property management.endpoint.threaddump.enabled found so using endpoint default; @ConditionalOnAvailableEndpoint marked as exposed by a 'management.endpoints.web.exposure' property (OnAvailableEndpointCondition)
?[0m?[0;34m
?[0m?[0;34m   ThreadDumpEndpointAutoConfiguration#dumpEndpoint matched:
?[0m?[0;34m      - @ConditionalOnMissingBean (types: org.springframework.boot.actuate.management.ThreadDumpEndpoint; SearchStrategy: all) did not find any beans (OnBeanCondition)
?[0m?[0;34m
?[0m?[0;34m   TomcatMetricsAutoConfiguration matched:
?[0m?[0;34m      - @ConditionalOnClass found required classes 'io.micrometer.core.instrument.binder.tomcat.TomcatMetrics', 'org.apache.catalina.Manager' (OnClassCondition)
?[0m?[0;34m      - @ConditionalOnWebApplication (required) found 'session' scope (OnWebApplicationCondition)
?[0m?[0;34m
?[0m?[0;34m   TomcatMetricsAutoConfiguration#tomcatMetricsBinder matched:
?[0m?[0;34m      - @ConditionalOnBean (types: io.micrometer.core.instrument.MeterRegistry; SearchStrategy: all) found bean 'simpleMeterRegistry'; @ConditionalOnMissingBean (types: io.micrometer.core.instrument.binder.tomcat.TomcatMetrics,org.springframework.boot.actuate.metrics.web.tomcat.TomcatMetricsBinder; SearchStrategy: all) did not find any beans (OnBeanCondition)
?[0m?[0;34m
?[0m?[0;34m   TransactionAutoConfiguration matched:
?[0m?[0;34m      - @ConditionalOnClass found required class 'org.springframework.transaction.PlatformTransactionManager' (OnClassCondition)
?[0m?[0;34m
?[0m?[0;34m   TransactionAutoConfiguration#platformTransactionManagerCustomizers matched:
?[0m?[0;34m      - @ConditionalOnMissingBean (types: org.springframework.boot.autoconfigure.transaction.TransactionManagerCustomizers; SearchStrategy: all) did not find any beans (OnBeanCondition)
?[0m?[0;34m
?[0m?[0;34m   TransactionAutoConfiguration.EnableTransactionManagementConfiguration matched:
?[0m?[0;34m      - @ConditionalOnBean (types: org.springframework.transaction.TransactionManager; SearchStrategy: all) found bean 'transactionManager'; @ConditionalOnMissingBean (types: org.springframework.transaction.annotation.AbstractTransactionManagementConfiguration; SearchStrategy: all) did not find any beans (OnBeanCondition)
?[0m?[0;34m
?[0m?[0;34m   TransactionAutoConfiguration.EnableTransactionManagementConfiguration.CglibAutoProxyConfiguration matched:
?[0m?[0;34m      - @ConditionalOnProperty (spring.aop.proxy-target-class=true) matched (OnPropertyCondition)
?[0m?[0;34m
?[0m?[0;34m   TransactionAutoConfiguration.TransactionTemplateConfiguration matched:
?[0m?[0;34m      - @ConditionalOnSingleCandidate (types: org.springframework.transaction.PlatformTransactionManager; SearchStrategy: all) found a primary bean from beans 'transactionManager' (OnBeanCondition)
?[0m?[0;34m
?[0m?[0;34m   TransactionAutoConfiguration.TransactionTemplateConfiguration#transactionTemplate matched:
?[0m?[0;34m      - @ConditionalOnMissingBean (types: org.springframework.transaction.support.TransactionOperations; SearchStrategy: all) did not find any beans (OnBeanCondition)
?[0m?[0;34m
?[0m?[0;34m   ValidationAutoConfiguration matched:
?[0m?[0;34m      - @ConditionalOnClass found required class 'javax.validation.executable.ExecutableValidator' (OnClassCondition)
?[0m?[0;34m      - @ConditionalOnResource found location classpath:META-INF/services/javax.validation.spi.ValidationProvider (OnResourceCondition)
?[0m?[0;34m
?[0m?[0;34m   ValidationAutoConfiguration#defaultValidator matched:
?[0m?[0;34m      - @ConditionalOnMissingBean (types: javax.validation.Validator; SearchStrategy: all) did not find any beans (OnBeanCondition)
?[0m?[0;34m
?[0m?[0;34m   ValidationAutoConfiguration#methodValidationPostProcessor matched:
?[0m?[0;34m      - @ConditionalOnMissingBean (types: org.springframework.validation.beanvalidation.MethodValidationPostProcessor; SearchStrategy: all) did not find any beans (OnBeanCondition)
?[0m?[0;34m
?[0m?[0;34m   WebEndpointAutoConfiguration matched:
?[0m?[0;34m      - @ConditionalOnWebApplication (required) found 'session' scope (OnWebApplicationCondition)
?[0m?[0;34m
?[0m?[0;34m   WebEndpointAutoConfiguration#controllerEndpointDiscoverer matched:
?[0m?[0;34m      - @ConditionalOnMissingBean (types: org.springframework.boot.actuate.endpoint.web.annotation.ControllerEndpointsSupplier; SearchStrategy: all) did not find any beans (OnBeanCondition)
?[0m?[0;34m
?[0m?[0;34m   WebEndpointAutoConfiguration#endpointMediaTypes matched:
?[0m?[0;34m      - @ConditionalOnMissingBean (types: org.springframework.boot.actuate.endpoint.web.EndpointMediaTypes; SearchStrategy: all) did not find any beans (OnBeanCondition)
?[0m?[0;34m
?[0m?[0;34m   WebEndpointAutoConfiguration#pathMappedEndpoints matched:
?[0m?[0;34m      - @ConditionalOnMissingBean (types: org.springframework.boot.actuate.endpoint.web.PathMappedEndpoints; SearchStrategy: all) did not find any beans (OnBeanCondition)
?[0m?[0;34m
?[0m?[0;34m   WebEndpointAutoConfiguration#webEndpointDiscoverer matched:
?[0m?[0;34m      - @ConditionalOnMissingBean (types: org.springframework.boot.actuate.endpoint.web.WebEndpointsSupplier; SearchStrategy: all) did not find any beans (OnBeanCondition)
?[0m?[0;34m
?[0m?[0;34m   WebEndpointAutoConfiguration.WebEndpointServletConfiguration matched:
?[0m?[0;34m      - found 'session' scope (OnWebApplicationCondition)
?[0m?[0;34m
?[0m?[0;34m   WebEndpointAutoConfiguration.WebEndpointServletConfiguration#servletEndpointDiscoverer matched:
?[0m?[0;34m      - @ConditionalOnMissingBean (types: org.springframework.boot.actuate.endpoint.web.annotation.ServletEndpointsSupplier; SearchStrategy: all) did not find any beans (OnBeanCondition)
?[0m?[0;34m
?[0m?[0;34m   WebMvcAutoConfiguration matched:
?[0m?[0;34m      - @ConditionalOnClass found required classes 'javax.servlet.Servlet', 'org.springframework.web.servlet.DispatcherServlet', 'org.springframework.web.servlet.config.annotation.WebMvcConfigurer' (OnClassCondition)
?[0m?[0;34m      - found 'session' scope (OnWebApplicationCondition)
?[0m?[0;34m      - @ConditionalOnMissingBean (types: org.springframework.web.servlet.config.annotation.WebMvcConfigurationSupport; SearchStrategy: all) did not find any beans (OnBeanCondition)
?[0m?[0;34m
?[0m?[0;34m   WebMvcAutoConfiguration#formContentFilter matched:
?[0m?[0;34m      - @ConditionalOnProperty (spring.mvc.formcontent.filter.enabled) matched (OnPropertyCondition)
?[0m?[0;34m      - @ConditionalOnMissingBean (types: org.springframework.web.filter.FormContentFilter; SearchStrategy: all) did not find any beans (OnBeanCondition)
?[0m?[0;34m
?[0m?[0;34m   WebMvcAutoConfiguration.EnableWebMvcConfiguration#flashMapManager matched:
?[0m?[0;34m      - @ConditionalOnMissingBean (names: flashMapManager; SearchStrategy: all) did not find any beans (OnBeanCondition)
?[0m?[0;34m
?[0m?[0;34m   WebMvcAutoConfiguration.EnableWebMvcConfiguration#localeResolver matched:
?[0m?[0;34m      - @ConditionalOnMissingBean (names: localeResolver; SearchStrategy: all) did not find any beans (OnBeanCondition)
?[0m?[0;34m
?[0m?[0;34m   WebMvcAutoConfiguration.EnableWebMvcConfiguration#themeResolver matched:
?[0m?[0;34m      - @ConditionalOnMissingBean (names: themeResolver; SearchStrategy: all) did not find any beans (OnBeanCondition)
?[0m?[0;34m
?[0m?[0;34m   WebMvcAutoConfiguration.WebMvcAutoConfigurationAdapter#defaultViewResolver matched:
?[0m?[0;34m      - @ConditionalOnMissingBean (types: org.springframework.web.servlet.view.InternalResourceViewResolver; SearchStrategy: all) did not find any beans (OnBeanCondition)
?[0m?[0;34m
?[0m?[0;34m   WebMvcAutoConfiguration.WebMvcAutoConfigurationAdapter#requestContextFilter matched:
?[0m?[0;34m      - @ConditionalOnMissingBean (types: org.springframework.web.context.request.RequestContextListener,org.springframework.web.filter.RequestContextFilter; SearchStrategy: all) did not find any beans (OnBeanCondition)
?[0m?[0;34m
?[0m?[0;34m   WebMvcAutoConfiguration.WebMvcAutoConfigurationAdapter#viewResolver matched:
?[0m?[0;34m      - @ConditionalOnBean (types: org.springframework.web.servlet.ViewResolver; SearchStrategy: all) found beans 'defaultViewResolver', 'beanNameViewResolver', 'mvcViewResolver'; @ConditionalOnMissingBean (names: viewResolver types: org.springframework.web.servlet.view.ContentNegotiatingViewResolver; SearchStrategy: all) did not find any beans (OnBeanCondition)
?[0m?[0;34m
?[0m?[0;34m   WebMvcEndpointManagementContextConfiguration matched:
?[0m?[0;34m      - @ConditionalOnClass found required class 'org.springframework.web.servlet.DispatcherServlet' (OnClassCondition)
?[0m?[0;34m      - found 'session' scope (OnWebApplicationCondition)
?[0m?[0;34m      - @ConditionalOnBean (types: org.springframework.web.servlet.DispatcherServlet,org.springframework.boot.actuate.endpoint.web.WebEndpointsSupplier; SearchStrategy: all) found beans 'webEndpointDiscoverer', 'dispatcherServlet' (OnBeanCondition)
?[0m?[0;34m
?[0m?[0;34m   WebMvcEndpointManagementContextConfiguration#controllerEndpointHandlerMapping matched:
?[0m?[0;34m      - @ConditionalOnMissingBean (types: org.springframework.boot.actuate.endpoint.web.servlet.ControllerEndpointHandlerMapping; SearchStrategy: all) did not find any beans (OnBeanCondition)
?[0m?[0;34m
?[0m?[0;34m   WebMvcEndpointManagementContextConfiguration#webEndpointServletHandlerMapping matched:
?[0m?[0;34m      - @ConditionalOnMissingBean (types: org.springframework.boot.actuate.endpoint.web.servlet.WebMvcEndpointHandlerMapping; SearchStrategy: all) did not find any beans (OnBeanCondition)
?[0m?[0;34m
?[0m?[0;34m   WebMvcMetricsAutoConfiguration matched:
?[0m?[0;34m      - @ConditionalOnClass found required class 'org.springframework.web.servlet.DispatcherServlet' (OnClassCondition)
?[0m?[0;34m      - found 'session' scope (OnWebApplicationCondition)
?[0m?[0;34m      - @ConditionalOnBean (types: io.micrometer.core.instrument.MeterRegistry; SearchStrategy: all) found bean 'simpleMeterRegistry' (OnBeanCondition)
?[0m?[0;34m
?[0m?[0;34m   WebMvcMetricsAutoConfiguration#webMvcTagsProvider matched:
?[0m?[0;34m      - @ConditionalOnMissingBean (types: org.springframework.boot.actuate.metrics.web.servlet.WebMvcTagsProvider; SearchStrategy: all) did not find any beans (OnBeanCondition)
?[0m?[0;34m
?[0m?[0;34m   WebSocketServletAutoConfiguration matched:
?[0m?[0;34m      - @ConditionalOnClass found required classes 'javax.servlet.Servlet', 'javax.websocket.server.ServerContainer' (OnClassCondition)
?[0m?[0;34m      - found 'session' scope (OnWebApplicationCondition)
?[0m?[0;34m
?[0m?[0;34m   WebSocketServletAutoConfiguration.TomcatWebSocketConfiguration matched:
?[0m?[0;34m      - @ConditionalOnClass found required classes 'org.apache.catalina.startup.Tomcat', 'org.apache.tomcat.websocket.server.WsSci' (OnClassCondition)
?[0m?[0;34m
?[0m?[0;34m   WebSocketServletAutoConfiguration.TomcatWebSocketConfiguration#websocketServletWebServerCustomizer matched:
?[0m?[0;34m      - @ConditionalOnMissingBean (names: websocketServletWebServerCustomizer; SearchStrategy: all) did not find any beans (OnBeanCondition)
?[0m?[0;34m
?[0m?[0;34m
?[0m?[0;34mNegative matches:
?[0m?[0;34m-----------------
?[0m?[0;34m
?[0m?[0;34m   ActiveMQAutoConfiguration:
?[0m?[0;34m      Did not match:
?[0m?[0;34m         - @ConditionalOnClass did not find required class 'javax.jms.ConnectionFactory' (OnClassCondition)
?[0m?[0;34m
?[0m?[0;34m   AopAutoConfiguration.AspectJAutoProxyingConfiguration.JdkDynamicAutoProxyConfiguration:
?[0m?[0;34m      Did not match:
?[0m?[0;34m         - @ConditionalOnProperty (spring.aop.proxy-target-class=false) did not find property 'proxy-target-class' (OnPropertyCondition)
?[0m?[0;34m
?[0m?[0;34m   AopAutoConfiguration.ClassProxyingConfiguration:
?[0m?[0;34m      Did not match:
?[0m?[0;34m         - @ConditionalOnMissingClass found unwanted class 'org.aspectj.weaver.Advice' (OnClassCondition)
?[0m?[0;34m
?[0m?[0;34m   AppOpticsMetricsExportAutoConfiguration:
?[0m?[0;34m      Did not match:
?[0m?[0;34m         - @ConditionalOnClass did not find required class 'io.micrometer.appoptics.AppOpticsMeterRegistry' (OnClassCondition)
?[0m?[0;34m
?[0m?[0;34m   ArtemisAutoConfiguration:
?[0m?[0;34m      Did not match:
?[0m?[0;34m         - @ConditionalOnClass did not find required class 'javax.jms.ConnectionFactory' (OnClassCondition)
?[0m?[0;34m
?[0m?[0;34m   AtlasMetricsExportAutoConfiguration:
?[0m?[0;34m      Did not match:
?[0m?[0;34m         - @ConditionalOnClass did not find required class 'io.micrometer.atlas.AtlasMeterRegistry' (OnClassCondition)
?[0m?[0;34m
?[0m?[0;34m   AtomikosJtaConfiguration:
?[0m?[0;34m      Did not match:
?[0m?[0;34m         - @ConditionalOnClass did not find required class 'com.atomikos.icatch.jta.UserTransactionManager' (OnClassCondition)
?[0m?[0;34m
?[0m?[0;34m   AuditAutoConfiguration:
?[0m?[0;34m      Did not match:
?[0m?[0;34m         - @ConditionalOnBean (types: org.springframework.boot.actuate.audit.AuditEventRepository; SearchStrategy: all) did not find any beans of type org.springframework.boot.actuate.audit.AuditEventRepository (OnBeanCondition)
?[0m?[0;34m      Matched:
?[0m?[0;34m         - @ConditionalOnProperty (management.auditevents.enabled) matched (OnPropertyCondition)
?[0m?[0;34m
?[0m?[0;34m   AuditEventsEndpointAutoConfiguration#auditEventsEndpoint:
?[0m?[0;34m      Did not match:
?[0m?[0;34m         - @ConditionalOnBean (types: org.springframework.boot.actuate.audit.AuditEventRepository; SearchStrategy: all) did not find any beans of type org.springframework.boot.actuate.audit.AuditEventRepository (OnBeanCondition)
?[0m?[0;34m
?[0m?[0;34m   AvailabilityHealthContributorAutoConfiguration#livenessStateHealthIndicator:
?[0m?[0;34m      Did not match:
?[0m?[0;34m         - @ConditionalOnProperty (management.health.livenessstate.enabled=true) did not find property 'enabled' (OnPropertyCondition)
?[0m?[0;34m
?[0m?[0;34m   AvailabilityHealthContributorAutoConfiguration#readinessStateHealthIndicator:
?[0m?[0;34m      Did not match:
?[0m?[0;34m         - @ConditionalOnProperty (management.health.readinessstate.enabled=true) did not find property 'enabled' (OnPropertyCondition)
?[0m?[0;34m
?[0m?[0;34m   AvailabilityProbesAutoConfiguration:
?[0m?[0;34m      Did not match:
?[0m?[0;34m         - Probes availability not running on a supported cloud platform (AvailabilityProbesAutoConfiguration.ProbesCondition)
?[0m?[0;34m
?[0m?[0;34m   BatchAutoConfiguration:
?[0m?[0;34m      Did not match:
?[0m?[0;34m         - @ConditionalOnClass did not find required class 'org.springframework.batch.core.launch.JobLauncher' (OnClassCondition)
?[0m?[0;34m
?[0m?[0;34m   CacheAutoConfiguration:
?[0m?[0;34m      Did not match:
?[0m?[0;34m         - @ConditionalOnBean (types: org.springframework.cache.interceptor.CacheAspectSupport; SearchStrategy: all) did not find any beans of type org.springframework.cache.interceptor.CacheAspectSupport (OnBeanCondition)
?[0m?[0;34m      Matched:
?[0m?[0;34m         - @ConditionalOnClass found required class 'org.springframework.cache.CacheManager' (OnClassCondition)
?[0m?[0;34m
?[0m?[0;34m   CacheAutoConfiguration.CacheManagerEntityManagerFactoryDependsOnPostProcessor:
?[0m?[0;34m      Did not match:
?[0m?[0;34m         - Ancestor org.springframework.boot.autoconfigure.cache.CacheAutoConfiguration did not match (ConditionEvaluationReport.AncestorsMatchedCondition)
?[0m?[0;34m      Matched:
?[0m?[0;34m         - @ConditionalOnClass found required class 'org.springframework.orm.jpa.LocalContainerEntityManagerFactoryBean' (OnClassCondition)
?[0m?[0;34m
?[0m?[0;34m   CacheMeterBinderProvidersConfiguration.CaffeineCacheMeterBinderProviderConfiguration:
?[0m?[0;34m      Did not match:
?[0m?[0;34m         - @ConditionalOnClass did not find required classes 'org.springframework.cache.caffeine.CaffeineCache', 'com.github.benmanes.caffeine.cache.Cache' (OnClassCondition)
?[0m?[0;34m
?[0m?[0;34m   CacheMeterBinderProvidersConfiguration.EhCache2CacheMeterBinderProviderConfiguration:
?[0m?[0;34m      Did not match:
?[0m?[0;34m         - @ConditionalOnClass did not find required classes 'org.springframework.cache.ehcache.EhCacheCache', 'net.sf.ehcache.Ehcache' (OnClassCondition)
?[0m?[0;34m
?[0m?[0;34m   CacheMeterBinderProvidersConfiguration.HazelcastCacheMeterBinderProviderConfiguration:
?[0m?[0;34m      Did not match:
?[0m?[0;34m         - @ConditionalOnClass did not find required classes 'com.hazelcast.spring.cache.HazelcastCache', 'com.hazelcast.core.Hazelcast' (OnClassCondition)
?[0m?[0;34m
?[0m?[0;34m   CacheMeterBinderProvidersConfiguration.JCacheCacheMeterBinderProviderConfiguration:
?[0m?[0;34m      Did not match:
?[0m?[0;34m         - @ConditionalOnClass did not find required classes 'org.springframework.cache.jcache.JCacheCache', 'javax.cache.CacheManager' (OnClassCondition)
?[0m?[0;34m
?[0m?[0;34m   CacheMeterBinderProvidersConfiguration.RedisCacheMeterBinderProviderConfiguration:
?[0m?[0;34m      Did not match:
?[0m?[0;34m         - @ConditionalOnClass did not find required class 'org.springframework.data.redis.cache.RedisCache' (OnClassCondition)
?[0m?[0;34m
?[0m?[0;34m   CacheMetricsAutoConfiguration:
?[0m?[0;34m      Did not match:
?[0m?[0;34m         - @ConditionalOnBean (types: org.springframework.cache.CacheManager; SearchStrategy: all) did not find any beans of type org.springframework.cache.CacheManager (OnBeanCondition)
?[0m?[0;34m
?[0m?[0;34m   CaffeineCacheConfiguration:
?[0m?[0;34m      Did not match:
?[0m?[0;34m         - @ConditionalOnClass did not find required class 'com.github.benmanes.caffeine.cache.Caffeine' (OnClassCondition)
?[0m?[0;34m
?[0m?[0;34m   CassandraAutoConfiguration:
?[0m?[0;34m      Did not match:
?[0m?[0;34m         - @ConditionalOnClass did not find required class 'com.datastax.oss.driver.api.core.CqlSession' (OnClassCondition)
?[0m?[0;34m
?[0m?[0;34m   CassandraDataAutoConfiguration:
?[0m?[0;34m      Did not match:
?[0m?[0;34m         - @ConditionalOnClass did not find required class 'com.datastax.oss.driver.api.core.CqlSession' (OnClassCondition)
?[0m?[0;34m
?[0m?[0;34m   CassandraHealthContributorAutoConfiguration:
?[0m?[0;34m      Did not match:
?[0m?[0;34m         - @ConditionalOnClass did not find required class 'com.datastax.oss.driver.api.core.CqlSession' (OnClassCondition)
?[0m?[0;34m
?[0m?[0;34m   CassandraReactiveDataAutoConfiguration:
?[0m?[0;34m      Did not match:
?[0m?[0;34m         - @ConditionalOnClass did not find required class 'com.datastax.oss.driver.api.core.CqlSession' (OnClassCondition)
?[0m?[0;34m
?[0m?[0;34m   CassandraReactiveHealthContributorAutoConfiguration:
?[0m?[0;34m      Did not match:
?[0m?[0;34m         - @ConditionalOnClass did not find required class 'com.datastax.oss.driver.api.core.CqlSession' (OnClassCondition)
?[0m?[0;34m
?[0m?[0;34m   CassandraReactiveRepositoriesAutoConfiguration:
?[0m?[0;34m      Did not match:
?[0m?[0;34m         - @ConditionalOnClass did not find required class 'org.springframework.data.cassandra.ReactiveSession' (OnClassCondition)
?[0m?[0;34m
?[0m?[0;34m   CassandraRepositoriesAutoConfiguration:
?[0m?[0;34m      Did not match:
?[0m?[0;34m         - @ConditionalOnClass did not find required class 'com.datastax.oss.driver.api.core.CqlSession' (OnClassCondition)
?[0m?[0;34m
?[0m?[0;34m   ClientHttpConnectorAutoConfiguration:
?[0m?[0;34m      Did not match:
?[0m?[0;34m         - @ConditionalOnClass did not find required class 'org.springframework.web.reactive.function.client.WebClient' (OnClassCondition)
?[0m?[0;34m
?[0m?[0;34m   CloudFoundryActuatorAutoConfiguration:
?[0m?[0;34m      Did not match:
?[0m?[0;34m         - @ConditionalOnCloudPlatform did not find CLOUD_FOUNDRY (OnCloudPlatformCondition)
?[0m?[0;34m      Matched:
?[0m?[0;34m         - @ConditionalOnClass found required class 'org.springframework.web.servlet.DispatcherServlet' (OnClassCondition)
?[0m?[0;34m         - found 'session' scope (OnWebApplicationCondition)
?[0m?[0;34m         - @ConditionalOnProperty (management.cloudfoundry.enabled) matched (OnPropertyCondition)
?[0m?[0;34m
?[0m?[0;34m   CodecsAutoConfiguration:
?[0m?[0;34m      Did not match:
?[0m?[0;34m         - @ConditionalOnClass did not find required class 'org.springframework.web.reactive.function.client.WebClient' (OnClassCondition)
?[0m?[0;34m
?[0m?[0;34m   CompositeMeterRegistryConfiguration:
?[0m?[0;34m      Did not match:
?[0m?[0;34m         - NoneNestedConditions 1 matched 1 did not; NestedCondition on CompositeMeterRegistryConfiguration.MultipleNonPrimaryMeterRegistriesCondition.SingleInjectableMeterRegistry @ConditionalOnSingleCandidate (types: io.micrometer.core.instrument.MeterRegistry; SearchStrategy: all) found a primary bean from beans 'simpleMeterRegistry'; NestedCondition on CompositeMeterRegistryConfiguration.MultipleNonPrimaryMeterRegistriesCondition.NoMeterRegistryCondition @ConditionalOnMissingBean (types: io.micrometer.core.instrument.MeterRegistry; SearchStrategy: all) found beans of type 'io.micrometer.core.instrument.MeterRegistry' simpleMeterRegistry (CompositeMeterRegistryConfiguration.MultipleNonPrimaryMeterRegistriesCondition)
?[0m?[0;34m
?[0m?[0;34m   ConnectionFactoryHealthContributorAutoConfiguration:
?[0m?[0;34m      Did not match:
?[0m?[0;34m         - @ConditionalOnClass did not find required class 'io.r2dbc.spi.ConnectionFactory' (OnClassCondition)
?[0m?[0;34m
?[0m?[0;34m   ConnectionPoolMetricsAutoConfiguration:
?[0m?[0;34m      Did not match:
?[0m?[0;34m         - @ConditionalOnClass did not find required class 'io.r2dbc.pool.ConnectionPool' (OnClassCondition)
?[0m?[0;34m
?[0m?[0;34m   CouchbaseAutoConfiguration:
?[0m?[0;34m      Did not match:
?[0m?[0;34m         - @ConditionalOnClass did not find required class 'com.couchbase.client.java.Cluster' (OnClassCondition)
?[0m?[0;34m
?[0m?[0;34m   CouchbaseCacheConfiguration:
?[0m?[0;34m      Did not match:
?[0m?[0;34m         - @ConditionalOnClass did not find required class 'com.couchbase.client.java.Cluster' (OnClassCondition)
?[0m?[0;34m
?[0m?[0;34m   CouchbaseDataAutoConfiguration:
?[0m?[0;34m      Did not match:
?[0m?[0;34m         - @ConditionalOnClass did not find required class 'com.couchbase.client.java.Bucket' (OnClassCondition)
?[0m?[0;34m
?[0m?[0;34m   CouchbaseHealthContributorAutoConfiguration:
?[0m?[0;34m      Did not match:
?[0m?[0;34m         - @ConditionalOnClass did not find required class 'com.couchbase.client.java.Cluster' (OnClassCondition)
?[0m?[0;34m
?[0m?[0;34m   CouchbaseReactiveDataAutoConfiguration:
?[0m?[0;34m      Did not match:
?[0m?[0;34m         - @ConditionalOnClass did not find required class 'com.couchbase.client.java.Cluster' (OnClassCondition)
?[0m?[0;34m
?[0m?[0;34m   CouchbaseReactiveHealthContributorAutoConfiguration:
?[0m?[0;34m      Did not match:
?[0m?[0;34m         - @ConditionalOnClass did not find required class 'com.couchbase.client.java.Cluster' (OnClassCondition)
?[0m?[0;34m
?[0m?[0;34m   CouchbaseReactiveRepositoriesAutoConfiguration:
?[0m?[0;34m      Did not match:
?[0m?[0;34m         - @ConditionalOnClass did not find required class 'com.couchbase.client.java.Cluster' (OnClassCondition)
?[0m?[0;34m
?[0m?[0;34m   CouchbaseRepositoriesAutoConfiguration:
?[0m?[0;34m      Did not match:
?[0m?[0;34m         - @ConditionalOnClass did not find required class 'com.couchbase.client.java.Bucket' (OnClassCondition)
?[0m?[0;34m
?[0m?[0;34m   DataSourceAutoConfiguration.EmbeddedDatabaseConfiguration:
?[0m?[0;34m      Did not match:
?[0m?[0;34m         - EmbeddedDataSource spring.datasource.url is set (DataSourceAutoConfiguration.EmbeddedDatabaseCondition)
?[0m?[0;34m
?[0m?[0;34m   DataSourceConfiguration.Dbcp2:
?[0m?[0;34m      Did not match:
?[0m?[0;34m         - @ConditionalOnClass did not find required class 'org.apache.commons.dbcp2.BasicDataSource' (OnClassCondition)
?[0m?[0;34m
?[0m?[0;34m   DataSourceConfiguration.Generic:
?[0m?[0;34m      Did not match:
?[0m?[0;34m         - @ConditionalOnProperty (spring.datasource.type) did not find property 'spring.datasource.type' (OnPropertyCondition)
?[0m?[0;34m
?[0m?[0;34m   DataSourceConfiguration.OracleUcp:
?[0m?[0;34m      Did not match:
?[0m?[0;34m         - @ConditionalOnClass did not find required classes 'oracle.ucp.jdbc.PoolDataSourceImpl', 'oracle.jdbc.OracleConnection' (OnClassCondition)
?[0m?[0;34m
?[0m?[0;34m   DataSourceConfiguration.Tomcat:
?[0m?[0;34m      Did not match:
?[0m?[0;34m         - @ConditionalOnClass did not find required class 'org.apache.tomcat.jdbc.pool.DataSource' (OnClassCondition)
?[0m?[0;34m
?[0m?[0;34m   DataSourceInitializationConfiguration.InitializationSpecificCredentialsDataSourceInitializationConfiguration:
?[0m?[0;34m      Did not match:
?[0m?[0;34m         - AnyNestedCondition 0 matched 2 did not; NestedCondition on DataSourceInitializationConfiguration.InitializationSpecificCredentialsDataSourceInitializationConfiguration.DifferentCredentialsCondition.DataCredentials @ConditionalOnProperty (spring.datasource.data-username) did not find property 'data-username'; NestedCondition on DataSourceInitializationConfiguration.InitializationSpecificCredentialsDataSourceInitializationConfiguration.DifferentCredentialsCondition.SchemaCredentials @ConditionalOnProperty (spring.datasource.schema-username) did not find property 'schema-username' (DataSourceInitializationConfiguration.InitializationSpecificCredentialsDataSourceInitializationConfiguration.DifferentCredentialsCondition)
?[0m?[0;34m
?[0m?[0;34m   DataSourceInitializationConfiguration.SharedCredentialsDataSourceInitializationConfiguration:
?[0m?[0;34m      Did not match:
?[0m?[0;34m         - DataSource Initialization did not find configured properties spring.datasource.data-username, spring.datasource.schema-password, spring.datasource.schema[0], spring.datasource.data[0], spring.datasource.data, spring.datasource.schema-username, spring.datasource.data-password, spring.datasource.initialization-mode, spring.datasource.schema, spring.datasource.sql-script-encoding, spring.datasource.separator, spring.datasource.platform, spring.datasource.continue-on-error (DataSourceInitializationConfiguration.SharedCredentialsDataSourceInitializationConfiguration.DataSourceInitializationCondition)
?[0m?[0;34m
?[0m?[0;34m   DataSourceJmxConfiguration.TomcatDataSourceJmxConfiguration:
?[0m?[0;34m      Did not match:
?[0m?[0;34m         - @ConditionalOnClass did not find required class 'org.apache.tomcat.jdbc.pool.DataSourceProxy' (OnClassCondition)
?[0m?[0;34m
?[0m?[0;34m   DataSourcePoolMetadataProvidersConfiguration.CommonsDbcp2PoolDataSourceMetadataProviderConfiguration:
?[0m?[0;34m      Did not match:
?[0m?[0;34m         - @ConditionalOnClass did not find required class 'org.apache.commons.dbcp2.BasicDataSource' (OnClassCondition)
?[0m?[0;34m
?[0m?[0;34m   DataSourcePoolMetadataProvidersConfiguration.OracleUcpPoolDataSourceMetadataProviderConfiguration:
?[0m?[0;34m      Did not match:
?[0m?[0;34m         - @ConditionalOnClass did not find required classes 'oracle.ucp.jdbc.PoolDataSource', 'oracle.jdbc.OracleConnection' (OnClassCondition)
?[0m?[0;34m
?[0m?[0;34m   DataSourcePoolMetadataProvidersConfiguration.TomcatDataSourcePoolMetadataProviderConfiguration:
?[0m?[0;34m      Did not match:
?[0m?[0;34m         - @ConditionalOnClass did not find required class 'org.apache.tomcat.jdbc.pool.DataSource' (OnClassCondition)
?[0m?[0;34m
?[0m?[0;34m   DataSourceTransactionManagerAutoConfiguration.JdbcTransactionManagerConfiguration#transactionManager:
?[0m?[0;34m      Did not match:
?[0m?[0;34m         - @ConditionalOnMissingBean (types: org.springframework.transaction.TransactionManager; SearchStrategy: all) found beans of type 'org.springframework.transaction.TransactionManager' transactionManager (OnBeanCondition)
?[0m?[0;34m
?[0m?[0;34m   DatadogMetricsExportAutoConfiguration:
?[0m?[0;34m      Did not match:
?[0m?[0;34m         - @ConditionalOnClass did not find required class 'io.micrometer.datadog.DatadogMeterRegistry' (OnClassCondition)
?[0m?[0;34m
?[0m?[0;34m   DispatcherServletAutoConfiguration.DispatcherServletConfiguration#multipartResolver:
?[0m?[0;34m      Did not match:
?[0m?[0;34m         - @ConditionalOnBean (types: org.springframework.web.multipart.MultipartResolver; SearchStrategy: all) did not find any beans of type org.springframework.web.multipart.MultipartResolver (OnBeanCondition)
?[0m?[0;34m
?[0m?[0;34m   DynatraceMetricsExportAutoConfiguration:
?[0m?[0;34m      Did not match:
?[0m?[0;34m         - @ConditionalOnClass did not find required class 'io.micrometer.dynatrace.DynatraceMeterRegistry' (OnClassCondition)
?[0m?[0;34m
?[0m?[0;34m   EhCacheCacheConfiguration:
?[0m?[0;34m      Did not match:
?[0m?[0;34m         - @ConditionalOnClass did not find required class 'net.sf.ehcache.Cache' (OnClassCondition)
?[0m?[0;34m
?[0m?[0;34m   ElasticMetricsExportAutoConfiguration:
?[0m?[0;34m      Did not match:
?[0m?[0;34m         - @ConditionalOnClass did not find required class 'io.micrometer.elastic.ElasticMeterRegistry' (OnClassCondition)
?[0m?[0;34m
?[0m?[0;34m   ElasticSearchReactiveHealthContributorAutoConfiguration:
?[0m?[0;34m      Did not match:
?[0m?[0;34m         - @ConditionalOnClass did not find required class 'reactor.core.publisher.Flux' (OnClassCondition)
?[0m?[0;34m
?[0m?[0;34m   ElasticSearchRestHealthContributorAutoConfiguration:
?[0m?[0;34m      Did not match:
?[0m?[0;34m         - @ConditionalOnClass did not find required class 'org.elasticsearch.client.RestHighLevelClient' (OnClassCondition)
?[0m?[0;34m
?[0m?[0;34m   ElasticsearchDataAutoConfiguration:
?[0m?[0;34m      Did not match:
?[0m?[0;34m         - @ConditionalOnClass did not find required class 'org.springframework.data.elasticsearch.core.ElasticsearchRestTemplate' (OnClassCondition)
?[0m?[0;34m
?[0m?[0;34m   ElasticsearchRepositoriesAutoConfiguration:
?[0m?[0;34m      Did not match:
?[0m?[0;34m         - @ConditionalOnClass did not find required class 'org.elasticsearch.client.Client' (OnClassCondition)
?[0m?[0;34m
?[0m?[0;34m   ElasticsearchRestClientAutoConfiguration:
?[0m?[0;34m      Did not match:
?[0m?[0;34m         - @ConditionalOnClass did not find required class 'org.elasticsearch.client.RestHighLevelClient' (OnClassCondition)
?[0m?[0;34m
?[0m?[0;34m   EmbeddedLdapAutoConfiguration:
?[0m?[0;34m      Did not match:
?[0m?[0;34m         - @ConditionalOnClass did not find required class 'com.unboundid.ldap.listener.InMemoryDirectoryServer' (OnClassCondition)
?[0m?[0;34m
?[0m?[0;34m   EmbeddedMongoAutoConfiguration:
?[0m?[0;34m      Did not match:
?[0m?[0;34m         - @ConditionalOnClass did not find required class 'com.mongodb.MongoClientSettings' (OnClassCondition)
?[0m?[0;34m
?[0m?[0;34m   EmbeddedWebServerFactoryCustomizerAutoConfiguration.JettyWebServerFactoryCustomizerConfiguration:
?[0m?[0;34m      Did not match:
?[0m?[0;34m         - @ConditionalOnClass did not find required classes 'org.eclipse.jetty.server.Server', 'org.eclipse.jetty.util.Loader', 'org.eclipse.jetty.webapp.WebAppContext' (OnClassCondition)
?[0m?[0;34m
?[0m?[0;34m   EmbeddedWebServerFactoryCustomizerAutoConfiguration.NettyWebServerFactoryCustomizerConfiguration:
?[0m?[0;34m      Did not match:
?[0m?[0;34m         - @ConditionalOnClass did not find required class 'reactor.netty.http.server.HttpServer' (OnClassCondition)
?[0m?[0;34m
?[0m?[0;34m   EmbeddedWebServerFactoryCustomizerAutoConfiguration.UndertowWebServerFactoryCustomizerConfiguration:
?[0m?[0;34m      Did not match:
?[0m?[0;34m         - @ConditionalOnClass did not find required classes 'io.undertow.Undertow', 'org.xnio.SslClientAuthMode' (OnClassCondition)
?[0m?[0;34m
?[0m?[0;34m   ErrorWebFluxAutoConfiguration:
?[0m?[0;34m      Did not match:
?[0m?[0;34m         - @ConditionalOnClass did not find required class 'org.springframework.web.reactive.config.WebFluxConfigurer' (OnClassCondition)
?[0m?[0;34m
?[0m?[0;34m   FlywayAutoConfiguration:
?[0m?[0;34m      Did not match:
?[0m?[0;34m         - @ConditionalOnClass did not find required class 'org.flywaydb.core.Flyway' (OnClassCondition)
?[0m?[0;34m
?[0m?[0;34m   FlywayEndpointAutoConfiguration:
?[0m?[0;34m      Did not match:
?[0m?[0;34m         - @ConditionalOnClass did not find required class 'org.flywaydb.core.Flyway' (OnClassCondition)
?[0m?[0;34m
?[0m?[0;34m   FreeMarkerAutoConfiguration:
?[0m?[0;34m      Did not match:
?[0m?[0;34m         - @ConditionalOnClass did not find required class 'freemarker.template.Configuration' (OnClassCondition)
?[0m?[0;34m
?[0m?[0;34m   GangliaMetricsExportAutoConfiguration:
?[0m?[0;34m      Did not match:
?[0m?[0;34m         - @ConditionalOnClass did not find required class 'io.micrometer.ganglia.GangliaMeterRegistry' (OnClassCondition)
?[0m?[0;34m
?[0m?[0;34m   GraphiteMetricsExportAutoConfiguration:
?[0m?[0;34m      Did not match:
?[0m?[0;34m         - @ConditionalOnClass did not find required class 'io.micrometer.graphite.GraphiteMeterRegistry' (OnClassCondition)
?[0m?[0;34m
?[0m?[0;34m   GroovyTemplateAutoConfiguration:
?[0m?[0;34m      Did not match:
?[0m?[0;34m         - @ConditionalOnClass did not find required class 'groovy.text.markup.MarkupTemplateEngine' (OnClassCondition)
?[0m?[0;34m
?[0m?[0;34m   GsonHttpMessageConvertersConfiguration.GsonHttpMessageConverterConfiguration:
?[0m?[0;34m      Did not match:
?[0m?[0;34m         - AnyNestedCondition 0 matched 2 did not; NestedCondition on GsonHttpMessageConvertersConfiguration.PreferGsonOrJacksonAndJsonbUnavailableCondition.JacksonJsonbUnavailable NoneNestedConditions 1 matched 1 did not; NestedCondition on GsonHttpMessageConvertersConfiguration.JacksonAndJsonbUnavailableCondition.JsonbPreferred @ConditionalOnProperty (spring.mvc.converters.preferred-json-mapper=jsonb) did not find property 'spring.mvc.converters.preferred-json-mapper'; NestedCondition on GsonHttpMessageConvertersConfiguration.JacksonAndJsonbUnavailableCondition.JacksonAvailable @ConditionalOnBean (types: org.springframework.http.converter.json.MappingJackson2HttpMessageConverter; SearchStrategy: all) found bean 'mappingJackson2HttpMessageConverter'; NestedCondition on GsonHttpMessageConvertersConfiguration.PreferGsonOrJacksonAndJsonbUnavailableCondition.GsonPreferred @ConditionalOnProperty (spring.mvc.converters.preferred-json-mapper=gson) did not find property 'spring.mvc.converters.preferred-json-mapper' (GsonHttpMessageConvertersConfiguration.PreferGsonOrJacksonAndJsonbUnavailableCondition)
?[0m?[0;34m
?[0m?[0;34m   HazelcastAutoConfiguration:
?[0m?[0;34m      Did not match:
?[0m?[0;34m         - @ConditionalOnClass did not find required class 'com.hazelcast.core.HazelcastInstance' (OnClassCondition)
?[0m?[0;34m
?[0m?[0;34m   HazelcastCacheConfiguration:
?[0m?[0;34m      Did not match:
?[0m?[0;34m         - @ConditionalOnClass did not find required class 'com.hazelcast.core.HazelcastInstance' (OnClassCondition)
?[0m?[0;34m
?[0m?[0;34m   HazelcastHealthContributorAutoConfiguration:
?[0m?[0;34m      Did not match:
?[0m?[0;34m         - @ConditionalOnClass did not find required class 'com.hazelcast.core.HazelcastInstance' (OnClassCondition)
?[0m?[0;34m
?[0m?[0;34m   HazelcastJpaDependencyAutoConfiguration:
?[0m?[0;34m      Did not match:
?[0m?[0;34m         - @ConditionalOnClass did not find required class 'com.hazelcast.core.HazelcastInstance' (OnClassCondition)
?[0m?[0;34m
?[0m?[0;34m   HealthEndpointReactiveWebExtensionConfiguration:
?[0m?[0;34m      Did not match:
?[0m?[0;34m         - did not find reactive web application classes (OnWebApplicationCondition)
?[0m?[0;34m
?[0m?[0;34m   HibernateMetricsAutoConfiguration:
?[0m?[0;34m      Did not match:
?[0m?[0;34m         - @ConditionalOnClass did not find required class 'org.hibernate.stat.HibernateMetrics' (OnClassCondition)
?[0m?[0;34m
?[0m?[0;34m   HttpHandlerAutoConfiguration:
?[0m?[0;34m      Did not match:
?[0m?[0;34m         - @ConditionalOnClass did not find required class 'org.springframework.web.reactive.DispatcherHandler' (OnClassCondition)
?[0m?[0;34m
?[0m?[0;34m   HttpTraceAutoConfiguration:
?[0m?[0;34m      Did not match:
?[0m?[0;34m         - @ConditionalOnBean (types: org.springframework.boot.actuate.trace.http.HttpTraceRepository; SearchStrategy: all) did not find any beans of type org.springframework.boot.actuate.trace.http.HttpTraceRepository (OnBeanCondition)
?[0m?[0;34m      Matched:
?[0m?[0;34m         - @ConditionalOnWebApplication (required) found 'session' scope (OnWebApplicationCondition)
?[0m?[0;34m         - @ConditionalOnProperty (management.trace.http.enabled) matched (OnPropertyCondition)
?[0m?[0;34m
?[0m?[0;34m   HttpTraceAutoConfiguration.ReactiveTraceFilterConfiguration:
?[0m?[0;34m      Did not match:
?[0m?[0;34m         - did not find reactive web application classes (OnWebApplicationCondition)
?[0m?[0;34m         - Ancestor org.springframework.boot.actuate.autoconfigure.trace.http.HttpTraceAutoConfiguration did not match (ConditionEvaluationReport.AncestorsMatchedCondition)
?[0m?[0;34m
?[0m?[0;34m   HttpTraceAutoConfiguration.ServletTraceFilterConfiguration:
?[0m?[0;34m      Did not match:
?[0m?[0;34m         - Ancestor org.springframework.boot.actuate.autoconfigure.trace.http.HttpTraceAutoConfiguration did not match (ConditionEvaluationReport.AncestorsMatchedCondition)
?[0m?[0;34m      Matched:
?[0m?[0;34m         - found 'session' scope (OnWebApplicationCondition)
?[0m?[0;34m
?[0m?[0;34m   HttpTraceEndpointAutoConfiguration#httpTraceEndpoint:
?[0m?[0;34m      Did not match:
?[0m?[0;34m         - @ConditionalOnBean (types: org.springframework.boot.actuate.trace.http.HttpTraceRepository; SearchStrategy: all) did not find any beans of type org.springframework.boot.actuate.trace.http.HttpTraceRepository (OnBeanCondition)
?[0m?[0;34m
?[0m?[0;34m   HumioMetricsExportAutoConfiguration:
?[0m?[0;34m      Did not match:
?[0m?[0;34m         - @ConditionalOnClass did not find required class 'io.micrometer.humio.HumioMeterRegistry' (OnClassCondition)
?[0m?[0;34m
?[0m?[0;34m   HypermediaAutoConfiguration:
?[0m?[0;34m      Did not match:
?[0m?[0;34m         - @ConditionalOnClass did not find required class 'org.springframework.hateoas.EntityModel' (OnClassCondition)
?[0m?[0;34m
?[0m?[0;34m   InfinispanCacheConfiguration:
?[0m?[0;34m      Did not match:
?[0m?[0;34m         - @ConditionalOnClass did not find required class 'org.infinispan.spring.embedded.provider.SpringEmbeddedCacheManager' (OnClassCondition)
?[0m?[0;34m
?[0m?[0;34m   InfluxDbAutoConfiguration:
?[0m?[0;34m      Did not match:
?[0m?[0;34m         - @ConditionalOnClass did not find required class 'org.influxdb.InfluxDB' (OnClassCondition)
?[0m?[0;34m
?[0m?[0;34m   InfluxDbHealthContributorAutoConfiguration:
?[0m?[0;34m      Did not match:
?[0m?[0;34m         - @ConditionalOnClass did not find required class 'org.influxdb.InfluxDB' (OnClassCondition)
?[0m?[0;34m
?[0m?[0;34m   InfluxMetricsExportAutoConfiguration:
?[0m?[0;34m      Did not match:
?[0m?[0;34m         - @ConditionalOnClass did not find required class 'io.micrometer.influx.InfluxMeterRegistry' (OnClassCondition)
?[0m?[0;34m
?[0m?[0;34m   InfoContributorAutoConfiguration#buildInfoContributor:
?[0m?[0;34m      Did not match:
?[0m?[0;34m         - @ConditionalOnSingleCandidate (types: org.springframework.boot.info.BuildProperties; SearchStrategy: all) did not find any beans (OnBeanCondition)
?[0m?[0;34m      Matched:
?[0m?[0;34m         - @ConditionalOnEnabledInfoContributor management.info.defaults.enabled is considered true (OnEnabledInfoContributorCondition)
?[0m?[0;34m
?[0m?[0;34m   InfoContributorAutoConfiguration#gitInfoContributor:
?[0m?[0;34m      Did not match:
?[0m?[0;34m         - @ConditionalOnSingleCandidate (types: org.springframework.boot.info.GitProperties; SearchStrategy: all) did not find any beans (OnBeanCondition)
?[0m?[0;34m      Matched:
?[0m?[0;34m         - @ConditionalOnEnabledInfoContributor management.info.defaults.enabled is considered true (OnEnabledInfoContributorCondition)
?[0m?[0;34m
?[0m?[0;34m   IntegrationAutoConfiguration:
?[0m?[0;34m      Did not match:
?[0m?[0;34m         - @ConditionalOnClass did not find required class 'org.springframework.integration.config.EnableIntegration' (OnClassCondition)
?[0m?[0;34m
?[0m?[0;34m   IntegrationGraphEndpointAutoConfiguration:
?[0m?[0;34m      Did not match:
?[0m?[0;34m         - @ConditionalOnClass did not find required class 'org.springframework.integration.graph.IntegrationGraphServer' (OnClassCondition)
?[0m?[0;34m
?[0m?[0;34m   JCacheCacheConfiguration:
?[0m?[0;34m      Did not match:
?[0m?[0;34m         - @ConditionalOnClass did not find required class 'javax.cache.Caching' (OnClassCondition)
?[0m?[0;34m
?[0m?[0;34m   JacksonHttpMessageConvertersConfiguration.MappingJackson2XmlHttpMessageConverterConfiguration:
?[0m?[0;34m      Did not match:
?[0m?[0;34m         - @ConditionalOnClass did not find required class 'com.fasterxml.jackson.dataformat.xml.XmlMapper' (OnClassCondition)
?[0m?[0;34m
?[0m?[0;34m   JdbcRepositoriesAutoConfiguration:
?[0m?[0;34m      Did not match:
?[0m?[0;34m         - @ConditionalOnClass did not find required class 'org.springframework.data.jdbc.repository.config.AbstractJdbcConfiguration' (OnClassCondition)
?[0m?[0;34m
?[0m?[0;34m   JerseyAutoConfiguration:
?[0m?[0;34m      Did not match:
?[0m?[0;34m         - @ConditionalOnClass did not find required class 'org.glassfish.jersey.server.spring.SpringComponentProvider' (OnClassCondition)
?[0m?[0;34m
?[0m?[0;34m   JerseySameManagementContextConfiguration:
?[0m?[0;34m      Did not match:
?[0m?[0;34m         - @ConditionalOnClass did not find required class 'org.glassfish.jersey.server.ResourceConfig' (OnClassCondition)
?[0m?[0;34m
?[0m?[0;34m   JerseyServerMetricsAutoConfiguration:
?[0m?[0;34m      Did not match:
?[0m?[0;34m         - @ConditionalOnClass did not find required class 'io.micrometer.jersey2.server.MetricsApplicationEventListener' (OnClassCondition)
?[0m?[0;34m
?[0m?[0;34m   JerseyWebEndpointManagementContextConfiguration:
?[0m?[0;34m      Did not match:
?[0m?[0;34m         - @ConditionalOnClass did not find required class 'org.glassfish.jersey.server.ResourceConfig' (OnClassCondition)
?[0m?[0;34m
?[0m?[0;34m   JettyMetricsAutoConfiguration:
?[0m?[0;34m      Did not match:
?[0m?[0;34m         - @ConditionalOnClass did not find required class 'org.eclipse.jetty.server.Server' (OnClassCondition)
?[0m?[0;34m
?[0m?[0;34m   JmsAutoConfiguration:
?[0m?[0;34m      Did not match:
?[0m?[0;34m         - @ConditionalOnClass did not find required class 'javax.jms.Message' (OnClassCondition)
?[0m?[0;34m
?[0m?[0;34m   JmsHealthContributorAutoConfiguration:
?[0m?[0;34m      Did not match:
?[0m?[0;34m         - @ConditionalOnClass did not find required class 'javax.jms.ConnectionFactory' (OnClassCondition)
?[0m?[0;34m
?[0m?[0;34m   JmxAutoConfiguration:
?[0m?[0;34m      Did not match:
?[0m?[0;34m         - @ConditionalOnProperty (spring.jmx.enabled=true) did not find property 'enabled' (OnPropertyCondition)
?[0m?[0;34m      Matched:
?[0m?[0;34m         - @ConditionalOnClass found required class 'org.springframework.jmx.export.MBeanExporter' (OnClassCondition)
?[0m?[0;34m
?[0m?[0;34m   JmxEndpointAutoConfiguration:
?[0m?[0;34m      Did not match:
?[0m?[0;34m         - @ConditionalOnProperty (spring.jmx.enabled=true) did not find property 'enabled' (OnPropertyCondition)
?[0m?[0;34m
?[0m?[0;34m   JmxMetricsExportAutoConfiguration:
?[0m?[0;34m      Did not match:
?[0m?[0;34m         - @ConditionalOnClass did not find required class 'io.micrometer.jmx.JmxMeterRegistry' (OnClassCondition)
?[0m?[0;34m
?[0m?[0;34m   JndiConnectionFactoryAutoConfiguration:
?[0m?[0;34m      Did not match:
?[0m?[0;34m         - @ConditionalOnClass did not find required class 'org.springframework.jms.core.JmsTemplate' (OnClassCondition)
?[0m?[0;34m
?[0m?[0;34m   JndiDataSourceAutoConfiguration:
?[0m?[0;34m      Did not match:
?[0m?[0;34m         - @ConditionalOnProperty (spring.datasource.jndi-name) did not find property 'jndi-name' (OnPropertyCondition)
?[0m?[0;34m      Matched:
?[0m?[0;34m         - @ConditionalOnClass found required classes 'javax.sql.DataSource', 'org.springframework.jdbc.datasource.embedded.EmbeddedDatabaseType' (OnClassCondition)
?[0m?[0;34m
?[0m?[0;34m   JndiJtaConfiguration:
?[0m?[0;34m      Did not match:
?[0m?[0;34m         - @ConditionalOnJndi JNDI environment is not available (OnJndiCondition)
?[0m?[0;34m      Matched:
?[0m?[0;34m         - @ConditionalOnClass found required class 'org.springframework.transaction.jta.JtaTransactionManager' (OnClassCondition)
?[0m?[0;34m
?[0m?[0;34m   JolokiaEndpointAutoConfiguration:
?[0m?[0;34m      Did not match:
?[0m?[0;34m         - @ConditionalOnClass did not find required class 'org.jolokia.http.AgentServlet' (OnClassCondition)
?[0m?[0;34m
?[0m?[0;34m   JooqAutoConfiguration:
?[0m?[0;34m      Did not match:
?[0m?[0;34m         - @ConditionalOnClass did not find required class 'org.jooq.DSLContext' (OnClassCondition)
?[0m?[0;34m
?[0m?[0;34m   JpaRepositoriesAutoConfiguration#entityManagerFactoryBootstrapExecutorCustomizer:
?[0m?[0;34m      Did not match:
?[0m?[0;34m         - AnyNestedCondition 0 matched 2 did not; NestedCondition on JpaRepositoriesAutoConfiguration.BootstrapExecutorCondition.LazyBootstrapMode @ConditionalOnProperty (spring.data.jpa.repositories.bootstrap-mode=lazy) did not find property 'bootstrap-mode'; NestedCondition on JpaRepositoriesAutoConfiguration.BootstrapExecutorCondition.DeferredBootstrapMode @ConditionalOnProperty (spring.data.jpa.repositories.bootstrap-mode=deferred) did not find property 'bootstrap-mode' (JpaRepositoriesAutoConfiguration.BootstrapExecutorCondition)
?[0m?[0;34m
?[0m?[0;34m   JsonbAutoConfiguration:
?[0m?[0;34m      Did not match:
?[0m?[0;34m         - @ConditionalOnClass did not find required class 'javax.json.bind.Jsonb' (OnClassCondition)
?[0m?[0;34m
?[0m?[0;34m   JsonbHttpMessageConvertersConfiguration:
?[0m?[0;34m      Did not match:
?[0m?[0;34m         - @ConditionalOnClass did not find required class 'javax.json.bind.Jsonb' (OnClassCondition)
?[0m?[0;34m
?[0m?[0;34m   KafkaAutoConfiguration:
?[0m?[0;34m      Did not match:
?[0m?[0;34m         - @ConditionalOnClass did not find required class 'org.springframework.kafka.core.KafkaTemplate' (OnClassCondition)
?[0m?[0;34m
?[0m?[0;34m   KafkaMetricsAutoConfiguration:
?[0m?[0;34m      Did not match:
?[0m?[0;34m         - @ConditionalOnClass did not find required class 'org.springframework.kafka.core.ProducerFactory' (OnClassCondition)
?[0m?[0;34m
?[0m?[0;34m   KairosMetricsExportAutoConfiguration:
?[0m?[0;34m      Did not match:
?[0m?[0;34m         - @ConditionalOnClass did not find required class 'io.micrometer.kairos.KairosMeterRegistry' (OnClassCondition)
?[0m?[0;34m
?[0m?[0;34m   LdapAutoConfiguration:
?[0m?[0;34m      Did not match:
?[0m?[0;34m         - @ConditionalOnClass did not find required class 'org.springframework.ldap.core.ContextSource' (OnClassCondition)
?[0m?[0;34m
?[0m?[0;34m   LdapHealthContributorAutoConfiguration:
?[0m?[0;34m      Did not match:
?[0m?[0;34m         - @ConditionalOnClass did not find required class 'org.springframework.ldap.core.LdapOperations' (OnClassCondition)
?[0m?[0;34m
?[0m?[0;34m   LdapRepositoriesAutoConfiguration:
?[0m?[0;34m      Did not match:
?[0m?[0;34m         - @ConditionalOnClass did not find required class 'org.springframework.data.ldap.repository.LdapRepository' (OnClassCondition)
?[0m?[0;34m
?[0m?[0;34m   LiquibaseAutoConfiguration:
?[0m?[0;34m      Did not match:
?[0m?[0;34m         - @ConditionalOnClass did not find required class 'liquibase.change.DatabaseChange' (OnClassCondition)
?[0m?[0;34m
?[0m?[0;34m   LiquibaseEndpointAutoConfiguration:
?[0m?[0;34m      Did not match:
?[0m?[0;34m         - @ConditionalOnClass did not find required class 'liquibase.integration.spring.SpringLiquibase' (OnClassCondition)
?[0m?[0;34m
?[0m?[0;34m   Log4J2MetricsAutoConfiguration:
?[0m?[0;34m      Did not match:
?[0m?[0;34m         - @ConditionalOnClass did not find required class 'org.apache.logging.log4j.core.LoggerContext' (OnClassCondition)
?[0m?[0;34m
?[0m?[0;34m   LogFileWebEndpointAutoConfiguration#logFileWebEndpoint:
?[0m?[0;34m      Did not match:
?[0m?[0;34m         - Log File did not find logging file (LogFileWebEndpointAutoConfiguration.LogFileCondition)
?[0m?[0;34m
?[0m?[0;34m   MailHealthContributorAutoConfiguration:
?[0m?[0;34m      Did not match:
?[0m?[0;34m         - @ConditionalOnClass did not find required class 'org.springframework.mail.javamail.JavaMailSenderImpl' (OnClassCondition)
?[0m?[0;34m
?[0m?[0;34m   MailSenderAutoConfiguration:
?[0m?[0;34m      Did not match:
?[0m?[0;34m         - @ConditionalOnClass did not find required class 'javax.mail.internet.MimeMessage' (OnClassCondition)
?[0m?[0;34m
?[0m?[0;34m   MailSenderValidatorAutoConfiguration:
?[0m?[0;34m      Did not match:
?[0m?[0;34m         - @ConditionalOnSingleCandidate did not find required type 'org.springframework.mail.javamail.JavaMailSenderImpl' (OnBeanCondition)
?[0m?[0;34m
?[0m?[0;34m   ManagementContextAutoConfiguration.DifferentManagementContextConfiguration:
?[0m?[0;34m      Did not match:
?[0m?[0;34m         - Management Port actual port type (SAME) did not match required type (DIFFERENT) (OnManagementPortCondition)
?[0m?[0;34m
?[0m?[0;34m   ManagementWebSecurityAutoConfiguration:
?[0m?[0;34m      Did not match:
?[0m?[0;34m         - AllNestedConditions 1 matched 1 did not; NestedCondition on DefaultWebSecurityCondition.Beans @ConditionalOnMissingBean (types: org.springframework.security.config.annotation.web.configuration.WebSecurityConfigurerAdapter,org.springframework.security.web.SecurityFilterChain; SearchStrategy: all) found beans of type 'org.springframework.security.config.annotation.web.configuration.WebSecurityConfigurerAdapter' webSecurityConfigurerImpl; NestedCondition on DefaultWebSecurityCondition.Classes @ConditionalOnClass found required classes 'org.springframework.security.web.SecurityFilterChain', 'org.springframework.security.config.annotation.web.builders.HttpSecurity' (DefaultWebSecurityCondition)
?[0m?[0;34m      Matched:
?[0m?[0;34m         - found 'session' scope (OnWebApplicationCondition)
?[0m?[0;34m
?[0m?[0;34m   MappingsEndpointAutoConfiguration.ReactiveWebConfiguration:
?[0m?[0;34m      Did not match:
?[0m?[0;34m         - @ConditionalOnClass did not find required class 'org.springframework.web.reactive.DispatcherHandler' (OnClassCondition)
?[0m?[0;34m
?[0m?[0;34m   MessageSourceAutoConfiguration:
?[0m?[0;34m      Did not match:
?[0m?[0;34m         - ResourceBundle did not find bundle with basename messages (MessageSourceAutoConfiguration.ResourceBundleCondition)
?[0m?[0;34m
?[0m?[0;34m   MongoAutoConfiguration:
?[0m?[0;34m      Did not match:
?[0m?[0;34m         - @ConditionalOnClass did not find required class 'com.mongodb.client.MongoClient' (OnClassCondition)
?[0m?[0;34m
?[0m?[0;34m   MongoDataAutoConfiguration:
?[0m?[0;34m      Did not match:
?[0m?[0;34m         - @ConditionalOnClass did not find required class 'com.mongodb.client.MongoClient' (OnClassCondition)
?[0m?[0;34m
?[0m?[0;34m   MongoHealthContributorAutoConfiguration:
?[0m?[0;34m      Did not match:
?[0m?[0;34m         - @ConditionalOnClass did not find required class 'org.springframework.data.mongodb.core.MongoTemplate' (OnClassCondition)
?[0m?[0;34m
?[0m?[0;34m   MongoMetricsAutoConfiguration:
?[0m?[0;34m      Did not match:
?[0m?[0;34m         - @ConditionalOnClass did not find required class 'com.mongodb.MongoClientSettings' (OnClassCondition)
?[0m?[0;34m
?[0m?[0;34m   MongoReactiveAutoConfiguration:
?[0m?[0;34m      Did not match:
?[0m?[0;34m         - @ConditionalOnClass did not find required class 'com.mongodb.reactivestreams.client.MongoClient' (OnClassCondition)
?[0m?[0;34m
?[0m?[0;34m   MongoReactiveDataAutoConfiguration:
?[0m?[0;34m      Did not match:
?[0m?[0;34m         - @ConditionalOnClass did not find required class 'com.mongodb.reactivestreams.client.MongoClient' (OnClassCondition)
?[0m?[0;34m
?[0m?[0;34m   MongoReactiveHealthContributorAutoConfiguration:
?[0m?[0;34m      Did not match:
?[0m?[0;34m         - @ConditionalOnClass did not find required class 'reactor.core.publisher.Flux' (OnClassCondition)
?[0m?[0;34m
?[0m?[0;34m   MongoReactiveRepositoriesAutoConfiguration:
?[0m?[0;34m      Did not match:
?[0m?[0;34m         - @ConditionalOnClass did not find required class 'com.mongodb.reactivestreams.client.MongoClient' (OnClassCondition)
?[0m?[0;34m
?[0m?[0;34m   MongoRepositoriesAutoConfiguration:
?[0m?[0;34m      Did not match:
?[0m?[0;34m         - @ConditionalOnClass did not find required class 'com.mongodb.client.MongoClient' (OnClassCondition)
?[0m?[0;34m
?[0m?[0;34m   MustacheAutoConfiguration:
?[0m?[0;34m      Did not match:
?[0m?[0;34m         - @ConditionalOnClass did not find required class 'com.samskivert.mustache.Mustache' (OnClassCondition)
?[0m?[0;34m
?[0m?[0;34m   Neo4jAutoConfiguration:
?[0m?[0;34m      Did not match:
?[0m?[0;34m         - @ConditionalOnClass did not find required class 'org.neo4j.driver.Driver' (OnClassCondition)
?[0m?[0;34m
?[0m?[0;34m   Neo4jDataAutoConfiguration:
?[0m?[0;34m      Did not match:
?[0m?[0;34m         - @ConditionalOnClass did not find required class 'org.neo4j.driver.Driver' (OnClassCondition)
?[0m?[0;34m
?[0m?[0;34m   Neo4jHealthContributorAutoConfiguration:
?[0m?[0;34m      Did not match:
?[0m?[0;34m         - @ConditionalOnClass did not find required class 'org.neo4j.driver.Driver' (OnClassCondition)
?[0m?[0;34m
?[0m?[0;34m   Neo4jReactiveDataAutoConfiguration:
?[0m?[0;34m      Did not match:
?[0m?[0;34m         - @ConditionalOnClass did not find required class 'org.neo4j.driver.Driver' (OnClassCondition)
?[0m?[0;34m
?[0m?[0;34m   Neo4jReactiveRepositoriesAutoConfiguration:
?[0m?[0;34m      Did not match:
?[0m?[0;34m         - @ConditionalOnClass did not find required class 'org.neo4j.driver.Driver' (OnClassCondition)
?[0m?[0;34m
?[0m?[0;34m   Neo4jRepositoriesAutoConfiguration:
?[0m?[0;34m      Did not match:
?[0m?[0;34m         - @ConditionalOnClass did not find required class 'org.neo4j.driver.Driver' (OnClassCondition)
?[0m?[0;34m
?[0m?[0;34m   NettyAutoConfiguration:
?[0m?[0;34m      Did not match:
?[0m?[0;34m         - @ConditionalOnClass did not find required class 'io.netty.util.NettyRuntime' (OnClassCondition)
?[0m?[0;34m
?[0m?[0;34m   NewRelicMetricsExportAutoConfiguration:
?[0m?[0;34m      Did not match:
?[0m?[0;34m         - @ConditionalOnClass did not find required class 'io.micrometer.newrelic.NewRelicMeterRegistry' (OnClassCondition)
?[0m?[0;34m
?[0m?[0;34m   NoOpMeterRegistryConfiguration:
?[0m?[0;34m      Did not match:
?[0m?[0;34m         - @ConditionalOnMissingBean (types: io.micrometer.core.instrument.MeterRegistry; SearchStrategy: all) found beans of type 'io.micrometer.core.instrument.MeterRegistry' simpleMeterRegistry (OnBeanCondition)
?[0m?[0;34m
?[0m?[0;34m   OAuth2ClientAutoConfiguration:
?[0m?[0;34m      Did not match:
?[0m?[0;34m         - @ConditionalOnClass did not find required class 'org.springframework.security.oauth2.client.registration.ClientRegistration' (OnClassCondition)
?[0m?[0;34m
?[0m?[0;34m   OAuth2ResourceServerAutoConfiguration:
?[0m?[0;34m      Did not match:
?[0m?[0;34m         - @ConditionalOnClass did not find required class 'org.springframework.security.oauth2.server.resource.BearerTokenAuthenticationToken' (OnClassCondition)
?[0m?[0;34m
?[0m?[0;34m   ProjectInfoAutoConfiguration#buildProperties:
?[0m?[0;34m      Did not match:
?[0m?[0;34m         - @ConditionalOnResource did not find resource '${spring.info.build.location:classpath:META-INF/build-info.properties}' (OnResourceCondition)
?[0m?[0;34m
?[0m?[0;34m   ProjectInfoAutoConfiguration#gitProperties:
?[0m?[0;34m      Did not match:
?[0m?[0;34m         - GitResource did not find git info at classpath:git.properties (ProjectInfoAutoConfiguration.GitResourceAvailableCondition)
?[0m?[0;34m
?[0m?[0;34m   PrometheusMetricsExportAutoConfiguration:
?[0m?[0;34m      Did not match:
?[0m?[0;34m         - @ConditionalOnClass did not find required class 'io.micrometer.prometheus.PrometheusMeterRegistry' (OnClassCondition)
?[0m?[0;34m
?[0m?[0;34m   QuartzAutoConfiguration:
?[0m?[0;34m      Did not match:
?[0m?[0;34m         - @ConditionalOnClass did not find required class 'org.quartz.Scheduler' (OnClassCondition)
?[0m?[0;34m
?[0m?[0;34m   QuartzEndpointAutoConfiguration:
?[0m?[0;34m      Did not match:
?[0m?[0;34m         - @ConditionalOnClass did not find required class 'org.quartz.Scheduler' (OnClassCondition)
?[0m?[0;34m
?[0m?[0;34m   R2dbcAutoConfiguration:
?[0m?[0;34m      Did not match:
?[0m?[0;34m         - @ConditionalOnClass did not find required class 'io.r2dbc.spi.ConnectionFactory' (OnClassCondition)
?[0m?[0;34m
?[0m?[0;34m   R2dbcDataAutoConfiguration:
?[0m?[0;34m      Did not match:
?[0m?[0;34m         - @ConditionalOnClass did not find required class 'org.springframework.data.r2dbc.core.R2dbcEntityTemplate' (OnClassCondition)
?[0m?[0;34m
?[0m?[0;34m   R2dbcInitializationConfiguration:
?[0m?[0;34m      Did not match:
?[0m?[0;34m         - @ConditionalOnClass did not find required classes 'io.r2dbc.spi.ConnectionFactory', 'org.springframework.r2dbc.connection.init.DatabasePopulator' (OnClassCondition)
?[0m?[0;34m
?[0m?[0;34m   R2dbcRepositoriesAutoConfiguration:
?[0m?[0;34m      Did not match:
?[0m?[0;34m         - @ConditionalOnClass did not find required class 'io.r2dbc.spi.ConnectionFactory' (OnClassCondition)
?[0m?[0;34m
?[0m?[0;34m   R2dbcTransactionManagerAutoConfiguration:
?[0m?[0;34m      Did not match:
?[0m?[0;34m         - @ConditionalOnClass did not find required class 'org.springframework.r2dbc.connection.R2dbcTransactionManager' (OnClassCondition)
?[0m?[0;34m
?[0m?[0;34m   RSocketMessagingAutoConfiguration:
?[0m?[0;34m      Did not match:
?[0m?[0;34m         - @ConditionalOnClass did not find required class 'io.rsocket.RSocket' (OnClassCondition)
?[0m?[0;34m
?[0m?[0;34m   RSocketRequesterAutoConfiguration:
?[0m?[0;34m      Did not match:
?[0m?[0;34m         - @ConditionalOnClass did not find required class 'io.rsocket.RSocket' (OnClassCondition)
?[0m?[0;34m
?[0m?[0;34m   RSocketSecurityAutoConfiguration:
?[0m?[0;34m      Did not match:
?[0m?[0;34m         - @ConditionalOnClass did not find required class 'org.springframework.security.rsocket.core.SecuritySocketAcceptorInterceptor' (OnClassCondition)
?[0m?[0;34m
?[0m?[0;34m   RSocketServerAutoConfiguration:
?[0m?[0;34m      Did not match:
?[0m?[0;34m         - @ConditionalOnClass did not find required class 'io.rsocket.core.RSocketServer' (OnClassCondition)
?[0m?[0;34m
?[0m?[0;34m   RSocketStrategiesAutoConfiguration:
?[0m?[0;34m      Did not match:
?[0m?[0;34m         - @ConditionalOnClass did not find required class 'io.netty.buffer.PooledByteBufAllocator' (OnClassCondition)
?[0m?[0;34m
?[0m?[0;34m   RabbitAutoConfiguration:
?[0m?[0;34m      Did not match:
?[0m?[0;34m         - @ConditionalOnClass did not find required class 'com.rabbitmq.client.Channel' (OnClassCondition)
?[0m?[0;34m
?[0m?[0;34m   RabbitHealthContributorAutoConfiguration:
?[0m?[0;34m      Did not match:
?[0m?[0;34m         - @ConditionalOnClass did not find required class 'org.springframework.amqp.rabbit.core.RabbitTemplate' (OnClassCondition)
?[0m?[0;34m
?[0m?[0;34m   RabbitMetricsAutoConfiguration:
?[0m?[0;34m      Did not match:
?[0m?[0;34m         - @ConditionalOnClass did not find required class 'com.rabbitmq.client.ConnectionFactory' (OnClassCondition)
?[0m?[0;34m
?[0m?[0;34m   ReactiveCloudFoundryActuatorAutoConfiguration:
?[0m?[0;34m      Did not match:
?[0m?[0;34m         - @ConditionalOnWebApplication did not find reactive web application classes (OnWebApplicationCondition)
?[0m?[0;34m
?[0m?[0;34m   ReactiveElasticsearchRepositoriesAutoConfiguration:
?[0m?[0;34m      Did not match:
?[0m?[0;34m         - @ConditionalOnClass did not find required class 'org.springframework.data.elasticsearch.client.reactive.ReactiveElasticsearchClient' (OnClassCondition)
?[0m?[0;34m
?[0m?[0;34m   ReactiveElasticsearchRestClientAutoConfiguration:
?[0m?[0;34m      Did not match:
?[0m?[0;34m         - @ConditionalOnClass did not find required class 'reactor.netty.http.client.HttpClient' (OnClassCondition)
?[0m?[0;34m
?[0m?[0;34m   ReactiveHealthEndpointConfiguration:
?[0m?[0;34m      Did not match:
?[0m?[0;34m         - @ConditionalOnClass did not find required class 'reactor.core.publisher.Flux' (OnClassCondition)
?[0m?[0;34m
?[0m?[0;34m   ReactiveManagementContextAutoConfiguration:
?[0m?[0;34m      Did not match:
?[0m?[0;34m         - @ConditionalOnClass did not find required class 'reactor.core.publisher.Flux' (OnClassCondition)
?[0m?[0;34m
?[0m?[0;34m   ReactiveManagementWebSecurityAutoConfiguration:
?[0m?[0;34m      Did not match:
?[0m?[0;34m         - @ConditionalOnWebApplication did not find reactive web application classes (OnWebApplicationCondition)
?[0m?[0;34m
?[0m?[0;34m   ReactiveOAuth2ClientAutoConfiguration:
?[0m?[0;34m      Did not match:
?[0m?[0;34m         - @ConditionalOnClass did not find required class 'reactor.core.publisher.Flux' (OnClassCondition)
?[0m?[0;34m
?[0m?[0;34m   ReactiveOAuth2ResourceServerAutoConfiguration:
?[0m?[0;34m      Did not match:
?[0m?[0;34m         - @ConditionalOnWebApplication did not find reactive web application classes (OnWebApplicationCondition)
?[0m?[0;34m
?[0m?[0;34m   ReactiveSecurityAutoConfiguration:
?[0m?[0;34m      Did not match:
?[0m?[0;34m         - @ConditionalOnClass did not find required class 'reactor.core.publisher.Flux' (OnClassCondition)
?[0m?[0;34m
?[0m?[0;34m   ReactiveUserDetailsServiceAutoConfiguration:
?[0m?[0;34m      Did not match:
?[0m?[0;34m         - AnyNestedCondition 0 matched 2 did not; NestedCondition on ReactiveUserDetailsServiceAutoConfiguration.ReactiveUserDetailsServiceCondition.ReactiveWebApplicationCondition did not find reactive web application classes; NestedCondition on ReactiveUserDetailsServiceAutoConfiguration.ReactiveUserDetailsServiceCondition.RSocketSecurityEnabledCondition @ConditionalOnBean (types: org.springframework.messaging.rsocket.annotation.support.RSocketMessageHandler; SearchStrategy: all) did not find any beans of type org.springframework.messaging.rsocket.annotation.support.RSocketMessageHandler (ReactiveUserDetailsServiceAutoConfiguration.ReactiveUserDetailsServiceCondition)
?[0m?[0;34m      Matched:
?[0m?[0;34m         - @ConditionalOnClass found required class 'org.springframework.security.authentication.ReactiveAuthenticationManager' (OnClassCondition)
?[0m?[0;34m
?[0m?[0;34m   ReactiveWebServerFactoryAutoConfiguration:
?[0m?[0;34m      Did not match:
?[0m?[0;34m         - @ConditionalOnWebApplication did not find reactive web application classes (OnWebApplicationCondition)
?[0m?[0;34m
?[0m?[0;34m   RedisAutoConfiguration:
?[0m?[0;34m      Did not match:
?[0m?[0;34m         - @ConditionalOnClass did not find required class 'org.springframework.data.redis.core.RedisOperations' (OnClassCondition)
?[0m?[0;34m
?[0m?[0;34m   RedisCacheConfiguration:
?[0m?[0;34m      Did not match:
?[0m?[0;34m         - @ConditionalOnClass did not find required class 'org.springframework.data.redis.connection.RedisConnectionFactory' (OnClassCondition)
?[0m?[0;34m
?[0m?[0;34m   RedisHealthContributorAutoConfiguration:
?[0m?[0;34m      Did not match:
?[0m?[0;34m         - @ConditionalOnClass did not find required class 'org.springframework.data.redis.connection.RedisConnectionFactory' (OnClassCondition)
?[0m?[0;34m
?[0m?[0;34m   RedisReactiveAutoConfiguration:
?[0m?[0;34m      Did not match:
?[0m?[0;34m         - @ConditionalOnClass did not find required class 'reactor.core.publisher.Flux' (OnClassCondition)
?[0m?[0;34m
?[0m?[0;34m   RedisReactiveHealthContributorAutoConfiguration:
?[0m?[0;34m      Did not match:
?[0m?[0;34m         - @ConditionalOnClass did not find required class 'reactor.core.publisher.Flux' (OnClassCondition)
?[0m?[0;34m
?[0m?[0;34m   RedisRepositoriesAutoConfiguration:
?[0m?[0;34m      Did not match:
?[0m?[0;34m         - @ConditionalOnClass did not find required class 'org.springframework.data.redis.repository.configuration.EnableRedisRepositories' (OnClassCondition)
?[0m?[0;34m
?[0m?[0;34m   RepositoryRestMvcAutoConfiguration:
?[0m?[0;34m      Did not match:
?[0m?[0;34m         - @ConditionalOnClass did not find required class 'org.springframework.data.rest.webmvc.config.RepositoryRestMvcConfiguration' (OnClassCondition)
?[0m?[0;34m
?[0m?[0;34m   Saml2RelyingPartyAutoConfiguration:
?[0m?[0;34m      Did not match:
?[0m?[0;34m         - @ConditionalOnClass did not find required class 'org.springframework.security.saml2.provider.service.registration.RelyingPartyRegistrationRepository' (OnClassCondition)
?[0m?[0;34m
?[0m?[0;34m   SecurityDataConfiguration:
?[0m?[0;34m      Did not match:
?[0m?[0;34m         - @ConditionalOnClass did not find required class 'org.springframework.security.data.repository.query.SecurityEvaluationContextExtension' (OnClassCondition)
?[0m?[0;34m
?[0m?[0;34m   SecurityRequestMatchersManagementContextConfiguration.JerseyRequestMatcherConfiguration:
?[0m?[0;34m      Did not match:
?[0m?[0;34m         - @ConditionalOnClass did not find required class 'org.glassfish.jersey.server.ResourceConfig' (OnClassCondition)
?[0m?[0;34m
?[0m?[0;34m   SendGridAutoConfiguration:
?[0m?[0;34m      Did not match:
?[0m?[0;34m         - @ConditionalOnClass did not find required class 'com.sendgrid.SendGrid' (OnClassCondition)
?[0m?[0;34m
?[0m?[0;34m   ServletEndpointManagementContextConfiguration.JerseyServletEndpointManagementContextConfiguration:
?[0m?[0;34m      Did not match:
?[0m?[0;34m         - @ConditionalOnClass did not find required class 'org.glassfish.jersey.server.ResourceConfig' (OnClassCondition)
?[0m?[0;34m
?[0m?[0;34m   ServletManagementContextAutoConfiguration.ApplicationContextFilterConfiguration:
?[0m?[0;34m      Did not match:
?[0m?[0;34m         - @ConditionalOnProperty (management.server.add-application-context-header=true) did not find property 'add-application-context-header' (OnPropertyCondition)
?[0m?[0;34m
?[0m?[0;34m   ServletWebServerFactoryAutoConfiguration#forwardedHeaderFilter:
?[0m?[0;34m      Did not match:
?[0m?[0;34m         - @ConditionalOnProperty (server.forward-headers-strategy=framework) did not find property 'server.forward-headers-strategy' (OnPropertyCondition)
?[0m?[0;34m
?[0m?[0;34m   ServletWebServerFactoryConfiguration.EmbeddedJetty:
?[0m?[0;34m      Did not match:
?[0m?[0;34m         - @ConditionalOnClass did not find required classes 'org.eclipse.jetty.server.Server', 'org.eclipse.jetty.util.Loader', 'org.eclipse.jetty.webapp.WebAppContext' (OnClassCondition)
?[0m?[0;34m
?[0m?[0;34m   ServletWebServerFactoryConfiguration.EmbeddedUndertow:
?[0m?[0;34m      Did not match:
?[0m?[0;34m         - @ConditionalOnClass did not find required classes 'io.undertow.Undertow', 'org.xnio.SslClientAuthMode' (OnClassCondition)
?[0m?[0;34m
?[0m?[0;34m   SessionAutoConfiguration:
?[0m?[0;34m      Did not match:
?[0m?[0;34m         - @ConditionalOnClass did not find required class 'org.springframework.session.Session' (OnClassCondition)
?[0m?[0;34m
?[0m?[0;34m   SessionsEndpointAutoConfiguration:
?[0m?[0;34m      Did not match:
?[0m?[0;34m         - @ConditionalOnClass did not find required class 'org.springframework.session.FindByIndexNameSessionRepository' (OnClassCondition)
?[0m?[0;34m
?[0m?[0;34m   SignalFxMetricsExportAutoConfiguration:
?[0m?[0;34m      Did not match:
?[0m?[0;34m         - @ConditionalOnClass did not find required class 'io.micrometer.signalfx.SignalFxMeterRegistry' (OnClassCondition)
?[0m?[0;34m
?[0m?[0;34m   SolrAutoConfiguration:
?[0m?[0;34m      Did not match:
?[0m?[0;34m         - @ConditionalOnClass did not find required class 'org.apache.solr.client.solrj.impl.CloudSolrClient' (OnClassCondition)
?[0m?[0;34m
?[0m?[0;34m   SolrHealthContributorAutoConfiguration:
?[0m?[0;34m      Did not match:
?[0m?[0;34m         - @ConditionalOnClass did not find required class 'org.apache.solr.client.solrj.SolrClient' (OnClassCondition)
?[0m?[0;34m
?[0m?[0;34m   SpringApplicationAdminJmxAutoConfiguration:
?[0m?[0;34m      Did not match:
?[0m?[0;34m         - @ConditionalOnProperty (spring.application.admin.enabled=true) did not find property 'enabled' (OnPropertyCondition)
?[0m?[0;34m
?[0m?[0;34m   SpringBootWebSecurityConfiguration:
?[0m?[0;34m      Did not match:
?[0m?[0;34m         - AllNestedConditions 1 matched 1 did not; NestedCondition on DefaultWebSecurityCondition.Beans @ConditionalOnMissingBean (types: org.springframework.security.config.annotation.web.configuration.WebSecurityConfigurerAdapter,org.springframework.security.web.SecurityFilterChain; SearchStrategy: all) found beans of type 'org.springframework.security.config.annotation.web.configuration.WebSecurityConfigurerAdapter' webSecurityConfigurerImpl; NestedCondition on DefaultWebSecurityCondition.Classes @ConditionalOnClass found required classes 'org.springframework.security.web.SecurityFilterChain', 'org.springframework.security.config.annotation.web.builders.HttpSecurity' (DefaultWebSecurityCondition)
?[0m?[0;34m      Matched:
?[0m?[0;34m         - found 'session' scope (OnWebApplicationCondition)
?[0m?[0;34m
?[0m?[0;34m   StackdriverMetricsExportAutoConfiguration:
?[0m?[0;34m      Did not match:
?[0m?[0;34m         - @ConditionalOnClass did not find required class 'io.micrometer.stackdriver.StackdriverMeterRegistry' (OnClassCondition)
?[0m?[0;34m
?[0m?[0;34m   StartupEndpointAutoConfiguration:
?[0m?[0;34m      Did not match:
?[0m?[0;34m         - ApplicationStartup configured applicationStartup is of type class org.springframework.core.metrics.DefaultApplicationStartup, expected BufferingApplicationStartup. (StartupEndpointAutoConfiguration.ApplicationStartupCondition)
?[0m?[0;34m
?[0m?[0;34m   StatsdMetricsExportAutoConfiguration:
?[0m?[0;34m      Did not match:
?[0m?[0;34m         - @ConditionalOnClass did not find required class 'io.micrometer.statsd.StatsdMeterRegistry' (OnClassCondition)
?[0m?[0;34m
?[0m?[0;34m   TaskSchedulingAutoConfiguration#taskScheduler:
?[0m?[0;34m      Did not match:
?[0m?[0;34m         - @ConditionalOnBean (names: org.springframework.context.annotation.internalScheduledAnnotationProcessor; SearchStrategy: all) did not find any beans named org.springframework.context.annotation.internalScheduledAnnotationProcessor (OnBeanCondition)
?[0m?[0;34m
?[0m?[0;34m   ThymeleafAutoConfiguration:
?[0m?[0;34m      Did not match:
?[0m?[0;34m         - @ConditionalOnClass did not find required class 'org.thymeleaf.spring5.SpringTemplateEngine' (OnClassCondition)
?[0m?[0;34m
?[0m?[0;34m   TransactionAutoConfiguration#transactionalOperator:
?[0m?[0;34m      Did not match:
?[0m?[0;34m         - @ConditionalOnSingleCandidate (types: org.springframework.transaction.ReactiveTransactionManager; SearchStrategy: all) did not find any beans (OnBeanCondition)
?[0m?[0;34m
?[0m?[0;34m   TransactionAutoConfiguration.EnableTransactionManagementConfiguration.JdkDynamicAutoProxyConfiguration:
?[0m?[0;34m      Did not match:
?[0m?[0;34m         - @ConditionalOnProperty (spring.aop.proxy-target-class=false) did not find property 'proxy-target-class' (OnPropertyCondition)
?[0m?[0;34m
?[0m?[0;34m   UserDetailsServiceAutoConfiguration:
?[0m?[0;34m      Did not match:
?[0m?[0;34m         - @ConditionalOnMissingBean (types: org.springframework.security.authentication.AuthenticationManager,org.springframework.security.authentication.AuthenticationProvider,org.springframework.security.core.userdetails.UserDetailsService,org.springframework.security.oauth2.jwt.JwtDecoder,org.springframework.security.oauth2.server.resource.introspection.OpaqueTokenIntrospector; SearchStrategy: all) found beans of type 'org.springframework.security.core.userdetails.UserDetailsService' userDetailsServiceImpl (OnBeanCondition)
?[0m?[0;34m      Matched:
?[0m?[0;34m         - @ConditionalOnClass found required class 'org.springframework.security.authentication.AuthenticationManager' (OnClassCondition)
?[0m?[0;34m
?[0m?[0;34m   WavefrontMetricsExportAutoConfiguration:
?[0m?[0;34m      Did not match:
?[0m?[0;34m         - @ConditionalOnClass did not find required class 'com.wavefront.sdk.common.WavefrontSender' (OnClassCondition)
?[0m?[0;34m
?[0m?[0;34m   WebClientAutoConfiguration:
?[0m?[0;34m      Did not match:
?[0m?[0;34m         - @ConditionalOnClass did not find required class 'org.springframework.web.reactive.function.client.WebClient' (OnClassCondition)
?[0m?[0;34m
?[0m?[0;34m   WebClientMetricsConfiguration:
?[0m?[0;34m      Did not match:
?[0m?[0;34m         - @ConditionalOnClass did not find required class 'org.springframework.web.reactive.function.client.WebClient' (OnClassCondition)
?[0m?[0;34m
?[0m?[0;34m   WebFluxAutoConfiguration:
?[0m?[0;34m      Did not match:
?[0m?[0;34m         - @ConditionalOnClass did not find required class 'org.springframework.web.reactive.config.WebFluxConfigurer' (OnClassCondition)
?[0m?[0;34m
?[0m?[0;34m   WebFluxEndpointManagementContextConfiguration:
?[0m?[0;34m      Did not match:
?[0m?[0;34m         - @ConditionalOnClass did not find required class 'org.springframework.web.reactive.DispatcherHandler' (OnClassCondition)
?[0m?[0;34m
?[0m?[0;34m   WebFluxMetricsAutoConfiguration:
?[0m?[0;34m      Did not match:
?[0m?[0;34m         - @ConditionalOnWebApplication did not find reactive web application classes (OnWebApplicationCondition)
?[0m?[0;34m
?[0m?[0;34m   WebMvcAutoConfiguration#hiddenHttpMethodFilter:
?[0m?[0;34m      Did not match:
?[0m?[0;34m         - @ConditionalOnProperty (spring.mvc.hiddenmethod.filter.enabled) did not find property 'enabled' (OnPropertyCondition)
?[0m?[0;34m
?[0m?[0;34m   WebMvcAutoConfiguration.ResourceChainCustomizerConfiguration:
?[0m?[0;34m      Did not match:
?[0m?[0;34m         - @ConditionalOnEnabledResourceChain did not find class org.webjars.WebJarAssetLocator (OnEnabledResourceChainCondition)
?[0m?[0;34m
?[0m?[0;34m   WebMvcAutoConfiguration.WebMvcAutoConfigurationAdapter#beanNameViewResolver:
?[0m?[0;34m      Did not match:
?[0m?[0;34m         - @ConditionalOnMissingBean (types: org.springframework.web.servlet.view.BeanNameViewResolver; SearchStrategy: all) found beans of type 'org.springframework.web.servlet.view.BeanNameViewResolver' beanNameViewResolver (OnBeanCondition)
?[0m?[0;34m
?[0m?[0;34m   WebSecurityEnablerConfiguration:
?[0m?[0;34m      Did not match:
?[0m?[0;34m         - @ConditionalOnMissingBean (names: springSecurityFilterChain; SearchStrategy: all) found beans named springSecurityFilterChain (OnBeanCondition)
?[0m?[0;34m      Matched:
?[0m?[0;34m         - @ConditionalOnClass found required class 'org.springframework.security.config.annotation.web.configuration.EnableWebSecurity' (OnClassCondition)
?[0m?[0;34m         - found 'session' scope (OnWebApplicationCondition)
?[0m?[0;34m
?[0m?[0;34m   WebServiceTemplateAutoConfiguration:
?[0m?[0;34m      Did not match:
?[0m?[0;34m         - @ConditionalOnClass did not find required class 'org.springframework.oxm.Marshaller' (OnClassCondition)
?[0m?[0;34m
?[0m?[0;34m   WebServicesAutoConfiguration:
?[0m?[0;34m      Did not match:
?[0m?[0;34m         - @ConditionalOnClass did not find required class 'org.springframework.ws.transport.http.MessageDispatcherServlet' (OnClassCondition)
?[0m?[0;34m
?[0m?[0;34m   WebSocketMessagingAutoConfiguration:
?[0m?[0;34m      Did not match:
?[0m?[0;34m         - @ConditionalOnClass did not find required class 'org.springframework.web.socket.config.annotation.WebSocketMessageBrokerConfigurer' (OnClassCondition)
?[0m?[0;34m
?[0m?[0;34m   WebSocketReactiveAutoConfiguration:
?[0m?[0;34m      Did not match:
?[0m?[0;34m         - @ConditionalOnWebApplication did not find reactive web application classes (OnWebApplicationCondition)
?[0m?[0;34m
?[0m?[0;34m   WebSocketServletAutoConfiguration.Jetty10WebSocketConfiguration:
?[0m?[0;34m      Did not match:
?[0m?[0;34m         - @ConditionalOnClass did not find required classes 'org.eclipse.jetty.websocket.javax.server.internal.JavaxWebSocketServerContainer', 'org.eclipse.jetty.websocket.server.JettyWebSocketServerContainer' (OnClassCondition)
?[0m?[0;34m
?[0m?[0;34m   WebSocketServletAutoConfiguration.JettyWebSocketConfiguration:
?[0m?[0;34m      Did not match:
?[0m?[0;34m         - @ConditionalOnClass did not find required class 'org.eclipse.jetty.websocket.jsr356.server.deploy.WebSocketServerContainerInitializer' (OnClassCondition)
?[0m?[0;34m
?[0m?[0;34m   WebSocketServletAutoConfiguration.UndertowWebSocketConfiguration:
?[0m?[0;34m      Did not match:
?[0m?[0;34m         - @ConditionalOnClass did not find required class 'io.undertow.websockets.jsr.Bootstrap' (OnClassCondition)
?[0m?[0;34m
?[0m?[0;34m   XADataSourceAutoConfiguration:
?[0m?[0;34m      Did not match:
?[0m?[0;34m         - @ConditionalOnBean (types: org.springframework.boot.jdbc.XADataSourceWrapper; SearchStrategy: all) did not find any beans of type org.springframework.boot.jdbc.XADataSourceWrapper (OnBeanCondition)
?[0m?[0;34m      Matched:
?[0m?[0;34m         - @ConditionalOnClass found required classes 'javax.sql.DataSource', 'javax.transaction.TransactionManager', 'org.springframework.jdbc.datasource.embedded.EmbeddedDatabaseType' (OnClassCondition)
?[0m?[0;34m
?[0m?[0;34m
?[0m?[0;34mExclusions:
?[0m?[0;34m-----------
?[0m?[0;34m
?[0m?[0;34m    None
?[0m?[0;34m
?[0m?[0;34m
?[0m?[0;34mUnconditional classes:
?[0m?[0;34m----------------------
?[0m?[0;34m
?[0m?[0;34m    org.springframework.boot.autoconfigure.context.ConfigurationPropertiesAutoConfiguration
?[0m?[0;34m
?[0m?[0;34m    org.springframework.boot.actuate.autoconfigure.availability.AvailabilityHealthContributorAutoConfiguration
?[0m?[0;34m
?[0m?[0;34m    org.springframework.boot.actuate.autoconfigure.info.InfoContributorAutoConfiguration
?[0m?[0;34m
?[0m?[0;34m    org.springframework.boot.autoconfigure.context.PropertyPlaceholderAutoConfiguration
?[0m?[0;34m
?[0m?[0;34m    org.springframework.boot.autoconfigure.context.LifecycleAutoConfiguration
?[0m?[0;34m
?[0m?[0;34m    org.springframework.boot.actuate.autoconfigure.health.HealthContributorAutoConfiguration
?[0m?[0;34m
?[0m?[0;34m    org.springframework.boot.actuate.autoconfigure.metrics.integration.IntegrationMetricsAutoConfiguration
?[0m?[0;34m
?[0m?[0;34m    org.springframework.boot.actuate.autoconfigure.endpoint.EndpointAutoConfiguration
?[0m?[0;34m
?[0m?[0;34m    org.springframework.boot.autoconfigure.availability.ApplicationAvailabilityAutoConfiguration
?[0m?[0;34m
?[0m?[0;34m    org.springframework.boot.autoconfigure.info.ProjectInfoAutoConfiguration
?[0m?[0;34m
?[0m?[0;34m    org.springframework.boot.actuate.autoconfigure.web.server.ManagementContextAutoConfiguration
?[0m?[0;34m
?[0m?[0;34m
?[0m?[0;34m
?[0m?[0;34m2023-03-31 16:05:47.797  INFO 29781 --- [    Test worker] recipes.RecipesApplication               : Started RecipesApplication in 2.63 seconds (JVM running for 3.102)
?[0m?[0;34m2023-03-31 16:05:47.828 DEBUG 29781 --- [    Test worker] o.s.b.a.ApplicationAvailabilityBean      : Application availability state LivenessState changed to CORRECT
?[0m?[0;34m2023-03-31 16:05:47.829 DEBUG 29781 --- [    Test worker] o.s.b.a.ApplicationAvailabilityBean      : Application availability state ReadinessState changed to ACCEPTING_TRAFFIC
?[0;34m2023-03-31 16:05:48.009  INFO 29781 --- [nio-8080-exec-1] o.a.c.c.C.[Tomcat].[localhost].[/]       : Initializing Spring DispatcherServlet 'dispatcherServlet'
?[0m?[0;34m2023-03-31 16:05:48.009  INFO 29781 --- [nio-8080-exec-1] o.s.web.servlet.DispatcherServlet        : Initializing Servlet 'dispatcherServlet'
?[0m?[0;34m2023-03-31 16:05:48.009 DEBUG 29781 --- [nio-8080-exec-1] o.s.web.servlet.DispatcherServlet        : Detected StandardServletMultipartResolver
?[0m?[0;34m2023-03-31 16:05:48.009 DEBUG 29781 --- [nio-8080-exec-1] o.s.web.servlet.DispatcherServlet        : Detected AcceptHeaderLocaleResolver
?[0m?[0;34m2023-03-31 16:05:48.010 DEBUG 29781 --- [nio-8080-exec-1] o.s.web.servlet.DispatcherServlet        : Detected FixedThemeResolver
?[0m?[0;34m2023-03-31 16:05:48.010 DEBUG 29781 --- [nio-8080-exec-1] o.s.web.servlet.DispatcherServlet        : Detected org.springframework.web.servlet.view.DefaultRequestToViewNameTranslator@1146e32e
?[0m?[0;34m2023-03-31 16:05:48.010 DEBUG 29781 --- [nio-8080-exec-1] o.s.web.servlet.DispatcherServlet        : Detected org.springframework.web.servlet.support.SessionFlashMapManager@e353e1d
?[0m?[0;34m2023-03-31 16:05:48.010 DEBUG 29781 --- [nio-8080-exec-1] o.s.web.servlet.DispatcherServlet        : enableLoggingRequestDetails='false': request parameters and headers will be masked to prevent unsafe logging of potentially sensitive data
?[0m?[0;34m2023-03-31 16:05:48.010  INFO 29781 --- [nio-8080-exec-1] o.s.web.servlet.DispatcherServlet        : Completed initialization in 1 ms
?[0m?[0;34m2023-03-31 16:05:48.015 DEBUG 29781 --- [nio-8080-exec-1] o.s.security.web.FilterChainProxy        : Securing POST /api/register
?[0m?[0;34m2023-03-31 16:05:48.017 DEBUG 29781 --- [nio-8080-exec-1] s.s.w.c.SecurityContextPersistenceFilter : Set SecurityContextHolder to empty SecurityContext
?[0m?[0;34m2023-03-31 16:05:48.018 DEBUG 29781 --- [nio-8080-exec-1] o.s.s.w.a.AnonymousAuthenticationFilter  : Set SecurityContextHolder to anonymous SecurityContext
?[0m?[0;34m2023-03-31 16:05:48.021 DEBUG 29781 --- [nio-8080-exec-1] s.w.s.m.m.a.RequestMappingHandlerMapping : Mapped to recipes.RegistrationController#register(User)
?[0m?[0;34m2023-03-31 16:05:48.023 DEBUG 29781 --- [nio-8080-exec-1] o.s.s.w.a.i.FilterSecurityInterceptor    : Authorized filter invocation [POST /api/register] with attributes [permitAll]
?[0m?[0;34m2023-03-31 16:05:48.024 DEBUG 29781 --- [nio-8080-exec-1] o.s.security.web.FilterChainProxy        : Secured POST /api/register
?[0m?[0;34m2023-03-31 16:05:48.025 DEBUG 29781 --- [nio-8080-exec-1] o.s.web.servlet.DispatcherServlet        : POST "/api/register", parameters={}
?[0m?[0;34m2023-03-31 16:05:48.025 DEBUG 29781 --- [nio-8080-exec-1] s.w.s.m.m.a.RequestMappingHandlerMapping : Mapped to recipes.RegistrationController#register(User)
?[0m?[0;34m2023-03-31 16:05:48.026 DEBUG 29781 --- [nio-8080-exec-1] o.j.s.OpenEntityManagerInViewInterceptor : Opening JPA EntityManager in OpenEntityManagerInViewInterceptor
?[0m?[0;34m2023-03-31 16:05:48.063 DEBUG 29781 --- [nio-8080-exec-1] m.m.a.RequestResponseBodyMethodProcessor : Read "application/json;charset=UTF-8" to [User(email=LoginTest1@test.com, password=Test1111, role=null, recipeCollection=null)]
?[0m?[0;34m2023-03-31 16:05:48.247 DEBUG 29781 --- [nio-8080-exec-1] o.s.orm.jpa.JpaTransactionManager        : Found thread-bound EntityManager [SessionImpl(69183293<open>)] for JPA transaction
?[0m?[0;34m2023-03-31 16:05:48.247 DEBUG 29781 --- [nio-8080-exec-1] o.s.orm.jpa.JpaTransactionManager        : Creating new transaction with name [org.springframework.data.jpa.repository.support.SimpleJpaRepository.save]: PROPAGATION_REQUIRED,ISOLATION_DEFAULT
?[0m?[0;34m2023-03-31 16:05:48.247 DEBUG 29781 --- [nio-8080-exec-1] o.s.orm.jpa.JpaTransactionManager        : Exposing JPA transaction as JDBC [org.springframework.orm.jpa.vendor.HibernateJpaDialect$HibernateConnectionHandle@48632d4a]
?[0m?[0;34m2023-03-31 16:05:48.262 DEBUG 29781 --- [nio-8080-exec-1] o.s.orm.jpa.JpaTransactionManager        : Initiating transaction commit
?[0m?[0;34m2023-03-31 16:05:48.263 DEBUG 29781 --- [nio-8080-exec-1] o.s.orm.jpa.JpaTransactionManager        : Committing JPA transaction on EntityManager [SessionImpl(69183293<open>)]
?[0m?[0;34m2023-03-31 16:05:48.269 DEBUG 29781 --- [nio-8080-exec-1] o.s.orm.jpa.JpaTransactionManager        : Not closing pre-bound JPA EntityManager after transaction
?[0m?[0;34m2023-03-31 16:05:48.273 DEBUG 29781 --- [nio-8080-exec-1] m.m.a.RequestResponseBodyMethodProcessor : Using 'application/json', given [*/*] and supported [application/json, application/*+json, application/json, application/*+json]
?[0m?[0;34m2023-03-31 16:05:48.273 DEBUG 29781 --- [nio-8080-exec-1] m.m.a.RequestResponseBodyMethodProcessor : Nothing to write: null body
?[0m?[0;34m2023-03-31 16:05:48.274 DEBUG 29781 --- [nio-8080-exec-1] o.j.s.OpenEntityManagerInViewInterceptor : Closing JPA EntityManager in OpenEntityManagerInViewInterceptor
?[0m?[0;34m2023-03-31 16:05:48.274 DEBUG 29781 --- [nio-8080-exec-1] o.s.web.servlet.DispatcherServlet        : Completed 200 OK
?[0m?[0;34m2023-03-31 16:05:48.274 DEBUG 29781 --- [nio-8080-exec-1] w.c.HttpSessionSecurityContextRepository : Did not store anonymous SecurityContext
?[0m?[0;34m2023-03-31 16:05:48.274 DEBUG 29781 --- [nio-8080-exec-1] s.s.w.c.SecurityContextPersistenceFilter : Cleared SecurityContextHolder to complete request
?[0m?[1;31m
Start test 2?[0m
?[0;34m2023-03-31 16:05:48.284 DEBUG 29781 --- [nio-8080-exec-2] o.s.security.web.FilterChainProxy        : Securing POST /api/register
?[0m?[0;34m2023-03-31 16:05:48.284 DEBUG 29781 --- [nio-8080-exec-2] s.s.w.c.SecurityContextPersistenceFilter : Set SecurityContextHolder to empty SecurityContext
?[0m?[0;34m2023-03-31 16:05:48.284 DEBUG 29781 --- [nio-8080-exec-2] o.s.s.w.a.AnonymousAuthenticationFilter  : Set SecurityContextHolder to anonymous SecurityContext
?[0m?[0;34m2023-03-31 16:05:48.285 DEBUG 29781 --- [nio-8080-exec-2] s.w.s.m.m.a.RequestMappingHandlerMapping : Mapped to recipes.RegistrationController#register(User)
?[0m?[0;34m2023-03-31 16:05:48.286 DEBUG 29781 --- [nio-8080-exec-2] o.s.s.w.a.i.FilterSecurityInterceptor    : Authorized filter invocation [POST /api/register] with attributes [permitAll]
?[0m?[0;34m2023-03-31 16:05:48.286 DEBUG 29781 --- [nio-8080-exec-2] o.s.security.web.FilterChainProxy        : Secured POST /api/register
?[0m?[0;34m2023-03-31 16:05:48.286 DEBUG 29781 --- [nio-8080-exec-2] o.s.web.servlet.DispatcherServlet        : POST "/api/register", parameters={}
?[0m?[0;34m2023-03-31 16:05:48.286 DEBUG 29781 --- [nio-8080-exec-2] s.w.s.m.m.a.RequestMappingHandlerMapping : Mapped to recipes.RegistrationController#register(User)
?[0m?[0;34m2023-03-31 16:05:48.286 DEBUG 29781 --- [nio-8080-exec-2] o.j.s.OpenEntityManagerInViewInterceptor : Opening JPA EntityManager in OpenEntityManagerInViewInterceptor
?[0m?[0;34m2023-03-31 16:05:48.287 DEBUG 29781 --- [nio-8080-exec-2] m.m.a.RequestResponseBodyMethodProcessor : Read "application/json;charset=UTF-8" to [User(email=LoginTest1@test.com, password=Test1111, role=null, recipeCollection=null)]
?[0m?[0;34m2023-03-31 16:05:48.295 DEBUG 29781 --- [nio-8080-exec-2] w.c.HttpSessionSecurityContextRepository : Did not store anonymous SecurityContext
?[0m?[0;34m2023-03-31 16:05:48.295 DEBUG 29781 --- [nio-8080-exec-2] .w.s.m.a.ResponseStatusExceptionResolver : Resolved [org.springframework.web.server.ResponseStatusException: 400 BAD_REQUEST "This email already authenticated"]
?[0m?[0;34m2023-03-31 16:05:48.295 DEBUG 29781 --- [nio-8080-exec-2] o.j.s.OpenEntityManagerInViewInterceptor : Closing JPA EntityManager in OpenEntityManagerInViewInterceptor
?[0m?[0;34m2023-03-31 16:05:48.295 DEBUG 29781 --- [nio-8080-exec-2] o.s.web.servlet.DispatcherServlet        : Completed 400 BAD_REQUEST
?[0m?[0;34m2023-03-31 16:05:48.295 DEBUG 29781 --- [nio-8080-exec-2] w.c.HttpSessionSecurityContextRepository : Did not store anonymous SecurityContext
?[0m?[0;34m2023-03-31 16:05:48.295 DEBUG 29781 --- [nio-8080-exec-2] s.s.w.c.SecurityContextPersistenceFilter : Cleared SecurityContextHolder to complete request
?[0m?[0;34m2023-03-31 16:05:48.297 DEBUG 29781 --- [nio-8080-exec-2] o.s.security.web.FilterChainProxy        : Securing POST /error
?[0m?[0;34m2023-03-31 16:05:48.297 DEBUG 29781 --- [nio-8080-exec-2] s.s.w.c.SecurityContextPersistenceFilter : Set SecurityContextHolder to empty SecurityContext
?[0m?[0;34m2023-03-31 16:05:48.297 DEBUG 29781 --- [nio-8080-exec-2] o.s.s.w.a.AnonymousAuthenticationFilter  : Set SecurityContextHolder to anonymous SecurityContext
?[0m?[0;34m2023-03-31 16:05:48.297 DEBUG 29781 --- [nio-8080-exec-2] o.s.security.web.FilterChainProxy        : Secured POST /error
?[0m?[0;34m2023-03-31 16:05:48.297 DEBUG 29781 --- [nio-8080-exec-2] o.s.web.servlet.DispatcherServlet        : "ERROR" dispatch for POST "/error", parameters={}
?[0m?[0;34m2023-03-31 16:05:48.298 DEBUG 29781 --- [nio-8080-exec-2] s.w.s.m.m.a.RequestMappingHandlerMapping : Mapped to org.springframework.boot.autoconfigure.web.servlet.error.BasicErrorController#error(HttpServletRequest)
?[0m?[0;34m2023-03-31 16:05:48.298 DEBUG 29781 --- [nio-8080-exec-2] o.j.s.OpenEntityManagerInViewInterceptor : Opening JPA EntityManager in OpenEntityManagerInViewInterceptor
?[0m?[0;34m2023-03-31 16:05:48.301 DEBUG 29781 --- [nio-8080-exec-2] o.s.w.s.m.m.a.HttpEntityMethodProcessor  : Using 'application/json', given [*/*] and supported [application/json, application/*+json, application/json, application/*+json]
?[0m?[0;34m2023-03-31 16:05:48.302 DEBUG 29781 --- [nio-8080-exec-2] o.s.w.s.m.m.a.HttpEntityMethodProcessor  : Writing [{timestamp=Fri Mar 31 16:05:48 EEST 2023, status=400, error=Bad Request, path=/api/register}]
?[0m?[0;34m2023-03-31 16:05:48.308 DEBUG 29781 --- [nio-8080-exec-2] w.c.HttpSessionSecurityContextRepository : Did not store anonymous SecurityContext
?[0m?[0;34m2023-03-31 16:05:48.309 DEBUG 29781 --- [nio-8080-exec-2] o.j.s.OpenEntityManagerInViewInterceptor : Closing JPA EntityManager in OpenEntityManagerInViewInterceptor
?[0m?[0;34m2023-03-31 16:05:48.309 DEBUG 29781 --- [nio-8080-exec-2] o.s.web.servlet.DispatcherServlet        : Exiting from "ERROR" dispatch, status 400
?[0m?[0;34m2023-03-31 16:05:48.309 DEBUG 29781 --- [nio-8080-exec-2] w.c.HttpSessionSecurityContextRepository : Did not store anonymous SecurityContext
?[0m?[0;34m2023-03-31 16:05:48.309 DEBUG 29781 --- [nio-8080-exec-2] s.s.w.c.SecurityContextPersistenceFilter : Cleared SecurityContextHolder to complete request
?[1;31m
Start test 3?[0m
?[0;34m2023-03-31 16:05:48.313 DEBUG 29781 --- [nio-8080-exec-3] o.s.security.web.FilterChainProxy        : Securing POST /api/register
?[0m?[0;34m2023-03-31 16:05:48.313 DEBUG 29781 --- [nio-8080-exec-3] s.s.w.c.SecurityContextPersistenceFilter : Set SecurityContextHolder to empty SecurityContext
?[0m?[0;34m2023-03-31 16:05:48.313 DEBUG 29781 --- [nio-8080-exec-3] o.s.s.w.a.AnonymousAuthenticationFilter  : Set SecurityContextHolder to anonymous SecurityContext
?[0m?[0;34m2023-03-31 16:05:48.314 DEBUG 29781 --- [nio-8080-exec-3] s.w.s.m.m.a.RequestMappingHandlerMapping : Mapped to recipes.RegistrationController#register(User)
?[0m?[0;34m2023-03-31 16:05:48.314 DEBUG 29781 --- [nio-8080-exec-3] o.s.s.w.a.i.FilterSecurityInterceptor    : Authorized filter invocation [POST /api/register] with attributes [permitAll]
?[0m?[0;34m2023-03-31 16:05:48.314 DEBUG 29781 --- [nio-8080-exec-3] o.s.security.web.FilterChainProxy        : Secured POST /api/register
?[0m?[0;34m2023-03-31 16:05:48.314 DEBUG 29781 --- [nio-8080-exec-3] o.s.web.servlet.DispatcherServlet        : POST "/api/register", parameters={}
?[0m?[0;34m2023-03-31 16:05:48.314 DEBUG 29781 --- [nio-8080-exec-3] s.w.s.m.m.a.RequestMappingHandlerMapping : Mapped to recipes.RegistrationController#register(User)
?[0m?[0;34m2023-03-31 16:05:48.314 DEBUG 29781 --- [nio-8080-exec-3] o.j.s.OpenEntityManagerInViewInterceptor : Opening JPA EntityManager in OpenEntityManagerInViewInterceptor
?[0m?[0;34m2023-03-31 16:05:48.315 DEBUG 29781 --- [nio-8080-exec-3] m.m.a.RequestResponseBodyMethodProcessor : Read "application/json;charset=UTF-8" to [User(email=LoginTest2@test.com, password=Test2222222, role=null, recipeCollection=null)]
?[0m?[0;34m2023-03-31 16:05:48.397 DEBUG 29781 --- [nio-8080-exec-3] o.s.orm.jpa.JpaTransactionManager        : Found thread-bound EntityManager [SessionImpl(647953974<open>)] for JPA transaction
?[0m?[0;34m2023-03-31 16:05:48.397 DEBUG 29781 --- [nio-8080-exec-3] o.s.orm.jpa.JpaTransactionManager        : Creating new transaction with name [org.springframework.data.jpa.repository.support.SimpleJpaRepository.save]: PROPAGATION_REQUIRED,ISOLATION_DEFAULT
?[0m?[0;34m2023-03-31 16:05:48.397 DEBUG 29781 --- [nio-8080-exec-3] o.s.orm.jpa.JpaTransactionManager        : Exposing JPA transaction as JDBC [org.springframework.orm.jpa.vendor.HibernateJpaDialect$HibernateConnectionHandle@50901c63]
?[0m?[0;34m2023-03-31 16:05:48.398 DEBUG 29781 --- [nio-8080-exec-3] o.s.orm.jpa.JpaTransactionManager        : Initiating transaction commit
?[0m?[0;34m2023-03-31 16:05:48.398 DEBUG 29781 --- [nio-8080-exec-3] o.s.orm.jpa.JpaTransactionManager        : Committing JPA transaction on EntityManager [SessionImpl(647953974<open>)]
?[0m?[0;34m2023-03-31 16:05:48.399 DEBUG 29781 --- [nio-8080-exec-3] o.s.orm.jpa.JpaTransactionManager        : Not closing pre-bound JPA EntityManager after transaction
?[0m?[0;34m2023-03-31 16:05:48.399 DEBUG 29781 --- [nio-8080-exec-3] m.m.a.RequestResponseBodyMethodProcessor : Using 'application/json', given [*/*] and supported [application/json, application/*+json, application/json, application/*+json]
?[0m?[0;34m2023-03-31 16:05:48.399 DEBUG 29781 --- [nio-8080-exec-3] m.m.a.RequestResponseBodyMethodProcessor : Nothing to write: null body
?[0m?[0;34m2023-03-31 16:05:48.399 DEBUG 29781 --- [nio-8080-exec-3] o.j.s.OpenEntityManagerInViewInterceptor : Closing JPA EntityManager in OpenEntityManagerInViewInterceptor
?[0m?[0;34m2023-03-31 16:05:48.399 DEBUG 29781 --- [nio-8080-exec-3] o.s.web.servlet.DispatcherServlet        : Completed 200 OK
?[0m?[0;34m2023-03-31 16:05:48.399 DEBUG 29781 --- [nio-8080-exec-3] w.c.HttpSessionSecurityContextRepository : Did not store anonymous SecurityContext
?[0m?[0;34m2023-03-31 16:05:48.399 DEBUG 29781 --- [nio-8080-exec-3] s.s.w.c.SecurityContextPersistenceFilter : Cleared SecurityContextHolder to complete request
?[1;31m
Start test 4?[0m
?[0;34m2023-03-31 16:05:48.403 DEBUG 29781 --- [nio-8080-exec-4] o.s.security.web.FilterChainProxy        : Securing POST /api/register
?[0m?[0;34m2023-03-31 16:05:48.403 DEBUG 29781 --- [nio-8080-exec-4] s.s.w.c.SecurityContextPersistenceFilter : Set SecurityContextHolder to empty SecurityContext
?[0m?[0;34m2023-03-31 16:05:48.403 DEBUG 29781 --- [nio-8080-exec-4] o.s.s.w.a.AnonymousAuthenticationFilter  : Set SecurityContextHolder to anonymous SecurityContext
?[0m?[0;34m2023-03-31 16:05:48.403 DEBUG 29781 --- [nio-8080-exec-4] s.w.s.m.m.a.RequestMappingHandlerMapping : Mapped to recipes.RegistrationController#register(User)
?[0m?[0;34m2023-03-31 16:05:48.403 DEBUG 29781 --- [nio-8080-exec-4] o.s.s.w.a.i.FilterSecurityInterceptor    : Authorized filter invocation [POST /api/register] with attributes [permitAll]
?[0m?[0;34m2023-03-31 16:05:48.403 DEBUG 29781 --- [nio-8080-exec-4] o.s.security.web.FilterChainProxy        : Secured POST /api/register
?[0m?[0;34m2023-03-31 16:05:48.404 DEBUG 29781 --- [nio-8080-exec-4] o.s.web.servlet.DispatcherServlet        : POST "/api/register", parameters={}
?[0m?[0;34m2023-03-31 16:05:48.404 DEBUG 29781 --- [nio-8080-exec-4] s.w.s.m.m.a.RequestMappingHandlerMapping : Mapped to recipes.RegistrationController#register(User)
?[0m?[0;34m2023-03-31 16:05:48.404 DEBUG 29781 --- [nio-8080-exec-4] o.j.s.OpenEntityManagerInViewInterceptor : Opening JPA EntityManager in OpenEntityManagerInViewInterceptor
?[0m?[0;34m2023-03-31 16:05:48.404 DEBUG 29781 --- [nio-8080-exec-4] m.m.a.RequestResponseBodyMethodProcessor : Read "application/json;charset=UTF-8" to [User(email=LoginTest3@test.com, password=Test33333333333, role=null, recipeCollection=null)]
?[0m?[0;34m2023-03-31 16:05:48.487 DEBUG 29781 --- [nio-8080-exec-4] o.s.orm.jpa.JpaTransactionManager        : Found thread-bound EntityManager [SessionImpl(33240482<open>)] for JPA transaction
?[0m?[0;34m2023-03-31 16:05:48.487 DEBUG 29781 --- [nio-8080-exec-4] o.s.orm.jpa.JpaTransactionManager        : Creating new transaction with name [org.springframework.data.jpa.repository.support.SimpleJpaRepository.save]: PROPAGATION_REQUIRED,ISOLATION_DEFAULT
?[0m?[0;34m2023-03-31 16:05:48.487 DEBUG 29781 --- [nio-8080-exec-4] o.s.orm.jpa.JpaTransactionManager        : Exposing JPA transaction as JDBC [org.springframework.orm.jpa.vendor.HibernateJpaDialect$HibernateConnectionHandle@4fcff7b2]
?[0m?[0;34m2023-03-31 16:05:48.488 DEBUG 29781 --- [nio-8080-exec-4] o.s.orm.jpa.JpaTransactionManager        : Initiating transaction commit
?[0m?[0;34m2023-03-31 16:05:48.488 DEBUG 29781 --- [nio-8080-exec-4] o.s.orm.jpa.JpaTransactionManager        : Committing JPA transaction on EntityManager [SessionImpl(33240482<open>)]
?[0m?[0;34m2023-03-31 16:05:48.489 DEBUG 29781 --- [nio-8080-exec-4] o.s.orm.jpa.JpaTransactionManager        : Not closing pre-bound JPA EntityManager after transaction
?[0m?[0;34m2023-03-31 16:05:48.489 DEBUG 29781 --- [nio-8080-exec-4] m.m.a.RequestResponseBodyMethodProcessor : Using 'application/json', given [*/*] and supported [application/json, application/*+json, application/json, application/*+json]
?[0m?[0;34m2023-03-31 16:05:48.489 DEBUG 29781 --- [nio-8080-exec-4] m.m.a.RequestResponseBodyMethodProcessor : Nothing to write: null body
?[0m?[0;34m2023-03-31 16:05:48.489 DEBUG 29781 --- [nio-8080-exec-4] o.j.s.OpenEntityManagerInViewInterceptor : Closing JPA EntityManager in OpenEntityManagerInViewInterceptor
?[0m?[0;34m2023-03-31 16:05:48.489 DEBUG 29781 --- [nio-8080-exec-4] o.s.web.servlet.DispatcherServlet        : Completed 200 OK
?[0m?[0;34m2023-03-31 16:05:48.489 DEBUG 29781 --- [nio-8080-exec-4] w.c.HttpSessionSecurityContextRepository : Did not store anonymous SecurityContext
?[0m?[0;34m2023-03-31 16:05:48.489 DEBUG 29781 --- [nio-8080-exec-4] s.s.w.c.SecurityContextPersistenceFilter : Cleared SecurityContextHolder to complete request
?[1;31m
Start test 5?[0m
?[0;34m2023-03-31 16:05:48.496 DEBUG 29781 --- [nio-8080-exec-5] o.s.security.web.FilterChainProxy        : Securing POST /api/register
?[0m?[0;34m2023-03-31 16:05:48.496 DEBUG 29781 --- [nio-8080-exec-5] s.s.w.c.SecurityContextPersistenceFilter : Set SecurityContextHolder to empty SecurityContext
?[0m?[0;34m2023-03-31 16:05:48.496 DEBUG 29781 --- [nio-8080-exec-5] o.s.s.w.a.AnonymousAuthenticationFilter  : Set SecurityContextHolder to anonymous SecurityContext
?[0m?[0;34m2023-03-31 16:05:48.496 DEBUG 29781 --- [nio-8080-exec-5] s.w.s.m.m.a.RequestMappingHandlerMapping : Mapped to recipes.RegistrationController#register(User)
?[0m?[0;34m2023-03-31 16:05:48.496 DEBUG 29781 --- [nio-8080-exec-5] o.s.s.w.a.i.FilterSecurityInterceptor    : Authorized filter invocation [POST /api/register] with attributes [permitAll]
?[0m?[0;34m2023-03-31 16:05:48.496 DEBUG 29781 --- [nio-8080-exec-5] o.s.security.web.FilterChainProxy        : Secured POST /api/register
?[0m?[0;34m2023-03-31 16:05:48.496 DEBUG 29781 --- [nio-8080-exec-5] o.s.web.servlet.DispatcherServlet        : POST "/api/register", parameters={}
?[0m?[0;34m2023-03-31 16:05:48.497 DEBUG 29781 --- [nio-8080-exec-5] s.w.s.m.m.a.RequestMappingHandlerMapping : Mapped to recipes.RegistrationController#register(User)
?[0m?[0;34m2023-03-31 16:05:48.497 DEBUG 29781 --- [nio-8080-exec-5] o.j.s.OpenEntityManagerInViewInterceptor : Opening JPA EntityManager in OpenEntityManagerInViewInterceptor
?[0m?[0;34m2023-03-31 16:05:48.497 DEBUG 29781 --- [nio-8080-exec-5] m.m.a.RequestResponseBodyMethodProcessor : Read "application/json;charset=UTF-8" to [User(email=Test3@testcom, password=Test3333, role=null, recipeCollection=null)]
?[0m?[0;34m2023-03-31 16:05:48.504 DEBUG 29781 --- [nio-8080-exec-5] w.c.HttpSessionSecurityContextRepository : Did not store anonymous SecurityContext
?[0m?[0;34m2023-03-31 16:05:48.504  WARN 29781 --- [nio-8080-exec-5] .w.s.m.s.DefaultHandlerExceptionResolver : Resolved [org.springframework.web.bind.MethodArgumentNotValidException: Validation failed for argument [0] in void recipes.RegistrationController.register(recipes.User): [Field error in object 'user' on field 'email': rejected value [Test3@testcom]; codes [Email.user.email,Email.email,Email.java.lang.String,Email]; arguments [org.springframework.context.support.DefaultMessageSourceResolvable: codes [user.email,email]; arguments []; default message [email],[Ljavax.validation.constraints.Pattern$Flag;@2e888ca0,[a-zA-Z0-9_]+@[a-zA-Z0-9]+\.[a-zA-Z]+]; default message [must be a well-formed email address]] ]
?[0m?[0;34m2023-03-31 16:05:48.504 DEBUG 29781 --- [nio-8080-exec-5] o.j.s.OpenEntityManagerInViewInterceptor : Closing JPA EntityManager in OpenEntityManagerInViewInterceptor
?[0m?[0;34m2023-03-31 16:05:48.504 DEBUG 29781 --- [nio-8080-exec-5] o.s.web.servlet.DispatcherServlet        : Completed 400 BAD_REQUEST
?[0m?[0;34m2023-03-31 16:05:48.504 DEBUG 29781 --- [nio-8080-exec-5] w.c.HttpSessionSecurityContextRepository : Did not store anonymous SecurityContext
?[0m?[0;34m2023-03-31 16:05:48.504 DEBUG 29781 --- [nio-8080-exec-5] s.s.w.c.SecurityContextPersistenceFilter : Cleared SecurityContextHolder to complete request
?[0m?[0;34m2023-03-31 16:05:48.505 DEBUG 29781 --- [nio-8080-exec-5] o.s.security.web.FilterChainProxy        : Securing POST /error
?[0m?[0;34m2023-03-31 16:05:48.505 DEBUG 29781 --- [nio-8080-exec-5] s.s.w.c.SecurityContextPersistenceFilter : Set SecurityContextHolder to empty SecurityContext
?[0m?[0;34m2023-03-31 16:05:48.505 DEBUG 29781 --- [nio-8080-exec-5] o.s.s.w.a.AnonymousAuthenticationFilter  : Set SecurityContextHolder to anonymous SecurityContext
?[0m?[0;34m2023-03-31 16:05:48.505 DEBUG 29781 --- [nio-8080-exec-5] o.s.security.web.FilterChainProxy        : Secured POST /error
?[0m?[0;34m2023-03-31 16:05:48.505 DEBUG 29781 --- [nio-8080-exec-5] o.s.web.servlet.DispatcherServlet        : "ERROR" dispatch for POST "/error", parameters={}
?[0m?[0;34m2023-03-31 16:05:48.505 DEBUG 29781 --- [nio-8080-exec-5] s.w.s.m.m.a.RequestMappingHandlerMapping : Mapped to org.springframework.boot.autoconfigure.web.servlet.error.BasicErrorController#error(HttpServletRequest)
?[0m?[0;34m2023-03-31 16:05:48.505 DEBUG 29781 --- [nio-8080-exec-5] o.j.s.OpenEntityManagerInViewInterceptor : Opening JPA EntityManager in OpenEntityManagerInViewInterceptor
?[0m?[0;34m2023-03-31 16:05:48.505 DEBUG 29781 --- [nio-8080-exec-5] o.s.w.s.m.m.a.HttpEntityMethodProcessor  : Using 'application/json', given [*/*] and supported [application/json, application/*+json, application/json, application/*+json]
?[0m?[0;34m2023-03-31 16:05:48.505 DEBUG 29781 --- [nio-8080-exec-5] o.s.w.s.m.m.a.HttpEntityMethodProcessor  : Writing [{timestamp=Fri Mar 31 16:05:48 EEST 2023, status=400, error=Bad Request, path=/api/register}]
?[0m?[0;34m2023-03-31 16:05:48.506 DEBUG 29781 --- [nio-8080-exec-5] w.c.HttpSessionSecurityContextRepository : Did not store anonymous SecurityContext
?[0m?[0;34m2023-03-31 16:05:48.506 DEBUG 29781 --- [nio-8080-exec-5] o.j.s.OpenEntityManagerInViewInterceptor : Closing JPA EntityManager in OpenEntityManagerInViewInterceptor
?[0m?[0;34m2023-03-31 16:05:48.506 DEBUG 29781 --- [nio-8080-exec-5] o.s.web.servlet.DispatcherServlet        : Exiting from "ERROR" dispatch, status 400
?[0m?[0;34m2023-03-31 16:05:48.506 DEBUG 29781 --- [nio-8080-exec-5] w.c.HttpSessionSecurityContextRepository : Did not store anonymous SecurityContext
?[0m?[0;34m2023-03-31 16:05:48.506 DEBUG 29781 --- [nio-8080-exec-5] s.s.w.c.SecurityContextPersistenceFilter : Cleared SecurityContextHolder to complete request
?[1;31m
Start test 6?[0m
?[0;34m2023-03-31 16:05:48.509 DEBUG 29781 --- [nio-8080-exec-8] o.s.security.web.FilterChainProxy        : Securing POST /api/register
?[0m?[0;34m2023-03-31 16:05:48.509 DEBUG 29781 --- [nio-8080-exec-8] s.s.w.c.SecurityContextPersistenceFilter : Set SecurityContextHolder to empty SecurityContext
?[0m?[0;34m2023-03-31 16:05:48.509 DEBUG 29781 --- [nio-8080-exec-8] o.s.s.w.a.AnonymousAuthenticationFilter  : Set SecurityContextHolder to anonymous SecurityContext
?[0m?[0;34m2023-03-31 16:05:48.509 DEBUG 29781 --- [nio-8080-exec-8] s.w.s.m.m.a.RequestMappingHandlerMapping : Mapped to recipes.RegistrationController#register(User)
?[0m?[0;34m2023-03-31 16:05:48.509 DEBUG 29781 --- [nio-8080-exec-8] o.s.s.w.a.i.FilterSecurityInterceptor    : Authorized filter invocation [POST /api/register] with attributes [permitAll]
?[0m?[0;34m2023-03-31 16:05:48.509 DEBUG 29781 --- [nio-8080-exec-8] o.s.security.web.FilterChainProxy        : Secured POST /api/register
?[0m?[0;34m2023-03-31 16:05:48.510 DEBUG 29781 --- [nio-8080-exec-8] o.s.web.servlet.DispatcherServlet        : POST "/api/register", parameters={}
?[0m?[0;34m2023-03-31 16:05:48.510 DEBUG 29781 --- [nio-8080-exec-8] s.w.s.m.m.a.RequestMappingHandlerMapping : Mapped to recipes.RegistrationController#register(User)
?[0m?[0;34m2023-03-31 16:05:48.510 DEBUG 29781 --- [nio-8080-exec-8] o.j.s.OpenEntityManagerInViewInterceptor : Opening JPA EntityManager in OpenEntityManagerInViewInterceptor
?[0m?[0;34m2023-03-31 16:05:48.512 DEBUG 29781 --- [nio-8080-exec-8] m.m.a.RequestResponseBodyMethodProcessor : Read "application/json;charset=UTF-8" to [User(email=Test4test.com, password=Test44444444, role=null, recipeCollection=null)]
?[0m?[0;34m2023-03-31 16:05:48.513 DEBUG 29781 --- [nio-8080-exec-8] w.c.HttpSessionSecurityContextRepository : Did not store anonymous SecurityContext
?[0m?[0;34m2023-03-31 16:05:48.513  WARN 29781 --- [nio-8080-exec-8] .w.s.m.s.DefaultHandlerExceptionResolver : Resolved [org.springframework.web.bind.MethodArgumentNotValidException: Validation failed for argument [0] in void recipes.RegistrationController.register(recipes.User): [Field error in object 'user' on field 'email': rejected value [Test4test.com]; codes [Email.user.email,Email.email,Email.java.lang.String,Email]; arguments [org.springframework.context.support.DefaultMessageSourceResolvable: codes [user.email,email]; arguments []; default message [email],[Ljavax.validation.constraints.Pattern$Flag;@2e888ca0,[a-zA-Z0-9_]+@[a-zA-Z0-9]+\.[a-zA-Z]+]; default message [must be a well-formed email address]] ]
?[0m?[0;34m2023-03-31 16:05:48.513 DEBUG 29781 --- [nio-8080-exec-8] o.j.s.OpenEntityManagerInViewInterceptor : Closing JPA EntityManager in OpenEntityManagerInViewInterceptor
?[0m?[0;34m2023-03-31 16:05:48.513 DEBUG 29781 --- [nio-8080-exec-8] o.s.web.servlet.DispatcherServlet        : Completed 400 BAD_REQUEST
?[0m?[0;34m2023-03-31 16:05:48.513 DEBUG 29781 --- [nio-8080-exec-8] w.c.HttpSessionSecurityContextRepository : Did not store anonymous SecurityContext
?[0m?[0;34m2023-03-31 16:05:48.513 DEBUG 29781 --- [nio-8080-exec-8] s.s.w.c.SecurityContextPersistenceFilter : Cleared SecurityContextHolder to complete request
?[0m?[0;34m2023-03-31 16:05:48.514 DEBUG 29781 --- [nio-8080-exec-8] o.s.security.web.FilterChainProxy        : Securing POST /error
?[0m?[0;34m2023-03-31 16:05:48.514 DEBUG 29781 --- [nio-8080-exec-8] s.s.w.c.SecurityContextPersistenceFilter : Set SecurityContextHolder to empty SecurityContext
?[0m?[0;34m2023-03-31 16:05:48.514 DEBUG 29781 --- [nio-8080-exec-8] o.s.s.w.a.AnonymousAuthenticationFilter  : Set SecurityContextHolder to anonymous SecurityContext
?[0m?[0;34m2023-03-31 16:05:48.514 DEBUG 29781 --- [nio-8080-exec-8] o.s.security.web.FilterChainProxy        : Secured POST /error
?[0m?[0;34m2023-03-31 16:05:48.514 DEBUG 29781 --- [nio-8080-exec-8] o.s.web.servlet.DispatcherServlet        : "ERROR" dispatch for POST "/error", parameters={}
?[0m?[0;34m2023-03-31 16:05:48.514 DEBUG 29781 --- [nio-8080-exec-8] s.w.s.m.m.a.RequestMappingHandlerMapping : Mapped to org.springframework.boot.autoconfigure.web.servlet.error.BasicErrorController#error(HttpServletRequest)
?[0m?[0;34m2023-03-31 16:05:48.514 DEBUG 29781 --- [nio-8080-exec-8] o.j.s.OpenEntityManagerInViewInterceptor : Opening JPA EntityManager in OpenEntityManagerInViewInterceptor
?[0m?[0;34m2023-03-31 16:05:48.514 DEBUG 29781 --- [nio-8080-exec-8] o.s.w.s.m.m.a.HttpEntityMethodProcessor  : Using 'application/json', given [*/*] and supported [application/json, application/*+json, application/json, application/*+json]
?[0m?[0;34m2023-03-31 16:05:48.515 DEBUG 29781 --- [nio-8080-exec-8] o.s.w.s.m.m.a.HttpEntityMethodProcessor  : Writing [{timestamp=Fri Mar 31 16:05:48 EEST 2023, status=400, error=Bad Request, path=/api/register}]
?[0m?[0;34m2023-03-31 16:05:48.515 DEBUG 29781 --- [nio-8080-exec-8] w.c.HttpSessionSecurityContextRepository : Did not store anonymous SecurityContext
?[0m?[0;34m2023-03-31 16:05:48.515 DEBUG 29781 --- [nio-8080-exec-8] o.j.s.OpenEntityManagerInViewInterceptor : Closing JPA EntityManager in OpenEntityManagerInViewInterceptor
?[0m?[0;34m2023-03-31 16:05:48.515 DEBUG 29781 --- [nio-8080-exec-8] o.s.web.servlet.DispatcherServlet        : Exiting from "ERROR" dispatch, status 400
?[0m?[0;34m2023-03-31 16:05:48.515 DEBUG 29781 --- [nio-8080-exec-8] w.c.HttpSessionSecurityContextRepository : Did not store anonymous SecurityContext
?[0m?[0;34m2023-03-31 16:05:48.515 DEBUG 29781 --- [nio-8080-exec-8] s.s.w.c.SecurityContextPersistenceFilter : Cleared SecurityContextHolder to complete request
?[1;31m
Start test 7?[0m
?[0;34m2023-03-31 16:05:48.518 DEBUG 29781 --- [nio-8080-exec-9] o.s.security.web.FilterChainProxy        : Securing POST /api/register
?[0m?[0;34m2023-03-31 16:05:48.518 DEBUG 29781 --- [nio-8080-exec-9] s.s.w.c.SecurityContextPersistenceFilter : Set SecurityContextHolder to empty SecurityContext
?[0m?[0;34m2023-03-31 16:05:48.518 DEBUG 29781 --- [nio-8080-exec-9] o.s.s.w.a.AnonymousAuthenticationFilter  : Set SecurityContextHolder to anonymous SecurityContext
?[0m?[0;34m2023-03-31 16:05:48.519 DEBUG 29781 --- [nio-8080-exec-9] s.w.s.m.m.a.RequestMappingHandlerMapping : Mapped to recipes.RegistrationController#register(User)
?[0m?[0;34m2023-03-31 16:05:48.519 DEBUG 29781 --- [nio-8080-exec-9] o.s.s.w.a.i.FilterSecurityInterceptor    : Authorized filter invocation [POST /api/register] with attributes [permitAll]
?[0m?[0;34m2023-03-31 16:05:48.519 DEBUG 29781 --- [nio-8080-exec-9] o.s.security.web.FilterChainProxy        : Secured POST /api/register
?[0m?[0;34m2023-03-31 16:05:48.519 DEBUG 29781 --- [nio-8080-exec-9] o.s.web.servlet.DispatcherServlet        : POST "/api/register", parameters={}
?[0m?[0;34m2023-03-31 16:05:48.519 DEBUG 29781 --- [nio-8080-exec-9] s.w.s.m.m.a.RequestMappingHandlerMapping : Mapped to recipes.RegistrationController#register(User)
?[0m?[0;34m2023-03-31 16:05:48.519 DEBUG 29781 --- [nio-8080-exec-9] o.j.s.OpenEntityManagerInViewInterceptor : Opening JPA EntityManager in OpenEntityManagerInViewInterceptor
?[0m?[0;34m2023-03-31 16:05:48.520 DEBUG 29781 --- [nio-8080-exec-9] m.m.a.RequestResponseBodyMethodProcessor : Read "application/json;charset=UTF-8" to [User(email=Test5@test.com, password=Test555, role=null, recipeCollection=null)]
?[0m?[0;34m2023-03-31 16:05:48.520 DEBUG 29781 --- [nio-8080-exec-9] w.c.HttpSessionSecurityContextRepository : Did not store anonymous SecurityContext
?[0m?[0;34m2023-03-31 16:05:48.520  WARN 29781 --- [nio-8080-exec-9] .w.s.m.s.DefaultHandlerExceptionResolver : Resolved [org.springframework.web.bind.MethodArgumentNotValidException: Validation failed for argument [0] in void recipes.RegistrationController.register(recipes.User): [Field error in object 'user' on field 'password': rejected value [Test555]; codes [Size.user.password,Size.password,Size.java.lang.String,Size]; arguments [org.springframework.context.support.DefaultMessageSourceResolvable: codes [user.password,password]; arguments []; default message [password],2147483647,8]; default message [Password size too short]] ]
?[0m?[0;34m2023-03-31 16:05:48.520 DEBUG 29781 --- [nio-8080-exec-9] o.j.s.OpenEntityManagerInViewInterceptor : Closing JPA EntityManager in OpenEntityManagerInViewInterceptor
?[0m?[0;34m2023-03-31 16:05:48.520 DEBUG 29781 --- [nio-8080-exec-9] o.s.web.servlet.DispatcherServlet        : Completed 400 BAD_REQUEST
?[0m?[0;34m2023-03-31 16:05:48.520 DEBUG 29781 --- [nio-8080-exec-9] w.c.HttpSessionSecurityContextRepository : Did not store anonymous SecurityContext
?[0m?[0;34m2023-03-31 16:05:48.520 DEBUG 29781 --- [nio-8080-exec-9] s.s.w.c.SecurityContextPersistenceFilter : Cleared SecurityContextHolder to complete request
?[0m?[0;34m2023-03-31 16:05:48.521 DEBUG 29781 --- [nio-8080-exec-9] o.s.security.web.FilterChainProxy        : Securing POST /error
?[0m?[0;34m2023-03-31 16:05:48.521 DEBUG 29781 --- [nio-8080-exec-9] s.s.w.c.SecurityContextPersistenceFilter : Set SecurityContextHolder to empty SecurityContext
?[0m?[0;34m2023-03-31 16:05:48.521 DEBUG 29781 --- [nio-8080-exec-9] o.s.s.w.a.AnonymousAuthenticationFilter  : Set SecurityContextHolder to anonymous SecurityContext
?[0m?[0;34m2023-03-31 16:05:48.521 DEBUG 29781 --- [nio-8080-exec-9] o.s.security.web.FilterChainProxy        : Secured POST /error
?[0m?[0;34m2023-03-31 16:05:48.521 DEBUG 29781 --- [nio-8080-exec-9] o.s.web.servlet.DispatcherServlet        : "ERROR" dispatch for POST "/error", parameters={}
?[0m?[0;34m2023-03-31 16:05:48.521 DEBUG 29781 --- [nio-8080-exec-9] s.w.s.m.m.a.RequestMappingHandlerMapping : Mapped to org.springframework.boot.autoconfigure.web.servlet.error.BasicErrorController#error(HttpServletRequest)
?[0m?[0;34m2023-03-31 16:05:48.521 DEBUG 29781 --- [nio-8080-exec-9] o.j.s.OpenEntityManagerInViewInterceptor : Opening JPA EntityManager in OpenEntityManagerInViewInterceptor
?[0m?[0;34m2023-03-31 16:05:48.521 DEBUG 29781 --- [nio-8080-exec-9] o.s.w.s.m.m.a.HttpEntityMethodProcessor  : Using 'application/json', given [*/*] and supported [application/json, application/*+json, application/json, application/*+json]
?[0m?[0;34m2023-03-31 16:05:48.521 DEBUG 29781 --- [nio-8080-exec-9] o.s.w.s.m.m.a.HttpEntityMethodProcessor  : Writing [{timestamp=Fri Mar 31 16:05:48 EEST 2023, status=400, error=Bad Request, path=/api/register}]
?[0m?[0;34m2023-03-31 16:05:48.521 DEBUG 29781 --- [nio-8080-exec-9] w.c.HttpSessionSecurityContextRepository : Did not store anonymous SecurityContext
?[0m?[0;34m2023-03-31 16:05:48.522 DEBUG 29781 --- [nio-8080-exec-9] o.j.s.OpenEntityManagerInViewInterceptor : Closing JPA EntityManager in OpenEntityManagerInViewInterceptor
?[0m?[0;34m2023-03-31 16:05:48.522 DEBUG 29781 --- [nio-8080-exec-9] o.s.web.servlet.DispatcherServlet        : Exiting from "ERROR" dispatch, status 400
?[0m?[0;34m2023-03-31 16:05:48.522 DEBUG 29781 --- [nio-8080-exec-9] w.c.HttpSessionSecurityContextRepository : Did not store anonymous SecurityContext
?[0m?[0;34m2023-03-31 16:05:48.522 DEBUG 29781 --- [nio-8080-exec-9] s.s.w.c.SecurityContextPersistenceFilter : Cleared SecurityContextHolder to complete request
?[1;31m
Start test 8?[0m
?[0;34m2023-03-31 16:05:48.525 DEBUG 29781 --- [io-8080-exec-10] o.s.security.web.FilterChainProxy        : Securing POST /api/register
?[0m?[0;34m2023-03-31 16:05:48.525 DEBUG 29781 --- [io-8080-exec-10] s.s.w.c.SecurityContextPersistenceFilter : Set SecurityContextHolder to empty SecurityContext
?[0m?[0;34m2023-03-31 16:05:48.525 DEBUG 29781 --- [io-8080-exec-10] o.s.s.w.a.AnonymousAuthenticationFilter  : Set SecurityContextHolder to anonymous SecurityContext
?[0m?[0;34m2023-03-31 16:05:48.525 DEBUG 29781 --- [io-8080-exec-10] s.w.s.m.m.a.RequestMappingHandlerMapping : Mapped to recipes.RegistrationController#register(User)
?[0m?[0;34m2023-03-31 16:05:48.526 DEBUG 29781 --- [io-8080-exec-10] o.s.s.w.a.i.FilterSecurityInterceptor    : Authorized filter invocation [POST /api/register] with attributes [permitAll]
?[0m?[0;34m2023-03-31 16:05:48.526 DEBUG 29781 --- [io-8080-exec-10] o.s.security.web.FilterChainProxy        : Secured POST /api/register
?[0m?[0;34m2023-03-31 16:05:48.526 DEBUG 29781 --- [io-8080-exec-10] o.s.web.servlet.DispatcherServlet        : POST "/api/register", parameters={}
?[0m?[0;34m2023-03-31 16:05:48.526 DEBUG 29781 --- [io-8080-exec-10] s.w.s.m.m.a.RequestMappingHandlerMapping : Mapped to recipes.RegistrationController#register(User)
?[0m?[0;34m2023-03-31 16:05:48.526 DEBUG 29781 --- [io-8080-exec-10] o.j.s.OpenEntityManagerInViewInterceptor : Opening JPA EntityManager in OpenEntityManagerInViewInterceptor
?[0m?[0;34m2023-03-31 16:05:48.527 DEBUG 29781 --- [io-8080-exec-10] m.m.a.RequestResponseBodyMethodProcessor : Read "application/json;charset=UTF-8" to [User(email=Test6@test.com, password=        , role=null, recipeCollection=null)]
?[0m?[0;34m2023-03-31 16:05:48.528 DEBUG 29781 --- [io-8080-exec-10] w.c.HttpSessionSecurityContextRepository : Did not store anonymous SecurityContext
?[0m?[0;34m2023-03-31 16:05:48.528  WARN 29781 --- [io-8080-exec-10] .w.s.m.s.DefaultHandlerExceptionResolver : Resolved [org.springframework.web.bind.MethodArgumentNotValidException: Validation failed for argument [0] in void recipes.RegistrationController.register(recipes.User): [Field error in object 'user' on field 'password': rejected value [        ]; codes [NotBlank.user.password,NotBlank.password,NotBlank.java.lang.String,NotBlank]; arguments [org.springframework.context.support.DefaultMessageSourceResolvable: codes [user.password,password]; arguments []; default message [password]]; default message [must not be blank]] ]
?[0m?[0;34m2023-03-31 16:05:48.528 DEBUG 29781 --- [io-8080-exec-10] o.j.s.OpenEntityManagerInViewInterceptor : Closing JPA EntityManager in OpenEntityManagerInViewInterceptor
?[0m?[0;34m2023-03-31 16:05:48.528 DEBUG 29781 --- [io-8080-exec-10] o.s.web.servlet.DispatcherServlet        : Completed 400 BAD_REQUEST
?[0m?[0;34m2023-03-31 16:05:48.528 DEBUG 29781 --- [io-8080-exec-10] w.c.HttpSessionSecurityContextRepository : Did not store anonymous SecurityContext
?[0m?[0;34m2023-03-31 16:05:48.528 DEBUG 29781 --- [io-8080-exec-10] s.s.w.c.SecurityContextPersistenceFilter : Cleared SecurityContextHolder to complete request
?[0m?[0;34m2023-03-31 16:05:48.528 DEBUG 29781 --- [io-8080-exec-10] o.s.security.web.FilterChainProxy        : Securing POST /error
?[0m?[0;34m2023-03-31 16:05:48.528 DEBUG 29781 --- [io-8080-exec-10] s.s.w.c.SecurityContextPersistenceFilter : Set SecurityContextHolder to empty SecurityContext
?[0m?[0;34m2023-03-31 16:05:48.528 DEBUG 29781 --- [io-8080-exec-10] o.s.s.w.a.AnonymousAuthenticationFilter  : Set SecurityContextHolder to anonymous SecurityContext
?[0m?[0;34m2023-03-31 16:05:48.528 DEBUG 29781 --- [io-8080-exec-10] o.s.security.web.FilterChainProxy        : Secured POST /error
?[0m?[0;34m2023-03-31 16:05:48.528 DEBUG 29781 --- [io-8080-exec-10] o.s.web.servlet.DispatcherServlet        : "ERROR" dispatch for POST "/error", parameters={}
?[0m?[0;34m2023-03-31 16:05:48.529 DEBUG 29781 --- [io-8080-exec-10] s.w.s.m.m.a.RequestMappingHandlerMapping : Mapped to org.springframework.boot.autoconfigure.web.servlet.error.BasicErrorController#error(HttpServletRequest)
?[0m?[0;34m2023-03-31 16:05:48.529 DEBUG 29781 --- [io-8080-exec-10] o.j.s.OpenEntityManagerInViewInterceptor : Opening JPA EntityManager in OpenEntityManagerInViewInterceptor
?[0m?[0;34m2023-03-31 16:05:48.529 DEBUG 29781 --- [io-8080-exec-10] o.s.w.s.m.m.a.HttpEntityMethodProcessor  : Using 'application/json', given [*/*] and supported [application/json, application/*+json, application/json, application/*+json]
?[0m?[0;34m2023-03-31 16:05:48.529 DEBUG 29781 --- [io-8080-exec-10] o.s.w.s.m.m.a.HttpEntityMethodProcessor  : Writing [{timestamp=Fri Mar 31 16:05:48 EEST 2023, status=400, error=Bad Request, path=/api/register}]
?[0m?[0;34m2023-03-31 16:05:48.529 DEBUG 29781 --- [io-8080-exec-10] w.c.HttpSessionSecurityContextRepository : Did not store anonymous SecurityContext
?[0m?[0;34m2023-03-31 16:05:48.529 DEBUG 29781 --- [io-8080-exec-10] o.j.s.OpenEntityManagerInViewInterceptor : Closing JPA EntityManager in OpenEntityManagerInViewInterceptor
?[0m?[0;34m2023-03-31 16:05:48.530 DEBUG 29781 --- [io-8080-exec-10] o.s.web.servlet.DispatcherServlet        : Exiting from "ERROR" dispatch, status 400
?[0m?[0;34m2023-03-31 16:05:48.530 DEBUG 29781 --- [io-8080-exec-10] w.c.HttpSessionSecurityContextRepository : Did not store anonymous SecurityContext
?[0m?[0;34m2023-03-31 16:05:48.530 DEBUG 29781 --- [io-8080-exec-10] s.s.w.c.SecurityContextPersistenceFilter : Cleared SecurityContextHolder to complete request
?[1;31m
Start test 9?[0m
?[0m?[0;34m2023-03-31 16:05:48.533 DEBUG 29781 --- [nio-8080-exec-1] o.s.security.web.FilterChainProxy        : Securing POST /api/recipe/new
?[0m?[0;34m2023-03-31 16:05:48.533 DEBUG 29781 --- [nio-8080-exec-1] s.s.w.c.SecurityContextPersistenceFilter : Set SecurityContextHolder to empty SecurityContext
?[0m?[0;34m2023-03-31 16:05:48.616 DEBUG 29781 --- [nio-8080-exec-1] tor$SharedEntityManagerInvocationHandler : Creating new EntityManager for shared EntityManager invocation
?[0m?[0;34m2023-03-31 16:05:48.706 DEBUG 29781 --- [nio-8080-exec-1] o.s.s.a.dao.DaoAuthenticationProvider    : Authenticated user
?[0m?[0;34m2023-03-31 16:05:48.706 DEBUG 29781 --- [nio-8080-exec-1] o.s.s.w.a.www.BasicAuthenticationFilter  : Set SecurityContextHolder to UsernamePasswordAuthenticationToken [Principal=recipes.UserDetailsImpl@549c6b37, Credentials=[PROTECTED], Authenticated=true, Details=WebAuthenticationDetails [RemoteIpAddress=127.0.0.1, SessionId=null], Granted Authorities=[ROLE_USER]]
?[0m?[0;34m2023-03-31 16:05:48.717 DEBUG 29781 --- [nio-8080-exec-1] w.c.HttpSessionSecurityContextRepository : Created HttpSession as SecurityContext is non-default
?[0m?[0;34m2023-03-31 16:05:48.717 DEBUG 29781 --- [nio-8080-exec-1] w.c.HttpSessionSecurityContextRepository : Stored SecurityContextImpl [Authentication=UsernamePasswordAuthenticationToken [Principal=recipes.UserDetailsImpl@549c6b37, Credentials=[PROTECTED], Authenticated=true, Details=WebAuthenticationDetails [RemoteIpAddress=127.0.0.1, SessionId=null], Granted Authorities=[ROLE_USER]]] to HttpSession [org.apache.catalina.session.StandardSessionFacade@2b20b2ab]
?[0m?[0;34m2023-03-31 16:05:48.718 DEBUG 29781 --- [nio-8080-exec-1] s.w.s.m.m.a.RequestMappingHandlerMapping : Mapped to recipes.RecipesController#setRecipe(Recipe, UserDetails)
?[0m?[0;34m2023-03-31 16:05:48.718 DEBUG 29781 --- [nio-8080-exec-1] s.w.s.m.m.a.RequestMappingHandlerMapping : Mapped to recipes.RecipesController#setRecipe(Recipe, UserDetails)
?[0m?[0;34m2023-03-31 16:05:48.719 DEBUG 29781 --- [nio-8080-exec-1] o.s.s.w.a.i.FilterSecurityInterceptor    : Authorized filter invocation [POST /api/recipe/new] with attributes [hasRole('ROLE_USER')]
?[0m?[0;34m2023-03-31 16:05:48.719 DEBUG 29781 --- [nio-8080-exec-1] o.s.security.web.FilterChainProxy        : Secured POST /api/recipe/new
?[0m?[0;34m2023-03-31 16:05:48.719 DEBUG 29781 --- [nio-8080-exec-1] o.s.web.servlet.DispatcherServlet        : POST "/api/recipe/new", parameters={}
?[0m?[0;34m2023-03-31 16:05:48.719 DEBUG 29781 --- [nio-8080-exec-1] s.w.s.m.m.a.RequestMappingHandlerMapping : Mapped to recipes.RecipesController#setRecipe(Recipe, UserDetails)
?[0m?[0;34m2023-03-31 16:05:48.719 DEBUG 29781 --- [nio-8080-exec-1] o.j.s.OpenEntityManagerInViewInterceptor : Opening JPA EntityManager in OpenEntityManagerInViewInterceptor
?[0m?[0;34m2023-03-31 16:05:48.724 DEBUG 29781 --- [nio-8080-exec-1] m.m.a.RequestResponseBodyMethodProcessor : Read "application/json;charset=UTF-8" to [Recipe(id=0, name=Fresh Mint Tea /Test, category=beverage /Test, date=null, description=Light, aroma (truncated)...]
?[0m?[0;34m2023-03-31 16:05:48.737 DEBUG 29781 --- [nio-8080-exec-1] o.s.orm.jpa.JpaTransactionManager        : Found thread-bound EntityManager [SessionImpl(1532051078<open>)] for JPA transaction
?[0m?[0;34m2023-03-31 16:05:48.737 DEBUG 29781 --- [nio-8080-exec-1] o.s.orm.jpa.JpaTransactionManager        : Creating new transaction with name [org.springframework.data.jpa.repository.support.SimpleJpaRepository.save]: PROPAGATION_REQUIRED,ISOLATION_DEFAULT
?[0m?[0;34m2023-03-31 16:05:48.737 DEBUG 29781 --- [nio-8080-exec-1] o.s.orm.jpa.JpaTransactionManager        : Exposing JPA transaction as JDBC [org.springframework.orm.jpa.vendor.HibernateJpaDialect$HibernateConnectionHandle@51f21025]
?[0m?[0;34m2023-03-31 16:05:48.743 DEBUG 29781 --- [nio-8080-exec-1] o.s.orm.jpa.JpaTransactionManager        : Initiating transaction commit
?[0m?[0;34m2023-03-31 16:05:48.743 DEBUG 29781 --- [nio-8080-exec-1] o.s.orm.jpa.JpaTransactionManager        : Committing JPA transaction on EntityManager [SessionImpl(1532051078<open>)]
?[0m?[0;34m2023-03-31 16:05:48.747 DEBUG 29781 --- [nio-8080-exec-1] o.s.orm.jpa.JpaTransactionManager        : Not closing pre-bound JPA EntityManager after transaction
?[0m?[0;34m2023-03-31 16:05:48.748 DEBUG 29781 --- [nio-8080-exec-1] m.m.a.RequestResponseBodyMethodProcessor : Using 'application/json', given [*/*] and supported [application/json, application/*+json, application/json, application/*+json]
?[0m?[0;34m2023-03-31 16:05:48.748 DEBUG 29781 --- [nio-8080-exec-1] m.m.a.RequestResponseBodyMethodProcessor : Writing [{id=1}]
?[0m?[0;34m2023-03-31 16:05:48.748 DEBUG 29781 --- [nio-8080-exec-1] w.c.HttpSessionSecurityContextRepository : Stored SecurityContextImpl [Authentication=UsernamePasswordAuthenticationToken [Principal=recipes.UserDetailsImpl@549c6b37, Credentials=[PROTECTED], Authenticated=true, Details=WebAuthenticationDetails [RemoteIpAddress=127.0.0.1, SessionId=null], Granted Authorities=[ROLE_USER]]] to HttpSession [org.apache.catalina.session.StandardSessionFacade@2b20b2ab]
?[0m?[0;34m2023-03-31 16:05:48.748 DEBUG 29781 --- [nio-8080-exec-1] o.j.s.OpenEntityManagerInViewInterceptor : Closing JPA EntityManager in OpenEntityManagerInViewInterceptor
?[0m?[0;34m2023-03-31 16:05:48.749 DEBUG 29781 --- [nio-8080-exec-1] o.s.web.servlet.DispatcherServlet        : Completed 200 OK
?[0m?[0;34m2023-03-31 16:05:48.749 DEBUG 29781 --- [nio-8080-exec-1] w.c.HttpSessionSecurityContextRepository : Stored SecurityContextImpl [Authentication=UsernamePasswordAuthenticationToken [Principal=recipes.UserDetailsImpl@549c6b37, Credentials=[PROTECTED], Authenticated=true, Details=WebAuthenticationDetails [RemoteIpAddress=127.0.0.1, SessionId=null], Granted Authorities=[ROLE_USER]]] to HttpSession [org.apache.catalina.session.StandardSessionFacade@2b20b2ab]
?[0m?[0;34m2023-03-31 16:05:48.749 DEBUG 29781 --- [nio-8080-exec-1] s.s.w.c.SecurityContextPersistenceFilter : Cleared SecurityContextHolder to complete request
?[1;31m
Start test 10?[0m
?[0m?[0;34m2023-03-31 16:05:48.756 DEBUG 29781 --- [nio-8080-exec-2] o.s.security.web.FilterChainProxy        : Securing POST /api/recipe/new
?[0m?[0;34m2023-03-31 16:05:48.756 DEBUG 29781 --- [nio-8080-exec-2] s.s.w.c.SecurityContextPersistenceFilter : Set SecurityContextHolder to empty SecurityContext
?[0m?[0;34m2023-03-31 16:05:48.756 DEBUG 29781 --- [nio-8080-exec-2] tor$SharedEntityManagerInvocationHandler : Creating new EntityManager for shared EntityManager invocation
?[0m?[0;34m2023-03-31 16:05:48.838 DEBUG 29781 --- [nio-8080-exec-2] o.s.s.a.dao.DaoAuthenticationProvider    : Authenticated user
?[0m?[0;34m2023-03-31 16:05:48.838 DEBUG 29781 --- [nio-8080-exec-2] o.s.s.w.a.www.BasicAuthenticationFilter  : Set SecurityContextHolder to UsernamePasswordAuthenticationToken [Principal=recipes.UserDetailsImpl@4a016c3e, Credentials=[PROTECTED], Authenticated=true, Details=WebAuthenticationDetails [RemoteIpAddress=127.0.0.1, SessionId=null], Granted Authorities=[ROLE_USER]]
?[0m?[0;34m2023-03-31 16:05:48.838 DEBUG 29781 --- [nio-8080-exec-2] w.c.HttpSessionSecurityContextRepository : Created HttpSession as SecurityContext is non-default
?[0m?[0;34m2023-03-31 16:05:48.838 DEBUG 29781 --- [nio-8080-exec-2] w.c.HttpSessionSecurityContextRepository : Stored SecurityContextImpl [Authentication=UsernamePasswordAuthenticationToken [Principal=recipes.UserDetailsImpl@4a016c3e, Credentials=[PROTECTED], Authenticated=true, Details=WebAuthenticationDetails [RemoteIpAddress=127.0.0.1, SessionId=null], Granted Authorities=[ROLE_USER]]] to HttpSession [org.apache.catalina.session.StandardSessionFacade@3c7b9265]
?[0m?[0;34m2023-03-31 16:05:48.839 DEBUG 29781 --- [nio-8080-exec-2] s.w.s.m.m.a.RequestMappingHandlerMapping : Mapped to recipes.RecipesController#setRecipe(Recipe, UserDetails)
?[0m?[0;34m2023-03-31 16:05:48.839 DEBUG 29781 --- [nio-8080-exec-2] s.w.s.m.m.a.RequestMappingHandlerMapping : Mapped to recipes.RecipesController#setRecipe(Recipe, UserDetails)
?[0m?[0;34m2023-03-31 16:05:48.839 DEBUG 29781 --- [nio-8080-exec-2] o.s.s.w.a.i.FilterSecurityInterceptor    : Authorized filter invocation [POST /api/recipe/new] with attributes [hasRole('ROLE_USER')]
?[0m?[0;34m2023-03-31 16:05:48.839 DEBUG 29781 --- [nio-8080-exec-2] o.s.security.web.FilterChainProxy        : Secured POST /api/recipe/new
?[0m?[0;34m2023-03-31 16:05:48.839 DEBUG 29781 --- [nio-8080-exec-2] o.s.web.servlet.DispatcherServlet        : POST "/api/recipe/new", parameters={}
?[0m?[0;34m2023-03-31 16:05:48.839 DEBUG 29781 --- [nio-8080-exec-2] s.w.s.m.m.a.RequestMappingHandlerMapping : Mapped to recipes.RecipesController#setRecipe(Recipe, UserDetails)
?[0m?[0;34m2023-03-31 16:05:48.839 DEBUG 29781 --- [nio-8080-exec-2] o.j.s.OpenEntityManagerInViewInterceptor : Opening JPA EntityManager in OpenEntityManagerInViewInterceptor
?[0m?[0;34m2023-03-31 16:05:48.839 DEBUG 29781 --- [nio-8080-exec-2] m.m.a.RequestResponseBodyMethodProcessor : Read "application/json;charset=UTF-8" to [Recipe(id=0, name=Warming Ginger Tea /Test, category=beverage /Test, date=null, description=Ginger t (truncated)...]
?[0m?[0;34m2023-03-31 16:05:48.842 DEBUG 29781 --- [nio-8080-exec-2] o.s.orm.jpa.JpaTransactionManager        : Found thread-bound EntityManager [SessionImpl(2000747683<open>)] for JPA transaction
?[0m?[0;34m2023-03-31 16:05:48.842 DEBUG 29781 --- [nio-8080-exec-2] o.s.orm.jpa.JpaTransactionManager        : Creating new transaction with name [org.springframework.data.jpa.repository.support.SimpleJpaRepository.save]: PROPAGATION_REQUIRED,ISOLATION_DEFAULT
?[0m?[0;34m2023-03-31 16:05:48.842 DEBUG 29781 --- [nio-8080-exec-2] o.s.orm.jpa.JpaTransactionManager        : Exposing JPA transaction as JDBC [org.springframework.orm.jpa.vendor.HibernateJpaDialect$HibernateConnectionHandle@3867bb8c]
?[0m?[0;34m2023-03-31 16:05:48.843 DEBUG 29781 --- [nio-8080-exec-2] o.s.orm.jpa.JpaTransactionManager        : Initiating transaction commit
?[0m?[0;34m2023-03-31 16:05:48.843 DEBUG 29781 --- [nio-8080-exec-2] o.s.orm.jpa.JpaTransactionManager        : Committing JPA transaction on EntityManager [SessionImpl(2000747683<open>)]
?[0m?[0;34m2023-03-31 16:05:48.844 DEBUG 29781 --- [nio-8080-exec-2] o.s.orm.jpa.JpaTransactionManager        : Not closing pre-bound JPA EntityManager after transaction
?[0m?[0;34m2023-03-31 16:05:48.844 DEBUG 29781 --- [nio-8080-exec-2] m.m.a.RequestResponseBodyMethodProcessor : Using 'application/json', given [*/*] and supported [application/json, application/*+json, application/json, application/*+json]
?[0m?[0;34m2023-03-31 16:05:48.844 DEBUG 29781 --- [nio-8080-exec-2] m.m.a.RequestResponseBodyMethodProcessor : Writing [{id=2}]
?[0m?[0;34m2023-03-31 16:05:48.844 DEBUG 29781 --- [nio-8080-exec-2] w.c.HttpSessionSecurityContextRepository : Stored SecurityContextImpl [Authentication=UsernamePasswordAuthenticationToken [Principal=recipes.UserDetailsImpl@4a016c3e, Credentials=[PROTECTED], Authenticated=true, Details=WebAuthenticationDetails [RemoteIpAddress=127.0.0.1, SessionId=null], Granted Authorities=[ROLE_USER]]] to HttpSession [org.apache.catalina.session.StandardSessionFacade@3c7b9265]
?[0m?[0;34m2023-03-31 16:05:48.844 DEBUG 29781 --- [nio-8080-exec-2] o.j.s.OpenEntityManagerInViewInterceptor : Closing JPA EntityManager in OpenEntityManagerInViewInterceptor
?[0m?[0;34m2023-03-31 16:05:48.845 DEBUG 29781 --- [nio-8080-exec-2] o.s.web.servlet.DispatcherServlet        : Completed 200 OK
?[0m?[0;34m2023-03-31 16:05:48.845 DEBUG 29781 --- [nio-8080-exec-2] w.c.HttpSessionSecurityContextRepository : Stored SecurityContextImpl [Authentication=UsernamePasswordAuthenticationToken [Principal=recipes.UserDetailsImpl@4a016c3e, Credentials=[PROTECTED], Authenticated=true, Details=WebAuthenticationDetails [RemoteIpAddress=127.0.0.1, SessionId=null], Granted Authorities=[ROLE_USER]]] to HttpSession [org.apache.catalina.session.StandardSessionFacade@3c7b9265]
?[0m?[0;34m2023-03-31 16:05:48.845 DEBUG 29781 --- [nio-8080-exec-2] s.s.w.c.SecurityContextPersistenceFilter : Cleared SecurityContextHolder to complete request
?[1;31m
Start test 11?[0m
?[0m?[0;34m2023-03-31 16:05:48.848 DEBUG 29781 --- [nio-8080-exec-3] o.s.security.web.FilterChainProxy        : Securing GET /api/recipe/1
?[0m?[0;34m2023-03-31 16:05:48.848 DEBUG 29781 --- [nio-8080-exec-3] s.s.w.c.SecurityContextPersistenceFilter : Set SecurityContextHolder to empty SecurityContext
?[0m?[0;34m2023-03-31 16:05:48.848 DEBUG 29781 --- [nio-8080-exec-3] tor$SharedEntityManagerInvocationHandler : Creating new EntityManager for shared EntityManager invocation
?[0m?[0;34m2023-03-31 16:05:48.930 DEBUG 29781 --- [nio-8080-exec-3] o.s.s.a.dao.DaoAuthenticationProvider    : Authenticated user
?[0m?[0;34m2023-03-31 16:05:48.931 DEBUG 29781 --- [nio-8080-exec-3] o.s.s.w.a.www.BasicAuthenticationFilter  : Set SecurityContextHolder to UsernamePasswordAuthenticationToken [Principal=recipes.UserDetailsImpl@83f97d6, Credentials=[PROTECTED], Authenticated=true, Details=WebAuthenticationDetails [RemoteIpAddress=127.0.0.1, SessionId=null], Granted Authorities=[ROLE_USER]]
?[0m?[0;34m2023-03-31 16:05:48.931 DEBUG 29781 --- [nio-8080-exec-3] w.c.HttpSessionSecurityContextRepository : Created HttpSession as SecurityContext is non-default
?[0m?[0;34m2023-03-31 16:05:48.931 DEBUG 29781 --- [nio-8080-exec-3] w.c.HttpSessionSecurityContextRepository : Stored SecurityContextImpl [Authentication=UsernamePasswordAuthenticationToken [Principal=recipes.UserDetailsImpl@83f97d6, Credentials=[PROTECTED], Authenticated=true, Details=WebAuthenticationDetails [RemoteIpAddress=127.0.0.1, SessionId=null], Granted Authorities=[ROLE_USER]]] to HttpSession [org.apache.catalina.session.StandardSessionFacade@1896fd32]
?[0m?[0;34m2023-03-31 16:05:48.931 DEBUG 29781 --- [nio-8080-exec-3] o.s.s.w.a.i.FilterSecurityInterceptor    : Authorized filter invocation [GET /api/recipe/1] with attributes [hasRole('ROLE_USER')]
?[0m?[0;34m2023-03-31 16:05:48.931 DEBUG 29781 --- [nio-8080-exec-3] o.s.security.web.FilterChainProxy        : Secured GET /api/recipe/1
?[0m?[0;34m2023-03-31 16:05:48.931 DEBUG 29781 --- [nio-8080-exec-3] o.s.web.servlet.DispatcherServlet        : GET "/api/recipe/1", parameters={}
?[0m?[0;34m2023-03-31 16:05:48.932 DEBUG 29781 --- [nio-8080-exec-3] s.w.s.m.m.a.RequestMappingHandlerMapping : Mapped to recipes.RecipesController#getRecipe(int)
?[0m?[0;34m2023-03-31 16:05:48.932 DEBUG 29781 --- [nio-8080-exec-3] o.j.s.OpenEntityManagerInViewInterceptor : Opening JPA EntityManager in OpenEntityManagerInViewInterceptor
?[0m?[0;34m2023-03-31 16:05:48.934 DEBUG 29781 --- [nio-8080-exec-3] o.s.orm.jpa.JpaTransactionManager        : Found thread-bound EntityManager [SessionImpl(1044282264<open>)] for JPA transaction
?[0m?[0;34m2023-03-31 16:05:48.934 DEBUG 29781 --- [nio-8080-exec-3] o.s.orm.jpa.JpaTransactionManager        : Creating new transaction with name [org.springframework.data.jpa.repository.support.SimpleJpaRepository.findById]: PROPAGATION_REQUIRED,ISOLATION_DEFAULT,readOnly
?[0m?[0;34m2023-03-31 16:05:48.935 DEBUG 29781 --- [nio-8080-exec-3] o.s.jdbc.datasource.DataSourceUtils      : Setting JDBC Connection [HikariProxyConnection@1665925897 wrapping conn0: url=jdbc:h2:file:../recipes_db user=SA] read-only
?[0m?[0;34m2023-03-31 16:05:48.936 DEBUG 29781 --- [nio-8080-exec-3] o.s.orm.jpa.JpaTransactionManager        : Exposing JPA transaction as JDBC [org.springframework.orm.jpa.vendor.HibernateJpaDialect$HibernateConnectionHandle@76ca60f9]
?[0m?[0;34m2023-03-31 16:05:48.940 DEBUG 29781 --- [nio-8080-exec-3] o.s.orm.jpa.JpaTransactionManager        : Initiating transaction commit
?[0m?[0;34m2023-03-31 16:05:48.940 DEBUG 29781 --- [nio-8080-exec-3] o.s.orm.jpa.JpaTransactionManager        : Committing JPA transaction on EntityManager [SessionImpl(1044282264<open>)]
?[0m?[0;34m2023-03-31 16:05:48.940 DEBUG 29781 --- [nio-8080-exec-3] o.s.jdbc.datasource.DataSourceUtils      : Resetting read-only flag of JDBC Connection [HikariProxyConnection@1665925897 wrapping conn0: url=jdbc:h2:file:../recipes_db user=SA]
?[0m?[0;34m2023-03-31 16:05:48.940 DEBUG 29781 --- [nio-8080-exec-3] o.s.orm.jpa.JpaTransactionManager        : Not closing pre-bound JPA EntityManager after transaction
?[0m?[0;34m2023-03-31 16:05:48.940 DEBUG 29781 --- [nio-8080-exec-3] o.s.orm.jpa.JpaTransactionManager        : Found thread-bound EntityManager [SessionImpl(1044282264<open>)] for JPA transaction
?[0m?[0;34m2023-03-31 16:05:48.940 DEBUG 29781 --- [nio-8080-exec-3] o.s.orm.jpa.JpaTransactionManager        : Creating new transaction with name [org.springframework.data.jpa.repository.support.SimpleJpaRepository.findById]: PROPAGATION_REQUIRED,ISOLATION_DEFAULT,readOnly
?[0m?[0;34m2023-03-31 16:05:48.940 DEBUG 29781 --- [nio-8080-exec-3] o.s.jdbc.datasource.DataSourceUtils      : Setting JDBC Connection [HikariProxyConnection@1665925897 wrapping conn0: url=jdbc:h2:file:../recipes_db user=SA] read-only
?[0m?[0;34m2023-03-31 16:05:48.940 DEBUG 29781 --- [nio-8080-exec-3] o.s.orm.jpa.JpaTransactionManager        : Exposing JPA transaction as JDBC [org.springframework.orm.jpa.vendor.HibernateJpaDialect$HibernateConnectionHandle@282a1c14]
?[0m?[0;34m2023-03-31 16:05:48.940 DEBUG 29781 --- [nio-8080-exec-3] o.s.orm.jpa.JpaTransactionManager        : Initiating transaction commit
?[0m?[0;34m2023-03-31 16:05:48.940 DEBUG 29781 --- [nio-8080-exec-3] o.s.orm.jpa.JpaTransactionManager        : Committing JPA transaction on EntityManager [SessionImpl(1044282264<open>)]
?[0m?[0;34m2023-03-31 16:05:48.940 DEBUG 29781 --- [nio-8080-exec-3] o.s.jdbc.datasource.DataSourceUtils      : Resetting read-only flag of JDBC Connection [HikariProxyConnection@1665925897 wrapping conn0: url=jdbc:h2:file:../recipes_db user=SA]
?[0m?[0;34m2023-03-31 16:05:48.940 DEBUG 29781 --- [nio-8080-exec-3] o.s.orm.jpa.JpaTransactionManager        : Not closing pre-bound JPA EntityManager after transaction
?[0m?[0;34m2023-03-31 16:05:48.944 DEBUG 29781 --- [nio-8080-exec-3] m.m.a.RequestResponseBodyMethodProcessor : Using 'application/json', given [*/*] and supported [application/json, application/*+json, application/json, application/*+json]
?[0m?[0;34m2023-03-31 16:05:49.067 DEBUG 29781 --- [nio-8080-exec-3] m.m.a.RequestResponseBodyMethodProcessor : Writing [java.lang.StackOverflowError]
?[0m?[0;34m2023-03-31 16:05:49.069 DEBUG 29781 --- [nio-8080-exec-3] w.c.HttpSessionSecurityContextRepository : Stored SecurityContextImpl [Authentication=UsernamePasswordAuthenticationToken [Principal=recipes.UserDetailsImpl@83f97d6, Credentials=[PROTECTED], Authenticated=true, Details=WebAuthenticationDetails [RemoteIpAddress=127.0.0.1, SessionId=null], Granted Authorities=[ROLE_USER]]] to HttpSession [org.apache.catalina.session.StandardSessionFacade@1896fd32]
?[0m?[0;34m2023-03-31 16:05:49.070 DEBUG 29781 --- [nio-8080-exec-3] o.j.s.OpenEntityManagerInViewInterceptor : Closing JPA EntityManager in OpenEntityManagerInViewInterceptor
?[0m?[0;34m2023-03-31 16:05:49.070  WARN 29781 --- [nio-8080-exec-3] o.h.e.loading.internal.LoadContexts      : HHH000100: Fail-safe cleanup (collections) : org.hibernate.engine.loading.internal.CollectionLoadContext@226a41d3<rs=HikariProxyResultSet@1878037891 wrapping rs131: null>
?[0m?[0;34m2023-03-31 16:05:49.070  WARN 29781 --- [nio-8080-exec-3] o.h.e.loading.internal.LoadContexts      : HHH000100: Fail-safe cleanup (collections) : org.hibernate.engine.loading.internal.CollectionLoadContext@13997251<rs=HikariProxyResultSet@961966725 wrapping rs57: null>
?[0m?[0;34m2023-03-31 16:05:49.070  WARN 29781 --- [nio-8080-exec-3] o.h.e.loading.internal.LoadContexts      : HHH000100: Fail-safe cleanup (collections) : org.hibernate.engine.loading.internal.CollectionLoadContext@2d653f90<rs=HikariProxyResultSet@1657644806 wrapping rs269: null>
?[0m?[0;34m2023-03-31 16:05:49.070  WARN 29781 --- [nio-8080-exec-3] o.h.e.loading.internal.LoadContexts      : HHH000100: Fail-safe cleanup (collections) : org.hibernate.engine.loading.internal.CollectionLoadContext@ef3b894<rs=HikariProxyResultSet@2037738762 wrapping rs48: null>
?[0m?[0;34m2023-03-31 16:05:49.070  WARN 29781 --- [nio-8080-exec-3] o.h.e.loading.internal.LoadContexts      : HHH000100: Fail-safe cleanup (collections) : org.hibernate.engine.loading.internal.CollectionLoadContext@7ee71440<rs=HikariProxyResultSet@937755019 wrapping rs161: null>
?[0m?[0;34m2023-03-31 16:05:49.070  WARN 29781 --- [nio-8080-exec-3] o.h.e.loading.internal.LoadContexts      : HHH000100: Fail-safe cleanup (collections) : org.hibernate.engine.loading.internal.CollectionLoadContext@26b4fa37<rs=HikariProxyResultSet@1201535500 wrapping rs307: null>
?[0m?[0;34m2023-03-31 16:05:49.070  WARN 29781 --- [nio-8080-exec-3] o.h.e.loading.internal.LoadContexts      : HHH000100: Fail-safe cleanup (collections) : org.hibernate.engine.loading.internal.CollectionLoadContext@22a9c8ce<rs=HikariProxyResultSet@1332248205 wrapping rs76: null>
?[0m?[0;34m2023-03-31 16:05:49.070  WARN 29781 --- [nio-8080-exec-3] o.h.e.loading.internal.LoadContexts      : HHH000100: Fail-safe cleanup (collections) : org.hibernate.engine.loading.internal.CollectionLoadContext@318de317<rs=HikariProxyResultSet@866170767 wrapping rs118: null>
?[0m?[0;34m2023-03-31 16:05:49.070  WARN 29781 --- [nio-8080-exec-3] o.h.e.loading.internal.LoadContexts      : HHH000100: Fail-safe cleanup (collections) : org.hibernate.engine.loading.internal.CollectionLoadContext@770eb472<rs=HikariProxyResultSet@710729873 wrapping rs391: null>
?[0m?[0;34m2023-03-31 16:05:49.070  WARN 29781 --- [nio-8080-exec-3] o.h.e.loading.internal.LoadContexts      : HHH000100: Fail-safe cleanup (collections) : org.hibernate.engine.loading.internal.CollectionLoadContext@766a8de6<rs=HikariProxyResultSet@1286770962 wrapping rs528: null>
?[0m?[0;34m2023-03-31 16:05:49.070  WARN 29781 --- [nio-8080-exec-3] o.h.e.loading.internal.LoadContexts      : HHH000100: Fail-safe cleanup (collections) : org.hibernate.engine.loading.internal.CollectionLoadContext@1ae9c45d<rs=HikariProxyResultSet@1995963416 wrapping rs501: null>
?[0m?[0;34m2023-03-31 16:05:49.070  WARN 29781 --- [nio-8080-exec-3] o.h.e.loading.internal.LoadContexts      : HHH000100: Fail-safe cleanup (collections) : org.hibernate.engine.loading.internal.CollectionLoadContext@4422194c<rs=HikariProxyResultSet@1734630553 wrapping rs465: null>
?[0m?[0;34m2023-03-31 16:05:49.070  WARN 29781 --- [nio-8080-exec-3] o.h.e.loading.internal.LoadContexts      : HHH000100: Fail-safe cleanup (collections) : org.hibernate.engine.loading.internal.CollectionLoadContext@460d889e<rs=HikariProxyResultSet@1779182874 wrapping rs489: null>
?[0m?[0;34m2023-03-31 16:05:49.070  WARN 29781 --- [nio-8080-exec-3] o.h.e.loading.internal.LoadContexts      : HHH000100: Fail-safe cleanup (collections) : org.hibernate.engine.loading.internal.CollectionLoadContext@64aa3804<rs=HikariProxyResultSet@290605467 wrapping rs193: null>
?[0m?[0;34m2023-03-31 16:05:49.070  WARN 29781 --- [nio-8080-exec-3] o.h.e.loading.internal.LoadContexts      : HHH000100: Fail-safe cleanup (collections) : org.hibernate.engine.loading.internal.CollectionLoadContext@30b5c3e0<rs=HikariProxyResultSet@723541532 wrapping rs162: null>
?[0m?[0;34m2023-03-31 16:05:49.070  WARN 29781 --- [nio-8080-exec-3] o.h.e.loading.internal.LoadContexts      : HHH000100: Fail-safe cleanup (collections) : org.hibernate.engine.loading.internal.CollectionLoadContext@648954c3<rs=HikariProxyResultSet@636795299 wrapping rs299: null>
?[0m?[0;34m2023-03-31 16:05:49.071  WARN 29781 --- [nio-8080-exec-3] o.h.e.loading.internal.LoadContexts      : HHH000100: Fail-safe cleanup (collections) : org.hibernate.engine.loading.internal.CollectionLoadContext@4eea79b4<rs=HikariProxyResultSet@149783334 wrapping rs268: null>
?[0m?[0;34m2023-03-31 16:05:49.071  WARN 29781 --- [nio-8080-exec-3] o.h.e.loading.internal.LoadContexts      : HHH000100: Fail-safe cleanup (collections) : org.hibernate.engine.loading.internal.CollectionLoadContext@7b351275<rs=HikariProxyResultSet@1298601000 wrapping rs157: null>
?[0m?[0;34m2023-03-31 16:05:49.071  WARN 29781 --- [nio-8080-exec-3] o.h.e.loading.internal.LoadContexts      : HHH000100: Fail-safe cleanup (collections) : org.hibernate.engine.loading.internal.CollectionLoadContext@65017430<rs=HikariProxyResultSet@55510701 wrapping rs327: null>
?[0m?[0;34m2023-03-31 16:05:49.071  WARN 29781 --- [nio-8080-exec-3] o.h.e.loading.internal.LoadContexts      : HHH000100: Fail-safe cleanup (collections) : org.hibernate.engine.loading.internal.CollectionLoadContext@4b800b1f<rs=HikariProxyResultSet@491550260 wrapping rs347: null>
?[0m?[0;34m2023-03-31 16:05:49.071  WARN 29781 --- [nio-8080-exec-3] o.h.e.loading.internal.LoadContexts      : HHH000100: Fail-safe cleanup (collections) : org.hibernate.engine.loading.internal.CollectionLoadContext@563afc02<rs=HikariProxyResultSet@1736312501 wrapping rs258: null>
?[0m?[0;34m2023-03-31 16:05:49.071  WARN 29781 --- [nio-8080-exec-3] o.h.e.loading.internal.LoadContexts      : HHH000100: Fail-safe cleanup (collections) : org.hibernate.engine.loading.internal.CollectionLoadContext@54ffa0a<rs=HikariProxyResultSet@1418101816 wrapping rs148: null>
?[0m?[0;34m2023-03-31 16:05:49.071  WARN 29781 --- [nio-8080-exec-3] o.h.e.loading.internal.LoadContexts      : HHH000100: Fail-safe cleanup (collections) : org.hibernate.engine.loading.internal.CollectionLoadContext@6b01ae67<rs=HikariProxyResultSet@2033399098 wrapping rs186: null>
?[0m?[0;34m2023-03-31 16:05:49.071  WARN 29781 --- [nio-8080-exec-3] o.h.e.loading.internal.LoadContexts      : HHH000100: Fail-safe cleanup (collections) : org.hibernate.engine.loading.internal.CollectionLoadContext@209298eb<rs=HikariProxyResultSet@1156327738 wrapping rs401: null>
?[0m?[0;34m2023-03-31 16:05:49.071  WARN 29781 --- [nio-8080-exec-3] o.h.e.loading.internal.LoadContexts      : HHH000100: Fail-safe cleanup (collections) : org.hibernate.engine.loading.internal.CollectionLoadContext@2149ba17<rs=HikariProxyResultSet@46820795 wrapping rs491: null>
?[0m?[0;34m2023-03-31 16:05:49.071  WARN 29781 --- [nio-8080-exec-3] o.h.e.loading.internal.LoadContexts      : HHH000100: Fail-safe cleanup (collections) : org.hibernate.engine.loading.internal.CollectionLoadContext@5bac9b9e<rs=HikariProxyResultSet@2118171325 wrapping rs125: null>
?[0m?[0;34m2023-03-31 16:05:49.071  WARN 29781 --- [nio-8080-exec-3] o.h.e.loading.internal.LoadContexts      : HHH000100: Fail-safe cleanup (collections) : org.hibernate.engine.loading.internal.CollectionLoadContext@3d38641a<rs=HikariProxyResultSet@1001503808 wrapping rs323: null>
?[0m?[0;34m2023-03-31 16:05:49.071  WARN 29781 --- [nio-8080-exec-3] o.h.e.loading.internal.LoadContexts      : HHH000100: Fail-safe cleanup (collections) : org.hibernate.engine.loading.internal.CollectionLoadContext@959f696<rs=HikariProxyResultSet@2112741569 wrapping rs485: null>
?[0m?[0;34m2023-03-31 16:05:49.071  WARN 29781 --- [nio-8080-exec-3] o.h.e.loading.internal.LoadContexts      : HHH000100: Fail-safe cleanup (collections) : org.hibernate.engine.loading.internal.CollectionLoadContext@652c6ca8<rs=HikariProxyResultSet@1543262530 wrapping rs175: null>
?[0m?[0;34m2023-03-31 16:05:49.071  WARN 29781 --- [nio-8080-exec-3] o.h.e.loading.internal.LoadContexts      : HHH000100: Fail-safe cleanup (collections) : org.hibernate.engine.loading.internal.CollectionLoadContext@5ae36bf8<rs=HikariProxyResultSet@275619267 wrapping rs46: null>
?[0m?[0;34m2023-03-31 16:05:49.071  WARN 29781 --- [nio-8080-exec-3] o.h.e.loading.internal.LoadContexts      : HHH000100: Fail-safe cleanup (collections) : org.hibernate.engine.loading.internal.CollectionLoadContext@2405cc0a<rs=HikariProxyResultSet@2091371076 wrapping rs311: null>
?[0m?[0;34m2023-03-31 16:05:49.071  WARN 29781 --- [nio-8080-exec-3] o.h.e.loading.internal.LoadContexts      : HHH000100: Fail-safe cleanup (collections) : org.hibernate.engine.loading.internal.CollectionLoadContext@622e735a<rs=HikariProxyResultSet@1813712194 wrapping rs342: null>
?[0m?[0;34m2023-03-31 16:05:49.071  WARN 29781 --- [nio-8080-exec-3] o.h.e.loading.internal.LoadContexts      : HHH000100: Fail-safe cleanup (collections) : org.hibernate.engine.loading.internal.CollectionLoadContext@64e11a9b<rs=HikariProxyResultSet@2108143938 wrapping rs348: null>
?[0m?[0;34m2023-03-31 16:05:49.071  WARN 29781 --- [nio-8080-exec-3] o.h.e.loading.internal.LoadContexts      : HHH000100: Fail-safe cleanup (collections) : org.hibernate.engine.loading.internal.CollectionLoadContext@251c1154<rs=HikariProxyResultSet@1764774468 wrapping rs568: null>
?[0m?[0;34m2023-03-31 16:05:49.071  WARN 29781 --- [nio-8080-exec-3] o.h.e.loading.internal.LoadContexts      : HHH000100: Fail-safe cleanup (collections) : org.hibernate.engine.loading.internal.CollectionLoadContext@2ff3fc61<rs=HikariProxyResultSet@1764003017 wrapping rs276: null>
?[0m?[0;34m2023-03-31 16:05:49.071  WARN 29781 --- [nio-8080-exec-3] o.h.e.loading.internal.LoadContexts      : HHH000100: Fail-safe cleanup (collections) : org.hibernate.engine.loading.internal.CollectionLoadContext@3e56ee66<rs=HikariProxyResultSet@1463208137 wrapping rs456: null>
?[0m?[0;34m2023-03-31 16:05:49.071  WARN 29781 --- [nio-8080-exec-3] o.h.e.loading.internal.LoadContexts      : HHH000100: Fail-safe cleanup (collections) : org.hibernate.engine.loading.internal.CollectionLoadContext@528f1ef5<rs=HikariProxyResultSet@1858405069 wrapping rs124: null>
?[0m?[0;34m2023-03-31 16:05:49.071  WARN 29781 --- [nio-8080-exec-3] o.h.e.loading.internal.LoadContexts      : HHH000100: Fail-safe cleanup (collections) : org.hibernate.engine.loading.internal.CollectionLoadContext@175c2341<rs=HikariProxyResultSet@197097165 wrapping rs333: null>
?[0m?[0;34m2023-03-31 16:05:49.071  WARN 29781 --- [nio-8080-exec-3] o.h.e.loading.internal.LoadContexts      : HHH000100: Fail-safe cleanup (collections) : org.hibernate.engine.loading.internal.CollectionLoadContext@27fcd53f<rs=HikariProxyResultSet@831616717 wrapping rs442: null>
?[0m?[0;34m2023-03-31 16:05:49.071  WARN 29781 --- [nio-8080-exec-3] o.h.e.loading.internal.LoadContexts      : HHH000100: Fail-safe cleanup (collections) : org.hibernate.engine.loading.internal.CollectionLoadContext@2e502a78<rs=HikariProxyResultSet@102294608 wrapping rs319: null>
?[0m?[0;34m2023-03-31 16:05:49.071  WARN 29781 --- [nio-8080-exec-3] o.h.e.loading.internal.LoadContexts      : HHH000100: Fail-safe cleanup (collections) : org.hibernate.engine.loading.internal.CollectionLoadContext@482f1f1<rs=HikariProxyResultSet@1460747344 wrapping rs338: null>
?[0m?[0;34m2023-03-31 16:05:49.071  WARN 29781 --- [nio-8080-exec-3] o.h.e.loading.internal.LoadContexts      : HHH000100: Fail-safe cleanup (collections) : org.hibernate.engine.loading.internal.CollectionLoadContext@72b29c0b<rs=HikariProxyResultSet@352076114 wrapping rs282: null>
?[0m?[0;34m2023-03-31 16:05:49.071  WARN 29781 --- [nio-8080-exec-3] o.h.e.loading.internal.LoadContexts      : HHH000100: Fail-safe cleanup (collections) : org.hibernate.engine.loading.internal.CollectionLoadContext@3326ea4f<rs=HikariProxyResultSet@1969525590 wrapping rs547: null>
?[0m?[0;34m2023-03-31 16:05:49.071  WARN 29781 --- [nio-8080-exec-3] o.h.e.loading.internal.LoadContexts      : HHH000100: Fail-safe cleanup (collections) : org.hibernate.engine.loading.internal.CollectionLoadContext@1c0a15b9<rs=HikariProxyResultSet@1665505239 wrapping rs552: null>
?[0m?[0;34m2023-03-31 16:05:49.071  WARN 29781 --- [nio-8080-exec-3] o.h.e.loading.internal.LoadContexts      : HHH000100: Fail-safe cleanup (collections) : org.hibernate.engine.loading.internal.CollectionLoadContext@f1472b0<rs=HikariProxyResultSet@142125144 wrapping rs156: null>
?[0m?[0;34m2023-03-31 16:05:49.071  WARN 29781 --- [nio-8080-exec-3] o.h.e.loading.internal.LoadContexts      : HHH000100: Fail-safe cleanup (collections) : org.hibernate.engine.loading.internal.CollectionLoadContext@69a0f59d<rs=HikariProxyResultSet@1489172697 wrapping rs177: null>
?[0m?[0;34m2023-03-31 16:05:49.071  WARN 29781 --- [nio-8080-exec-3] o.h.e.loading.internal.LoadContexts      : HHH000100: Fail-safe cleanup (collections) : org.hibernate.engine.loading.internal.CollectionLoadContext@6d501e74<rs=HikariProxyResultSet@2001304793 wrapping rs280: null>
?[0m?[0;34m2023-03-31 16:05:49.071  WARN 29781 --- [nio-8080-exec-3] o.h.e.loading.internal.LoadContexts      : HHH000100: Fail-safe cleanup (collections) : org.hibernate.engine.loading.internal.CollectionLoadContext@213b79ba<rs=HikariProxyResultSet@1094996443 wrapping rs332: null>
?[0m?[0;34m2023-03-31 16:05:49.071  WARN 29781 --- [nio-8080-exec-3] o.h.e.loading.internal.LoadContexts      : HHH000100: Fail-safe cleanup (collections) : org.hibernate.engine.loading.internal.CollectionLoadContext@d960edf<rs=HikariProxyResultSet@1612826720 wrapping rs277: null>
?[0m?[0;34m2023-03-31 16:05:49.071  WARN 29781 --- [nio-8080-exec-3] o.h.e.loading.internal.LoadContexts      : HHH000100: Fail-safe cleanup (collections) : org.hibernate.engine.loading.internal.CollectionLoadContext@63f41eed<rs=HikariProxyResultSet@771433826 wrapping rs461: null>
?[0m?[0;34m2023-03-31 16:05:49.071  WARN 29781 --- [nio-8080-exec-3] o.h.e.loading.internal.LoadContexts      : HHH000100: Fail-safe cleanup (collections) : org.hibernate.engine.loading.internal.CollectionLoadContext@e3a0f59<rs=HikariProxyResultSet@1298334308 wrapping rs379: null>
?[0m?[0;34m2023-03-31 16:05:49.071  WARN 29781 --- [nio-8080-exec-3] o.h.e.loading.internal.LoadContexts      : HHH000100: Fail-safe cleanup (collections) : org.hibernate.engine.loading.internal.CollectionLoadContext@7436518d<rs=HikariProxyResultSet@1762703077 wrapping rs92: null>
?[0m?[0;34m2023-03-31 16:05:49.071  WARN 29781 --- [nio-8080-exec-3] o.h.e.loading.internal.LoadContexts      : HHH000100: Fail-safe cleanup (collections) : org.hibernate.engine.loading.internal.CollectionLoadContext@496b5922<rs=HikariProxyResultSet@1068153573 wrapping rs256: null>
?[0m?[0;34m2023-03-31 16:05:49.072  WARN 29781 --- [nio-8080-exec-3] o.h.e.loading.internal.LoadContexts      : HHH000100: Fail-safe cleanup (collections) : org.hibernate.engine.loading.internal.CollectionLoadContext@aab2594<rs=HikariProxyResultSet@1299540072 wrapping rs63: null>
?[0m?[0;34m2023-03-31 16:05:49.072  WARN 29781 --- [nio-8080-exec-3] o.h.e.loading.internal.LoadContexts      : HHH000100: Fail-safe cleanup (collections) : org.hibernate.engine.loading.internal.CollectionLoadContext@5435b35f<rs=HikariProxyResultSet@1888931944 wrapping rs184: null>
?[0m?[0;34m2023-03-31 16:05:49.072  WARN 29781 --- [nio-8080-exec-3] o.h.e.loading.internal.LoadContexts      : HHH000100: Fail-safe cleanup (collections) : org.hibernate.engine.loading.internal.CollectionLoadContext@12c93a6d<rs=HikariProxyResultSet@2109288939 wrapping rs396: null>
?[0m?[0;34m2023-03-31 16:05:49.072  WARN 29781 --- [nio-8080-exec-3] o.h.e.loading.internal.LoadContexts      : HHH000100: Fail-safe cleanup (collections) : org.hibernate.engine.loading.internal.CollectionLoadContext@178d35f<rs=HikariProxyResultSet@1305578479 wrapping rs351: null>
?[0m?[0;34m2023-03-31 16:05:49.072  WARN 29781 --- [nio-8080-exec-3] o.h.e.loading.internal.LoadContexts      : HHH000100: Fail-safe cleanup (collections) : org.hibernate.engine.loading.internal.CollectionLoadContext@522cd161<rs=HikariProxyResultSet@1176410224 wrapping rs149: null>
?[0m?[0;34m2023-03-31 16:05:49.072  WARN 29781 --- [nio-8080-exec-3] o.h.e.loading.internal.LoadContexts      : HHH000100: Fail-safe cleanup (collections) : org.hibernate.engine.loading.internal.CollectionLoadContext@2b7a2f30<rs=HikariProxyResultSet@331450609 wrapping rs181: null>
?[0m?[0;34m2023-03-31 16:05:49.072  WARN 29781 --- [nio-8080-exec-3] o.h.e.loading.internal.LoadContexts      : HHH000100: Fail-safe cleanup (collections) : org.hibernate.engine.loading.internal.CollectionLoadContext@703b6260<rs=HikariProxyResultSet@44861810 wrapping rs248: null>
?[0m?[0;34m2023-03-31 16:05:49.072  WARN 29781 --- [nio-8080-exec-3] o.h.e.loading.internal.LoadContexts      : HHH000100: Fail-safe cleanup (collections) : org.hibernate.engine.loading.internal.CollectionLoadContext@371ea513<rs=HikariProxyResultSet@1060274675 wrapping rs274: null>
?[0m?[0;34m2023-03-31 16:05:49.072  WARN 29781 --- [nio-8080-exec-3] o.h.e.loading.internal.LoadContexts      : HHH000100: Fail-safe cleanup (collections) : org.hibernate.engine.loading.internal.CollectionLoadContext@30dcd48<rs=HikariProxyResultSet@116443377 wrapping rs389: null>
?[0m?[0;34m2023-03-31 16:05:49.072  WARN 29781 --- [nio-8080-exec-3] o.h.e.loading.internal.LoadContexts      : HHH000100: Fail-safe cleanup (collections) : org.hibernate.engine.loading.internal.CollectionLoadContext@79f461b6<rs=HikariProxyResultSet@1196762224 wrapping rs487: null>
?[0m?[0;34m2023-03-31 16:05:49.072  WARN 29781 --- [nio-8080-exec-3] o.h.e.loading.internal.LoadContexts      : HHH000100: Fail-safe cleanup (collections) : org.hibernate.engine.loading.internal.CollectionLoadContext@5277348a<rs=HikariProxyResultSet@531338360 wrapping rs546: null>
?[0m?[0;34m2023-03-31 16:05:49.072  WARN 29781 --- [nio-8080-exec-3] o.h.e.loading.internal.LoadContexts      : HHH000100: Fail-safe cleanup (collections) : org.hibernate.engine.loading.internal.CollectionLoadContext@100335ea<rs=HikariProxyResultSet@1618664189 wrapping rs543: null>
?[0m?[0;34m2023-03-31 16:05:49.072  WARN 29781 --- [nio-8080-exec-3] o.h.e.loading.internal.LoadContexts      : HHH000100: Fail-safe cleanup (collections) : org.hibernate.engine.loading.internal.CollectionLoadContext@7d09dd2f<rs=HikariProxyResultSet@588451968 wrapping rs305: null>
?[0m?[0;34m2023-03-31 16:05:49.072  WARN 29781 --- [nio-8080-exec-3] o.h.e.loading.internal.LoadContexts      : HHH000100: Fail-safe cleanup (collections) : org.hibernate.engine.loading.internal.CollectionLoadContext@27aafae9<rs=HikariProxyResultSet@2026349059 wrapping rs141: null>
?[0m?[0;34m2023-03-31 16:05:49.072  WARN 29781 --- [nio-8080-exec-3] o.h.e.loading.internal.LoadContexts      : HHH000100: Fail-safe cleanup (collections) : org.hibernate.engine.loading.internal.CollectionLoadContext@4c9249f2<rs=HikariProxyResultSet@1758376709 wrapping rs272: null>
?[0m?[0;34m2023-03-31 16:05:49.072  WARN 29781 --- [nio-8080-exec-3] o.h.e.loading.internal.LoadContexts      : HHH000100: Fail-safe cleanup (collections) : org.hibernate.engine.loading.internal.CollectionLoadContext@453799ef<rs=HikariProxyResultSet@789728521 wrapping rs247: null>
?[0m?[0;34m2023-03-31 16:05:49.072  WARN 29781 --- [nio-8080-exec-3] o.h.e.loading.internal.LoadContexts      : HHH000100: Fail-safe cleanup (collections) : org.hibernate.engine.loading.internal.CollectionLoadContext@76e4c4c3<rs=HikariProxyResultSet@31434638 wrapping rs579: null>
?[0m?[0;34m2023-03-31 16:05:49.072  WARN 29781 --- [nio-8080-exec-3] o.h.e.loading.internal.LoadContexts      : HHH000100: Fail-safe cleanup (collections) : org.hibernate.engine.loading.internal.CollectionLoadContext@6e91544<rs=HikariProxyResultSet@2097128592 wrapping rs234: null>
?[0m?[0;34m2023-03-31 16:05:49.072  WARN 29781 --- [nio-8080-exec-3] o.h.e.loading.internal.LoadContexts      : HHH000100: Fail-safe cleanup (collections) : org.hibernate.engine.loading.internal.CollectionLoadContext@586a01b2<rs=HikariProxyResultSet@877420946 wrapping rs265: null>
?[0m?[0;34m2023-03-31 16:05:49.072  WARN 29781 --- [nio-8080-exec-3] o.h.e.loading.internal.LoadContexts      : HHH000100: Fail-safe cleanup (collections) : org.hibernate.engine.loading.internal.CollectionLoadContext@21eb03b1<rs=HikariProxyResultSet@463958418 wrapping rs454: null>
?[0m?[0;34m2023-03-31 16:05:49.072  WARN 29781 --- [nio-8080-exec-3] o.h.e.loading.internal.LoadContexts      : HHH000100: Fail-safe cleanup (collections) : org.hibernate.engine.loading.internal.CollectionLoadContext@71f90993<rs=HikariProxyResultSet@1347043988 wrapping rs411: null>
?[0m?[0;34m2023-03-31 16:05:49.072  WARN 29781 --- [nio-8080-exec-3] o.h.e.loading.internal.LoadContexts      : HHH000100: Fail-safe cleanup (collections) : org.hibernate.engine.loading.internal.CollectionLoadContext@3f7471dd<rs=HikariProxyResultSet@682196370 wrapping rs478: null>
?[0m?[0;34m2023-03-31 16:05:49.072  WARN 29781 --- [nio-8080-exec-3] o.h.e.loading.internal.LoadContexts      : HHH000100: Fail-safe cleanup (collections) : org.hibernate.engine.loading.internal.CollectionLoadContext@379b9010<rs=HikariProxyResultSet@755688471 wrapping rs330: null>
?[0m?[0;34m2023-03-31 16:05:49.072  WARN 29781 --- [nio-8080-exec-3] o.h.e.loading.internal.LoadContexts      : HHH000100: Fail-safe cleanup (collections) : org.hibernate.engine.loading.internal.CollectionLoadContext@4e94ebd9<rs=HikariProxyResultSet@383534232 wrapping rs127: null>
?[0m?[0;34m2023-03-31 16:05:49.072  WARN 29781 --- [nio-8080-exec-3] o.h.e.loading.internal.LoadContexts      : HHH000100: Fail-safe cleanup (collections) : org.hibernate.engine.loading.internal.CollectionLoadContext@7798d609<rs=HikariProxyResultSet@2132053144 wrapping rs203: null>
?[0m?[0;34m2023-03-31 16:05:49.072  WARN 29781 --- [nio-8080-exec-3] o.h.e.loading.internal.LoadContexts      : HHH000100: Fail-safe cleanup (collections) : org.hibernate.engine.loading.internal.CollectionLoadContext@6b7ebbbe<rs=HikariProxyResultSet@2074947736 wrapping rs534: null>
?[0m?[0;34m2023-03-31 16:05:49.072  WARN 29781 --- [nio-8080-exec-3] o.h.e.loading.internal.LoadContexts      : HHH000100: Fail-safe cleanup (collections) : org.hibernate.engine.loading.internal.CollectionLoadContext@8ebdd1<rs=HikariProxyResultSet@1173916187 wrapping rs115: null>
?[0m?[0;34m2023-03-31 16:05:49.072  WARN 29781 --- [nio-8080-exec-3] o.h.e.loading.internal.LoadContexts      : HHH000100: Fail-safe cleanup (collections) : org.hibernate.engine.loading.internal.CollectionLoadContext@692d443a<rs=HikariProxyResultSet@2092139293 wrapping rs281: null>
?[0m?[0;34m2023-03-31 16:05:49.072  WARN 29781 --- [nio-8080-exec-3] o.h.e.loading.internal.LoadContexts      : HHH000100: Fail-safe cleanup (collections) : org.hibernate.engine.loading.internal.CollectionLoadContext@58b4ef88<rs=HikariProxyResultSet@2107040670 wrapping rs128: null>
?[0m?[0;34m2023-03-31 16:05:49.072  WARN 29781 --- [nio-8080-exec-3] o.h.e.loading.internal.LoadContexts      : HHH000100: Fail-safe cleanup (collections) : org.hibernate.engine.loading.internal.CollectionLoadContext@46890c6b<rs=HikariProxyResultSet@395760671 wrapping rs155: null>
?[0m?[0;34m2023-03-31 16:05:49.072  WARN 29781 --- [nio-8080-exec-3] o.h.e.loading.internal.LoadContexts      : HHH000100: Fail-safe cleanup (collections) : org.hibernate.engine.loading.internal.CollectionLoadContext@331c415e<rs=HikariProxyResultSet@1059121949 wrapping rs353: null>
?[0m?[0;34m2023-03-31 16:05:49.072  WARN 29781 --- [nio-8080-exec-3] o.h.e.loading.internal.LoadContexts      : HHH000100: Fail-safe cleanup (collections) : org.hibernate.engine.loading.internal.CollectionLoadContext@3093df93<rs=HikariProxyResultSet@1624966433 wrapping rs373: null>
?[0m?[0;34m2023-03-31 16:05:49.072  WARN 29781 --- [nio-8080-exec-3] o.h.e.loading.internal.LoadContexts      : HHH000100: Fail-safe cleanup (collections) : org.hibernate.engine.loading.internal.CollectionLoadContext@4fa4aea6<rs=HikariProxyResultSet@300621476 wrapping rs58: null>
?[0m?[0;34m2023-03-31 16:05:49.072  WARN 29781 --- [nio-8080-exec-3] o.h.e.loading.internal.LoadContexts      : HHH000100: Fail-safe cleanup (collections) : org.hibernate.engine.loading.internal.CollectionLoadContext@41c0196d<rs=HikariProxyResultSet@1500120740 wrapping rs549: null>
?[0m?[0;34m2023-03-31 16:05:49.072  WARN 29781 --- [nio-8080-exec-3] o.h.e.loading.internal.LoadContexts      : HHH000100: Fail-safe cleanup (collections) : org.hibernate.engine.loading.internal.CollectionLoadContext@1007a6ba<rs=HikariProxyResultSet@1900900391 wrapping rs112: null>
?[0m?[0;34m2023-03-31 16:05:49.072  WARN 29781 --- [nio-8080-exec-3] o.h.e.loading.internal.LoadContexts      : HHH000100: Fail-safe cleanup (collections) : org.hibernate.engine.loading.internal.CollectionLoadContext@3e468c6e<rs=HikariProxyResultSet@1399780649 wrapping rs259: null>
?[0m?[0;34m2023-03-31 16:05:49.073  WARN 29781 --- [nio-8080-exec-3] o.h.e.loading.internal.LoadContexts      : HHH000100: Fail-safe cleanup (collections) : org.hibernate.engine.loading.internal.CollectionLoadContext@54fdc49e<rs=HikariProxyResultSet@226715179 wrapping rs357: null>
?[0m?[0;34m2023-03-31 16:05:49.073  WARN 29781 --- [nio-8080-exec-3] o.h.e.loading.internal.LoadContexts      : HHH000100: Fail-safe cleanup (collections) : org.hibernate.engine.loading.internal.CollectionLoadContext@1537b41d<rs=HikariProxyResultSet@323034159 wrapping rs199: null>
?[0m?[0;34m2023-03-31 16:05:49.073  WARN 29781 --- [nio-8080-exec-3] o.h.e.loading.internal.LoadContexts      : HHH000100: Fail-safe cleanup (collections) : org.hibernate.engine.loading.internal.CollectionLoadContext@3828e277<rs=HikariProxyResultSet@190018736 wrapping rs336: null>
?[0m?[0;34m2023-03-31 16:05:49.073  WARN 29781 --- [nio-8080-exec-3] o.h.e.loading.internal.LoadContexts      : HHH000100: Fail-safe cleanup (collections) : org.hibernate.engine.loading.internal.CollectionLoadContext@32072ce0<rs=HikariProxyResultSet@626447536 wrapping rs503: null>
?[0m?[0;34m2023-03-31 16:05:49.073  WARN 29781 --- [nio-8080-exec-3] o.h.e.loading.internal.LoadContexts      : HHH000100: Fail-safe cleanup (collections) : org.hibernate.engine.loading.internal.CollectionLoadContext@864d70a<rs=HikariProxyResultSet@374387122 wrapping rs284: null>
?[0m?[0;34m2023-03-31 16:05:49.073  WARN 29781 --- [nio-8080-exec-3] o.h.e.loading.internal.LoadContexts      : HHH000100: Fail-safe cleanup (collections) : org.hibernate.engine.loading.internal.CollectionLoadContext@20db1d47<rs=HikariProxyResultSet@1956210864 wrapping rs563: null>
?[0m?[0;34m2023-03-31 16:05:49.073  WARN 29781 --- [nio-8080-exec-3] o.h.e.loading.internal.LoadContexts      : HHH000100: Fail-safe cleanup (collections) : org.hibernate.engine.loading.internal.CollectionLoadContext@5f1f7871<rs=HikariProxyResultSet@1432937019 wrapping rs90: null>
?[0m?[0;34m2023-03-31 16:05:49.073  WARN 29781 --- [nio-8080-exec-3] o.h.e.loading.internal.LoadContexts      : HHH000100: Fail-safe cleanup (collections) : org.hibernate.engine.loading.internal.CollectionLoadContext@54f42f5e<rs=HikariProxyResultSet@663133755 wrapping rs439: null>
?[0m?[0;34m2023-03-31 16:05:49.073  WARN 29781 --- [nio-8080-exec-3] o.h.e.loading.internal.LoadContexts      : HHH000100: Fail-safe cleanup (collections) : org.hibernate.engine.loading.internal.CollectionLoadContext@7a067e4d<rs=HikariProxyResultSet@939845437 wrapping rs65: null>
?[0m?[0;34m2023-03-31 16:05:49.073  WARN 29781 --- [nio-8080-exec-3] o.h.e.loading.internal.LoadContexts      : HHH000100: Fail-safe cleanup (collections) : org.hibernate.engine.loading.internal.CollectionLoadContext@2cf656f<rs=HikariProxyResultSet@449973182 wrapping rs326: null>
?[0m?[0;34m2023-03-31 16:05:49.073  WARN 29781 --- [nio-8080-exec-3] o.h.e.loading.internal.LoadContexts      : HHH000100: Fail-safe cleanup (collections) : org.hibernate.engine.loading.internal.CollectionLoadContext@263759b7<rs=HikariProxyResultSet@888688445 wrapping rs464: null>
?[0m?[0;34m2023-03-31 16:05:49.073  WARN 29781 --- [nio-8080-exec-3] o.h.e.loading.internal.LoadContexts      : HHH000100: Fail-safe cleanup (collections) : org.hibernate.engine.loading.internal.CollectionLoadContext@534c1cf0<rs=HikariProxyResultSet@1156868288 wrapping rs531: null>
?[0m?[0;34m2023-03-31 16:05:49.073  WARN 29781 --- [nio-8080-exec-3] o.h.e.loading.internal.LoadContexts      : HHH000100: Fail-safe cleanup (collections) : org.hibernate.engine.loading.internal.CollectionLoadContext@1af1f4c2<rs=HikariProxyResultSet@951212869 wrapping rs297: null>
?[0m?[0;34m2023-03-31 16:05:49.073  WARN 29781 --- [nio-8080-exec-3] o.h.e.loading.internal.LoadContexts      : HHH000100: Fail-safe cleanup (collections) : org.hibernate.engine.loading.internal.CollectionLoadContext@63ec0eee<rs=HikariProxyResultSet@945271750 wrapping rs133: null>
?[0m?[0;34m2023-03-31 16:05:49.073  WARN 29781 --- [nio-8080-exec-3] o.h.e.loading.internal.LoadContexts      : HHH000100: Fail-safe cleanup (collections) : org.hibernate.engine.loading.internal.CollectionLoadContext@7f0a09c5<rs=HikariProxyResultSet@1717359816 wrapping rs398: null>
?[0m?[0;34m2023-03-31 16:05:49.073  WARN 29781 --- [nio-8080-exec-3] o.h.e.loading.internal.LoadContexts      : HHH000100: Fail-safe cleanup (collections) : org.hibernate.engine.loading.internal.CollectionLoadContext@4c922148<rs=HikariProxyResultSet@1869074632 wrapping rs551: null>
?[0m?[0;34m2023-03-31 16:05:49.073  WARN 29781 --- [nio-8080-exec-3] o.h.e.loading.internal.LoadContexts      : HHH000100: Fail-safe cleanup (collections) : org.hibernate.engine.loading.internal.CollectionLoadContext@59508bfc<rs=HikariProxyResultSet@1791652169 wrapping rs578: null>
?[0m?[0;34m2023-03-31 16:05:49.073  WARN 29781 --- [nio-8080-exec-3] o.h.e.loading.internal.LoadContexts      : HHH000100: Fail-safe cleanup (collections) : org.hibernate.engine.loading.internal.CollectionLoadContext@5a486546<rs=HikariProxyResultSet@1781813835 wrapping rs536: null>
?[0m?[0;34m2023-03-31 16:05:49.073  WARN 29781 --- [nio-8080-exec-3] o.h.e.loading.internal.LoadContexts      : HHH000100: Fail-safe cleanup (collections) : org.hibernate.engine.loading.internal.CollectionLoadContext@75a31beb<rs=HikariProxyResultSet@390520016 wrapping rs402: null>
?[0m?[0;34m2023-03-31 16:05:49.073  WARN 29781 --- [nio-8080-exec-3] o.h.e.loading.internal.LoadContexts      : HHH000100: Fail-safe cleanup (collections) : org.hibernate.engine.loading.internal.CollectionLoadContext@2866ec76<rs=HikariProxyResultSet@1832018386 wrapping rs374: null>
?[0m?[0;34m2023-03-31 16:05:49.073  WARN 29781 --- [nio-8080-exec-3] o.h.e.loading.internal.LoadContexts      : HHH000100: Fail-safe cleanup (collections) : org.hibernate.engine.loading.internal.CollectionLoadContext@75b48ded<rs=HikariProxyResultSet@845451859 wrapping rs290: null>
?[0m?[0;34m2023-03-31 16:05:49.073  WARN 29781 --- [nio-8080-exec-3] o.h.e.loading.internal.LoadContexts      : HHH000100: Fail-safe cleanup (collections) : org.hibernate.engine.loading.internal.CollectionLoadContext@6c4fa448<rs=HikariProxyResultSet@1409746644 wrapping rs108: null>
?[0m?[0;34m2023-03-31 16:05:49.073  WARN 29781 --- [nio-8080-exec-3] o.h.e.loading.internal.LoadContexts      : HHH000100: Fail-safe cleanup (collections) : org.hibernate.engine.loading.internal.CollectionLoadContext@15e9669<rs=HikariProxyResultSet@8579667 wrapping rs410: null>
?[0m?[0;34m2023-03-31 16:05:49.073  WARN 29781 --- [nio-8080-exec-3] o.h.e.loading.internal.LoadContexts      : HHH000100: Fail-safe cleanup (collections) : org.hibernate.engine.loading.internal.CollectionLoadContext@1e44cf68<rs=HikariProxyResultSet@250973271 wrapping rs429: null>
?[0m?[0;34m2023-03-31 16:05:49.073  WARN 29781 --- [nio-8080-exec-3] o.h.e.loading.internal.LoadContexts      : HHH000100: Fail-safe cleanup (collections) : org.hibernate.engine.loading.internal.CollectionLoadContext@4fcef2a8<rs=HikariProxyResultSet@1459308760 wrapping rs105: null>
?[0m?[0;34m2023-03-31 16:05:49.073  WARN 29781 --- [nio-8080-exec-3] o.h.e.loading.internal.LoadContexts      : HHH000100: Fail-safe cleanup (collections) : org.hibernate.engine.loading.internal.CollectionLoadContext@5eb272fd<rs=HikariProxyResultSet@335282263 wrapping rs515: null>
?[0m?[0;34m2023-03-31 16:05:49.073  WARN 29781 --- [nio-8080-exec-3] o.h.e.loading.internal.LoadContexts      : HHH000100: Fail-safe cleanup (collections) : org.hibernate.engine.loading.internal.CollectionLoadContext@2baa4a9c<rs=HikariProxyResultSet@90754651 wrapping rs447: null>
?[0m?[0;34m2023-03-31 16:05:49.073  WARN 29781 --- [nio-8080-exec-3] o.h.e.loading.internal.LoadContexts      : HHH000100: Fail-safe cleanup (collections) : org.hibernate.engine.loading.internal.CollectionLoadContext@13adef0e<rs=HikariProxyResultSet@1298346974 wrapping rs387: null>
?[0m?[0;34m2023-03-31 16:05:49.073  WARN 29781 --- [nio-8080-exec-3] o.h.e.loading.internal.LoadContexts      : HHH000100: Fail-safe cleanup (collections) : org.hibernate.engine.loading.internal.CollectionLoadContext@2bce1461<rs=HikariProxyResultSet@755508319 wrapping rs372: null>
?[0m?[0;34m2023-03-31 16:05:49.073  WARN 29781 --- [nio-8080-exec-3] o.h.e.loading.internal.LoadContexts      : HHH000100: Fail-safe cleanup (collections) : org.hibernate.engine.loading.internal.CollectionLoadContext@6626be7f<rs=HikariProxyResultSet@883209827 wrapping rs324: null>
?[0m?[0;34m2023-03-31 16:05:49.073  WARN 29781 --- [nio-8080-exec-3] o.h.e.loading.internal.LoadContexts      : HHH000100: Fail-safe cleanup (collections) : org.hibernate.engine.loading.internal.CollectionLoadContext@1f21e68d<rs=HikariProxyResultSet@961827556 wrapping rs171: null>
?[0m?[0;34m2023-03-31 16:05:49.073  WARN 29781 --- [nio-8080-exec-3] o.h.e.loading.internal.LoadContexts      : HHH000100: Fail-safe cleanup (collections) : org.hibernate.engine.loading.internal.CollectionLoadContext@6308bff8<rs=HikariProxyResultSet@1325124453 wrapping rs145: null>
?[0m?[0;34m2023-03-31 16:05:49.073  WARN 29781 --- [nio-8080-exec-3] o.h.e.loading.internal.LoadContexts      : HHH000100: Fail-safe cleanup (collections) : org.hibernate.engine.loading.internal.CollectionLoadContext@38bec2e4<rs=HikariProxyResultSet@380341230 wrapping rs227: null>
?[0m?[0;34m2023-03-31 16:05:49.073  WARN 29781 --- [nio-8080-exec-3] o.h.e.loading.internal.LoadContexts      : HHH000100: Fail-safe cleanup (collections) : org.hibernate.engine.loading.internal.CollectionLoadContext@6b3846ca<rs=HikariProxyResultSet@2021780462 wrapping rs538: null>
?[0m?[0;34m2023-03-31 16:05:49.073  WARN 29781 --- [nio-8080-exec-3] o.h.e.loading.internal.LoadContexts      : HHH000100: Fail-safe cleanup (collections) : org.hibernate.engine.loading.internal.CollectionLoadContext@7bbdc0ae<rs=HikariProxyResultSet@1140519410 wrapping rs355: null>
?[0m?[0;34m2023-03-31 16:05:49.073  WARN 29781 --- [nio-8080-exec-3] o.h.e.loading.internal.LoadContexts      : HHH000100: Fail-safe cleanup (collections) : org.hibernate.engine.loading.internal.CollectionLoadContext@5d6c475e<rs=HikariProxyResultSet@1826611190 wrapping rs576: null>
?[0m?[0;34m2023-03-31 16:05:49.073  WARN 29781 --- [nio-8080-exec-3] o.h.e.loading.internal.LoadContexts      : HHH000100: Fail-safe cleanup (collections) : org.hibernate.engine.loading.internal.CollectionLoadContext@138b07f5<rs=HikariProxyResultSet@640843895 wrapping rs60: null>
?[0m?[0;34m2023-03-31 16:05:49.073  WARN 29781 --- [nio-8080-exec-3] o.h.e.loading.internal.LoadContexts      : HHH000100: Fail-safe cleanup (collections) : org.hibernate.engine.loading.internal.CollectionLoadContext@3aac1d58<rs=HikariProxyResultSet@62067960 wrapping rs51: null>
?[0m?[0;34m2023-03-31 16:05:49.074  WARN 29781 --- [nio-8080-exec-3] o.h.e.loading.internal.LoadContexts      : HHH000100: Fail-safe cleanup (collections) : org.hibernate.engine.loading.internal.CollectionLoadContext@2f811213<rs=HikariProxyResultSet@1732009337 wrapping rs64: null>
?[0m?[0;34m2023-03-31 16:05:49.074  WARN 29781 --- [nio-8080-exec-3] o.h.e.loading.internal.LoadContexts      : HHH000100: Fail-safe cleanup (collections) : org.hibernate.engine.loading.internal.CollectionLoadContext@10e8e60a<rs=HikariProxyResultSet@326494714 wrapping rs512: null>
?[0m?[0;34m2023-03-31 16:05:49.074  WARN 29781 --- [nio-8080-exec-3] o.h.e.loading.internal.LoadContexts      : HHH000100: Fail-safe cleanup (collections) : org.hibernate.engine.loading.internal.CollectionLoadContext@5b17ef4d<rs=HikariProxyResultSet@48296571 wrapping rs233: null>
?[0m?[0;34m2023-03-31 16:05:49.074  WARN 29781 --- [nio-8080-exec-3] o.h.e.loading.internal.LoadContexts      : HHH000100: Fail-safe cleanup (collections) : org.hibernate.engine.loading.internal.CollectionLoadContext@10b6faa<rs=HikariProxyResultSet@129836796 wrapping rs87: null>
?[0m?[0;34m2023-03-31 16:05:49.074  WARN 29781 --- [nio-8080-exec-3] o.h.e.loading.internal.LoadContexts      : HHH000100: Fail-safe cleanup (collections) : org.hibernate.engine.loading.internal.CollectionLoadContext@26bde412<rs=HikariProxyResultSet@1047114492 wrapping rs232: null>
?[0m?[0;34m2023-03-31 16:05:49.074  WARN 29781 --- [nio-8080-exec-3] o.h.e.loading.internal.LoadContexts      : HHH000100: Fail-safe cleanup (collections) : org.hibernate.engine.loading.internal.CollectionLoadContext@71b28e79<rs=HikariProxyResultSet@245180027 wrapping rs263: null>
?[0m?[0;34m2023-03-31 16:05:49.074  WARN 29781 --- [nio-8080-exec-3] o.h.e.loading.internal.LoadContexts      : HHH000100: Fail-safe cleanup (collections) : org.hibernate.engine.loading.internal.CollectionLoadContext@15bb7a85<rs=HikariProxyResultSet@523233407 wrapping rs238: null>
?[0m?[0;34m2023-03-31 16:05:49.074  WARN 29781 --- [nio-8080-exec-3] o.h.e.loading.internal.LoadContexts      : HHH000100: Fail-safe cleanup (collections) : org.hibernate.engine.loading.internal.CollectionLoadContext@4f1721a7<rs=HikariProxyResultSet@1190157568 wrapping rs279: null>
?[0m?[0;34m2023-03-31 16:05:49.074  WARN 29781 --- [nio-8080-exec-3] o.h.e.loading.internal.LoadContexts      : HHH000100: Fail-safe cleanup (collections) : org.hibernate.engine.loading.internal.CollectionLoadContext@643c123<rs=HikariProxyResultSet@1235671425 wrapping rs409: null>
?[0m?[0;34m2023-03-31 16:05:49.074  WARN 29781 --- [nio-8080-exec-3] o.h.e.loading.internal.LoadContexts      : HHH000100: Fail-safe cleanup (collections) : org.hibernate.engine.loading.internal.CollectionLoadContext@63e756d4<rs=HikariProxyResultSet@1029602560 wrapping rs521: null>
?[0m?[0;34m2023-03-31 16:05:49.074  WARN 29781 --- [nio-8080-exec-3] o.h.e.loading.internal.LoadContexts      : HHH000100: Fail-safe cleanup (collections) : org.hibernate.engine.loading.internal.CollectionLoadContext@2dc6777f<rs=HikariProxyResultSet@1424870777 wrapping rs533: null>
?[0m?[0;34m2023-03-31 16:05:49.074  WARN 29781 --- [nio-8080-exec-3] o.h.e.loading.internal.LoadContexts      : HHH000100: Fail-safe cleanup (collections) : org.hibernate.engine.loading.internal.CollectionLoadContext@5b2a6179<rs=HikariProxyResultSet@1554620164 wrapping rs383: null>
?[0m?[0;34m2023-03-31 16:05:49.074  WARN 29781 --- [nio-8080-exec-3] o.h.e.loading.internal.LoadContexts      : HHH000100: Fail-safe cleanup (collections) : org.hibernate.engine.loading.internal.CollectionLoadContext@43f8f9e6<rs=HikariProxyResultSet@687544842 wrapping rs325: null>
?[0m?[0;34m2023-03-31 16:05:49.074  WARN 29781 --- [nio-8080-exec-3] o.h.e.loading.internal.LoadContexts      : HHH000100: Fail-safe cleanup (collections) : org.hibernate.engine.loading.internal.CollectionLoadContext@1a7046bb<rs=HikariProxyResultSet@422465937 wrapping rs82: null>
?[0m?[0;34m2023-03-31 16:05:49.074  WARN 29781 --- [nio-8080-exec-3] o.h.e.loading.internal.LoadContexts      : HHH000100: Fail-safe cleanup (collections) : org.hibernate.engine.loading.internal.CollectionLoadContext@493b705<rs=HikariProxyResultSet@288868116 wrapping rs36: null>
?[0m?[0;34m2023-03-31 16:05:49.074  WARN 29781 --- [nio-8080-exec-3] o.h.e.loading.internal.LoadContexts      : HHH000100: Fail-safe cleanup (collections) : org.hibernate.engine.loading.internal.CollectionLoadContext@cba2f47<rs=HikariProxyResultSet@1139297173 wrapping rs140: null>
?[0m?[0;34m2023-03-31 16:05:49.074  WARN 29781 --- [nio-8080-exec-3] o.h.e.loading.internal.LoadContexts      : HHH000100: Fail-safe cleanup (collections) : org.hibernate.engine.loading.internal.CollectionLoadContext@889c0ff<rs=HikariProxyResultSet@1211662100 wrapping rs435: null>
?[0m?[0;34m2023-03-31 16:05:49.074  WARN 29781 --- [nio-8080-exec-3] o.h.e.loading.internal.LoadContexts      : HHH000100: Fail-safe cleanup (collections) : org.hibernate.engine.loading.internal.CollectionLoadContext@10540acb<rs=HikariProxyResultSet@313649432 wrapping rs137: null>
?[0m?[0;34m2023-03-31 16:05:49.074  WARN 29781 --- [nio-8080-exec-3] o.h.e.loading.internal.LoadContexts      : HHH000100: Fail-safe cleanup (collections) : org.hibernate.engine.loading.internal.CollectionLoadContext@966bc5b<rs=HikariProxyResultSet@464452122 wrapping rs230: null>
?[0m?[0;34m2023-03-31 16:05:49.074  WARN 29781 --- [nio-8080-exec-3] o.h.e.loading.internal.LoadContexts      : HHH000100: Fail-safe cleanup (collections) : org.hibernate.engine.loading.internal.CollectionLoadContext@54fb6a27<rs=HikariProxyResultSet@1454764699 wrapping rs89: null>
?[0m?[0;34m2023-03-31 16:05:49.074  WARN 29781 --- [nio-8080-exec-3] o.h.e.loading.internal.LoadContexts      : HHH000100: Fail-safe cleanup (collections) : org.hibernate.engine.loading.internal.CollectionLoadContext@12b3d67f<rs=HikariProxyResultSet@948430878 wrapping rs377: null>
?[0m?[0;34m2023-03-31 16:05:49.074  WARN 29781 --- [nio-8080-exec-3] o.h.e.loading.internal.LoadContexts      : HHH000100: Fail-safe cleanup (collections) : org.hibernate.engine.loading.internal.CollectionLoadContext@220194b0<rs=HikariProxyResultSet@280939550 wrapping rs558: null>
?[0m?[0;34m2023-03-31 16:05:49.074  WARN 29781 --- [nio-8080-exec-3] o.h.e.loading.internal.LoadContexts      : HHH000100: Fail-safe cleanup (collections) : org.hibernate.engine.loading.internal.CollectionLoadContext@1eb970cf<rs=HikariProxyResultSet@1406773157 wrapping rs169: null>
?[0m?[0;34m2023-03-31 16:05:49.074  WARN 29781 --- [nio-8080-exec-3] o.h.e.loading.internal.LoadContexts      : HHH000100: Fail-safe cleanup (collections) : org.hibernate.engine.loading.internal.CollectionLoadContext@119c8b6d<rs=HikariProxyResultSet@2099831209 wrapping rs119: null>
?[0m?[0;34m2023-03-31 16:05:49.074  WARN 29781 --- [nio-8080-exec-3] o.h.e.loading.internal.LoadContexts      : HHH000100: Fail-safe cleanup (collections) : org.hibernate.engine.loading.internal.CollectionLoadContext@1d90b70f<rs=HikariProxyResultSet@306681386 wrapping rs217: null>
?[0m?[0;34m2023-03-31 16:05:49.074  WARN 29781 --- [nio-8080-exec-3] o.h.e.loading.internal.LoadContexts      : HHH000100: Fail-safe cleanup (collections) : org.hibernate.engine.loading.internal.CollectionLoadContext@331a1419<rs=HikariProxyResultSet@507872939 wrapping rs38: null>
?[0m?[0;34m2023-03-31 16:05:49.074  WARN 29781 --- [nio-8080-exec-3] o.h.e.loading.internal.LoadContexts      : HHH000100: Fail-safe cleanup (collections) : org.hibernate.engine.loading.internal.CollectionLoadContext@66f035bd<rs=HikariProxyResultSet@2025433513 wrapping rs525: null>
?[0m?[0;34m2023-03-31 16:05:49.074  WARN 29781 --- [nio-8080-exec-3] o.h.e.loading.internal.LoadContexts      : HHH000100: Fail-safe cleanup (collections) : org.hibernate.engine.loading.internal.CollectionLoadContext@13421ded<rs=HikariProxyResultSet@484053296 wrapping rs78: null>
?[0m?[0;34m2023-03-31 16:05:49.074  WARN 29781 --- [nio-8080-exec-3] o.h.e.loading.internal.LoadContexts      : HHH000100: Fail-safe cleanup (collections) : org.hibernate.engine.loading.internal.CollectionLoadContext@b72f845<rs=HikariProxyResultSet@108405169 wrapping rs135: null>
?[0m?[0;34m2023-03-31 16:05:49.074  WARN 29781 --- [nio-8080-exec-3] o.h.e.loading.internal.LoadContexts      : HHH000100: Fail-safe cleanup (collections) : org.hibernate.engine.loading.internal.CollectionLoadContext@68ab9fee<rs=HikariProxyResultSet@1806408242 wrapping rs74: null>
?[0m?[0;34m2023-03-31 16:05:49.074  WARN 29781 --- [nio-8080-exec-3] o.h.e.loading.internal.LoadContexts      : HHH000100: Fail-safe cleanup (collections) : org.hibernate.engine.loading.internal.CollectionLoadContext@f11129b<rs=HikariProxyResultSet@260407987 wrapping rs214: null>
?[0m?[0;34m2023-03-31 16:05:49.074  WARN 29781 --- [nio-8080-exec-3] o.h.e.loading.internal.LoadContexts      : HHH000100: Fail-safe cleanup (collections) : org.hibernate.engine.loading.internal.CollectionLoadContext@cbfdbe1<rs=HikariProxyResultSet@98601788 wrapping rs257: null>
?[0m?[0;34m2023-03-31 16:05:49.074  WARN 29781 --- [nio-8080-exec-3] o.h.e.loading.internal.LoadContexts      : HHH000100: Fail-safe cleanup (collections) : org.hibernate.engine.loading.internal.CollectionLoadContext@1093aae3<rs=HikariProxyResultSet@1805738175 wrapping rs116: null>
?[0m?[0;34m2023-03-31 16:05:49.074  WARN 29781 --- [nio-8080-exec-3] o.h.e.loading.internal.LoadContexts      : HHH000100: Fail-safe cleanup (collections) : org.hibernate.engine.loading.internal.CollectionLoadContext@24f313f0<rs=HikariProxyResultSet@743110976 wrapping rs69: null>
?[0m?[0;34m2023-03-31 16:05:49.074  WARN 29781 --- [nio-8080-exec-3] o.h.e.loading.internal.LoadContexts      : HHH000100: Fail-safe cleanup (collections) : org.hibernate.engine.loading.internal.CollectionLoadContext@2371583f<rs=HikariProxyResultSet@1206408520 wrapping rs448: null>
?[0m?[0;34m2023-03-31 16:05:49.074  WARN 29781 --- [nio-8080-exec-3] o.h.e.loading.internal.LoadContexts      : HHH000100: Fail-safe cleanup (collections) : org.hibernate.engine.loading.internal.CollectionLoadContext@5163ef63<rs=HikariProxyResultSet@767280585 wrapping rs507: null>
?[0m?[0;34m2023-03-31 16:05:49.074  WARN 29781 --- [nio-8080-exec-3] o.h.e.loading.internal.LoadContexts      : HHH000100: Fail-safe cleanup (collections) : org.hibernate.engine.loading.internal.CollectionLoadContext@5c2a931e<rs=HikariProxyResultSet@148092490 wrapping rs466: null>
?[0m?[0;34m2023-03-31 16:05:49.074  WARN 29781 --- [nio-8080-exec-3] o.h.e.loading.internal.LoadContexts      : HHH000100: Fail-safe cleanup (collections) : org.hibernate.engine.loading.internal.CollectionLoadContext@60fa77f8<rs=HikariProxyResultSet@1405335501 wrapping rs66: null>
?[0m?[0;34m2023-03-31 16:05:49.075  WARN 29781 --- [nio-8080-exec-3] o.h.e.loading.internal.LoadContexts      : HHH000100: Fail-safe cleanup (collections) : org.hibernate.engine.loading.internal.CollectionLoadContext@49e36b78<rs=HikariProxyResultSet@449120205 wrapping rs360: null>
?[0m?[0;34m2023-03-31 16:05:49.075  WARN 29781 --- [nio-8080-exec-3] o.h.e.loading.internal.LoadContexts      : HHH000100: Fail-safe cleanup (collections) : org.hibernate.engine.loading.internal.CollectionLoadContext@7b59dd0<rs=HikariProxyResultSet@403452240 wrapping rs94: null>
?[0m?[0;34m2023-03-31 16:05:49.075  WARN 29781 --- [nio-8080-exec-3] o.h.e.loading.internal.LoadContexts      : HHH000100: Fail-safe cleanup (collections) : org.hibernate.engine.loading.internal.CollectionLoadContext@f8f5c5b<rs=HikariProxyResultSet@1226926803 wrapping rs237: null>
?[0m?[0;34m2023-03-31 16:05:49.075  WARN 29781 --- [nio-8080-exec-3] o.h.e.loading.internal.LoadContexts      : HHH000100: Fail-safe cleanup (collections) : org.hibernate.engine.loading.internal.CollectionLoadContext@3c79afe5<rs=HikariProxyResultSet@816054229 wrapping rs213: null>
?[0m?[0;34m2023-03-31 16:05:49.075  WARN 29781 --- [nio-8080-exec-3] o.h.e.loading.internal.LoadContexts      : HHH000100: Fail-safe cleanup (collections) : org.hibernate.engine.loading.internal.CollectionLoadContext@6e13abb9<rs=HikariProxyResultSet@1074015447 wrapping rs550: null>
?[0m?[0;34m2023-03-31 16:05:49.075  WARN 29781 --- [nio-8080-exec-3] o.h.e.loading.internal.LoadContexts      : HHH000100: Fail-safe cleanup (collections) : org.hibernate.engine.loading.internal.CollectionLoadContext@4563e0b6<rs=HikariProxyResultSet@1125108830 wrapping rs210: null>
?[0m?[0;34m2023-03-31 16:05:49.075  WARN 29781 --- [nio-8080-exec-3] o.h.e.loading.internal.LoadContexts      : HHH000100: Fail-safe cleanup (collections) : org.hibernate.engine.loading.internal.CollectionLoadContext@307b01c5<rs=HikariProxyResultSet@1848104417 wrapping rs467: null>
?[0m?[0;34m2023-03-31 16:05:49.075  WARN 29781 --- [nio-8080-exec-3] o.h.e.loading.internal.LoadContexts      : HHH000100: Fail-safe cleanup (collections) : org.hibernate.engine.loading.internal.CollectionLoadContext@410c86a8<rs=HikariProxyResultSet@1561342691 wrapping rs460: null>
?[0m?[0;34m2023-03-31 16:05:49.075  WARN 29781 --- [nio-8080-exec-3] o.h.e.loading.internal.LoadContexts      : HHH000100: Fail-safe cleanup (collections) : org.hibernate.engine.loading.internal.CollectionLoadContext@32b1a353<rs=HikariProxyResultSet@779862884 wrapping rs102: null>
?[0m?[0;34m2023-03-31 16:05:49.075  WARN 29781 --- [nio-8080-exec-3] o.h.e.loading.internal.LoadContexts      : HHH000100: Fail-safe cleanup (collections) : org.hibernate.engine.loading.internal.CollectionLoadContext@688d83e3<rs=HikariProxyResultSet@755157860 wrapping rs318: null>
?[0m?[0;34m2023-03-31 16:05:49.075  WARN 29781 --- [nio-8080-exec-3] o.h.e.loading.internal.LoadContexts      : HHH000100: Fail-safe cleanup (collections) : org.hibernate.engine.loading.internal.CollectionLoadContext@10c21e<rs=HikariProxyResultSet@927628519 wrapping rs390: null>
?[0m?[0;34m2023-03-31 16:05:49.075  WARN 29781 --- [nio-8080-exec-3] o.h.e.loading.internal.LoadContexts      : HHH000100: Fail-safe cleanup (collections) : org.hibernate.engine.loading.internal.CollectionLoadContext@250c3d72<rs=HikariProxyResultSet@507692650 wrapping rs306: null>
?[0m?[0;34m2023-03-31 16:05:49.075  WARN 29781 --- [nio-8080-exec-3] o.h.e.loading.internal.LoadContexts      : HHH000100: Fail-safe cleanup (collections) : org.hibernate.engine.loading.internal.CollectionLoadContext@1a98a9bb<rs=HikariProxyResultSet@111828973 wrapping rs215: null>
?[0m?[0;34m2023-03-31 16:05:49.075  WARN 29781 --- [nio-8080-exec-3] o.h.e.loading.internal.LoadContexts      : HHH000100: Fail-safe cleanup (collections) : org.hibernate.engine.loading.internal.CollectionLoadContext@1e8ea390<rs=HikariProxyResultSet@1145073774 wrapping rs520: null>
?[0m?[0;34m2023-03-31 16:05:49.075  WARN 29781 --- [nio-8080-exec-3] o.h.e.loading.internal.LoadContexts      : HHH000100: Fail-safe cleanup (collections) : org.hibernate.engine.loading.internal.CollectionLoadContext@1808826d<rs=HikariProxyResultSet@1041964400 wrapping rs42: null>
?[0m?[0;34m2023-03-31 16:05:49.075  WARN 29781 --- [nio-8080-exec-3] o.h.e.loading.internal.LoadContexts      : HHH000100: Fail-safe cleanup (collections) : org.hibernate.engine.loading.internal.CollectionLoadContext@5cabcbb3<rs=HikariProxyResultSet@111186675 wrapping rs31: null>
?[0m?[0;34m2023-03-31 16:05:49.075  WARN 29781 --- [nio-8080-exec-3] o.h.e.loading.internal.LoadContexts      : HHH000100: Fail-safe cleanup (collections) : org.hibernate.engine.loading.internal.CollectionLoadContext@3a164ec<rs=HikariProxyResultSet@552575989 wrapping rs322: null>
?[0m?[0;34m2023-03-31 16:05:49.075  WARN 29781 --- [nio-8080-exec-3] o.h.e.loading.internal.LoadContexts      : HHH000100: Fail-safe cleanup (collections) : org.hibernate.engine.loading.internal.CollectionLoadContext@68d8c52b<rs=HikariProxyResultSet@1363970295 wrapping rs173: null>
?[0m?[0;34m2023-03-31 16:05:49.075  WARN 29781 --- [nio-8080-exec-3] o.h.e.loading.internal.LoadContexts      : HHH000100: Fail-safe cleanup (collections) : org.hibernate.engine.loading.internal.CollectionLoadContext@349f39b7<rs=HikariProxyResultSet@536189433 wrapping rs418: null>
?[0m?[0;34m2023-03-31 16:05:49.075  WARN 29781 --- [nio-8080-exec-3] o.h.e.loading.internal.LoadContexts      : HHH000100: Fail-safe cleanup (collections) : org.hibernate.engine.loading.internal.CollectionLoadContext@366b9ac4<rs=HikariProxyResultSet@1007536633 wrapping rs455: null>
?[0m?[0;34m2023-03-31 16:05:49.075  WARN 29781 --- [nio-8080-exec-3] o.h.e.loading.internal.LoadContexts      : HHH000100: Fail-safe cleanup (collections) : org.hibernate.engine.loading.internal.CollectionLoadContext@3e651ee1<rs=HikariProxyResultSet@612596862 wrapping rs569: null>
?[0m?[0;34m2023-03-31 16:05:49.075  WARN 29781 --- [nio-8080-exec-3] o.h.e.loading.internal.LoadContexts      : HHH000100: Fail-safe cleanup (collections) : org.hibernate.engine.loading.internal.CollectionLoadContext@103a659b<rs=HikariProxyResultSet@1188913665 wrapping rs84: null>
?[0m?[0;34m2023-03-31 16:05:49.075  WARN 29781 --- [nio-8080-exec-3] o.h.e.loading.internal.LoadContexts      : HHH000100: Fail-safe cleanup (collections) : org.hibernate.engine.loading.internal.CollectionLoadContext@5da5b4aa<rs=HikariProxyResultSet@827894402 wrapping rs395: null>
?[0m?[0;34m2023-03-31 16:05:49.075  WARN 29781 --- [nio-8080-exec-3] o.h.e.loading.internal.LoadContexts      : HHH000100: Fail-safe cleanup (collections) : org.hibernate.engine.loading.internal.CollectionLoadContext@3772a860<rs=HikariProxyResultSet@1557545731 wrapping rs574: null>
?[0m?[0;34m2023-03-31 16:05:49.075  WARN 29781 --- [nio-8080-exec-3] o.h.e.loading.internal.LoadContexts      : HHH000100: Fail-safe cleanup (collections) : org.hibernate.engine.loading.internal.CollectionLoadContext@21763a79<rs=HikariProxyResultSet@1759371140 wrapping rs166: null>
?[0m?[0;34m2023-03-31 16:05:49.075  WARN 29781 --- [nio-8080-exec-3] o.h.e.loading.internal.LoadContexts      : HHH000100: Fail-safe cleanup (collections) : org.hibernate.engine.loading.internal.CollectionLoadContext@62a39571<rs=HikariProxyResultSet@1982875524 wrapping rs426: null>
?[0m?[0;34m2023-03-31 16:05:49.075  WARN 29781 --- [nio-8080-exec-3] o.h.e.loading.internal.LoadContexts      : HHH000100: Fail-safe cleanup (collections) : org.hibernate.engine.loading.internal.CollectionLoadContext@12536d6b<rs=HikariProxyResultSet@1665520903 wrapping rs565: null>
?[0m?[0;34m2023-03-31 16:05:49.075  WARN 29781 --- [nio-8080-exec-3] o.h.e.loading.internal.LoadContexts      : HHH000100: Fail-safe cleanup (collections) : org.hibernate.engine.loading.internal.CollectionLoadContext@3040f6e9<rs=HikariProxyResultSet@405230089 wrapping rs114: null>
?[0m?[0;34m2023-03-31 16:05:49.075  WARN 29781 --- [nio-8080-exec-3] o.h.e.loading.internal.LoadContexts      : HHH000100: Fail-safe cleanup (collections) : org.hibernate.engine.loading.internal.CollectionLoadContext@2075a76a<rs=HikariProxyResultSet@612675597 wrapping rs530: null>
?[0m?[0;34m2023-03-31 16:05:49.075  WARN 29781 --- [nio-8080-exec-3] o.h.e.loading.internal.LoadContexts      : HHH000100: Fail-safe cleanup (collections) : org.hibernate.engine.loading.internal.CollectionLoadContext@5e83a608<rs=HikariProxyResultSet@1243442068 wrapping rs304: null>
?[0m?[0;34m2023-03-31 16:05:49.075  WARN 29781 --- [nio-8080-exec-3] o.h.e.loading.internal.LoadContexts      : HHH000100: Fail-safe cleanup (collections) : org.hibernate.engine.loading.internal.CollectionLoadContext@5732a086<rs=HikariProxyResultSet@925606038 wrapping rs98: null>
?[0m?[0;34m2023-03-31 16:05:49.075  WARN 29781 --- [nio-8080-exec-3] o.h.e.loading.internal.LoadContexts      : HHH000100: Fail-safe cleanup (collections) : org.hibernate.engine.loading.internal.CollectionLoadContext@60f2f337<rs=HikariProxyResultSet@1397689494 wrapping rs134: null>
?[0m?[0;34m2023-03-31 16:05:49.075  WARN 29781 --- [nio-8080-exec-3] o.h.e.loading.internal.LoadContexts      : HHH000100: Fail-safe cleanup (collections) : org.hibernate.engine.loading.internal.CollectionLoadContext@6db156b4<rs=HikariProxyResultSet@909877656 wrapping rs264: null>
?[0m?[0;34m2023-03-31 16:05:49.075  WARN 29781 --- [nio-8080-exec-3] o.h.e.loading.internal.LoadContexts      : HHH000100: Fail-safe cleanup (collections) : org.hibernate.engine.loading.internal.CollectionLoadContext@2e411eec<rs=HikariProxyResultSet@984214041 wrapping rs202: null>
?[0m?[0;34m2023-03-31 16:05:49.075  WARN 29781 --- [nio-8080-exec-3] o.h.e.loading.internal.LoadContexts      : HHH000100: Fail-safe cleanup (collections) : org.hibernate.engine.loading.internal.CollectionLoadContext@6c35ad32<rs=HikariProxyResultSet@461265562 wrapping rs293: null>
?[0m?[0;34m2023-03-31 16:05:49.075  WARN 29781 --- [nio-8080-exec-3] o.h.e.loading.internal.LoadContexts      : HHH000100: Fail-safe cleanup (collections) : org.hibernate.engine.loading.internal.CollectionLoadContext@1b2990c8<rs=HikariProxyResultSet@391317404 wrapping rs270: null>
?[0m?[0;34m2023-03-31 16:05:49.075  WARN 29781 --- [nio-8080-exec-3] o.h.e.loading.internal.LoadContexts      : HHH000100: Fail-safe cleanup (collections) : org.hibernate.engine.loading.internal.CollectionLoadContext@7c4a71ef<rs=HikariProxyResultSet@931510301 wrapping rs415: null>
?[0m?[0;34m2023-03-31 16:05:49.075  WARN 29781 --- [nio-8080-exec-3] o.h.e.loading.internal.LoadContexts      : HHH000100: Fail-safe cleanup (collections) : org.hibernate.engine.loading.internal.CollectionLoadContext@5a5aa6f4<rs=HikariProxyResultSet@349677476 wrapping rs47: null>
?[0m?[0;34m2023-03-31 16:05:49.075  WARN 29781 --- [nio-8080-exec-3] o.h.e.loading.internal.LoadContexts      : HHH000100: Fail-safe cleanup (collections) : org.hibernate.engine.loading.internal.CollectionLoadContext@1b47ccb0<rs=HikariProxyResultSet@1098823717 wrapping rs561: null>
?[0m?[0;34m2023-03-31 16:05:49.075  WARN 29781 --- [nio-8080-exec-3] o.h.e.loading.internal.LoadContexts      : HHH000100: Fail-safe cleanup (collections) : org.hibernate.engine.loading.internal.CollectionLoadContext@4c3fb0c0<rs=HikariProxyResultSet@345424038 wrapping rs123: null>
?[0m?[0;34m2023-03-31 16:05:49.075  WARN 29781 --- [nio-8080-exec-3] o.h.e.loading.internal.LoadContexts      : HHH000100: Fail-safe cleanup (collections) : org.hibernate.engine.loading.internal.CollectionLoadContext@635565a1<rs=HikariProxyResultSet@860127398 wrapping rs345: null>
?[0m?[0;34m2023-03-31 16:05:49.075  WARN 29781 --- [nio-8080-exec-3] o.h.e.loading.internal.LoadContexts      : HHH000100: Fail-safe cleanup (collections) : org.hibernate.engine.loading.internal.CollectionLoadContext@6cb70239<rs=HikariProxyResultSet@171606956 wrapping rs165: null>
?[0m?[0;34m2023-03-31 16:05:49.075  WARN 29781 --- [nio-8080-exec-3] o.h.e.loading.internal.LoadContexts      : HHH000100: Fail-safe cleanup (collections) : org.hibernate.engine.loading.internal.CollectionLoadContext@49b07153<rs=HikariProxyResultSet@1624630317 wrapping rs559: null>
?[0m?[0;34m2023-03-31 16:05:49.075  WARN 29781 --- [nio-8080-exec-3] o.h.e.loading.internal.LoadContexts      : HHH000100: Fail-safe cleanup (collections) : org.hibernate.engine.loading.internal.CollectionLoadContext@78386115<rs=HikariProxyResultSet@20833454 wrapping rs96: null>
?[0m?[0;34m2023-03-31 16:05:49.075  WARN 29781 --- [nio-8080-exec-3] o.h.e.loading.internal.LoadContexts      : HHH000100: Fail-safe cleanup (collections) : org.hibernate.engine.loading.internal.CollectionLoadContext@30886bde<rs=HikariProxyResultSet@1805713582 wrapping rs142: null>
?[0m?[0;34m2023-03-31 16:05:49.075  WARN 29781 --- [nio-8080-exec-3] o.h.e.loading.internal.LoadContexts      : HHH000100: Fail-safe cleanup (collections) : org.hibernate.engine.loading.internal.CollectionLoadContext@647a013c<rs=HikariProxyResultSet@1600693551 wrapping rs432: null>
?[0m?[0;34m2023-03-31 16:05:49.075  WARN 29781 --- [nio-8080-exec-3] o.h.e.loading.internal.LoadContexts      : HHH000100: Fail-safe cleanup (collections) : org.hibernate.engine.loading.internal.CollectionLoadContext@2e0ade09<rs=HikariProxyResultSet@2109395376 wrapping rs470: null>
?[0m?[0;34m2023-03-31 16:05:49.075  WARN 29781 --- [nio-8080-exec-3] o.h.e.loading.internal.LoadContexts      : HHH000100: Fail-safe cleanup (collections) : org.hibernate.engine.loading.internal.CollectionLoadContext@15012214<rs=HikariProxyResultSet@1237014323 wrapping rs405: null>
?[0m?[0;34m2023-03-31 16:05:49.075  WARN 29781 --- [nio-8080-exec-3] o.h.e.loading.internal.LoadContexts      : HHH000100: Fail-safe cleanup (collections) : org.hibernate.engine.loading.internal.CollectionLoadContext@66a46df1<rs=HikariProxyResultSet@1614216116 wrapping rs235: null>
?[0m?[0;34m2023-03-31 16:05:49.075  WARN 29781 --- [nio-8080-exec-3] o.h.e.loading.internal.LoadContexts      : HHH000100: Fail-safe cleanup (collections) : org.hibernate.engine.loading.internal.CollectionLoadContext@5263f3f8<rs=HikariProxyResultSet@1875226419 wrapping rs471: null>
?[0m?[0;34m2023-03-31 16:05:49.076  WARN 29781 --- [nio-8080-exec-3] o.h.e.loading.internal.LoadContexts      : HHH000100: Fail-safe cleanup (collections) : org.hibernate.engine.loading.internal.CollectionLoadContext@2ae1852b<rs=HikariProxyResultSet@712688951 wrapping rs473: null>
?[0m?[0;34m2023-03-31 16:05:49.076  WARN 29781 --- [nio-8080-exec-3] o.h.e.loading.internal.LoadContexts      : HHH000100: Fail-safe cleanup (collections) : org.hibernate.engine.loading.internal.CollectionLoadContext@36ec03e1<rs=HikariProxyResultSet@1747727929 wrapping rs362: null>
?[0m?[0;34m2023-03-31 16:05:49.076  WARN 29781 --- [nio-8080-exec-3] o.h.e.loading.internal.LoadContexts      : HHH000100: Fail-safe cleanup (collections) : org.hibernate.engine.loading.internal.CollectionLoadContext@73623b28<rs=HikariProxyResultSet@406906554 wrapping rs316: null>
?[0m?[0;34m2023-03-31 16:05:49.076  WARN 29781 --- [nio-8080-exec-3] o.h.e.loading.internal.LoadContexts      : HHH000100: Fail-safe cleanup (collections) : org.hibernate.engine.loading.internal.CollectionLoadContext@3e53ea8f<rs=HikariProxyResultSet@63571513 wrapping rs443: null>
?[0m?[0;34m2023-03-31 16:05:49.076  WARN 29781 --- [nio-8080-exec-3] o.h.e.loading.internal.LoadContexts      : HHH000100: Fail-safe cleanup (collections) : org.hibernate.engine.loading.internal.CollectionLoadContext@183df8b3<rs=HikariProxyResultSet@330569023 wrapping rs298: null>
?[0m?[0;34m2023-03-31 16:05:49.076  WARN 29781 --- [nio-8080-exec-3] o.h.e.loading.internal.LoadContexts      : HHH000100: Fail-safe cleanup (collections) : org.hibernate.engine.loading.internal.CollectionLoadContext@4e18135e<rs=HikariProxyResultSet@919375425 wrapping rs424: null>
?[0m?[0;34m2023-03-31 16:05:49.076  WARN 29781 --- [nio-8080-exec-3] o.h.e.loading.internal.LoadContexts      : HHH000100: Fail-safe cleanup (collections) : org.hibernate.engine.loading.internal.CollectionLoadContext@2c41dace<rs=HikariProxyResultSet@524479170 wrapping rs498: null>
?[0m?[0;34m2023-03-31 16:05:49.076  WARN 29781 --- [nio-8080-exec-3] o.h.e.loading.internal.LoadContexts      : HHH000100: Fail-safe cleanup (collections) : org.hibernate.engine.loading.internal.CollectionLoadContext@de75a5b<rs=HikariProxyResultSet@2101316419 wrapping rs419: null>
?[0m?[0;34m2023-03-31 16:05:49.076  WARN 29781 --- [nio-8080-exec-3] o.h.e.loading.internal.LoadContexts      : HHH000100: Fail-safe cleanup (collections) : org.hibernate.engine.loading.internal.CollectionLoadContext@7a68c334<rs=HikariProxyResultSet@65697732 wrapping rs32: null>
?[0m?[0;34m2023-03-31 16:05:49.076  WARN 29781 --- [nio-8080-exec-3] o.h.e.loading.internal.LoadContexts      : HHH000100: Fail-safe cleanup (collections) : org.hibernate.engine.loading.internal.CollectionLoadContext@7464adc4<rs=HikariProxyResultSet@758569924 wrapping rs86: null>
?[0m?[0;34m2023-03-31 16:05:49.076  WARN 29781 --- [nio-8080-exec-3] o.h.e.loading.internal.LoadContexts      : HHH000100: Fail-safe cleanup (collections) : org.hibernate.engine.loading.internal.CollectionLoadContext@56518e2c<rs=HikariProxyResultSet@665374918 wrapping rs328: null>
?[0m?[0;34m2023-03-31 16:05:49.076  WARN 29781 --- [nio-8080-exec-3] o.h.e.loading.internal.LoadContexts      : HHH000100: Fail-safe cleanup (collections) : org.hibernate.engine.loading.internal.CollectionLoadContext@6153333f<rs=HikariProxyResultSet@2053509447 wrapping rs413: null>
?[0m?[0;34m2023-03-31 16:05:49.076  WARN 29781 --- [nio-8080-exec-3] o.h.e.loading.internal.LoadContexts      : HHH000100: Fail-safe cleanup (collections) : org.hibernate.engine.loading.internal.CollectionLoadContext@5d1e2d42<rs=HikariProxyResultSet@516651077 wrapping rs451: null>
?[0m?[0;34m2023-03-31 16:05:49.076  WARN 29781 --- [nio-8080-exec-3] o.h.e.loading.internal.LoadContexts      : HHH000100: Fail-safe cleanup (collections) : org.hibernate.engine.loading.internal.CollectionLoadContext@cc5a1a8<rs=HikariProxyResultSet@1016795721 wrapping rs117: null>
?[0m?[0;34m2023-03-31 16:05:49.076  WARN 29781 --- [nio-8080-exec-3] o.h.e.loading.internal.LoadContexts      : HHH000100: Fail-safe cleanup (collections) : org.hibernate.engine.loading.internal.CollectionLoadContext@563f7ef2<rs=HikariProxyResultSet@840389064 wrapping rs514: null>
?[0m?[0;34m2023-03-31 16:05:49.076  WARN 29781 --- [nio-8080-exec-3] o.h.e.loading.internal.LoadContexts      : HHH000100: Fail-safe cleanup (collections) : org.hibernate.engine.loading.internal.CollectionLoadContext@2e0d75c1<rs=HikariProxyResultSet@23721537 wrapping rs580: null>
?[0m?[0;34m2023-03-31 16:05:49.076  WARN 29781 --- [nio-8080-exec-3] o.h.e.loading.internal.LoadContexts      : HHH000100: Fail-safe cleanup (collections) : org.hibernate.engine.loading.internal.CollectionLoadContext@2d5297f<rs=HikariProxyResultSet@580692940 wrapping rs195: null>
?[0m?[0;34m2023-03-31 16:05:49.076  WARN 29781 --- [nio-8080-exec-3] o.h.e.loading.internal.LoadContexts      : HHH000100: Fail-safe cleanup (collections) : org.hibernate.engine.loading.internal.CollectionLoadContext@23bc006c<rs=HikariProxyResultSet@1416457293 wrapping rs475: null>
?[0m?[0;34m2023-03-31 16:05:49.076  WARN 29781 --- [nio-8080-exec-3] o.h.e.loading.internal.LoadContexts      : HHH000100: Fail-safe cleanup (collections) : org.hibernate.engine.loading.internal.CollectionLoadContext@ed93207<rs=HikariProxyResultSet@1378343376 wrapping rs122: null>
?[0m?[0;34m2023-03-31 16:05:49.076  WARN 29781 --- [nio-8080-exec-3] o.h.e.loading.internal.LoadContexts      : HHH000100: Fail-safe cleanup (collections) : org.hibernate.engine.loading.internal.CollectionLoadContext@4bbfed60<rs=HikariProxyResultSet@1127886288 wrapping rs168: null>
?[0m?[0;34m2023-03-31 16:05:49.076  WARN 29781 --- [nio-8080-exec-3] o.h.e.loading.internal.LoadContexts      : HHH000100: Fail-safe cleanup (collections) : org.hibernate.engine.loading.internal.CollectionLoadContext@608abbb9<rs=HikariProxyResultSet@88747730 wrapping rs180: null>
?[0m?[0;34m2023-03-31 16:05:49.076  WARN 29781 --- [nio-8080-exec-3] o.h.e.loading.internal.LoadContexts      : HHH000100: Fail-safe cleanup (collections) : org.hibernate.engine.loading.internal.CollectionLoadContext@237668a4<rs=HikariProxyResultSet@178149848 wrapping rs187: null>
?[0m?[0;34m2023-03-31 16:05:49.076  WARN 29781 --- [nio-8080-exec-3] o.h.e.loading.internal.LoadContexts      : HHH000100: Fail-safe cleanup (collections) : org.hibernate.engine.loading.internal.CollectionLoadContext@64f82fc7<rs=HikariProxyResultSet@285272536 wrapping rs526: null>
?[0m?[0;34m2023-03-31 16:05:49.076  WARN 29781 --- [nio-8080-exec-3] o.h.e.loading.internal.LoadContexts      : HHH000100: Fail-safe cleanup (collections) : org.hibernate.engine.loading.internal.CollectionLoadContext@50180ad5<rs=HikariProxyResultSet@1256949853 wrapping rs100: null>
?[0m?[0;34m2023-03-31 16:05:49.076  WARN 29781 --- [nio-8080-exec-3] o.h.e.loading.internal.LoadContexts      : HHH000100: Fail-safe cleanup (collections) : org.hibernate.engine.loading.internal.CollectionLoadContext@657a341c<rs=HikariProxyResultSet@1817281758 wrapping rs139: null>
?[0m?[0;34m2023-03-31 16:05:49.076  WARN 29781 --- [nio-8080-exec-3] o.h.e.loading.internal.LoadContexts      : HHH000100: Fail-safe cleanup (collections) : org.hibernate.engine.loading.internal.CollectionLoadContext@75d9535f<rs=HikariProxyResultSet@764475485 wrapping rs218: null>
?[0m?[0;34m2023-03-31 16:05:49.076  WARN 29781 --- [nio-8080-exec-3] o.h.e.loading.internal.LoadContexts      : HHH000100: Fail-safe cleanup (collections) : org.hibernate.engine.loading.internal.CollectionLoadContext@507acc34<rs=HikariProxyResultSet@999040480 wrapping rs416: null>
?[0m?[0;34m2023-03-31 16:05:49.076  WARN 29781 --- [nio-8080-exec-3] o.h.e.loading.internal.LoadContexts      : HHH000100: Fail-safe cleanup (collections) : org.hibernate.engine.loading.internal.CollectionLoadContext@40242a4c<rs=HikariProxyResultSet@237846879 wrapping rs436: null>
?[0m?[0;34m2023-03-31 16:05:49.076  WARN 29781 --- [nio-8080-exec-3] o.h.e.loading.internal.LoadContexts      : HHH000100: Fail-safe cleanup (collections) : org.hibernate.engine.loading.internal.CollectionLoadContext@74ca2c80<rs=HikariProxyResultSet@635156452 wrapping rs152: null>
?[0m?[0;34m2023-03-31 16:05:49.076  WARN 29781 --- [nio-8080-exec-3] o.h.e.loading.internal.LoadContexts      : HHH000100: Fail-safe cleanup (collections) : org.hibernate.engine.loading.internal.CollectionLoadContext@4b36caed<rs=HikariProxyResultSet@1929616485 wrapping rs359: null>
?[0m?[0;34m2023-03-31 16:05:49.076  WARN 29781 --- [nio-8080-exec-3] o.h.e.loading.internal.LoadContexts      : HHH000100: Fail-safe cleanup (collections) : org.hibernate.engine.loading.internal.CollectionLoadContext@4daba4d3<rs=HikariProxyResultSet@1976251622 wrapping rs136: null>
?[0m?[0;34m2023-03-31 16:05:49.076  WARN 29781 --- [nio-8080-exec-3] o.h.e.loading.internal.LoadContexts      : HHH000100: Fail-safe cleanup (collections) : org.hibernate.engine.loading.internal.CollectionLoadContext@2cbc9160<rs=HikariProxyResultSet@509166822 wrapping rs385: null>
?[0m?[0;34m2023-03-31 16:05:49.076  WARN 29781 --- [nio-8080-exec-3] o.h.e.loading.internal.LoadContexts      : HHH000100: Fail-safe cleanup (collections) : org.hibernate.engine.loading.internal.CollectionLoadContext@937165b<rs=HikariProxyResultSet@676103656 wrapping rs220: null>
?[0m?[0;34m2023-03-31 16:05:49.076  WARN 29781 --- [nio-8080-exec-3] o.h.e.loading.internal.LoadContexts      : HHH000100: Fail-safe cleanup (collections) : org.hibernate.engine.loading.internal.CollectionLoadContext@742bd432<rs=HikariProxyResultSet@2115461221 wrapping rs393: null>
?[0m?[0;34m2023-03-31 16:05:49.076  WARN 29781 --- [nio-8080-exec-3] o.h.e.loading.internal.LoadContexts      : HHH000100: Fail-safe cleanup (collections) : org.hibernate.engine.loading.internal.CollectionLoadContext@64b66b58<rs=HikariProxyResultSet@1353011559 wrapping rs414: null>
?[0m?[0;34m2023-03-31 16:05:49.076  WARN 29781 --- [nio-8080-exec-3] o.h.e.loading.internal.LoadContexts      : HHH000100: Fail-safe cleanup (collections) : org.hibernate.engine.loading.internal.CollectionLoadContext@2c49c13f<rs=HikariProxyResultSet@1061406571 wrapping rs483: null>
?[0m?[0;34m2023-03-31 16:05:49.076  WARN 29781 --- [nio-8080-exec-3] o.h.e.loading.internal.LoadContexts      : HHH000100: Fail-safe cleanup (collections) : org.hibernate.engine.loading.internal.CollectionLoadContext@1d7d9f23<rs=HikariProxyResultSet@1892513643 wrapping rs524: null>
?[0m?[0;34m2023-03-31 16:05:49.076  WARN 29781 --- [nio-8080-exec-3] o.h.e.loading.internal.LoadContexts      : HHH000100: Fail-safe cleanup (collections) : org.hibernate.engine.loading.internal.CollectionLoadContext@37dd52fa<rs=HikariProxyResultSet@116360301 wrapping rs425: null>
?[0m?[0;34m2023-03-31 16:05:49.076  WARN 29781 --- [nio-8080-exec-3] o.h.e.loading.internal.LoadContexts      : HHH000100: Fail-safe cleanup (collections) : org.hibernate.engine.loading.internal.CollectionLoadContext@60e613f2<rs=HikariProxyResultSet@1641237742 wrapping rs35: null>
?[0m?[0;34m2023-03-31 16:05:49.076  WARN 29781 --- [nio-8080-exec-3] o.h.e.loading.internal.LoadContexts      : HHH000100: Fail-safe cleanup (collections) : org.hibernate.engine.loading.internal.CollectionLoadContext@24476e8<rs=HikariProxyResultSet@502105326 wrapping rs191: null>
?[0m?[0;34m2023-03-31 16:05:49.077  WARN 29781 --- [nio-8080-exec-3] o.h.e.loading.internal.LoadContexts      : HHH000100: Fail-safe cleanup (collections) : org.hibernate.engine.loading.internal.CollectionLoadContext@73317504<rs=HikariProxyResultSet@433038445 wrapping rs502: null>
?[0m?[0;34m2023-03-31 16:05:49.077  WARN 29781 --- [nio-8080-exec-3] o.h.e.loading.internal.LoadContexts      : HHH000100: Fail-safe cleanup (collections) : org.hibernate.engine.loading.internal.CollectionLoadContext@2ea6a31a<rs=HikariProxyResultSet@1291250289 wrapping rs469: null>
?[0m?[0;34m2023-03-31 16:05:49.077  WARN 29781 --- [nio-8080-exec-3] o.h.e.loading.internal.LoadContexts      : HHH000100: Fail-safe cleanup (collections) : org.hibernate.engine.loading.internal.CollectionLoadContext@7e0f5cbf<rs=HikariProxyResultSet@1890009842 wrapping rs129: null>
?[0m?[0;34m2023-03-31 16:05:49.077  WARN 29781 --- [nio-8080-exec-3] o.h.e.loading.internal.LoadContexts      : HHH000100: Fail-safe cleanup (collections) : org.hibernate.engine.loading.internal.CollectionLoadContext@5fdd86a0<rs=HikariProxyResultSet@682120051 wrapping rs241: null>
?[0m?[0;34m2023-03-31 16:05:49.077  WARN 29781 --- [nio-8080-exec-3] o.h.e.loading.internal.LoadContexts      : HHH000100: Fail-safe cleanup (collections) : org.hibernate.engine.loading.internal.CollectionLoadContext@273c510a<rs=HikariProxyResultSet@2117308275 wrapping rs421: null>
?[0m?[0;34m2023-03-31 16:05:49.077  WARN 29781 --- [nio-8080-exec-3] o.h.e.loading.internal.LoadContexts      : HHH000100: Fail-safe cleanup (collections) : org.hibernate.engine.loading.internal.CollectionLoadContext@3c998884<rs=HikariProxyResultSet@338168804 wrapping rs567: null>
?[0m?[0;34m2023-03-31 16:05:49.077  WARN 29781 --- [nio-8080-exec-3] o.h.e.loading.internal.LoadContexts      : HHH000100: Fail-safe cleanup (collections) : org.hibernate.engine.loading.internal.CollectionLoadContext@38f7d10c<rs=HikariProxyResultSet@413402874 wrapping rs144: null>
?[0m?[0;34m2023-03-31 16:05:49.077  WARN 29781 --- [nio-8080-exec-3] o.h.e.loading.internal.LoadContexts      : HHH000100: Fail-safe cleanup (collections) : org.hibernate.engine.loading.internal.CollectionLoadContext@b2cb834<rs=HikariProxyResultSet@834107259 wrapping rs50: null>
?[0m?[0;34m2023-03-31 16:05:49.077  WARN 29781 --- [nio-8080-exec-3] o.h.e.loading.internal.LoadContexts      : HHH000100: Fail-safe cleanup (collections) : org.hibernate.engine.loading.internal.CollectionLoadContext@4edd0c5a<rs=HikariProxyResultSet@1337064186 wrapping rs225: null>
?[0m?[0;34m2023-03-31 16:05:49.077  WARN 29781 --- [nio-8080-exec-3] o.h.e.loading.internal.LoadContexts      : HHH000100: Fail-safe cleanup (collections) : org.hibernate.engine.loading.internal.CollectionLoadContext@3e7070ad<rs=HikariProxyResultSet@504747262 wrapping rs505: null>
?[0m?[0;34m2023-03-31 16:05:49.077  WARN 29781 --- [nio-8080-exec-3] o.h.e.loading.internal.LoadContexts      : HHH000100: Fail-safe cleanup (collections) : org.hibernate.engine.loading.internal.CollectionLoadContext@3889b9de<rs=HikariProxyResultSet@840123396 wrapping rs566: null>
?[0m?[0;34m2023-03-31 16:05:49.077  WARN 29781 --- [nio-8080-exec-3] o.h.e.loading.internal.LoadContexts      : HHH000100: Fail-safe cleanup (collections) : org.hibernate.engine.loading.internal.CollectionLoadContext@560a5be3<rs=HikariProxyResultSet@684985735 wrapping rs412: null>
?[0m?[0;34m2023-03-31 16:05:49.077  WARN 29781 --- [nio-8080-exec-3] o.h.e.loading.internal.LoadContexts      : HHH000100: Fail-safe cleanup (collections) : org.hibernate.engine.loading.internal.CollectionLoadContext@701322a4<rs=HikariProxyResultSet@1390012936 wrapping rs229: null>
?[0m?[0;34m2023-03-31 16:05:49.077  WARN 29781 --- [nio-8080-exec-3] o.h.e.loading.internal.LoadContexts      : HHH000100: Fail-safe cleanup (collections) : org.hibernate.engine.loading.internal.CollectionLoadContext@4d5bc113<rs=HikariProxyResultSet@113740425 wrapping rs422: null>
?[0m?[0;34m2023-03-31 16:05:49.077  WARN 29781 --- [nio-8080-exec-3] o.h.e.loading.internal.LoadContexts      : HHH000100: Fail-safe cleanup (collections) : org.hibernate.engine.loading.internal.CollectionLoadContext@38e9d62f<rs=HikariProxyResultSet@203527946 wrapping rs329: null>
?[0m?[0;34m2023-03-31 16:05:49.077  WARN 29781 --- [nio-8080-exec-3] o.h.e.loading.internal.LoadContexts      : HHH000100: Fail-safe cleanup (collections) : org.hibernate.engine.loading.internal.CollectionLoadContext@3cb84792<rs=HikariProxyResultSet@1035715596 wrapping rs33: null>
?[0m?[0;34m2023-03-31 16:05:49.077  WARN 29781 --- [nio-8080-exec-3] o.h.e.loading.internal.LoadContexts      : HHH000100: Fail-safe cleanup (collections) : org.hibernate.engine.loading.internal.CollectionLoadContext@555754a3<rs=HikariProxyResultSet@239569932 wrapping rs321: null>
?[0m?[0;34m2023-03-31 16:05:49.077  WARN 29781 --- [nio-8080-exec-3] o.h.e.loading.internal.LoadContexts      : HHH000100: Fail-safe cleanup (collections) : org.hibernate.engine.loading.internal.CollectionLoadContext@46175443<rs=HikariProxyResultSet@753958029 wrapping rs346: null>
?[0m?[0;34m2023-03-31 16:05:49.077  WARN 29781 --- [nio-8080-exec-3] o.h.e.loading.internal.LoadContexts      : HHH000100: Fail-safe cleanup (collections) : org.hibernate.engine.loading.internal.CollectionLoadContext@3039aa00<rs=HikariProxyResultSet@1922981263 wrapping rs219: null>
?[0m?[0;34m2023-03-31 16:05:49.077  WARN 29781 --- [nio-8080-exec-3] o.h.e.loading.internal.LoadContexts      : HHH000100: Fail-safe cleanup (collections) : org.hibernate.engine.loading.internal.CollectionLoadContext@4ec3ff42<rs=HikariProxyResultSet@1128970639 wrapping rs246: null>
?[0m?[0;34m2023-03-31 16:05:49.077  WARN 29781 --- [nio-8080-exec-3] o.h.e.loading.internal.LoadContexts      : HHH000100: Fail-safe cleanup (collections) : org.hibernate.engine.loading.internal.CollectionLoadContext@21de4875<rs=HikariProxyResultSet@1574121105 wrapping rs349: null>
?[0m?[0;34m2023-03-31 16:05:49.077  WARN 29781 --- [nio-8080-exec-3] o.h.e.loading.internal.LoadContexts      : HHH000100: Fail-safe cleanup (collections) : org.hibernate.engine.loading.internal.CollectionLoadContext@5d97a541<rs=HikariProxyResultSet@1039778062 wrapping rs371: null>
?[0m?[0;34m2023-03-31 16:05:49.077  WARN 29781 --- [nio-8080-exec-3] o.h.e.loading.internal.LoadContexts      : HHH000100: Fail-safe cleanup (collections) : org.hibernate.engine.loading.internal.CollectionLoadContext@20036d59<rs=HikariProxyResultSet@596930451 wrapping rs185: null>
?[0m?[0;34m2023-03-31 16:05:49.077  WARN 29781 --- [nio-8080-exec-3] o.h.e.loading.internal.LoadContexts      : HHH000100: Fail-safe cleanup (collections) : org.hibernate.engine.loading.internal.CollectionLoadContext@716baff4<rs=HikariProxyResultSet@1166023055 wrapping rs428: null>
?[0m?[0;34m2023-03-31 16:05:49.077  WARN 29781 --- [nio-8080-exec-3] o.h.e.loading.internal.LoadContexts      : HHH000100: Fail-safe cleanup (collections) : org.hibernate.engine.loading.internal.CollectionLoadContext@22a5cc4c<rs=HikariProxyResultSet@1902936076 wrapping rs529: null>
?[0m?[0;34m2023-03-31 16:05:49.077  WARN 29781 --- [nio-8080-exec-3] o.h.e.loading.internal.LoadContexts      : HHH000100: Fail-safe cleanup (collections) : org.hibernate.engine.loading.internal.CollectionLoadContext@42f8c8f4<rs=HikariProxyResultSet@407984406 wrapping rs226: null>
?[0m?[0;34m2023-03-31 16:05:49.077  WARN 29781 --- [nio-8080-exec-3] o.h.e.loading.internal.LoadContexts      : HHH000100: Fail-safe cleanup (collections) : org.hibernate.engine.loading.internal.CollectionLoadContext@792a0c57<rs=HikariProxyResultSet@20867479 wrapping rs484: null>
?[0m?[0;34m2023-03-31 16:05:49.077  WARN 29781 --- [nio-8080-exec-3] o.h.e.loading.internal.LoadContexts      : HHH000100: Fail-safe cleanup (collections) : org.hibernate.engine.loading.internal.CollectionLoadContext@55920889<rs=HikariProxyResultSet@2136367640 wrapping rs70: null>
?[0m?[0;34m2023-03-31 16:05:49.077  WARN 29781 --- [nio-8080-exec-3] o.h.e.loading.internal.LoadContexts      : HHH000100: Fail-safe cleanup (collections) : org.hibernate.engine.loading.internal.CollectionLoadContext@59d969db<rs=HikariProxyResultSet@1191682455 wrapping rs541: null>
?[0m?[0;34m2023-03-31 16:05:49.077  WARN 29781 --- [nio-8080-exec-3] o.h.e.loading.internal.LoadContexts      : HHH000100: Fail-safe cleanup (collections) : org.hibernate.engine.loading.internal.CollectionLoadContext@5de2a57c<rs=HikariProxyResultSet@1283986331 wrapping rs453: null>
?[0m?[0;34m2023-03-31 16:05:49.077  WARN 29781 --- [nio-8080-exec-3] o.h.e.loading.internal.LoadContexts      : HHH000100: Fail-safe cleanup (collections) : org.hibernate.engine.loading.internal.CollectionLoadContext@74035223<rs=HikariProxyResultSet@746321182 wrapping rs266: null>
?[0m?[0;34m2023-03-31 16:05:49.077  WARN 29781 --- [nio-8080-exec-3] o.h.e.loading.internal.LoadContexts      : HHH000100: Fail-safe cleanup (collections) : org.hibernate.engine.loading.internal.CollectionLoadContext@3110da6a<rs=HikariProxyResultSet@331126433 wrapping rs146: null>
?[0m?[0;34m2023-03-31 16:05:49.077  WARN 29781 --- [nio-8080-exec-3] o.h.e.loading.internal.LoadContexts      : HHH000100: Fail-safe cleanup (collections) : org.hibernate.engine.loading.internal.CollectionLoadContext@2395fa22<rs=HikariProxyResultSet@169840418 wrapping rs194: null>
?[0m?[0;34m2023-03-31 16:05:49.077  WARN 29781 --- [nio-8080-exec-3] o.h.e.loading.internal.LoadContexts      : HHH000100: Fail-safe cleanup (collections) : org.hibernate.engine.loading.internal.CollectionLoadContext@6b147269<rs=HikariProxyResultSet@883197730 wrapping rs207: null>
?[0m?[0;34m2023-03-31 16:05:49.077  WARN 29781 --- [nio-8080-exec-3] o.h.e.loading.internal.LoadContexts      : HHH000100: Fail-safe cleanup (collections) : org.hibernate.engine.loading.internal.CollectionLoadContext@568a762<rs=HikariProxyResultSet@629092009 wrapping rs462: null>
?[0m?[0;34m2023-03-31 16:05:49.077  WARN 29781 --- [nio-8080-exec-3] o.h.e.loading.internal.LoadContexts      : HHH000100: Fail-safe cleanup (collections) : org.hibernate.engine.loading.internal.CollectionLoadContext@321cfe2f<rs=HikariProxyResultSet@1662980906 wrapping rs352: null>
?[0m?[0;34m2023-03-31 16:05:49.077  WARN 29781 --- [nio-8080-exec-3] o.h.e.loading.internal.LoadContexts      : HHH000100: Fail-safe cleanup (collections) : org.hibernate.engine.loading.internal.CollectionLoadContext@3ed456a4<rs=HikariProxyResultSet@1474490154 wrapping rs399: null>
?[0m?[0;34m2023-03-31 16:05:49.077  WARN 29781 --- [nio-8080-exec-3] o.h.e.loading.internal.LoadContexts      : HHH000100: Fail-safe cleanup (collections) : org.hibernate.engine.loading.internal.CollectionLoadContext@769bfc2d<rs=HikariProxyResultSet@1763425324 wrapping rs153: null>
?[0m?[0;34m2023-03-31 16:05:49.077  WARN 29781 --- [nio-8080-exec-3] o.h.e.loading.internal.LoadContexts      : HHH000100: Fail-safe cleanup (collections) : org.hibernate.engine.loading.internal.CollectionLoadContext@3608162b<rs=HikariProxyResultSet@669099052 wrapping rs291: null>
?[0m?[0;34m2023-03-31 16:05:49.077  WARN 29781 --- [nio-8080-exec-3] o.h.e.loading.internal.LoadContexts      : HHH000100: Fail-safe cleanup (collections) : org.hibernate.engine.loading.internal.CollectionLoadContext@63306b43<rs=HikariProxyResultSet@1805855659 wrapping rs420: null>
?[0m?[0;34m2023-03-31 16:05:49.077  WARN 29781 --- [nio-8080-exec-3] o.h.e.loading.internal.LoadContexts      : HHH000100: Fail-safe cleanup (collections) : org.hibernate.engine.loading.internal.CollectionLoadContext@7f4d70f7<rs=HikariProxyResultSet@892682921 wrapping rs463: null>
?[0m?[0;34m2023-03-31 16:05:49.077  WARN 29781 --- [nio-8080-exec-3] o.h.e.loading.internal.LoadContexts      : HHH000100: Fail-safe cleanup (collections) : org.hibernate.engine.loading.internal.CollectionLoadContext@569e91a7<rs=HikariProxyResultSet@1260996402 wrapping rs252: null>
?[0m?[0;34m2023-03-31 16:05:49.077  WARN 29781 --- [nio-8080-exec-3] o.h.e.loading.internal.LoadContexts      : HHH000100: Fail-safe cleanup (collections) : org.hibernate.engine.loading.internal.CollectionLoadContext@20d17c11<rs=HikariProxyResultSet@1810937142 wrapping rs170: null>
?[0m?[0;34m2023-03-31 16:05:49.077  WARN 29781 --- [nio-8080-exec-3] o.h.e.loading.internal.LoadContexts      : HHH000100: Fail-safe cleanup (collections) : org.hibernate.engine.loading.internal.CollectionLoadContext@405b613b<rs=HikariProxyResultSet@905797047 wrapping rs40: null>
?[0m?[0;34m2023-03-31 16:05:49.077  WARN 29781 --- [nio-8080-exec-3] o.h.e.loading.internal.LoadContexts      : HHH000100: Fail-safe cleanup (collections) : org.hibernate.engine.loading.internal.CollectionLoadContext@54857b0f<rs=HikariProxyResultSet@1430547000 wrapping rs476: null>
?[0m?[0;34m2023-03-31 16:05:49.077  WARN 29781 --- [nio-8080-exec-3] o.h.e.loading.internal.LoadContexts      : HHH000100: Fail-safe cleanup (collections) : org.hibernate.engine.loading.internal.CollectionLoadContext@76b4db91<rs=HikariProxyResultSet@428055225 wrapping rs39: null>
?[0m?[0;34m2023-03-31 16:05:49.078  WARN 29781 --- [nio-8080-exec-3] o.h.e.loading.internal.LoadContexts      : HHH000100: Fail-safe cleanup (collections) : org.hibernate.engine.loading.internal.CollectionLoadContext@5d2e00a2<rs=HikariProxyResultSet@772117435 wrapping rs381: null>
?[0m?[0;34m2023-03-31 16:05:49.078  WARN 29781 --- [nio-8080-exec-3] o.h.e.loading.internal.LoadContexts      : HHH000100: Fail-safe cleanup (collections) : org.hibernate.engine.loading.internal.CollectionLoadContext@4667e085<rs=HikariProxyResultSet@608442557 wrapping rs250: null>
?[0m?[0;34m2023-03-31 16:05:49.078  WARN 29781 --- [nio-8080-exec-3] o.h.e.loading.internal.LoadContexts      : HHH000100: Fail-safe cleanup (collections) : org.hibernate.engine.loading.internal.CollectionLoadContext@39c5b645<rs=HikariProxyResultSet@1057095998 wrapping rs126: null>
?[0m?[0;34m2023-03-31 16:05:49.078  WARN 29781 --- [nio-8080-exec-3] o.h.e.loading.internal.LoadContexts      : HHH000100: Fail-safe cleanup (collections) : org.hibernate.engine.loading.internal.CollectionLoadContext@69fd9abf<rs=HikariProxyResultSet@1626959166 wrapping rs183: null>
?[0m?[0;34m2023-03-31 16:05:49.078  WARN 29781 --- [nio-8080-exec-3] o.h.e.loading.internal.LoadContexts      : HHH000100: Fail-safe cleanup (collections) : org.hibernate.engine.loading.internal.CollectionLoadContext@44fbbc32<rs=HikariProxyResultSet@649908929 wrapping rs495: null>
?[0m?[0;34m2023-03-31 16:05:49.078  WARN 29781 --- [nio-8080-exec-3] o.h.e.loading.internal.LoadContexts      : HHH000100: Fail-safe cleanup (collections) : org.hibernate.engine.loading.internal.CollectionLoadContext@3de10fe0<rs=HikariProxyResultSet@1784058819 wrapping rs243: null>
?[0m?[0;34m2023-03-31 16:05:49.078  WARN 29781 --- [nio-8080-exec-3] o.h.e.loading.internal.LoadContexts      : HHH000100: Fail-safe cleanup (collections) : org.hibernate.engine.loading.internal.CollectionLoadContext@2902f187<rs=HikariProxyResultSet@576234435 wrapping rs335: null>
?[0m?[0;34m2023-03-31 16:05:49.078  WARN 29781 --- [nio-8080-exec-3] o.h.e.loading.internal.LoadContexts      : HHH000100: Fail-safe cleanup (collections) : org.hibernate.engine.loading.internal.CollectionLoadContext@2c2fbe7a<rs=HikariProxyResultSet@1956353092 wrapping rs438: null>
?[0m?[0;34m2023-03-31 16:05:49.078  WARN 29781 --- [nio-8080-exec-3] o.h.e.loading.internal.LoadContexts      : HHH000100: Fail-safe cleanup (collections) : org.hibernate.engine.loading.internal.CollectionLoadContext@352c8de1<rs=HikariProxyResultSet@625599814 wrapping rs205: null>
?[0m?[0;34m2023-03-31 16:05:49.078  WARN 29781 --- [nio-8080-exec-3] o.h.e.loading.internal.LoadContexts      : HHH000100: Fail-safe cleanup (collections) : org.hibernate.engine.loading.internal.CollectionLoadContext@71aab<rs=HikariProxyResultSet@1436381639 wrapping rs394: null>
?[0m?[0;34m2023-03-31 16:05:49.078  WARN 29781 --- [nio-8080-exec-3] o.h.e.loading.internal.LoadContexts      : HHH000100: Fail-safe cleanup (collections) : org.hibernate.engine.loading.internal.CollectionLoadContext@3eb74de5<rs=HikariProxyResultSet@1209566792 wrapping rs296: null>
?[0m?[0;34m2023-03-31 16:05:49.078  WARN 29781 --- [nio-8080-exec-3] o.h.e.loading.internal.LoadContexts      : HHH000100: Fail-safe cleanup (collections) : org.hibernate.engine.loading.internal.CollectionLoadContext@6f3ae827<rs=HikariProxyResultSet@512948937 wrapping rs300: null>
?[0m?[0;34m2023-03-31 16:05:49.078  WARN 29781 --- [nio-8080-exec-3] o.h.e.loading.internal.LoadContexts      : HHH000100: Fail-safe cleanup (collections) : org.hibernate.engine.loading.internal.CollectionLoadContext@3e2833a4<rs=HikariProxyResultSet@406619212 wrapping rs62: null>
?[0m?[0;34m2023-03-31 16:05:49.078  WARN 29781 --- [nio-8080-exec-3] o.h.e.loading.internal.LoadContexts      : HHH000100: Fail-safe cleanup (collections) : org.hibernate.engine.loading.internal.CollectionLoadContext@642b488<rs=HikariProxyResultSet@1204354769 wrapping rs493: null>
?[0m?[0;34m2023-03-31 16:05:49.078  WARN 29781 --- [nio-8080-exec-3] o.h.e.loading.internal.LoadContexts      : HHH000100: Fail-safe cleanup (collections) : org.hibernate.engine.loading.internal.CollectionLoadContext@29e09c0<rs=HikariProxyResultSet@242898004 wrapping rs154: null>
?[0m?[0;34m2023-03-31 16:05:49.078  WARN 29781 --- [nio-8080-exec-3] o.h.e.loading.internal.LoadContexts      : HHH000100: Fail-safe cleanup (collections) : org.hibernate.engine.loading.internal.CollectionLoadContext@3adda264<rs=HikariProxyResultSet@577770580 wrapping rs251: null>
?[0m?[0;34m2023-03-31 16:05:49.078  WARN 29781 --- [nio-8080-exec-3] o.h.e.loading.internal.LoadContexts      : HHH000100: Fail-safe cleanup (collections) : org.hibernate.engine.loading.internal.CollectionLoadContext@45970388<rs=HikariProxyResultSet@685155799 wrapping rs361: null>
?[0m?[0;34m2023-03-31 16:05:49.078  WARN 29781 --- [nio-8080-exec-3] o.h.e.loading.internal.LoadContexts      : HHH000100: Fail-safe cleanup (collections) : org.hibernate.engine.loading.internal.CollectionLoadContext@56620946<rs=HikariProxyResultSet@1347975768 wrapping rs182: null>
?[0m?[0;34m2023-03-31 16:05:49.078  WARN 29781 --- [nio-8080-exec-3] o.h.e.loading.internal.LoadContexts      : HHH000100: Fail-safe cleanup (collections) : org.hibernate.engine.loading.internal.CollectionLoadContext@2440ca43<rs=HikariProxyResultSet@2083106521 wrapping rs198: null>
?[0m?[0;34m2023-03-31 16:05:49.078  WARN 29781 --- [nio-8080-exec-3] o.h.e.loading.internal.LoadContexts      : HHH000100: Fail-safe cleanup (collections) : org.hibernate.engine.loading.internal.CollectionLoadContext@7359822d<rs=HikariProxyResultSet@2128246618 wrapping rs178: null>
?[0m?[0;34m2023-03-31 16:05:49.078  WARN 29781 --- [nio-8080-exec-3] o.h.e.loading.internal.LoadContexts      : HHH000100: Fail-safe cleanup (collections) : org.hibernate.engine.loading.internal.CollectionLoadContext@eaf548d<rs=HikariProxyResultSet@1082953562 wrapping rs343: null>
?[0m?[0;34m2023-03-31 16:05:49.078  WARN 29781 --- [nio-8080-exec-3] o.h.e.loading.internal.LoadContexts      : HHH000100: Fail-safe cleanup (collections) : org.hibernate.engine.loading.internal.CollectionLoadContext@48415427<rs=HikariProxyResultSet@1106881241 wrapping rs513: null>
?[0m?[0;34m2023-03-31 16:05:49.078  WARN 29781 --- [nio-8080-exec-3] o.h.e.loading.internal.LoadContexts      : HHH000100: Fail-safe cleanup (collections) : org.hibernate.engine.loading.internal.CollectionLoadContext@6a719dbe<rs=HikariProxyResultSet@535170269 wrapping rs516: null>
?[0m?[0;34m2023-03-31 16:05:49.078  WARN 29781 --- [nio-8080-exec-3] o.h.e.loading.internal.LoadContexts      : HHH000100: Fail-safe cleanup (collections) : org.hibernate.engine.loading.internal.CollectionLoadContext@55063237<rs=HikariProxyResultSet@808446302 wrapping rs158: null>
?[0m?[0;34m2023-03-31 16:05:49.078  WARN 29781 --- [nio-8080-exec-3] o.h.e.loading.internal.LoadContexts      : HHH000100: Fail-safe cleanup (collections) : org.hibernate.engine.loading.internal.CollectionLoadContext@21f90f26<rs=HikariProxyResultSet@597332318 wrapping rs382: null>
?[0m?[0;34m2023-03-31 16:05:49.078  WARN 29781 --- [nio-8080-exec-3] o.h.e.loading.internal.LoadContexts      : HHH000100: Fail-safe cleanup (collections) : org.hibernate.engine.loading.internal.CollectionLoadContext@635b9752<rs=HikariProxyResultSet@799045216 wrapping rs222: null>
?[0m?[0;34m2023-03-31 16:05:49.078  WARN 29781 --- [nio-8080-exec-3] o.h.e.loading.internal.LoadContexts      : HHH000100: Fail-safe cleanup (collections) : org.hibernate.engine.loading.internal.CollectionLoadContext@5217aea<rs=HikariProxyResultSet@87870177 wrapping rs174: null>
?[0m?[0;34m2023-03-31 16:05:49.078  WARN 29781 --- [nio-8080-exec-3] o.h.e.loading.internal.LoadContexts      : HHH000100: Fail-safe cleanup (collections) : org.hibernate.engine.loading.internal.CollectionLoadContext@61d267f3<rs=HikariProxyResultSet@905644898 wrapping rs49: null>
?[0m?[0;34m2023-03-31 16:05:49.078  WARN 29781 --- [nio-8080-exec-3] o.h.e.loading.internal.LoadContexts      : HHH000100: Fail-safe cleanup (collections) : org.hibernate.engine.loading.internal.CollectionLoadContext@83bd4d0<rs=HikariProxyResultSet@1637676898 wrapping rs80: null>
?[0m?[0;34m2023-03-31 16:05:49.078  WARN 29781 --- [nio-8080-exec-3] o.h.e.loading.internal.LoadContexts      : HHH000100: Fail-safe cleanup (collections) : org.hibernate.engine.loading.internal.CollectionLoadContext@37e53382<rs=HikariProxyResultSet@555314276 wrapping rs452: null>
?[0m?[0;34m2023-03-31 16:05:49.078  WARN 29781 --- [nio-8080-exec-3] o.h.e.loading.internal.LoadContexts      : HHH000100: Fail-safe cleanup (collections) : org.hibernate.engine.loading.internal.CollectionLoadContext@391de9be<rs=HikariProxyResultSet@1452337639 wrapping rs570: null>
?[0m?[0;34m2023-03-31 16:05:49.078  WARN 29781 --- [nio-8080-exec-3] o.h.e.loading.internal.LoadContexts      : HHH000100: Fail-safe cleanup (collections) : org.hibernate.engine.loading.internal.CollectionLoadContext@4b02fc91<rs=HikariProxyResultSet@455898728 wrapping rs366: null>
?[0m?[0;34m2023-03-31 16:05:49.078  WARN 29781 --- [nio-8080-exec-3] o.h.e.loading.internal.LoadContexts      : HHH000100: Fail-safe cleanup (collections) : org.hibernate.engine.loading.internal.CollectionLoadContext@1d492c75<rs=HikariProxyResultSet@863916019 wrapping rs337: null>
?[0m?[0;34m2023-03-31 16:05:49.078  WARN 29781 --- [nio-8080-exec-3] o.h.e.loading.internal.LoadContexts      : HHH000100: Fail-safe cleanup (collections) : org.hibernate.engine.loading.internal.CollectionLoadContext@32e757d<rs=HikariProxyResultSet@1201705076 wrapping rs221: null>
?[0m?[0;34m2023-03-31 16:05:49.078  WARN 29781 --- [nio-8080-exec-3] o.h.e.loading.internal.LoadContexts      : HHH000100: Fail-safe cleanup (collections) : org.hibernate.engine.loading.internal.CollectionLoadContext@55a83cbf<rs=HikariProxyResultSet@1588140277 wrapping rs331: null>
?[0m?[0;34m2023-03-31 16:05:49.078  WARN 29781 --- [nio-8080-exec-3] o.h.e.loading.internal.LoadContexts      : HHH000100: Fail-safe cleanup (collections) : org.hibernate.engine.loading.internal.CollectionLoadContext@992b4ef<rs=HikariProxyResultSet@1866706681 wrapping rs358: null>
?[0m?[0;34m2023-03-31 16:05:49.078  WARN 29781 --- [nio-8080-exec-3] o.h.e.loading.internal.LoadContexts      : HHH000100: Fail-safe cleanup (collections) : org.hibernate.engine.loading.internal.CollectionLoadContext@5dec1b2c<rs=HikariProxyResultSet@1375093626 wrapping rs109: null>
?[0m?[0;34m2023-03-31 16:05:49.078  WARN 29781 --- [nio-8080-exec-3] o.h.e.loading.internal.LoadContexts      : HHH000100: Fail-safe cleanup (collections) : org.hibernate.engine.loading.internal.CollectionLoadContext@2d190871<rs=HikariProxyResultSet@1663399931 wrapping rs107: null>
?[0m?[0;34m2023-03-31 16:05:49.078  WARN 29781 --- [nio-8080-exec-3] o.h.e.loading.internal.LoadContexts      : HHH000100: Fail-safe cleanup (collections) : org.hibernate.engine.loading.internal.CollectionLoadContext@39c084a9<rs=HikariProxyResultSet@687086716 wrapping rs285: null>
?[0m?[0;34m2023-03-31 16:05:49.078  WARN 29781 --- [nio-8080-exec-3] o.h.e.loading.internal.LoadContexts      : HHH000100: Fail-safe cleanup (collections) : org.hibernate.engine.loading.internal.CollectionLoadContext@25696ab2<rs=HikariProxyResultSet@1752214910 wrapping rs61: null>
?[0m?[0;34m2023-03-31 16:05:49.078  WARN 29781 --- [nio-8080-exec-3] o.h.e.loading.internal.LoadContexts      : HHH000100: Fail-safe cleanup (collections) : org.hibernate.engine.loading.internal.CollectionLoadContext@18612048<rs=HikariProxyResultSet@114991744 wrapping rs260: null>
?[0m?[0;34m2023-03-31 16:05:49.078  WARN 29781 --- [nio-8080-exec-3] o.h.e.loading.internal.LoadContexts      : HHH000100: Fail-safe cleanup (collections) : org.hibernate.engine.loading.internal.CollectionLoadContext@7ddef9b5<rs=HikariProxyResultSet@564611970 wrapping rs163: null>
?[0m?[0;34m2023-03-31 16:05:49.078  WARN 29781 --- [nio-8080-exec-3] o.h.e.loading.internal.LoadContexts      : HHH000100: Fail-safe cleanup (collections) : org.hibernate.engine.loading.internal.CollectionLoadContext@4086cf6b<rs=HikariProxyResultSet@856824835 wrapping rs37: null>
?[0m?[0;34m2023-03-31 16:05:49.078  WARN 29781 --- [nio-8080-exec-3] o.h.e.loading.internal.LoadContexts      : HHH000100: Fail-safe cleanup (collections) : org.hibernate.engine.loading.internal.CollectionLoadContext@2ed40133<rs=HikariProxyResultSet@767066244 wrapping rs239: null>
?[0m?[0;34m2023-03-31 16:05:49.078  WARN 29781 --- [nio-8080-exec-3] o.h.e.loading.internal.LoadContexts      : HHH000100: Fail-safe cleanup (collections) : org.hibernate.engine.loading.internal.CollectionLoadContext@3fa607c1<rs=HikariProxyResultSet@663088002 wrapping rs472: null>
?[0m?[0;34m2023-03-31 16:05:49.078  WARN 29781 --- [nio-8080-exec-3] o.h.e.loading.internal.LoadContexts      : HHH000100: Fail-safe cleanup (collections) : org.hibernate.engine.loading.internal.CollectionLoadContext@35bf42d1<rs=HikariProxyResultSet@234580866 wrapping rs532: null>
?[0m?[0;34m2023-03-31 16:05:49.078  WARN 29781 --- [nio-8080-exec-3] o.h.e.loading.internal.LoadContexts      : HHH000100: Fail-safe cleanup (collections) : org.hibernate.engine.loading.internal.CollectionLoadContext@43342e9a<rs=HikariProxyResultSet@822488583 wrapping rs365: null>
?[0m?[0;34m2023-03-31 16:05:49.079  WARN 29781 --- [nio-8080-exec-3] o.h.e.loading.internal.LoadContexts      : HHH000100: Fail-safe cleanup (collections) : org.hibernate.engine.loading.internal.CollectionLoadContext@4d676256<rs=HikariProxyResultSet@1730282120 wrapping rs481: null>
?[0m?[0;34m2023-03-31 16:05:49.079  WARN 29781 --- [nio-8080-exec-3] o.h.e.loading.internal.LoadContexts      : HHH000100: Fail-safe cleanup (collections) : org.hibernate.engine.loading.internal.CollectionLoadContext@42f0ec34<rs=HikariProxyResultSet@1345594121 wrapping rs477: null>
?[0m?[0;34m2023-03-31 16:05:49.079  WARN 29781 --- [nio-8080-exec-3] o.h.e.loading.internal.LoadContexts      : HHH000100: Fail-safe cleanup (collections) : org.hibernate.engine.loading.internal.CollectionLoadContext@d969771<rs=HikariProxyResultSet@1608499082 wrapping rs286: null>
?[0m?[0;34m2023-03-31 16:05:49.079  WARN 29781 --- [nio-8080-exec-3] o.h.e.loading.internal.LoadContexts      : HHH000100: Fail-safe cleanup (collections) : org.hibernate.engine.loading.internal.CollectionLoadContext@6f3428a7<rs=HikariProxyResultSet@1085452428 wrapping rs77: null>
?[0m?[0;34m2023-03-31 16:05:49.079  WARN 29781 --- [nio-8080-exec-3] o.h.e.loading.internal.LoadContexts      : HHH000100: Fail-safe cleanup (collections) : org.hibernate.engine.loading.internal.CollectionLoadContext@19b792c5<rs=HikariProxyResultSet@1775302288 wrapping rs288: null>
?[0m?[0;34m2023-03-31 16:05:49.079  WARN 29781 --- [nio-8080-exec-3] o.h.e.loading.internal.LoadContexts      : HHH000100: Fail-safe cleanup (collections) : org.hibernate.engine.loading.internal.CollectionLoadContext@5c634c8b<rs=HikariProxyResultSet@807111578 wrapping rs255: null>
?[0m?[0;34m2023-03-31 16:05:49.079  WARN 29781 --- [nio-8080-exec-3] o.h.e.loading.internal.LoadContexts      : HHH000100: Fail-safe cleanup (collections) : org.hibernate.engine.loading.internal.CollectionLoadContext@65f77569<rs=HikariProxyResultSet@842154011 wrapping rs397: null>
?[0m?[0;34m2023-03-31 16:05:49.079  WARN 29781 --- [nio-8080-exec-3] o.h.e.loading.internal.LoadContexts      : HHH000100: Fail-safe cleanup (collections) : org.hibernate.engine.loading.internal.CollectionLoadContext@2bc80860<rs=HikariProxyResultSet@1255567137 wrapping rs384: null>
?[0m?[0;34m2023-03-31 16:05:49.079  WARN 29781 --- [nio-8080-exec-3] o.h.e.loading.internal.LoadContexts      : HHH000100: Fail-safe cleanup (collections) : org.hibernate.engine.loading.internal.CollectionLoadContext@e4c8666<rs=HikariProxyResultSet@1351073698 wrapping rs188: null>
?[0m?[0;34m2023-03-31 16:05:49.079  WARN 29781 --- [nio-8080-exec-3] o.h.e.loading.internal.LoadContexts      : HHH000100: Fail-safe cleanup (collections) : org.hibernate.engine.loading.internal.CollectionLoadContext@480d9430<rs=HikariProxyResultSet@1819624870 wrapping rs581: null>
?[0m?[0;34m2023-03-31 16:05:49.079  WARN 29781 --- [nio-8080-exec-3] o.h.e.loading.internal.LoadContexts      : HHH000100: Fail-safe cleanup (collections) : org.hibernate.engine.loading.internal.CollectionLoadContext@160ffc65<rs=HikariProxyResultSet@1353132712 wrapping rs72: null>
?[0m?[0;34m2023-03-31 16:05:49.079  WARN 29781 --- [nio-8080-exec-3] o.h.e.loading.internal.LoadContexts      : HHH000100: Fail-safe cleanup (collections) : org.hibernate.engine.loading.internal.CollectionLoadContext@7d6f7dcc<rs=HikariProxyResultSet@304788394 wrapping rs317: null>
?[0m?[0;34m2023-03-31 16:05:49.079  WARN 29781 --- [nio-8080-exec-3] o.h.e.loading.internal.LoadContexts      : HHH000100: Fail-safe cleanup (collections) : org.hibernate.engine.loading.internal.CollectionLoadContext@177aabb1<rs=HikariProxyResultSet@1965987883 wrapping rs555: null>
?[0m?[0;34m2023-03-31 16:05:49.079  WARN 29781 --- [nio-8080-exec-3] o.h.e.loading.internal.LoadContexts      : HHH000100: Fail-safe cleanup (collections) : org.hibernate.engine.loading.internal.CollectionLoadContext@33f2017a<rs=HikariProxyResultSet@1885616429 wrapping rs295: null>
?[0m?[0;34m2023-03-31 16:05:49.079  WARN 29781 --- [nio-8080-exec-3] o.h.e.loading.internal.LoadContexts      : HHH000100: Fail-safe cleanup (collections) : org.hibernate.engine.loading.internal.CollectionLoadContext@5a772fb5<rs=HikariProxyResultSet@602545582 wrapping rs407: null>
?[0m?[0;34m2023-03-31 16:05:49.079  WARN 29781 --- [nio-8080-exec-3] o.h.e.loading.internal.LoadContexts      : HHH000100: Fail-safe cleanup (collections) : org.hibernate.engine.loading.internal.CollectionLoadContext@5c70a82a<rs=HikariProxyResultSet@399029936 wrapping rs54: null>
?[0m?[0;34m2023-03-31 16:05:49.079  WARN 29781 --- [nio-8080-exec-3] o.h.e.loading.internal.LoadContexts      : HHH000100: Fail-safe cleanup (collections) : org.hibernate.engine.loading.internal.CollectionLoadContext@1e15a736<rs=HikariProxyResultSet@518069936 wrapping rs289: null>
?[0m?[0;34m2023-03-31 16:05:49.079  WARN 29781 --- [nio-8080-exec-3] o.h.e.loading.internal.LoadContexts      : HHH000100: Fail-safe cleanup (collections) : org.hibernate.engine.loading.internal.CollectionLoadContext@3dcf8c5f<rs=HikariProxyResultSet@762823602 wrapping rs216: null>
?[0m?[0;34m2023-03-31 16:05:49.079  WARN 29781 --- [nio-8080-exec-3] o.h.e.loading.internal.LoadContexts      : HHH000100: Fail-safe cleanup (collections) : org.hibernate.engine.loading.internal.CollectionLoadContext@5ea606d4<rs=HikariProxyResultSet@811290546 wrapping rs312: null>
?[0m?[0;34m2023-03-31 16:05:49.079  WARN 29781 --- [nio-8080-exec-3] o.h.e.loading.internal.LoadContexts      : HHH000100: Fail-safe cleanup (collections) : org.hibernate.engine.loading.internal.CollectionLoadContext@74ec4d2<rs=HikariProxyResultSet@1911081648 wrapping rs400: null>
?[0m?[0;34m2023-03-31 16:05:49.079  WARN 29781 --- [nio-8080-exec-3] o.h.e.loading.internal.LoadContexts      : HHH000100: Fail-safe cleanup (collections) : org.hibernate.engine.loading.internal.CollectionLoadContext@34d1ef1a<rs=HikariProxyResultSet@895062325 wrapping rs67: null>
?[0m?[0;34m2023-03-31 16:05:49.079  WARN 29781 --- [nio-8080-exec-3] o.h.e.loading.internal.LoadContexts      : HHH000100: Fail-safe cleanup (collections) : org.hibernate.engine.loading.internal.CollectionLoadContext@753d30ab<rs=HikariProxyResultSet@804662581 wrapping rs380: null>
?[0m?[0;34m2023-03-31 16:05:49.079  WARN 29781 --- [nio-8080-exec-3] o.h.e.loading.internal.LoadContexts      : HHH000100: Fail-safe cleanup (collections) : org.hibernate.engine.loading.internal.CollectionLoadContext@1bc3087e<rs=HikariProxyResultSet@1973601718 wrapping rs434: null>
?[0m?[0;34m2023-03-31 16:05:49.079  WARN 29781 --- [nio-8080-exec-3] o.h.e.loading.internal.LoadContexts      : HHH000100: Fail-safe cleanup (collections) : org.hibernate.engine.loading.internal.CollectionLoadContext@6a5a3780<rs=HikariProxyResultSet@753726136 wrapping rs303: null>
?[0m?[0;34m2023-03-31 16:05:49.079  WARN 29781 --- [nio-8080-exec-3] o.h.e.loading.internal.LoadContexts      : HHH000100: Fail-safe cleanup (collections) : org.hibernate.engine.loading.internal.CollectionLoadContext@5148bcee<rs=HikariProxyResultSet@2063461177 wrapping rs151: null>
?[0m?[0;34m2023-03-31 16:05:49.079  WARN 29781 --- [nio-8080-exec-3] o.h.e.loading.internal.LoadContexts      : HHH000100: Fail-safe cleanup (collections) : org.hibernate.engine.loading.internal.CollectionLoadContext@4d6c6604<rs=HikariProxyResultSet@1154344374 wrapping rs445: null>
?[0m?[0;34m2023-03-31 16:05:49.079  WARN 29781 --- [nio-8080-exec-3] o.h.e.loading.internal.LoadContexts      : HHH000100: Fail-safe cleanup (collections) : org.hibernate.engine.loading.internal.CollectionLoadContext@4eef072f<rs=HikariProxyResultSet@1653935413 wrapping rs474: null>
?[0m?[0;34m2023-03-31 16:05:49.079  WARN 29781 --- [nio-8080-exec-3] o.h.e.loading.internal.LoadContexts      : HHH000100: Fail-safe cleanup (collections) : org.hibernate.engine.loading.internal.CollectionLoadContext@7532cf45<rs=HikariProxyResultSet@1872758972 wrapping rs314: null>
?[0m?[0;34m2023-03-31 16:05:49.079  WARN 29781 --- [nio-8080-exec-3] o.h.e.loading.internal.LoadContexts      : HHH000100: Fail-safe cleanup (collections) : org.hibernate.engine.loading.internal.CollectionLoadContext@6189b2c1<rs=HikariProxyResultSet@1724205760 wrapping rs245: null>
?[0m?[0;34m2023-03-31 16:05:49.079  WARN 29781 --- [nio-8080-exec-3] o.h.e.loading.internal.LoadContexts      : HHH000100: Fail-safe cleanup (collections) : org.hibernate.engine.loading.internal.CollectionLoadContext@4f7bb4b2<rs=HikariProxyResultSet@616358721 wrapping rs301: null>
?[0m?[0;34m2023-03-31 16:05:49.079  WARN 29781 --- [nio-8080-exec-3] o.h.e.loading.internal.LoadContexts      : HHH000100: Fail-safe cleanup (collections) : org.hibernate.engine.loading.internal.CollectionLoadContext@791b140d<rs=HikariProxyResultSet@206015555 wrapping rs375: null>
?[0m?[0;34m2023-03-31 16:05:49.079  WARN 29781 --- [nio-8080-exec-3] o.h.e.loading.internal.LoadContexts      : HHH000100: Fail-safe cleanup (collections) : org.hibernate.engine.loading.internal.CollectionLoadContext@1a30a48c<rs=HikariProxyResultSet@1931182276 wrapping rs496: null>
?[0m?[0;34m2023-03-31 16:05:49.079  WARN 29781 --- [nio-8080-exec-3] o.h.e.loading.internal.LoadContexts      : HHH000100: Fail-safe cleanup (collections) : org.hibernate.engine.loading.internal.CollectionLoadContext@368312b1<rs=HikariProxyResultSet@2025157062 wrapping rs368: null>
?[0m?[0;34m2023-03-31 16:05:49.079  WARN 29781 --- [nio-8080-exec-3] o.h.e.loading.internal.LoadContexts      : HHH000100: Fail-safe cleanup (collections) : org.hibernate.engine.loading.internal.CollectionLoadContext@24cfeef7<rs=HikariProxyResultSet@428476999 wrapping rs41: null>
?[0m?[0;34m2023-03-31 16:05:49.079  WARN 29781 --- [nio-8080-exec-3] o.h.e.loading.internal.LoadContexts      : HHH000100: Fail-safe cleanup (collections) : org.hibernate.engine.loading.internal.CollectionLoadContext@5553d1f<rs=HikariProxyResultSet@1677695051 wrapping rs458: null>
?[0m?[0;34m2023-03-31 16:05:49.079  WARN 29781 --- [nio-8080-exec-3] o.h.e.loading.internal.LoadContexts      : HHH000100: Fail-safe cleanup (collections) : org.hibernate.engine.loading.internal.CollectionLoadContext@1a5efdfd<rs=HikariProxyResultSet@174228813 wrapping rs294: null>
?[0m?[0;34m2023-03-31 16:05:49.079  WARN 29781 --- [nio-8080-exec-3] o.h.e.loading.internal.LoadContexts      : HHH000100: Fail-safe cleanup (collections) : org.hibernate.engine.loading.internal.CollectionLoadContext@3466629d<rs=HikariProxyResultSet@222975309 wrapping rs511: null>
?[0m?[0;34m2023-03-31 16:05:49.079  WARN 29781 --- [nio-8080-exec-3] o.h.e.loading.internal.LoadContexts      : HHH000100: Fail-safe cleanup (collections) : org.hibernate.engine.loading.internal.CollectionLoadContext@6f059ab0<rs=HikariProxyResultSet@570949328 wrapping rs106: null>
?[0m?[0;34m2023-03-31 16:05:49.079  WARN 29781 --- [nio-8080-exec-3] o.h.e.loading.internal.LoadContexts      : HHH000100: Fail-safe cleanup (collections) : org.hibernate.engine.loading.internal.CollectionLoadContext@4394ef8a<rs=HikariProxyResultSet@1168425043 wrapping rs45: null>
?[0m?[0;34m2023-03-31 16:05:49.079  WARN 29781 --- [nio-8080-exec-3] o.h.e.loading.internal.LoadContexts      : HHH000100: Fail-safe cleanup (collections) : org.hibernate.engine.loading.internal.CollectionLoadContext@2e484310<rs=HikariProxyResultSet@1887647956 wrapping rs73: null>
?[0m?[0;34m2023-03-31 16:05:49.079  WARN 29781 --- [nio-8080-exec-3] o.h.e.loading.internal.LoadContexts      : HHH000100: Fail-safe cleanup (collections) : org.hibernate.engine.loading.internal.CollectionLoadContext@29bdbece<rs=HikariProxyResultSet@932406742 wrapping rs97: null>
?[0m?[0;34m2023-03-31 16:05:49.079  WARN 29781 --- [nio-8080-exec-3] o.h.e.loading.internal.LoadContexts      : HHH000100: Fail-safe cleanup (collections) : org.hibernate.engine.loading.internal.CollectionLoadContext@6a2e6153<rs=HikariProxyResultSet@1618846424 wrapping rs302: null>
?[0m?[0;34m2023-03-31 16:05:49.079  WARN 29781 --- [nio-8080-exec-3] o.h.e.loading.internal.LoadContexts      : HHH000100: Fail-safe cleanup (collections) : org.hibernate.engine.loading.internal.CollectionLoadContext@e222b23<rs=HikariProxyResultSet@725335897 wrapping rs81: null>
?[0m?[0;34m2023-03-31 16:05:49.079  WARN 29781 --- [nio-8080-exec-3] o.h.e.loading.internal.LoadContexts      : HHH000100: Fail-safe cleanup (collections) : org.hibernate.engine.loading.internal.CollectionLoadContext@621eb934<rs=HikariProxyResultSet@276815705 wrapping rs99: null>
?[0m?[0;34m2023-03-31 16:05:49.079  WARN 29781 --- [nio-8080-exec-3] o.h.e.loading.internal.LoadContexts      : HHH000100: Fail-safe cleanup (collections) : org.hibernate.engine.loading.internal.CollectionLoadContext@26113077<rs=HikariProxyResultSet@1409165282 wrapping rs431: null>
?[0m?[0;34m2023-03-31 16:05:49.079  WARN 29781 --- [nio-8080-exec-3] o.h.e.loading.internal.LoadContexts      : HHH000100: Fail-safe cleanup (collections) : org.hibernate.engine.loading.internal.CollectionLoadContext@3face91f<rs=HikariProxyResultSet@237276259 wrapping rs403: null>
?[0m?[0;34m2023-03-31 16:05:49.079  WARN 29781 --- [nio-8080-exec-3] o.h.e.loading.internal.LoadContexts      : HHH000100: Fail-safe cleanup (collections) : org.hibernate.engine.loading.internal.CollectionLoadContext@20c8b6fa<rs=HikariProxyResultSet@1238678756 wrapping rs71: null>
?[0m?[0;34m2023-03-31 16:05:49.080  WARN 29781 --- [nio-8080-exec-3] o.h.e.loading.internal.LoadContexts      : HHH000100: Fail-safe cleanup (collections) : org.hibernate.engine.loading.internal.CollectionLoadContext@37886cce<rs=HikariProxyResultSet@1618849125 wrapping rs562: null>
?[0m?[0;34m2023-03-31 16:05:49.080  WARN 29781 --- [nio-8080-exec-3] o.h.e.loading.internal.LoadContexts      : HHH000100: Fail-safe cleanup (collections) : org.hibernate.engine.loading.internal.CollectionLoadContext@18b570c0<rs=HikariProxyResultSet@1385250407 wrapping rs200: null>
?[0m?[0;34m2023-03-31 16:05:49.080  WARN 29781 --- [nio-8080-exec-3] o.h.e.loading.internal.LoadContexts      : HHH000100: Fail-safe cleanup (collections) : org.hibernate.engine.loading.internal.CollectionLoadContext@408996d8<rs=HikariProxyResultSet@727859049 wrapping rs242: null>
?[0m?[0;34m2023-03-31 16:05:49.080  WARN 29781 --- [nio-8080-exec-3] o.h.e.loading.internal.LoadContexts      : HHH000100: Fail-safe cleanup (collections) : org.hibernate.engine.loading.internal.CollectionLoadContext@25138755<rs=HikariProxyResultSet@1191199722 wrapping rs417: null>
?[0m?[0;34m2023-03-31 16:05:49.080  WARN 29781 --- [nio-8080-exec-3] o.h.e.loading.internal.LoadContexts      : HHH000100: Fail-safe cleanup (collections) : org.hibernate.engine.loading.internal.CollectionLoadContext@51896125<rs=HikariProxyResultSet@1323484138 wrapping rs510: null>
?[0m?[0;34m2023-03-31 16:05:49.080  WARN 29781 --- [nio-8080-exec-3] o.h.e.loading.internal.LoadContexts      : HHH000100: Fail-safe cleanup (collections) : org.hibernate.engine.loading.internal.CollectionLoadContext@628938a4<rs=HikariProxyResultSet@1357748976 wrapping rs378: null>
?[0m?[0;34m2023-03-31 16:05:49.080  WARN 29781 --- [nio-8080-exec-3] o.h.e.loading.internal.LoadContexts      : HHH000100: Fail-safe cleanup (collections) : org.hibernate.engine.loading.internal.CollectionLoadContext@6eba4d7b<rs=HikariProxyResultSet@883263861 wrapping rs56: null>
?[0m?[0;34m2023-03-31 16:05:49.080  WARN 29781 --- [nio-8080-exec-3] o.h.e.loading.internal.LoadContexts      : HHH000100: Fail-safe cleanup (collections) : org.hibernate.engine.loading.internal.CollectionLoadContext@57aa56d6<rs=HikariProxyResultSet@553655669 wrapping rs132: null>
?[0m?[0;34m2023-03-31 16:05:49.080  WARN 29781 --- [nio-8080-exec-3] o.h.e.loading.internal.LoadContexts      : HHH000100: Fail-safe cleanup (collections) : org.hibernate.engine.loading.internal.CollectionLoadContext@4db0854f<rs=HikariProxyResultSet@1271797109 wrapping rs369: null>
?[0m?[0;34m2023-03-31 16:05:49.080  WARN 29781 --- [nio-8080-exec-3] o.h.e.loading.internal.LoadContexts      : HHH000100: Fail-safe cleanup (collections) : org.hibernate.engine.loading.internal.CollectionLoadContext@6657d845<rs=HikariProxyResultSet@711463414 wrapping rs490: null>
?[0m?[0;34m2023-03-31 16:05:49.080  WARN 29781 --- [nio-8080-exec-3] o.h.e.loading.internal.LoadContexts      : HHH000100: Fail-safe cleanup (collections) : org.hibernate.engine.loading.internal.CollectionLoadContext@5aba8061<rs=HikariProxyResultSet@245294840 wrapping rs564: null>
?[0m?[0;34m2023-03-31 16:05:49.080  WARN 29781 --- [nio-8080-exec-3] o.h.e.loading.internal.LoadContexts      : HHH000100: Fail-safe cleanup (collections) : org.hibernate.engine.loading.internal.CollectionLoadContext@5f236106<rs=HikariProxyResultSet@220565498 wrapping rs517: null>
?[0m?[0;34m2023-03-31 16:05:49.080  WARN 29781 --- [nio-8080-exec-3] o.h.e.loading.internal.LoadContexts      : HHH000100: Fail-safe cleanup (collections) : org.hibernate.engine.loading.internal.CollectionLoadContext@16700d50<rs=HikariProxyResultSet@2673529 wrapping rs577: null>
?[0m?[0;34m2023-03-31 16:05:49.080  WARN 29781 --- [nio-8080-exec-3] o.h.e.loading.internal.LoadContexts      : HHH000100: Fail-safe cleanup (collections) : org.hibernate.engine.loading.internal.CollectionLoadContext@4ebd7a2b<rs=HikariProxyResultSet@470126973 wrapping rs172: null>
?[0m?[0;34m2023-03-31 16:05:49.080  WARN 29781 --- [nio-8080-exec-3] o.h.e.loading.internal.LoadContexts      : HHH000100: Fail-safe cleanup (collections) : org.hibernate.engine.loading.internal.CollectionLoadContext@400a5215<rs=HikariProxyResultSet@13064831 wrapping rs209: null>
?[0m?[0;34m2023-03-31 16:05:49.080  WARN 29781 --- [nio-8080-exec-3] o.h.e.loading.internal.LoadContexts      : HHH000100: Fail-safe cleanup (collections) : org.hibernate.engine.loading.internal.CollectionLoadContext@4653043<rs=HikariProxyResultSet@576528773 wrapping rs68: null>
?[0m?[0;34m2023-03-31 16:05:49.080  WARN 29781 --- [nio-8080-exec-3] o.h.e.loading.internal.LoadContexts      : HHH000100: Fail-safe cleanup (collections) : org.hibernate.engine.loading.internal.CollectionLoadContext@1269b712<rs=HikariProxyResultSet@1648020998 wrapping rs196: null>
?[0m?[0;34m2023-03-31 16:05:49.080  WARN 29781 --- [nio-8080-exec-3] o.h.e.loading.internal.LoadContexts      : HHH000100: Fail-safe cleanup (collections) : org.hibernate.engine.loading.internal.CollectionLoadContext@3720eb56<rs=HikariProxyResultSet@421405061 wrapping rs292: null>
?[0m?[0;34m2023-03-31 16:05:49.080  WARN 29781 --- [nio-8080-exec-3] o.h.e.loading.internal.LoadContexts      : HHH000100: Fail-safe cleanup (collections) : org.hibernate.engine.loading.internal.CollectionLoadContext@25289d5d<rs=HikariProxyResultSet@831434504 wrapping rs482: null>
?[0m?[0;34m2023-03-31 16:05:49.080  WARN 29781 --- [nio-8080-exec-3] o.h.e.loading.internal.LoadContexts      : HHH000100: Fail-safe cleanup (collections) : org.hibernate.engine.loading.internal.CollectionLoadContext@8625693<rs=HikariProxyResultSet@144306057 wrapping rs59: null>
?[0m?[0;34m2023-03-31 16:05:49.080  WARN 29781 --- [nio-8080-exec-3] o.h.e.loading.internal.LoadContexts      : HHH000100: Fail-safe cleanup (collections) : org.hibernate.engine.loading.internal.CollectionLoadContext@576cb1aa<rs=HikariProxyResultSet@2049510539 wrapping rs201: null>
?[0m?[0;34m2023-03-31 16:05:49.080  WARN 29781 --- [nio-8080-exec-3] o.h.e.loading.internal.LoadContexts      : HHH000100: Fail-safe cleanup (collections) : org.hibernate.engine.loading.internal.CollectionLoadContext@67a69a4a<rs=HikariProxyResultSet@63622412 wrapping rs44: null>
?[0m?[0;34m2023-03-31 16:05:49.080  WARN 29781 --- [nio-8080-exec-3] o.h.e.loading.internal.LoadContexts      : HHH000100: Fail-safe cleanup (collections) : org.hibernate.engine.loading.internal.CollectionLoadContext@6053196<rs=HikariProxyResultSet@689742092 wrapping rs159: null>
?[0m?[0;34m2023-03-31 16:05:49.080  WARN 29781 --- [nio-8080-exec-3] o.h.e.loading.internal.LoadContexts      : HHH000100: Fail-safe cleanup (collections) : org.hibernate.engine.loading.internal.CollectionLoadContext@1c49390b<rs=HikariProxyResultSet@876969228 wrapping rs537: null>
?[0m?[0;34m2023-03-31 16:05:49.080  WARN 29781 --- [nio-8080-exec-3] o.h.e.loading.internal.LoadContexts      : HHH000100: Fail-safe cleanup (collections) : org.hibernate.engine.loading.internal.CollectionLoadContext@2e9a3ac9<rs=HikariProxyResultSet@1259463569 wrapping rs320: null>
?[0m?[0;34m2023-03-31 16:05:49.080  WARN 29781 --- [nio-8080-exec-3] o.h.e.loading.internal.LoadContexts      : HHH000100: Fail-safe cleanup (collections) : org.hibernate.engine.loading.internal.CollectionLoadContext@7d3d819a<rs=HikariProxyResultSet@34862098 wrapping rs388: null>
?[0m?[0;34m2023-03-31 16:05:49.080  WARN 29781 --- [nio-8080-exec-3] o.h.e.loading.internal.LoadContexts      : HHH000100: Fail-safe cleanup (collections) : org.hibernate.engine.loading.internal.CollectionLoadContext@521b962a<rs=HikariProxyResultSet@1892212754 wrapping rs437: null>
?[0m?[0;34m2023-03-31 16:05:49.080  WARN 29781 --- [nio-8080-exec-3] o.h.e.loading.internal.LoadContexts      : HHH000100: Fail-safe cleanup (collections) : org.hibernate.engine.loading.internal.CollectionLoadContext@7cf7c03<rs=HikariProxyResultSet@1922099476 wrapping rs55: null>
?[0m?[0;34m2023-03-31 16:05:49.080  WARN 29781 --- [nio-8080-exec-3] o.h.e.loading.internal.LoadContexts      : HHH000100: Fail-safe cleanup (collections) : org.hibernate.engine.loading.internal.CollectionLoadContext@787c4241<rs=HikariProxyResultSet@2146777493 wrapping rs212: null>
?[0m?[0;34m2023-03-31 16:05:49.080  WARN 29781 --- [nio-8080-exec-3] o.h.e.loading.internal.LoadContexts      : HHH000100: Fail-safe cleanup (collections) : org.hibernate.engine.loading.internal.CollectionLoadContext@695c3d85<rs=HikariProxyResultSet@848610580 wrapping rs283: null>
?[0m?[0;34m2023-03-31 16:05:49.080  WARN 29781 --- [nio-8080-exec-3] o.h.e.loading.internal.LoadContexts      : HHH000100: Fail-safe cleanup (collections) : org.hibernate.engine.loading.internal.CollectionLoadContext@67784c42<rs=HikariProxyResultSet@392836630 wrapping rs446: null>
?[0m?[0;34m2023-03-31 16:05:49.080  WARN 29781 --- [nio-8080-exec-3] o.h.e.loading.internal.LoadContexts      : HHH000100: Fail-safe cleanup (collections) : org.hibernate.engine.loading.internal.CollectionLoadContext@1b2b0bca<rs=HikariProxyResultSet@165799954 wrapping rs518: null>
?[0m?[0;34m2023-03-31 16:05:49.080  WARN 29781 --- [nio-8080-exec-3] o.h.e.loading.internal.LoadContexts      : HHH000100: Fail-safe cleanup (collections) : org.hibernate.engine.loading.internal.CollectionLoadContext@15f2ca4<rs=HikariProxyResultSet@301063444 wrapping rs523: null>
?[0m?[0;34m2023-03-31 16:05:49.080  WARN 29781 --- [nio-8080-exec-3] o.h.e.loading.internal.LoadContexts      : HHH000100: Fail-safe cleanup (collections) : org.hibernate.engine.loading.internal.CollectionLoadContext@9e7891f<rs=HikariProxyResultSet@594438299 wrapping rs43: null>
?[0m?[0;34m2023-03-31 16:05:49.080  WARN 29781 --- [nio-8080-exec-3] o.h.e.loading.internal.LoadContexts      : HHH000100: Fail-safe cleanup (collections) : org.hibernate.engine.loading.internal.CollectionLoadContext@2c58ce3d<rs=HikariProxyResultSet@1031342622 wrapping rs138: null>
?[0m?[0;34m2023-03-31 16:05:49.080  WARN 29781 --- [nio-8080-exec-3] o.h.e.loading.internal.LoadContexts      : HHH000100: Fail-safe cleanup (collections) : org.hibernate.engine.loading.internal.CollectionLoadContext@6f6ef527<rs=HikariProxyResultSet@829434019 wrapping rs262: null>
?[0m?[0;34m2023-03-31 16:05:49.080  WARN 29781 --- [nio-8080-exec-3] o.h.e.loading.internal.LoadContexts      : HHH000100: Fail-safe cleanup (collections) : org.hibernate.engine.loading.internal.CollectionLoadContext@17acde62<rs=HikariProxyResultSet@486799652 wrapping rs444: null>
?[0m?[0;34m2023-03-31 16:05:49.080  WARN 29781 --- [nio-8080-exec-3] o.h.e.loading.internal.LoadContexts      : HHH000100: Fail-safe cleanup (collections) : org.hibernate.engine.loading.internal.CollectionLoadContext@223602f9<rs=HikariProxyResultSet@470300456 wrapping rs176: null>
?[0m?[0;34m2023-03-31 16:05:49.080  WARN 29781 --- [nio-8080-exec-3] o.h.e.loading.internal.LoadContexts      : HHH000100: Fail-safe cleanup (collections) : org.hibernate.engine.loading.internal.CollectionLoadContext@487509a4<rs=HikariProxyResultSet@850246440 wrapping rs500: null>
?[0m?[0;34m2023-03-31 16:05:49.080  WARN 29781 --- [nio-8080-exec-3] o.h.e.loading.internal.LoadContexts      : HHH000100: Fail-safe cleanup (collections) : org.hibernate.engine.loading.internal.CollectionLoadContext@502a0a40<rs=HikariProxyResultSet@1027312811 wrapping rs572: null>
?[0m?[0;34m2023-03-31 16:05:49.080  WARN 29781 --- [nio-8080-exec-3] o.h.e.loading.internal.LoadContexts      : HHH000100: Fail-safe cleanup (collections) : org.hibernate.engine.loading.internal.CollectionLoadContext@210481e9<rs=HikariProxyResultSet@1140648236 wrapping rs244: null>
?[0m?[0;34m2023-03-31 16:05:49.081  WARN 29781 --- [nio-8080-exec-3] o.h.e.loading.internal.LoadContexts      : HHH000100: Fail-safe cleanup (collections) : org.hibernate.engine.loading.internal.CollectionLoadContext@33b77efa<rs=HikariProxyResultSet@231929132 wrapping rs287: null>
?[0m?[0;34m2023-03-31 16:05:49.081  WARN 29781 --- [nio-8080-exec-3] o.h.e.loading.internal.LoadContexts      : HHH000100: Fail-safe cleanup (collections) : org.hibernate.engine.loading.internal.CollectionLoadContext@536f6901<rs=HikariProxyResultSet@1006630317 wrapping rs506: null>
?[0m?[0;34m2023-03-31 16:05:49.081  WARN 29781 --- [nio-8080-exec-3] o.h.e.loading.internal.LoadContexts      : HHH000100: Fail-safe cleanup (collections) : org.hibernate.engine.loading.internal.CollectionLoadContext@53970126<rs=HikariProxyResultSet@220781231 wrapping rs85: null>
?[0m?[0;34m2023-03-31 16:05:49.081  WARN 29781 --- [nio-8080-exec-3] o.h.e.loading.internal.LoadContexts      : HHH000100: Fail-safe cleanup (collections) : org.hibernate.engine.loading.internal.CollectionLoadContext@5619c974<rs=HikariProxyResultSet@2112113585 wrapping rs573: null>
?[0m?[0;34m2023-03-31 16:05:49.081  WARN 29781 --- [nio-8080-exec-3] o.h.e.loading.internal.LoadContexts      : HHH000100: Fail-safe cleanup (collections) : org.hibernate.engine.loading.internal.CollectionLoadContext@5ed13de3<rs=HikariProxyResultSet@1551951027 wrapping rs34: null>
?[0m?[0;34m2023-03-31 16:05:49.081  WARN 29781 --- [nio-8080-exec-3] o.h.e.loading.internal.LoadContexts      : HHH000100: Fail-safe cleanup (collections) : org.hibernate.engine.loading.internal.CollectionLoadContext@765e7059<rs=HikariProxyResultSet@364687668 wrapping rs441: null>
?[0m?[0;34m2023-03-31 16:05:49.081  WARN 29781 --- [nio-8080-exec-3] o.h.e.loading.internal.LoadContexts      : HHH000100: Fail-safe cleanup (collections) : org.hibernate.engine.loading.internal.CollectionLoadContext@1d2bc185<rs=HikariProxyResultSet@862683573 wrapping rs143: null>
?[0m?[0;34m2023-03-31 16:05:49.081  WARN 29781 --- [nio-8080-exec-3] o.h.e.loading.internal.LoadContexts      : HHH000100: Fail-safe cleanup (collections) : org.hibernate.engine.loading.internal.CollectionLoadContext@561f93d<rs=HikariProxyResultSet@559266358 wrapping rs468: null>
?[0m?[0;34m2023-03-31 16:05:49.081  WARN 29781 --- [nio-8080-exec-3] o.h.e.loading.internal.LoadContexts      : HHH000100: Fail-safe cleanup (collections) : org.hibernate.engine.loading.internal.CollectionLoadContext@5288e257<rs=HikariProxyResultSet@642135219 wrapping rs504: null>
?[0m?[0;34m2023-03-31 16:05:49.081  WARN 29781 --- [nio-8080-exec-3] o.h.e.loading.internal.LoadContexts      : HHH000100: Fail-safe cleanup (collections) : org.hibernate.engine.loading.internal.CollectionLoadContext@57519ce7<rs=HikariProxyResultSet@97041845 wrapping rs522: null>
?[0m?[0;34m2023-03-31 16:05:49.081  WARN 29781 --- [nio-8080-exec-3] o.h.e.loading.internal.LoadContexts      : HHH000100: Fail-safe cleanup (collections) : org.hibernate.engine.loading.internal.CollectionLoadContext@14354861<rs=HikariProxyResultSet@387137465 wrapping rs479: null>
?[0m?[0;34m2023-03-31 16:05:49.081  WARN 29781 --- [nio-8080-exec-3] o.h.e.loading.internal.LoadContexts      : HHH000100: Fail-safe cleanup (collections) : org.hibernate.engine.loading.internal.CollectionLoadContext@1e97e3cb<rs=HikariProxyResultSet@512603831 wrapping rs582: null>
?[0m?[0;34m2023-03-31 16:05:49.081  WARN 29781 --- [nio-8080-exec-3] o.h.e.loading.internal.LoadContexts      : HHH000100: Fail-safe cleanup (collections) : org.hibernate.engine.loading.internal.CollectionLoadContext@b983014<rs=HikariProxyResultSet@1599755451 wrapping rs440: null>
?[0m?[0;34m2023-03-31 16:05:49.081  WARN 29781 --- [nio-8080-exec-3] o.h.e.loading.internal.LoadContexts      : HHH000100: Fail-safe cleanup (collections) : org.hibernate.engine.loading.internal.CollectionLoadContext@50752324<rs=HikariProxyResultSet@492620092 wrapping rs313: null>
?[0m?[0;34m2023-03-31 16:05:49.081  WARN 29781 --- [nio-8080-exec-3] o.h.e.loading.internal.LoadContexts      : HHH000100: Fail-safe cleanup (collections) : org.hibernate.engine.loading.internal.CollectionLoadContext@6e3d1f0b<rs=HikariProxyResultSet@195712445 wrapping rs557: null>
?[0m?[0;34m2023-03-31 16:05:49.081  WARN 29781 --- [nio-8080-exec-3] o.h.e.loading.internal.LoadContexts      : HHH000100: Fail-safe cleanup (collections) : org.hibernate.engine.loading.internal.CollectionLoadContext@4f9520bc<rs=HikariProxyResultSet@1947578942 wrapping rs104: null>
?[0m?[0;34m2023-03-31 16:05:49.081  WARN 29781 --- [nio-8080-exec-3] o.h.e.loading.internal.LoadContexts      : HHH000100: Fail-safe cleanup (collections) : org.hibernate.engine.loading.internal.CollectionLoadContext@547a1ca<rs=HikariProxyResultSet@1035615040 wrapping rs223: null>
?[0m?[0;34m2023-03-31 16:05:49.081  WARN 29781 --- [nio-8080-exec-3] o.h.e.loading.internal.LoadContexts      : HHH000100: Fail-safe cleanup (collections) : org.hibernate.engine.loading.internal.CollectionLoadContext@7cd2de45<rs=HikariProxyResultSet@497991875 wrapping rs457: null>
?[0m?[0;34m2023-03-31 16:05:49.081  WARN 29781 --- [nio-8080-exec-3] o.h.e.loading.internal.LoadContexts      : HHH000100: Fail-safe cleanup (collections) : org.hibernate.engine.loading.internal.CollectionLoadContext@7a915393<rs=HikariProxyResultSet@1656072008 wrapping rs308: null>
?[0m?[0;34m2023-03-31 16:05:49.081  WARN 29781 --- [nio-8080-exec-3] o.h.e.loading.internal.LoadContexts      : HHH000100: Fail-safe cleanup (collections) : org.hibernate.engine.loading.internal.CollectionLoadContext@1ce71cbd<rs=HikariProxyResultSet@915753550 wrapping rs206: null>
?[0m?[0;34m2023-03-31 16:05:49.081  WARN 29781 --- [nio-8080-exec-3] o.h.e.loading.internal.LoadContexts      : HHH000100: Fail-safe cleanup (collections) : org.hibernate.engine.loading.internal.CollectionLoadContext@2416a71a<rs=HikariProxyResultSet@793691218 wrapping rs88: null>
?[0m?[0;34m2023-03-31 16:05:49.081  WARN 29781 --- [nio-8080-exec-3] o.h.e.loading.internal.LoadContexts      : HHH000100: Fail-safe cleanup (collections) : org.hibernate.engine.loading.internal.CollectionLoadContext@4edc652b<rs=HikariProxyResultSet@889041881 wrapping rs273: null>
?[0m?[0;34m2023-03-31 16:05:49.081  WARN 29781 --- [nio-8080-exec-3] o.h.e.loading.internal.LoadContexts      : HHH000100: Fail-safe cleanup (collections) : org.hibernate.engine.loading.internal.CollectionLoadContext@3ea1aaa8<rs=HikariProxyResultSet@1985369178 wrapping rs545: null>
?[0m?[0;34m2023-03-31 16:05:49.081  WARN 29781 --- [nio-8080-exec-3] o.h.e.loading.internal.LoadContexts      : HHH000100: Fail-safe cleanup (collections) : org.hibernate.engine.loading.internal.CollectionLoadContext@1a875b35<rs=HikariProxyResultSet@1475343837 wrapping rs376: null>
?[0m?[0;34m2023-03-31 16:05:49.081  WARN 29781 --- [nio-8080-exec-3] o.h.e.loading.internal.LoadContexts      : HHH000100: Fail-safe cleanup (collections) : org.hibernate.engine.loading.internal.CollectionLoadContext@bb80108<rs=HikariProxyResultSet@414110173 wrapping rs508: null>
?[0m?[0;34m2023-03-31 16:05:49.081  WARN 29781 --- [nio-8080-exec-3] o.h.e.loading.internal.LoadContexts      : HHH000100: Fail-safe cleanup (collections) : org.hibernate.engine.loading.internal.CollectionLoadContext@26e0c869<rs=HikariProxyResultSet@150908768 wrapping rs499: null>
?[0m?[0;34m2023-03-31 16:05:49.081  WARN 29781 --- [nio-8080-exec-3] o.h.e.loading.internal.LoadContexts      : HHH000100: Fail-safe cleanup (collections) : org.hibernate.engine.loading.internal.CollectionLoadContext@1527c2f7<rs=HikariProxyResultSet@820246497 wrapping rs488: null>
?[0m?[0;34m2023-03-31 16:05:49.081  WARN 29781 --- [nio-8080-exec-3] o.h.e.loading.internal.LoadContexts      : HHH000100: Fail-safe cleanup (collections) : org.hibernate.engine.loading.internal.CollectionLoadContext@35597d95<rs=HikariProxyResultSet@219239522 wrapping rs197: null>
?[0m?[0;34m2023-03-31 16:05:49.081  WARN 29781 --- [nio-8080-exec-3] o.h.e.loading.internal.LoadContexts      : HHH000100: Fail-safe cleanup (collections) : org.hibernate.engine.loading.internal.CollectionLoadContext@7e229a77<rs=HikariProxyResultSet@551464163 wrapping rs164: null>
?[0m?[0;34m2023-03-31 16:05:49.081  WARN 29781 --- [nio-8080-exec-3] o.h.e.loading.internal.LoadContexts      : HHH000100: Fail-safe cleanup (collections) : org.hibernate.engine.loading.internal.CollectionLoadContext@5e21b65a<rs=HikariProxyResultSet@2055375333 wrapping rs75: null>
?[0m?[0;34m2023-03-31 16:05:49.081  WARN 29781 --- [nio-8080-exec-3] o.h.e.loading.internal.LoadContexts      : HHH000100: Fail-safe cleanup (collections) : org.hibernate.engine.loading.internal.CollectionLoadContext@75bae713<rs=HikariProxyResultSet@237413224 wrapping rs370: null>
?[0m?[0;34m2023-03-31 16:05:49.081  WARN 29781 --- [nio-8080-exec-3] o.h.e.loading.internal.LoadContexts      : HHH000100: Fail-safe cleanup (collections) : org.hibernate.engine.loading.internal.CollectionLoadContext@b7189e4<rs=HikariProxyResultSet@2051566956 wrapping rs278: null>
?[0m?[0;34m2023-03-31 16:05:49.081  WARN 29781 --- [nio-8080-exec-3] o.h.e.loading.internal.LoadContexts      : HHH000100: Fail-safe cleanup (collections) : org.hibernate.engine.loading.internal.CollectionLoadContext@61ea5bdf<rs=HikariProxyResultSet@919441264 wrapping rs147: null>
?[0m?[0;34m2023-03-31 16:05:49.081  WARN 29781 --- [nio-8080-exec-3] o.h.e.loading.internal.LoadContexts      : HHH000100: Fail-safe cleanup (collections) : org.hibernate.engine.loading.internal.CollectionLoadContext@32aaa2de<rs=HikariProxyResultSet@1425398261 wrapping rs408: null>
?[0m?[0;34m2023-03-31 16:05:49.081  WARN 29781 --- [nio-8080-exec-3] o.h.e.loading.internal.LoadContexts      : HHH000100: Fail-safe cleanup (collections) : org.hibernate.engine.loading.internal.CollectionLoadContext@108a49e7<rs=HikariProxyResultSet@1324333049 wrapping rs83: null>
?[0m?[0;34m2023-03-31 16:05:49.081  WARN 29781 --- [nio-8080-exec-3] o.h.e.loading.internal.LoadContexts      : HHH000100: Fail-safe cleanup (collections) : org.hibernate.engine.loading.internal.CollectionLoadContext@1733dcbb<rs=HikariProxyResultSet@352964730 wrapping rs450: null>
?[0m?[0;34m2023-03-31 16:05:49.082  WARN 29781 --- [nio-8080-exec-3] o.h.e.loading.internal.LoadContexts      : HHH000100: Fail-safe cleanup (collections) : org.hibernate.engine.loading.internal.CollectionLoadContext@24345921<rs=HikariProxyResultSet@1030627579 wrapping rs527: null>
?[0m?[0;34m2023-03-31 16:05:49.082  WARN 29781 --- [nio-8080-exec-3] o.h.e.loading.internal.LoadContexts      : HHH000100: Fail-safe cleanup (collections) : org.hibernate.engine.loading.internal.CollectionLoadContext@436fa32b<rs=HikariProxyResultSet@1884379387 wrapping rs539: null>
?[0m?[0;34m2023-03-31 16:05:49.082  WARN 29781 --- [nio-8080-exec-3] o.h.e.loading.internal.LoadContexts      : HHH000100: Fail-safe cleanup (collections) : org.hibernate.engine.loading.internal.CollectionLoadContext@1e81fd0<rs=HikariProxyResultSet@1041116669 wrapping rs253: null>
?[0m?[0;34m2023-03-31 16:05:49.082  WARN 29781 --- [nio-8080-exec-3] o.h.e.loading.internal.LoadContexts      : HHH000100: Fail-safe cleanup (collections) : org.hibernate.engine.loading.internal.CollectionLoadContext@837cd52<rs=HikariProxyResultSet@1592797322 wrapping rs160: null>
?[0m?[0;34m2023-03-31 16:05:49.082  WARN 29781 --- [nio-8080-exec-3] o.h.e.loading.internal.LoadContexts      : HHH000100: Fail-safe cleanup (collections) : org.hibernate.engine.loading.internal.CollectionLoadContext@ecc6024<rs=HikariProxyResultSet@1043527947 wrapping rs367: null>
?[0m?[0;34m2023-03-31 16:05:49.082  WARN 29781 --- [nio-8080-exec-3] o.h.e.loading.internal.LoadContexts      : HHH000100: Fail-safe cleanup (collections) : org.hibernate.engine.loading.internal.CollectionLoadContext@3084ec2d<rs=HikariProxyResultSet@1023831436 wrapping rs309: null>
?[0m?[0;34m2023-03-31 16:05:49.082  WARN 29781 --- [nio-8080-exec-3] o.h.e.loading.internal.LoadContexts      : HHH000100: Fail-safe cleanup (collections) : org.hibernate.engine.loading.internal.CollectionLoadContext@71d36372<rs=HikariProxyResultSet@1923057036 wrapping rs334: null>
?[0m?[0;34m2023-03-31 16:05:49.082  WARN 29781 --- [nio-8080-exec-3] o.h.e.loading.internal.LoadContexts      : HHH000100: Fail-safe cleanup (collections) : org.hibernate.engine.loading.internal.CollectionLoadContext@47386d47<rs=HikariProxyResultSet@2014298766 wrapping rs130: null>
?[0m?[0;34m2023-03-31 16:05:49.082  WARN 29781 --- [nio-8080-exec-3] o.h.e.loading.internal.LoadContexts      : HHH000100: Fail-safe cleanup (collections) : org.hibernate.engine.loading.internal.CollectionLoadContext@2a98f8c4<rs=HikariProxyResultSet@871333260 wrapping rs459: null>
?[0m?[0;34m2023-03-31 16:05:49.082  WARN 29781 --- [nio-8080-exec-3] o.h.e.loading.internal.LoadContexts      : HHH000100: Fail-safe cleanup (collections) : org.hibernate.engine.loading.internal.CollectionLoadContext@3d6a8c3e<rs=HikariProxyResultSet@28585743 wrapping rs497: null>
?[0m?[0;34m2023-03-31 16:05:49.082  WARN 29781 --- [nio-8080-exec-3] o.h.e.loading.internal.LoadContexts      : HHH000100: Fail-safe cleanup (collections) : org.hibernate.engine.loading.internal.CollectionLoadContext@5748a012<rs=HikariProxyResultSet@2055345419 wrapping rs542: null>
?[0m?[0;34m2023-03-31 16:05:49.082  WARN 29781 --- [nio-8080-exec-3] o.h.e.loading.internal.LoadContexts      : HHH000100: Fail-safe cleanup (collections) : org.hibernate.engine.loading.internal.CollectionLoadContext@531eade9<rs=HikariProxyResultSet@418076818 wrapping rs571: null>
?[0m?[0;34m2023-03-31 16:05:49.082  WARN 29781 --- [nio-8080-exec-3] o.h.e.loading.internal.LoadContexts      : HHH000100: Fail-safe cleanup (collections) : org.hibernate.engine.loading.internal.CollectionLoadContext@3e2d2196<rs=HikariProxyResultSet@1355583763 wrapping rs93: null>
?[0m?[0;34m2023-03-31 16:05:49.082  WARN 29781 --- [nio-8080-exec-3] o.h.e.loading.internal.LoadContexts      : HHH000100: Fail-safe cleanup (collections) : org.hibernate.engine.loading.internal.CollectionLoadContext@57cf5111<rs=HikariProxyResultSet@463799571 wrapping rs583: null>
?[0m?[0;34m2023-03-31 16:05:49.082  WARN 29781 --- [nio-8080-exec-3] o.h.e.loading.internal.LoadContexts      : HHH000100: Fail-safe cleanup (collections) : org.hibernate.engine.loading.internal.CollectionLoadContext@459533ca<rs=HikariProxyResultSet@1878989591 wrapping rs204: null>
?[0m?[0;34m2023-03-31 16:05:49.082  WARN 29781 --- [nio-8080-exec-3] o.h.e.loading.internal.LoadContexts      : HHH000100: Fail-safe cleanup (collections) : org.hibernate.engine.loading.internal.CollectionLoadContext@6342bf74<rs=HikariProxyResultSet@911977497 wrapping rs356: null>
?[0m?[0;34m2023-03-31 16:05:49.082  WARN 29781 --- [nio-8080-exec-3] o.h.e.loading.internal.LoadContexts      : HHH000100: Fail-safe cleanup (collections) : org.hibernate.engine.loading.internal.CollectionLoadContext@3434031b<rs=HikariProxyResultSet@844609819 wrapping rs535: null>
?[0m?[0;34m2023-03-31 16:05:49.082  WARN 29781 --- [nio-8080-exec-3] o.h.e.loading.internal.LoadContexts      : HHH000100: Fail-safe cleanup (collections) : org.hibernate.engine.loading.internal.CollectionLoadContext@19de9b55<rs=HikariProxyResultSet@2111260060 wrapping rs363: null>
?[0m?[0;34m2023-03-31 16:05:49.082  WARN 29781 --- [nio-8080-exec-3] o.h.e.loading.internal.LoadContexts      : HHH000100: Fail-safe cleanup (collections) : org.hibernate.engine.loading.internal.CollectionLoadContext@75b9e0c7<rs=HikariProxyResultSet@2031702557 wrapping rs354: null>
?[0m?[0;34m2023-03-31 16:05:49.082  WARN 29781 --- [nio-8080-exec-3] o.h.e.loading.internal.LoadContexts      : HHH000100: Fail-safe cleanup (collections) : org.hibernate.engine.loading.internal.CollectionLoadContext@376581b<rs=HikariProxyResultSet@541857438 wrapping rs423: null>
?[0m?[0;34m2023-03-31 16:05:49.082  WARN 29781 --- [nio-8080-exec-3] o.h.e.loading.internal.LoadContexts      : HHH000100: Fail-safe cleanup (collections) : org.hibernate.engine.loading.internal.CollectionLoadContext@17cebfb5<rs=HikariProxyResultSet@2084147999 wrapping rs480: null>
?[0m?[0;34m2023-03-31 16:05:49.082  WARN 29781 --- [nio-8080-exec-3] o.h.e.loading.internal.LoadContexts      : HHH000100: Fail-safe cleanup (collections) : org.hibernate.engine.loading.internal.CollectionLoadContext@7aa78a2a<rs=HikariProxyResultSet@684534946 wrapping rs53: null>
?[0m?[0;34m2023-03-31 16:05:49.082  WARN 29781 --- [nio-8080-exec-3] o.h.e.loading.internal.LoadContexts      : HHH000100: Fail-safe cleanup (collections) : org.hibernate.engine.loading.internal.CollectionLoadContext@4022e261<rs=HikariProxyResultSet@299978914 wrapping rs254: null>
?[0m?[0;34m2023-03-31 16:05:49.082  WARN 29781 --- [nio-8080-exec-3] o.h.e.loading.internal.LoadContexts      : HHH000100: Fail-safe cleanup (collections) : org.hibernate.engine.loading.internal.CollectionLoadContext@71a5dcfe<rs=HikariProxyResultSet@659470498 wrapping rs554: null>
?[0m?[0;34m2023-03-31 16:05:49.082  WARN 29781 --- [nio-8080-exec-3] o.h.e.loading.internal.LoadContexts      : HHH000100: Fail-safe cleanup (collections) : org.hibernate.engine.loading.internal.CollectionLoadContext@13f4f668<rs=HikariProxyResultSet@1297131432 wrapping rs540: null>
?[0m?[0;34m2023-03-31 16:05:49.082  WARN 29781 --- [nio-8080-exec-3] o.h.e.loading.internal.LoadContexts      : HHH000100: Fail-safe cleanup (collections) : org.hibernate.engine.loading.internal.CollectionLoadContext@5544d8e6<rs=HikariProxyResultSet@566944809 wrapping rs231: null>
?[0m?[0;34m2023-03-31 16:05:49.082  WARN 29781 --- [nio-8080-exec-3] o.h.e.loading.internal.LoadContexts      : HHH000100: Fail-safe cleanup (collections) : org.hibernate.engine.loading.internal.CollectionLoadContext@22209c5<rs=HikariProxyResultSet@1501799336 wrapping rs553: null>
?[0m?[0;34m2023-03-31 16:05:49.082  WARN 29781 --- [nio-8080-exec-3] o.h.e.loading.internal.LoadContexts      : HHH000100: Fail-safe cleanup (collections) : org.hibernate.engine.loading.internal.CollectionLoadContext@5d3f6753<rs=HikariProxyResultSet@812561836 wrapping rs249: null>
?[0m?[0;34m2023-03-31 16:05:49.082  WARN 29781 --- [nio-8080-exec-3] o.h.e.loading.internal.LoadContexts      : HHH000100: Fail-safe cleanup (collections) : org.hibernate.engine.loading.internal.CollectionLoadContext@69cc9d2a<rs=HikariProxyResultSet@2127536685 wrapping rs236: null>
?[0m?[0;34m2023-03-31 16:05:49.082  WARN 29781 --- [nio-8080-exec-3] o.h.e.loading.internal.LoadContexts      : HHH000100: Fail-safe cleanup (collections) : org.hibernate.engine.loading.internal.CollectionLoadContext@1a3ceb1d<rs=HikariProxyResultSet@949902893 wrapping rs344: null>
?[0m?[0;34m2023-03-31 16:05:49.082  WARN 29781 --- [nio-8080-exec-3] o.h.e.loading.internal.LoadContexts      : HHH000100: Fail-safe cleanup (collections) : org.hibernate.engine.loading.internal.CollectionLoadContext@842b5be<rs=HikariProxyResultSet@1354236590 wrapping rs433: null>
?[0m?[0;34m2023-03-31 16:05:49.082  WARN 29781 --- [nio-8080-exec-3] o.h.e.loading.internal.LoadContexts      : HHH000100: Fail-safe cleanup (collections) : org.hibernate.engine.loading.internal.CollectionLoadContext@2ee15e1a<rs=HikariProxyResultSet@1040993200 wrapping rs179: null>
?[0m?[0;34m2023-03-31 16:05:49.082  WARN 29781 --- [nio-8080-exec-3] o.h.e.loading.internal.LoadContexts      : HHH000100: Fail-safe cleanup (collections) : org.hibernate.engine.loading.internal.CollectionLoadContext@2349b321<rs=HikariProxyResultSet@1017356208 wrapping rs509: null>
?[0m?[0;34m2023-03-31 16:05:49.082  WARN 29781 --- [nio-8080-exec-3] o.h.e.loading.internal.LoadContexts      : HHH000100: Fail-safe cleanup (collections) : org.hibernate.engine.loading.internal.CollectionLoadContext@5e50c056<rs=HikariProxyResultSet@1630948530 wrapping rs113: null>
?[0m?[0;34m2023-03-31 16:05:49.082  WARN 29781 --- [nio-8080-exec-3] o.h.e.loading.internal.LoadContexts      : HHH000100: Fail-safe cleanup (collections) : org.hibernate.engine.loading.internal.CollectionLoadContext@43227167<rs=HikariProxyResultSet@601467187 wrapping rs190: null>
?[0m?[0;34m2023-03-31 16:05:49.082  WARN 29781 --- [nio-8080-exec-3] o.h.e.loading.internal.LoadContexts      : HHH000100: Fail-safe cleanup (collections) : org.hibernate.engine.loading.internal.CollectionLoadContext@6717e697<rs=HikariProxyResultSet@280769077 wrapping rs519: null>
?[0m?[0;34m2023-03-31 16:05:49.082  WARN 29781 --- [nio-8080-exec-3] o.h.e.loading.internal.LoadContexts      : HHH000100: Fail-safe cleanup (collections) : org.hibernate.engine.loading.internal.CollectionLoadContext@92981ef<rs=HikariProxyResultSet@1480355897 wrapping rs341: null>
?[0m?[0;34m2023-03-31 16:05:49.082  WARN 29781 --- [nio-8080-exec-3] o.h.e.loading.internal.LoadContexts      : HHH000100: Fail-safe cleanup (collections) : org.hibernate.engine.loading.internal.CollectionLoadContext@5123b2ec<rs=HikariProxyResultSet@1186310338 wrapping rs240: null>
?[0m?[0;34m2023-03-31 16:05:49.082  WARN 29781 --- [nio-8080-exec-3] o.h.e.loading.internal.LoadContexts      : HHH000100: Fail-safe cleanup (collections) : org.hibernate.engine.loading.internal.CollectionLoadContext@1da48e6<rs=HikariProxyResultSet@855479619 wrapping rs121: null>
?[0m?[0;34m2023-03-31 16:05:49.082  WARN 29781 --- [nio-8080-exec-3] o.h.e.loading.internal.LoadContexts      : HHH000100: Fail-safe cleanup (collections) : org.hibernate.engine.loading.internal.CollectionLoadContext@59212514<rs=HikariProxyResultSet@482088388 wrapping rs556: null>
?[0m?[0;34m2023-03-31 16:05:49.082  WARN 29781 --- [nio-8080-exec-3] o.h.e.loading.internal.LoadContexts      : HHH000100: Fail-safe cleanup (collections) : org.hibernate.engine.loading.internal.CollectionLoadContext@1cc2f126<rs=HikariProxyResultSet@1859254853 wrapping rs404: null>
?[0m?[0;34m2023-03-31 16:05:49.082  WARN 29781 --- [nio-8080-exec-3] o.h.e.loading.internal.LoadContexts      : HHH000100: Fail-safe cleanup (collections) : org.hibernate.engine.loading.internal.CollectionLoadContext@50ba8480<rs=HikariProxyResultSet@1105589958 wrapping rs261: null>
?[0m?[0;34m2023-03-31 16:05:49.082  WARN 29781 --- [nio-8080-exec-3] o.h.e.loading.internal.LoadContexts      : HHH000100: Fail-safe cleanup (collections) : org.hibernate.engine.loading.internal.CollectionLoadContext@3746b09<rs=HikariProxyResultSet@1173975879 wrapping rs150: null>
?[0m?[0;34m2023-03-31 16:05:49.082  WARN 29781 --- [nio-8080-exec-3] o.h.e.loading.internal.LoadContexts      : HHH000100: Fail-safe cleanup (collections) : org.hibernate.engine.loading.internal.CollectionLoadContext@532de7f6<rs=HikariProxyResultSet@676825032 wrapping rs110: null>
?[0m?[0;34m2023-03-31 16:05:49.082  WARN 29781 --- [nio-8080-exec-3] o.h.e.loading.internal.LoadContexts      : HHH000100: Fail-safe cleanup (collections) : org.hibernate.engine.loading.internal.CollectionLoadContext@58ed6774<rs=HikariProxyResultSet@1905499588 wrapping rs575: null>
?[0m?[0;34m2023-03-31 16:05:49.082  WARN 29781 --- [nio-8080-exec-3] o.h.e.loading.internal.LoadContexts      : HHH000100: Fail-safe cleanup (collections) : org.hibernate.engine.loading.internal.CollectionLoadContext@5cf7666d<rs=HikariProxyResultSet@506119499 wrapping rs548: null>
?[0m?[0;34m2023-03-31 16:05:49.082  WARN 29781 --- [nio-8080-exec-3] o.h.e.loading.internal.LoadContexts      : HHH000100: Fail-safe cleanup (collections) : org.hibernate.engine.loading.internal.CollectionLoadContext@7c7b62d9<rs=HikariProxyResultSet@540882380 wrapping rs228: null>
?[0m?[0;34m2023-03-31 16:05:49.082  WARN 29781 --- [nio-8080-exec-3] o.h.e.loading.internal.LoadContexts      : HHH000100: Fail-safe cleanup (collections) : org.hibernate.engine.loading.internal.CollectionLoadContext@405538f7<rs=HikariProxyResultSet@536096333 wrapping rs340: null>
?[0m?[0;34m2023-03-31 16:05:49.082  WARN 29781 --- [nio-8080-exec-3] o.h.e.loading.internal.LoadContexts      : HHH000100: Fail-safe cleanup (collections) : org.hibernate.engine.loading.internal.CollectionLoadContext@7330314e<rs=HikariProxyResultSet@719476051 wrapping rs275: null>
?[0m?[0;34m2023-03-31 16:05:49.082  WARN 29781 --- [nio-8080-exec-3] o.h.e.loading.internal.LoadContexts      : HHH000100: Fail-safe cleanup (collections) : org.hibernate.engine.loading.internal.CollectionLoadContext@1413f54b<rs=HikariProxyResultSet@365891923 wrapping rs315: null>
?[0m?[0;34m2023-03-31 16:05:49.082  WARN 29781 --- [nio-8080-exec-3] o.h.e.loading.internal.LoadContexts      : HHH000100: Fail-safe cleanup (collections) : org.hibernate.engine.loading.internal.CollectionLoadContext@335920ba<rs=HikariProxyResultSet@961808723 wrapping rs430: null>
?[0m?[0;34m2023-03-31 16:05:49.082  WARN 29781 --- [nio-8080-exec-3] o.h.e.loading.internal.LoadContexts      : HHH000100: Fail-safe cleanup (collections) : org.hibernate.engine.loading.internal.CollectionLoadContext@5aa224a6<rs=HikariProxyResultSet@1983152854 wrapping rs167: null>
?[0m?[0;34m2023-03-31 16:05:49.082  WARN 29781 --- [nio-8080-exec-3] o.h.e.loading.internal.LoadContexts      : HHH000100: Fail-safe cleanup (collections) : org.hibernate.engine.loading.internal.CollectionLoadContext@28eac4fd<rs=HikariProxyResultSet@815190871 wrapping rs492: null>
?[0m?[0;34m2023-03-31 16:05:49.083  WARN 29781 --- [nio-8080-exec-3] o.h.e.loading.internal.LoadContexts      : HHH000100: Fail-safe cleanup (collections) : org.hibernate.engine.loading.internal.CollectionLoadContext@2358d506<rs=HikariProxyResultSet@1911511000 wrapping rs111: null>
?[0m?[0;34m2023-03-31 16:05:49.083  WARN 29781 --- [nio-8080-exec-3] o.h.e.loading.internal.LoadContexts      : HHH000100: Fail-safe cleanup (collections) : org.hibernate.engine.loading.internal.CollectionLoadContext@597e7d27<rs=HikariProxyResultSet@283049944 wrapping rs189: null>
?[0m?[0;34m2023-03-31 16:05:49.083  WARN 29781 --- [nio-8080-exec-3] o.h.e.loading.internal.LoadContexts      : HHH000100: Fail-safe cleanup (collections) : org.hibernate.engine.loading.internal.CollectionLoadContext@1232e5ba<rs=HikariProxyResultSet@1002431577 wrapping rs211: null>
?[0m?[0;34m2023-03-31 16:05:49.083  WARN 29781 --- [nio-8080-exec-3] o.h.e.loading.internal.LoadContexts      : HHH000100: Fail-safe cleanup (collections) : org.hibernate.engine.loading.internal.CollectionLoadContext@6c81162d<rs=HikariProxyResultSet@1099488474 wrapping rs392: null>
?[0m?[0;34m2023-03-31 16:05:49.083  WARN 29781 --- [nio-8080-exec-3] o.h.e.loading.internal.LoadContexts      : HHH000100: Fail-safe cleanup (collections) : org.hibernate.engine.loading.internal.CollectionLoadContext@9941e5e<rs=HikariProxyResultSet@835981659 wrapping rs449: null>
?[0m?[0;34m2023-03-31 16:05:49.083  WARN 29781 --- [nio-8080-exec-3] o.h.e.loading.internal.LoadContexts      : HHH000100: Fail-safe cleanup (collections) : org.hibernate.engine.loading.internal.CollectionLoadContext@23a9cd0e<rs=HikariProxyResultSet@654520925 wrapping rs208: null>
?[0m?[0;34m2023-03-31 16:05:49.083  WARN 29781 --- [nio-8080-exec-3] o.h.e.loading.internal.LoadContexts      : HHH000100: Fail-safe cleanup (collections) : org.hibernate.engine.loading.internal.CollectionLoadContext@26b3f3f4<rs=HikariProxyResultSet@21501533 wrapping rs267: null>
?[0m?[0;34m2023-03-31 16:05:49.083  WARN 29781 --- [nio-8080-exec-3] o.h.e.loading.internal.LoadContexts      : HHH000100: Fail-safe cleanup (collections) : org.hibernate.engine.loading.internal.CollectionLoadContext@4267a971<rs=HikariProxyResultSet@1843770965 wrapping rs560: null>
?[0m?[0;34m2023-03-31 16:05:49.083  WARN 29781 --- [nio-8080-exec-3] o.h.e.loading.internal.LoadContexts      : HHH000100: Fail-safe cleanup (collections) : org.hibernate.engine.loading.internal.CollectionLoadContext@6ba8298d<rs=HikariProxyResultSet@429490789 wrapping rs91: null>
?[0m?[0;34m2023-03-31 16:05:49.083  WARN 29781 --- [nio-8080-exec-3] o.h.e.loading.internal.LoadContexts      : HHH000100: Fail-safe cleanup (collections) : org.hibernate.engine.loading.internal.CollectionLoadContext@684484b<rs=HikariProxyResultSet@52400870 wrapping rs364: null>
?[0m?[0;34m2023-03-31 16:05:49.083  WARN 29781 --- [nio-8080-exec-3] o.h.e.loading.internal.LoadContexts      : HHH000100: Fail-safe cleanup (collections) : org.hibernate.engine.loading.internal.CollectionLoadContext@3f91373c<rs=HikariProxyResultSet@717852519 wrapping rs350: null>
?[0m?[0;34m2023-03-31 16:05:49.083  WARN 29781 --- [nio-8080-exec-3] o.h.e.loading.internal.LoadContexts      : HHH000100: Fail-safe cleanup (collections) : org.hibernate.engine.loading.internal.CollectionLoadContext@40c23d9e<rs=HikariProxyResultSet@1830908904 wrapping rs101: null>
?[0m?[0;34m2023-03-31 16:05:49.083  WARN 29781 --- [nio-8080-exec-3] o.h.e.loading.internal.LoadContexts      : HHH000100: Fail-safe cleanup (collections) : org.hibernate.engine.loading.internal.CollectionLoadContext@6a8c904a<rs=HikariProxyResultSet@209096680 wrapping rs224: null>
?[0m?[0;34m2023-03-31 16:05:49.083  WARN 29781 --- [nio-8080-exec-3] o.h.e.loading.internal.LoadContexts      : HHH000100: Fail-safe cleanup (collections) : org.hibernate.engine.loading.internal.CollectionLoadContext@4e6e5b40<rs=HikariProxyResultSet@1194190437 wrapping rs494: null>
?[0m?[0;34m2023-03-31 16:05:49.083  WARN 29781 --- [nio-8080-exec-3] o.h.e.loading.internal.LoadContexts      : HHH000100: Fail-safe cleanup (collections) : org.hibernate.engine.loading.internal.CollectionLoadContext@78f0bd66<rs=HikariProxyResultSet@473143659 wrapping rs103: null>
?[0m?[0;34m2023-03-31 16:05:49.083  WARN 29781 --- [nio-8080-exec-3] o.h.e.loading.internal.LoadContexts      : HHH000100: Fail-safe cleanup (collections) : org.hibernate.engine.loading.internal.CollectionLoadContext@298f512b<rs=HikariProxyResultSet@682967532 wrapping rs52: null>
?[0m?[0;34m2023-03-31 16:05:49.083  WARN 29781 --- [nio-8080-exec-3] o.h.e.loading.internal.LoadContexts      : HHH000100: Fail-safe cleanup (collections) : org.hibernate.engine.loading.internal.CollectionLoadContext@270f9a90<rs=HikariProxyResultSet@1740612076 wrapping rs406: null>
?[0m?[0;34m2023-03-31 16:05:49.083  WARN 29781 --- [nio-8080-exec-3] o.h.e.loading.internal.LoadContexts      : HHH000100: Fail-safe cleanup (collections) : org.hibernate.engine.loading.internal.CollectionLoadContext@1b07616a<rs=HikariProxyResultSet@696384875 wrapping rs486: null>
?[0m?[0;34m2023-03-31 16:05:49.083  WARN 29781 --- [nio-8080-exec-3] o.h.e.loading.internal.LoadContexts      : HHH000100: Fail-safe cleanup (collections) : org.hibernate.engine.loading.internal.CollectionLoadContext@66e1f4e1<rs=HikariProxyResultSet@1008727919 wrapping rs120: null>
?[0m?[0;34m2023-03-31 16:05:49.083  WARN 29781 --- [nio-8080-exec-3] o.h.e.loading.internal.LoadContexts      : HHH000100: Fail-safe cleanup (collections) : org.hibernate.engine.loading.internal.CollectionLoadContext@35b4e71f<rs=HikariProxyResultSet@1774203888 wrapping rs79: null>
?[0m?[0;34m2023-03-31 16:05:49.083  WARN 29781 --- [nio-8080-exec-3] o.h.e.loading.internal.LoadContexts      : HHH000100: Fail-safe cleanup (collections) : org.hibernate.engine.loading.internal.CollectionLoadContext@6eb43023<rs=HikariProxyResultSet@251085042 wrapping rs271: null>
?[0m?[0;34m2023-03-31 16:05:49.083  WARN 29781 --- [nio-8080-exec-3] o.h.e.loading.internal.LoadContexts      : HHH000100: Fail-safe cleanup (collections) : org.hibernate.engine.loading.internal.CollectionLoadContext@4e9800ae<rs=HikariProxyResultSet@880588405 wrapping rs95: null>
?[0m?[0;34m2023-03-31 16:05:49.083  WARN 29781 --- [nio-8080-exec-3] o.h.e.loading.internal.LoadContexts      : HHH000100: Fail-safe cleanup (collections) : org.hibernate.engine.loading.internal.CollectionLoadContext@2737b360<rs=HikariProxyResultSet@1992151927 wrapping rs427: null>
?[0m?[0;34m2023-03-31 16:05:49.083  WARN 29781 --- [nio-8080-exec-3] o.h.e.loading.internal.LoadContexts      : HHH000100: Fail-safe cleanup (collections) : org.hibernate.engine.loading.internal.CollectionLoadContext@35a93486<rs=HikariProxyResultSet@1380335608 wrapping rs386: null>
?[0m?[0;34m2023-03-31 16:05:49.083  WARN 29781 --- [nio-8080-exec-3] o.h.e.loading.internal.LoadContexts      : HHH000100: Fail-safe cleanup (collections) : org.hibernate.engine.loading.internal.CollectionLoadContext@7a533f38<rs=HikariProxyResultSet@1063737594 wrapping rs339: null>
?[0m?[0;34m2023-03-31 16:05:49.083  WARN 29781 --- [nio-8080-exec-3] o.h.e.loading.internal.LoadContexts      : HHH000100: Fail-safe cleanup (collections) : org.hibernate.engine.loading.internal.CollectionLoadContext@7440ddac<rs=HikariProxyResultSet@1313836669 wrapping rs192: null>
?[0m?[0;34m2023-03-31 16:05:49.083  WARN 29781 --- [nio-8080-exec-3] o.h.e.loading.internal.LoadContexts      : HHH000100: Fail-safe cleanup (collections) : org.hibernate.engine.loading.internal.CollectionLoadContext@6ef6dcf7<rs=HikariProxyResultSet@2062385918 wrapping rs310: null>
?[0m?[0;34m2023-03-31 16:05:49.083  WARN 29781 --- [nio-8080-exec-3] o.h.e.loading.internal.LoadContexts      : HHH000100: Fail-safe cleanup (collections) : org.hibernate.engine.loading.internal.CollectionLoadContext@1207c8ab<rs=HikariProxyResultSet@73124606 wrapping rs544: null>
?[0m?[0;34m2023-03-31 16:05:49.084 DEBUG 29781 --- [nio-8080-exec-3] o.s.web.servlet.DispatcherServlet        : Completed 200 OK
?[0m?[0;34m2023-03-31 16:05:49.084 DEBUG 29781 --- [nio-8080-exec-3] w.c.HttpSessionSecurityContextRepository : Stored SecurityContextImpl [Authentication=UsernamePasswordAuthenticationToken [Principal=recipes.UserDetailsImpl@83f97d6, Credentials=[PROTECTED], Authenticated=true, Details=WebAuthenticationDetails [RemoteIpAddress=127.0.0.1, SessionId=null], Granted Authorities=[ROLE_USER]]] to HttpSession [org.apache.catalina.session.StandardSessionFacade@1896fd32]
?[0m?[0;34m2023-03-31 16:05:49.084 DEBUG 29781 --- [nio-8080-exec-3] s.s.w.c.SecurityContextPersistenceFilter : Cleared SecurityContextHolder to complete request
?[1;31m
Start test 12?[0m
?[0m?[0;34m2023-03-31 16:05:49.089 DEBUG 29781 --- [nio-8080-exec-5] o.s.security.web.FilterChainProxy        : Securing GET /api/recipe/2
?[0m?[0;34m2023-03-31 16:05:49.089 DEBUG 29781 --- [nio-8080-exec-5] s.s.w.c.SecurityContextPersistenceFilter : Set SecurityContextHolder to empty SecurityContext
?[0m?[0;34m2023-03-31 16:05:49.089 DEBUG 29781 --- [nio-8080-exec-5] tor$SharedEntityManagerInvocationHandler : Creating new EntityManager for shared EntityManager invocation
?[0m?[0;34m2023-03-31 16:05:49.173 DEBUG 29781 --- [nio-8080-exec-5] o.s.s.a.dao.DaoAuthenticationProvider    : Authenticated user
?[0m?[0;34m2023-03-31 16:05:49.173 DEBUG 29781 --- [nio-8080-exec-5] o.s.s.w.a.www.BasicAuthenticationFilter  : Set SecurityContextHolder to UsernamePasswordAuthenticationToken [Principal=recipes.UserDetailsImpl@753c87f5, Credentials=[PROTECTED], Authenticated=true, Details=WebAuthenticationDetails [RemoteIpAddress=127.0.0.1, SessionId=null], Granted Authorities=[ROLE_USER]]
?[0m?[0;34m2023-03-31 16:05:49.173 DEBUG 29781 --- [nio-8080-exec-5] w.c.HttpSessionSecurityContextRepository : Created HttpSession as SecurityContext is non-default
?[0m?[0;34m2023-03-31 16:05:49.173 DEBUG 29781 --- [nio-8080-exec-5] w.c.HttpSessionSecurityContextRepository : Stored SecurityContextImpl [Authentication=UsernamePasswordAuthenticationToken [Principal=recipes.UserDetailsImpl@753c87f5, Credentials=[PROTECTED], Authenticated=true, Details=WebAuthenticationDetails [RemoteIpAddress=127.0.0.1, SessionId=null], Granted Authorities=[ROLE_USER]]] to HttpSession [org.apache.catalina.session.StandardSessionFacade@46cc0996]
?[0m?[0;34m2023-03-31 16:05:49.173 DEBUG 29781 --- [nio-8080-exec-5] o.s.s.w.a.i.FilterSecurityInterceptor    : Authorized filter invocation [GET /api/recipe/2] with attributes [hasRole('ROLE_USER')]
?[0m?[0;34m2023-03-31 16:05:49.173 DEBUG 29781 --- [nio-8080-exec-5] o.s.security.web.FilterChainProxy        : Secured GET /api/recipe/2
?[0m?[0;34m2023-03-31 16:05:49.173 DEBUG 29781 --- [nio-8080-exec-5] o.s.web.servlet.DispatcherServlet        : GET "/api/recipe/2", parameters={}
?[0m?[0;34m2023-03-31 16:05:49.174 DEBUG 29781 --- [nio-8080-exec-5] s.w.s.m.m.a.RequestMappingHandlerMapping : Mapped to recipes.RecipesController#getRecipe(int)
?[0m?[0;34m2023-03-31 16:05:49.174 DEBUG 29781 --- [nio-8080-exec-5] o.j.s.OpenEntityManagerInViewInterceptor : Opening JPA EntityManager in OpenEntityManagerInViewInterceptor
?[0m?[0;34m2023-03-31 16:05:49.174 DEBUG 29781 --- [nio-8080-exec-5] o.s.orm.jpa.JpaTransactionManager        : Found thread-bound EntityManager [SessionImpl(113592550<open>)] for JPA transaction
?[0m?[0;34m2023-03-31 16:05:49.174 DEBUG 29781 --- [nio-8080-exec-5] o.s.orm.jpa.JpaTransactionManager        : Creating new transaction with name [org.springframework.data.jpa.repository.support.SimpleJpaRepository.findById]: PROPAGATION_REQUIRED,ISOLATION_DEFAULT,readOnly
?[0m?[0;34m2023-03-31 16:05:49.174 DEBUG 29781 --- [nio-8080-exec-5] o.s.jdbc.datasource.DataSourceUtils      : Setting JDBC Connection [HikariProxyConnection@543383825 wrapping conn0: url=jdbc:h2:file:../recipes_db user=SA] read-only
?[0m?[0;34m2023-03-31 16:05:49.174 DEBUG 29781 --- [nio-8080-exec-5] o.s.orm.jpa.JpaTransactionManager        : Exposing JPA transaction as JDBC [org.springframework.orm.jpa.vendor.HibernateJpaDialect$HibernateConnectionHandle@1c9b57cc]
?[0m?[0;34m2023-03-31 16:05:49.175 DEBUG 29781 --- [nio-8080-exec-5] o.s.orm.jpa.JpaTransactionManager        : Initiating transaction commit
?[0m?[0;34m2023-03-31 16:05:49.175 DEBUG 29781 --- [nio-8080-exec-5] o.s.orm.jpa.JpaTransactionManager        : Committing JPA transaction on EntityManager [SessionImpl(113592550<open>)]
?[0m?[0;34m2023-03-31 16:05:49.175 DEBUG 29781 --- [nio-8080-exec-5] o.s.jdbc.datasource.DataSourceUtils      : Resetting read-only flag of JDBC Connection [HikariProxyConnection@543383825 wrapping conn0: url=jdbc:h2:file:../recipes_db user=SA]
?[0m?[0;34m2023-03-31 16:05:49.175 DEBUG 29781 --- [nio-8080-exec-5] o.s.orm.jpa.JpaTransactionManager        : Not closing pre-bound JPA EntityManager after transaction
?[0m?[0;34m2023-03-31 16:05:49.175 DEBUG 29781 --- [nio-8080-exec-5] o.s.orm.jpa.JpaTransactionManager        : Found thread-bound EntityManager [SessionImpl(113592550<open>)] for JPA transaction
?[0m?[0;34m2023-03-31 16:05:49.175 DEBUG 29781 --- [nio-8080-exec-5] o.s.orm.jpa.JpaTransactionManager        : Creating new transaction with name [org.springframework.data.jpa.repository.support.SimpleJpaRepository.findById]: PROPAGATION_REQUIRED,ISOLATION_DEFAULT,readOnly
?[0m?[0;34m2023-03-31 16:05:49.175 DEBUG 29781 --- [nio-8080-exec-5] o.s.jdbc.datasource.DataSourceUtils      : Setting JDBC Connection [HikariProxyConnection@543383825 wrapping conn0: url=jdbc:h2:file:../recipes_db user=SA] read-only
?[0m?[0;34m2023-03-31 16:05:49.175 DEBUG 29781 --- [nio-8080-exec-5] o.s.orm.jpa.JpaTransactionManager        : Exposing JPA transaction as JDBC [org.springframework.orm.jpa.vendor.HibernateJpaDialect$HibernateConnectionHandle@70334e4a]
?[0m?[0;34m2023-03-31 16:05:49.176 DEBUG 29781 --- [nio-8080-exec-5] o.s.orm.jpa.JpaTransactionManager        : Initiating transaction commit
?[0m?[0;34m2023-03-31 16:05:49.176 DEBUG 29781 --- [nio-8080-exec-5] o.s.orm.jpa.JpaTransactionManager        : Committing JPA transaction on EntityManager [SessionImpl(113592550<open>)]
?[0m?[0;34m2023-03-31 16:05:49.176 DEBUG 29781 --- [nio-8080-exec-5] o.s.jdbc.datasource.DataSourceUtils      : Resetting read-only flag of JDBC Connection [HikariProxyConnection@543383825 wrapping conn0: url=jdbc:h2:file:../recipes_db user=SA]
?[0m?[0;34m2023-03-31 16:05:49.176 DEBUG 29781 --- [nio-8080-exec-5] o.s.orm.jpa.JpaTransactionManager        : Not closing pre-bound JPA EntityManager after transaction
?[0m?[0;34m2023-03-31 16:05:49.176 DEBUG 29781 --- [nio-8080-exec-5] m.m.a.RequestResponseBodyMethodProcessor : Using 'application/json', given [*/*] and supported [application/json, application/*+json, application/json, application/*+json]
?[0m?[0;34m2023-03-31 16:05:49.239 DEBUG 29781 --- [nio-8080-exec-5] m.m.a.RequestResponseBodyMethodProcessor : Writing [java.lang.StackOverflowError]
?[0m?[0;34m2023-03-31 16:05:49.240 DEBUG 29781 --- [nio-8080-exec-5] w.c.HttpSessionSecurityContextRepository : Stored SecurityContextImpl [Authentication=UsernamePasswordAuthenticationToken [Principal=recipes.UserDetailsImpl@753c87f5, Credentials=[PROTECTED], Authenticated=true, Details=WebAuthenticationDetails [RemoteIpAddress=127.0.0.1, SessionId=null], Granted Authorities=[ROLE_USER]]] to HttpSession [org.apache.catalina.session.StandardSessionFacade@46cc0996]
?[0m?[0;34m2023-03-31 16:05:49.240 DEBUG 29781 --- [nio-8080-exec-5] o.j.s.OpenEntityManagerInViewInterceptor : Closing JPA EntityManager in OpenEntityManagerInViewInterceptor
?[0m?[0;34m2023-03-31 16:05:49.240  WARN 29781 --- [nio-8080-exec-5] o.h.e.loading.internal.LoadContexts      : HHH000100: Fail-safe cleanup (collections) : org.hibernate.engine.loading.internal.CollectionLoadContext@53bcc3c9<rs=HikariProxyResultSet@423004160 wrapping rs619: null>
?[0m?[0;34m2023-03-31 16:05:49.240  WARN 29781 --- [nio-8080-exec-5] o.h.e.loading.internal.LoadContexts      : HHH000100: Fail-safe cleanup (collections) : org.hibernate.engine.loading.internal.CollectionLoadContext@6d0ed67b<rs=HikariProxyResultSet@318198784 wrapping rs782: null>
?[0m?[0;34m2023-03-31 16:05:49.240  WARN 29781 --- [nio-8080-exec-5] o.h.e.loading.internal.LoadContexts      : HHH000100: Fail-safe cleanup (collections) : org.hibernate.engine.loading.internal.CollectionLoadContext@63701cbf<rs=HikariProxyResultSet@1041208449 wrapping rs861: null>
?[0m?[0;34m2023-03-31 16:05:49.240  WARN 29781 --- [nio-8080-exec-5] o.h.e.loading.internal.LoadContexts      : HHH000100: Fail-safe cleanup (collections) : org.hibernate.engine.loading.internal.CollectionLoadContext@340c6237<rs=HikariProxyResultSet@984305027 wrapping rs824: null>
?[0m?[0;34m2023-03-31 16:05:49.240  WARN 29781 --- [nio-8080-exec-5] o.h.e.loading.internal.LoadContexts      : HHH000100: Fail-safe cleanup (collections) : org.hibernate.engine.loading.internal.CollectionLoadContext@19b4df4<rs=HikariProxyResultSet@546252929 wrapping rs1069: null>
?[0m?[0;34m2023-03-31 16:05:49.240  WARN 29781 --- [nio-8080-exec-5] o.h.e.loading.internal.LoadContexts      : HHH000100: Fail-safe cleanup (collections) : org.hibernate.engine.loading.internal.CollectionLoadContext@1a3dfeb2<rs=HikariProxyResultSet@469725829 wrapping rs591: null>
?[0m?[0;34m2023-03-31 16:05:49.240  WARN 29781 --- [nio-8080-exec-5] o.h.e.loading.internal.LoadContexts      : HHH000100: Fail-safe cleanup (collections) : org.hibernate.engine.loading.internal.CollectionLoadContext@794b8cae<rs=HikariProxyResultSet@1703026438 wrapping rs730: null>
?[0m?[0;34m2023-03-31 16:05:49.240  WARN 29781 --- [nio-8080-exec-5] o.h.e.loading.internal.LoadContexts      : HHH000100: Fail-safe cleanup (collections) : org.hibernate.engine.loading.internal.CollectionLoadContext@2e01546a<rs=HikariProxyResultSet@1201320710 wrapping rs923: null>
?[0m?[0;34m2023-03-31 16:05:49.240  WARN 29781 --- [nio-8080-exec-5] o.h.e.loading.internal.LoadContexts      : HHH000100: Fail-safe cleanup (collections) : org.hibernate.engine.loading.internal.CollectionLoadContext@752e58b3<rs=HikariProxyResultSet@558941192 wrapping rs599: null>
?[0m?[0;34m2023-03-31 16:05:49.240  WARN 29781 --- [nio-8080-exec-5] o.h.e.loading.internal.LoadContexts      : HHH000100: Fail-safe cleanup (collections) : org.hibernate.engine.loading.internal.CollectionLoadContext@13f0ca<rs=HikariProxyResultSet@1067858057 wrapping rs696: null>
?[0m?[0;34m2023-03-31 16:05:49.240  WARN 29781 --- [nio-8080-exec-5] o.h.e.loading.internal.LoadContexts      : HHH000100: Fail-safe cleanup (collections) : org.hibernate.engine.loading.internal.CollectionLoadContext@2598329a<rs=HikariProxyResultSet@260540037 wrapping rs1031: null>
?[0m?[0;34m2023-03-31 16:05:49.240  WARN 29781 --- [nio-8080-exec-5] o.h.e.loading.internal.LoadContexts      : HHH000100: Fail-safe cleanup (collections) : org.hibernate.engine.loading.internal.CollectionLoadContext@19e9047<rs=HikariProxyResultSet@580969988 wrapping rs1092: null>
?[0m?[0;34m2023-03-31 16:05:49.240  WARN 29781 --- [nio-8080-exec-5] o.h.e.loading.internal.LoadContexts      : HHH000100: Fail-safe cleanup (collections) : org.hibernate.engine.loading.internal.CollectionLoadContext@672ab07<rs=HikariProxyResultSet@664276492 wrapping rs768: null>
?[0m?[0;34m2023-03-31 16:05:49.240  WARN 29781 --- [nio-8080-exec-5] o.h.e.loading.internal.LoadContexts      : HHH000100: Fail-safe cleanup (collections) : org.hibernate.engine.loading.internal.CollectionLoadContext@19f88ea3<rs=HikariProxyResultSet@873240592 wrapping rs940: null>
?[0m?[0;34m2023-03-31 16:05:49.240  WARN 29781 --- [nio-8080-exec-5] o.h.e.loading.internal.LoadContexts      : HHH000100: Fail-safe cleanup (collections) : org.hibernate.engine.loading.internal.CollectionLoadContext@7d1073e4<rs=HikariProxyResultSet@147202451 wrapping rs884: null>
?[0m?[0;34m2023-03-31 16:05:49.240  WARN 29781 --- [nio-8080-exec-5] o.h.e.loading.internal.LoadContexts      : HHH000100: Fail-safe cleanup (collections) : org.hibernate.engine.loading.internal.CollectionLoadContext@879c8a9<rs=HikariProxyResultSet@1747610261 wrapping rs594: null>
?[0m?[0;34m2023-03-31 16:05:49.240  WARN 29781 --- [nio-8080-exec-5] o.h.e.loading.internal.LoadContexts      : HHH000100: Fail-safe cleanup (collections) : org.hibernate.engine.loading.internal.CollectionLoadContext@1b407032<rs=HikariProxyResultSet@412410517 wrapping rs1030: null>
?[0m?[0;34m2023-03-31 16:05:49.240  WARN 29781 --- [nio-8080-exec-5] o.h.e.loading.internal.LoadContexts      : HHH000100: Fail-safe cleanup (collections) : org.hibernate.engine.loading.internal.CollectionLoadContext@4690686f<rs=HikariProxyResultSet@1093546137 wrapping rs609: null>
?[0m?[0;34m2023-03-31 16:05:49.240  WARN 29781 --- [nio-8080-exec-5] o.h.e.loading.internal.LoadContexts      : HHH000100: Fail-safe cleanup (collections) : org.hibernate.engine.loading.internal.CollectionLoadContext@38e1bc0a<rs=HikariProxyResultSet@397073819 wrapping rs633: null>
?[0m?[0;34m2023-03-31 16:05:49.241  WARN 29781 --- [nio-8080-exec-5] o.h.e.loading.internal.LoadContexts      : HHH000100: Fail-safe cleanup (collections) : org.hibernate.engine.loading.internal.CollectionLoadContext@7e1b173f<rs=HikariProxyResultSet@279154075 wrapping rs911: null>
?[0m?[0;34m2023-03-31 16:05:49.241  WARN 29781 --- [nio-8080-exec-5] o.h.e.loading.internal.LoadContexts      : HHH000100: Fail-safe cleanup (collections) : org.hibernate.engine.loading.internal.CollectionLoadContext@66c2392e<rs=HikariProxyResultSet@598772002 wrapping rs651: null>
?[0m?[0;34m2023-03-31 16:05:49.241  WARN 29781 --- [nio-8080-exec-5] o.h.e.loading.internal.LoadContexts      : HHH000100: Fail-safe cleanup (collections) : org.hibernate.engine.loading.internal.CollectionLoadContext@23d4f689<rs=HikariProxyResultSet@1619430819 wrapping rs988: null>
?[0m?[0;34m2023-03-31 16:05:49.241  WARN 29781 --- [nio-8080-exec-5] o.h.e.loading.internal.LoadContexts      : HHH000100: Fail-safe cleanup (collections) : org.hibernate.engine.loading.internal.CollectionLoadContext@16600f15<rs=HikariProxyResultSet@151477796 wrapping rs816: null>
?[0m?[0;34m2023-03-31 16:05:49.241  WARN 29781 --- [nio-8080-exec-5] o.h.e.loading.internal.LoadContexts      : HHH000100: Fail-safe cleanup (collections) : org.hibernate.engine.loading.internal.CollectionLoadContext@30644009<rs=HikariProxyResultSet@2066442409 wrapping rs802: null>
?[0m?[0;34m2023-03-31 16:05:49.241  WARN 29781 --- [nio-8080-exec-5] o.h.e.loading.internal.LoadContexts      : HHH000100: Fail-safe cleanup (collections) : org.hibernate.engine.loading.internal.CollectionLoadContext@47181462<rs=HikariProxyResultSet@359474345 wrapping rs968: null>
?[0m?[0;34m2023-03-31 16:05:49.241  WARN 29781 --- [nio-8080-exec-5] o.h.e.loading.internal.LoadContexts      : HHH000100: Fail-safe cleanup (collections) : org.hibernate.engine.loading.internal.CollectionLoadContext@437cd2b6<rs=HikariProxyResultSet@219178669 wrapping rs668: null>
?[0m?[0;34m2023-03-31 16:05:49.241  WARN 29781 --- [nio-8080-exec-5] o.h.e.loading.internal.LoadContexts      : HHH000100: Fail-safe cleanup (collections) : org.hibernate.engine.loading.internal.CollectionLoadContext@5572756b<rs=HikariProxyResultSet@656585389 wrapping rs872: null>
?[0m?[0;34m2023-03-31 16:05:49.241  WARN 29781 --- [nio-8080-exec-5] o.h.e.loading.internal.LoadContexts      : HHH000100: Fail-safe cleanup (collections) : org.hibernate.engine.loading.internal.CollectionLoadContext@478403c4<rs=HikariProxyResultSet@1831985071 wrapping rs965: null>
?[0m?[0;34m2023-03-31 16:05:49.241  WARN 29781 --- [nio-8080-exec-5] o.h.e.loading.internal.LoadContexts      : HHH000100: Fail-safe cleanup (collections) : org.hibernate.engine.loading.internal.CollectionLoadContext@4038b452<rs=HikariProxyResultSet@1658177584 wrapping rs902: null>
?[0m?[0;34m2023-03-31 16:05:49.241  WARN 29781 --- [nio-8080-exec-5] o.h.e.loading.internal.LoadContexts      : HHH000100: Fail-safe cleanup (collections) : org.hibernate.engine.loading.internal.CollectionLoadContext@65f43781<rs=HikariProxyResultSet@668635313 wrapping rs717: null>
?[0m?[0;34m2023-03-31 16:05:49.241  WARN 29781 --- [nio-8080-exec-5] o.h.e.loading.internal.LoadContexts      : HHH000100: Fail-safe cleanup (collections) : org.hibernate.engine.loading.internal.CollectionLoadContext@236bcf79<rs=HikariProxyResultSet@1123445300 wrapping rs827: null>
?[0m?[0;34m2023-03-31 16:05:49.241  WARN 29781 --- [nio-8080-exec-5] o.h.e.loading.internal.LoadContexts      : HHH000100: Fail-safe cleanup (collections) : org.hibernate.engine.loading.internal.CollectionLoadContext@449672f3<rs=HikariProxyResultSet@643335732 wrapping rs936: null>
?[0m?[0;34m2023-03-31 16:05:49.241  WARN 29781 --- [nio-8080-exec-5] o.h.e.loading.internal.LoadContexts      : HHH000100: Fail-safe cleanup (collections) : org.hibernate.engine.loading.internal.CollectionLoadContext@4189c417<rs=HikariProxyResultSet@1382813623 wrapping rs713: null>
?[0m?[0;34m2023-03-31 16:05:49.241  WARN 29781 --- [nio-8080-exec-5] o.h.e.loading.internal.LoadContexts      : HHH000100: Fail-safe cleanup (collections) : org.hibernate.engine.loading.internal.CollectionLoadContext@505ab98<rs=HikariProxyResultSet@2069026872 wrapping rs643: null>
?[0m?[0;34m2023-03-31 16:05:49.241  WARN 29781 --- [nio-8080-exec-5] o.h.e.loading.internal.LoadContexts      : HHH000100: Fail-safe cleanup (collections) : org.hibernate.engine.loading.internal.CollectionLoadContext@7868bc46<rs=HikariProxyResultSet@93297978 wrapping rs1105: null>
?[0m?[0;34m2023-03-31 16:05:49.241  WARN 29781 --- [nio-8080-exec-5] o.h.e.loading.internal.LoadContexts      : HHH000100: Fail-safe cleanup (collections) : org.hibernate.engine.loading.internal.CollectionLoadContext@f9e5852<rs=HikariProxyResultSet@1472338371 wrapping rs925: null>
?[0m?[0;34m2023-03-31 16:05:49.241  WARN 29781 --- [nio-8080-exec-5] o.h.e.loading.internal.LoadContexts      : HHH000100: Fail-safe cleanup (collections) : org.hibernate.engine.loading.internal.CollectionLoadContext@b89cca<rs=HikariProxyResultSet@1808081605 wrapping rs690: null>
?[0m?[0;34m2023-03-31 16:05:49.241  WARN 29781 --- [nio-8080-exec-5] o.h.e.loading.internal.LoadContexts      : HHH000100: Fail-safe cleanup (collections) : org.hibernate.engine.loading.internal.CollectionLoadContext@28c9ae2e<rs=HikariProxyResultSet@460214981 wrapping rs1076: null>
?[0m?[0;34m2023-03-31 16:05:49.241  WARN 29781 --- [nio-8080-exec-5] o.h.e.loading.internal.LoadContexts      : HHH000100: Fail-safe cleanup (collections) : org.hibernate.engine.loading.internal.CollectionLoadContext@157eadfd<rs=HikariProxyResultSet@1552137030 wrapping rs1084: null>
?[0m?[0;34m2023-03-31 16:05:49.241  WARN 29781 --- [nio-8080-exec-5] o.h.e.loading.internal.LoadContexts      : HHH000100: Fail-safe cleanup (collections) : org.hibernate.engine.loading.internal.CollectionLoadContext@685f3bc8<rs=HikariProxyResultSet@103822408 wrapping rs843: null>
?[0m?[0;34m2023-03-31 16:05:49.241  WARN 29781 --- [nio-8080-exec-5] o.h.e.loading.internal.LoadContexts      : HHH000100: Fail-safe cleanup (collections) : org.hibernate.engine.loading.internal.CollectionLoadContext@2cc5a4c5<rs=HikariProxyResultSet@1498534863 wrapping rs744: null>
?[0m?[0;34m2023-03-31 16:05:49.241  WARN 29781 --- [nio-8080-exec-5] o.h.e.loading.internal.LoadContexts      : HHH000100: Fail-safe cleanup (collections) : org.hibernate.engine.loading.internal.CollectionLoadContext@4918d7ad<rs=HikariProxyResultSet@324280400 wrapping rs598: null>
?[0m?[0;34m2023-03-31 16:05:49.241  WARN 29781 --- [nio-8080-exec-5] o.h.e.loading.internal.LoadContexts      : HHH000100: Fail-safe cleanup (collections) : org.hibernate.engine.loading.internal.CollectionLoadContext@29e99a36<rs=HikariProxyResultSet@827162704 wrapping rs1096: null>
?[0m?[0;34m2023-03-31 16:05:49.241  WARN 29781 --- [nio-8080-exec-5] o.h.e.loading.internal.LoadContexts      : HHH000100: Fail-safe cleanup (collections) : org.hibernate.engine.loading.internal.CollectionLoadContext@38f965b8<rs=HikariProxyResultSet@1169164626 wrapping rs873: null>
?[0m?[0;34m2023-03-31 16:05:49.241  WARN 29781 --- [nio-8080-exec-5] o.h.e.loading.internal.LoadContexts      : HHH000100: Fail-safe cleanup (collections) : org.hibernate.engine.loading.internal.CollectionLoadContext@399b1dee<rs=HikariProxyResultSet@655722963 wrapping rs881: null>
?[0m?[0;34m2023-03-31 16:05:49.241  WARN 29781 --- [nio-8080-exec-5] o.h.e.loading.internal.LoadContexts      : HHH000100: Fail-safe cleanup (collections) : org.hibernate.engine.loading.internal.CollectionLoadContext@363100cf<rs=HikariProxyResultSet@1537023443 wrapping rs1054: null>
?[0m?[0;34m2023-03-31 16:05:49.241  WARN 29781 --- [nio-8080-exec-5] o.h.e.loading.internal.LoadContexts      : HHH000100: Fail-safe cleanup (collections) : org.hibernate.engine.loading.internal.CollectionLoadContext@536c1415<rs=HikariProxyResultSet@1728508758 wrapping rs950: null>
?[0m?[0;34m2023-03-31 16:05:49.241  WARN 29781 --- [nio-8080-exec-5] o.h.e.loading.internal.LoadContexts      : HHH000100: Fail-safe cleanup (collections) : org.hibernate.engine.loading.internal.CollectionLoadContext@20cb6f65<rs=HikariProxyResultSet@1425094615 wrapping rs1052: null>
?[0m?[0;34m2023-03-31 16:05:49.241  WARN 29781 --- [nio-8080-exec-5] o.h.e.loading.internal.LoadContexts      : HHH000100: Fail-safe cleanup (collections) : org.hibernate.engine.loading.internal.CollectionLoadContext@415e72ff<rs=HikariProxyResultSet@2035474649 wrapping rs1093: null>
?[0m?[0;34m2023-03-31 16:05:49.241  WARN 29781 --- [nio-8080-exec-5] o.h.e.loading.internal.LoadContexts      : HHH000100: Fail-safe cleanup (collections) : org.hibernate.engine.loading.internal.CollectionLoadContext@7fd72563<rs=HikariProxyResultSet@1417687644 wrapping rs783: null>
?[0m?[0;34m2023-03-31 16:05:49.241  WARN 29781 --- [nio-8080-exec-5] o.h.e.loading.internal.LoadContexts      : HHH000100: Fail-safe cleanup (collections) : org.hibernate.engine.loading.internal.CollectionLoadContext@4c285a30<rs=HikariProxyResultSet@341556957 wrapping rs603: null>
?[0m?[0;34m2023-03-31 16:05:49.241  WARN 29781 --- [nio-8080-exec-5] o.h.e.loading.internal.LoadContexts      : HHH000100: Fail-safe cleanup (collections) : org.hibernate.engine.loading.internal.CollectionLoadContext@37e3a497<rs=HikariProxyResultSet@1230816989 wrapping rs669: null>
?[0m?[0;34m2023-03-31 16:05:49.241  WARN 29781 --- [nio-8080-exec-5] o.h.e.loading.internal.LoadContexts      : HHH000100: Fail-safe cleanup (collections) : org.hibernate.engine.loading.internal.CollectionLoadContext@518e11e<rs=HikariProxyResultSet@188177117 wrapping rs1112: null>
?[0m?[0;34m2023-03-31 16:05:49.241  WARN 29781 --- [nio-8080-exec-5] o.h.e.loading.internal.LoadContexts      : HHH000100: Fail-safe cleanup (collections) : org.hibernate.engine.loading.internal.CollectionLoadContext@432220e3<rs=HikariProxyResultSet@222202976 wrapping rs1023: null>
?[0m?[0;34m2023-03-31 16:05:49.241  WARN 29781 --- [nio-8080-exec-5] o.h.e.loading.internal.LoadContexts      : HHH000100: Fail-safe cleanup (collections) : org.hibernate.engine.loading.internal.CollectionLoadContext@4dd51b6d<rs=HikariProxyResultSet@1686612322 wrapping rs1026: null>
?[0m?[0;34m2023-03-31 16:05:49.241  WARN 29781 --- [nio-8080-exec-5] o.h.e.loading.internal.LoadContexts      : HHH000100: Fail-safe cleanup (collections) : org.hibernate.engine.loading.internal.CollectionLoadContext@6738d95c<rs=HikariProxyResultSet@2084293091 wrapping rs759: null>
?[0m?[0;34m2023-03-31 16:05:49.241  WARN 29781 --- [nio-8080-exec-5] o.h.e.loading.internal.LoadContexts      : HHH000100: Fail-safe cleanup (collections) : org.hibernate.engine.loading.internal.CollectionLoadContext@25eac4b4<rs=HikariProxyResultSet@400337637 wrapping rs604: null>
?[0m?[0;34m2023-03-31 16:05:49.241  WARN 29781 --- [nio-8080-exec-5] o.h.e.loading.internal.LoadContexts      : HHH000100: Fail-safe cleanup (collections) : org.hibernate.engine.loading.internal.CollectionLoadContext@771dddd2<rs=HikariProxyResultSet@2121171685 wrapping rs741: null>
?[0m?[0;34m2023-03-31 16:05:49.241  WARN 29781 --- [nio-8080-exec-5] o.h.e.loading.internal.LoadContexts      : HHH000100: Fail-safe cleanup (collections) : org.hibernate.engine.loading.internal.CollectionLoadContext@1276be2f<rs=HikariProxyResultSet@1730753640 wrapping rs858: null>
?[0m?[0;34m2023-03-31 16:05:49.241  WARN 29781 --- [nio-8080-exec-5] o.h.e.loading.internal.LoadContexts      : HHH000100: Fail-safe cleanup (collections) : org.hibernate.engine.loading.internal.CollectionLoadContext@33a56704<rs=HikariProxyResultSet@438641897 wrapping rs791: null>
?[0m?[0;34m2023-03-31 16:05:49.241  WARN 29781 --- [nio-8080-exec-5] o.h.e.loading.internal.LoadContexts      : HHH000100: Fail-safe cleanup (collections) : org.hibernate.engine.loading.internal.CollectionLoadContext@4019daa0<rs=HikariProxyResultSet@2096206186 wrapping rs818: null>
?[0m?[0;34m2023-03-31 16:05:49.241  WARN 29781 --- [nio-8080-exec-5] o.h.e.loading.internal.LoadContexts      : HHH000100: Fail-safe cleanup (collections) : org.hibernate.engine.loading.internal.CollectionLoadContext@59f37c3c<rs=HikariProxyResultSet@1295559276 wrapping rs1036: null>
?[0m?[0;34m2023-03-31 16:05:49.241  WARN 29781 --- [nio-8080-exec-5] o.h.e.loading.internal.LoadContexts      : HHH000100: Fail-safe cleanup (collections) : org.hibernate.engine.loading.internal.CollectionLoadContext@7e5326eb<rs=HikariProxyResultSet@1627438321 wrapping rs662: null>
?[0m?[0;34m2023-03-31 16:05:49.241  WARN 29781 --- [nio-8080-exec-5] o.h.e.loading.internal.LoadContexts      : HHH000100: Fail-safe cleanup (collections) : org.hibernate.engine.loading.internal.CollectionLoadContext@6656e362<rs=HikariProxyResultSet@380864753 wrapping rs807: null>
?[0m?[0;34m2023-03-31 16:05:49.241  WARN 29781 --- [nio-8080-exec-5] o.h.e.loading.internal.LoadContexts      : HHH000100: Fail-safe cleanup (collections) : org.hibernate.engine.loading.internal.CollectionLoadContext@6894f9d2<rs=HikariProxyResultSet@1431033589 wrapping rs1047: null>
?[0m?[0;34m2023-03-31 16:05:49.241  WARN 29781 --- [nio-8080-exec-5] o.h.e.loading.internal.LoadContexts      : HHH000100: Fail-safe cleanup (collections) : org.hibernate.engine.loading.internal.CollectionLoadContext@2ac47a60<rs=HikariProxyResultSet@463772534 wrapping rs671: null>
?[0m?[0;34m2023-03-31 16:05:49.241  WARN 29781 --- [nio-8080-exec-5] o.h.e.loading.internal.LoadContexts      : HHH000100: Fail-safe cleanup (collections) : org.hibernate.engine.loading.internal.CollectionLoadContext@4dc765ad<rs=HikariProxyResultSet@748043384 wrapping rs1116: null>
?[0m?[0;34m2023-03-31 16:05:49.241  WARN 29781 --- [nio-8080-exec-5] o.h.e.loading.internal.LoadContexts      : HHH000100: Fail-safe cleanup (collections) : org.hibernate.engine.loading.internal.CollectionLoadContext@1c5bd284<rs=HikariProxyResultSet@2050597371 wrapping rs972: null>
?[0m?[0;34m2023-03-31 16:05:49.241  WARN 29781 --- [nio-8080-exec-5] o.h.e.loading.internal.LoadContexts      : HHH000100: Fail-safe cleanup (collections) : org.hibernate.engine.loading.internal.CollectionLoadContext@53cef2b4<rs=HikariProxyResultSet@665897467 wrapping rs1020: null>
?[0m?[0;34m2023-03-31 16:05:49.241  WARN 29781 --- [nio-8080-exec-5] o.h.e.loading.internal.LoadContexts      : HHH000100: Fail-safe cleanup (collections) : org.hibernate.engine.loading.internal.CollectionLoadContext@5ad095d7<rs=HikariProxyResultSet@1776572415 wrapping rs1085: null>
?[0m?[0;34m2023-03-31 16:05:49.241  WARN 29781 --- [nio-8080-exec-5] o.h.e.loading.internal.LoadContexts      : HHH000100: Fail-safe cleanup (collections) : org.hibernate.engine.loading.internal.CollectionLoadContext@2c4c792d<rs=HikariProxyResultSet@1027223680 wrapping rs634: null>
?[0m?[0;34m2023-03-31 16:05:49.241  WARN 29781 --- [nio-8080-exec-5] o.h.e.loading.internal.LoadContexts      : HHH000100: Fail-safe cleanup (collections) : org.hibernate.engine.loading.internal.CollectionLoadContext@6ec141d2<rs=HikariProxyResultSet@728789249 wrapping rs841: null>
?[0m?[0;34m2023-03-31 16:05:49.241  WARN 29781 --- [nio-8080-exec-5] o.h.e.loading.internal.LoadContexts      : HHH000100: Fail-safe cleanup (collections) : org.hibernate.engine.loading.internal.CollectionLoadContext@4abe45ec<rs=HikariProxyResultSet@1246026880 wrapping rs1071: null>
?[0m?[0;34m2023-03-31 16:05:49.241  WARN 29781 --- [nio-8080-exec-5] o.h.e.loading.internal.LoadContexts      : HHH000100: Fail-safe cleanup (collections) : org.hibernate.engine.loading.internal.CollectionLoadContext@141e1f41<rs=HikariProxyResultSet@1443162885 wrapping rs1087: null>
?[0m?[0;34m2023-03-31 16:05:49.241  WARN 29781 --- [nio-8080-exec-5] o.h.e.loading.internal.LoadContexts      : HHH000100: Fail-safe cleanup (collections) : org.hibernate.engine.loading.internal.CollectionLoadContext@5bd499fe<rs=HikariProxyResultSet@10266760 wrapping rs1004: null>
?[0m?[0;34m2023-03-31 16:05:49.241  WARN 29781 --- [nio-8080-exec-5] o.h.e.loading.internal.LoadContexts      : HHH000100: Fail-safe cleanup (collections) : org.hibernate.engine.loading.internal.CollectionLoadContext@3f7f9c87<rs=HikariProxyResultSet@1589239049 wrapping rs1074: null>
?[0m?[0;34m2023-03-31 16:05:49.241  WARN 29781 --- [nio-8080-exec-5] o.h.e.loading.internal.LoadContexts      : HHH000100: Fail-safe cleanup (collections) : org.hibernate.engine.loading.internal.CollectionLoadContext@7563fa1<rs=HikariProxyResultSet@1905025934 wrapping rs1014: null>
?[0m?[0;34m2023-03-31 16:05:49.241  WARN 29781 --- [nio-8080-exec-5] o.h.e.loading.internal.LoadContexts      : HHH000100: Fail-safe cleanup (collections) : org.hibernate.engine.loading.internal.CollectionLoadContext@63d6cc1d<rs=HikariProxyResultSet@892834065 wrapping rs903: null>
?[0m?[0;34m2023-03-31 16:05:49.241  WARN 29781 --- [nio-8080-exec-5] o.h.e.loading.internal.LoadContexts      : HHH000100: Fail-safe cleanup (collections) : org.hibernate.engine.loading.internal.CollectionLoadContext@1cb2b2f0<rs=HikariProxyResultSet@958150034 wrapping rs701: null>
?[0m?[0;34m2023-03-31 16:05:49.241  WARN 29781 --- [nio-8080-exec-5] o.h.e.loading.internal.LoadContexts      : HHH000100: Fail-safe cleanup (collections) : org.hibernate.engine.loading.internal.CollectionLoadContext@5f6a8e45<rs=HikariProxyResultSet@535542033 wrapping rs1035: null>
?[0m?[0;34m2023-03-31 16:05:49.241  WARN 29781 --- [nio-8080-exec-5] o.h.e.loading.internal.LoadContexts      : HHH000100: Fail-safe cleanup (collections) : org.hibernate.engine.loading.internal.CollectionLoadContext@6977193e<rs=HikariProxyResultSet@1425930900 wrapping rs753: null>
?[0m?[0;34m2023-03-31 16:05:49.241  WARN 29781 --- [nio-8080-exec-5] o.h.e.loading.internal.LoadContexts      : HHH000100: Fail-safe cleanup (collections) : org.hibernate.engine.loading.internal.CollectionLoadContext@3c149629<rs=HikariProxyResultSet@246846358 wrapping rs852: null>
?[0m?[0;34m2023-03-31 16:05:49.241  WARN 29781 --- [nio-8080-exec-5] o.h.e.loading.internal.LoadContexts      : HHH000100: Fail-safe cleanup (collections) : org.hibernate.engine.loading.internal.CollectionLoadContext@35b88669<rs=HikariProxyResultSet@295459226 wrapping rs785: null>
?[0m?[0;34m2023-03-31 16:05:49.241  WARN 29781 --- [nio-8080-exec-5] o.h.e.loading.internal.LoadContexts      : HHH000100: Fail-safe cleanup (collections) : org.hibernate.engine.loading.internal.CollectionLoadContext@3eab2e3d<rs=HikariProxyResultSet@1784239643 wrapping rs1029: null>
?[0m?[0;34m2023-03-31 16:05:49.241  WARN 29781 --- [nio-8080-exec-5] o.h.e.loading.internal.LoadContexts      : HHH000100: Fail-safe cleanup (collections) : org.hibernate.engine.loading.internal.CollectionLoadContext@6f446e3f<rs=HikariProxyResultSet@276782748 wrapping rs590: null>
?[0m?[0;34m2023-03-31 16:05:49.241  WARN 29781 --- [nio-8080-exec-5] o.h.e.loading.internal.LoadContexts      : HHH000100: Fail-safe cleanup (collections) : org.hibernate.engine.loading.internal.CollectionLoadContext@77790820<rs=HikariProxyResultSet@1375547036 wrapping rs595: null>
?[0m?[0;34m2023-03-31 16:05:49.241  WARN 29781 --- [nio-8080-exec-5] o.h.e.loading.internal.LoadContexts      : HHH000100: Fail-safe cleanup (collections) : org.hibernate.engine.loading.internal.CollectionLoadContext@6834368<rs=HikariProxyResultSet@1777420956 wrapping rs693: null>
?[0m?[0;34m2023-03-31 16:05:49.241  WARN 29781 --- [nio-8080-exec-5] o.h.e.loading.internal.LoadContexts      : HHH000100: Fail-safe cleanup (collections) : org.hibernate.engine.loading.internal.CollectionLoadContext@61be5f43<rs=HikariProxyResultSet@1410527392 wrapping rs856: null>
?[0m?[0;34m2023-03-31 16:05:49.241  WARN 29781 --- [nio-8080-exec-5] o.h.e.loading.internal.LoadContexts      : HHH000100: Fail-safe cleanup (collections) : org.hibernate.engine.loading.internal.CollectionLoadContext@2d47e0dd<rs=HikariProxyResultSet@569384354 wrapping rs650: null>
?[0m?[0;34m2023-03-31 16:05:49.241  WARN 29781 --- [nio-8080-exec-5] o.h.e.loading.internal.LoadContexts      : HHH000100: Fail-safe cleanup (collections) : org.hibernate.engine.loading.internal.CollectionLoadContext@12c0d55d<rs=HikariProxyResultSet@1522837543 wrapping rs961: null>
?[0m?[0;34m2023-03-31 16:05:49.241  WARN 29781 --- [nio-8080-exec-5] o.h.e.loading.internal.LoadContexts      : HHH000100: Fail-safe cleanup (collections) : org.hibernate.engine.loading.internal.CollectionLoadContext@e445c6e<rs=HikariProxyResultSet@1764542632 wrapping rs876: null>
?[0m?[0;34m2023-03-31 16:05:49.241  WARN 29781 --- [nio-8080-exec-5] o.h.e.loading.internal.LoadContexts      : HHH000100: Fail-safe cleanup (collections) : org.hibernate.engine.loading.internal.CollectionLoadContext@1d134ea2<rs=HikariProxyResultSet@795300137 wrapping rs975: null>
?[0m?[0;34m2023-03-31 16:05:49.241  WARN 29781 --- [nio-8080-exec-5] o.h.e.loading.internal.LoadContexts      : HHH000100: Fail-safe cleanup (collections) : org.hibernate.engine.loading.internal.CollectionLoadContext@f4014d5<rs=HikariProxyResultSet@700879403 wrapping rs732: null>
?[0m?[0;34m2023-03-31 16:05:49.242  WARN 29781 --- [nio-8080-exec-5] o.h.e.loading.internal.LoadContexts      : HHH000100: Fail-safe cleanup (collections) : org.hibernate.engine.loading.internal.CollectionLoadContext@1bbe525d<rs=HikariProxyResultSet@59004588 wrapping rs751: null>
?[0m?[0;34m2023-03-31 16:05:49.242  WARN 29781 --- [nio-8080-exec-5] o.h.e.loading.internal.LoadContexts      : HHH000100: Fail-safe cleanup (collections) : org.hibernate.engine.loading.internal.CollectionLoadContext@37b5da68<rs=HikariProxyResultSet@1981114802 wrapping rs893: null>
?[0m?[0;34m2023-03-31 16:05:49.242  WARN 29781 --- [nio-8080-exec-5] o.h.e.loading.internal.LoadContexts      : HHH000100: Fail-safe cleanup (collections) : org.hibernate.engine.loading.internal.CollectionLoadContext@30d4f462<rs=HikariProxyResultSet@319330996 wrapping rs914: null>
?[0m?[0;34m2023-03-31 16:05:49.242  WARN 29781 --- [nio-8080-exec-5] o.h.e.loading.internal.LoadContexts      : HHH000100: Fail-safe cleanup (collections) : org.hibernate.engine.loading.internal.CollectionLoadContext@3fbdb811<rs=HikariProxyResultSet@1046265653 wrapping rs757: null>
?[0m?[0;34m2023-03-31 16:05:49.242  WARN 29781 --- [nio-8080-exec-5] o.h.e.loading.internal.LoadContexts      : HHH000100: Fail-safe cleanup (collections) : org.hibernate.engine.loading.internal.CollectionLoadContext@56782901<rs=HikariProxyResultSet@1425867702 wrapping rs794: null>
?[0m?[0;34m2023-03-31 16:05:49.242  WARN 29781 --- [nio-8080-exec-5] o.h.e.loading.internal.LoadContexts      : HHH000100: Fail-safe cleanup (collections) : org.hibernate.engine.loading.internal.CollectionLoadContext@4f07cf3c<rs=HikariProxyResultSet@1811779639 wrapping rs962: null>
?[0m?[0;34m2023-03-31 16:05:49.242  WARN 29781 --- [nio-8080-exec-5] o.h.e.loading.internal.LoadContexts      : HHH000100: Fail-safe cleanup (collections) : org.hibernate.engine.loading.internal.CollectionLoadContext@5867455a<rs=HikariProxyResultSet@1853058619 wrapping rs1102: null>
?[0m?[0;34m2023-03-31 16:05:49.242  WARN 29781 --- [nio-8080-exec-5] o.h.e.loading.internal.LoadContexts      : HHH000100: Fail-safe cleanup (collections) : org.hibernate.engine.loading.internal.CollectionLoadContext@ac81377<rs=HikariProxyResultSet@1781767868 wrapping rs859: null>
?[0m?[0;34m2023-03-31 16:05:49.242  WARN 29781 --- [nio-8080-exec-5] o.h.e.loading.internal.LoadContexts      : HHH000100: Fail-safe cleanup (collections) : org.hibernate.engine.loading.internal.CollectionLoadContext@1def030e<rs=HikariProxyResultSet@604246974 wrapping rs801: null>
?[0m?[0;34m2023-03-31 16:05:49.242  WARN 29781 --- [nio-8080-exec-5] o.h.e.loading.internal.LoadContexts      : HHH000100: Fail-safe cleanup (collections) : org.hibernate.engine.loading.internal.CollectionLoadContext@6c6051a0<rs=HikariProxyResultSet@288385216 wrapping rs1103: null>
?[0m?[0;34m2023-03-31 16:05:49.242  WARN 29781 --- [nio-8080-exec-5] o.h.e.loading.internal.LoadContexts      : HHH000100: Fail-safe cleanup (collections) : org.hibernate.engine.loading.internal.CollectionLoadContext@ecf94e3<rs=HikariProxyResultSet@980209090 wrapping rs851: null>
?[0m?[0;34m2023-03-31 16:05:49.242  WARN 29781 --- [nio-8080-exec-5] o.h.e.loading.internal.LoadContexts      : HHH000100: Fail-safe cleanup (collections) : org.hibernate.engine.loading.internal.CollectionLoadContext@44d66de6<rs=HikariProxyResultSet@878323267 wrapping rs934: null>
?[0m?[0;34m2023-03-31 16:05:49.242  WARN 29781 --- [nio-8080-exec-5] o.h.e.loading.internal.LoadContexts      : HHH000100: Fail-safe cleanup (collections) : org.hibernate.engine.loading.internal.CollectionLoadContext@2144e101<rs=HikariProxyResultSet@1851615045 wrapping rs850: null>
?[0m?[0;34m2023-03-31 16:05:49.242  WARN 29781 --- [nio-8080-exec-5] o.h.e.loading.internal.LoadContexts      : HHH000100: Fail-safe cleanup (collections) : org.hibernate.engine.loading.internal.CollectionLoadContext@4f4759d8<rs=HikariProxyResultSet@679161798 wrapping rs908: null>
?[0m?[0;34m2023-03-31 16:05:49.242  WARN 29781 --- [nio-8080-exec-5] o.h.e.loading.internal.LoadContexts      : HHH000100: Fail-safe cleanup (collections) : org.hibernate.engine.loading.internal.CollectionLoadContext@3d5da45f<rs=HikariProxyResultSet@798110662 wrapping rs1117: null>
?[0m?[0;34m2023-03-31 16:05:49.242  WARN 29781 --- [nio-8080-exec-5] o.h.e.loading.internal.LoadContexts      : HHH000100: Fail-safe cleanup (collections) : org.hibernate.engine.loading.internal.CollectionLoadContext@4a13574f<rs=HikariProxyResultSet@1316407496 wrapping rs656: null>
?[0m?[0;34m2023-03-31 16:05:49.242  WARN 29781 --- [nio-8080-exec-5] o.h.e.loading.internal.LoadContexts      : HHH000100: Fail-safe cleanup (collections) : org.hibernate.engine.loading.internal.CollectionLoadContext@4c59fbe5<rs=HikariProxyResultSet@1572023246 wrapping rs1028: null>
?[0m?[0;34m2023-03-31 16:05:49.242  WARN 29781 --- [nio-8080-exec-5] o.h.e.loading.internal.LoadContexts      : HHH000100: Fail-safe cleanup (collections) : org.hibernate.engine.loading.internal.CollectionLoadContext@3925e22f<rs=HikariProxyResultSet@1249349332 wrapping rs960: null>
?[0m?[0;34m2023-03-31 16:05:49.242  WARN 29781 --- [nio-8080-exec-5] o.h.e.loading.internal.LoadContexts      : HHH000100: Fail-safe cleanup (collections) : org.hibernate.engine.loading.internal.CollectionLoadContext@690ad608<rs=HikariProxyResultSet@156113749 wrapping rs920: null>
?[0m?[0;34m2023-03-31 16:05:49.242  WARN 29781 --- [nio-8080-exec-5] o.h.e.loading.internal.LoadContexts      : HHH000100: Fail-safe cleanup (collections) : org.hibernate.engine.loading.internal.CollectionLoadContext@39734d49<rs=HikariProxyResultSet@659195862 wrapping rs971: null>
?[0m?[0;34m2023-03-31 16:05:49.242  WARN 29781 --- [nio-8080-exec-5] o.h.e.loading.internal.LoadContexts      : HHH000100: Fail-safe cleanup (collections) : org.hibernate.engine.loading.internal.CollectionLoadContext@3a761f51<rs=HikariProxyResultSet@1229125719 wrapping rs793: null>
?[0m?[0;34m2023-03-31 16:05:49.242  WARN 29781 --- [nio-8080-exec-5] o.h.e.loading.internal.LoadContexts      : HHH000100: Fail-safe cleanup (collections) : org.hibernate.engine.loading.internal.CollectionLoadContext@2cd4a6aa<rs=HikariProxyResultSet@1490856281 wrapping rs913: null>
?[0m?[0;34m2023-03-31 16:05:49.242  WARN 29781 --- [nio-8080-exec-5] o.h.e.loading.internal.LoadContexts      : HHH000100: Fail-safe cleanup (collections) : org.hibernate.engine.loading.internal.CollectionLoadContext@13d18fae<rs=HikariProxyResultSet@1729242715 wrapping rs688: null>
?[0m?[0;34m2023-03-31 16:05:49.242  WARN 29781 --- [nio-8080-exec-5] o.h.e.loading.internal.LoadContexts      : HHH000100: Fail-safe cleanup (collections) : org.hibernate.engine.loading.internal.CollectionLoadContext@306b8198<rs=HikariProxyResultSet@1156116188 wrapping rs823: null>
?[0m?[0;34m2023-03-31 16:05:49.242  WARN 29781 --- [nio-8080-exec-5] o.h.e.loading.internal.LoadContexts      : HHH000100: Fail-safe cleanup (collections) : org.hibernate.engine.loading.internal.CollectionLoadContext@3aed9c53<rs=HikariProxyResultSet@1721388635 wrapping rs974: null>
?[0m?[0;34m2023-03-31 16:05:49.242  WARN 29781 --- [nio-8080-exec-5] o.h.e.loading.internal.LoadContexts      : HHH000100: Fail-safe cleanup (collections) : org.hibernate.engine.loading.internal.CollectionLoadContext@33858c52<rs=HikariProxyResultSet@1097910246 wrapping rs786: null>
?[0m?[0;34m2023-03-31 16:05:49.242  WARN 29781 --- [nio-8080-exec-5] o.h.e.loading.internal.LoadContexts      : HHH000100: Fail-safe cleanup (collections) : org.hibernate.engine.loading.internal.CollectionLoadContext@2c36c973<rs=HikariProxyResultSet@217955302 wrapping rs1097: null>
?[0m?[0;34m2023-03-31 16:05:49.242  WARN 29781 --- [nio-8080-exec-5] o.h.e.loading.internal.LoadContexts      : HHH000100: Fail-safe cleanup (collections) : org.hibernate.engine.loading.internal.CollectionLoadContext@403dfa2c<rs=HikariProxyResultSet@1422194025 wrapping rs653: null>
?[0m?[0;34m2023-03-31 16:05:49.242  WARN 29781 --- [nio-8080-exec-5] o.h.e.loading.internal.LoadContexts      : HHH000100: Fail-safe cleanup (collections) : org.hibernate.engine.loading.internal.CollectionLoadContext@1664e97c<rs=HikariProxyResultSet@600564073 wrapping rs992: null>
?[0m?[0;34m2023-03-31 16:05:49.242  WARN 29781 --- [nio-8080-exec-5] o.h.e.loading.internal.LoadContexts      : HHH000100: Fail-safe cleanup (collections) : org.hibernate.engine.loading.internal.CollectionLoadContext@91c00fe<rs=HikariProxyResultSet@556021355 wrapping rs770: null>
?[0m?[0;34m2023-03-31 16:05:49.242  WARN 29781 --- [nio-8080-exec-5] o.h.e.loading.internal.LoadContexts      : HHH000100: Fail-safe cleanup (collections) : org.hibernate.engine.loading.internal.CollectionLoadContext@137b2dff<rs=HikariProxyResultSet@1559828462 wrapping rs906: null>
?[0m?[0;34m2023-03-31 16:05:49.242  WARN 29781 --- [nio-8080-exec-5] o.h.e.loading.internal.LoadContexts      : HHH000100: Fail-safe cleanup (collections) : org.hibernate.engine.loading.internal.CollectionLoadContext@3cb85926<rs=HikariProxyResultSet@1134022767 wrapping rs750: null>
?[0m?[0;34m2023-03-31 16:05:49.242  WARN 29781 --- [nio-8080-exec-5] o.h.e.loading.internal.LoadContexts      : HHH000100: Fail-safe cleanup (collections) : org.hibernate.engine.loading.internal.CollectionLoadContext@d2678c4<rs=HikariProxyResultSet@1029516528 wrapping rs1077: null>
?[0m?[0;34m2023-03-31 16:05:49.242  WARN 29781 --- [nio-8080-exec-5] o.h.e.loading.internal.LoadContexts      : HHH000100: Fail-safe cleanup (collections) : org.hibernate.engine.loading.internal.CollectionLoadContext@64d4826e<rs=HikariProxyResultSet@935861109 wrapping rs710: null>
?[0m?[0;34m2023-03-31 16:05:49.242  WARN 29781 --- [nio-8080-exec-5] o.h.e.loading.internal.LoadContexts      : HHH000100: Fail-safe cleanup (collections) : org.hibernate.engine.loading.internal.CollectionLoadContext@2e0a4fde<rs=HikariProxyResultSet@1158343670 wrapping rs755: null>
?[0m?[0;34m2023-03-31 16:05:49.242  WARN 29781 --- [nio-8080-exec-5] o.h.e.loading.internal.LoadContexts      : HHH000100: Fail-safe cleanup (collections) : org.hibernate.engine.loading.internal.CollectionLoadContext@50854250<rs=HikariProxyResultSet@166410359 wrapping rs1017: null>
?[0m?[0;34m2023-03-31 16:05:49.242  WARN 29781 --- [nio-8080-exec-5] o.h.e.loading.internal.LoadContexts      : HHH000100: Fail-safe cleanup (collections) : org.hibernate.engine.loading.internal.CollectionLoadContext@6edbf0dc<rs=HikariProxyResultSet@1458757114 wrapping rs613: null>
?[0m?[0;34m2023-03-31 16:05:49.242  WARN 29781 --- [nio-8080-exec-5] o.h.e.loading.internal.LoadContexts      : HHH000100: Fail-safe cleanup (collections) : org.hibernate.engine.loading.internal.CollectionLoadContext@2edcd89b<rs=HikariProxyResultSet@342623230 wrapping rs904: null>
?[0m?[0;34m2023-03-31 16:05:49.242  WARN 29781 --- [nio-8080-exec-5] o.h.e.loading.internal.LoadContexts      : HHH000100: Fail-safe cleanup (collections) : org.hibernate.engine.loading.internal.CollectionLoadContext@52541621<rs=HikariProxyResultSet@1333831936 wrapping rs738: null>
?[0m?[0;34m2023-03-31 16:05:49.242  WARN 29781 --- [nio-8080-exec-5] o.h.e.loading.internal.LoadContexts      : HHH000100: Fail-safe cleanup (collections) : org.hibernate.engine.loading.internal.CollectionLoadContext@28b959f9<rs=HikariProxyResultSet@1239545346 wrapping rs678: null>
?[0m?[0;34m2023-03-31 16:05:49.242  WARN 29781 --- [nio-8080-exec-5] o.h.e.loading.internal.LoadContexts      : HHH000100: Fail-safe cleanup (collections) : org.hibernate.engine.loading.internal.CollectionLoadContext@19d50122<rs=HikariProxyResultSet@552183685 wrapping rs952: null>
?[0m?[0;34m2023-03-31 16:05:49.242  WARN 29781 --- [nio-8080-exec-5] o.h.e.loading.internal.LoadContexts      : HHH000100: Fail-safe cleanup (collections) : org.hibernate.engine.loading.internal.CollectionLoadContext@51050a83<rs=HikariProxyResultSet@626229383 wrapping rs694: null>
?[0m?[0;34m2023-03-31 16:05:49.242  WARN 29781 --- [nio-8080-exec-5] o.h.e.loading.internal.LoadContexts      : HHH000100: Fail-safe cleanup (collections) : org.hibernate.engine.loading.internal.CollectionLoadContext@2392fb9c<rs=HikariProxyResultSet@627956492 wrapping rs1022: null>
?[0m?[0;34m2023-03-31 16:05:49.242  WARN 29781 --- [nio-8080-exec-5] o.h.e.loading.internal.LoadContexts      : HHH000100: Fail-safe cleanup (collections) : org.hibernate.engine.loading.internal.CollectionLoadContext@41861886<rs=HikariProxyResultSet@221467412 wrapping rs949: null>
?[0m?[0;34m2023-03-31 16:05:49.242  WARN 29781 --- [nio-8080-exec-5] o.h.e.loading.internal.LoadContexts      : HHH000100: Fail-safe cleanup (collections) : org.hibernate.engine.loading.internal.CollectionLoadContext@706bdd85<rs=HikariProxyResultSet@1623145365 wrapping rs1003: null>
?[0m?[0;34m2023-03-31 16:05:49.242  WARN 29781 --- [nio-8080-exec-5] o.h.e.loading.internal.LoadContexts      : HHH000100: Fail-safe cleanup (collections) : org.hibernate.engine.loading.internal.CollectionLoadContext@9439019<rs=HikariProxyResultSet@66242453 wrapping rs1010: null>
?[0m?[0;34m2023-03-31 16:05:49.242  WARN 29781 --- [nio-8080-exec-5] o.h.e.loading.internal.LoadContexts      : HHH000100: Fail-safe cleanup (collections) : org.hibernate.engine.loading.internal.CollectionLoadContext@3db9c4b6<rs=HikariProxyResultSet@584156311 wrapping rs840: null>
?[0m?[0;34m2023-03-31 16:05:49.242  WARN 29781 --- [nio-8080-exec-5] o.h.e.loading.internal.LoadContexts      : HHH000100: Fail-safe cleanup (collections) : org.hibernate.engine.loading.internal.CollectionLoadContext@4c8ab9af<rs=HikariProxyResultSet@836394651 wrapping rs948: null>
?[0m?[0;34m2023-03-31 16:05:49.242  WARN 29781 --- [nio-8080-exec-5] o.h.e.loading.internal.LoadContexts      : HHH000100: Fail-safe cleanup (collections) : org.hibernate.engine.loading.internal.CollectionLoadContext@6223d24e<rs=HikariProxyResultSet@1845374748 wrapping rs1033: null>
?[0m?[0;34m2023-03-31 16:05:49.242  WARN 29781 --- [nio-8080-exec-5] o.h.e.loading.internal.LoadContexts      : HHH000100: Fail-safe cleanup (collections) : org.hibernate.engine.loading.internal.CollectionLoadContext@77f5554b<rs=HikariProxyResultSet@869461022 wrapping rs766: null>
?[0m?[0;34m2023-03-31 16:05:49.242  WARN 29781 --- [nio-8080-exec-5] o.h.e.loading.internal.LoadContexts      : HHH000100: Fail-safe cleanup (collections) : org.hibernate.engine.loading.internal.CollectionLoadContext@41aa377<rs=HikariProxyResultSet@190857375 wrapping rs593: null>
?[0m?[0;34m2023-03-31 16:05:49.242  WARN 29781 --- [nio-8080-exec-5] o.h.e.loading.internal.LoadContexts      : HHH000100: Fail-safe cleanup (collections) : org.hibernate.engine.loading.internal.CollectionLoadContext@1dc4359a<rs=HikariProxyResultSet@1777604896 wrapping rs983: null>
?[0m?[0;34m2023-03-31 16:05:49.242  WARN 29781 --- [nio-8080-exec-5] o.h.e.loading.internal.LoadContexts      : HHH000100: Fail-safe cleanup (collections) : org.hibernate.engine.loading.internal.CollectionLoadContext@618925ce<rs=HikariProxyResultSet@1479505442 wrapping rs684: null>
?[0m?[0;34m2023-03-31 16:05:49.242  WARN 29781 --- [nio-8080-exec-5] o.h.e.loading.internal.LoadContexts      : HHH000100: Fail-safe cleanup (collections) : org.hibernate.engine.loading.internal.CollectionLoadContext@3c8b6bb9<rs=HikariProxyResultSet@2009214498 wrapping rs740: null>
?[0m?[0;34m2023-03-31 16:05:49.242  WARN 29781 --- [nio-8080-exec-5] o.h.e.loading.internal.LoadContexts      : HHH000100: Fail-safe cleanup (collections) : org.hibernate.engine.loading.internal.CollectionLoadContext@6ddb6644<rs=HikariProxyResultSet@1880546858 wrapping rs875: null>
?[0m?[0;34m2023-03-31 16:05:49.243  WARN 29781 --- [nio-8080-exec-5] o.h.e.loading.internal.LoadContexts      : HHH000100: Fail-safe cleanup (collections) : org.hibernate.engine.loading.internal.CollectionLoadContext@518ff680<rs=HikariProxyResultSet@1533026092 wrapping rs796: null>
?[0m?[0;34m2023-03-31 16:05:49.243  WARN 29781 --- [nio-8080-exec-5] o.h.e.loading.internal.LoadContexts      : HHH000100: Fail-safe cleanup (collections) : org.hibernate.engine.loading.internal.CollectionLoadContext@79801e2a<rs=HikariProxyResultSet@872080559 wrapping rs691: null>
?[0m?[0;34m2023-03-31 16:05:49.243  WARN 29781 --- [nio-8080-exec-5] o.h.e.loading.internal.LoadContexts      : HHH000100: Fail-safe cleanup (collections) : org.hibernate.engine.loading.internal.CollectionLoadContext@1eb16400<rs=HikariProxyResultSet@745483568 wrapping rs1034: null>
?[0m?[0;34m2023-03-31 16:05:49.243  WARN 29781 --- [nio-8080-exec-5] o.h.e.loading.internal.LoadContexts      : HHH000100: Fail-safe cleanup (collections) : org.hibernate.engine.loading.internal.CollectionLoadContext@286ed8d4<rs=HikariProxyResultSet@685634735 wrapping rs1066: null>
?[0m?[0;34m2023-03-31 16:05:49.243  WARN 29781 --- [nio-8080-exec-5] o.h.e.loading.internal.LoadContexts      : HHH000100: Fail-safe cleanup (collections) : org.hibernate.engine.loading.internal.CollectionLoadContext@6fb00af<rs=HikariProxyResultSet@333906482 wrapping rs743: null>
?[0m?[0;34m2023-03-31 16:05:49.243  WARN 29781 --- [nio-8080-exec-5] o.h.e.loading.internal.LoadContexts      : HHH000100: Fail-safe cleanup (collections) : org.hibernate.engine.loading.internal.CollectionLoadContext@7ff33f14<rs=HikariProxyResultSet@150238133 wrapping rs716: null>
?[0m?[0;34m2023-03-31 16:05:49.243  WARN 29781 --- [nio-8080-exec-5] o.h.e.loading.internal.LoadContexts      : HHH000100: Fail-safe cleanup (collections) : org.hibernate.engine.loading.internal.CollectionLoadContext@6a77c58e<rs=HikariProxyResultSet@1543190969 wrapping rs1009: null>
?[0m?[0;34m2023-03-31 16:05:49.243  WARN 29781 --- [nio-8080-exec-5] o.h.e.loading.internal.LoadContexts      : HHH000100: Fail-safe cleanup (collections) : org.hibernate.engine.loading.internal.CollectionLoadContext@3401186c<rs=HikariProxyResultSet@942528058 wrapping rs1042: null>
?[0m?[0;34m2023-03-31 16:05:49.243  WARN 29781 --- [nio-8080-exec-5] o.h.e.loading.internal.LoadContexts      : HHH000100: Fail-safe cleanup (collections) : org.hibernate.engine.loading.internal.CollectionLoadContext@6a21883b<rs=HikariProxyResultSet@35736638 wrapping rs1061: null>
?[0m?[0;34m2023-03-31 16:05:49.243  WARN 29781 --- [nio-8080-exec-5] o.h.e.loading.internal.LoadContexts      : HHH000100: Fail-safe cleanup (collections) : org.hibernate.engine.loading.internal.CollectionLoadContext@ccc11f4<rs=HikariProxyResultSet@832742591 wrapping rs870: null>
?[0m?[0;34m2023-03-31 16:05:49.243  WARN 29781 --- [nio-8080-exec-5] o.h.e.loading.internal.LoadContexts      : HHH000100: Fail-safe cleanup (collections) : org.hibernate.engine.loading.internal.CollectionLoadContext@5843ee56<rs=HikariProxyResultSet@787393856 wrapping rs951: null>
?[0m?[0;34m2023-03-31 16:05:49.243  WARN 29781 --- [nio-8080-exec-5] o.h.e.loading.internal.LoadContexts      : HHH000100: Fail-safe cleanup (collections) : org.hibernate.engine.loading.internal.CollectionLoadContext@643d5f4a<rs=HikariProxyResultSet@225627585 wrapping rs969: null>
?[0m?[0;34m2023-03-31 16:05:49.243  WARN 29781 --- [nio-8080-exec-5] o.h.e.loading.internal.LoadContexts      : HHH000100: Fail-safe cleanup (collections) : org.hibernate.engine.loading.internal.CollectionLoadContext@23b73a6<rs=HikariProxyResultSet@326794181 wrapping rs967: null>
?[0m?[0;34m2023-03-31 16:05:49.243  WARN 29781 --- [nio-8080-exec-5] o.h.e.loading.internal.LoadContexts      : HHH000100: Fail-safe cleanup (collections) : org.hibernate.engine.loading.internal.CollectionLoadContext@6e9491a4<rs=HikariProxyResultSet@1837956166 wrapping rs658: null>
?[0m?[0;34m2023-03-31 16:05:49.243  WARN 29781 --- [nio-8080-exec-5] o.h.e.loading.internal.LoadContexts      : HHH000100: Fail-safe cleanup (collections) : org.hibernate.engine.loading.internal.CollectionLoadContext@29e2f37e<rs=HikariProxyResultSet@87824462 wrapping rs597: null>
?[0m?[0;34m2023-03-31 16:05:49.243  WARN 29781 --- [nio-8080-exec-5] o.h.e.loading.internal.LoadContexts      : HHH000100: Fail-safe cleanup (collections) : org.hibernate.engine.loading.internal.CollectionLoadContext@272b3e07<rs=HikariProxyResultSet@1313510607 wrapping rs1091: null>
?[0m?[0;34m2023-03-31 16:05:49.243  WARN 29781 --- [nio-8080-exec-5] o.h.e.loading.internal.LoadContexts      : HHH000100: Fail-safe cleanup (collections) : org.hibernate.engine.loading.internal.CollectionLoadContext@7ed4df07<rs=HikariProxyResultSet@257443281 wrapping rs720: null>
?[0m?[0;34m2023-03-31 16:05:49.243  WARN 29781 --- [nio-8080-exec-5] o.h.e.loading.internal.LoadContexts      : HHH000100: Fail-safe cleanup (collections) : org.hibernate.engine.loading.internal.CollectionLoadContext@340778c8<rs=HikariProxyResultSet@757754450 wrapping rs1072: null>
?[0m?[0;34m2023-03-31 16:05:49.243  WARN 29781 --- [nio-8080-exec-5] o.h.e.loading.internal.LoadContexts      : HHH000100: Fail-safe cleanup (collections) : org.hibernate.engine.loading.internal.CollectionLoadContext@a401435<rs=HikariProxyResultSet@236971860 wrapping rs1100: null>
?[0m?[0;34m2023-03-31 16:05:49.243  WARN 29781 --- [nio-8080-exec-5] o.h.e.loading.internal.LoadContexts      : HHH000100: Fail-safe cleanup (collections) : org.hibernate.engine.loading.internal.CollectionLoadContext@74e5d87c<rs=HikariProxyResultSet@1279056982 wrapping rs892: null>
?[0m?[0;34m2023-03-31 16:05:49.243  WARN 29781 --- [nio-8080-exec-5] o.h.e.loading.internal.LoadContexts      : HHH000100: Fail-safe cleanup (collections) : org.hibernate.engine.loading.internal.CollectionLoadContext@2c110d00<rs=HikariProxyResultSet@1237583063 wrapping rs673: null>
?[0m?[0;34m2023-03-31 16:05:49.243  WARN 29781 --- [nio-8080-exec-5] o.h.e.loading.internal.LoadContexts      : HHH000100: Fail-safe cleanup (collections) : org.hibernate.engine.loading.internal.CollectionLoadContext@235ff172<rs=HikariProxyResultSet@1911424215 wrapping rs879: null>
?[0m?[0;34m2023-03-31 16:05:49.243  WARN 29781 --- [nio-8080-exec-5] o.h.e.loading.internal.LoadContexts      : HHH000100: Fail-safe cleanup (collections) : org.hibernate.engine.loading.internal.CollectionLoadContext@2934b890<rs=HikariProxyResultSet@2066623703 wrapping rs1098: null>
?[0m?[0;34m2023-03-31 16:05:49.243  WARN 29781 --- [nio-8080-exec-5] o.h.e.loading.internal.LoadContexts      : HHH000100: Fail-safe cleanup (collections) : org.hibernate.engine.loading.internal.CollectionLoadContext@73c8a3f2<rs=HikariProxyResultSet@1325197914 wrapping rs681: null>
?[0m?[0;34m2023-03-31 16:05:49.243  WARN 29781 --- [nio-8080-exec-5] o.h.e.loading.internal.LoadContexts      : HHH000100: Fail-safe cleanup (collections) : org.hibernate.engine.loading.internal.CollectionLoadContext@5715c986<rs=HikariProxyResultSet@517371611 wrapping rs828: null>
?[0m?[0;34m2023-03-31 16:05:49.243  WARN 29781 --- [nio-8080-exec-5] o.h.e.loading.internal.LoadContexts      : HHH000100: Fail-safe cleanup (collections) : org.hibernate.engine.loading.internal.CollectionLoadContext@b9d7677<rs=HikariProxyResultSet@415094362 wrapping rs926: null>
?[0m?[0;34m2023-03-31 16:05:49.243  WARN 29781 --- [nio-8080-exec-5] o.h.e.loading.internal.LoadContexts      : HHH000100: Fail-safe cleanup (collections) : org.hibernate.engine.loading.internal.CollectionLoadContext@7e1bfac<rs=HikariProxyResultSet@2085755611 wrapping rs938: null>
?[0m?[0;34m2023-03-31 16:05:49.243  WARN 29781 --- [nio-8080-exec-5] o.h.e.loading.internal.LoadContexts      : HHH000100: Fail-safe cleanup (collections) : org.hibernate.engine.loading.internal.CollectionLoadContext@31804b91<rs=HikariProxyResultSet@1487287261 wrapping rs959: null>
?[0m?[0;34m2023-03-31 16:05:49.243  WARN 29781 --- [nio-8080-exec-5] o.h.e.loading.internal.LoadContexts      : HHH000100: Fail-safe cleanup (collections) : org.hibernate.engine.loading.internal.CollectionLoadContext@4820edde<rs=HikariProxyResultSet@1974320730 wrapping rs1050: null>
?[0m?[0;34m2023-03-31 16:05:49.243  WARN 29781 --- [nio-8080-exec-5] o.h.e.loading.internal.LoadContexts      : HHH000100: Fail-safe cleanup (collections) : org.hibernate.engine.loading.internal.CollectionLoadContext@28ee1463<rs=HikariProxyResultSet@2050926815 wrapping rs1053: null>
?[0m?[0;34m2023-03-31 16:05:49.243  WARN 29781 --- [nio-8080-exec-5] o.h.e.loading.internal.LoadContexts      : HHH000100: Fail-safe cleanup (collections) : org.hibernate.engine.loading.internal.CollectionLoadContext@2278d20d<rs=HikariProxyResultSet@1048122849 wrapping rs727: null>
?[0m?[0;34m2023-03-31 16:05:49.243  WARN 29781 --- [nio-8080-exec-5] o.h.e.loading.internal.LoadContexts      : HHH000100: Fail-safe cleanup (collections) : org.hibernate.engine.loading.internal.CollectionLoadContext@1197d910<rs=HikariProxyResultSet@465597026 wrapping rs636: null>
?[0m?[0;34m2023-03-31 16:05:49.243  WARN 29781 --- [nio-8080-exec-5] o.h.e.loading.internal.LoadContexts      : HHH000100: Fail-safe cleanup (collections) : org.hibernate.engine.loading.internal.CollectionLoadContext@5e1698e1<rs=HikariProxyResultSet@1153166946 wrapping rs863: null>
?[0m?[0;34m2023-03-31 16:05:49.243  WARN 29781 --- [nio-8080-exec-5] o.h.e.loading.internal.LoadContexts      : HHH000100: Fail-safe cleanup (collections) : org.hibernate.engine.loading.internal.CollectionLoadContext@603d24c<rs=HikariProxyResultSet@848325347 wrapping rs1021: null>
?[0m?[0;34m2023-03-31 16:05:49.243  WARN 29781 --- [nio-8080-exec-5] o.h.e.loading.internal.LoadContexts      : HHH000100: Fail-safe cleanup (collections) : org.hibernate.engine.loading.internal.CollectionLoadContext@628f803b<rs=HikariProxyResultSet@1407739619 wrapping rs1090: null>
?[0m?[0;34m2023-03-31 16:05:49.243  WARN 29781 --- [nio-8080-exec-5] o.h.e.loading.internal.LoadContexts      : HHH000100: Fail-safe cleanup (collections) : org.hibernate.engine.loading.internal.CollectionLoadContext@4dff8a23<rs=HikariProxyResultSet@1708991719 wrapping rs778: null>
?[0m?[0;34m2023-03-31 16:05:49.243  WARN 29781 --- [nio-8080-exec-5] o.h.e.loading.internal.LoadContexts      : HHH000100: Fail-safe cleanup (collections) : org.hibernate.engine.loading.internal.CollectionLoadContext@27c4c2ed<rs=HikariProxyResultSet@821504360 wrapping rs817: null>
?[0m?[0;34m2023-03-31 16:05:49.243  WARN 29781 --- [nio-8080-exec-5] o.h.e.loading.internal.LoadContexts      : HHH000100: Fail-safe cleanup (collections) : org.hibernate.engine.loading.internal.CollectionLoadContext@3f4df5eb<rs=HikariProxyResultSet@28787048 wrapping rs1057: null>
?[0m?[0;34m2023-03-31 16:05:49.243  WARN 29781 --- [nio-8080-exec-5] o.h.e.loading.internal.LoadContexts      : HHH000100: Fail-safe cleanup (collections) : org.hibernate.engine.loading.internal.CollectionLoadContext@21dd3461<rs=HikariProxyResultSet@522915950 wrapping rs813: null>
?[0m?[0;34m2023-03-31 16:05:49.243  WARN 29781 --- [nio-8080-exec-5] o.h.e.loading.internal.LoadContexts      : HHH000100: Fail-safe cleanup (collections) : org.hibernate.engine.loading.internal.CollectionLoadContext@10c21ceb<rs=HikariProxyResultSet@1003303022 wrapping rs898: null>
?[0m?[0;34m2023-03-31 16:05:49.243  WARN 29781 --- [nio-8080-exec-5] o.h.e.loading.internal.LoadContexts      : HHH000100: Fail-safe cleanup (collections) : org.hibernate.engine.loading.internal.CollectionLoadContext@119067b4<rs=HikariProxyResultSet@772364914 wrapping rs1043: null>
?[0m?[0;34m2023-03-31 16:05:49.243  WARN 29781 --- [nio-8080-exec-5] o.h.e.loading.internal.LoadContexts      : HHH000100: Fail-safe cleanup (collections) : org.hibernate.engine.loading.internal.CollectionLoadContext@41a23ac0<rs=HikariProxyResultSet@1324098291 wrapping rs865: null>
?[0m?[0;34m2023-03-31 16:05:49.243  WARN 29781 --- [nio-8080-exec-5] o.h.e.loading.internal.LoadContexts      : HHH000100: Fail-safe cleanup (collections) : org.hibernate.engine.loading.internal.CollectionLoadContext@99470a9<rs=HikariProxyResultSet@1694467448 wrapping rs1002: null>
?[0m?[0;34m2023-03-31 16:05:49.243  WARN 29781 --- [nio-8080-exec-5] o.h.e.loading.internal.LoadContexts      : HHH000100: Fail-safe cleanup (collections) : org.hibernate.engine.loading.internal.CollectionLoadContext@9b11034<rs=HikariProxyResultSet@590168440 wrapping rs1078: null>
?[0m?[0;34m2023-03-31 16:05:49.243  WARN 29781 --- [nio-8080-exec-5] o.h.e.loading.internal.LoadContexts      : HHH000100: Fail-safe cleanup (collections) : org.hibernate.engine.loading.internal.CollectionLoadContext@1b0e7b71<rs=HikariProxyResultSet@602978938 wrapping rs1064: null>
?[0m?[0;34m2023-03-31 16:05:49.243  WARN 29781 --- [nio-8080-exec-5] o.h.e.loading.internal.LoadContexts      : HHH000100: Fail-safe cleanup (collections) : org.hibernate.engine.loading.internal.CollectionLoadContext@4b2a36ea<rs=HikariProxyResultSet@848951035 wrapping rs810: null>
?[0m?[0;34m2023-03-31 16:05:49.243  WARN 29781 --- [nio-8080-exec-5] o.h.e.loading.internal.LoadContexts      : HHH000100: Fail-safe cleanup (collections) : org.hibernate.engine.loading.internal.CollectionLoadContext@6191161e<rs=HikariProxyResultSet@1379725309 wrapping rs1044: null>
?[0m?[0;34m2023-03-31 16:05:49.243  WARN 29781 --- [nio-8080-exec-5] o.h.e.loading.internal.LoadContexts      : HHH000100: Fail-safe cleanup (collections) : org.hibernate.engine.loading.internal.CollectionLoadContext@60208aa8<rs=HikariProxyResultSet@924319870 wrapping rs639: null>
?[0m?[0;34m2023-03-31 16:05:49.244  WARN 29781 --- [nio-8080-exec-5] o.h.e.loading.internal.LoadContexts      : HHH000100: Fail-safe cleanup (collections) : org.hibernate.engine.loading.internal.CollectionLoadContext@89da02e<rs=HikariProxyResultSet@245700613 wrapping rs945: null>
?[0m?[0;34m2023-03-31 16:05:49.244  WARN 29781 --- [nio-8080-exec-5] o.h.e.loading.internal.LoadContexts      : HHH000100: Fail-safe cleanup (collections) : org.hibernate.engine.loading.internal.CollectionLoadContext@121a5ab1<rs=HikariProxyResultSet@569913478 wrapping rs1113: null>
?[0m?[0;34m2023-03-31 16:05:49.244  WARN 29781 --- [nio-8080-exec-5] o.h.e.loading.internal.LoadContexts      : HHH000100: Fail-safe cleanup (collections) : org.hibernate.engine.loading.internal.CollectionLoadContext@7b529f0a<rs=HikariProxyResultSet@286430600 wrapping rs849: null>
?[0m?[0;34m2023-03-31 16:05:49.244  WARN 29781 --- [nio-8080-exec-5] o.h.e.loading.internal.LoadContexts      : HHH000100: Fail-safe cleanup (collections) : org.hibernate.engine.loading.internal.CollectionLoadContext@1f432f02<rs=HikariProxyResultSet@198677001 wrapping rs592: null>
?[0m?[0;34m2023-03-31 16:05:49.244  WARN 29781 --- [nio-8080-exec-5] o.h.e.loading.internal.LoadContexts      : HHH000100: Fail-safe cleanup (collections) : org.hibernate.engine.loading.internal.CollectionLoadContext@7a3a6014<rs=HikariProxyResultSet@1628771849 wrapping rs788: null>
?[0m?[0;34m2023-03-31 16:05:49.244  WARN 29781 --- [nio-8080-exec-5] o.h.e.loading.internal.LoadContexts      : HHH000100: Fail-safe cleanup (collections) : org.hibernate.engine.loading.internal.CollectionLoadContext@3a356230<rs=HikariProxyResultSet@1665685525 wrapping rs624: null>
?[0m?[0;34m2023-03-31 16:05:49.244  WARN 29781 --- [nio-8080-exec-5] o.h.e.loading.internal.LoadContexts      : HHH000100: Fail-safe cleanup (collections) : org.hibernate.engine.loading.internal.CollectionLoadContext@557000b3<rs=HikariProxyResultSet@1931516949 wrapping rs937: null>
?[0m?[0;34m2023-03-31 16:05:49.244  WARN 29781 --- [nio-8080-exec-5] o.h.e.loading.internal.LoadContexts      : HHH000100: Fail-safe cleanup (collections) : org.hibernate.engine.loading.internal.CollectionLoadContext@534d1e20<rs=HikariProxyResultSet@736962968 wrapping rs687: null>
?[0m?[0;34m2023-03-31 16:05:49.244  WARN 29781 --- [nio-8080-exec-5] o.h.e.loading.internal.LoadContexts      : HHH000100: Fail-safe cleanup (collections) : org.hibernate.engine.loading.internal.CollectionLoadContext@7a5efe9d<rs=HikariProxyResultSet@2024453657 wrapping rs930: null>
?[0m?[0;34m2023-03-31 16:05:49.244  WARN 29781 --- [nio-8080-exec-5] o.h.e.loading.internal.LoadContexts      : HHH000100: Fail-safe cleanup (collections) : org.hibernate.engine.loading.internal.CollectionLoadContext@6beb2704<rs=HikariProxyResultSet@1609559706 wrapping rs973: null>
?[0m?[0;34m2023-03-31 16:05:49.244  WARN 29781 --- [nio-8080-exec-5] o.h.e.loading.internal.LoadContexts      : HHH000100: Fail-safe cleanup (collections) : org.hibernate.engine.loading.internal.CollectionLoadContext@3ecbc752<rs=HikariProxyResultSet@1868422810 wrapping rs1062: null>
?[0m?[0;34m2023-03-31 16:05:49.244  WARN 29781 --- [nio-8080-exec-5] o.h.e.loading.internal.LoadContexts      : HHH000100: Fail-safe cleanup (collections) : org.hibernate.engine.loading.internal.CollectionLoadContext@5cc62b5<rs=HikariProxyResultSet@2055477148 wrapping rs814: null>
?[0m?[0;34m2023-03-31 16:05:49.244  WARN 29781 --- [nio-8080-exec-5] o.h.e.loading.internal.LoadContexts      : HHH000100: Fail-safe cleanup (collections) : org.hibernate.engine.loading.internal.CollectionLoadContext@86bce87<rs=HikariProxyResultSet@1828362527 wrapping rs795: null>
?[0m?[0;34m2023-03-31 16:05:49.244  WARN 29781 --- [nio-8080-exec-5] o.h.e.loading.internal.LoadContexts      : HHH000100: Fail-safe cleanup (collections) : org.hibernate.engine.loading.internal.CollectionLoadContext@3a8a0b89<rs=HikariProxyResultSet@1272794528 wrapping rs628: null>
?[0m?[0;34m2023-03-31 16:05:49.244  WARN 29781 --- [nio-8080-exec-5] o.h.e.loading.internal.LoadContexts      : HHH000100: Fail-safe cleanup (collections) : org.hibernate.engine.loading.internal.CollectionLoadContext@5a1bbadd<rs=HikariProxyResultSet@961309088 wrapping rs896: null>
?[0m?[0;34m2023-03-31 16:05:49.244  WARN 29781 --- [nio-8080-exec-5] o.h.e.loading.internal.LoadContexts      : HHH000100: Fail-safe cleanup (collections) : org.hibernate.engine.loading.internal.CollectionLoadContext@3c24b2e1<rs=HikariProxyResultSet@896029346 wrapping rs682: null>
?[0m?[0;34m2023-03-31 16:05:49.244  WARN 29781 --- [nio-8080-exec-5] o.h.e.loading.internal.LoadContexts      : HHH000100: Fail-safe cleanup (collections) : org.hibernate.engine.loading.internal.CollectionLoadContext@6aed5c14<rs=HikariProxyResultSet@547818783 wrapping rs900: null>
?[0m?[0;34m2023-03-31 16:05:49.244  WARN 29781 --- [nio-8080-exec-5] o.h.e.loading.internal.LoadContexts      : HHH000100: Fail-safe cleanup (collections) : org.hibernate.engine.loading.internal.CollectionLoadContext@d1d483<rs=HikariProxyResultSet@551226534 wrapping rs675: null>
?[0m?[0;34m2023-03-31 16:05:49.244  WARN 29781 --- [nio-8080-exec-5] o.h.e.loading.internal.LoadContexts      : HHH000100: Fail-safe cleanup (collections) : org.hibernate.engine.loading.internal.CollectionLoadContext@71b4b16<rs=HikariProxyResultSet@1714653100 wrapping rs608: null>
?[0m?[0;34m2023-03-31 16:05:49.244  WARN 29781 --- [nio-8080-exec-5] o.h.e.loading.internal.LoadContexts      : HHH000100: Fail-safe cleanup (collections) : org.hibernate.engine.loading.internal.CollectionLoadContext@1eb142ae<rs=HikariProxyResultSet@1693614125 wrapping rs754: null>
?[0m?[0;34m2023-03-31 16:05:49.244  WARN 29781 --- [nio-8080-exec-5] o.h.e.loading.internal.LoadContexts      : HHH000100: Fail-safe cleanup (collections) : org.hibernate.engine.loading.internal.CollectionLoadContext@1e3cb090<rs=HikariProxyResultSet@490165293 wrapping rs838: null>
?[0m?[0;34m2023-03-31 16:05:49.244  WARN 29781 --- [nio-8080-exec-5] o.h.e.loading.internal.LoadContexts      : HHH000100: Fail-safe cleanup (collections) : org.hibernate.engine.loading.internal.CollectionLoadContext@10c71a18<rs=HikariProxyResultSet@567957428 wrapping rs899: null>
?[0m?[0;34m2023-03-31 16:05:49.244  WARN 29781 --- [nio-8080-exec-5] o.h.e.loading.internal.LoadContexts      : HHH000100: Fail-safe cleanup (collections) : org.hibernate.engine.loading.internal.CollectionLoadContext@4d59a0ed<rs=HikariProxyResultSet@1269359669 wrapping rs835: null>
?[0m?[0;34m2023-03-31 16:05:49.244  WARN 29781 --- [nio-8080-exec-5] o.h.e.loading.internal.LoadContexts      : HHH000100: Fail-safe cleanup (collections) : org.hibernate.engine.loading.internal.CollectionLoadContext@59692fda<rs=HikariProxyResultSet@47564087 wrapping rs944: null>
?[0m?[0;34m2023-03-31 16:05:49.244  WARN 29781 --- [nio-8080-exec-5] o.h.e.loading.internal.LoadContexts      : HHH000100: Fail-safe cleanup (collections) : org.hibernate.engine.loading.internal.CollectionLoadContext@22aaac57<rs=HikariProxyResultSet@813261498 wrapping rs617: null>
?[0m?[0;34m2023-03-31 16:05:49.244  WARN 29781 --- [nio-8080-exec-5] o.h.e.loading.internal.LoadContexts      : HHH000100: Fail-safe cleanup (collections) : org.hibernate.engine.loading.internal.CollectionLoadContext@a9565c0<rs=HikariProxyResultSet@251544379 wrapping rs888: null>
?[0m?[0;34m2023-03-31 16:05:49.244  WARN 29781 --- [nio-8080-exec-5] o.h.e.loading.internal.LoadContexts      : HHH000100: Fail-safe cleanup (collections) : org.hibernate.engine.loading.internal.CollectionLoadContext@acbf2b7<rs=HikariProxyResultSet@1791692474 wrapping rs995: null>
?[0m?[0;34m2023-03-31 16:05:49.244  WARN 29781 --- [nio-8080-exec-5] o.h.e.loading.internal.LoadContexts      : HHH000100: Fail-safe cleanup (collections) : org.hibernate.engine.loading.internal.CollectionLoadContext@1acc1bcb<rs=HikariProxyResultSet@725246013 wrapping rs982: null>
?[0m?[0;34m2023-03-31 16:05:49.244  WARN 29781 --- [nio-8080-exec-5] o.h.e.loading.internal.LoadContexts      : HHH000100: Fail-safe cleanup (collections) : org.hibernate.engine.loading.internal.CollectionLoadContext@6d73c4d1<rs=HikariProxyResultSet@896921661 wrapping rs1058: null>
?[0m?[0;34m2023-03-31 16:05:49.244  WARN 29781 --- [nio-8080-exec-5] o.h.e.loading.internal.LoadContexts      : HHH000100: Fail-safe cleanup (collections) : org.hibernate.engine.loading.internal.CollectionLoadContext@4c6917da<rs=HikariProxyResultSet@1805751615 wrapping rs702: null>
?[0m?[0;34m2023-03-31 16:05:49.244  WARN 29781 --- [nio-8080-exec-5] o.h.e.loading.internal.LoadContexts      : HHH000100: Fail-safe cleanup (collections) : org.hibernate.engine.loading.internal.CollectionLoadContext@19621aaa<rs=HikariProxyResultSet@1747798335 wrapping rs857: null>
?[0m?[0;34m2023-03-31 16:05:49.244  WARN 29781 --- [nio-8080-exec-5] o.h.e.loading.internal.LoadContexts      : HHH000100: Fail-safe cleanup (collections) : org.hibernate.engine.loading.internal.CollectionLoadContext@630a580e<rs=HikariProxyResultSet@1460061890 wrapping rs877: null>
?[0m?[0;34m2023-03-31 16:05:49.244  WARN 29781 --- [nio-8080-exec-5] o.h.e.loading.internal.LoadContexts      : HHH000100: Fail-safe cleanup (collections) : org.hibernate.engine.loading.internal.CollectionLoadContext@10ac5df2<rs=HikariProxyResultSet@419121858 wrapping rs1070: null>
?[0m?[0;34m2023-03-31 16:05:49.244  WARN 29781 --- [nio-8080-exec-5] o.h.e.loading.internal.LoadContexts      : HHH000100: Fail-safe cleanup (collections) : org.hibernate.engine.loading.internal.CollectionLoadContext@14ff4ffa<rs=HikariProxyResultSet@1517207621 wrapping rs1019: null>
?[0m?[0;34m2023-03-31 16:05:49.244  WARN 29781 --- [nio-8080-exec-5] o.h.e.loading.internal.LoadContexts      : HHH000100: Fail-safe cleanup (collections) : org.hibernate.engine.loading.internal.CollectionLoadContext@1dc1a085<rs=HikariProxyResultSet@456180426 wrapping rs747: null>
?[0m?[0;34m2023-03-31 16:05:49.244  WARN 29781 --- [nio-8080-exec-5] o.h.e.loading.internal.LoadContexts      : HHH000100: Fail-safe cleanup (collections) : org.hibernate.engine.loading.internal.CollectionLoadContext@2cba411b<rs=HikariProxyResultSet@1142533068 wrapping rs809: null>
?[0m?[0;34m2023-03-31 16:05:49.245  WARN 29781 --- [nio-8080-exec-5] o.h.e.loading.internal.LoadContexts      : HHH000100: Fail-safe cleanup (collections) : org.hibernate.engine.loading.internal.CollectionLoadContext@5e8bdab3<rs=HikariProxyResultSet@515820621 wrapping rs704: null>
?[0m?[0;34m2023-03-31 16:05:49.245  WARN 29781 --- [nio-8080-exec-5] o.h.e.loading.internal.LoadContexts      : HHH000100: Fail-safe cleanup (collections) : org.hibernate.engine.loading.internal.CollectionLoadContext@3065de07<rs=HikariProxyResultSet@1417341005 wrapping rs986: null>
?[0m?[0;34m2023-03-31 16:05:49.245  WARN 29781 --- [nio-8080-exec-5] o.h.e.loading.internal.LoadContexts      : HHH000100: Fail-safe cleanup (collections) : org.hibernate.engine.loading.internal.CollectionLoadContext@20b08506<rs=HikariProxyResultSet@440918351 wrapping rs723: null>
?[0m?[0;34m2023-03-31 16:05:49.245  WARN 29781 --- [nio-8080-exec-5] o.h.e.loading.internal.LoadContexts      : HHH000100: Fail-safe cleanup (collections) : org.hibernate.engine.loading.internal.CollectionLoadContext@5e7cba92<rs=HikariProxyResultSet@927019601 wrapping rs1056: null>
?[0m?[0;34m2023-03-31 16:05:49.245  WARN 29781 --- [nio-8080-exec-5] o.h.e.loading.internal.LoadContexts      : HHH000100: Fail-safe cleanup (collections) : org.hibernate.engine.loading.internal.CollectionLoadContext@5ea2bdac<rs=HikariProxyResultSet@266937300 wrapping rs1114: null>
?[0m?[0;34m2023-03-31 16:05:49.245  WARN 29781 --- [nio-8080-exec-5] o.h.e.loading.internal.LoadContexts      : HHH000100: Fail-safe cleanup (collections) : org.hibernate.engine.loading.internal.CollectionLoadContext@40a9c599<rs=HikariProxyResultSet@880464981 wrapping rs792: null>
?[0m?[0;34m2023-03-31 16:05:49.245  WARN 29781 --- [nio-8080-exec-5] o.h.e.loading.internal.LoadContexts      : HHH000100: Fail-safe cleanup (collections) : org.hibernate.engine.loading.internal.CollectionLoadContext@6415f03f<rs=HikariProxyResultSet@1186340054 wrapping rs763: null>
?[0m?[0;34m2023-03-31 16:05:49.245  WARN 29781 --- [nio-8080-exec-5] o.h.e.loading.internal.LoadContexts      : HHH000100: Fail-safe cleanup (collections) : org.hibernate.engine.loading.internal.CollectionLoadContext@5f866e05<rs=HikariProxyResultSet@86237527 wrapping rs618: null>
?[0m?[0;34m2023-03-31 16:05:49.245  WARN 29781 --- [nio-8080-exec-5] o.h.e.loading.internal.LoadContexts      : HHH000100: Fail-safe cleanup (collections) : org.hibernate.engine.loading.internal.CollectionLoadContext@1482e784<rs=HikariProxyResultSet@1833341400 wrapping rs764: null>
?[0m?[0;34m2023-03-31 16:05:49.245  WARN 29781 --- [nio-8080-exec-5] o.h.e.loading.internal.LoadContexts      : HHH000100: Fail-safe cleanup (collections) : org.hibernate.engine.loading.internal.CollectionLoadContext@1a897d80<rs=HikariProxyResultSet@508717020 wrapping rs647: null>
?[0m?[0;34m2023-03-31 16:05:49.245  WARN 29781 --- [nio-8080-exec-5] o.h.e.loading.internal.LoadContexts      : HHH000100: Fail-safe cleanup (collections) : org.hibernate.engine.loading.internal.CollectionLoadContext@5156e2e6<rs=HikariProxyResultSet@270246110 wrapping rs677: null>
?[0m?[0;34m2023-03-31 16:05:49.245  WARN 29781 --- [nio-8080-exec-5] o.h.e.loading.internal.LoadContexts      : HHH000100: Fail-safe cleanup (collections) : org.hibernate.engine.loading.internal.CollectionLoadContext@3d4c588f<rs=HikariProxyResultSet@426684638 wrapping rs947: null>
?[0m?[0;34m2023-03-31 16:05:49.245  WARN 29781 --- [nio-8080-exec-5] o.h.e.loading.internal.LoadContexts      : HHH000100: Fail-safe cleanup (collections) : org.hibernate.engine.loading.internal.CollectionLoadContext@3e713665<rs=HikariProxyResultSet@116667872 wrapping rs683: null>
?[0m?[0;34m2023-03-31 16:05:49.245  WARN 29781 --- [nio-8080-exec-5] o.h.e.loading.internal.LoadContexts      : HHH000100: Fail-safe cleanup (collections) : org.hibernate.engine.loading.internal.CollectionLoadContext@6f452956<rs=HikariProxyResultSet@292931169 wrapping rs735: null>
?[0m?[0;34m2023-03-31 16:05:49.245  WARN 29781 --- [nio-8080-exec-5] o.h.e.loading.internal.LoadContexts      : HHH000100: Fail-safe cleanup (collections) : org.hibernate.engine.loading.internal.CollectionLoadContext@9e2b78a<rs=HikariProxyResultSet@1972329823 wrapping rs996: null>
?[0m?[0;34m2023-03-31 16:05:49.245  WARN 29781 --- [nio-8080-exec-5] o.h.e.loading.internal.LoadContexts      : HHH000100: Fail-safe cleanup (collections) : org.hibernate.engine.loading.internal.CollectionLoadContext@56b50e19<rs=HikariProxyResultSet@264436579 wrapping rs1018: null>
?[0m?[0;34m2023-03-31 16:05:49.245  WARN 29781 --- [nio-8080-exec-5] o.h.e.loading.internal.LoadContexts      : HHH000100: Fail-safe cleanup (collections) : org.hibernate.engine.loading.internal.CollectionLoadContext@61c0d8b4<rs=HikariProxyResultSet@718350695 wrapping rs772: null>
?[0m?[0;34m2023-03-31 16:05:49.245  WARN 29781 --- [nio-8080-exec-5] o.h.e.loading.internal.LoadContexts      : HHH000100: Fail-safe cleanup (collections) : org.hibernate.engine.loading.internal.CollectionLoadContext@27895243<rs=HikariProxyResultSet@1715410279 wrapping rs910: null>
?[0m?[0;34m2023-03-31 16:05:49.245  WARN 29781 --- [nio-8080-exec-5] o.h.e.loading.internal.LoadContexts      : HHH000100: Fail-safe cleanup (collections) : org.hibernate.engine.loading.internal.CollectionLoadContext@3b4bffdf<rs=HikariProxyResultSet@29251564 wrapping rs842: null>
?[0m?[0;34m2023-03-31 16:05:49.245  WARN 29781 --- [nio-8080-exec-5] o.h.e.loading.internal.LoadContexts      : HHH000100: Fail-safe cleanup (collections) : org.hibernate.engine.loading.internal.CollectionLoadContext@4570fb69<rs=HikariProxyResultSet@1303743597 wrapping rs745: null>
?[0m?[0;34m2023-03-31 16:05:49.245  WARN 29781 --- [nio-8080-exec-5] o.h.e.loading.internal.LoadContexts      : HHH000100: Fail-safe cleanup (collections) : org.hibernate.engine.loading.internal.CollectionLoadContext@22929e0b<rs=HikariProxyResultSet@863545711 wrapping rs621: null>
?[0m?[0;34m2023-03-31 16:05:49.245  WARN 29781 --- [nio-8080-exec-5] o.h.e.loading.internal.LoadContexts      : HHH000100: Fail-safe cleanup (collections) : org.hibernate.engine.loading.internal.CollectionLoadContext@4f64cb50<rs=HikariProxyResultSet@1302520433 wrapping rs1106: null>
?[0m?[0;34m2023-03-31 16:05:49.245  WARN 29781 --- [nio-8080-exec-5] o.h.e.loading.internal.LoadContexts      : HHH000100: Fail-safe cleanup (collections) : org.hibernate.engine.loading.internal.CollectionLoadContext@2bb56064<rs=HikariProxyResultSet@758550266 wrapping rs776: null>
?[0m?[0;34m2023-03-31 16:05:49.245  WARN 29781 --- [nio-8080-exec-5] o.h.e.loading.internal.LoadContexts      : HHH000100: Fail-safe cleanup (collections) : org.hibernate.engine.loading.internal.CollectionLoadContext@695c6dc8<rs=HikariProxyResultSet@1065609978 wrapping rs839: null>
?[0m?[0;34m2023-03-31 16:05:49.245  WARN 29781 --- [nio-8080-exec-5] o.h.e.loading.internal.LoadContexts      : HHH000100: Fail-safe cleanup (collections) : org.hibernate.engine.loading.internal.CollectionLoadContext@5f88d42e<rs=HikariProxyResultSet@1874407420 wrapping rs663: null>
?[0m?[0;34m2023-03-31 16:05:49.245  WARN 29781 --- [nio-8080-exec-5] o.h.e.loading.internal.LoadContexts      : HHH000100: Fail-safe cleanup (collections) : org.hibernate.engine.loading.internal.CollectionLoadContext@365faac4<rs=HikariProxyResultSet@1094941184 wrapping rs1046: null>
?[0m?[0;34m2023-03-31 16:05:49.245  WARN 29781 --- [nio-8080-exec-5] o.h.e.loading.internal.LoadContexts      : HHH000100: Fail-safe cleanup (collections) : org.hibernate.engine.loading.internal.CollectionLoadContext@36e94a2b<rs=HikariProxyResultSet@1983419138 wrapping rs620: null>
?[0m?[0;34m2023-03-31 16:05:49.245  WARN 29781 --- [nio-8080-exec-5] o.h.e.loading.internal.LoadContexts      : HHH000100: Fail-safe cleanup (collections) : org.hibernate.engine.loading.internal.CollectionLoadContext@3cd14313<rs=HikariProxyResultSet@1820435331 wrapping rs589: null>
?[0m?[0;34m2023-03-31 16:05:49.245  WARN 29781 --- [nio-8080-exec-5] o.h.e.loading.internal.LoadContexts      : HHH000100: Fail-safe cleanup (collections) : org.hibernate.engine.loading.internal.CollectionLoadContext@25e1d903<rs=HikariProxyResultSet@1585122179 wrapping rs773: null>
?[0m?[0;34m2023-03-31 16:05:49.245  WARN 29781 --- [nio-8080-exec-5] o.h.e.loading.internal.LoadContexts      : HHH000100: Fail-safe cleanup (collections) : org.hibernate.engine.loading.internal.CollectionLoadContext@6ea34ef1<rs=HikariProxyResultSet@1950477574 wrapping rs825: null>
?[0m?[0;34m2023-03-31 16:05:49.246  WARN 29781 --- [nio-8080-exec-5] o.h.e.loading.internal.LoadContexts      : HHH000100: Fail-safe cleanup (collections) : org.hibernate.engine.loading.internal.CollectionLoadContext@12e7f91c<rs=HikariProxyResultSet@1587352838 wrapping rs1110: null>
?[0m?[0;34m2023-03-31 16:05:49.246  WARN 29781 --- [nio-8080-exec-5] o.h.e.loading.internal.LoadContexts      : HHH000100: Fail-safe cleanup (collections) : org.hibernate.engine.loading.internal.CollectionLoadContext@2418e988<rs=HikariProxyResultSet@1016576520 wrapping rs739: null>
?[0m?[0;34m2023-03-31 16:05:49.246  WARN 29781 --- [nio-8080-exec-5] o.h.e.loading.internal.LoadContexts      : HHH000100: Fail-safe cleanup (collections) : org.hibernate.engine.loading.internal.CollectionLoadContext@f9a05c9<rs=HikariProxyResultSet@930537226 wrapping rs862: null>
?[0m?[0;34m2023-03-31 16:05:49.246  WARN 29781 --- [nio-8080-exec-5] o.h.e.loading.internal.LoadContexts      : HHH000100: Fail-safe cleanup (collections) : org.hibernate.engine.loading.internal.CollectionLoadContext@7bba060d<rs=HikariProxyResultSet@1313267724 wrapping rs661: null>
?[0m?[0;34m2023-03-31 16:05:49.246  WARN 29781 --- [nio-8080-exec-5] o.h.e.loading.internal.LoadContexts      : HHH000100: Fail-safe cleanup (collections) : org.hibernate.engine.loading.internal.CollectionLoadContext@56b83f7f<rs=HikariProxyResultSet@502407309 wrapping rs674: null>
?[0m?[0;34m2023-03-31 16:05:49.246  WARN 29781 --- [nio-8080-exec-5] o.h.e.loading.internal.LoadContexts      : HHH000100: Fail-safe cleanup (collections) : org.hibernate.engine.loading.internal.CollectionLoadContext@350fc889<rs=HikariProxyResultSet@1295092369 wrapping rs685: null>
?[0m?[0;34m2023-03-31 16:05:49.246  WARN 29781 --- [nio-8080-exec-5] o.h.e.loading.internal.LoadContexts      : HHH000100: Fail-safe cleanup (collections) : org.hibernate.engine.loading.internal.CollectionLoadContext@6ae427ac<rs=HikariProxyResultSet@1657703057 wrapping rs894: null>
?[0m?[0;34m2023-03-31 16:05:49.246  WARN 29781 --- [nio-8080-exec-5] o.h.e.loading.internal.LoadContexts      : HHH000100: Fail-safe cleanup (collections) : org.hibernate.engine.loading.internal.CollectionLoadContext@41c5de93<rs=HikariProxyResultSet@1127837329 wrapping rs1104: null>
?[0m?[0;34m2023-03-31 16:05:49.246  WARN 29781 --- [nio-8080-exec-5] o.h.e.loading.internal.LoadContexts      : HHH000100: Fail-safe cleanup (collections) : org.hibernate.engine.loading.internal.CollectionLoadContext@56115213<rs=HikariProxyResultSet@453321748 wrapping rs871: null>
?[0m?[0;34m2023-03-31 16:05:49.246  WARN 29781 --- [nio-8080-exec-5] o.h.e.loading.internal.LoadContexts      : HHH000100: Fail-safe cleanup (collections) : org.hibernate.engine.loading.internal.CollectionLoadContext@1d9183d8<rs=HikariProxyResultSet@833644056 wrapping rs771: null>
?[0m?[0;34m2023-03-31 16:05:49.246  WARN 29781 --- [nio-8080-exec-5] o.h.e.loading.internal.LoadContexts      : HHH000100: Fail-safe cleanup (collections) : org.hibernate.engine.loading.internal.CollectionLoadContext@56831e81<rs=HikariProxyResultSet@1615508637 wrapping rs637: null>
?[0m?[0;34m2023-03-31 16:05:49.246  WARN 29781 --- [nio-8080-exec-5] o.h.e.loading.internal.LoadContexts      : HHH000100: Fail-safe cleanup (collections) : org.hibernate.engine.loading.internal.CollectionLoadContext@39dd7384<rs=HikariProxyResultSet@478686365 wrapping rs670: null>
?[0m?[0;34m2023-03-31 16:05:49.246  WARN 29781 --- [nio-8080-exec-5] o.h.e.loading.internal.LoadContexts      : HHH000100: Fail-safe cleanup (collections) : org.hibernate.engine.loading.internal.CollectionLoadContext@65002f66<rs=HikariProxyResultSet@1085854498 wrapping rs970: null>
?[0m?[0;34m2023-03-31 16:05:49.246  WARN 29781 --- [nio-8080-exec-5] o.h.e.loading.internal.LoadContexts      : HHH000100: Fail-safe cleanup (collections) : org.hibernate.engine.loading.internal.CollectionLoadContext@741eff5d<rs=HikariProxyResultSet@1785402146 wrapping rs1081: null>
?[0m?[0;34m2023-03-31 16:05:49.246  WARN 29781 --- [nio-8080-exec-5] o.h.e.loading.internal.LoadContexts      : HHH000100: Fail-safe cleanup (collections) : org.hibernate.engine.loading.internal.CollectionLoadContext@3aa79049<rs=HikariProxyResultSet@980913188 wrapping rs625: null>
?[0m?[0;34m2023-03-31 16:05:49.246  WARN 29781 --- [nio-8080-exec-5] o.h.e.loading.internal.LoadContexts      : HHH000100: Fail-safe cleanup (collections) : org.hibernate.engine.loading.internal.CollectionLoadContext@68b495ca<rs=HikariProxyResultSet@884524197 wrapping rs837: null>
?[0m?[0;34m2023-03-31 16:05:49.246  WARN 29781 --- [nio-8080-exec-5] o.h.e.loading.internal.LoadContexts      : HHH000100: Fail-safe cleanup (collections) : org.hibernate.engine.loading.internal.CollectionLoadContext@c2beca5<rs=HikariProxyResultSet@1756376100 wrapping rs1008: null>
?[0m?[0;34m2023-03-31 16:05:49.246  WARN 29781 --- [nio-8080-exec-5] o.h.e.loading.internal.LoadContexts      : HHH000100: Fail-safe cleanup (collections) : org.hibernate.engine.loading.internal.CollectionLoadContext@f4c1e6a<rs=HikariProxyResultSet@1811555751 wrapping rs891: null>
?[0m?[0;34m2023-03-31 16:05:49.246  WARN 29781 --- [nio-8080-exec-5] o.h.e.loading.internal.LoadContexts      : HHH000100: Fail-safe cleanup (collections) : org.hibernate.engine.loading.internal.CollectionLoadContext@9eff212<rs=HikariProxyResultSet@177854121 wrapping rs860: null>
?[0m?[0;34m2023-03-31 16:05:49.246  WARN 29781 --- [nio-8080-exec-5] o.h.e.loading.internal.LoadContexts      : HHH000100: Fail-safe cleanup (collections) : org.hibernate.engine.loading.internal.CollectionLoadContext@45b92c20<rs=HikariProxyResultSet@1460859690 wrapping rs749: null>
?[0m?[0;34m2023-03-31 16:05:49.246  WARN 29781 --- [nio-8080-exec-5] o.h.e.loading.internal.LoadContexts      : HHH000100: Fail-safe cleanup (collections) : org.hibernate.engine.loading.internal.CollectionLoadContext@16a4aef6<rs=HikariProxyResultSet@1360810923 wrapping rs832: null>
?[0m?[0;34m2023-03-31 16:05:49.246  WARN 29781 --- [nio-8080-exec-5] o.h.e.loading.internal.LoadContexts      : HHH000100: Fail-safe cleanup (collections) : org.hibernate.engine.loading.internal.CollectionLoadContext@79f45d06<rs=HikariProxyResultSet@1521133104 wrapping rs1109: null>
?[0m?[0;34m2023-03-31 16:05:49.246  WARN 29781 --- [nio-8080-exec-5] o.h.e.loading.internal.LoadContexts      : HHH000100: Fail-safe cleanup (collections) : org.hibernate.engine.loading.internal.CollectionLoadContext@ffd5f48<rs=HikariProxyResultSet@54613681 wrapping rs1000: null>
?[0m?[0;34m2023-03-31 16:05:49.246  WARN 29781 --- [nio-8080-exec-5] o.h.e.loading.internal.LoadContexts      : HHH000100: Fail-safe cleanup (collections) : org.hibernate.engine.loading.internal.CollectionLoadContext@3a9babb<rs=HikariProxyResultSet@250766388 wrapping rs927: null>
?[0m?[0;34m2023-03-31 16:05:49.246  WARN 29781 --- [nio-8080-exec-5] o.h.e.loading.internal.LoadContexts      : HHH000100: Fail-safe cleanup (collections) : org.hibernate.engine.loading.internal.CollectionLoadContext@30497726<rs=HikariProxyResultSet@429680184 wrapping rs645: null>
?[0m?[0;34m2023-03-31 16:05:49.246  WARN 29781 --- [nio-8080-exec-5] o.h.e.loading.internal.LoadContexts      : HHH000100: Fail-safe cleanup (collections) : org.hibernate.engine.loading.internal.CollectionLoadContext@6b0e0044<rs=HikariProxyResultSet@1362946616 wrapping rs1088: null>
?[0m?[0;34m2023-03-31 16:05:49.246  WARN 29781 --- [nio-8080-exec-5] o.h.e.loading.internal.LoadContexts      : HHH000100: Fail-safe cleanup (collections) : org.hibernate.engine.loading.internal.CollectionLoadContext@e6c1572<rs=HikariProxyResultSet@2091511739 wrapping rs941: null>
?[0m?[0;34m2023-03-31 16:05:49.246  WARN 29781 --- [nio-8080-exec-5] o.h.e.loading.internal.LoadContexts      : HHH000100: Fail-safe cleanup (collections) : org.hibernate.engine.loading.internal.CollectionLoadContext@405e0a66<rs=HikariProxyResultSet@340705211 wrapping rs1094: null>
?[0m?[0;34m2023-03-31 16:05:49.247  WARN 29781 --- [nio-8080-exec-5] o.h.e.loading.internal.LoadContexts      : HHH000100: Fail-safe cleanup (collections) : org.hibernate.engine.loading.internal.CollectionLoadContext@3bd5b50c<rs=HikariProxyResultSet@1646698943 wrapping rs1118: null>
?[0m?[0;34m2023-03-31 16:05:49.247  WARN 29781 --- [nio-8080-exec-5] o.h.e.loading.internal.LoadContexts      : HHH000100: Fail-safe cleanup (collections) : org.hibernate.engine.loading.internal.CollectionLoadContext@20c29e12<rs=HikariProxyResultSet@771048129 wrapping rs826: null>
?[0m?[0;34m2023-03-31 16:05:49.247  WARN 29781 --- [nio-8080-exec-5] o.h.e.loading.internal.LoadContexts      : HHH000100: Fail-safe cleanup (collections) : org.hibernate.engine.loading.internal.CollectionLoadContext@4e6bd8fd<rs=HikariProxyResultSet@273865667 wrapping rs847: null>
?[0m?[0;34m2023-03-31 16:05:49.247  WARN 29781 --- [nio-8080-exec-5] o.h.e.loading.internal.LoadContexts      : HHH000100: Fail-safe cleanup (collections) : org.hibernate.engine.loading.internal.CollectionLoadContext@7ed6e66c<rs=HikariProxyResultSet@580573252 wrapping rs1041: null>
?[0m?[0;34m2023-03-31 16:05:49.247  WARN 29781 --- [nio-8080-exec-5] o.h.e.loading.internal.LoadContexts      : HHH000100: Fail-safe cleanup (collections) : org.hibernate.engine.loading.internal.CollectionLoadContext@683d516f<rs=HikariProxyResultSet@2082218947 wrapping rs1055: null>
?[0m?[0;34m2023-03-31 16:05:49.247  WARN 29781 --- [nio-8080-exec-5] o.h.e.loading.internal.LoadContexts      : HHH000100: Fail-safe cleanup (collections) : org.hibernate.engine.loading.internal.CollectionLoadContext@5c3b6074<rs=HikariProxyResultSet@1233787206 wrapping rs880: null>
?[0m?[0;34m2023-03-31 16:05:49.247  WARN 29781 --- [nio-8080-exec-5] o.h.e.loading.internal.LoadContexts      : HHH000100: Fail-safe cleanup (collections) : org.hibernate.engine.loading.internal.CollectionLoadContext@4c87f73e<rs=HikariProxyResultSet@1257006019 wrapping rs1080: null>
?[0m?[0;34m2023-03-31 16:05:49.247  WARN 29781 --- [nio-8080-exec-5] o.h.e.loading.internal.LoadContexts      : HHH000100: Fail-safe cleanup (collections) : org.hibernate.engine.loading.internal.CollectionLoadContext@52b9d44<rs=HikariProxyResultSet@1452497480 wrapping rs981: null>
?[0m?[0;34m2023-03-31 16:05:49.247  WARN 29781 --- [nio-8080-exec-5] o.h.e.loading.internal.LoadContexts      : HHH000100: Fail-safe cleanup (collections) : org.hibernate.engine.loading.internal.CollectionLoadContext@71f02a7<rs=HikariProxyResultSet@207186762 wrapping rs939: null>
?[0m?[0;34m2023-03-31 16:05:49.247  WARN 29781 --- [nio-8080-exec-5] o.h.e.loading.internal.LoadContexts      : HHH000100: Fail-safe cleanup (collections) : org.hibernate.engine.loading.internal.CollectionLoadContext@a0eaf0<rs=HikariProxyResultSet@848752716 wrapping rs1011: null>
?[0m?[0;34m2023-03-31 16:05:49.247  WARN 29781 --- [nio-8080-exec-5] o.h.e.loading.internal.LoadContexts      : HHH000100: Fail-safe cleanup (collections) : org.hibernate.engine.loading.internal.CollectionLoadContext@73edd3dd<rs=HikariProxyResultSet@269733198 wrapping rs632: null>
?[0m?[0;34m2023-03-31 16:05:49.247  WARN 29781 --- [nio-8080-exec-5] o.h.e.loading.internal.LoadContexts      : HHH000100: Fail-safe cleanup (collections) : org.hibernate.engine.loading.internal.CollectionLoadContext@2a75a159<rs=HikariProxyResultSet@204806736 wrapping rs991: null>
?[0m?[0;34m2023-03-31 16:05:49.247  WARN 29781 --- [nio-8080-exec-5] o.h.e.loading.internal.LoadContexts      : HHH000100: Fail-safe cleanup (collections) : org.hibernate.engine.loading.internal.CollectionLoadContext@5500948a<rs=HikariProxyResultSet@1291730641 wrapping rs957: null>
?[0m?[0;34m2023-03-31 16:05:49.247  WARN 29781 --- [nio-8080-exec-5] o.h.e.loading.internal.LoadContexts      : HHH000100: Fail-safe cleanup (collections) : org.hibernate.engine.loading.internal.CollectionLoadContext@52f003b0<rs=HikariProxyResultSet@359477332 wrapping rs1068: null>
?[0m?[0;34m2023-03-31 16:05:49.247  WARN 29781 --- [nio-8080-exec-5] o.h.e.loading.internal.LoadContexts      : HHH000100: Fail-safe cleanup (collections) : org.hibernate.engine.loading.internal.CollectionLoadContext@4f9e4108<rs=HikariProxyResultSet@741461721 wrapping rs887: null>
?[0m?[0;34m2023-03-31 16:05:49.247  WARN 29781 --- [nio-8080-exec-5] o.h.e.loading.internal.LoadContexts      : HHH000100: Fail-safe cleanup (collections) : org.hibernate.engine.loading.internal.CollectionLoadContext@48665ecb<rs=HikariProxyResultSet@557781850 wrapping rs627: null>
?[0m?[0;34m2023-03-31 16:05:49.247  WARN 29781 --- [nio-8080-exec-5] o.h.e.loading.internal.LoadContexts      : HHH000100: Fail-safe cleanup (collections) : org.hibernate.engine.loading.internal.CollectionLoadContext@19932789<rs=HikariProxyResultSet@67480410 wrapping rs709: null>
?[0m?[0;34m2023-03-31 16:05:49.247  WARN 29781 --- [nio-8080-exec-5] o.h.e.loading.internal.LoadContexts      : HHH000100: Fail-safe cleanup (collections) : org.hibernate.engine.loading.internal.CollectionLoadContext@4bac5a88<rs=HikariProxyResultSet@969341149 wrapping rs820: null>
?[0m?[0;34m2023-03-31 16:05:49.247  WARN 29781 --- [nio-8080-exec-5] o.h.e.loading.internal.LoadContexts      : HHH000100: Fail-safe cleanup (collections) : org.hibernate.engine.loading.internal.CollectionLoadContext@7687c4f4<rs=HikariProxyResultSet@1103604062 wrapping rs912: null>
?[0m?[0;34m2023-03-31 16:05:49.247  WARN 29781 --- [nio-8080-exec-5] o.h.e.loading.internal.LoadContexts      : HHH000100: Fail-safe cleanup (collections) : org.hibernate.engine.loading.internal.CollectionLoadContext@ced4ce9<rs=HikariProxyResultSet@1880398432 wrapping rs1086: null>
?[0m?[0;34m2023-03-31 16:05:49.247  WARN 29781 --- [nio-8080-exec-5] o.h.e.loading.internal.LoadContexts      : HHH000100: Fail-safe cleanup (collections) : org.hibernate.engine.loading.internal.CollectionLoadContext@c428d92<rs=HikariProxyResultSet@430111457 wrapping rs1067: null>
?[0m?[0;34m2023-03-31 16:05:49.247  WARN 29781 --- [nio-8080-exec-5] o.h.e.loading.internal.LoadContexts      : HHH000100: Fail-safe cleanup (collections) : org.hibernate.engine.loading.internal.CollectionLoadContext@2513ee88<rs=HikariProxyResultSet@1664652259 wrapping rs1073: null>
?[0m?[0;34m2023-03-31 16:05:49.247  WARN 29781 --- [nio-8080-exec-5] o.h.e.loading.internal.LoadContexts      : HHH000100: Fail-safe cleanup (collections) : org.hibernate.engine.loading.internal.CollectionLoadContext@6d7b2eba<rs=HikariProxyResultSet@127458662 wrapping rs646: null>
?[0m?[0;34m2023-03-31 16:05:49.247  WARN 29781 --- [nio-8080-exec-5] o.h.e.loading.internal.LoadContexts      : HHH000100: Fail-safe cleanup (collections) : org.hibernate.engine.loading.internal.CollectionLoadContext@b97bdf8<rs=HikariProxyResultSet@1905591783 wrapping rs916: null>
?[0m?[0;34m2023-03-31 16:05:49.247  WARN 29781 --- [nio-8080-exec-5] o.h.e.loading.internal.LoadContexts      : HHH000100: Fail-safe cleanup (collections) : org.hibernate.engine.loading.internal.CollectionLoadContext@13a19f05<rs=HikariProxyResultSet@1606344296 wrapping rs652: null>
?[0m?[0;34m2023-03-31 16:05:49.247  WARN 29781 --- [nio-8080-exec-5] o.h.e.loading.internal.LoadContexts      : HHH000100: Fail-safe cleanup (collections) : org.hibernate.engine.loading.internal.CollectionLoadContext@297c4457<rs=HikariProxyResultSet@505077481 wrapping rs721: null>
?[0m?[0;34m2023-03-31 16:05:49.247  WARN 29781 --- [nio-8080-exec-5] o.h.e.loading.internal.LoadContexts      : HHH000100: Fail-safe cleanup (collections) : org.hibernate.engine.loading.internal.CollectionLoadContext@1d46b13c<rs=HikariProxyResultSet@352564074 wrapping rs989: null>
?[0m?[0;34m2023-03-31 16:05:49.247  WARN 29781 --- [nio-8080-exec-5] o.h.e.loading.internal.LoadContexts      : HHH000100: Fail-safe cleanup (collections) : org.hibernate.engine.loading.internal.CollectionLoadContext@2b08b711<rs=HikariProxyResultSet@587066476 wrapping rs933: null>
?[0m?[0;34m2023-03-31 16:05:49.247  WARN 29781 --- [nio-8080-exec-5] o.h.e.loading.internal.LoadContexts      : HHH000100: Fail-safe cleanup (collections) : org.hibernate.engine.loading.internal.CollectionLoadContext@34ce5cc2<rs=HikariProxyResultSet@365091053 wrapping rs654: null>
?[0m?[0;34m2023-03-31 16:05:49.248  WARN 29781 --- [nio-8080-exec-5] o.h.e.loading.internal.LoadContexts      : HHH000100: Fail-safe cleanup (collections) : org.hibernate.engine.loading.internal.CollectionLoadContext@7f5be8f0<rs=HikariProxyResultSet@60902895 wrapping rs1037: null>
?[0m?[0;34m2023-03-31 16:05:49.248  WARN 29781 --- [nio-8080-exec-5] o.h.e.loading.internal.LoadContexts      : HHH000100: Fail-safe cleanup (collections) : org.hibernate.engine.loading.internal.CollectionLoadContext@57bc7976<rs=HikariProxyResultSet@1207567089 wrapping rs699: null>
?[0m?[0;34m2023-03-31 16:05:49.248  WARN 29781 --- [nio-8080-exec-5] o.h.e.loading.internal.LoadContexts      : HHH000100: Fail-safe cleanup (collections) : org.hibernate.engine.loading.internal.CollectionLoadContext@3962fcaf<rs=HikariProxyResultSet@114293876 wrapping rs1032: null>
?[0m?[0;34m2023-03-31 16:05:49.248  WARN 29781 --- [nio-8080-exec-5] o.h.e.loading.internal.LoadContexts      : HHH000100: Fail-safe cleanup (collections) : org.hibernate.engine.loading.internal.CollectionLoadContext@7f8c9f0d<rs=HikariProxyResultSet@1373496823 wrapping rs1059: null>
?[0m?[0;34m2023-03-31 16:05:49.248  WARN 29781 --- [nio-8080-exec-5] o.h.e.loading.internal.LoadContexts      : HHH000100: Fail-safe cleanup (collections) : org.hibernate.engine.loading.internal.CollectionLoadContext@5f30f464<rs=HikariProxyResultSet@355233658 wrapping rs731: null>
?[0m?[0;34m2023-03-31 16:05:49.248  WARN 29781 --- [nio-8080-exec-5] o.h.e.loading.internal.LoadContexts      : HHH000100: Fail-safe cleanup (collections) : org.hibernate.engine.loading.internal.CollectionLoadContext@6bf3413d<rs=HikariProxyResultSet@533775226 wrapping rs1115: null>
?[0m?[0;34m2023-03-31 16:05:49.248  WARN 29781 --- [nio-8080-exec-5] o.h.e.loading.internal.LoadContexts      : HHH000100: Fail-safe cleanup (collections) : org.hibernate.engine.loading.internal.CollectionLoadContext@455a5f68<rs=HikariProxyResultSet@868157056 wrapping rs922: null>
?[0m?[0;34m2023-03-31 16:05:49.248  WARN 29781 --- [nio-8080-exec-5] o.h.e.loading.internal.LoadContexts      : HHH000100: Fail-safe cleanup (collections) : org.hibernate.engine.loading.internal.CollectionLoadContext@5eb5c439<rs=HikariProxyResultSet@1920447233 wrapping rs829: null>
?[0m?[0;34m2023-03-31 16:05:49.248  WARN 29781 --- [nio-8080-exec-5] o.h.e.loading.internal.LoadContexts      : HHH000100: Fail-safe cleanup (collections) : org.hibernate.engine.loading.internal.CollectionLoadContext@6fe885f<rs=HikariProxyResultSet@918124676 wrapping rs648: null>
?[0m?[0;34m2023-03-31 16:05:49.248  WARN 29781 --- [nio-8080-exec-5] o.h.e.loading.internal.LoadContexts      : HHH000100: Fail-safe cleanup (collections) : org.hibernate.engine.loading.internal.CollectionLoadContext@7775cb14<rs=HikariProxyResultSet@339583108 wrapping rs1040: null>
?[0m?[0;34m2023-03-31 16:05:49.248  WARN 29781 --- [nio-8080-exec-5] o.h.e.loading.internal.LoadContexts      : HHH000100: Fail-safe cleanup (collections) : org.hibernate.engine.loading.internal.CollectionLoadContext@60c36b8d<rs=HikariProxyResultSet@202301959 wrapping rs602: null>
?[0m?[0;34m2023-03-31 16:05:49.248  WARN 29781 --- [nio-8080-exec-5] o.h.e.loading.internal.LoadContexts      : HHH000100: Fail-safe cleanup (collections) : org.hibernate.engine.loading.internal.CollectionLoadContext@10a7efa0<rs=HikariProxyResultSet@1100890760 wrapping rs1099: null>
?[0m?[0;34m2023-03-31 16:05:49.248  WARN 29781 --- [nio-8080-exec-5] o.h.e.loading.internal.LoadContexts      : HHH000100: Fail-safe cleanup (collections) : org.hibernate.engine.loading.internal.CollectionLoadContext@6269219b<rs=HikariProxyResultSet@936569609 wrapping rs866: null>
?[0m?[0;34m2023-03-31 16:05:49.248  WARN 29781 --- [nio-8080-exec-5] o.h.e.loading.internal.LoadContexts      : HHH000100: Fail-safe cleanup (collections) : org.hibernate.engine.loading.internal.CollectionLoadContext@3b1d6ba9<rs=HikariProxyResultSet@1510992778 wrapping rs883: null>
?[0m?[0;34m2023-03-31 16:05:49.248  WARN 29781 --- [nio-8080-exec-5] o.h.e.loading.internal.LoadContexts      : HHH000100: Fail-safe cleanup (collections) : org.hibernate.engine.loading.internal.CollectionLoadContext@4079f044<rs=HikariProxyResultSet@1285356426 wrapping rs919: null>
?[0m?[0;34m2023-03-31 16:05:49.248  WARN 29781 --- [nio-8080-exec-5] o.h.e.loading.internal.LoadContexts      : HHH000100: Fail-safe cleanup (collections) : org.hibernate.engine.loading.internal.CollectionLoadContext@6f8cdd04<rs=HikariProxyResultSet@1215570955 wrapping rs921: null>
?[0m?[0;34m2023-03-31 16:05:49.248  WARN 29781 --- [nio-8080-exec-5] o.h.e.loading.internal.LoadContexts      : HHH000100: Fail-safe cleanup (collections) : org.hibernate.engine.loading.internal.CollectionLoadContext@44c25c97<rs=HikariProxyResultSet@110146829 wrapping rs705: null>
?[0m?[0;34m2023-03-31 16:05:49.248  WARN 29781 --- [nio-8080-exec-5] o.h.e.loading.internal.LoadContexts      : HHH000100: Fail-safe cleanup (collections) : org.hibernate.engine.loading.internal.CollectionLoadContext@14522785<rs=HikariProxyResultSet@1384613133 wrapping rs942: null>
?[0m?[0;34m2023-03-31 16:05:49.248  WARN 29781 --- [nio-8080-exec-5] o.h.e.loading.internal.LoadContexts      : HHH000100: Fail-safe cleanup (collections) : org.hibernate.engine.loading.internal.CollectionLoadContext@1ba60e9b<rs=HikariProxyResultSet@1525755657 wrapping rs999: null>
?[0m?[0;34m2023-03-31 16:05:49.248  WARN 29781 --- [nio-8080-exec-5] o.h.e.loading.internal.LoadContexts      : HHH000100: Fail-safe cleanup (collections) : org.hibernate.engine.loading.internal.CollectionLoadContext@124b9416<rs=HikariProxyResultSet@1019210642 wrapping rs987: null>
?[0m?[0;34m2023-03-31 16:05:49.248  WARN 29781 --- [nio-8080-exec-5] o.h.e.loading.internal.LoadContexts      : HHH000100: Fail-safe cleanup (collections) : org.hibernate.engine.loading.internal.CollectionLoadContext@44bb442c<rs=HikariProxyResultSet@1656678806 wrapping rs812: null>
?[0m?[0;34m2023-03-31 16:05:49.248  WARN 29781 --- [nio-8080-exec-5] o.h.e.loading.internal.LoadContexts      : HHH000100: Fail-safe cleanup (collections) : org.hibernate.engine.loading.internal.CollectionLoadContext@41502d31<rs=HikariProxyResultSet@714879898 wrapping rs787: null>
?[0m?[0;34m2023-03-31 16:05:49.248  WARN 29781 --- [nio-8080-exec-5] o.h.e.loading.internal.LoadContexts      : HHH000100: Fail-safe cleanup (collections) : org.hibernate.engine.loading.internal.CollectionLoadContext@6aa93156<rs=HikariProxyResultSet@1443869215 wrapping rs758: null>
?[0m?[0;34m2023-03-31 16:05:49.248  WARN 29781 --- [nio-8080-exec-5] o.h.e.loading.internal.LoadContexts      : HHH000100: Fail-safe cleanup (collections) : org.hibernate.engine.loading.internal.CollectionLoadContext@248ce331<rs=HikariProxyResultSet@838014624 wrapping rs719: null>
?[0m?[0;34m2023-03-31 16:05:49.248  WARN 29781 --- [nio-8080-exec-5] o.h.e.loading.internal.LoadContexts      : HHH000100: Fail-safe cleanup (collections) : org.hibernate.engine.loading.internal.CollectionLoadContext@3a8859a8<rs=HikariProxyResultSet@1691184800 wrapping rs1007: null>
?[0m?[0;34m2023-03-31 16:05:49.248  WARN 29781 --- [nio-8080-exec-5] o.h.e.loading.internal.LoadContexts      : HHH000100: Fail-safe cleanup (collections) : org.hibernate.engine.loading.internal.CollectionLoadContext@7af1d26d<rs=HikariProxyResultSet@332102820 wrapping rs918: null>
?[0m?[0;34m2023-03-31 16:05:49.248  WARN 29781 --- [nio-8080-exec-5] o.h.e.loading.internal.LoadContexts      : HHH000100: Fail-safe cleanup (collections) : org.hibernate.engine.loading.internal.CollectionLoadContext@59716fe4<rs=HikariProxyResultSet@1867106855 wrapping rs686: null>
?[0m?[0;34m2023-03-31 16:05:49.248  WARN 29781 --- [nio-8080-exec-5] o.h.e.loading.internal.LoadContexts      : HHH000100: Fail-safe cleanup (collections) : org.hibernate.engine.loading.internal.CollectionLoadContext@1aa79a90<rs=HikariProxyResultSet@1516795431 wrapping rs1108: null>
?[0m?[0;34m2023-03-31 16:05:49.248  WARN 29781 --- [nio-8080-exec-5] o.h.e.loading.internal.LoadContexts      : HHH000100: Fail-safe cleanup (collections) : org.hibernate.engine.loading.internal.CollectionLoadContext@621ac575<rs=HikariProxyResultSet@1198099628 wrapping rs799: null>
?[0m?[0;34m2023-03-31 16:05:49.248  WARN 29781 --- [nio-8080-exec-5] o.h.e.loading.internal.LoadContexts      : HHH000100: Fail-safe cleanup (collections) : org.hibernate.engine.loading.internal.CollectionLoadContext@160c01e1<rs=HikariProxyResultSet@486675628 wrapping rs1012: null>
?[0m?[0;34m2023-03-31 16:05:49.248  WARN 29781 --- [nio-8080-exec-5] o.h.e.loading.internal.LoadContexts      : HHH000100: Fail-safe cleanup (collections) : org.hibernate.engine.loading.internal.CollectionLoadContext@44d0528b<rs=HikariProxyResultSet@1354107310 wrapping rs853: null>
?[0m?[0;34m2023-03-31 16:05:49.248  WARN 29781 --- [nio-8080-exec-5] o.h.e.loading.internal.LoadContexts      : HHH000100: Fail-safe cleanup (collections) : org.hibernate.engine.loading.internal.CollectionLoadContext@6285339b<rs=HikariProxyResultSet@537739186 wrapping rs600: null>
?[0m?[0;34m2023-03-31 16:05:49.248  WARN 29781 --- [nio-8080-exec-5] o.h.e.loading.internal.LoadContexts      : HHH000100: Fail-safe cleanup (collections) : org.hibernate.engine.loading.internal.CollectionLoadContext@568063d3<rs=HikariProxyResultSet@760861618 wrapping rs798: null>
?[0m?[0;34m2023-03-31 16:05:49.248  WARN 29781 --- [nio-8080-exec-5] o.h.e.loading.internal.LoadContexts      : HHH000100: Fail-safe cleanup (collections) : org.hibernate.engine.loading.internal.CollectionLoadContext@207563eb<rs=HikariProxyResultSet@1432274866 wrapping rs953: null>
?[0m?[0;34m2023-03-31 16:05:49.248  WARN 29781 --- [nio-8080-exec-5] o.h.e.loading.internal.LoadContexts      : HHH000100: Fail-safe cleanup (collections) : org.hibernate.engine.loading.internal.CollectionLoadContext@66f73964<rs=HikariProxyResultSet@378961076 wrapping rs1111: null>
?[0m?[0;34m2023-03-31 16:05:49.248  WARN 29781 --- [nio-8080-exec-5] o.h.e.loading.internal.LoadContexts      : HHH000100: Fail-safe cleanup (collections) : org.hibernate.engine.loading.internal.CollectionLoadContext@2da5c7ca<rs=HikariProxyResultSet@545243703 wrapping rs715: null>
?[0m?[0;34m2023-03-31 16:05:49.248  WARN 29781 --- [nio-8080-exec-5] o.h.e.loading.internal.LoadContexts      : HHH000100: Fail-safe cleanup (collections) : org.hibernate.engine.loading.internal.CollectionLoadContext@786ea756<rs=HikariProxyResultSet@199918264 wrapping rs998: null>
?[0m?[0;34m2023-03-31 16:05:49.248  WARN 29781 --- [nio-8080-exec-5] o.h.e.loading.internal.LoadContexts      : HHH000100: Fail-safe cleanup (collections) : org.hibernate.engine.loading.internal.CollectionLoadContext@730ff98b<rs=HikariProxyResultSet@329507641 wrapping rs660: null>
?[0m?[0;34m2023-03-31 16:05:49.248  WARN 29781 --- [nio-8080-exec-5] o.h.e.loading.internal.LoadContexts      : HHH000100: Fail-safe cleanup (collections) : org.hibernate.engine.loading.internal.CollectionLoadContext@2cecd297<rs=HikariProxyResultSet@195295033 wrapping rs800: null>
?[0m?[0;34m2023-03-31 16:05:49.249  WARN 29781 --- [nio-8080-exec-5] o.h.e.loading.internal.LoadContexts      : HHH000100: Fail-safe cleanup (collections) : org.hibernate.engine.loading.internal.CollectionLoadContext@2f74cb57<rs=HikariProxyResultSet@425374779 wrapping rs601: null>
?[0m?[0;34m2023-03-31 16:05:49.249  WARN 29781 --- [nio-8080-exec-5] o.h.e.loading.internal.LoadContexts      : HHH000100: Fail-safe cleanup (collections) : org.hibernate.engine.loading.internal.CollectionLoadContext@222d9df8<rs=HikariProxyResultSet@207953084 wrapping rs667: null>
?[0m?[0;34m2023-03-31 16:05:49.249  WARN 29781 --- [nio-8080-exec-5] o.h.e.loading.internal.LoadContexts      : HHH000100: Fail-safe cleanup (collections) : org.hibernate.engine.loading.internal.CollectionLoadContext@2ee2eb97<rs=HikariProxyResultSet@1520753852 wrapping rs765: null>
?[0m?[0;34m2023-03-31 16:05:49.249  WARN 29781 --- [nio-8080-exec-5] o.h.e.loading.internal.LoadContexts      : HHH000100: Fail-safe cleanup (collections) : org.hibernate.engine.loading.internal.CollectionLoadContext@6450ecb6<rs=HikariProxyResultSet@1275001536 wrapping rs1038: null>
?[0m?[0;34m2023-03-31 16:05:49.249  WARN 29781 --- [nio-8080-exec-5] o.h.e.loading.internal.LoadContexts      : HHH000100: Fail-safe cleanup (collections) : org.hibernate.engine.loading.internal.CollectionLoadContext@6d77bd18<rs=HikariProxyResultSet@1925925826 wrapping rs1101: null>
?[0m?[0;34m2023-03-31 16:05:49.249  WARN 29781 --- [nio-8080-exec-5] o.h.e.loading.internal.LoadContexts      : HHH000100: Fail-safe cleanup (collections) : org.hibernate.engine.loading.internal.CollectionLoadContext@237b2f13<rs=HikariProxyResultSet@417523779 wrapping rs638: null>
?[0m?[0;34m2023-03-31 16:05:49.249  WARN 29781 --- [nio-8080-exec-5] o.h.e.loading.internal.LoadContexts      : HHH000100: Fail-safe cleanup (collections) : org.hibernate.engine.loading.internal.CollectionLoadContext@1a7cd6b8<rs=HikariProxyResultSet@1902543431 wrapping rs784: null>
?[0m?[0;34m2023-03-31 16:05:49.249  WARN 29781 --- [nio-8080-exec-5] o.h.e.loading.internal.LoadContexts      : HHH000100: Fail-safe cleanup (collections) : org.hibernate.engine.loading.internal.CollectionLoadContext@79aabc1d<rs=HikariProxyResultSet@1761269448 wrapping rs734: null>
?[0m?[0;34m2023-03-31 16:05:49.249  WARN 29781 --- [nio-8080-exec-5] o.h.e.loading.internal.LoadContexts      : HHH000100: Fail-safe cleanup (collections) : org.hibernate.engine.loading.internal.CollectionLoadContext@29e5414d<rs=HikariProxyResultSet@1238931273 wrapping rs897: null>
?[0m?[0;34m2023-03-31 16:05:49.249  WARN 29781 --- [nio-8080-exec-5] o.h.e.loading.internal.LoadContexts      : HHH000100: Fail-safe cleanup (collections) : org.hibernate.engine.loading.internal.CollectionLoadContext@539cf0d5<rs=HikariProxyResultSet@1744417867 wrapping rs605: null>
?[0m?[0;34m2023-03-31 16:05:49.249  WARN 29781 --- [nio-8080-exec-5] o.h.e.loading.internal.LoadContexts      : HHH000100: Fail-safe cleanup (collections) : org.hibernate.engine.loading.internal.CollectionLoadContext@2fa92508<rs=HikariProxyResultSet@333184204 wrapping rs917: null>
?[0m?[0;34m2023-03-31 16:05:49.249  WARN 29781 --- [nio-8080-exec-5] o.h.e.loading.internal.LoadContexts      : HHH000100: Fail-safe cleanup (collections) : org.hibernate.engine.loading.internal.CollectionLoadContext@34f2eb4<rs=HikariProxyResultSet@447790413 wrapping rs706: null>
?[0m?[0;34m2023-03-31 16:05:49.249  WARN 29781 --- [nio-8080-exec-5] o.h.e.loading.internal.LoadContexts      : HHH000100: Fail-safe cleanup (collections) : org.hibernate.engine.loading.internal.CollectionLoadContext@a3e8b9<rs=HikariProxyResultSet@881543630 wrapping rs1063: null>
?[0m?[0;34m2023-03-31 16:05:49.249  WARN 29781 --- [nio-8080-exec-5] o.h.e.loading.internal.LoadContexts      : HHH000100: Fail-safe cleanup (collections) : org.hibernate.engine.loading.internal.CollectionLoadContext@340daa20<rs=HikariProxyResultSet@1130297685 wrapping rs1045: null>
?[0m?[0;34m2023-03-31 16:05:49.249  WARN 29781 --- [nio-8080-exec-5] o.h.e.loading.internal.LoadContexts      : HHH000100: Fail-safe cleanup (collections) : org.hibernate.engine.loading.internal.CollectionLoadContext@526a58cc<rs=HikariProxyResultSet@1341389399 wrapping rs811: null>
?[0m?[0;34m2023-03-31 16:05:49.249  WARN 29781 --- [nio-8080-exec-5] o.h.e.loading.internal.LoadContexts      : HHH000100: Fail-safe cleanup (collections) : org.hibernate.engine.loading.internal.CollectionLoadContext@282ae6bb<rs=HikariProxyResultSet@789226458 wrapping rs703: null>
?[0m?[0;34m2023-03-31 16:05:49.249  WARN 29781 --- [nio-8080-exec-5] o.h.e.loading.internal.LoadContexts      : HHH000100: Fail-safe cleanup (collections) : org.hibernate.engine.loading.internal.CollectionLoadContext@37d32527<rs=HikariProxyResultSet@1389448412 wrapping rs711: null>
?[0m?[0;34m2023-03-31 16:05:49.249  WARN 29781 --- [nio-8080-exec-5] o.h.e.loading.internal.LoadContexts      : HHH000100: Fail-safe cleanup (collections) : org.hibernate.engine.loading.internal.CollectionLoadContext@6e56d557<rs=HikariProxyResultSet@1088805213 wrapping rs623: null>
?[0m?[0;34m2023-03-31 16:05:49.249  WARN 29781 --- [nio-8080-exec-5] o.h.e.loading.internal.LoadContexts      : HHH000100: Fail-safe cleanup (collections) : org.hibernate.engine.loading.internal.CollectionLoadContext@6efa5c69<rs=HikariProxyResultSet@944357854 wrapping rs978: null>
?[0m?[0;34m2023-03-31 16:05:49.249  WARN 29781 --- [nio-8080-exec-5] o.h.e.loading.internal.LoadContexts      : HHH000100: Fail-safe cleanup (collections) : org.hibernate.engine.loading.internal.CollectionLoadContext@119a6033<rs=HikariProxyResultSet@1645160676 wrapping rs596: null>
?[0m?[0;34m2023-03-31 16:05:49.249  WARN 29781 --- [nio-8080-exec-5] o.h.e.loading.internal.LoadContexts      : HHH000100: Fail-safe cleanup (collections) : org.hibernate.engine.loading.internal.CollectionLoadContext@3fce953a<rs=HikariProxyResultSet@340675941 wrapping rs588: null>
?[0m?[0;34m2023-03-31 16:05:49.249  WARN 29781 --- [nio-8080-exec-5] o.h.e.loading.internal.LoadContexts      : HHH000100: Fail-safe cleanup (collections) : org.hibernate.engine.loading.internal.CollectionLoadContext@676a03f9<rs=HikariProxyResultSet@1195322854 wrapping rs626: null>
?[0m?[0;34m2023-03-31 16:05:49.249  WARN 29781 --- [nio-8080-exec-5] o.h.e.loading.internal.LoadContexts      : HHH000100: Fail-safe cleanup (collections) : org.hibernate.engine.loading.internal.CollectionLoadContext@5b4f0269<rs=HikariProxyResultSet@1094601319 wrapping rs655: null>
?[0m?[0;34m2023-03-31 16:05:49.249  WARN 29781 --- [nio-8080-exec-5] o.h.e.loading.internal.LoadContexts      : HHH000100: Fail-safe cleanup (collections) : org.hibernate.engine.loading.internal.CollectionLoadContext@19966acb<rs=HikariProxyResultSet@1465047913 wrapping rs664: null>
?[0m?[0;34m2023-03-31 16:05:49.249  WARN 29781 --- [nio-8080-exec-5] o.h.e.loading.internal.LoadContexts      : HHH000100: Fail-safe cleanup (collections) : org.hibernate.engine.loading.internal.CollectionLoadContext@52ba4b86<rs=HikariProxyResultSet@1046906858 wrapping rs631: null>
?[0m?[0;34m2023-03-31 16:05:49.249  WARN 29781 --- [nio-8080-exec-5] o.h.e.loading.internal.LoadContexts      : HHH000100: Fail-safe cleanup (collections) : org.hibernate.engine.loading.internal.CollectionLoadContext@65f8ffe3<rs=HikariProxyResultSet@921568363 wrapping rs895: null>
?[0m?[0;34m2023-03-31 16:05:49.249  WARN 29781 --- [nio-8080-exec-5] o.h.e.loading.internal.LoadContexts      : HHH000100: Fail-safe cleanup (collections) : org.hibernate.engine.loading.internal.CollectionLoadContext@4687e57f<rs=HikariProxyResultSet@142627689 wrapping rs932: null>
?[0m?[0;34m2023-03-31 16:05:49.249  WARN 29781 --- [nio-8080-exec-5] o.h.e.loading.internal.LoadContexts      : HHH000100: Fail-safe cleanup (collections) : org.hibernate.engine.loading.internal.CollectionLoadContext@6ced1f56<rs=HikariProxyResultSet@507112176 wrapping rs834: null>
?[0m?[0;34m2023-03-31 16:05:49.249  WARN 29781 --- [nio-8080-exec-5] o.h.e.loading.internal.LoadContexts      : HHH000100: Fail-safe cleanup (collections) : org.hibernate.engine.loading.internal.CollectionLoadContext@6c8b9f36<rs=HikariProxyResultSet@708214512 wrapping rs1006: null>
?[0m?[0;34m2023-03-31 16:05:49.249  WARN 29781 --- [nio-8080-exec-5] o.h.e.loading.internal.LoadContexts      : HHH000100: Fail-safe cleanup (collections) : org.hibernate.engine.loading.internal.CollectionLoadContext@4e2e72a3<rs=HikariProxyResultSet@1577888883 wrapping rs1082: null>
?[0m?[0;34m2023-03-31 16:05:49.249  WARN 29781 --- [nio-8080-exec-5] o.h.e.loading.internal.LoadContexts      : HHH000100: Fail-safe cleanup (collections) : org.hibernate.engine.loading.internal.CollectionLoadContext@37fbda04<rs=HikariProxyResultSet@359517557 wrapping rs931: null>
?[0m?[0;34m2023-03-31 16:05:49.249  WARN 29781 --- [nio-8080-exec-5] o.h.e.loading.internal.LoadContexts      : HHH000100: Fail-safe cleanup (collections) : org.hibernate.engine.loading.internal.CollectionLoadContext@33687402<rs=HikariProxyResultSet@1823442293 wrapping rs1065: null>
?[0m?[0;34m2023-03-31 16:05:49.249  WARN 29781 --- [nio-8080-exec-5] o.h.e.loading.internal.LoadContexts      : HHH000100: Fail-safe cleanup (collections) : org.hibernate.engine.loading.internal.CollectionLoadContext@32a2f76<rs=HikariProxyResultSet@847451896 wrapping rs606: null>
?[0m?[0;34m2023-03-31 16:05:49.249  WARN 29781 --- [nio-8080-exec-5] o.h.e.loading.internal.LoadContexts      : HHH000100: Fail-safe cleanup (collections) : org.hibernate.engine.loading.internal.CollectionLoadContext@3e2cfeda<rs=HikariProxyResultSet@1292934904 wrapping rs868: null>
?[0m?[0;34m2023-03-31 16:05:49.249  WARN 29781 --- [nio-8080-exec-5] o.h.e.loading.internal.LoadContexts      : HHH000100: Fail-safe cleanup (collections) : org.hibernate.engine.loading.internal.CollectionLoadContext@576e38e1<rs=HikariProxyResultSet@393919353 wrapping rs984: null>
?[0m?[0;34m2023-03-31 16:05:49.249  WARN 29781 --- [nio-8080-exec-5] o.h.e.loading.internal.LoadContexts      : HHH000100: Fail-safe cleanup (collections) : org.hibernate.engine.loading.internal.CollectionLoadContext@27d68e6a<rs=HikariProxyResultSet@1271126139 wrapping rs990: null>
?[0m?[0;34m2023-03-31 16:05:49.249  WARN 29781 --- [nio-8080-exec-5] o.h.e.loading.internal.LoadContexts      : HHH000100: Fail-safe cleanup (collections) : org.hibernate.engine.loading.internal.CollectionLoadContext@75d55479<rs=HikariProxyResultSet@472925436 wrapping rs610: null>
?[0m?[0;34m2023-03-31 16:05:49.249  WARN 29781 --- [nio-8080-exec-5] o.h.e.loading.internal.LoadContexts      : HHH000100: Fail-safe cleanup (collections) : org.hibernate.engine.loading.internal.CollectionLoadContext@2cd6be37<rs=HikariProxyResultSet@377933439 wrapping rs756: null>
?[0m?[0;34m2023-03-31 16:05:49.249  WARN 29781 --- [nio-8080-exec-5] o.h.e.loading.internal.LoadContexts      : HHH000100: Fail-safe cleanup (collections) : org.hibernate.engine.loading.internal.CollectionLoadContext@ad9227c<rs=HikariProxyResultSet@1938042624 wrapping rs692: null>
?[0m?[0;34m2023-03-31 16:05:49.249  WARN 29781 --- [nio-8080-exec-5] o.h.e.loading.internal.LoadContexts      : HHH000100: Fail-safe cleanup (collections) : org.hibernate.engine.loading.internal.CollectionLoadContext@196f4893<rs=HikariProxyResultSet@1357173125 wrapping rs830: null>
?[0m?[0;34m2023-03-31 16:05:49.249  WARN 29781 --- [nio-8080-exec-5] o.h.e.loading.internal.LoadContexts      : HHH000100: Fail-safe cleanup (collections) : org.hibernate.engine.loading.internal.CollectionLoadContext@4646b15b<rs=HikariProxyResultSet@1669314054 wrapping rs890: null>
?[0m?[0;34m2023-03-31 16:05:49.249  WARN 29781 --- [nio-8080-exec-5] o.h.e.loading.internal.LoadContexts      : HHH000100: Fail-safe cleanup (collections) : org.hibernate.engine.loading.internal.CollectionLoadContext@5ff888a2<rs=HikariProxyResultSet@1999325831 wrapping rs997: null>
?[0m?[0;34m2023-03-31 16:05:49.249  WARN 29781 --- [nio-8080-exec-5] o.h.e.loading.internal.LoadContexts      : HHH000100: Fail-safe cleanup (collections) : org.hibernate.engine.loading.internal.CollectionLoadContext@1c718be3<rs=HikariProxyResultSet@303880073 wrapping rs831: null>
?[0m?[0;34m2023-03-31 16:05:49.249  WARN 29781 --- [nio-8080-exec-5] o.h.e.loading.internal.LoadContexts      : HHH000100: Fail-safe cleanup (collections) : org.hibernate.engine.loading.internal.CollectionLoadContext@7fb9732e<rs=HikariProxyResultSet@1533958154 wrapping rs746: null>
?[0m?[0;34m2023-03-31 16:05:49.249  WARN 29781 --- [nio-8080-exec-5] o.h.e.loading.internal.LoadContexts      : HHH000100: Fail-safe cleanup (collections) : org.hibernate.engine.loading.internal.CollectionLoadContext@c86c9eb<rs=HikariProxyResultSet@2138420234 wrapping rs874: null>
?[0m?[0;34m2023-03-31 16:05:49.249  WARN 29781 --- [nio-8080-exec-5] o.h.e.loading.internal.LoadContexts      : HHH000100: Fail-safe cleanup (collections) : org.hibernate.engine.loading.internal.CollectionLoadContext@17a0ed41<rs=HikariProxyResultSet@841381132 wrapping rs622: null>
?[0m?[0;34m2023-03-31 16:05:49.249  WARN 29781 --- [nio-8080-exec-5] o.h.e.loading.internal.LoadContexts      : HHH000100: Fail-safe cleanup (collections) : org.hibernate.engine.loading.internal.CollectionLoadContext@71e42c5<rs=HikariProxyResultSet@948109580 wrapping rs846: null>
?[0m?[0;34m2023-03-31 16:05:49.249  WARN 29781 --- [nio-8080-exec-5] o.h.e.loading.internal.LoadContexts      : HHH000100: Fail-safe cleanup (collections) : org.hibernate.engine.loading.internal.CollectionLoadContext@330a610b<rs=HikariProxyResultSet@501200148 wrapping rs1089: null>
?[0m?[0;34m2023-03-31 16:05:49.249  WARN 29781 --- [nio-8080-exec-5] o.h.e.loading.internal.LoadContexts      : HHH000100: Fail-safe cleanup (collections) : org.hibernate.engine.loading.internal.CollectionLoadContext@9f93f10<rs=HikariProxyResultSet@1996093724 wrapping rs844: null>
?[0m?[0;34m2023-03-31 16:05:49.249  WARN 29781 --- [nio-8080-exec-5] o.h.e.loading.internal.LoadContexts      : HHH000100: Fail-safe cleanup (collections) : org.hibernate.engine.loading.internal.CollectionLoadContext@19a3118b<rs=HikariProxyResultSet@1559996063 wrapping rs607: null>
?[0m?[0;34m2023-03-31 16:05:49.249  WARN 29781 --- [nio-8080-exec-5] o.h.e.loading.internal.LoadContexts      : HHH000100: Fail-safe cleanup (collections) : org.hibernate.engine.loading.internal.CollectionLoadContext@6c5e6010<rs=HikariProxyResultSet@1021220640 wrapping rs878: null>
?[0m?[0;34m2023-03-31 16:05:49.249  WARN 29781 --- [nio-8080-exec-5] o.h.e.loading.internal.LoadContexts      : HHH000100: Fail-safe cleanup (collections) : org.hibernate.engine.loading.internal.CollectionLoadContext@c3c56a9<rs=HikariProxyResultSet@261314465 wrapping rs748: null>
?[0m?[0;34m2023-03-31 16:05:49.249  WARN 29781 --- [nio-8080-exec-5] o.h.e.loading.internal.LoadContexts      : HHH000100: Fail-safe cleanup (collections) : org.hibernate.engine.loading.internal.CollectionLoadContext@4cfde981<rs=HikariProxyResultSet@1150000162 wrapping rs854: null>
?[0m?[0;34m2023-03-31 16:05:49.249  WARN 29781 --- [nio-8080-exec-5] o.h.e.loading.internal.LoadContexts      : HHH000100: Fail-safe cleanup (collections) : org.hibernate.engine.loading.internal.CollectionLoadContext@4d5396dc<rs=HikariProxyResultSet@611776804 wrapping rs935: null>
?[0m?[0;34m2023-03-31 16:05:49.249  WARN 29781 --- [nio-8080-exec-5] o.h.e.loading.internal.LoadContexts      : HHH000100: Fail-safe cleanup (collections) : org.hibernate.engine.loading.internal.CollectionLoadContext@52922186<rs=HikariProxyResultSet@77692325 wrapping rs1060: null>
?[0m?[0;34m2023-03-31 16:05:49.249  WARN 29781 --- [nio-8080-exec-5] o.h.e.loading.internal.LoadContexts      : HHH000100: Fail-safe cleanup (collections) : org.hibernate.engine.loading.internal.CollectionLoadContext@3cf5ac63<rs=HikariProxyResultSet@588896040 wrapping rs676: null>
?[0m?[0;34m2023-03-31 16:05:49.249  WARN 29781 --- [nio-8080-exec-5] o.h.e.loading.internal.LoadContexts      : HHH000100: Fail-safe cleanup (collections) : org.hibernate.engine.loading.internal.CollectionLoadContext@1f67fb9d<rs=HikariProxyResultSet@1940139816 wrapping rs797: null>
?[0m?[0;34m2023-03-31 16:05:49.249  WARN 29781 --- [nio-8080-exec-5] o.h.e.loading.internal.LoadContexts      : HHH000100: Fail-safe cleanup (collections) : org.hibernate.engine.loading.internal.CollectionLoadContext@4e536bdb<rs=HikariProxyResultSet@517157801 wrapping rs821: null>
?[0m?[0;34m2023-03-31 16:05:49.249  WARN 29781 --- [nio-8080-exec-5] o.h.e.loading.internal.LoadContexts      : HHH000100: Fail-safe cleanup (collections) : org.hibernate.engine.loading.internal.CollectionLoadContext@d8efd86<rs=HikariProxyResultSet@1854665133 wrapping rs855: null>
?[0m?[0;34m2023-03-31 16:05:49.249  WARN 29781 --- [nio-8080-exec-5] o.h.e.loading.internal.LoadContexts      : HHH000100: Fail-safe cleanup (collections) : org.hibernate.engine.loading.internal.CollectionLoadContext@1c89cee0<rs=HikariProxyResultSet@56178222 wrapping rs915: null>
?[0m?[0;34m2023-03-31 16:05:49.249  WARN 29781 --- [nio-8080-exec-5] o.h.e.loading.internal.LoadContexts      : HHH000100: Fail-safe cleanup (collections) : org.hibernate.engine.loading.internal.CollectionLoadContext@3c1265ff<rs=HikariProxyResultSet@93805360 wrapping rs679: null>
?[0m?[0;34m2023-03-31 16:05:49.250  WARN 29781 --- [nio-8080-exec-5] o.h.e.loading.internal.LoadContexts      : HHH000100: Fail-safe cleanup (collections) : org.hibernate.engine.loading.internal.CollectionLoadContext@694adc15<rs=HikariProxyResultSet@1539685426 wrapping rs1024: null>
?[0m?[0;34m2023-03-31 16:05:49.250  WARN 29781 --- [nio-8080-exec-5] o.h.e.loading.internal.LoadContexts      : HHH000100: Fail-safe cleanup (collections) : org.hibernate.engine.loading.internal.CollectionLoadContext@13d27e77<rs=HikariProxyResultSet@1173515959 wrapping rs805: null>
?[0m?[0;34m2023-03-31 16:05:49.250  WARN 29781 --- [nio-8080-exec-5] o.h.e.loading.internal.LoadContexts      : HHH000100: Fail-safe cleanup (collections) : org.hibernate.engine.loading.internal.CollectionLoadContext@417e5c23<rs=HikariProxyResultSet@470363065 wrapping rs833: null>
?[0m?[0;34m2023-03-31 16:05:49.250  WARN 29781 --- [nio-8080-exec-5] o.h.e.loading.internal.LoadContexts      : HHH000100: Fail-safe cleanup (collections) : org.hibernate.engine.loading.internal.CollectionLoadContext@6eece46e<rs=HikariProxyResultSet@1160800314 wrapping rs864: null>
?[0m?[0;34m2023-03-31 16:05:49.250  WARN 29781 --- [nio-8080-exec-5] o.h.e.loading.internal.LoadContexts      : HHH000100: Fail-safe cleanup (collections) : org.hibernate.engine.loading.internal.CollectionLoadContext@517937d2<rs=HikariProxyResultSet@507340221 wrapping rs641: null>
?[0m?[0;34m2023-03-31 16:05:49.250  WARN 29781 --- [nio-8080-exec-5] o.h.e.loading.internal.LoadContexts      : HHH000100: Fail-safe cleanup (collections) : org.hibernate.engine.loading.internal.CollectionLoadContext@5158da4c<rs=HikariProxyResultSet@1346922046 wrapping rs665: null>
?[0m?[0;34m2023-03-31 16:05:49.250  WARN 29781 --- [nio-8080-exec-5] o.h.e.loading.internal.LoadContexts      : HHH000100: Fail-safe cleanup (collections) : org.hibernate.engine.loading.internal.CollectionLoadContext@62f40b00<rs=HikariProxyResultSet@1509659069 wrapping rs928: null>
?[0m?[0;34m2023-03-31 16:05:49.250  WARN 29781 --- [nio-8080-exec-5] o.h.e.loading.internal.LoadContexts      : HHH000100: Fail-safe cleanup (collections) : org.hibernate.engine.loading.internal.CollectionLoadContext@6b325ca4<rs=HikariProxyResultSet@1091604417 wrapping rs955: null>
?[0m?[0;34m2023-03-31 16:05:49.250  WARN 29781 --- [nio-8080-exec-5] o.h.e.loading.internal.LoadContexts      : HHH000100: Fail-safe cleanup (collections) : org.hibernate.engine.loading.internal.CollectionLoadContext@736d31b7<rs=HikariProxyResultSet@1368884419 wrapping rs1075: null>
?[0m?[0;34m2023-03-31 16:05:49.250  WARN 29781 --- [nio-8080-exec-5] o.h.e.loading.internal.LoadContexts      : HHH000100: Fail-safe cleanup (collections) : org.hibernate.engine.loading.internal.CollectionLoadContext@64701f2c<rs=HikariProxyResultSet@1620872903 wrapping rs907: null>
?[0m?[0;34m2023-03-31 16:05:49.250  WARN 29781 --- [nio-8080-exec-5] o.h.e.loading.internal.LoadContexts      : HHH000100: Fail-safe cleanup (collections) : org.hibernate.engine.loading.internal.CollectionLoadContext@261eb4a9<rs=HikariProxyResultSet@1431683533 wrapping rs994: null>
?[0m?[0;34m2023-03-31 16:05:49.250  WARN 29781 --- [nio-8080-exec-5] o.h.e.loading.internal.LoadContexts      : HHH000100: Fail-safe cleanup (collections) : org.hibernate.engine.loading.internal.CollectionLoadContext@5f300bb2<rs=HikariProxyResultSet@706507471 wrapping rs666: null>
?[0m?[0;34m2023-03-31 16:05:49.250  WARN 29781 --- [nio-8080-exec-5] o.h.e.loading.internal.LoadContexts      : HHH000100: Fail-safe cleanup (collections) : org.hibernate.engine.loading.internal.CollectionLoadContext@454a696a<rs=HikariProxyResultSet@1121208273 wrapping rs958: null>
?[0m?[0;34m2023-03-31 16:05:49.250  WARN 29781 --- [nio-8080-exec-5] o.h.e.loading.internal.LoadContexts      : HHH000100: Fail-safe cleanup (collections) : org.hibernate.engine.loading.internal.CollectionLoadContext@21278790<rs=HikariProxyResultSet@1532698706 wrapping rs657: null>
?[0m?[0;34m2023-03-31 16:05:49.250  WARN 29781 --- [nio-8080-exec-5] o.h.e.loading.internal.LoadContexts      : HHH000100: Fail-safe cleanup (collections) : org.hibernate.engine.loading.internal.CollectionLoadContext@72cfc4e1<rs=HikariProxyResultSet@780239059 wrapping rs659: null>
?[0m?[0;34m2023-03-31 16:05:49.250  WARN 29781 --- [nio-8080-exec-5] o.h.e.loading.internal.LoadContexts      : HHH000100: Fail-safe cleanup (collections) : org.hibernate.engine.loading.internal.CollectionLoadContext@2d7d3c91<rs=HikariProxyResultSet@408881879 wrapping rs808: null>
?[0m?[0;34m2023-03-31 16:05:49.250  WARN 29781 --- [nio-8080-exec-5] o.h.e.loading.internal.LoadContexts      : HHH000100: Fail-safe cleanup (collections) : org.hibernate.engine.loading.internal.CollectionLoadContext@3bea116d<rs=HikariProxyResultSet@1220375384 wrapping rs629: null>
?[0m?[0;34m2023-03-31 16:05:49.250  WARN 29781 --- [nio-8080-exec-5] o.h.e.loading.internal.LoadContexts      : HHH000100: Fail-safe cleanup (collections) : org.hibernate.engine.loading.internal.CollectionLoadContext@26ec0a87<rs=HikariProxyResultSet@649989976 wrapping rs779: null>
?[0m?[0;34m2023-03-31 16:05:49.250  WARN 29781 --- [nio-8080-exec-5] o.h.e.loading.internal.LoadContexts      : HHH000100: Fail-safe cleanup (collections) : org.hibernate.engine.loading.internal.CollectionLoadContext@2a082a77<rs=HikariProxyResultSet@697816283 wrapping rs1083: null>
?[0m?[0;34m2023-03-31 16:05:49.250  WARN 29781 --- [nio-8080-exec-5] o.h.e.loading.internal.LoadContexts      : HHH000100: Fail-safe cleanup (collections) : org.hibernate.engine.loading.internal.CollectionLoadContext@6ed50213<rs=HikariProxyResultSet@1302892892 wrapping rs752: null>
?[0m?[0;34m2023-03-31 16:05:49.250  WARN 29781 --- [nio-8080-exec-5] o.h.e.loading.internal.LoadContexts      : HHH000100: Fail-safe cleanup (collections) : org.hibernate.engine.loading.internal.CollectionLoadContext@5df17dd<rs=HikariProxyResultSet@1115264477 wrapping rs775: null>
?[0m?[0;34m2023-03-31 16:05:49.250  WARN 29781 --- [nio-8080-exec-5] o.h.e.loading.internal.LoadContexts      : HHH000100: Fail-safe cleanup (collections) : org.hibernate.engine.loading.internal.CollectionLoadContext@43219dd3<rs=HikariProxyResultSet@1003853406 wrapping rs1027: null>
?[0m?[0;34m2023-03-31 16:05:49.250  WARN 29781 --- [nio-8080-exec-5] o.h.e.loading.internal.LoadContexts      : HHH000100: Fail-safe cleanup (collections) : org.hibernate.engine.loading.internal.CollectionLoadContext@28115c52<rs=HikariProxyResultSet@320265056 wrapping rs707: null>
?[0m?[0;34m2023-03-31 16:05:49.250  WARN 29781 --- [nio-8080-exec-5] o.h.e.loading.internal.LoadContexts      : HHH000100: Fail-safe cleanup (collections) : org.hibernate.engine.loading.internal.CollectionLoadContext@6e1206d9<rs=HikariProxyResultSet@818998241 wrapping rs769: null>
?[0m?[0;34m2023-03-31 16:05:49.250  WARN 29781 --- [nio-8080-exec-5] o.h.e.loading.internal.LoadContexts      : HHH000100: Fail-safe cleanup (collections) : org.hibernate.engine.loading.internal.CollectionLoadContext@138e8539<rs=HikariProxyResultSet@876613730 wrapping rs612: null>
?[0m?[0;34m2023-03-31 16:05:49.250  WARN 29781 --- [nio-8080-exec-5] o.h.e.loading.internal.LoadContexts      : HHH000100: Fail-safe cleanup (collections) : org.hibernate.engine.loading.internal.CollectionLoadContext@5c0e4d9e<rs=HikariProxyResultSet@2134830178 wrapping rs780: null>
?[0m?[0;34m2023-03-31 16:05:49.250  WARN 29781 --- [nio-8080-exec-5] o.h.e.loading.internal.LoadContexts      : HHH000100: Fail-safe cleanup (collections) : org.hibernate.engine.loading.internal.CollectionLoadContext@7e5f7981<rs=HikariProxyResultSet@277466976 wrapping rs882: null>
?[0m?[0;34m2023-03-31 16:05:49.250  WARN 29781 --- [nio-8080-exec-5] o.h.e.loading.internal.LoadContexts      : HHH000100: Fail-safe cleanup (collections) : org.hibernate.engine.loading.internal.CollectionLoadContext@58c5d<rs=HikariProxyResultSet@1512058341 wrapping rs845: null>
?[0m?[0;34m2023-03-31 16:05:49.250  WARN 29781 --- [nio-8080-exec-5] o.h.e.loading.internal.LoadContexts      : HHH000100: Fail-safe cleanup (collections) : org.hibernate.engine.loading.internal.CollectionLoadContext@67c57629<rs=HikariProxyResultSet@1482452582 wrapping rs708: null>
?[0m?[0;34m2023-03-31 16:05:49.250  WARN 29781 --- [nio-8080-exec-5] o.h.e.loading.internal.LoadContexts      : HHH000100: Fail-safe cleanup (collections) : org.hibernate.engine.loading.internal.CollectionLoadContext@4989b5f2<rs=HikariProxyResultSet@17144293 wrapping rs1039: null>
?[0m?[0;34m2023-03-31 16:05:49.250  WARN 29781 --- [nio-8080-exec-5] o.h.e.loading.internal.LoadContexts      : HHH000100: Fail-safe cleanup (collections) : org.hibernate.engine.loading.internal.CollectionLoadContext@4c1f4e33<rs=HikariProxyResultSet@2132204005 wrapping rs1107: null>
?[0m?[0;34m2023-03-31 16:05:49.250  WARN 29781 --- [nio-8080-exec-5] o.h.e.loading.internal.LoadContexts      : HHH000100: Fail-safe cleanup (collections) : org.hibernate.engine.loading.internal.CollectionLoadContext@60d45489<rs=HikariProxyResultSet@1816504297 wrapping rs836: null>
?[0m?[0;34m2023-03-31 16:05:49.250  WARN 29781 --- [nio-8080-exec-5] o.h.e.loading.internal.LoadContexts      : HHH000100: Fail-safe cleanup (collections) : org.hibernate.engine.loading.internal.CollectionLoadContext@2c6c1284<rs=HikariProxyResultSet@1916497897 wrapping rs979: null>
?[0m?[0;34m2023-03-31 16:05:49.250  WARN 29781 --- [nio-8080-exec-5] o.h.e.loading.internal.LoadContexts      : HHH000100: Fail-safe cleanup (collections) : org.hibernate.engine.loading.internal.CollectionLoadContext@28ce04de<rs=HikariProxyResultSet@1561916651 wrapping rs726: null>
?[0m?[0;34m2023-03-31 16:05:49.250  WARN 29781 --- [nio-8080-exec-5] o.h.e.loading.internal.LoadContexts      : HHH000100: Fail-safe cleanup (collections) : org.hibernate.engine.loading.internal.CollectionLoadContext@1e96b922<rs=HikariProxyResultSet@638668011 wrapping rs819: null>
?[0m?[0;34m2023-03-31 16:05:49.250  WARN 29781 --- [nio-8080-exec-5] o.h.e.loading.internal.LoadContexts      : HHH000100: Fail-safe cleanup (collections) : org.hibernate.engine.loading.internal.CollectionLoadContext@5c24d665<rs=HikariProxyResultSet@1766145517 wrapping rs611: null>
?[0m?[0;34m2023-03-31 16:05:49.250  WARN 29781 --- [nio-8080-exec-5] o.h.e.loading.internal.LoadContexts      : HHH000100: Fail-safe cleanup (collections) : org.hibernate.engine.loading.internal.CollectionLoadContext@10100757<rs=HikariProxyResultSet@318120300 wrapping rs976: null>
?[0m?[0;34m2023-03-31 16:05:49.250  WARN 29781 --- [nio-8080-exec-5] o.h.e.loading.internal.LoadContexts      : HHH000100: Fail-safe cleanup (collections) : org.hibernate.engine.loading.internal.CollectionLoadContext@48a0197f<rs=HikariProxyResultSet@1116907884 wrapping rs1051: null>
?[0m?[0;34m2023-03-31 16:05:49.250  WARN 29781 --- [nio-8080-exec-5] o.h.e.loading.internal.LoadContexts      : HHH000100: Fail-safe cleanup (collections) : org.hibernate.engine.loading.internal.CollectionLoadContext@6354e6e0<rs=HikariProxyResultSet@1491870576 wrapping rs736: null>
?[0m?[0;34m2023-03-31 16:05:49.250  WARN 29781 --- [nio-8080-exec-5] o.h.e.loading.internal.LoadContexts      : HHH000100: Fail-safe cleanup (collections) : org.hibernate.engine.loading.internal.CollectionLoadContext@19399311<rs=HikariProxyResultSet@1237956980 wrapping rs722: null>
?[0m?[0;34m2023-03-31 16:05:49.250  WARN 29781 --- [nio-8080-exec-5] o.h.e.loading.internal.LoadContexts      : HHH000100: Fail-safe cleanup (collections) : org.hibernate.engine.loading.internal.CollectionLoadContext@98305de<rs=HikariProxyResultSet@1778348662 wrapping rs725: null>
?[0m?[0;34m2023-03-31 16:05:49.250  WARN 29781 --- [nio-8080-exec-5] o.h.e.loading.internal.LoadContexts      : HHH000100: Fail-safe cleanup (collections) : org.hibernate.engine.loading.internal.CollectionLoadContext@41a09e70<rs=HikariProxyResultSet@1043356665 wrapping rs886: null>
?[0m?[0;34m2023-03-31 16:05:49.250  WARN 29781 --- [nio-8080-exec-5] o.h.e.loading.internal.LoadContexts      : HHH000100: Fail-safe cleanup (collections) : org.hibernate.engine.loading.internal.CollectionLoadContext@5870342<rs=HikariProxyResultSet@1443941498 wrapping rs905: null>
?[0m?[0;34m2023-03-31 16:05:49.250  WARN 29781 --- [nio-8080-exec-5] o.h.e.loading.internal.LoadContexts      : HHH000100: Fail-safe cleanup (collections) : org.hibernate.engine.loading.internal.CollectionLoadContext@50f3a9f8<rs=HikariProxyResultSet@1871903100 wrapping rs977: null>
?[0m?[0;34m2023-03-31 16:05:49.251  WARN 29781 --- [nio-8080-exec-5] o.h.e.loading.internal.LoadContexts      : HHH000100: Fail-safe cleanup (collections) : org.hibernate.engine.loading.internal.CollectionLoadContext@41cffbcd<rs=HikariProxyResultSet@654694909 wrapping rs742: null>
?[0m?[0;34m2023-03-31 16:05:49.251  WARN 29781 --- [nio-8080-exec-5] o.h.e.loading.internal.LoadContexts      : HHH000100: Fail-safe cleanup (collections) : org.hibernate.engine.loading.internal.CollectionLoadContext@459ae9a<rs=HikariProxyResultSet@1005062911 wrapping rs822: null>
?[0m?[0;34m2023-03-31 16:05:49.251  WARN 29781 --- [nio-8080-exec-5] o.h.e.loading.internal.LoadContexts      : HHH000100: Fail-safe cleanup (collections) : org.hibernate.engine.loading.internal.CollectionLoadContext@39792040<rs=HikariProxyResultSet@704518145 wrapping rs781: null>
?[0m?[0;34m2023-03-31 16:05:49.251  WARN 29781 --- [nio-8080-exec-5] o.h.e.loading.internal.LoadContexts      : HHH000100: Fail-safe cleanup (collections) : org.hibernate.engine.loading.internal.CollectionLoadContext@7408e2fe<rs=HikariProxyResultSet@1111184385 wrapping rs964: null>
?[0m?[0;34m2023-03-31 16:05:49.251  WARN 29781 --- [nio-8080-exec-5] o.h.e.loading.internal.LoadContexts      : HHH000100: Fail-safe cleanup (collections) : org.hibernate.engine.loading.internal.CollectionLoadContext@4aa76e21<rs=HikariProxyResultSet@1663881475 wrapping rs954: null>
?[0m?[0;34m2023-03-31 16:05:49.251  WARN 29781 --- [nio-8080-exec-5] o.h.e.loading.internal.LoadContexts      : HHH000100: Fail-safe cleanup (collections) : org.hibernate.engine.loading.internal.CollectionLoadContext@3432491<rs=HikariProxyResultSet@1955916164 wrapping rs649: null>
?[0m?[0;34m2023-03-31 16:05:49.251  WARN 29781 --- [nio-8080-exec-5] o.h.e.loading.internal.LoadContexts      : HHH000100: Fail-safe cleanup (collections) : org.hibernate.engine.loading.internal.CollectionLoadContext@73487f99<rs=HikariProxyResultSet@1622289667 wrapping rs1049: null>
?[0m?[0;34m2023-03-31 16:05:49.251  WARN 29781 --- [nio-8080-exec-5] o.h.e.loading.internal.LoadContexts      : HHH000100: Fail-safe cleanup (collections) : org.hibernate.engine.loading.internal.CollectionLoadContext@40647c1c<rs=HikariProxyResultSet@680050439 wrapping rs993: null>
?[0m?[0;34m2023-03-31 16:05:49.251  WARN 29781 --- [nio-8080-exec-5] o.h.e.loading.internal.LoadContexts      : HHH000100: Fail-safe cleanup (collections) : org.hibernate.engine.loading.internal.CollectionLoadContext@3143c457<rs=HikariProxyResultSet@1921825164 wrapping rs760: null>
?[0m?[0;34m2023-03-31 16:05:49.251  WARN 29781 --- [nio-8080-exec-5] o.h.e.loading.internal.LoadContexts      : HHH000100: Fail-safe cleanup (collections) : org.hibernate.engine.loading.internal.CollectionLoadContext@2b3e1942<rs=HikariProxyResultSet@1469251085 wrapping rs924: null>
?[0m?[0;34m2023-03-31 16:05:49.251  WARN 29781 --- [nio-8080-exec-5] o.h.e.loading.internal.LoadContexts      : HHH000100: Fail-safe cleanup (collections) : org.hibernate.engine.loading.internal.CollectionLoadContext@1bba0f0b<rs=HikariProxyResultSet@302934033 wrapping rs615: null>
?[0m?[0;34m2023-03-31 16:05:49.251  WARN 29781 --- [nio-8080-exec-5] o.h.e.loading.internal.LoadContexts      : HHH000100: Fail-safe cleanup (collections) : org.hibernate.engine.loading.internal.CollectionLoadContext@785d04fc<rs=HikariProxyResultSet@237410579 wrapping rs790: null>
?[0m?[0;34m2023-03-31 16:05:49.251  WARN 29781 --- [nio-8080-exec-5] o.h.e.loading.internal.LoadContexts      : HHH000100: Fail-safe cleanup (collections) : org.hibernate.engine.loading.internal.CollectionLoadContext@579306dc<rs=HikariProxyResultSet@1735279383 wrapping rs737: null>
?[0m?[0;34m2023-03-31 16:05:49.251  WARN 29781 --- [nio-8080-exec-5] o.h.e.loading.internal.LoadContexts      : HHH000100: Fail-safe cleanup (collections) : org.hibernate.engine.loading.internal.CollectionLoadContext@c3cf165<rs=HikariProxyResultSet@714692762 wrapping rs804: null>
?[0m?[0;34m2023-03-31 16:05:49.251  WARN 29781 --- [nio-8080-exec-5] o.h.e.loading.internal.LoadContexts      : HHH000100: Fail-safe cleanup (collections) : org.hibernate.engine.loading.internal.CollectionLoadContext@47b565be<rs=HikariProxyResultSet@75837723 wrapping rs630: null>
?[0m?[0;34m2023-03-31 16:05:49.251  WARN 29781 --- [nio-8080-exec-5] o.h.e.loading.internal.LoadContexts      : HHH000100: Fail-safe cleanup (collections) : org.hibernate.engine.loading.internal.CollectionLoadContext@57dff350<rs=HikariProxyResultSet@585990685 wrapping rs698: null>
?[0m?[0;34m2023-03-31 16:05:49.251  WARN 29781 --- [nio-8080-exec-5] o.h.e.loading.internal.LoadContexts      : HHH000100: Fail-safe cleanup (collections) : org.hibernate.engine.loading.internal.CollectionLoadContext@18b5ba91<rs=HikariProxyResultSet@214581789 wrapping rs789: null>
?[0m?[0;34m2023-03-31 16:05:49.251  WARN 29781 --- [nio-8080-exec-5] o.h.e.loading.internal.LoadContexts      : HHH000100: Fail-safe cleanup (collections) : org.hibernate.engine.loading.internal.CollectionLoadContext@73e9c73b<rs=HikariProxyResultSet@1382662814 wrapping rs1048: null>
?[0m?[0;34m2023-03-31 16:05:49.251  WARN 29781 --- [nio-8080-exec-5] o.h.e.loading.internal.LoadContexts      : HHH000100: Fail-safe cleanup (collections) : org.hibernate.engine.loading.internal.CollectionLoadContext@1f9dc46d<rs=HikariProxyResultSet@1183334691 wrapping rs929: null>
?[0m?[0;34m2023-03-31 16:05:49.251  WARN 29781 --- [nio-8080-exec-5] o.h.e.loading.internal.LoadContexts      : HHH000100: Fail-safe cleanup (collections) : org.hibernate.engine.loading.internal.CollectionLoadContext@3770e1bd<rs=HikariProxyResultSet@92465701 wrapping rs689: null>
?[0m?[0;34m2023-03-31 16:05:49.251  WARN 29781 --- [nio-8080-exec-5] o.h.e.loading.internal.LoadContexts      : HHH000100: Fail-safe cleanup (collections) : org.hibernate.engine.loading.internal.CollectionLoadContext@224b4f0<rs=HikariProxyResultSet@93902502 wrapping rs614: null>
?[0m?[0;34m2023-03-31 16:05:49.251  WARN 29781 --- [nio-8080-exec-5] o.h.e.loading.internal.LoadContexts      : HHH000100: Fail-safe cleanup (collections) : org.hibernate.engine.loading.internal.CollectionLoadContext@3fc97b90<rs=HikariProxyResultSet@1981469479 wrapping rs640: null>
?[0m?[0;34m2023-03-31 16:05:49.251  WARN 29781 --- [nio-8080-exec-5] o.h.e.loading.internal.LoadContexts      : HHH000100: Fail-safe cleanup (collections) : org.hibernate.engine.loading.internal.CollectionLoadContext@4e066ea8<rs=HikariProxyResultSet@457356837 wrapping rs695: null>
?[0m?[0;34m2023-03-31 16:05:49.251  WARN 29781 --- [nio-8080-exec-5] o.h.e.loading.internal.LoadContexts      : HHH000100: Fail-safe cleanup (collections) : org.hibernate.engine.loading.internal.CollectionLoadContext@7ecb13dc<rs=HikariProxyResultSet@224509098 wrapping rs963: null>
?[0m?[0;34m2023-03-31 16:05:49.251  WARN 29781 --- [nio-8080-exec-5] o.h.e.loading.internal.LoadContexts      : HHH000100: Fail-safe cleanup (collections) : org.hibernate.engine.loading.internal.CollectionLoadContext@596fbbc1<rs=HikariProxyResultSet@2022608171 wrapping rs1015: null>
?[0m?[0;34m2023-03-31 16:05:49.251  WARN 29781 --- [nio-8080-exec-5] o.h.e.loading.internal.LoadContexts      : HHH000100: Fail-safe cleanup (collections) : org.hibernate.engine.loading.internal.CollectionLoadContext@2d0e4e87<rs=HikariProxyResultSet@21455921 wrapping rs680: null>
?[0m?[0;34m2023-03-31 16:05:49.251  WARN 29781 --- [nio-8080-exec-5] o.h.e.loading.internal.LoadContexts      : HHH000100: Fail-safe cleanup (collections) : org.hibernate.engine.loading.internal.CollectionLoadContext@500006a0<rs=HikariProxyResultSet@1815266482 wrapping rs697: null>
?[0m?[0;34m2023-03-31 16:05:49.251  WARN 29781 --- [nio-8080-exec-5] o.h.e.loading.internal.LoadContexts      : HHH000100: Fail-safe cleanup (collections) : org.hibernate.engine.loading.internal.CollectionLoadContext@76f3ba8f<rs=HikariProxyResultSet@1550489270 wrapping rs761: null>
?[0m?[0;34m2023-03-31 16:05:49.251  WARN 29781 --- [nio-8080-exec-5] o.h.e.loading.internal.LoadContexts      : HHH000100: Fail-safe cleanup (collections) : org.hibernate.engine.loading.internal.CollectionLoadContext@52e6b623<rs=HikariProxyResultSet@586726199 wrapping rs777: null>
?[0m?[0;34m2023-03-31 16:05:49.251  WARN 29781 --- [nio-8080-exec-5] o.h.e.loading.internal.LoadContexts      : HHH000100: Fail-safe cleanup (collections) : org.hibernate.engine.loading.internal.CollectionLoadContext@d43a08e<rs=HikariProxyResultSet@1794860089 wrapping rs946: null>
?[0m?[0;34m2023-03-31 16:05:49.251  WARN 29781 --- [nio-8080-exec-5] o.h.e.loading.internal.LoadContexts      : HHH000100: Fail-safe cleanup (collections) : org.hibernate.engine.loading.internal.CollectionLoadContext@5da69280<rs=HikariProxyResultSet@1666760511 wrapping rs909: null>
?[0m?[0;34m2023-03-31 16:05:49.251  WARN 29781 --- [nio-8080-exec-5] o.h.e.loading.internal.LoadContexts      : HHH000100: Fail-safe cleanup (collections) : org.hibernate.engine.loading.internal.CollectionLoadContext@366a6c79<rs=HikariProxyResultSet@1284992960 wrapping rs672: null>
?[0m?[0;34m2023-03-31 16:05:49.251  WARN 29781 --- [nio-8080-exec-5] o.h.e.loading.internal.LoadContexts      : HHH000100: Fail-safe cleanup (collections) : org.hibernate.engine.loading.internal.CollectionLoadContext@51da9339<rs=HikariProxyResultSet@821177796 wrapping rs966: null>
?[0m?[0;34m2023-03-31 16:05:49.251  WARN 29781 --- [nio-8080-exec-5] o.h.e.loading.internal.LoadContexts      : HHH000100: Fail-safe cleanup (collections) : org.hibernate.engine.loading.internal.CollectionLoadContext@418d1e5c<rs=HikariProxyResultSet@692293318 wrapping rs700: null>
?[0m?[0;34m2023-03-31 16:05:49.251  WARN 29781 --- [nio-8080-exec-5] o.h.e.loading.internal.LoadContexts      : HHH000100: Fail-safe cleanup (collections) : org.hibernate.engine.loading.internal.CollectionLoadContext@2856a67f<rs=HikariProxyResultSet@833512263 wrapping rs985: null>
?[0m?[0;34m2023-03-31 16:05:49.251  WARN 29781 --- [nio-8080-exec-5] o.h.e.loading.internal.LoadContexts      : HHH000100: Fail-safe cleanup (collections) : org.hibernate.engine.loading.internal.CollectionLoadContext@4d3a0ea8<rs=HikariProxyResultSet@6415562 wrapping rs714: null>
?[0m?[0;34m2023-03-31 16:05:49.251  WARN 29781 --- [nio-8080-exec-5] o.h.e.loading.internal.LoadContexts      : HHH000100: Fail-safe cleanup (collections) : org.hibernate.engine.loading.internal.CollectionLoadContext@487c1f6d<rs=HikariProxyResultSet@1859741519 wrapping rs956: null>
?[0m?[0;34m2023-03-31 16:05:49.251  WARN 29781 --- [nio-8080-exec-5] o.h.e.loading.internal.LoadContexts      : HHH000100: Fail-safe cleanup (collections) : org.hibernate.engine.loading.internal.CollectionLoadContext@61aa97c0<rs=HikariProxyResultSet@408486356 wrapping rs616: null>
?[0m?[0;34m2023-03-31 16:05:49.251  WARN 29781 --- [nio-8080-exec-5] o.h.e.loading.internal.LoadContexts      : HHH000100: Fail-safe cleanup (collections) : org.hibernate.engine.loading.internal.CollectionLoadContext@7c52b0d4<rs=HikariProxyResultSet@1630628308 wrapping rs774: null>
?[0m?[0;34m2023-03-31 16:05:49.251  WARN 29781 --- [nio-8080-exec-5] o.h.e.loading.internal.LoadContexts      : HHH000100: Fail-safe cleanup (collections) : org.hibernate.engine.loading.internal.CollectionLoadContext@6180beb8<rs=HikariProxyResultSet@1055922136 wrapping rs1095: null>
?[0m?[0;34m2023-03-31 16:05:49.251  WARN 29781 --- [nio-8080-exec-5] o.h.e.loading.internal.LoadContexts      : HHH000100: Fail-safe cleanup (collections) : org.hibernate.engine.loading.internal.CollectionLoadContext@49af5292<rs=HikariProxyResultSet@1369476185 wrapping rs762: null>
?[0m?[0;34m2023-03-31 16:05:49.251  WARN 29781 --- [nio-8080-exec-5] o.h.e.loading.internal.LoadContexts      : HHH000100: Fail-safe cleanup (collections) : org.hibernate.engine.loading.internal.CollectionLoadContext@7c0ed8f0<rs=HikariProxyResultSet@1155186140 wrapping rs889: null>
?[0m?[0;34m2023-03-31 16:05:49.251  WARN 29781 --- [nio-8080-exec-5] o.h.e.loading.internal.LoadContexts      : HHH000100: Fail-safe cleanup (collections) : org.hibernate.engine.loading.internal.CollectionLoadContext@153303b5<rs=HikariProxyResultSet@1358465758 wrapping rs901: null>
?[0m?[0;34m2023-03-31 16:05:49.251  WARN 29781 --- [nio-8080-exec-5] o.h.e.loading.internal.LoadContexts      : HHH000100: Fail-safe cleanup (collections) : org.hibernate.engine.loading.internal.CollectionLoadContext@71a20ad5<rs=HikariProxyResultSet@1452776158 wrapping rs1005: null>
?[0m?[0;34m2023-03-31 16:05:49.251  WARN 29781 --- [nio-8080-exec-5] o.h.e.loading.internal.LoadContexts      : HHH000100: Fail-safe cleanup (collections) : org.hibernate.engine.loading.internal.CollectionLoadContext@42aaedb1<rs=HikariProxyResultSet@820367328 wrapping rs728: null>
?[0m?[0;34m2023-03-31 16:05:49.251  WARN 29781 --- [nio-8080-exec-5] o.h.e.loading.internal.LoadContexts      : HHH000100: Fail-safe cleanup (collections) : org.hibernate.engine.loading.internal.CollectionLoadContext@48e9644c<rs=HikariProxyResultSet@957911008 wrapping rs1013: null>
?[0m?[0;34m2023-03-31 16:05:49.252  WARN 29781 --- [nio-8080-exec-5] o.h.e.loading.internal.LoadContexts      : HHH000100: Fail-safe cleanup (collections) : org.hibernate.engine.loading.internal.CollectionLoadContext@454ae84f<rs=HikariProxyResultSet@1462100323 wrapping rs729: null>
?[0m?[0;34m2023-03-31 16:05:49.252  WARN 29781 --- [nio-8080-exec-5] o.h.e.loading.internal.LoadContexts      : HHH000100: Fail-safe cleanup (collections) : org.hibernate.engine.loading.internal.CollectionLoadContext@245fa691<rs=HikariProxyResultSet@1087993316 wrapping rs869: null>
?[0m?[0;34m2023-03-31 16:05:49.252  WARN 29781 --- [nio-8080-exec-5] o.h.e.loading.internal.LoadContexts      : HHH000100: Fail-safe cleanup (collections) : org.hibernate.engine.loading.internal.CollectionLoadContext@310d00ce<rs=HikariProxyResultSet@1086807782 wrapping rs644: null>
?[0m?[0;34m2023-03-31 16:05:49.252  WARN 29781 --- [nio-8080-exec-5] o.h.e.loading.internal.LoadContexts      : HHH000100: Fail-safe cleanup (collections) : org.hibernate.engine.loading.internal.CollectionLoadContext@32c5d9a7<rs=HikariProxyResultSet@18377575 wrapping rs885: null>
?[0m?[0;34m2023-03-31 16:05:49.252  WARN 29781 --- [nio-8080-exec-5] o.h.e.loading.internal.LoadContexts      : HHH000100: Fail-safe cleanup (collections) : org.hibernate.engine.loading.internal.CollectionLoadContext@205f5720<rs=HikariProxyResultSet@1866916840 wrapping rs718: null>
?[0m?[0;34m2023-03-31 16:05:49.252  WARN 29781 --- [nio-8080-exec-5] o.h.e.loading.internal.LoadContexts      : HHH000100: Fail-safe cleanup (collections) : org.hibernate.engine.loading.internal.CollectionLoadContext@79ed1694<rs=HikariProxyResultSet@170967016 wrapping rs724: null>
?[0m?[0;34m2023-03-31 16:05:49.252  WARN 29781 --- [nio-8080-exec-5] o.h.e.loading.internal.LoadContexts      : HHH000100: Fail-safe cleanup (collections) : org.hibernate.engine.loading.internal.CollectionLoadContext@203f7217<rs=HikariProxyResultSet@731089130 wrapping rs635: null>
?[0m?[0;34m2023-03-31 16:05:49.252  WARN 29781 --- [nio-8080-exec-5] o.h.e.loading.internal.LoadContexts      : HHH000100: Fail-safe cleanup (collections) : org.hibernate.engine.loading.internal.CollectionLoadContext@3cab9f56<rs=HikariProxyResultSet@1247291626 wrapping rs712: null>
?[0m?[0;34m2023-03-31 16:05:49.252  WARN 29781 --- [nio-8080-exec-5] o.h.e.loading.internal.LoadContexts      : HHH000100: Fail-safe cleanup (collections) : org.hibernate.engine.loading.internal.CollectionLoadContext@669739b4<rs=HikariProxyResultSet@1337270764 wrapping rs803: null>
?[0m?[0;34m2023-03-31 16:05:49.252  WARN 29781 --- [nio-8080-exec-5] o.h.e.loading.internal.LoadContexts      : HHH000100: Fail-safe cleanup (collections) : org.hibernate.engine.loading.internal.CollectionLoadContext@775fda44<rs=HikariProxyResultSet@395354088 wrapping rs806: null>
?[0m?[0;34m2023-03-31 16:05:49.252  WARN 29781 --- [nio-8080-exec-5] o.h.e.loading.internal.LoadContexts      : HHH000100: Fail-safe cleanup (collections) : org.hibernate.engine.loading.internal.CollectionLoadContext@2c2ba172<rs=HikariProxyResultSet@569981162 wrapping rs815: null>
?[0m?[0;34m2023-03-31 16:05:49.252  WARN 29781 --- [nio-8080-exec-5] o.h.e.loading.internal.LoadContexts      : HHH000100: Fail-safe cleanup (collections) : org.hibernate.engine.loading.internal.CollectionLoadContext@4c9ada8e<rs=HikariProxyResultSet@1920641903 wrapping rs767: null>
?[0m?[0;34m2023-03-31 16:05:49.252  WARN 29781 --- [nio-8080-exec-5] o.h.e.loading.internal.LoadContexts      : HHH000100: Fail-safe cleanup (collections) : org.hibernate.engine.loading.internal.CollectionLoadContext@131f0030<rs=HikariProxyResultSet@886959209 wrapping rs943: null>
?[0m?[0;34m2023-03-31 16:05:49.252  WARN 29781 --- [nio-8080-exec-5] o.h.e.loading.internal.LoadContexts      : HHH000100: Fail-safe cleanup (collections) : org.hibernate.engine.loading.internal.CollectionLoadContext@1a9b75ed<rs=HikariProxyResultSet@1729097841 wrapping rs733: null>
?[0m?[0;34m2023-03-31 16:05:49.252  WARN 29781 --- [nio-8080-exec-5] o.h.e.loading.internal.LoadContexts      : HHH000100: Fail-safe cleanup (collections) : org.hibernate.engine.loading.internal.CollectionLoadContext@6bca67fd<rs=HikariProxyResultSet@589131881 wrapping rs1016: null>
?[0m?[0;34m2023-03-31 16:05:49.252  WARN 29781 --- [nio-8080-exec-5] o.h.e.loading.internal.LoadContexts      : HHH000100: Fail-safe cleanup (collections) : org.hibernate.engine.loading.internal.CollectionLoadContext@719e8ea0<rs=HikariProxyResultSet@1604823024 wrapping rs1025: null>
?[0m?[0;34m2023-03-31 16:05:49.252  WARN 29781 --- [nio-8080-exec-5] o.h.e.loading.internal.LoadContexts      : HHH000100: Fail-safe cleanup (collections) : org.hibernate.engine.loading.internal.CollectionLoadContext@1a6b1e23<rs=HikariProxyResultSet@801600488 wrapping rs1079: null>
?[0m?[0;34m2023-03-31 16:05:49.252  WARN 29781 --- [nio-8080-exec-5] o.h.e.loading.internal.LoadContexts      : HHH000100: Fail-safe cleanup (collections) : org.hibernate.engine.loading.internal.CollectionLoadContext@5b9e249e<rs=HikariProxyResultSet@608802937 wrapping rs980: null>
?[0m?[0;34m2023-03-31 16:05:49.252  WARN 29781 --- [nio-8080-exec-5] o.h.e.loading.internal.LoadContexts      : HHH000100: Fail-safe cleanup (collections) : org.hibernate.engine.loading.internal.CollectionLoadContext@6353559f<rs=HikariProxyResultSet@895625466 wrapping rs867: null>
?[0m?[0;34m2023-03-31 16:05:49.252  WARN 29781 --- [nio-8080-exec-5] o.h.e.loading.internal.LoadContexts      : HHH000100: Fail-safe cleanup (collections) : org.hibernate.engine.loading.internal.CollectionLoadContext@663d3cdb<rs=HikariProxyResultSet@1759744508 wrapping rs848: null>
?[0m?[0;34m2023-03-31 16:05:49.252  WARN 29781 --- [nio-8080-exec-5] o.h.e.loading.internal.LoadContexts      : HHH000100: Fail-safe cleanup (collections) : org.hibernate.engine.loading.internal.CollectionLoadContext@2465bc39<rs=HikariProxyResultSet@1043766014 wrapping rs1001: null>
?[0m?[0;34m2023-03-31 16:05:49.252  WARN 29781 --- [nio-8080-exec-5] o.h.e.loading.internal.LoadContexts      : HHH000100: Fail-safe cleanup (collections) : org.hibernate.engine.loading.internal.CollectionLoadContext@e75d6ff<rs=HikariProxyResultSet@1805376383 wrapping rs642: null>
?[0m?[0;34m2023-03-31 16:05:49.252 DEBUG 29781 --- [nio-8080-exec-5] o.s.web.servlet.DispatcherServlet        : Completed 200 OK
?[0m?[0;34m2023-03-31 16:05:49.252 DEBUG 29781 --- [nio-8080-exec-5] w.c.HttpSessionSecurityContextRepository : Stored SecurityContextImpl [Authentication=UsernamePasswordAuthenticationToken [Principal=recipes.UserDetailsImpl@753c87f5, Credentials=[PROTECTED], Authenticated=true, Details=WebAuthenticationDetails [RemoteIpAddress=127.0.0.1, SessionId=null], Granted Authorities=[ROLE_USER]]] to HttpSession [org.apache.catalina.session.StandardSessionFacade@46cc0996]
?[0m?[0;34m2023-03-31 16:05:49.252 DEBUG 29781 --- [nio-8080-exec-5] s.s.w.c.SecurityContextPersistenceFilter : Cleared SecurityContextHolder to complete request
?[1;31m
Start test 13?[0m
?[0m?[0;34m2023-03-31 16:05:49.256 DEBUG 29781 --- [nio-8080-exec-9] o.s.security.web.FilterChainProxy        : Securing POST /actuator/shutdown
?[0m?[0;34m2023-03-31 16:05:49.256 DEBUG 29781 --- [nio-8080-exec-9] s.s.w.c.SecurityContextPersistenceFilter : Set SecurityContextHolder to empty SecurityContext
?[0m?[0;34m2023-03-31 16:05:49.256 DEBUG 29781 --- [nio-8080-exec-9] o.s.s.w.a.AnonymousAuthenticationFilter  : Set SecurityContextHolder to anonymous SecurityContext
?[0m?[0;34m2023-03-31 16:05:49.256 DEBUG 29781 --- [nio-8080-exec-9] s.b.a.e.w.s.WebMvcEndpointHandlerMapping : Mapped to Actuator web endpoint 'shutdown'
?[0m?[0;34m2023-03-31 16:05:49.256 DEBUG 29781 --- [nio-8080-exec-9] s.b.a.e.w.s.WebMvcEndpointHandlerMapping : Mapped to Actuator web endpoint 'shutdown'
?[0m?[0;34m2023-03-31 16:05:49.257 DEBUG 29781 --- [nio-8080-exec-9] o.s.s.w.a.i.FilterSecurityInterceptor    : Authorized filter invocation [POST /actuator/shutdown] with attributes [permitAll]
?[0m?[0;34m2023-03-31 16:05:49.257 DEBUG 29781 --- [nio-8080-exec-9] o.s.security.web.FilterChainProxy        : Secured POST /actuator/shutdown
?[0m?[0;34m2023-03-31 16:05:49.257 DEBUG 29781 --- [nio-8080-exec-9] o.s.web.servlet.DispatcherServlet        : POST "/actuator/shutdown", parameters={}
?[0m?[0;34m2023-03-31 16:05:49.257 DEBUG 29781 --- [nio-8080-exec-9] s.b.a.e.w.s.WebMvcEndpointHandlerMapping : Mapped to Actuator web endpoint 'shutdown'
?[0m?[0;34m2023-03-31 16:05:49.258 DEBUG 29781 --- [nio-8080-exec-9] m.m.a.RequestResponseBodyMethodProcessor : Read "application/json;charset=UTF-8" to []
?[0m?[0;34m2023-03-31 16:05:49.260 DEBUG 29781 --- [nio-8080-exec-9] m.m.a.RequestResponseBodyMethodProcessor : Using 'application/vnd.spring-boot.actuator.v3+json', given [*/*] and supported [application/vnd.spring-boot.actuator.v3+json, application/vnd.spring-boot.actuator.v2+json, application/json]
?[0m?[0;34m2023-03-31 16:05:49.260 DEBUG 29781 --- [nio-8080-exec-9] m.m.a.RequestResponseBodyMethodProcessor : Writing [{message=Shutting down, bye...}]
?[0m?[0;34m2023-03-31 16:05:49.260 DEBUG 29781 --- [nio-8080-exec-9] w.c.HttpSessionSecurityContextRepository : Did not store anonymous SecurityContext
?[0m?[0;34m2023-03-31 16:05:49.261 DEBUG 29781 --- [nio-8080-exec-9] o.s.web.servlet.DispatcherServlet        : Completed 200 OK
?[0m?[0;34m2023-03-31 16:05:49.261 DEBUG 29781 --- [nio-8080-exec-9] w.c.HttpSessionSecurityContextRepository : Did not store anonymous SecurityContext
?[0m?[0;34m2023-03-31 16:05:49.261 DEBUG 29781 --- [nio-8080-exec-9] s.s.w.c.SecurityContextPersistenceFilter : Cleared SecurityContextHolder to complete request
?[0;34m2023-03-31 16:05:49.761 DEBUG 29781 --- [       Thread-5] o.s.b.a.ApplicationAvailabilityBean      : Application availability state ReadinessState changed from ACCEPTING_TRAFFIC to REFUSING_TRAFFIC
?[0m?[0;34m2023-03-31 16:05:49.762 DEBUG 29781 --- [       Thread-5] ConfigServletWebServerApplicationContext : Closing org.springframework.boot.web.servlet.context.AnnotationConfigServletWebServerApplicationContext@532a02d9, started on Fri Mar 31 16:05:45 EEST 2023
?[0m?[0;34m2023-03-31 16:05:49.764 DEBUG 29781 --- [       Thread-5] o.s.c.support.DefaultLifecycleProcessor  : Stopping beans in phase 2147483647
?[0m?[0;34m2023-03-31 16:05:49.766 DEBUG 29781 --- [       Thread-5] o.s.c.support.DefaultLifecycleProcessor  : Bean 'webServerGracefulShutdown' completed its stop procedure
?[0m?[0;34m2023-03-31 16:05:49.766 DEBUG 29781 --- [       Thread-5] o.s.c.support.DefaultLifecycleProcessor  : Stopping beans in phase 2147483646
?[0m?[0;34m2023-03-31 16:05:49.780 DEBUG 29781 --- [       Thread-5] o.s.c.support.DefaultLifecycleProcessor  : Bean 'webServerStartStop' completed its stop procedure
?[0m?[0;34m2023-03-31 16:05:49.780 DEBUG 29781 --- [       Thread-5] o.s.s.concurrent.ThreadPoolTaskExecutor  : Shutting down ExecutorService 'applicationTaskExecutor'
?[0m?[0;34m2023-03-31 16:05:49.782  INFO 29781 --- [       Thread-5] j.LocalContainerEntityManagerFactoryBean : Closing JPA EntityManagerFactory for persistence unit 'default'
?[0m?[0;34m2023-03-31 16:05:49.783  INFO 29781 --- [       Thread-5] com.zaxxer.hikari.HikariDataSource       : HikariPool-1 - Shutdown initiated...
?[0m?[0;34m2023-03-31 16:05:49.827  INFO 29781 --- [       Thread-5] com.zaxxer.hikari.HikariDataSource       : HikariPool-1 - Shutdown completed.
?[0;34m
?[0m?[0;34m  .   ____          _            __ _ _
?[0m?[0;34m /\\ / ___'_ __ _ _(_)_ __  __ _ \ \ \ \
?[0m?[0;34m( ( )\___ | '_ | '_| | '_ \/ _` | \ \ \ \
?[0m?[0;34m \\/  ___)| |_)| | | | | || (_| |  ) ) ) )
?[0m?[0;34m  '  |____| .__|_| |_|_| |_\__, | / / / /
?[0m?[0;34m =========|_|==============|___/=/_/_/_/
?[0m?[0;34m :: Spring Boot ::                (v2.5.6)
?[0m?[0;34m
?[0m?[0;34m2023-03-31 16:05:59.597  INFO 29781 --- [    Test worker] recipes.RecipesApplication               : Starting RecipesApplication using Java 17.0.5 on MacBook-Air-Nikos.local with PID 29781 (started by nikosgalinos in /Users/nikosgalinos/Portfolio_Projects/Recipes/Recipes/task)
?[0m?[0;34m2023-03-31 16:05:59.597  INFO 29781 --- [    Test worker] recipes.RecipesApplication               : No active profile set, falling back to default profiles: default
?[0m?[0;34m2023-03-31 16:05:59.597 DEBUG 29781 --- [    Test worker] o.s.boot.SpringApplication               : Loading source class recipes.RecipesApplication
?[0m?[0;34m2023-03-31 16:05:59.598 DEBUG 29781 --- [    Test worker] ConfigServletWebServerApplicationContext : Refreshing org.springframework.boot.web.servlet.context.AnnotationConfigServletWebServerApplicationContext@69c7fb94
?[0m?[0;34m2023-03-31 16:05:59.598 DEBUG 29781 --- [    Test worker] o.s.b.f.s.DefaultListableBeanFactory     : Creating shared instance of singleton bean 'org.springframework.context.annotation.internalConfigurationAnnotationProcessor'
?[0m?[0;34m2023-03-31 16:05:59.598 DEBUG 29781 --- [    Test worker] o.s.b.f.s.DefaultListableBeanFactory     : Creating shared instance of singleton bean 'org.springframework.boot.autoconfigure.internalCachingMetadataReaderFactory'
?[0m?[0;34m2023-03-31 16:05:59.602 DEBUG 29781 --- [    Test worker] o.s.c.a.ClassPathBeanDefinitionScanner   : Ignored because not a concrete top-level class: file [/Users/nikosgalinos/Portfolio_Projects/Recipes/Recipes/task/build/classes/java/main/recipes/RecipeRepository.class]
?[0m?[0;34m2023-03-31 16:05:59.602 DEBUG 29781 --- [    Test worker] o.s.c.a.ClassPathBeanDefinitionScanner   : Identified candidate component class: file [/Users/nikosgalinos/Portfolio_Projects/Recipes/Recipes/task/build/classes/java/main/recipes/RecipeService.class]
?[0m?[0;34m2023-03-31 16:05:59.603 DEBUG 29781 --- [    Test worker] o.s.c.a.ClassPathBeanDefinitionScanner   : Identified candidate component class: file [/Users/nikosgalinos/Portfolio_Projects/Recipes/Recipes/task/build/classes/java/main/recipes/RecipesController.class]
?[0m?[0;34m2023-03-31 16:05:59.603 DEBUG 29781 --- [    Test worker] o.s.c.a.ClassPathBeanDefinitionScanner   : Identified candidate component class: file [/Users/nikosgalinos/Portfolio_Projects/Recipes/Recipes/task/build/classes/java/main/recipes/RegistrationController.class]
?[0m?[0;34m2023-03-31 16:05:59.603 DEBUG 29781 --- [    Test worker] o.s.c.a.ClassPathBeanDefinitionScanner   : Identified candidate component class: file [/Users/nikosgalinos/Portfolio_Projects/Recipes/Recipes/task/build/classes/java/main/recipes/UserDetailsServiceImpl.class]
?[0m?[0;34m2023-03-31 16:05:59.604 DEBUG 29781 --- [    Test worker] o.s.c.a.ClassPathBeanDefinitionScanner   : Ignored because not a concrete top-level class: file [/Users/nikosgalinos/Portfolio_Projects/Recipes/Recipes/task/build/classes/java/main/recipes/UserRepository.class]
?[0m?[0;34m2023-03-31 16:05:59.604 DEBUG 29781 --- [    Test worker] o.s.c.a.ClassPathBeanDefinitionScanner   : Identified candidate component class: file [/Users/nikosgalinos/Portfolio_Projects/Recipes/Recipes/task/build/classes/java/main/recipes/UserService.class]
?[0m?[0;34m2023-03-31 16:05:59.604 DEBUG 29781 --- [    Test worker] o.s.c.a.ClassPathBeanDefinitionScanner   : Identified candidate component class: file [/Users/nikosgalinos/Portfolio_Projects/Recipes/Recipes/task/build/classes/java/main/recipes/WebSecurityConfigurerImpl.class]
?[0m?[0;34m2023-03-31 16:05:59.721  INFO 29781 --- [    Test worker] .s.d.r.c.RepositoryConfigurationDelegate : Bootstrapping Spring Data JPA repositories in DEFAULT mode.
?[0m?[0;34m2023-03-31 16:05:59.721 DEBUG 29781 --- [    Test worker] o.s.b.f.s.DefaultListableBeanFactory     : Creating shared instance of singleton bean 'org.springframework.boot.autoconfigure.AutoConfigurationPackages'
?[0m?[0;34m2023-03-31 16:05:59.721 DEBUG 29781 --- [    Test worker] o.s.b.a.AutoConfigurationPackages        : @EnableAutoConfiguration was declared on a class in the package 'recipes'. Automatic @Repository and @Entity scanning is enabled.
?[0m?[0;34m2023-03-31 16:05:59.721 DEBUG 29781 --- [    Test worker] .s.d.r.c.RepositoryConfigurationDelegate : Scanning for JPA repositories in packages recipes.
?[0m?[0;34m2023-03-31 16:05:59.722 DEBUG 29781 --- [    Test worker] o.s.d.r.c.RepositoryComponentProvider    : Identified candidate component class: file [/Users/nikosgalinos/Portfolio_Projects/Recipes/Recipes/task/build/classes/java/main/recipes/RecipeRepository.class]
?[0m?[0;34m2023-03-31 16:05:59.722 DEBUG 29781 --- [    Test worker] o.s.d.r.c.RepositoryComponentProvider    : Identified candidate component class: file [/Users/nikosgalinos/Portfolio_Projects/Recipes/Recipes/task/build/classes/java/main/recipes/UserRepository.class]
?[0m?[0;34m2023-03-31 16:05:59.723 DEBUG 29781 --- [    Test worker] ssPathScanningCandidateComponentProvider : Identified candidate component class: file [/Users/nikosgalinos/Portfolio_Projects/Recipes/Recipes/task/build/classes/java/main/recipes/UserDetailsImpl.class]
?[0m?[0;34m2023-03-31 16:05:59.723 DEBUG 29781 --- [    Test worker] ssPathScanningCandidateComponentProvider : Identified candidate component class: file [/Users/nikosgalinos/Portfolio_Projects/Recipes/Recipes/task/build/classes/java/main/recipes/UserDetailsServiceImpl.class]
?[0m?[0;34m2023-03-31 16:05:59.724 DEBUG 29781 --- [    Test worker] ssPathScanningCandidateComponentProvider : Identified candidate component class: file [/Users/nikosgalinos/Portfolio_Projects/Recipes/Recipes/task/build/classes/java/main/recipes/WebSecurityConfigurerImpl.class]
?[0m?[0;34m2023-03-31 16:05:59.724  INFO 29781 --- [    Test worker] .s.d.r.c.RepositoryConfigurationDelegate : Finished Spring Data repository scanning in 3 ms. Found 2 JPA repository interfaces.
?[0m?[0;34m2023-03-31 16:05:59.736 DEBUG 29781 --- [    Test worker] o.s.b.f.s.DefaultListableBeanFactory     : Creating shared instance of singleton bean 'propertySourcesPlaceholderConfigurer'
?[0m?[0;34m2023-03-31 16:05:59.737 DEBUG 29781 --- [    Test worker] o.s.b.f.s.DefaultListableBeanFactory     : Creating shared instance of singleton bean 'emBeanDefinitionRegistrarPostProcessor'
?[0m?[0;34m2023-03-31 16:05:59.737 DEBUG 29781 --- [    Test worker] o.s.b.f.s.DefaultListableBeanFactory     : Creating shared instance of singleton bean 'org.springframework.boot.sql.init.dependency.DatabaseInitializationDependencyConfigurer$DependsOnDatabaseInitializationPostProcessor'
?[0m?[0;34m2023-03-31 16:05:59.740 DEBUG 29781 --- [    Test worker] o.s.b.f.s.DefaultListableBeanFactory     : Creating shared instance of singleton bean 'org.springframework.context.event.internalEventListenerProcessor'
?[0m?[0;34m2023-03-31 16:05:59.741 DEBUG 29781 --- [    Test worker] o.s.b.f.s.DefaultListableBeanFactory     : Creating shared instance of singleton bean 'conversionServicePostProcessor'
?[0m?[0;34m2023-03-31 16:05:59.741 DEBUG 29781 --- [    Test worker] o.s.b.f.s.DefaultListableBeanFactory     : Creating shared instance of singleton bean 'preserveErrorControllerTargetClassPostProcessor'
?[0m?[0;34m2023-03-31 16:05:59.741 DEBUG 29781 --- [    Test worker] o.s.b.f.s.DefaultListableBeanFactory     : Creating shared instance of singleton bean 'org.springframework.context.event.internalEventListenerFactory'
?[0m?[0;34m2023-03-31 16:05:59.741 DEBUG 29781 --- [    Test worker] o.s.b.f.s.DefaultListableBeanFactory     : Creating shared instance of singleton bean 'org.springframework.transaction.config.internalTransactionalEventListenerFactory'
?[0m?[0;34m2023-03-31 16:05:59.742 DEBUG 29781 --- [    Test worker] o.s.b.f.s.DefaultListableBeanFactory     : Creating shared instance of singleton bean 'org.springframework.context.annotation.internalAutowiredAnnotationProcessor'
?[0m?[0;34m2023-03-31 16:05:59.742 DEBUG 29781 --- [    Test worker] o.s.b.f.s.DefaultListableBeanFactory     : Creating shared instance of singleton bean 'org.springframework.context.annotation.internalCommonAnnotationProcessor'
?[0m?[0;34m2023-03-31 16:05:59.742 DEBUG 29781 --- [    Test worker] o.s.b.f.s.DefaultListableBeanFactory     : Creating shared instance of singleton bean 'org.springframework.context.annotation.internalPersistenceAnnotationProcessor'
?[0m?[0;34m2023-03-31 16:05:59.742 DEBUG 29781 --- [    Test worker] o.s.b.f.s.DefaultListableBeanFactory     : Creating shared instance of singleton bean 'org.springframework.boot.context.properties.ConfigurationPropertiesBindingPostProcessor'
?[0m?[0;34m2023-03-31 16:05:59.742 DEBUG 29781 --- [    Test worker] o.s.b.f.s.DefaultListableBeanFactory     : Creating shared instance of singleton bean 'org.springframework.boot.context.internalConfigurationPropertiesBinder'
?[0m?[0;34m2023-03-31 16:05:59.742 DEBUG 29781 --- [    Test worker] o.s.b.f.s.DefaultListableBeanFactory     : Creating shared instance of singleton bean 'org.springframework.boot.context.internalConfigurationPropertiesBinderFactory'
?[0m?[0;34m2023-03-31 16:05:59.742 DEBUG 29781 --- [    Test worker] o.s.b.f.s.DefaultListableBeanFactory     : Creating shared instance of singleton bean 'methodValidationPostProcessor'
?[0m?[0;34m2023-03-31 16:05:59.743 DEBUG 29781 --- [    Test worker] o.s.b.f.s.DefaultListableBeanFactory     : Autowiring by type from bean name 'methodValidationPostProcessor' via factory method to bean named 'environment'
?[0m?[0;34m2023-03-31 16:05:59.743 DEBUG 29781 --- [    Test worker] o.s.b.f.s.DefaultListableBeanFactory     : Creating shared instance of singleton bean 'org.springframework.boot.context.properties.EnableConfigurationPropertiesRegistrar.methodValidationExcludeFilter'
?[0m?[0;34m2023-03-31 16:05:59.744 DEBUG 29781 --- [    Test worker] o.s.b.f.s.DefaultListableBeanFactory     : Creating shared instance of singleton bean 'org.springframework.aop.config.internalAutoProxyCreator'
?[0m?[0;34m2023-03-31 16:05:59.747 DEBUG 29781 --- [    Test worker] o.s.b.f.s.DefaultListableBeanFactory     : Creating shared instance of singleton bean 'persistenceExceptionTranslationPostProcessor'
?[0m?[0;34m2023-03-31 16:05:59.747 DEBUG 29781 --- [    Test worker] o.s.b.f.s.DefaultListableBeanFactory     : Autowiring by type from bean name 'persistenceExceptionTranslationPostProcessor' via factory method to bean named 'environment'
?[0m?[0;34m2023-03-31 16:05:59.748 DEBUG 29781 --- [    Test worker] o.s.b.f.s.DefaultListableBeanFactory     : Creating shared instance of singleton bean 'webServerFactoryCustomizerBeanPostProcessor'
?[0m?[0;34m2023-03-31 16:05:59.748 DEBUG 29781 --- [    Test worker] o.s.b.f.s.DefaultListableBeanFactory     : Creating shared instance of singleton bean 'errorPageRegistrarBeanPostProcessor'
?[0m?[0;34m2023-03-31 16:05:59.748 DEBUG 29781 --- [    Test worker] o.s.b.f.s.DefaultListableBeanFactory     : Creating shared instance of singleton bean 'healthEndpointGroupsBeanPostProcessor'
?[0m?[0;34m2023-03-31 16:05:59.748 DEBUG 29781 --- [    Test worker] o.s.b.f.s.DefaultListableBeanFactory     : Creating shared instance of singleton bean 'org.springframework.transaction.config.internalTransactionAdvisor'
?[0m?[0;34m2023-03-31 16:05:59.748 DEBUG 29781 --- [    Test worker] o.s.b.f.s.DefaultListableBeanFactory     : Creating shared instance of singleton bean 'org.springframework.transaction.annotation.ProxyTransactionManagementConfiguration'
?[0m?[0;34m2023-03-31 16:05:59.752 DEBUG 29781 --- [    Test worker] o.s.b.f.s.DefaultListableBeanFactory     : Creating shared instance of singleton bean 'transactionAttributeSource'
?[0m?[0;34m2023-03-31 16:05:59.752 DEBUG 29781 --- [    Test worker] o.s.b.f.s.DefaultListableBeanFactory     : Creating shared instance of singleton bean 'transactionInterceptor'
?[0m?[0;34m2023-03-31 16:05:59.752 DEBUG 29781 --- [    Test worker] o.s.b.f.s.DefaultListableBeanFactory     : Autowiring by type from bean name 'transactionInterceptor' via factory method to bean named 'transactionAttributeSource'
?[0m?[0;34m2023-03-31 16:05:59.753 DEBUG 29781 --- [    Test worker] o.s.b.f.s.DefaultListableBeanFactory     : Autowiring by type from bean name 'org.springframework.transaction.config.internalTransactionAdvisor' via factory method to bean named 'transactionAttributeSource'
?[0m?[0;34m2023-03-31 16:05:59.753 DEBUG 29781 --- [    Test worker] o.s.b.f.s.DefaultListableBeanFactory     : Autowiring by type from bean name 'org.springframework.transaction.config.internalTransactionAdvisor' via factory method to bean named 'transactionInterceptor'
?[0m?[0;34m2023-03-31 16:05:59.753 DEBUG 29781 --- [    Test worker] o.s.b.f.s.DefaultListableBeanFactory     : Creating shared instance of singleton bean 'meterRegistryPostProcessor'
?[0m?[0;34m2023-03-31 16:05:59.753 DEBUG 29781 --- [    Test worker] o.s.b.f.s.DefaultListableBeanFactory     : Autowiring by type from bean name 'meterRegistryPostProcessor' via factory method to bean named 'org.springframework.boot.web.servlet.context.AnnotationConfigServletWebServerApplicationContext@69c7fb94'
?[0m?[0;34m2023-03-31 16:05:59.753 DEBUG 29781 --- [    Test worker] o.s.b.f.s.DefaultListableBeanFactory     : Creating shared instance of singleton bean 'metricsRepositoryMethodInvocationListenerBeanPostProcessor'
?[0m?[0;34m2023-03-31 16:05:59.754 DEBUG 29781 --- [    Test worker] o.s.b.f.s.DefaultListableBeanFactory     : Creating shared instance of singleton bean 'projectingArgumentResolverBeanPostProcessor'
?[0m?[0;34m2023-03-31 16:05:59.754 DEBUG 29781 --- [    Test worker] o.s.u.c.s.UiApplicationContextUtils      : Unable to locate ThemeSource with name 'themeSource': using default [org.springframework.ui.context.support.ResourceBundleThemeSource@6527aa0]
?[0m?[0;34m2023-03-31 16:05:59.754 DEBUG 29781 --- [    Test worker] o.s.b.f.s.DefaultListableBeanFactory     : Creating shared instance of singleton bean 'tomcatServletWebServerFactory'
?[0m?[0;34m2023-03-31 16:05:59.754 DEBUG 29781 --- [    Test worker] o.s.b.f.s.DefaultListableBeanFactory     : Creating shared instance of singleton bean 'org.springframework.boot.autoconfigure.web.servlet.ServletWebServerFactoryConfiguration$EmbeddedTomcat'
?[0m?[0;34m2023-03-31 16:05:59.755 DEBUG 29781 --- [    Test worker] o.s.b.f.s.DefaultListableBeanFactory     : Creating shared instance of singleton bean 'websocketServletWebServerCustomizer'
?[0m?[0;34m2023-03-31 16:05:59.755 DEBUG 29781 --- [    Test worker] o.s.b.f.s.DefaultListableBeanFactory     : Creating shared instance of singleton bean 'org.springframework.boot.autoconfigure.websocket.servlet.WebSocketServletAutoConfiguration$TomcatWebSocketConfiguration'
?[0m?[0;34m2023-03-31 16:05:59.755 DEBUG 29781 --- [    Test worker] o.s.b.f.s.DefaultListableBeanFactory     : Creating shared instance of singleton bean 'servletWebServerFactoryCustomizer'
?[0m?[0;34m2023-03-31 16:05:59.755 DEBUG 29781 --- [    Test worker] o.s.b.f.s.DefaultListableBeanFactory     : Creating shared instance of singleton bean 'org.springframework.boot.autoconfigure.web.servlet.ServletWebServerFactoryAutoConfiguration'
?[0m?[0;34m2023-03-31 16:05:59.756 DEBUG 29781 --- [    Test worker] o.s.b.f.s.DefaultListableBeanFactory     : Creating shared instance of singleton bean 'server-org.springframework.boot.autoconfigure.web.ServerProperties'
?[0m?[0;34m2023-03-31 16:05:59.756 DEBUG 29781 --- [    Test worker] o.s.b.f.s.DefaultListableBeanFactory     : Creating shared instance of singleton bean 'org.springframework.boot.context.properties.BoundConfigurationProperties'
?[0m?[0;34m2023-03-31 16:05:59.757 DEBUG 29781 --- [    Test worker] o.s.b.f.s.DefaultListableBeanFactory     : Autowiring by type from bean name 'servletWebServerFactoryCustomizer' via factory method to bean named 'server-org.springframework.boot.autoconfigure.web.ServerProperties'
?[0m?[0;34m2023-03-31 16:05:59.758 DEBUG 29781 --- [    Test worker] o.s.b.f.s.DefaultListableBeanFactory     : Creating shared instance of singleton bean 'tomcatServletWebServerFactoryCustomizer'
?[0m?[0;34m2023-03-31 16:05:59.758 DEBUG 29781 --- [    Test worker] o.s.b.f.s.DefaultListableBeanFactory     : Autowiring by type from bean name 'tomcatServletWebServerFactoryCustomizer' via factory method to bean named 'server-org.springframework.boot.autoconfigure.web.ServerProperties'
?[0m?[0;34m2023-03-31 16:05:59.758 DEBUG 29781 --- [    Test worker] o.s.b.f.s.DefaultListableBeanFactory     : Creating shared instance of singleton bean 'tomcatWebServerFactoryCustomizer'
?[0m?[0;34m2023-03-31 16:05:59.758 DEBUG 29781 --- [    Test worker] o.s.b.f.s.DefaultListableBeanFactory     : Creating shared instance of singleton bean 'org.springframework.boot.autoconfigure.web.embedded.EmbeddedWebServerFactoryCustomizerAutoConfiguration$TomcatWebServerFactoryCustomizerConfiguration'
?[0m?[0;34m2023-03-31 16:05:59.759 DEBUG 29781 --- [    Test worker] o.s.b.f.s.DefaultListableBeanFactory     : Autowiring by type from bean name 'tomcatWebServerFactoryCustomizer' via factory method to bean named 'environment'
?[0m?[0;34m2023-03-31 16:05:59.759 DEBUG 29781 --- [    Test worker] o.s.b.f.s.DefaultListableBeanFactory     : Autowiring by type from bean name 'tomcatWebServerFactoryCustomizer' via factory method to bean named 'server-org.springframework.boot.autoconfigure.web.ServerProperties'
?[0m?[0;34m2023-03-31 16:05:59.759 DEBUG 29781 --- [    Test worker] o.s.b.f.s.DefaultListableBeanFactory     : Creating shared instance of singleton bean 'localeCharsetMappingsCustomizer'
?[0m?[0;34m2023-03-31 16:05:59.759 DEBUG 29781 --- [    Test worker] o.s.b.f.s.DefaultListableBeanFactory     : Creating shared instance of singleton bean 'org.springframework.boot.autoconfigure.web.servlet.HttpEncodingAutoConfiguration'
?[0m?[0;34m2023-03-31 16:05:59.759 DEBUG 29781 --- [    Test worker] o.s.b.f.s.DefaultListableBeanFactory     : Autowiring by type from bean name 'org.springframework.boot.autoconfigure.web.servlet.HttpEncodingAutoConfiguration' via constructor to bean named 'server-org.springframework.boot.autoconfigure.web.ServerProperties'
?[0m?[0;34m2023-03-31 16:05:59.760 DEBUG 29781 --- [    Test worker] o.s.b.f.s.DefaultListableBeanFactory     : Creating shared instance of singleton bean 'errorPageCustomizer'
?[0m?[0;34m2023-03-31 16:05:59.760 DEBUG 29781 --- [    Test worker] o.s.b.f.s.DefaultListableBeanFactory     : Creating shared instance of singleton bean 'org.springframework.boot.autoconfigure.web.servlet.error.ErrorMvcAutoConfiguration'
?[0m?[0;34m2023-03-31 16:05:59.760 DEBUG 29781 --- [    Test worker] o.s.b.f.s.DefaultListableBeanFactory     : Autowiring by type from bean name 'org.springframework.boot.autoconfigure.web.servlet.error.ErrorMvcAutoConfiguration' via constructor to bean named 'server-org.springframework.boot.autoconfigure.web.ServerProperties'
?[0m?[0;34m2023-03-31 16:05:59.760 DEBUG 29781 --- [    Test worker] o.s.b.f.s.DefaultListableBeanFactory     : Creating shared instance of singleton bean 'dispatcherServletRegistration'
?[0m?[0;34m2023-03-31 16:05:59.760 DEBUG 29781 --- [    Test worker] o.s.b.f.s.DefaultListableBeanFactory     : Creating shared instance of singleton bean 'org.springframework.boot.autoconfigure.web.servlet.DispatcherServletAutoConfiguration$DispatcherServletRegistrationConfiguration'
?[0m?[0;34m2023-03-31 16:05:59.761 DEBUG 29781 --- [    Test worker] o.s.b.f.s.DefaultListableBeanFactory     : Creating shared instance of singleton bean 'dispatcherServlet'
?[0m?[0;34m2023-03-31 16:05:59.761 DEBUG 29781 --- [    Test worker] o.s.b.f.s.DefaultListableBeanFactory     : Creating shared instance of singleton bean 'org.springframework.boot.autoconfigure.web.servlet.DispatcherServletAutoConfiguration$DispatcherServletConfiguration'
?[0m?[0;34m2023-03-31 16:05:59.761 DEBUG 29781 --- [    Test worker] o.s.b.f.s.DefaultListableBeanFactory     : Creating shared instance of singleton bean 'spring.mvc-org.springframework.boot.autoconfigure.web.servlet.WebMvcProperties'
?[0m?[0;34m2023-03-31 16:05:59.762 DEBUG 29781 --- [    Test worker] o.s.b.f.s.DefaultListableBeanFactory     : Autowiring by type from bean name 'dispatcherServlet' via factory method to bean named 'spring.mvc-org.springframework.boot.autoconfigure.web.servlet.WebMvcProperties'
?[0m?[0;34m2023-03-31 16:05:59.763 DEBUG 29781 --- [    Test worker] o.s.b.f.s.DefaultListableBeanFactory     : Autowiring by type from bean name 'dispatcherServletRegistration' via factory method to bean named 'dispatcherServlet'
?[0m?[0;34m2023-03-31 16:05:59.764 DEBUG 29781 --- [    Test worker] o.s.b.f.s.DefaultListableBeanFactory     : Autowiring by type from bean name 'dispatcherServletRegistration' via factory method to bean named 'spring.mvc-org.springframework.boot.autoconfigure.web.servlet.WebMvcProperties'
?[0m?[0;34m2023-03-31 16:05:59.764 DEBUG 29781 --- [    Test worker] o.s.b.f.s.DefaultListableBeanFactory     : Creating shared instance of singleton bean 'multipartConfigElement'
?[0m?[0;34m2023-03-31 16:05:59.764 DEBUG 29781 --- [    Test worker] o.s.b.f.s.DefaultListableBeanFactory     : Creating shared instance of singleton bean 'org.springframework.boot.autoconfigure.web.servlet.MultipartAutoConfiguration'
?[0m?[0;34m2023-03-31 16:05:59.764 DEBUG 29781 --- [    Test worker] o.s.b.f.s.DefaultListableBeanFactory     : Creating shared instance of singleton bean 'spring.servlet.multipart-org.springframework.boot.autoconfigure.web.servlet.MultipartProperties'
?[0m?[0;34m2023-03-31 16:05:59.765 DEBUG 29781 --- [    Test worker] o.s.b.f.s.DefaultListableBeanFactory     : Autowiring by type from bean name 'org.springframework.boot.autoconfigure.web.servlet.MultipartAutoConfiguration' via constructor to bean named 'spring.servlet.multipart-org.springframework.boot.autoconfigure.web.servlet.MultipartProperties'
?[0m?[0;34m2023-03-31 16:05:59.765 DEBUG 29781 --- [    Test worker] o.s.b.f.s.DefaultListableBeanFactory     : Autowiring by type from bean name 'errorPageCustomizer' via factory method to bean named 'dispatcherServletRegistration'
?[0m?[0;34m2023-03-31 16:05:59.767 DEBUG 29781 --- [    Test worker] .s.b.w.e.t.TomcatServletWebServerFactory : Code archive: /Users/nikosgalinos/.gradle/caches/modules-2/files-2.1/org.springframework.boot/spring-boot/2.5.6/d8c6b97fd3182fb6d7d06ebf710cd9ccabc83b89/spring-boot-2.5.6.jar
?[0m?[0;34m2023-03-31 16:05:59.768 DEBUG 29781 --- [    Test worker] .s.b.w.e.t.TomcatServletWebServerFactory : Code archive: /Users/nikosgalinos/.gradle/caches/modules-2/files-2.1/org.springframework.boot/spring-boot/2.5.6/d8c6b97fd3182fb6d7d06ebf710cd9ccabc83b89/spring-boot-2.5.6.jar
?[0m?[0;34m2023-03-31 16:05:59.768 DEBUG 29781 --- [    Test worker] .s.b.w.e.t.TomcatServletWebServerFactory : None of the document roots [src/main/webapp, public, static] point to a directory and will be ignored.
?[0m?[0;34m2023-03-31 16:05:59.768  INFO 29781 --- [    Test worker] o.s.b.w.embedded.tomcat.TomcatWebServer  : Tomcat initialized with port(s): 8080 (http)
?[0m?[0;34m2023-03-31 16:05:59.769  INFO 29781 --- [    Test worker] o.apache.catalina.core.StandardService   : Starting service [Tomcat]
?[0m?[0;34m2023-03-31 16:05:59.769  INFO 29781 --- [    Test worker] org.apache.catalina.core.StandardEngine  : Starting Servlet engine: [Apache Tomcat/9.0.54]
?[0m?[0;34m2023-03-31 16:05:59.779  INFO 29781 --- [    Test worker] o.a.c.c.C.[Tomcat].[localhost].[/]       : Initializing Spring embedded WebApplicationContext
?[0m?[0;34m2023-03-31 16:05:59.779 DEBUG 29781 --- [    Test worker] w.s.c.ServletWebServerApplicationContext : Published root WebApplicationContext as ServletContext attribute with name [org.springframework.web.context.WebApplicationContext.ROOT]
?[0m?[0;34m2023-03-31 16:05:59.779  INFO 29781 --- [    Test worker] w.s.c.ServletWebServerApplicationContext : Root WebApplicationContext: initialization completed in 181 ms
?[0m?[0;34m2023-03-31 16:05:59.779 DEBUG 29781 --- [    Test worker] o.s.b.f.s.DefaultListableBeanFactory     : Creating shared instance of singleton bean 'webMvcMetricsFilter'
?[0m?[0;34m2023-03-31 16:05:59.779 DEBUG 29781 --- [    Test worker] o.s.b.f.s.DefaultListableBeanFactory     : Creating shared instance of singleton bean 'org.springframework.boot.actuate.autoconfigure.metrics.web.servlet.WebMvcMetricsAutoConfiguration'
?[0m?[0;34m2023-03-31 16:05:59.779 DEBUG 29781 --- [    Test worker] o.s.b.f.s.DefaultListableBeanFactory     : Creating shared instance of singleton bean 'management.metrics-org.springframework.boot.actuate.autoconfigure.metrics.MetricsProperties'
?[0m?[0;34m2023-03-31 16:05:59.780 DEBUG 29781 --- [    Test worker] o.s.b.f.s.DefaultListableBeanFactory     : Autowiring by type from bean name 'org.springframework.boot.actuate.autoconfigure.metrics.web.servlet.WebMvcMetricsAutoConfiguration' via constructor to bean named 'management.metrics-org.springframework.boot.actuate.autoconfigure.metrics.MetricsProperties'
?[0m?[0;34m2023-03-31 16:05:59.781 DEBUG 29781 --- [    Test worker] o.s.b.f.s.DefaultListableBeanFactory     : Creating shared instance of singleton bean 'simpleMeterRegistry'
?[0m?[0;34m2023-03-31 16:05:59.781 DEBUG 29781 --- [    Test worker] o.s.b.f.s.DefaultListableBeanFactory     : Creating shared instance of singleton bean 'org.springframework.boot.actuate.autoconfigure.metrics.export.simple.SimpleMetricsExportAutoConfiguration'
?[0m?[0;34m2023-03-31 16:05:59.781 DEBUG 29781 --- [    Test worker] o.s.b.f.s.DefaultListableBeanFactory     : Creating shared instance of singleton bean 'simpleConfig'
?[0m?[0;34m2023-03-31 16:05:59.781 DEBUG 29781 --- [    Test worker] o.s.b.f.s.DefaultListableBeanFactory     : Creating shared instance of singleton bean 'management.metrics.export.simple-org.springframework.boot.actuate.autoconfigure.metrics.export.simple.SimpleProperties'
?[0m?[0;34m2023-03-31 16:05:59.781 DEBUG 29781 --- [    Test worker] o.s.b.f.s.DefaultListableBeanFactory     : Autowiring by type from bean name 'simpleConfig' via factory method to bean named 'management.metrics.export.simple-org.springframework.boot.actuate.autoconfigure.metrics.export.simple.SimpleProperties'
?[0m?[0;34m2023-03-31 16:05:59.782 DEBUG 29781 --- [    Test worker] o.s.b.f.s.DefaultListableBeanFactory     : Creating shared instance of singleton bean 'micrometerClock'
?[0m?[0;34m2023-03-31 16:05:59.782 DEBUG 29781 --- [    Test worker] o.s.b.f.s.DefaultListableBeanFactory     : Creating shared instance of singleton bean 'org.springframework.boot.actuate.autoconfigure.metrics.MetricsAutoConfiguration'
?[0m?[0;34m2023-03-31 16:05:59.782 DEBUG 29781 --- [    Test worker] o.s.b.f.s.DefaultListableBeanFactory     : Autowiring by type from bean name 'simpleMeterRegistry' via factory method to bean named 'simpleConfig'
?[0m?[0;34m2023-03-31 16:05:59.782 DEBUG 29781 --- [    Test worker] o.s.b.f.s.DefaultListableBeanFactory     : Autowiring by type from bean name 'simpleMeterRegistry' via factory method to bean named 'micrometerClock'
?[0m?[0;34m2023-03-31 16:05:59.783 DEBUG 29781 --- [    Test worker] o.s.b.f.s.DefaultListableBeanFactory     : Creating shared instance of singleton bean 'propertiesMeterFilter'
?[0m?[0;34m2023-03-31 16:05:59.783 DEBUG 29781 --- [    Test worker] o.s.b.f.s.DefaultListableBeanFactory     : Autowiring by type from bean name 'propertiesMeterFilter' via factory method to bean named 'management.metrics-org.springframework.boot.actuate.autoconfigure.metrics.MetricsProperties'
?[0m?[0;34m2023-03-31 16:05:59.783 DEBUG 29781 --- [    Test worker] o.s.b.f.s.DefaultListableBeanFactory     : Creating shared instance of singleton bean 'metricsHttpClientUriTagFilter'
?[0m?[0;34m2023-03-31 16:05:59.784 DEBUG 29781 --- [    Test worker] o.s.b.f.s.DefaultListableBeanFactory     : Creating shared instance of singleton bean 'org.springframework.boot.actuate.autoconfigure.metrics.web.client.HttpClientMetricsAutoConfiguration'
?[0m?[0;34m2023-03-31 16:05:59.784 DEBUG 29781 --- [    Test worker] o.s.b.f.s.DefaultListableBeanFactory     : Autowiring by type from bean name 'metricsHttpClientUriTagFilter' via factory method to bean named 'management.metrics-org.springframework.boot.actuate.autoconfigure.metrics.MetricsProperties'
?[0m?[0;34m2023-03-31 16:05:59.784 DEBUG 29781 --- [    Test worker] o.s.b.f.s.DefaultListableBeanFactory     : Creating shared instance of singleton bean 'metricsHttpServerUriTagFilter'
?[0m?[0;34m2023-03-31 16:05:59.785 DEBUG 29781 --- [    Test worker] o.s.b.f.s.DefaultListableBeanFactory     : Creating shared instance of singleton bean 'jvmGcMetrics'
?[0m?[0;34m2023-03-31 16:05:59.785 DEBUG 29781 --- [    Test worker] o.s.b.f.s.DefaultListableBeanFactory     : Creating shared instance of singleton bean 'org.springframework.boot.actuate.autoconfigure.metrics.JvmMetricsAutoConfiguration'
?[0m?[0;34m2023-03-31 16:05:59.785 DEBUG 29781 --- [    Test worker] o.s.b.f.s.DefaultListableBeanFactory     : Creating shared instance of singleton bean 'jvmMemoryMetrics'
?[0m?[0;34m2023-03-31 16:05:59.785 DEBUG 29781 --- [    Test worker] o.s.b.f.s.DefaultListableBeanFactory     : Creating shared instance of singleton bean 'jvmThreadMetrics'
?[0m?[0;34m2023-03-31 16:05:59.786 DEBUG 29781 --- [    Test worker] o.s.b.f.s.DefaultListableBeanFactory     : Creating shared instance of singleton bean 'classLoaderMetrics'
?[0m?[0;34m2023-03-31 16:05:59.786 DEBUG 29781 --- [    Test worker] o.s.b.f.s.DefaultListableBeanFactory     : Creating shared instance of singleton bean 'logbackMetrics'
?[0m?[0;34m2023-03-31 16:05:59.786 DEBUG 29781 --- [    Test worker] o.s.b.f.s.DefaultListableBeanFactory     : Creating shared instance of singleton bean 'org.springframework.boot.actuate.autoconfigure.metrics.LogbackMetricsAutoConfiguration'
?[0m?[0;34m2023-03-31 16:05:59.786 DEBUG 29781 --- [    Test worker] o.s.b.f.s.DefaultListableBeanFactory     : Creating shared instance of singleton bean 'uptimeMetrics'
?[0m?[0;34m2023-03-31 16:05:59.786 DEBUG 29781 --- [    Test worker] o.s.b.f.s.DefaultListableBeanFactory     : Creating shared instance of singleton bean 'org.springframework.boot.actuate.autoconfigure.metrics.SystemMetricsAutoConfiguration'
?[0m?[0;34m2023-03-31 16:05:59.786 DEBUG 29781 --- [    Test worker] o.s.b.f.s.DefaultListableBeanFactory     : Creating shared instance of singleton bean 'processorMetrics'
?[0m?[0;34m2023-03-31 16:05:59.786 DEBUG 29781 --- [    Test worker] o.s.b.f.s.DefaultListableBeanFactory     : Creating shared instance of singleton bean 'fileDescriptorMetrics'
?[0m?[0;34m2023-03-31 16:05:59.787 DEBUG 29781 --- [    Test worker] o.s.b.f.s.DefaultListableBeanFactory     : Creating shared instance of singleton bean 'webMvcTagsProvider'
?[0m?[0;34m2023-03-31 16:05:59.788 DEBUG 29781 --- [    Test worker] o.s.b.f.s.DefaultListableBeanFactory     : Autowiring by type from bean name 'webMvcMetricsFilter' via factory method to bean named 'simpleMeterRegistry'
?[0m?[0;34m2023-03-31 16:05:59.788 DEBUG 29781 --- [    Test worker] o.s.b.f.s.DefaultListableBeanFactory     : Autowiring by type from bean name 'webMvcMetricsFilter' via factory method to bean named 'webMvcTagsProvider'
?[0m?[0;34m2023-03-31 16:05:59.788 DEBUG 29781 --- [    Test worker] o.s.b.f.s.DefaultListableBeanFactory     : Creating shared instance of singleton bean 'h2Console'
?[0m?[0;34m2023-03-31 16:05:59.788 DEBUG 29781 --- [    Test worker] o.s.b.f.s.DefaultListableBeanFactory     : Creating shared instance of singleton bean 'org.springframework.boot.autoconfigure.h2.H2ConsoleAutoConfiguration'
?[0m?[0;34m2023-03-31 16:05:59.788 DEBUG 29781 --- [    Test worker] o.s.b.f.s.DefaultListableBeanFactory     : Creating shared instance of singleton bean 'spring.h2.console-org.springframework.boot.autoconfigure.h2.H2ConsoleProperties'
?[0m?[0;34m2023-03-31 16:05:59.789 DEBUG 29781 --- [    Test worker] o.s.b.f.s.DefaultListableBeanFactory     : Autowiring by type from bean name 'h2Console' via factory method to bean named 'spring.h2.console-org.springframework.boot.autoconfigure.h2.H2ConsoleProperties'
?[0m?[0;34m2023-03-31 16:05:59.789 DEBUG 29781 --- [    Test worker] o.s.b.f.s.DefaultListableBeanFactory     : Creating shared instance of singleton bean 'dataSource'
?[0m?[0;34m2023-03-31 16:05:59.789 DEBUG 29781 --- [    Test worker] o.s.b.f.s.DefaultListableBeanFactory     : Creating shared instance of singleton bean 'org.springframework.boot.autoconfigure.jdbc.DataSourceConfiguration$Hikari'
?[0m?[0;34m2023-03-31 16:05:59.790 DEBUG 29781 --- [    Test worker] o.s.b.f.s.DefaultListableBeanFactory     : Creating shared instance of singleton bean 'spring.datasource-org.springframework.boot.autoconfigure.jdbc.DataSourceProperties'
?[0m?[0;34m2023-03-31 16:05:59.791 DEBUG 29781 --- [    Test worker] o.s.b.f.s.DefaultListableBeanFactory     : Autowiring by type from bean name 'dataSource' via factory method to bean named 'spring.datasource-org.springframework.boot.autoconfigure.jdbc.DataSourceProperties'
?[0m?[0;34m2023-03-31 16:05:59.794  INFO 29781 --- [    Test worker] com.zaxxer.hikari.HikariDataSource       : HikariPool-2 - Starting...
?[0m?[0;34m2023-03-31 16:05:59.799  INFO 29781 --- [    Test worker] com.zaxxer.hikari.HikariDataSource       : HikariPool-2 - Start completed.
?[0m?[0;34m2023-03-31 16:05:59.799  INFO 29781 --- [    Test worker] o.s.b.a.h2.H2ConsoleAutoConfiguration    : H2 console available at '/h2-console'. Database available at 'jdbc:h2:file:../recipes_db'
?[0m?[0;34m2023-03-31 16:05:59.799 DEBUG 29781 --- [    Test worker] o.s.b.f.s.DefaultListableBeanFactory     : Creating shared instance of singleton bean 'securityFilterChainRegistration'
?[0m?[0;34m2023-03-31 16:05:59.799 DEBUG 29781 --- [    Test worker] o.s.b.f.s.DefaultListableBeanFactory     : Creating shared instance of singleton bean 'org.springframework.boot.autoconfigure.security.servlet.SecurityFilterAutoConfiguration'
?[0m?[0;34m2023-03-31 16:05:59.799 DEBUG 29781 --- [    Test worker] o.s.b.f.s.DefaultListableBeanFactory     : Creating shared instance of singleton bean 'spring.security-org.springframework.boot.autoconfigure.security.SecurityProperties'
?[0m?[0;34m2023-03-31 16:05:59.800 DEBUG 29781 --- [    Test worker] o.s.b.f.s.DefaultListableBeanFactory     : Autowiring by type from bean name 'securityFilterChainRegistration' via factory method to bean named 'spring.security-org.springframework.boot.autoconfigure.security.SecurityProperties'
?[0m?[0;34m2023-03-31 16:05:59.800 DEBUG 29781 --- [    Test worker] o.s.b.f.s.DefaultListableBeanFactory     : Creating shared instance of singleton bean 'servletEndpointRegistrar'
?[0m?[0;34m2023-03-31 16:05:59.800 DEBUG 29781 --- [    Test worker] o.s.b.f.s.DefaultListableBeanFactory     : Creating shared instance of singleton bean 'org.springframework.boot.actuate.autoconfigure.endpoint.web.ServletEndpointManagementContextConfiguration$WebMvcServletEndpointManagementContextConfiguration'
?[0m?[0;34m2023-03-31 16:05:59.804 DEBUG 29781 --- [    Test worker] o.s.b.f.s.DefaultListableBeanFactory     : Creating shared instance of singleton bean 'management.endpoints.web-org.springframework.boot.actuate.autoconfigure.endpoint.web.WebEndpointProperties'
?[0m?[0;34m2023-03-31 16:05:59.808 DEBUG 29781 --- [    Test worker] o.s.b.f.s.DefaultListableBeanFactory     : Creating shared instance of singleton bean 'servletEndpointDiscoverer'
?[0m?[0;34m2023-03-31 16:05:59.808 DEBUG 29781 --- [    Test worker] o.s.b.f.s.DefaultListableBeanFactory     : Creating shared instance of singleton bean 'org.springframework.boot.actuate.autoconfigure.endpoint.web.WebEndpointAutoConfiguration$WebEndpointServletConfiguration'
?[0m?[0;34m2023-03-31 16:05:59.808 DEBUG 29781 --- [    Test worker] o.s.b.f.s.DefaultListableBeanFactory     : Autowiring by type from bean name 'servletEndpointDiscoverer' via factory method to bean named 'org.springframework.boot.web.servlet.context.AnnotationConfigServletWebServerApplicationContext@69c7fb94'
?[0m?[0;34m2023-03-31 16:05:59.809 DEBUG 29781 --- [    Test worker] o.s.b.f.s.DefaultListableBeanFactory     : Creating shared instance of singleton bean 'webEndpointPathMapper'
?[0m?[0;34m2023-03-31 16:05:59.809 DEBUG 29781 --- [    Test worker] o.s.b.f.s.DefaultListableBeanFactory     : Creating shared instance of singleton bean 'org.springframework.boot.actuate.autoconfigure.endpoint.web.WebEndpointAutoConfiguration'
?[0m?[0;34m2023-03-31 16:05:59.809 DEBUG 29781 --- [    Test worker] o.s.b.f.s.DefaultListableBeanFactory     : Autowiring by type from bean name 'org.springframework.boot.actuate.autoconfigure.endpoint.web.WebEndpointAutoConfiguration' via constructor to bean named 'org.springframework.boot.web.servlet.context.AnnotationConfigServletWebServerApplicationContext@69c7fb94'
?[0m?[0;34m2023-03-31 16:05:59.809 DEBUG 29781 --- [    Test worker] o.s.b.f.s.DefaultListableBeanFactory     : Autowiring by type from bean name 'org.springframework.boot.actuate.autoconfigure.endpoint.web.WebEndpointAutoConfiguration' via constructor to bean named 'management.endpoints.web-org.springframework.boot.actuate.autoconfigure.endpoint.web.WebEndpointProperties'
?[0m?[0;34m2023-03-31 16:05:59.810 DEBUG 29781 --- [    Test worker] o.s.b.f.s.DefaultListableBeanFactory     : Creating shared instance of singleton bean 'servletExposeExcludePropertyEndpointFilter'
?[0m?[0;34m2023-03-31 16:05:59.810 DEBUG 29781 --- [    Test worker] o.s.b.f.s.DefaultListableBeanFactory     : Creating shared instance of singleton bean 'org.springframework.boot.actuate.autoconfigure.endpoint.web.ServletEndpointManagementContextConfiguration'
?[0m?[0;34m2023-03-31 16:05:59.810 DEBUG 29781 --- [    Test worker] o.s.b.f.s.DefaultListableBeanFactory     : Autowiring by type from bean name 'servletExposeExcludePropertyEndpointFilter' via factory method to bean named 'management.endpoints.web-org.springframework.boot.actuate.autoconfigure.endpoint.web.WebEndpointProperties'
?[0m?[0;34m2023-03-31 16:05:59.811 DEBUG 29781 --- [    Test worker] o.s.b.f.s.DefaultListableBeanFactory     : Autowiring by type from bean name 'servletEndpointRegistrar' via factory method to bean named 'management.endpoints.web-org.springframework.boot.actuate.autoconfigure.endpoint.web.WebEndpointProperties'
?[0m?[0;34m2023-03-31 16:05:59.811 DEBUG 29781 --- [    Test worker] o.s.b.f.s.DefaultListableBeanFactory     : Autowiring by type from bean name 'servletEndpointRegistrar' via factory method to bean named 'servletEndpointDiscoverer'
?[0m?[0;34m2023-03-31 16:05:59.811 DEBUG 29781 --- [    Test worker] o.s.b.f.s.DefaultListableBeanFactory     : Autowiring by type from bean name 'servletEndpointRegistrar' via factory method to bean named 'dispatcherServletRegistration'
?[0m?[0;34m2023-03-31 16:05:59.814 DEBUG 29781 --- [    Test worker] o.s.b.f.s.DefaultListableBeanFactory     : Creating shared instance of singleton bean 'requestContextFilter'
?[0m?[0;34m2023-03-31 16:05:59.814 DEBUG 29781 --- [    Test worker] o.s.b.f.s.DefaultListableBeanFactory     : Creating shared instance of singleton bean 'formContentFilter'
?[0m?[0;34m2023-03-31 16:05:59.814 DEBUG 29781 --- [    Test worker] o.s.b.f.s.DefaultListableBeanFactory     : Creating shared instance of singleton bean 'org.springframework.boot.autoconfigure.web.servlet.WebMvcAutoConfiguration'
?[0m?[0;34m2023-03-31 16:05:59.816 DEBUG 29781 --- [    Test worker] o.s.b.f.s.DefaultListableBeanFactory     : Creating shared instance of singleton bean 'characterEncodingFilter'
?[0m?[0;34m2023-03-31 16:05:59.817 DEBUG 29781 --- [    Test worker] o.s.b.w.s.ServletContextInitializerBeans : Mapping filters: filterRegistrationBean urls=[/*] order=-2147483647, springSecurityFilterChain urls=[/*] order=-100, characterEncodingFilter urls=[/*] order=-2147483648, formContentFilter urls=[/*] order=-9900, requestContextFilter urls=[/*] order=-105
?[0m?[0;34m2023-03-31 16:05:59.817 DEBUG 29781 --- [    Test worker] o.s.b.w.s.ServletContextInitializerBeans : Mapping servlets: dispatcherServlet urls=[/], webServlet urls=[/h2-console/*]
?[0m?[0;34m2023-03-31 16:05:59.818 DEBUG 29781 --- [    Test worker] o.s.b.a.m.w.servlet.WebMvcMetricsFilter  : Filter 'webMvcMetricsFilter' configured for use
?[0m?[0;34m2023-03-31 16:05:59.818 DEBUG 29781 --- [    Test worker] o.s.b.w.s.f.OrderedRequestContextFilter  : Filter 'requestContextFilter' configured for use
?[0m?[0;34m2023-03-31 16:05:59.818 DEBUG 29781 --- [    Test worker] s.b.w.s.f.OrderedCharacterEncodingFilter : Filter 'characterEncodingFilter' configured for use
?[0m?[0;34m2023-03-31 16:05:59.818 DEBUG 29781 --- [    Test worker] .DelegatingFilterProxyRegistrationBean$1 : Filter 'springSecurityFilterChain' configured for use
?[0m?[0;34m2023-03-31 16:05:59.818 DEBUG 29781 --- [    Test worker] o.s.b.w.s.f.OrderedFormContentFilter     : Filter 'formContentFilter' configured for use
?[0m?[0;34m2023-03-31 16:05:59.820 DEBUG 29781 --- [    Test worker] o.s.b.f.s.DefaultListableBeanFactory     : Creating shared instance of singleton bean 'dataSourceScriptDatabaseInitializer'
?[0m?[0;34m2023-03-31 16:05:59.820 DEBUG 29781 --- [    Test worker] o.s.b.f.s.DefaultListableBeanFactory     : Creating shared instance of singleton bean 'org.springframework.boot.autoconfigure.sql.init.DataSourceInitializationConfiguration'
?[0m?[0;34m2023-03-31 16:05:59.821 DEBUG 29781 --- [    Test worker] o.s.b.f.s.DefaultListableBeanFactory     : Creating shared instance of singleton bean 'spring.sql.init-org.springframework.boot.autoconfigure.sql.init.SqlInitializationProperties'
?[0m?[0;34m2023-03-31 16:05:59.824 DEBUG 29781 --- [    Test worker] o.s.b.f.s.DefaultListableBeanFactory     : Autowiring by type from bean name 'dataSourceScriptDatabaseInitializer' via factory method to bean named 'dataSource'
?[0m?[0;34m2023-03-31 16:05:59.825 DEBUG 29781 --- [    Test worker] o.s.b.f.s.DefaultListableBeanFactory     : Autowiring by type from bean name 'dataSourceScriptDatabaseInitializer' via factory method to bean named 'spring.sql.init-org.springframework.boot.autoconfigure.sql.init.SqlInitializationProperties'
?[0m?[0;34m2023-03-31 16:05:59.825 DEBUG 29781 --- [    Test worker] o.s.b.f.s.DefaultListableBeanFactory     : Creating shared instance of singleton bean 'entityManagerFactory'
?[0m?[0;34m2023-03-31 16:05:59.825 DEBUG 29781 --- [    Test worker] o.s.b.f.s.DefaultListableBeanFactory     : Creating shared instance of singleton bean 'org.springframework.boot.autoconfigure.orm.jpa.HibernateJpaConfiguration'
?[0m?[0;34m2023-03-31 16:05:59.825 DEBUG 29781 --- [    Test worker] o.s.b.f.s.DefaultListableBeanFactory     : Creating shared instance of singleton bean 'spring.jpa-org.springframework.boot.autoconfigure.orm.jpa.JpaProperties'
?[0m?[0;34m2023-03-31 16:05:59.827 DEBUG 29781 --- [    Test worker] o.s.b.f.s.DefaultListableBeanFactory     : Creating shared instance of singleton bean 'spring.jpa.hibernate-org.springframework.boot.autoconfigure.orm.jpa.HibernateProperties'
?[0m?[0;34m2023-03-31 16:05:59.827 DEBUG 29781 --- [    Test worker] o.s.b.f.s.DefaultListableBeanFactory     : Autowiring by type from bean name 'org.springframework.boot.autoconfigure.orm.jpa.HibernateJpaConfiguration' via constructor to bean named 'dataSource'
?[0m?[0;34m2023-03-31 16:05:59.827 DEBUG 29781 --- [    Test worker] o.s.b.f.s.DefaultListableBeanFactory     : Autowiring by type from bean name 'org.springframework.boot.autoconfigure.orm.jpa.HibernateJpaConfiguration' via constructor to bean named 'spring.jpa-org.springframework.boot.autoconfigure.orm.jpa.JpaProperties'
?[0m?[0;34m2023-03-31 16:05:59.827 DEBUG 29781 --- [    Test worker] o.s.b.f.s.DefaultListableBeanFactory     : Autowiring by type from bean name 'org.springframework.boot.autoconfigure.orm.jpa.HibernateJpaConfiguration' via constructor to bean named 'org.springframework.beans.factory.support.DefaultListableBeanFactory@3ad5f99'
?[0m?[0;34m2023-03-31 16:05:59.827 DEBUG 29781 --- [    Test worker] o.s.b.f.s.DefaultListableBeanFactory     : Autowiring by type from bean name 'org.springframework.boot.autoconfigure.orm.jpa.HibernateJpaConfiguration' via constructor to bean named 'spring.jpa.hibernate-org.springframework.boot.autoconfigure.orm.jpa.HibernateProperties'
?[0m?[0;34m2023-03-31 16:05:59.828 DEBUG 29781 --- [    Test worker] o.s.b.f.s.DefaultListableBeanFactory     : Creating shared instance of singleton bean 'hikariPoolDataSourceMetadataProvider'
?[0m?[0;34m2023-03-31 16:05:59.828 DEBUG 29781 --- [    Test worker] o.s.b.f.s.DefaultListableBeanFactory     : Creating shared instance of singleton bean 'org.springframework.boot.autoconfigure.jdbc.metadata.DataSourcePoolMetadataProvidersConfiguration$HikariPoolDataSourceMetadataProviderConfiguration'
?[0m?[0;34m2023-03-31 16:05:59.828 DEBUG 29781 --- [    Test worker] o.s.b.f.s.DefaultListableBeanFactory     : Creating shared instance of singleton bean 'entityManagerFactoryBuilder'
?[0m?[0;34m2023-03-31 16:05:59.829 DEBUG 29781 --- [    Test worker] o.s.b.f.s.DefaultListableBeanFactory     : Creating shared instance of singleton bean 'jpaVendorAdapter'
?[0m?[0;34m2023-03-31 16:05:59.829 DEBUG 29781 --- [    Test worker] o.s.b.f.s.DefaultListableBeanFactory     : Autowiring by type from bean name 'entityManagerFactoryBuilder' via factory method to bean named 'jpaVendorAdapter'
?[0m?[0;34m2023-03-31 16:05:59.830 DEBUG 29781 --- [    Test worker] o.s.b.f.s.DefaultListableBeanFactory     : Autowiring by type from bean name 'entityManagerFactory' via factory method to bean named 'entityManagerFactoryBuilder'
?[0m?[0;34m2023-03-31 16:05:59.831 DEBUG 29781 --- [    Test worker] j.LocalContainerEntityManagerFactoryBean : Building JPA container EntityManagerFactory for persistence unit 'default'
?[0m?[0;34m2023-03-31 16:05:59.831  INFO 29781 --- [    Test worker] o.hibernate.jpa.internal.util.LogHelper  : HHH000204: Processing PersistenceUnitInfo [name: default]
?[0m?[0;34m2023-03-31 16:05:59.834  INFO 29781 --- [    Test worker] org.hibernate.dialect.Dialect            : HHH000400: Using dialect: org.hibernate.dialect.H2Dialect
?[0m?[0;34m2023-03-31 16:05:59.885  INFO 29781 --- [    Test worker] o.h.e.t.j.p.i.JtaPlatformInitiator       : HHH000490: Using JtaPlatform implementation: [org.hibernate.engine.transaction.jta.platform.internal.NoJtaPlatform]
?[0m?[0;34m2023-03-31 16:05:59.885  INFO 29781 --- [    Test worker] j.LocalContainerEntityManagerFactoryBean : Initialized JPA EntityManagerFactory for persistence unit 'default'
?[0m?[0;34m2023-03-31 16:05:59.885 DEBUG 29781 --- [    Test worker] o.s.b.f.s.DefaultListableBeanFactory     : Creating shared instance of singleton bean 'recipesApplication'
?[0m?[0;34m2023-03-31 16:05:59.886 DEBUG 29781 --- [    Test worker] o.s.b.f.s.DefaultListableBeanFactory     : Creating shared instance of singleton bean 'recipeService'
?[0m?[0;34m2023-03-31 16:05:59.886 DEBUG 29781 --- [    Test worker] o.s.b.f.s.DefaultListableBeanFactory     : Creating shared instance of singleton bean 'recipeRepository'
?[0m?[0;34m2023-03-31 16:05:59.894 DEBUG 29781 --- [    Test worker] o.s.b.f.s.DefaultListableBeanFactory     : Creating shared instance of singleton bean 'jpaMappingContext'
?[0m?[0;34m2023-03-31 16:05:59.895 DEBUG 29781 --- [    Test worker] .c.JpaMetamodelMappingContextFactoryBean : Initializing JpaMetamodelMappingContext…
?[0m?[0;34m2023-03-31 16:05:59.895 DEBUG 29781 --- [    Test worker] .c.JpaMetamodelMappingContextFactoryBean : Finished initializing JpaMetamodelMappingContext!
?[0m?[0;34m2023-03-31 16:05:59.896 DEBUG 29781 --- [    Test worker] tor$SharedEntityManagerInvocationHandler : Creating new EntityManager for shared EntityManager invocation
?[0m?[0;34m2023-03-31 16:05:59.896 DEBUG 29781 --- [    Test worker] o.s.b.f.s.DefaultListableBeanFactory     : Creating shared instance of singleton bean 'metricsRepositoryMethodInvocationListener'
?[0m?[0;34m2023-03-31 16:05:59.896 DEBUG 29781 --- [    Test worker] o.s.b.f.s.DefaultListableBeanFactory     : Creating shared instance of singleton bean 'org.springframework.boot.actuate.autoconfigure.metrics.data.RepositoryMetricsAutoConfiguration'
?[0m?[0;34m2023-03-31 16:05:59.896 DEBUG 29781 --- [    Test worker] o.s.b.f.s.DefaultListableBeanFactory     : Autowiring by type from bean name 'org.springframework.boot.actuate.autoconfigure.metrics.data.RepositoryMetricsAutoConfiguration' via constructor to bean named 'management.metrics-org.springframework.boot.actuate.autoconfigure.metrics.MetricsProperties'
?[0m?[0;34m2023-03-31 16:05:59.897 DEBUG 29781 --- [    Test worker] o.s.b.f.s.DefaultListableBeanFactory     : Creating shared instance of singleton bean 'repositoryTagsProvider'
?[0m?[0;34m2023-03-31 16:05:59.897 DEBUG 29781 --- [    Test worker] o.s.b.f.s.DefaultListableBeanFactory     : Autowiring by type from bean name 'metricsRepositoryMethodInvocationListener' via factory method to bean named 'repositoryTagsProvider'
?[0m?[0;34m2023-03-31 16:05:59.900 DEBUG 29781 --- [    Test worker] o.s.d.r.c.s.RepositoryFactorySupport     : Initializing repository instance for recipes.RecipeRepository…
?[0m?[0;34m2023-03-31 16:05:59.900 DEBUG 29781 --- [    Test worker] tor$SharedEntityManagerInvocationHandler : Creating new EntityManager for shared EntityManager invocation
?[0m?[0;34m2023-03-31 16:05:59.903 DEBUG 29781 --- [    Test worker] o.s.d.jpa.repository.query.NamedQuery    : Looking up named query Recipe.findByNameContainsIgnoreCaseOrderByDateDesc
?[0m?[0;34m2023-03-31 16:05:59.903 DEBUG 29781 --- [    Test worker] o.s.d.jpa.repository.query.NamedQuery    : Did not find named query Recipe.findByNameContainsIgnoreCaseOrderByDateDesc
?[0m?[0;34m2023-03-31 16:05:59.903 DEBUG 29781 --- [    Test worker] tor$SharedEntityManagerInvocationHandler : Creating new EntityManager for shared EntityManager invocation
?[0m?[0;34m2023-03-31 16:05:59.904 DEBUG 29781 --- [    Test worker] o.s.d.jpa.repository.query.NamedQuery    : Looking up named query Recipe.findByCategoryIgnoreCaseOrderByDateDesc
?[0m?[0;34m2023-03-31 16:05:59.904 DEBUG 29781 --- [    Test worker] o.s.d.jpa.repository.query.NamedQuery    : Did not find named query Recipe.findByCategoryIgnoreCaseOrderByDateDesc
?[0m?[0;34m2023-03-31 16:05:59.904 DEBUG 29781 --- [    Test worker] tor$SharedEntityManagerInvocationHandler : Creating new EntityManager for shared EntityManager invocation
?[0m?[0;34m2023-03-31 16:05:59.904 DEBUG 29781 --- [    Test worker] o.s.d.r.c.s.RepositoryFactorySupport     : Finished creation of repository instance for {}.
?[0m?[0;34m2023-03-31 16:05:59.905 DEBUG 29781 --- [    Test worker] o.s.b.f.s.DefaultListableBeanFactory     : Autowiring by type from bean name 'recipeService' via constructor to bean named 'recipeRepository'
?[0m?[0;34m2023-03-31 16:05:59.905 DEBUG 29781 --- [    Test worker] o.s.b.f.s.DefaultListableBeanFactory     : Creating shared instance of singleton bean 'recipesController'
?[0m?[0;34m2023-03-31 16:05:59.906 DEBUG 29781 --- [    Test worker] o.s.b.f.s.DefaultListableBeanFactory     : Creating shared instance of singleton bean 'userService'
?[0m?[0;34m2023-03-31 16:05:59.906 DEBUG 29781 --- [    Test worker] o.s.b.f.s.DefaultListableBeanFactory     : Creating shared instance of singleton bean 'userRepository'
?[0m?[0;34m2023-03-31 16:05:59.908 DEBUG 29781 --- [    Test worker] tor$SharedEntityManagerInvocationHandler : Creating new EntityManager for shared EntityManager invocation
?[0m?[0;34m2023-03-31 16:05:59.908 DEBUG 29781 --- [    Test worker] o.s.d.r.c.s.RepositoryFactorySupport     : Initializing repository instance for recipes.UserRepository…
?[0m?[0;34m2023-03-31 16:05:59.908 DEBUG 29781 --- [    Test worker] tor$SharedEntityManagerInvocationHandler : Creating new EntityManager for shared EntityManager invocation
?[0m?[0;34m2023-03-31 16:05:59.910 DEBUG 29781 --- [    Test worker] o.s.d.jpa.repository.query.NamedQuery    : Looking up named query User.findByEmail
?[0m?[0;34m2023-03-31 16:05:59.910 DEBUG 29781 --- [    Test worker] o.s.d.jpa.repository.query.NamedQuery    : Did not find named query User.findByEmail
?[0m?[0;34m2023-03-31 16:05:59.910 DEBUG 29781 --- [    Test worker] tor$SharedEntityManagerInvocationHandler : Creating new EntityManager for shared EntityManager invocation
?[0m?[0;34m2023-03-31 16:05:59.911 DEBUG 29781 --- [    Test worker] o.s.d.r.c.s.RepositoryFactorySupport     : Finished creation of repository instance for {}.
?[0m?[0;34m2023-03-31 16:05:59.911 DEBUG 29781 --- [    Test worker] o.s.b.f.s.DefaultListableBeanFactory     : Autowiring by type from bean name 'userService' via constructor to bean named 'userRepository'
?[0m?[0;34m2023-03-31 16:05:59.914 DEBUG 29781 --- [    Test worker] o.s.b.f.s.DefaultListableBeanFactory     : Creating shared instance of singleton bean 'registrationController'
?[0m?[0;34m2023-03-31 16:05:59.914 DEBUG 29781 --- [    Test worker] o.s.b.f.s.DefaultListableBeanFactory     : Creating shared instance of singleton bean 'getEncoder'
?[0m?[0;34m2023-03-31 16:05:59.914 DEBUG 29781 --- [    Test worker] o.s.b.f.s.DefaultListableBeanFactory     : Creating shared instance of singleton bean 'webSecurityConfigurerImpl'
?[0m?[0;34m2023-03-31 16:05:59.916 DEBUG 29781 --- [    Test worker] o.s.b.f.s.DefaultListableBeanFactory     : Creating shared instance of singleton bean 'objectPostProcessor'
?[0m?[0;34m2023-03-31 16:05:59.916 DEBUG 29781 --- [    Test worker] o.s.b.f.s.DefaultListableBeanFactory     : Creating shared instance of singleton bean 'org.springframework.security.config.annotation.configuration.ObjectPostProcessorConfiguration'
?[0m?[0;34m2023-03-31 16:05:59.917 DEBUG 29781 --- [    Test worker] o.s.b.f.s.DefaultListableBeanFactory     : Autowiring by type from bean name 'objectPostProcessor' via factory method to bean named 'org.springframework.beans.factory.support.DefaultListableBeanFactory@3ad5f99'
?[0m?[0;34m2023-03-31 16:05:59.918 DEBUG 29781 --- [    Test worker] o.s.b.f.s.DefaultListableBeanFactory     : Creating shared instance of singleton bean 'mvcContentNegotiationManager'
?[0m?[0;34m2023-03-31 16:05:59.918 DEBUG 29781 --- [    Test worker] o.s.b.f.s.DefaultListableBeanFactory     : Creating shared instance of singleton bean 'org.springframework.boot.autoconfigure.web.servlet.WebMvcAutoConfiguration$EnableWebMvcConfiguration'
?[0m?[0;34m2023-03-31 16:05:59.918 DEBUG 29781 --- [    Test worker] o.s.b.f.s.DefaultListableBeanFactory     : Creating shared instance of singleton bean 'spring.resources-org.springframework.boot.autoconfigure.web.ResourceProperties'
?[0m?[0;34m2023-03-31 16:05:59.919 DEBUG 29781 --- [    Test worker] o.s.b.f.s.DefaultListableBeanFactory     : Creating shared instance of singleton bean 'spring.web-org.springframework.boot.autoconfigure.web.WebProperties'
?[0m?[0;34m2023-03-31 16:05:59.920 DEBUG 29781 --- [    Test worker] o.s.b.f.s.DefaultListableBeanFactory     : Autowiring by type from bean name 'org.springframework.boot.autoconfigure.web.servlet.WebMvcAutoConfiguration$EnableWebMvcConfiguration' via constructor to bean named 'spring.resources-org.springframework.boot.autoconfigure.web.ResourceProperties'
?[0m?[0;34m2023-03-31 16:05:59.920 DEBUG 29781 --- [    Test worker] o.s.b.f.s.DefaultListableBeanFactory     : Autowiring by type from bean name 'org.springframework.boot.autoconfigure.web.servlet.WebMvcAutoConfiguration$EnableWebMvcConfiguration' via constructor to bean named 'spring.mvc-org.springframework.boot.autoconfigure.web.servlet.WebMvcProperties'
?[0m?[0;34m2023-03-31 16:05:59.920 DEBUG 29781 --- [    Test worker] o.s.b.f.s.DefaultListableBeanFactory     : Autowiring by type from bean name 'org.springframework.boot.autoconfigure.web.servlet.WebMvcAutoConfiguration$EnableWebMvcConfiguration' via constructor to bean named 'spring.web-org.springframework.boot.autoconfigure.web.WebProperties'
?[0m?[0;34m2023-03-31 16:05:59.920 DEBUG 29781 --- [    Test worker] o.s.b.f.s.DefaultListableBeanFactory     : Autowiring by type from bean name 'org.springframework.boot.autoconfigure.web.servlet.WebMvcAutoConfiguration$EnableWebMvcConfiguration' via constructor to bean named 'org.springframework.beans.factory.support.DefaultListableBeanFactory@3ad5f99'
?[0m?[0;34m2023-03-31 16:05:59.922 DEBUG 29781 --- [    Test worker] o.s.b.f.s.DefaultListableBeanFactory     : Creating shared instance of singleton bean 'org.springframework.security.config.annotation.web.configuration.WebMvcSecurityConfiguration'
?[0m?[0;34m2023-03-31 16:05:59.922 DEBUG 29781 --- [    Test worker] o.s.b.f.s.DefaultListableBeanFactory     : Creating shared instance of singleton bean 'org.springframework.boot.autoconfigure.web.servlet.WebMvcAutoConfiguration$WebMvcAutoConfigurationAdapter'
?[0m?[0;34m2023-03-31 16:05:59.922 DEBUG 29781 --- [    Test worker] o.s.b.f.s.DefaultListableBeanFactory     : Autowiring by type from bean name 'org.springframework.boot.autoconfigure.web.servlet.WebMvcAutoConfiguration$WebMvcAutoConfigurationAdapter' via constructor to bean named 'spring.resources-org.springframework.boot.autoconfigure.web.ResourceProperties'
?[0m?[0;34m2023-03-31 16:05:59.922 DEBUG 29781 --- [    Test worker] o.s.b.f.s.DefaultListableBeanFactory     : Autowiring by type from bean name 'org.springframework.boot.autoconfigure.web.servlet.WebMvcAutoConfiguration$WebMvcAutoConfigurationAdapter' via constructor to bean named 'spring.web-org.springframework.boot.autoconfigure.web.WebProperties'
?[0m?[0;34m2023-03-31 16:05:59.922 DEBUG 29781 --- [    Test worker] o.s.b.f.s.DefaultListableBeanFactory     : Autowiring by type from bean name 'org.springframework.boot.autoconfigure.web.servlet.WebMvcAutoConfiguration$WebMvcAutoConfigurationAdapter' via constructor to bean named 'spring.mvc-org.springframework.boot.autoconfigure.web.servlet.WebMvcProperties'
?[0m?[0;34m2023-03-31 16:05:59.922 DEBUG 29781 --- [    Test worker] o.s.b.f.s.DefaultListableBeanFactory     : Autowiring by type from bean name 'org.springframework.boot.autoconfigure.web.servlet.WebMvcAutoConfiguration$WebMvcAutoConfigurationAdapter' via constructor to bean named 'org.springframework.beans.factory.support.DefaultListableBeanFactory@3ad5f99'
?[0m?[0;34m2023-03-31 16:05:59.923 DEBUG 29781 --- [    Test worker] o.s.b.f.s.DefaultListableBeanFactory     : Creating shared instance of singleton bean 'openEntityManagerInViewInterceptorConfigurer'
?[0m?[0;34m2023-03-31 16:05:59.923 DEBUG 29781 --- [    Test worker] o.s.b.f.s.DefaultListableBeanFactory     : Creating shared instance of singleton bean 'org.springframework.boot.autoconfigure.orm.jpa.JpaBaseConfiguration$JpaWebConfiguration'
?[0m?[0;34m2023-03-31 16:05:59.923 DEBUG 29781 --- [    Test worker] o.s.b.f.s.DefaultListableBeanFactory     : Autowiring by type from bean name 'org.springframework.boot.autoconfigure.orm.jpa.JpaBaseConfiguration$JpaWebConfiguration' via constructor to bean named 'spring.jpa-org.springframework.boot.autoconfigure.orm.jpa.JpaProperties'
?[0m?[0;34m2023-03-31 16:05:59.923 DEBUG 29781 --- [    Test worker] o.s.b.f.s.DefaultListableBeanFactory     : Creating shared instance of singleton bean 'openEntityManagerInViewInterceptor'
?[0m?[0;34m2023-03-31 16:05:59.923  WARN 29781 --- [    Test worker] JpaBaseConfiguration$JpaWebConfiguration : spring.jpa.open-in-view is enabled by default. Therefore, database queries may be performed during view rendering. Explicitly configure spring.jpa.open-in-view to disable this warning
?[0m?[0;34m2023-03-31 16:05:59.924 DEBUG 29781 --- [    Test worker] o.s.b.f.s.DefaultListableBeanFactory     : Autowiring by type from bean name 'openEntityManagerInViewInterceptorConfigurer' via factory method to bean named 'openEntityManagerInViewInterceptor'
?[0m?[0;34m2023-03-31 16:05:59.924 DEBUG 29781 --- [    Test worker] o.s.b.f.s.DefaultListableBeanFactory     : Creating shared instance of singleton bean 'metricsWebMvcConfigurer'
?[0m?[0;34m2023-03-31 16:05:59.924 DEBUG 29781 --- [    Test worker] o.s.b.f.s.DefaultListableBeanFactory     : Autowiring by type from bean name 'metricsWebMvcConfigurer' via factory method to bean named 'simpleMeterRegistry'
?[0m?[0;34m2023-03-31 16:05:59.924 DEBUG 29781 --- [    Test worker] o.s.b.f.s.DefaultListableBeanFactory     : Autowiring by type from bean name 'metricsWebMvcConfigurer' via factory method to bean named 'webMvcTagsProvider'
?[0m?[0;34m2023-03-31 16:05:59.924 DEBUG 29781 --- [    Test worker] o.s.b.f.s.DefaultListableBeanFactory     : Creating shared instance of singleton bean 'org.springframework.data.web.config.SpringDataWebConfiguration'
?[0m?[0;34m2023-03-31 16:05:59.925 DEBUG 29781 --- [    Test worker] o.s.b.f.s.DefaultListableBeanFactory     : Autowiring by type from bean name 'org.springframework.data.web.config.SpringDataWebConfiguration' via constructor to bean named 'org.springframework.boot.web.servlet.context.AnnotationConfigServletWebServerApplicationContext@69c7fb94'
?[0m?[0;34m2023-03-31 16:05:59.926 DEBUG 29781 --- [    Test worker] o.s.b.f.s.DefaultListableBeanFactory     : Creating shared instance of singleton bean 'org.springframework.security.config.annotation.authentication.configuration.AuthenticationConfiguration'
?[0m?[0;34m2023-03-31 16:05:59.927 DEBUG 29781 --- [    Test worker] o.s.b.f.s.DefaultListableBeanFactory     : Creating shared instance of singleton bean 'enableGlobalAuthenticationAutowiredConfigurer'
?[0m?[0;34m2023-03-31 16:05:59.928 DEBUG 29781 --- [    Test worker] o.s.b.f.s.DefaultListableBeanFactory     : Autowiring by type from bean name 'enableGlobalAuthenticationAutowiredConfigurer' via factory method to bean named 'org.springframework.boot.web.servlet.context.AnnotationConfigServletWebServerApplicationContext@69c7fb94'
?[0m?[0;34m2023-03-31 16:05:59.928 DEBUG 29781 --- [    Test worker] o.s.b.f.s.DefaultListableBeanFactory     : Creating shared instance of singleton bean 'initializeUserDetailsBeanManagerConfigurer'
?[0m?[0;34m2023-03-31 16:05:59.928 DEBUG 29781 --- [    Test worker] o.s.b.f.s.DefaultListableBeanFactory     : Autowiring by type from bean name 'initializeUserDetailsBeanManagerConfigurer' via factory method to bean named 'org.springframework.boot.web.servlet.context.AnnotationConfigServletWebServerApplicationContext@69c7fb94'
?[0m?[0;34m2023-03-31 16:05:59.928 DEBUG 29781 --- [    Test worker] o.s.b.f.s.DefaultListableBeanFactory     : Creating shared instance of singleton bean 'initializeAuthenticationProviderBeanManagerConfigurer'
?[0m?[0;34m2023-03-31 16:05:59.928 DEBUG 29781 --- [    Test worker] o.s.b.f.s.DefaultListableBeanFactory     : Autowiring by type from bean name 'initializeAuthenticationProviderBeanManagerConfigurer' via factory method to bean named 'org.springframework.boot.web.servlet.context.AnnotationConfigServletWebServerApplicationContext@69c7fb94'
?[0m?[0;34m2023-03-31 16:05:59.929 DEBUG 29781 --- [    Test worker] o.s.b.f.s.DefaultListableBeanFactory     : Creating shared instance of singleton bean 'userDetailsServiceImpl'
?[0m?[0;34m2023-03-31 16:05:59.931 DEBUG 29781 --- [    Test worker] o.s.b.f.s.DefaultListableBeanFactory     : Creating shared instance of singleton bean 'authenticationManagerBuilder'
?[0m?[0;34m2023-03-31 16:05:59.931 DEBUG 29781 --- [    Test worker] o.s.b.f.s.DefaultListableBeanFactory     : Autowiring by type from bean name 'authenticationManagerBuilder' via factory method to bean named 'objectPostProcessor'
?[0m?[0;34m2023-03-31 16:05:59.931 DEBUG 29781 --- [    Test worker] o.s.b.f.s.DefaultListableBeanFactory     : Autowiring by type from bean name 'authenticationManagerBuilder' via factory method to bean named 'org.springframework.boot.web.servlet.context.AnnotationConfigServletWebServerApplicationContext@69c7fb94'
?[0m?[0;34m2023-03-31 16:05:59.932 DEBUG 29781 --- [    Test worker] o.s.b.f.s.DefaultListableBeanFactory     : Creating shared instance of singleton bean 'authenticationEventPublisher'
?[0m?[0;34m2023-03-31 16:05:59.932 DEBUG 29781 --- [    Test worker] o.s.b.f.s.DefaultListableBeanFactory     : Creating shared instance of singleton bean 'org.springframework.boot.autoconfigure.security.servlet.SecurityAutoConfiguration'
?[0m?[0;34m2023-03-31 16:05:59.932 DEBUG 29781 --- [    Test worker] o.s.b.f.s.DefaultListableBeanFactory     : Autowiring by type from bean name 'authenticationEventPublisher' via factory method to bean named 'org.springframework.boot.web.servlet.context.AnnotationConfigServletWebServerApplicationContext@69c7fb94'
?[0m?[0;34m2023-03-31 16:05:59.932 DEBUG 29781 --- [    Test worker] o.s.b.f.s.DefaultListableBeanFactory     : Creating shared instance of singleton bean 'org.springframework.security.config.annotation.web.configuration.WebSecurityConfiguration'
?[0m?[0;34m2023-03-31 16:05:59.934 DEBUG 29781 --- [    Test worker] o.s.b.f.s.DefaultListableBeanFactory     : Creating shared instance of singleton bean 'autowiredWebSecurityConfigurersIgnoreParents'
?[0m?[0;34m2023-03-31 16:05:59.935 DEBUG 29781 --- [    Test worker] o.s.b.f.s.DefaultListableBeanFactory     : Autowiring by type from bean name 'autowiredWebSecurityConfigurersIgnoreParents' via factory method to bean named 'org.springframework.beans.factory.support.DefaultListableBeanFactory@3ad5f99'
?[0m?[0;34m2023-03-31 16:05:59.936 DEBUG 29781 --- [    Test worker] o.s.b.f.s.DefaultListableBeanFactory     : Creating shared instance of singleton bean 'delegatingApplicationListener'
?[0m?[0;34m2023-03-31 16:05:59.936 DEBUG 29781 --- [    Test worker] o.s.b.f.s.DefaultListableBeanFactory     : Creating shared instance of singleton bean 'springSecurityFilterChain'
?[0m?[0;34m2023-03-31 16:05:59.937 DEBUG 29781 --- [    Test worker] o.s.b.f.s.DefaultListableBeanFactory     : Creating shared instance of singleton bean 'mvcHandlerMappingIntrospector'
?[0m?[0;34m2023-03-31 16:05:59.937 DEBUG 29781 --- [    Test worker] o.s.b.f.s.DefaultListableBeanFactory     : Creating shared instance of singleton bean 'requestMappingHandlerMapping'
?[0m?[0;34m2023-03-31 16:05:59.938 DEBUG 29781 --- [    Test worker] o.s.b.f.s.DefaultListableBeanFactory     : Creating shared instance of singleton bean 'mvcConversionService'
?[0m?[0;34m2023-03-31 16:05:59.939 DEBUG 29781 --- [    Test worker] o.s.b.f.s.DefaultListableBeanFactory     : Creating shared instance of singleton bean 'mvcResourceUrlProvider'
?[0m?[0;34m2023-03-31 16:05:59.940 DEBUG 29781 --- [    Test worker] o.s.b.f.s.DefaultListableBeanFactory     : Autowiring by type from bean name 'requestMappingHandlerMapping' via factory method to bean named 'mvcContentNegotiationManager'
?[0m?[0;34m2023-03-31 16:05:59.940 DEBUG 29781 --- [    Test worker] o.s.b.f.s.DefaultListableBeanFactory     : Autowiring by type from bean name 'requestMappingHandlerMapping' via factory method to bean named 'mvcConversionService'
?[0m?[0;34m2023-03-31 16:05:59.940 DEBUG 29781 --- [    Test worker] o.s.b.f.s.DefaultListableBeanFactory     : Autowiring by type from bean name 'requestMappingHandlerMapping' via factory method to bean named 'mvcResourceUrlProvider'
?[0m?[0;34m2023-03-31 16:05:59.940 DEBUG 29781 --- [    Test worker] o.s.b.f.s.DefaultListableBeanFactory     : Autowiring by type from bean name 'requestMappingHandlerMapping' via factory method to bean named 'mvcContentNegotiationManager'
?[0m?[0;34m2023-03-31 16:05:59.940 DEBUG 29781 --- [    Test worker] o.s.b.f.s.DefaultListableBeanFactory     : Autowiring by type from bean name 'requestMappingHandlerMapping' via factory method to bean named 'mvcConversionService'
?[0m?[0;34m2023-03-31 16:05:59.940 DEBUG 29781 --- [    Test worker] o.s.b.f.s.DefaultListableBeanFactory     : Autowiring by type from bean name 'requestMappingHandlerMapping' via factory method to bean named 'mvcResourceUrlProvider'
?[0m?[0;34m2023-03-31 16:05:59.943 DEBUG 29781 --- [    Test worker] s.w.s.m.m.a.RequestMappingHandlerMapping : 8 mappings in 'requestMappingHandlerMapping'
?[0m?[0;34m2023-03-31 16:05:59.943 DEBUG 29781 --- [    Test worker] o.s.b.f.s.DefaultListableBeanFactory     : Creating shared instance of singleton bean 'welcomePageHandlerMapping'
?[0m?[0;34m2023-03-31 16:05:59.944 DEBUG 29781 --- [    Test worker] o.s.b.f.s.DefaultListableBeanFactory     : Autowiring by type from bean name 'welcomePageHandlerMapping' via factory method to bean named 'org.springframework.boot.web.servlet.context.AnnotationConfigServletWebServerApplicationContext@69c7fb94'
?[0m?[0;34m2023-03-31 16:05:59.944 DEBUG 29781 --- [    Test worker] o.s.b.f.s.DefaultListableBeanFactory     : Autowiring by type from bean name 'welcomePageHandlerMapping' via factory method to bean named 'mvcConversionService'
?[0m?[0;34m2023-03-31 16:05:59.944 DEBUG 29781 --- [    Test worker] o.s.b.f.s.DefaultListableBeanFactory     : Autowiring by type from bean name 'welcomePageHandlerMapping' via factory method to bean named 'mvcResourceUrlProvider'
?[0m?[0;34m2023-03-31 16:05:59.946 DEBUG 29781 --- [    Test worker] o.s.b.f.s.DefaultListableBeanFactory     : Creating shared instance of singleton bean 'viewControllerHandlerMapping'
?[0m?[0;34m2023-03-31 16:05:59.946 DEBUG 29781 --- [    Test worker] o.s.b.f.s.DefaultListableBeanFactory     : Autowiring by type from bean name 'viewControllerHandlerMapping' via factory method to bean named 'mvcConversionService'
?[0m?[0;34m2023-03-31 16:05:59.946 DEBUG 29781 --- [    Test worker] o.s.b.f.s.DefaultListableBeanFactory     : Autowiring by type from bean name 'viewControllerHandlerMapping' via factory method to bean named 'mvcResourceUrlProvider'
?[0m?[0;34m2023-03-31 16:05:59.946 DEBUG 29781 --- [    Test worker] o.s.b.f.s.DefaultListableBeanFactory     : Creating shared instance of singleton bean 'beanNameHandlerMapping'
?[0m?[0;34m2023-03-31 16:05:59.946 DEBUG 29781 --- [    Test worker] o.s.b.f.s.DefaultListableBeanFactory     : Autowiring by type from bean name 'beanNameHandlerMapping' via factory method to bean named 'mvcConversionService'
?[0m?[0;34m2023-03-31 16:05:59.946 DEBUG 29781 --- [    Test worker] o.s.b.f.s.DefaultListableBeanFactory     : Autowiring by type from bean name 'beanNameHandlerMapping' via factory method to bean named 'mvcResourceUrlProvider'
?[0m?[0;34m2023-03-31 16:05:59.947 DEBUG 29781 --- [    Test worker] o.s.b.f.s.DefaultListableBeanFactory     : Creating shared instance of singleton bean 'routerFunctionMapping'
?[0m?[0;34m2023-03-31 16:05:59.947 DEBUG 29781 --- [    Test worker] o.s.b.f.s.DefaultListableBeanFactory     : Autowiring by type from bean name 'routerFunctionMapping' via factory method to bean named 'mvcConversionService'
?[0m?[0;34m2023-03-31 16:05:59.947 DEBUG 29781 --- [    Test worker] o.s.b.f.s.DefaultListableBeanFactory     : Autowiring by type from bean name 'routerFunctionMapping' via factory method to bean named 'mvcResourceUrlProvider'
?[0m?[0;34m2023-03-31 16:05:59.948 DEBUG 29781 --- [    Test worker] o.s.b.f.s.DefaultListableBeanFactory     : Creating shared instance of singleton bean 'messageConverters'
?[0m?[0;34m2023-03-31 16:05:59.948 DEBUG 29781 --- [    Test worker] o.s.b.f.s.DefaultListableBeanFactory     : Creating shared instance of singleton bean 'org.springframework.boot.autoconfigure.http.HttpMessageConvertersAutoConfiguration'
?[0m?[0;34m2023-03-31 16:05:59.948 DEBUG 29781 --- [    Test worker] o.s.b.f.s.DefaultListableBeanFactory     : Creating shared instance of singleton bean 'stringHttpMessageConverter'
?[0m?[0;34m2023-03-31 16:05:59.948 DEBUG 29781 --- [    Test worker] o.s.b.f.s.DefaultListableBeanFactory     : Creating shared instance of singleton bean 'org.springframework.boot.autoconfigure.http.HttpMessageConvertersAutoConfiguration$StringHttpMessageConverterConfiguration'
?[0m?[0;34m2023-03-31 16:05:59.948 DEBUG 29781 --- [    Test worker] o.s.b.f.s.DefaultListableBeanFactory     : Autowiring by type from bean name 'stringHttpMessageConverter' via factory method to bean named 'environment'
?[0m?[0;34m2023-03-31 16:05:59.949 DEBUG 29781 --- [    Test worker] o.s.b.f.s.DefaultListableBeanFactory     : Creating shared instance of singleton bean 'mappingJackson2HttpMessageConverter'
?[0m?[0;34m2023-03-31 16:05:59.949 DEBUG 29781 --- [    Test worker] o.s.b.f.s.DefaultListableBeanFactory     : Creating shared instance of singleton bean 'org.springframework.boot.autoconfigure.http.JacksonHttpMessageConvertersConfiguration$MappingJackson2HttpMessageConverterConfiguration'
?[0m?[0;34m2023-03-31 16:05:59.949 DEBUG 29781 --- [    Test worker] o.s.b.f.s.DefaultListableBeanFactory     : Creating shared instance of singleton bean 'jacksonObjectMapper'
?[0m?[0;34m2023-03-31 16:05:59.949 DEBUG 29781 --- [    Test worker] o.s.b.f.s.DefaultListableBeanFactory     : Creating shared instance of singleton bean 'org.springframework.boot.autoconfigure.jackson.JacksonAutoConfiguration$JacksonObjectMapperConfiguration'
?[0m?[0;34m2023-03-31 16:05:59.950 DEBUG 29781 --- [    Test worker] o.s.b.f.s.DefaultListableBeanFactory     : Creating shared instance of singleton bean 'org.springframework.boot.autoconfigure.jackson.JacksonAutoConfiguration$JacksonObjectMapperBuilderConfiguration'
?[0m?[0;34m2023-03-31 16:05:59.950 DEBUG 29781 --- [    Test worker] o.s.b.f.s.DefaultListableBeanFactory     : Creating shared instance of singleton bean 'standardJacksonObjectMapperBuilderCustomizer'
?[0m?[0;34m2023-03-31 16:05:59.950 DEBUG 29781 --- [    Test worker] o.s.b.f.s.DefaultListableBeanFactory     : Creating shared instance of singleton bean 'org.springframework.boot.autoconfigure.jackson.JacksonAutoConfiguration$Jackson2ObjectMapperBuilderCustomizerConfiguration'
?[0m?[0;34m2023-03-31 16:05:59.950 DEBUG 29781 --- [    Test worker] o.s.b.f.s.DefaultListableBeanFactory     : Creating shared instance of singleton bean 'spring.jackson-org.springframework.boot.autoconfigure.jackson.JacksonProperties'
?[0m?[0;34m2023-03-31 16:05:59.951 DEBUG 29781 --- [    Test worker] o.s.b.f.s.DefaultListableBeanFactory     : Autowiring by type from bean name 'standardJacksonObjectMapperBuilderCustomizer' via factory method to bean named 'org.springframework.boot.web.servlet.context.AnnotationConfigServletWebServerApplicationContext@69c7fb94'
?[0m?[0;34m2023-03-31 16:05:59.951 DEBUG 29781 --- [    Test worker] o.s.b.f.s.DefaultListableBeanFactory     : Autowiring by type from bean name 'standardJacksonObjectMapperBuilderCustomizer' via factory method to bean named 'spring.jackson-org.springframework.boot.autoconfigure.jackson.JacksonProperties'
?[0m?[0;34m2023-03-31 16:05:59.952 DEBUG 29781 --- [    Test worker] o.s.b.f.s.DefaultListableBeanFactory     : Autowiring by type from bean name 'jacksonObjectMapperBuilder' via factory method to bean named 'org.springframework.boot.web.servlet.context.AnnotationConfigServletWebServerApplicationContext@69c7fb94'
?[0m?[0;34m2023-03-31 16:05:59.952 DEBUG 29781 --- [    Test worker] o.s.b.f.s.DefaultListableBeanFactory     : Autowiring by type from bean name 'jacksonObjectMapperBuilder' via factory method to bean named 'standardJacksonObjectMapperBuilderCustomizer'
?[0m?[0;34m2023-03-31 16:05:59.952 DEBUG 29781 --- [    Test worker] o.s.b.f.s.DefaultListableBeanFactory     : Creating shared instance of singleton bean 'parameterNamesModule'
?[0m?[0;34m2023-03-31 16:05:59.952 DEBUG 29781 --- [    Test worker] o.s.b.f.s.DefaultListableBeanFactory     : Creating shared instance of singleton bean 'org.springframework.boot.autoconfigure.jackson.JacksonAutoConfiguration$ParameterNamesModuleConfiguration'
?[0m?[0;34m2023-03-31 16:05:59.952 DEBUG 29781 --- [    Test worker] o.s.b.f.s.DefaultListableBeanFactory     : Creating shared instance of singleton bean 'jsonComponentModule'
?[0m?[0;34m2023-03-31 16:05:59.952 DEBUG 29781 --- [    Test worker] o.s.b.f.s.DefaultListableBeanFactory     : Creating shared instance of singleton bean 'org.springframework.boot.autoconfigure.jackson.JacksonAutoConfiguration'
?[0m?[0;34m2023-03-31 16:05:59.953 DEBUG 29781 --- [    Test worker] o.s.b.f.s.DefaultListableBeanFactory     : Creating shared instance of singleton bean 'jacksonGeoModule'
?[0m?[0;34m2023-03-31 16:05:59.953 DEBUG 29781 --- [    Test worker] o.s.b.f.s.DefaultListableBeanFactory     : Creating shared instance of singleton bean 'org.springframework.data.web.config.SpringDataJacksonConfiguration'
?[0m?[0;34m2023-03-31 16:05:59.954 DEBUG 29781 --- [    Test worker] o.s.b.f.s.DefaultListableBeanFactory     : Autowiring by type from bean name 'jacksonObjectMapper' via factory method to bean named 'jacksonObjectMapperBuilder'
?[0m?[0;34m2023-03-31 16:05:59.956 DEBUG 29781 --- [    Test worker] o.s.b.f.s.DefaultListableBeanFactory     : Autowiring by type from bean name 'mappingJackson2HttpMessageConverter' via factory method to bean named 'jacksonObjectMapper'
?[0m?[0;34m2023-03-31 16:05:59.958 DEBUG 29781 --- [    Test worker] o.s.b.f.s.DefaultListableBeanFactory     : Creating shared instance of singleton bean 'resourceHandlerMapping'
?[0m?[0;34m2023-03-31 16:05:59.959 DEBUG 29781 --- [    Test worker] o.s.b.f.s.DefaultListableBeanFactory     : Autowiring by type from bean name 'resourceHandlerMapping' via factory method to bean named 'mvcContentNegotiationManager'
?[0m?[0;34m2023-03-31 16:05:59.959 DEBUG 29781 --- [    Test worker] o.s.b.f.s.DefaultListableBeanFactory     : Autowiring by type from bean name 'resourceHandlerMapping' via factory method to bean named 'mvcConversionService'
?[0m?[0;34m2023-03-31 16:05:59.959 DEBUG 29781 --- [    Test worker] o.s.b.f.s.DefaultListableBeanFactory     : Autowiring by type from bean name 'resourceHandlerMapping' via factory method to bean named 'mvcResourceUrlProvider'
?[0m?[0;34m2023-03-31 16:05:59.959 DEBUG 29781 --- [    Test worker] o.s.w.s.handler.SimpleUrlHandlerMapping  : Patterns [/webjars/**, /**] in 'resourceHandlerMapping'
?[0m?[0;34m2023-03-31 16:05:59.960 DEBUG 29781 --- [    Test worker] o.s.b.f.s.DefaultListableBeanFactory     : Creating shared instance of singleton bean 'defaultServletHandlerMapping'
?[0m?[0;34m2023-03-31 16:05:59.960 DEBUG 29781 --- [    Test worker] o.s.b.f.s.DefaultListableBeanFactory     : Creating shared instance of singleton bean 'webEndpointServletHandlerMapping'
?[0m?[0;34m2023-03-31 16:05:59.960 DEBUG 29781 --- [    Test worker] o.s.b.f.s.DefaultListableBeanFactory     : Creating shared instance of singleton bean 'org.springframework.boot.actuate.autoconfigure.endpoint.web.servlet.WebMvcEndpointManagementContextConfiguration'
?[0m?[0;34m2023-03-31 16:05:59.960 DEBUG 29781 --- [    Test worker] o.s.b.f.s.DefaultListableBeanFactory     : Creating shared instance of singleton bean 'webEndpointDiscoverer'
?[0m?[0;34m2023-03-31 16:05:59.960 DEBUG 29781 --- [    Test worker] o.s.b.f.s.DefaultListableBeanFactory     : Creating shared instance of singleton bean 'endpointOperationParameterMapper'
?[0m?[0;34m2023-03-31 16:05:59.960 DEBUG 29781 --- [    Test worker] o.s.b.f.s.DefaultListableBeanFactory     : Creating shared instance of singleton bean 'org.springframework.boot.actuate.autoconfigure.endpoint.EndpointAutoConfiguration'
?[0m?[0;34m2023-03-31 16:05:59.961 DEBUG 29781 --- [    Test worker] o.s.b.f.s.DefaultListableBeanFactory     : Creating shared instance of singleton bean 'endpointMediaTypes'
?[0m?[0;34m2023-03-31 16:05:59.961 DEBUG 29781 --- [    Test worker] o.s.b.f.s.DefaultListableBeanFactory     : Autowiring by type from bean name 'webEndpointDiscoverer' via factory method to bean named 'endpointOperationParameterMapper'
?[0m?[0;34m2023-03-31 16:05:59.961 DEBUG 29781 --- [    Test worker] o.s.b.f.s.DefaultListableBeanFactory     : Autowiring by type from bean name 'webEndpointDiscoverer' via factory method to bean named 'endpointMediaTypes'
?[0m?[0;34m2023-03-31 16:05:59.961 DEBUG 29781 --- [    Test worker] o.s.b.f.s.DefaultListableBeanFactory     : Creating shared instance of singleton bean 'endpointCachingOperationInvokerAdvisor'
?[0m?[0;34m2023-03-31 16:05:59.961 DEBUG 29781 --- [    Test worker] o.s.b.f.s.DefaultListableBeanFactory     : Autowiring by type from bean name 'endpointCachingOperationInvokerAdvisor' via factory method to bean named 'environment'
?[0m?[0;34m2023-03-31 16:05:59.961 DEBUG 29781 --- [    Test worker] o.s.b.f.s.DefaultListableBeanFactory     : Creating shared instance of singleton bean 'webExposeExcludePropertyEndpointFilter'
?[0m?[0;34m2023-03-31 16:05:59.962 DEBUG 29781 --- [    Test worker] o.s.b.f.s.DefaultListableBeanFactory     : Creating shared instance of singleton bean 'controllerEndpointDiscoverer'
?[0m?[0;34m2023-03-31 16:05:59.962 DEBUG 29781 --- [    Test worker] o.s.b.f.s.DefaultListableBeanFactory     : Creating shared instance of singleton bean 'controllerExposeExcludePropertyEndpointFilter'
?[0m?[0;34m2023-03-31 16:05:59.962 DEBUG 29781 --- [    Test worker] o.s.b.f.s.DefaultListableBeanFactory     : Creating shared instance of singleton bean 'management.endpoints.web.cors-org.springframework.boot.actuate.autoconfigure.endpoint.web.CorsEndpointProperties'
?[0m?[0;34m2023-03-31 16:05:59.963 DEBUG 29781 --- [    Test worker] o.s.b.f.s.DefaultListableBeanFactory     : Autowiring by type from bean name 'webEndpointServletHandlerMapping' via factory method to bean named 'webEndpointDiscoverer'
?[0m?[0;34m2023-03-31 16:05:59.963 DEBUG 29781 --- [    Test worker] o.s.b.f.s.DefaultListableBeanFactory     : Autowiring by type from bean name 'webEndpointServletHandlerMapping' via factory method to bean named 'servletEndpointDiscoverer'
?[0m?[0;34m2023-03-31 16:05:59.963 DEBUG 29781 --- [    Test worker] o.s.b.f.s.DefaultListableBeanFactory     : Autowiring by type from bean name 'webEndpointServletHandlerMapping' via factory method to bean named 'controllerEndpointDiscoverer'
?[0m?[0;34m2023-03-31 16:05:59.963 DEBUG 29781 --- [    Test worker] o.s.b.f.s.DefaultListableBeanFactory     : Autowiring by type from bean name 'webEndpointServletHandlerMapping' via factory method to bean named 'endpointMediaTypes'
?[0m?[0;34m2023-03-31 16:05:59.963 DEBUG 29781 --- [    Test worker] o.s.b.f.s.DefaultListableBeanFactory     : Autowiring by type from bean name 'webEndpointServletHandlerMapping' via factory method to bean named 'management.endpoints.web.cors-org.springframework.boot.actuate.autoconfigure.endpoint.web.CorsEndpointProperties'
?[0m?[0;34m2023-03-31 16:05:59.963 DEBUG 29781 --- [    Test worker] o.s.b.f.s.DefaultListableBeanFactory     : Autowiring by type from bean name 'webEndpointServletHandlerMapping' via factory method to bean named 'management.endpoints.web-org.springframework.boot.actuate.autoconfigure.endpoint.web.WebEndpointProperties'
?[0m?[0;34m2023-03-31 16:05:59.963 DEBUG 29781 --- [    Test worker] o.s.b.f.s.DefaultListableBeanFactory     : Autowiring by type from bean name 'webEndpointServletHandlerMapping' via factory method to bean named 'environment'
?[0m?[0;34m2023-03-31 16:05:59.965 DEBUG 29781 --- [    Test worker] o.s.b.f.s.DefaultListableBeanFactory     : Creating shared instance of singleton bean 'cachesEndpoint'
?[0m?[0;34m2023-03-31 16:05:59.965 DEBUG 29781 --- [    Test worker] o.s.b.f.s.DefaultListableBeanFactory     : Creating shared instance of singleton bean 'org.springframework.boot.actuate.autoconfigure.cache.CachesEndpointAutoConfiguration'
?[0m?[0;34m2023-03-31 16:05:59.966 DEBUG 29781 --- [    Test worker] o.s.b.f.s.DefaultListableBeanFactory     : Creating shared instance of singleton bean 'healthEndpoint'
?[0m?[0;34m2023-03-31 16:05:59.966 DEBUG 29781 --- [    Test worker] o.s.b.f.s.DefaultListableBeanFactory     : Creating shared instance of singleton bean 'org.springframework.boot.actuate.autoconfigure.health.HealthEndpointConfiguration'
?[0m?[0;34m2023-03-31 16:05:59.966 DEBUG 29781 --- [    Test worker] o.s.b.f.s.DefaultListableBeanFactory     : Creating shared instance of singleton bean 'healthContributorRegistry'
?[0m?[0;34m2023-03-31 16:05:59.967 DEBUG 29781 --- [    Test worker] o.s.b.f.s.DefaultListableBeanFactory     : Creating shared instance of singleton bean 'healthEndpointGroups'
?[0m?[0;34m2023-03-31 16:05:59.967 DEBUG 29781 --- [    Test worker] o.s.b.f.s.DefaultListableBeanFactory     : Creating shared instance of singleton bean 'management.endpoint.health-org.springframework.boot.actuate.autoconfigure.health.HealthEndpointProperties'
?[0m?[0;34m2023-03-31 16:05:59.967 DEBUG 29781 --- [    Test worker] o.s.b.f.s.DefaultListableBeanFactory     : Autowiring by type from bean name 'healthEndpointGroups' via factory method to bean named 'org.springframework.boot.web.servlet.context.AnnotationConfigServletWebServerApplicationContext@69c7fb94'
?[0m?[0;34m2023-03-31 16:05:59.967 DEBUG 29781 --- [    Test worker] o.s.b.f.s.DefaultListableBeanFactory     : Autowiring by type from bean name 'healthEndpointGroups' via factory method to bean named 'management.endpoint.health-org.springframework.boot.actuate.autoconfigure.health.HealthEndpointProperties'
?[0m?[0;34m2023-03-31 16:05:59.968 DEBUG 29781 --- [    Test worker] o.s.b.f.s.DefaultListableBeanFactory     : Creating shared instance of singleton bean 'healthStatusAggregator'
?[0m?[0;34m2023-03-31 16:05:59.968 DEBUG 29781 --- [    Test worker] o.s.b.f.s.DefaultListableBeanFactory     : Autowiring by type from bean name 'healthStatusAggregator' via factory method to bean named 'management.endpoint.health-org.springframework.boot.actuate.autoconfigure.health.HealthEndpointProperties'
?[0m?[0;34m2023-03-31 16:05:59.968 DEBUG 29781 --- [    Test worker] o.s.b.f.s.DefaultListableBeanFactory     : Creating shared instance of singleton bean 'healthHttpCodeStatusMapper'
?[0m?[0;34m2023-03-31 16:05:59.968 DEBUG 29781 --- [    Test worker] o.s.b.f.s.DefaultListableBeanFactory     : Autowiring by type from bean name 'healthHttpCodeStatusMapper' via factory method to bean named 'management.endpoint.health-org.springframework.boot.actuate.autoconfigure.health.HealthEndpointProperties'
?[0m?[0;34m2023-03-31 16:05:59.969 DEBUG 29781 --- [    Test worker] o.s.b.f.s.DefaultListableBeanFactory     : Autowiring by type from bean name 'healthContributorRegistry' via factory method to bean named 'org.springframework.boot.web.servlet.context.AnnotationConfigServletWebServerApplicationContext@69c7fb94'
?[0m?[0;34m2023-03-31 16:05:59.969 DEBUG 29781 --- [    Test worker] o.s.b.f.s.DefaultListableBeanFactory     : Autowiring by type from bean name 'healthContributorRegistry' via factory method to bean named 'healthEndpointGroups'
?[0m?[0;34m2023-03-31 16:05:59.969 DEBUG 29781 --- [    Test worker] o.s.b.f.s.DefaultListableBeanFactory     : Creating shared instance of singleton bean 'diskSpaceHealthIndicator'
?[0m?[0;34m2023-03-31 16:05:59.969 DEBUG 29781 --- [    Test worker] o.s.b.f.s.DefaultListableBeanFactory     : Creating shared instance of singleton bean 'org.springframework.boot.actuate.autoconfigure.system.DiskSpaceHealthContributorAutoConfiguration'
?[0m?[0;34m2023-03-31 16:05:59.969 DEBUG 29781 --- [    Test worker] o.s.b.f.s.DefaultListableBeanFactory     : Creating shared instance of singleton bean 'management.health.diskspace-org.springframework.boot.actuate.autoconfigure.system.DiskSpaceHealthIndicatorProperties'
?[0m?[0;34m2023-03-31 16:05:59.969 DEBUG 29781 --- [    Test worker] o.s.b.f.s.DefaultListableBeanFactory     : Autowiring by type from bean name 'diskSpaceHealthIndicator' via factory method to bean named 'management.health.diskspace-org.springframework.boot.actuate.autoconfigure.system.DiskSpaceHealthIndicatorProperties'
?[0m?[0;34m2023-03-31 16:05:59.970 DEBUG 29781 --- [    Test worker] o.s.b.f.s.DefaultListableBeanFactory     : Creating shared instance of singleton bean 'pingHealthContributor'
?[0m?[0;34m2023-03-31 16:05:59.970 DEBUG 29781 --- [    Test worker] o.s.b.f.s.DefaultListableBeanFactory     : Creating shared instance of singleton bean 'org.springframework.boot.actuate.autoconfigure.health.HealthContributorAutoConfiguration'
?[0m?[0;34m2023-03-31 16:05:59.970 DEBUG 29781 --- [    Test worker] o.s.b.f.s.DefaultListableBeanFactory     : Creating shared instance of singleton bean 'dbHealthContributor'
?[0m?[0;34m2023-03-31 16:05:59.970 DEBUG 29781 --- [    Test worker] o.s.b.f.s.DefaultListableBeanFactory     : Creating shared instance of singleton bean 'org.springframework.boot.actuate.autoconfigure.jdbc.DataSourceHealthContributorAutoConfiguration'
?[0m?[0;34m2023-03-31 16:05:59.970 DEBUG 29781 --- [    Test worker] o.s.b.f.s.DefaultListableBeanFactory     : Creating shared instance of singleton bean 'management.health.db-org.springframework.boot.actuate.autoconfigure.jdbc.DataSourceHealthIndicatorProperties'
?[0m?[0;34m2023-03-31 16:05:59.971 DEBUG 29781 --- [    Test worker] o.s.b.f.s.DefaultListableBeanFactory     : Autowiring by type from bean name 'dbHealthContributor' via factory method to bean named 'dataSource'
?[0m?[0;34m2023-03-31 16:05:59.971 DEBUG 29781 --- [    Test worker] o.s.b.f.s.DefaultListableBeanFactory     : Autowiring by type from bean name 'dbHealthContributor' via factory method to bean named 'management.health.db-org.springframework.boot.actuate.autoconfigure.jdbc.DataSourceHealthIndicatorProperties'
?[0m?[0;34m2023-03-31 16:05:59.971 DEBUG 29781 --- [    Test worker] o.s.b.f.s.DefaultListableBeanFactory     : Autowiring by type from bean name 'healthEndpoint' via factory method to bean named 'healthContributorRegistry'
?[0m?[0;34m2023-03-31 16:05:59.971 DEBUG 29781 --- [    Test worker] o.s.b.f.s.DefaultListableBeanFactory     : Autowiring by type from bean name 'healthEndpoint' via factory method to bean named 'healthEndpointGroups'
?[0m?[0;34m2023-03-31 16:05:59.972 DEBUG 29781 --- [    Test worker] o.s.b.f.s.DefaultListableBeanFactory     : Creating shared instance of singleton bean 'configurationPropertiesReportEndpoint'
?[0m?[0;34m2023-03-31 16:05:59.972 DEBUG 29781 --- [    Test worker] o.s.b.f.s.DefaultListableBeanFactory     : Creating shared instance of singleton bean 'org.springframework.boot.actuate.autoconfigure.context.properties.ConfigurationPropertiesReportEndpointAutoConfiguration'
?[0m?[0;34m2023-03-31 16:05:59.972 DEBUG 29781 --- [    Test worker] o.s.b.f.s.DefaultListableBeanFactory     : Creating shared instance of singleton bean 'management.endpoint.configprops-org.springframework.boot.actuate.autoconfigure.context.properties.ConfigurationPropertiesReportEndpointProperties'
?[0m?[0;34m2023-03-31 16:05:59.972 DEBUG 29781 --- [    Test worker] o.s.b.f.s.DefaultListableBeanFactory     : Autowiring by type from bean name 'configurationPropertiesReportEndpoint' via factory method to bean named 'management.endpoint.configprops-org.springframework.boot.actuate.autoconfigure.context.properties.ConfigurationPropertiesReportEndpointProperties'
?[0m?[0;34m2023-03-31 16:05:59.972 DEBUG 29781 --- [    Test worker] o.s.b.f.s.DefaultListableBeanFactory     : Creating shared instance of singleton bean 'environmentEndpoint'
?[0m?[0;34m2023-03-31 16:05:59.973 DEBUG 29781 --- [    Test worker] o.s.b.f.s.DefaultListableBeanFactory     : Creating shared instance of singleton bean 'org.springframework.boot.actuate.autoconfigure.env.EnvironmentEndpointAutoConfiguration'
?[0m?[0;34m2023-03-31 16:05:59.973 DEBUG 29781 --- [    Test worker] o.s.b.f.s.DefaultListableBeanFactory     : Creating shared instance of singleton bean 'management.endpoint.env-org.springframework.boot.actuate.autoconfigure.env.EnvironmentEndpointProperties'
?[0m?[0;34m2023-03-31 16:05:59.973 DEBUG 29781 --- [    Test worker] o.s.b.f.s.DefaultListableBeanFactory     : Autowiring by type from bean name 'environmentEndpoint' via factory method to bean named 'environment'
?[0m?[0;34m2023-03-31 16:05:59.973 DEBUG 29781 --- [    Test worker] o.s.b.f.s.DefaultListableBeanFactory     : Autowiring by type from bean name 'environmentEndpoint' via factory method to bean named 'management.endpoint.env-org.springframework.boot.actuate.autoconfigure.env.EnvironmentEndpointProperties'
?[0m?[0;34m2023-03-31 16:05:59.973 DEBUG 29781 --- [    Test worker] o.s.b.f.s.DefaultListableBeanFactory     : Creating shared instance of singleton bean 'beansEndpoint'
?[0m?[0;34m2023-03-31 16:05:59.973 DEBUG 29781 --- [    Test worker] o.s.b.f.s.DefaultListableBeanFactory     : Creating shared instance of singleton bean 'org.springframework.boot.actuate.autoconfigure.beans.BeansEndpointAutoConfiguration'
?[0m?[0;34m2023-03-31 16:05:59.974 DEBUG 29781 --- [    Test worker] o.s.b.f.s.DefaultListableBeanFactory     : Autowiring by type from bean name 'beansEndpoint' via factory method to bean named 'org.springframework.boot.web.servlet.context.AnnotationConfigServletWebServerApplicationContext@69c7fb94'
?[0m?[0;34m2023-03-31 16:05:59.974 DEBUG 29781 --- [    Test worker] o.s.b.f.s.DefaultListableBeanFactory     : Creating shared instance of singleton bean 'cachesEndpointWebExtension'
?[0m?[0;34m2023-03-31 16:05:59.975 DEBUG 29781 --- [    Test worker] o.s.b.f.s.DefaultListableBeanFactory     : Autowiring by type from bean name 'cachesEndpointWebExtension' via factory method to bean named 'cachesEndpoint'
?[0m?[0;34m2023-03-31 16:05:59.975 DEBUG 29781 --- [    Test worker] o.s.b.f.s.DefaultListableBeanFactory     : Creating shared instance of singleton bean 'healthEndpointWebExtension'
?[0m?[0;34m2023-03-31 16:05:59.975 DEBUG 29781 --- [    Test worker] o.s.b.f.s.DefaultListableBeanFactory     : Creating shared instance of singleton bean 'org.springframework.boot.actuate.autoconfigure.health.HealthEndpointWebExtensionConfiguration'
?[0m?[0;34m2023-03-31 16:05:59.976 DEBUG 29781 --- [    Test worker] o.s.b.f.s.DefaultListableBeanFactory     : Autowiring by type from bean name 'healthEndpointWebExtension' via factory method to bean named 'healthContributorRegistry'
?[0m?[0;34m2023-03-31 16:05:59.976 DEBUG 29781 --- [    Test worker] o.s.b.f.s.DefaultListableBeanFactory     : Autowiring by type from bean name 'healthEndpointWebExtension' via factory method to bean named 'healthEndpointGroups'
?[0m?[0;34m2023-03-31 16:05:59.976 DEBUG 29781 --- [    Test worker] o.s.b.f.s.DefaultListableBeanFactory     : Creating shared instance of singleton bean 'infoEndpoint'
?[0m?[0;34m2023-03-31 16:05:59.976 DEBUG 29781 --- [    Test worker] o.s.b.f.s.DefaultListableBeanFactory     : Creating shared instance of singleton bean 'org.springframework.boot.actuate.autoconfigure.info.InfoEndpointAutoConfiguration'
?[0m?[0;34m2023-03-31 16:05:59.976 DEBUG 29781 --- [    Test worker] o.s.b.f.s.DefaultListableBeanFactory     : Creating shared instance of singleton bean 'envInfoContributor'
?[0m?[0;34m2023-03-31 16:05:59.976 DEBUG 29781 --- [    Test worker] o.s.b.f.s.DefaultListableBeanFactory     : Creating shared instance of singleton bean 'org.springframework.boot.actuate.autoconfigure.info.InfoContributorAutoConfiguration'
?[0m?[0;34m2023-03-31 16:05:59.977 DEBUG 29781 --- [    Test worker] o.s.b.f.s.DefaultListableBeanFactory     : Autowiring by type from bean name 'envInfoContributor' via factory method to bean named 'environment'
?[0m?[0;34m2023-03-31 16:05:59.977 DEBUG 29781 --- [    Test worker] o.s.b.f.s.DefaultListableBeanFactory     : Creating shared instance of singleton bean 'conditionsReportEndpoint'
?[0m?[0;34m2023-03-31 16:05:59.977 DEBUG 29781 --- [    Test worker] o.s.b.f.s.DefaultListableBeanFactory     : Creating shared instance of singleton bean 'org.springframework.boot.actuate.autoconfigure.condition.ConditionsReportEndpointAutoConfiguration'
?[0m?[0;34m2023-03-31 16:05:59.977 DEBUG 29781 --- [    Test worker] o.s.b.f.s.DefaultListableBeanFactory     : Autowiring by type from bean name 'conditionsReportEndpoint' via factory method to bean named 'org.springframework.boot.web.servlet.context.AnnotationConfigServletWebServerApplicationContext@69c7fb94'
?[0m?[0;34m2023-03-31 16:05:59.977 DEBUG 29781 --- [    Test worker] o.s.b.f.s.DefaultListableBeanFactory     : Creating shared instance of singleton bean 'shutdownEndpoint'
?[0m?[0;34m2023-03-31 16:05:59.977 DEBUG 29781 --- [    Test worker] o.s.b.f.s.DefaultListableBeanFactory     : Creating shared instance of singleton bean 'org.springframework.boot.actuate.autoconfigure.context.ShutdownEndpointAutoConfiguration'
?[0m?[0;34m2023-03-31 16:05:59.978 DEBUG 29781 --- [    Test worker] o.s.b.f.s.DefaultListableBeanFactory     : Creating shared instance of singleton bean 'configurationPropertiesReportEndpointWebExtension'
?[0m?[0;34m2023-03-31 16:05:59.978 DEBUG 29781 --- [    Test worker] o.s.b.f.s.DefaultListableBeanFactory     : Autowiring by type from bean name 'configurationPropertiesReportEndpointWebExtension' via factory method to bean named 'configurationPropertiesReportEndpoint'
?[0m?[0;34m2023-03-31 16:05:59.979 DEBUG 29781 --- [    Test worker] o.s.b.f.s.DefaultListableBeanFactory     : Creating shared instance of singleton bean 'environmentEndpointWebExtension'
?[0m?[0;34m2023-03-31 16:05:59.979 DEBUG 29781 --- [    Test worker] o.s.b.f.s.DefaultListableBeanFactory     : Autowiring by type from bean name 'environmentEndpointWebExtension' via factory method to bean named 'environmentEndpoint'
?[0m?[0;34m2023-03-31 16:05:59.979 DEBUG 29781 --- [    Test worker] o.s.b.f.s.DefaultListableBeanFactory     : Creating shared instance of singleton bean 'loggersEndpoint'
?[0m?[0;34m2023-03-31 16:05:59.979 DEBUG 29781 --- [    Test worker] o.s.b.f.s.DefaultListableBeanFactory     : Creating shared instance of singleton bean 'org.springframework.boot.actuate.autoconfigure.logging.LoggersEndpointAutoConfiguration'
?[0m?[0;34m2023-03-31 16:05:59.980 DEBUG 29781 --- [    Test worker] o.s.b.f.s.DefaultListableBeanFactory     : Autowiring by type from bean name 'loggersEndpoint' via factory method to bean named 'springBootLoggingSystem'
?[0m?[0;34m2023-03-31 16:05:59.980 DEBUG 29781 --- [    Test worker] o.s.b.f.s.DefaultListableBeanFactory     : Creating shared instance of singleton bean 'heapDumpWebEndpoint'
?[0m?[0;34m2023-03-31 16:05:59.980 DEBUG 29781 --- [    Test worker] o.s.b.f.s.DefaultListableBeanFactory     : Creating shared instance of singleton bean 'org.springframework.boot.actuate.autoconfigure.management.HeapDumpWebEndpointAutoConfiguration'
?[0m?[0;34m2023-03-31 16:05:59.981 DEBUG 29781 --- [    Test worker] o.s.b.f.s.DefaultListableBeanFactory     : Creating shared instance of singleton bean 'dumpEndpoint'
?[0m?[0;34m2023-03-31 16:05:59.981 DEBUG 29781 --- [    Test worker] o.s.b.f.s.DefaultListableBeanFactory     : Creating shared instance of singleton bean 'org.springframework.boot.actuate.autoconfigure.management.ThreadDumpEndpointAutoConfiguration'
?[0m?[0;34m2023-03-31 16:05:59.981 DEBUG 29781 --- [    Test worker] o.s.b.f.s.DefaultListableBeanFactory     : Creating shared instance of singleton bean 'metricsEndpoint'
?[0m?[0;34m2023-03-31 16:05:59.981 DEBUG 29781 --- [    Test worker] o.s.b.f.s.DefaultListableBeanFactory     : Creating shared instance of singleton bean 'org.springframework.boot.actuate.autoconfigure.metrics.MetricsEndpointAutoConfiguration'
?[0m?[0;34m2023-03-31 16:05:59.981 DEBUG 29781 --- [    Test worker] o.s.b.f.s.DefaultListableBeanFactory     : Autowiring by type from bean name 'metricsEndpoint' via factory method to bean named 'simpleMeterRegistry'
?[0m?[0;34m2023-03-31 16:05:59.981 DEBUG 29781 --- [    Test worker] o.s.b.f.s.DefaultListableBeanFactory     : Creating shared instance of singleton bean 'scheduledTasksEndpoint'
?[0m?[0;34m2023-03-31 16:05:59.981 DEBUG 29781 --- [    Test worker] o.s.b.f.s.DefaultListableBeanFactory     : Creating shared instance of singleton bean 'org.springframework.boot.actuate.autoconfigure.scheduling.ScheduledTasksEndpointAutoConfiguration'
?[0m?[0;34m2023-03-31 16:05:59.982 DEBUG 29781 --- [    Test worker] o.s.b.f.s.DefaultListableBeanFactory     : Creating shared instance of singleton bean 'mappingsEndpoint'
?[0m?[0;34m2023-03-31 16:05:59.982 DEBUG 29781 --- [    Test worker] o.s.b.f.s.DefaultListableBeanFactory     : Creating shared instance of singleton bean 'org.springframework.boot.actuate.autoconfigure.web.mappings.MappingsEndpointAutoConfiguration'
?[0m?[0;34m2023-03-31 16:05:59.982 DEBUG 29781 --- [    Test worker] o.s.b.f.s.DefaultListableBeanFactory     : Autowiring by type from bean name 'mappingsEndpoint' via factory method to bean named 'org.springframework.boot.web.servlet.context.AnnotationConfigServletWebServerApplicationContext@69c7fb94'
?[0m?[0;34m2023-03-31 16:05:59.982 DEBUG 29781 --- [    Test worker] o.s.b.f.s.DefaultListableBeanFactory     : Creating shared instance of singleton bean 'dispatcherServletMappingDescriptionProvider'
?[0m?[0;34m2023-03-31 16:05:59.982 DEBUG 29781 --- [    Test worker] o.s.b.f.s.DefaultListableBeanFactory     : Creating shared instance of singleton bean 'org.springframework.boot.actuate.autoconfigure.web.mappings.MappingsEndpointAutoConfiguration$ServletWebConfiguration$SpringMvcConfiguration'
?[0m?[0;34m2023-03-31 16:05:59.982 DEBUG 29781 --- [    Test worker] o.s.b.f.s.DefaultListableBeanFactory     : Creating shared instance of singleton bean 'servletMappingDescriptionProvider'
?[0m?[0;34m2023-03-31 16:05:59.982 DEBUG 29781 --- [    Test worker] o.s.b.f.s.DefaultListableBeanFactory     : Creating shared instance of singleton bean 'org.springframework.boot.actuate.autoconfigure.web.mappings.MappingsEndpointAutoConfiguration$ServletWebConfiguration'
?[0m?[0;34m2023-03-31 16:05:59.983 DEBUG 29781 --- [    Test worker] o.s.b.f.s.DefaultListableBeanFactory     : Creating shared instance of singleton bean 'filterMappingDescriptionProvider'
?[0m?[0;34m2023-03-31 16:05:59.985  INFO 29781 --- [    Test worker] o.s.b.a.e.web.EndpointLinksResolver      : Exposing 14 endpoint(s) beneath base path '/actuator'
?[0m?[0;34m2023-03-31 16:05:59.987 DEBUG 29781 --- [    Test worker] o.s.b.f.s.DefaultListableBeanFactory     : Creating shared instance of singleton bean 'controllerEndpointHandlerMapping'
?[0m?[0;34m2023-03-31 16:05:59.987 DEBUG 29781 --- [    Test worker] o.s.b.f.s.DefaultListableBeanFactory     : Autowiring by type from bean name 'controllerEndpointHandlerMapping' via factory method to bean named 'controllerEndpointDiscoverer'
?[0m?[0;34m2023-03-31 16:05:59.987 DEBUG 29781 --- [    Test worker] o.s.b.f.s.DefaultListableBeanFactory     : Autowiring by type from bean name 'controllerEndpointHandlerMapping' via factory method to bean named 'management.endpoints.web.cors-org.springframework.boot.actuate.autoconfigure.endpoint.web.CorsEndpointProperties'
?[0m?[0;34m2023-03-31 16:05:59.987 DEBUG 29781 --- [    Test worker] o.s.b.f.s.DefaultListableBeanFactory     : Autowiring by type from bean name 'controllerEndpointHandlerMapping' via factory method to bean named 'management.endpoints.web-org.springframework.boot.actuate.autoconfigure.endpoint.web.WebEndpointProperties'
?[0m?[0;34m2023-03-31 16:05:59.990 DEBUG 29781 --- [    Test worker] edFilterInvocationSecurityMetadataSource : Adding web access control expression [permitAll] for Mvc [pattern='/api/register', POST]
?[0m?[0;34m2023-03-31 16:05:59.990 DEBUG 29781 --- [    Test worker] edFilterInvocationSecurityMetadataSource : Adding web access control expression [permitAll] for Mvc [pattern='/actuator/shutdown', POST]
?[0m?[0;34m2023-03-31 16:05:59.990 DEBUG 29781 --- [    Test worker] edFilterInvocationSecurityMetadataSource : Adding web access control expression [hasRole('ROLE_USER')] for any request
?[0m?[0;34m2023-03-31 16:05:59.991  INFO 29781 --- [    Test worker] o.s.s.web.DefaultSecurityFilterChain     : Will secure any request with [org.springframework.security.web.context.request.async.WebAsyncManagerIntegrationFilter@4c541b00, org.springframework.security.web.context.SecurityContextPersistenceFilter@2d036335, org.springframework.security.web.header.HeaderWriterFilter@c53c04e, org.springframework.security.web.authentication.logout.LogoutFilter@5207747c, org.springframework.security.web.authentication.www.BasicAuthenticationFilter@529cd3ba, org.springframework.security.web.savedrequest.RequestCacheAwareFilter@4a3e1b5d, org.springframework.security.web.servletapi.SecurityContextHolderAwareRequestFilter@587df3e4, org.springframework.security.web.authentication.AnonymousAuthenticationFilter@1f26bd62, org.springframework.security.web.session.SessionManagementFilter@18f493d7, org.springframework.security.web.access.ExceptionTranslationFilter@6da14f7f, org.springframework.security.web.access.intercept.FilterSecurityInterceptor@119de68f]
?[0m?[0;34m2023-03-31 16:05:59.991 DEBUG 29781 --- [    Test worker] o.s.b.f.s.DefaultListableBeanFactory     : Creating shared instance of singleton bean 'webSecurityExpressionHandler'
?[0m?[0;34m2023-03-31 16:05:59.991 DEBUG 29781 --- [    Test worker] o.s.b.f.s.DefaultListableBeanFactory     : Creating shared instance of singleton bean 'privilegeEvaluator'
?[0m?[0;34m2023-03-31 16:05:59.992 DEBUG 29781 --- [    Test worker] o.s.b.f.s.DefaultListableBeanFactory     : Creating shared instance of singleton bean 'requestDataValueProcessor'
?[0m?[0;34m2023-03-31 16:05:59.992 DEBUG 29781 --- [    Test worker] o.s.b.f.s.DefaultListableBeanFactory     : Creating shared instance of singleton bean 'org.springframework.security.config.annotation.web.configuration.HttpSecurityConfiguration'
?[0m?[0;34m2023-03-31 16:05:59.992 DEBUG 29781 --- [    Test worker] o.s.b.f.s.DefaultListableBeanFactory     : Creating shared instance of singleton bean 'org.springframework.boot.autoconfigure.context.PropertyPlaceholderAutoConfiguration'
?[0m?[0;34m2023-03-31 16:05:59.992 DEBUG 29781 --- [    Test worker] o.s.b.f.s.DefaultListableBeanFactory     : Creating shared instance of singleton bean 'org.springframework.boot.autoconfigure.websocket.servlet.WebSocketServletAutoConfiguration'
?[0m?[0;34m2023-03-31 16:05:59.993 DEBUG 29781 --- [    Test worker] o.s.b.f.s.DefaultListableBeanFactory     : Creating shared instance of singleton bean 'org.springframework.boot.autoconfigure.web.servlet.DispatcherServletAutoConfiguration'
?[0m?[0;34m2023-03-31 16:05:59.993 DEBUG 29781 --- [    Test worker] o.s.b.f.s.DefaultListableBeanFactory     : Creating shared instance of singleton bean 'org.springframework.boot.autoconfigure.task.TaskExecutionAutoConfiguration'
?[0m?[0;34m2023-03-31 16:05:59.993 DEBUG 29781 --- [    Test worker] o.s.b.f.s.DefaultListableBeanFactory     : Creating shared instance of singleton bean 'taskExecutorBuilder'
?[0m?[0;34m2023-03-31 16:05:59.993 DEBUG 29781 --- [    Test worker] o.s.b.f.s.DefaultListableBeanFactory     : Creating shared instance of singleton bean 'spring.task.execution-org.springframework.boot.autoconfigure.task.TaskExecutionProperties'
?[0m?[0;34m2023-03-31 16:05:59.994 DEBUG 29781 --- [    Test worker] o.s.b.f.s.DefaultListableBeanFactory     : Autowiring by type from bean name 'taskExecutorBuilder' via factory method to bean named 'spring.task.execution-org.springframework.boot.autoconfigure.task.TaskExecutionProperties'
?[0m?[0;34m2023-03-31 16:05:59.994 DEBUG 29781 --- [    Test worker] o.s.b.f.s.DefaultListableBeanFactory     : Creating shared instance of singleton bean 'org.springframework.boot.autoconfigure.validation.ValidationAutoConfiguration'
?[0m?[0;34m2023-03-31 16:05:59.994 DEBUG 29781 --- [    Test worker] o.s.b.f.s.DefaultListableBeanFactory     : Creating shared instance of singleton bean 'defaultValidator'
?[0m?[0;34m2023-03-31 16:05:59.996 DEBUG 29781 --- [    Test worker] o.s.b.f.s.DefaultListableBeanFactory     : Creating shared instance of singleton bean 'org.springframework.boot.autoconfigure.web.servlet.error.ErrorMvcAutoConfiguration$WhitelabelErrorViewConfiguration'
?[0m?[0;34m2023-03-31 16:05:59.996 DEBUG 29781 --- [    Test worker] o.s.b.f.s.DefaultListableBeanFactory     : Creating shared instance of singleton bean 'error'
?[0m?[0;34m2023-03-31 16:05:59.997 DEBUG 29781 --- [    Test worker] o.s.b.f.s.DefaultListableBeanFactory     : Creating shared instance of singleton bean 'beanNameViewResolver'
?[0m?[0;34m2023-03-31 16:05:59.997 DEBUG 29781 --- [    Test worker] o.s.b.f.s.DefaultListableBeanFactory     : Creating shared instance of singleton bean 'org.springframework.boot.autoconfigure.web.servlet.error.ErrorMvcAutoConfiguration$DefaultErrorViewResolverConfiguration'
?[0m?[0;34m2023-03-31 16:05:59.997 DEBUG 29781 --- [    Test worker] o.s.b.f.s.DefaultListableBeanFactory     : Autowiring by type from bean name 'org.springframework.boot.autoconfigure.web.servlet.error.ErrorMvcAutoConfiguration$DefaultErrorViewResolverConfiguration' via constructor to bean named 'org.springframework.boot.web.servlet.context.AnnotationConfigServletWebServerApplicationContext@69c7fb94'
?[0m?[0;34m2023-03-31 16:05:59.997 DEBUG 29781 --- [    Test worker] o.s.b.f.s.DefaultListableBeanFactory     : Autowiring by type from bean name 'org.springframework.boot.autoconfigure.web.servlet.error.ErrorMvcAutoConfiguration$DefaultErrorViewResolverConfiguration' via constructor to bean named 'spring.resources-org.springframework.boot.autoconfigure.web.ResourceProperties'
?[0m?[0;34m2023-03-31 16:05:59.997 DEBUG 29781 --- [    Test worker] o.s.b.f.s.DefaultListableBeanFactory     : Autowiring by type from bean name 'org.springframework.boot.autoconfigure.web.servlet.error.ErrorMvcAutoConfiguration$DefaultErrorViewResolverConfiguration' via constructor to bean named 'spring.web-org.springframework.boot.autoconfigure.web.WebProperties'
?[0m?[0;34m2023-03-31 16:05:59.997 DEBUG 29781 --- [    Test worker] o.s.b.f.s.DefaultListableBeanFactory     : Creating shared instance of singleton bean 'conventionErrorViewResolver'
?[0m?[0;34m2023-03-31 16:05:59.997 DEBUG 29781 --- [    Test worker] o.s.b.f.s.DefaultListableBeanFactory     : Creating shared instance of singleton bean 'errorAttributes'
?[0m?[0;34m2023-03-31 16:05:59.997 DEBUG 29781 --- [    Test worker] o.s.b.f.s.DefaultListableBeanFactory     : Creating shared instance of singleton bean 'basicErrorController'
?[0m?[0;34m2023-03-31 16:05:59.998 DEBUG 29781 --- [    Test worker] o.s.b.f.s.DefaultListableBeanFactory     : Autowiring by type from bean name 'basicErrorController' via factory method to bean named 'errorAttributes'
?[0m?[0;34m2023-03-31 16:05:59.998 DEBUG 29781 --- [    Test worker] o.s.b.f.s.DefaultListableBeanFactory     : Creating shared instance of singleton bean 'requestMappingHandlerAdapter'
?[0m?[0;34m2023-03-31 16:05:59.999 DEBUG 29781 --- [    Test worker] o.s.b.f.s.DefaultListableBeanFactory     : Creating shared instance of singleton bean 'mvcValidator'
?[0m?[0;34m2023-03-31 16:05:59.999 DEBUG 29781 --- [    Test worker] o.s.b.f.s.DefaultListableBeanFactory     : Autowiring by type from bean name 'requestMappingHandlerAdapter' via factory method to bean named 'mvcContentNegotiationManager'
?[0m?[0;34m2023-03-31 16:05:59.999 DEBUG 29781 --- [    Test worker] o.s.b.f.s.DefaultListableBeanFactory     : Autowiring by type from bean name 'requestMappingHandlerAdapter' via factory method to bean named 'mvcConversionService'
?[0m?[0;34m2023-03-31 16:05:59.999 DEBUG 29781 --- [    Test worker] o.s.b.f.s.DefaultListableBeanFactory     : Autowiring by type from bean name 'requestMappingHandlerAdapter' via factory method to bean named 'mvcValidator'
?[0m?[0;34m2023-03-31 16:05:59.999 DEBUG 29781 --- [    Test worker] o.s.b.f.s.DefaultListableBeanFactory     : Autowiring by type from bean name 'requestMappingHandlerAdapter' via factory method to bean named 'mvcContentNegotiationManager'
?[0m?[0;34m2023-03-31 16:05:59.999 DEBUG 29781 --- [    Test worker] o.s.b.f.s.DefaultListableBeanFactory     : Autowiring by type from bean name 'requestMappingHandlerAdapter' via factory method to bean named 'mvcConversionService'
?[0m?[0;34m2023-03-31 16:05:59.999 DEBUG 29781 --- [    Test worker] o.s.b.f.s.DefaultListableBeanFactory     : Autowiring by type from bean name 'requestMappingHandlerAdapter' via factory method to bean named 'mvcValidator'
?[0m?[0;34m2023-03-31 16:06:00.000 DEBUG 29781 --- [    Test worker] o.s.b.f.s.DefaultListableBeanFactory     : Creating shared instance of singleton bean 'sortResolver'
?[0m?[0;34m2023-03-31 16:06:00.000 DEBUG 29781 --- [    Test worker] o.s.b.f.s.DefaultListableBeanFactory     : Creating shared instance of singleton bean 'sortCustomizer'
?[0m?[0;34m2023-03-31 16:06:00.000 DEBUG 29781 --- [    Test worker] o.s.b.f.s.DefaultListableBeanFactory     : Creating shared instance of singleton bean 'org.springframework.boot.autoconfigure.data.web.SpringDataWebAutoConfiguration'
?[0m?[0;34m2023-03-31 16:06:00.001 DEBUG 29781 --- [    Test worker] o.s.b.f.s.DefaultListableBeanFactory     : Creating shared instance of singleton bean 'spring.data.web-org.springframework.boot.autoconfigure.data.web.SpringDataWebProperties'
?[0m?[0;34m2023-03-31 16:06:00.001 DEBUG 29781 --- [    Test worker] o.s.b.f.s.DefaultListableBeanFactory     : Autowiring by type from bean name 'org.springframework.boot.autoconfigure.data.web.SpringDataWebAutoConfiguration' via constructor to bean named 'spring.data.web-org.springframework.boot.autoconfigure.data.web.SpringDataWebProperties'
?[0m?[0;34m2023-03-31 16:06:00.001 DEBUG 29781 --- [    Test worker] o.s.b.f.s.DefaultListableBeanFactory     : Creating shared instance of singleton bean 'pageableResolver'
?[0m?[0;34m2023-03-31 16:06:00.002 DEBUG 29781 --- [    Test worker] o.s.b.f.s.DefaultListableBeanFactory     : Creating shared instance of singleton bean 'pageableCustomizer'
?[0m?[0;34m2023-03-31 16:06:00.002 DEBUG 29781 --- [    Test worker] o.s.b.f.s.DefaultListableBeanFactory     : Creating shared instance of singleton bean 'applicationTaskExecutor'
?[0m?[0;34m2023-03-31 16:06:00.002 DEBUG 29781 --- [    Test worker] o.s.b.f.s.DefaultListableBeanFactory     : Autowiring by type from bean name 'applicationTaskExecutor' via factory method to bean named 'taskExecutorBuilder'
?[0m?[0;34m2023-03-31 16:06:00.002 DEBUG 29781 --- [    Test worker] o.s.s.concurrent.ThreadPoolTaskExecutor  : Initializing ExecutorService 'applicationTaskExecutor'
?[0m?[0;34m2023-03-31 16:06:00.004 DEBUG 29781 --- [    Test worker] s.w.s.m.m.a.RequestMappingHandlerAdapter : ControllerAdvice beans: 0 @ModelAttribute, 0 @InitBinder, 1 RequestBodyAdvice, 1 ResponseBodyAdvice
?[0m?[0;34m2023-03-31 16:06:00.004 DEBUG 29781 --- [    Test worker] o.s.b.f.s.DefaultListableBeanFactory     : Creating shared instance of singleton bean 'localeResolver'
?[0m?[0;34m2023-03-31 16:06:00.004 DEBUG 29781 --- [    Test worker] o.s.b.f.s.DefaultListableBeanFactory     : Creating shared instance of singleton bean 'themeResolver'
?[0m?[0;34m2023-03-31 16:06:00.005 DEBUG 29781 --- [    Test worker] o.s.b.f.s.DefaultListableBeanFactory     : Creating shared instance of singleton bean 'flashMapManager'
?[0m?[0;34m2023-03-31 16:06:00.005 DEBUG 29781 --- [    Test worker] o.s.b.f.s.DefaultListableBeanFactory     : Creating shared instance of singleton bean 'mvcPatternParser'
?[0m?[0;34m2023-03-31 16:06:00.005 DEBUG 29781 --- [    Test worker] o.s.b.f.s.DefaultListableBeanFactory     : Creating shared instance of singleton bean 'mvcUrlPathHelper'
?[0m?[0;34m2023-03-31 16:06:00.005 DEBUG 29781 --- [    Test worker] o.s.b.f.s.DefaultListableBeanFactory     : Creating shared instance of singleton bean 'mvcPathMatcher'
?[0m?[0;34m2023-03-31 16:06:00.005 DEBUG 29781 --- [    Test worker] o.s.b.f.s.DefaultListableBeanFactory     : Creating shared instance of singleton bean 'handlerFunctionAdapter'
?[0m?[0;34m2023-03-31 16:06:00.005 DEBUG 29781 --- [    Test worker] o.s.b.f.s.DefaultListableBeanFactory     : Creating shared instance of singleton bean 'mvcUriComponentsContributor'
?[0m?[0;34m2023-03-31 16:06:00.006 DEBUG 29781 --- [    Test worker] o.s.b.f.s.DefaultListableBeanFactory     : Autowiring by type from bean name 'mvcUriComponentsContributor' via factory method to bean named 'mvcConversionService'
?[0m?[0;34m2023-03-31 16:06:00.006 DEBUG 29781 --- [    Test worker] o.s.b.f.s.DefaultListableBeanFactory     : Autowiring by type from bean name 'mvcUriComponentsContributor' via factory method to bean named 'requestMappingHandlerAdapter'
?[0m?[0;34m2023-03-31 16:06:00.006 DEBUG 29781 --- [    Test worker] o.s.b.f.s.DefaultListableBeanFactory     : Creating shared instance of singleton bean 'httpRequestHandlerAdapter'
?[0m?[0;34m2023-03-31 16:06:00.006 DEBUG 29781 --- [    Test worker] o.s.b.f.s.DefaultListableBeanFactory     : Creating shared instance of singleton bean 'simpleControllerHandlerAdapter'
?[0m?[0;34m2023-03-31 16:06:00.006 DEBUG 29781 --- [    Test worker] o.s.b.f.s.DefaultListableBeanFactory     : Creating shared instance of singleton bean 'handlerExceptionResolver'
?[0m?[0;34m2023-03-31 16:06:00.006 DEBUG 29781 --- [    Test worker] o.s.b.f.s.DefaultListableBeanFactory     : Autowiring by type from bean name 'handlerExceptionResolver' via factory method to bean named 'mvcContentNegotiationManager'
?[0m?[0;34m2023-03-31 16:06:00.008 DEBUG 29781 --- [    Test worker] .m.m.a.ExceptionHandlerExceptionResolver : ControllerAdvice beans: 0 @ExceptionHandler, 1 ResponseBodyAdvice
?[0m?[0;34m2023-03-31 16:06:00.008 DEBUG 29781 --- [    Test worker] o.s.b.f.s.DefaultListableBeanFactory     : Creating shared instance of singleton bean 'mvcViewResolver'
?[0m?[0;34m2023-03-31 16:06:00.008 DEBUG 29781 --- [    Test worker] o.s.b.f.s.DefaultListableBeanFactory     : Autowiring by type from bean name 'mvcViewResolver' via factory method to bean named 'mvcContentNegotiationManager'
?[0m?[0;34m2023-03-31 16:06:00.008 DEBUG 29781 --- [    Test worker] o.s.b.f.s.DefaultListableBeanFactory     : Creating shared instance of singleton bean 'viewNameTranslator'
?[0m?[0;34m2023-03-31 16:06:00.008 DEBUG 29781 --- [    Test worker] o.s.b.f.s.DefaultListableBeanFactory     : Creating shared instance of singleton bean 'defaultViewResolver'
?[0m?[0;34m2023-03-31 16:06:00.009 DEBUG 29781 --- [    Test worker] o.s.b.f.s.DefaultListableBeanFactory     : Creating shared instance of singleton bean 'viewResolver'
?[0m?[0;34m2023-03-31 16:06:00.009 DEBUG 29781 --- [    Test worker] o.s.b.f.s.DefaultListableBeanFactory     : Autowiring by type from bean name 'viewResolver' via factory method to bean named 'org.springframework.beans.factory.support.DefaultListableBeanFactory@3ad5f99'
?[0m?[0;34m2023-03-31 16:06:00.009 DEBUG 29781 --- [    Test worker] o.s.b.f.s.DefaultListableBeanFactory     : Creating shared instance of singleton bean 'org.springframework.boot.actuate.autoconfigure.audit.AuditEventsEndpointAutoConfiguration'
?[0m?[0;34m2023-03-31 16:06:00.009 DEBUG 29781 --- [    Test worker] o.s.b.f.s.DefaultListableBeanFactory     : Creating shared instance of singleton bean 'org.springframework.boot.autoconfigure.availability.ApplicationAvailabilityAutoConfiguration'
?[0m?[0;34m2023-03-31 16:06:00.010 DEBUG 29781 --- [    Test worker] o.s.b.f.s.DefaultListableBeanFactory     : Creating shared instance of singleton bean 'applicationAvailability'
?[0m?[0;34m2023-03-31 16:06:00.010 DEBUG 29781 --- [    Test worker] o.s.b.f.s.DefaultListableBeanFactory     : Creating shared instance of singleton bean 'org.springframework.boot.actuate.autoconfigure.availability.AvailabilityHealthContributorAutoConfiguration'
?[0m?[0;34m2023-03-31 16:06:00.013 DEBUG 29781 --- [    Test worker] o.s.b.f.s.DefaultListableBeanFactory     : Creating shared instance of singleton bean 'org.springframework.boot.autoconfigure.transaction.jta.JtaAutoConfiguration'
?[0m?[0;34m2023-03-31 16:06:00.014 DEBUG 29781 --- [    Test worker] o.s.b.f.s.DefaultListableBeanFactory     : Creating shared instance of singleton bean 'org.springframework.boot.autoconfigure.jdbc.DataSourceJmxConfiguration$Hikari'
?[0m?[0;34m2023-03-31 16:06:00.014 DEBUG 29781 --- [    Test worker] o.s.b.f.s.DefaultListableBeanFactory     : Autowiring by type from bean name 'org.springframework.boot.autoconfigure.jdbc.DataSourceJmxConfiguration$Hikari' via constructor to bean named 'dataSource'
?[0m?[0;34m2023-03-31 16:06:00.014 DEBUG 29781 --- [    Test worker] o.s.b.f.s.DefaultListableBeanFactory     : Creating shared instance of singleton bean 'org.springframework.boot.autoconfigure.jdbc.DataSourceJmxConfiguration'
?[0m?[0;34m2023-03-31 16:06:00.014 DEBUG 29781 --- [    Test worker] o.s.b.f.s.DefaultListableBeanFactory     : Creating shared instance of singleton bean 'org.springframework.boot.autoconfigure.jdbc.DataSourceAutoConfiguration$PooledDataSourceConfiguration'
?[0m?[0;34m2023-03-31 16:06:00.014 DEBUG 29781 --- [    Test worker] o.s.b.f.s.DefaultListableBeanFactory     : Creating shared instance of singleton bean 'org.springframework.boot.autoconfigure.jdbc.metadata.DataSourcePoolMetadataProvidersConfiguration'
?[0m?[0;34m2023-03-31 16:06:00.014 DEBUG 29781 --- [    Test worker] o.s.b.f.s.DefaultListableBeanFactory     : Creating shared instance of singleton bean 'org.springframework.boot.autoconfigure.jdbc.DataSourceAutoConfiguration'
?[0m?[0;34m2023-03-31 16:06:00.014 DEBUG 29781 --- [    Test worker] o.s.b.f.s.DefaultListableBeanFactory     : Creating shared instance of singleton bean 'transactionManager'
?[0m?[0;34m2023-03-31 16:06:00.015 DEBUG 29781 --- [    Test worker] o.s.b.f.s.DefaultListableBeanFactory     : Creating shared instance of singleton bean 'platformTransactionManagerCustomizers'
?[0m?[0;34m2023-03-31 16:06:00.015 DEBUG 29781 --- [    Test worker] o.s.b.f.s.DefaultListableBeanFactory     : Creating shared instance of singleton bean 'org.springframework.boot.autoconfigure.transaction.TransactionAutoConfiguration'
?[0m?[0;34m2023-03-31 16:06:00.015 DEBUG 29781 --- [    Test worker] o.s.b.f.s.DefaultListableBeanFactory     : Creating shared instance of singleton bean 'spring.transaction-org.springframework.boot.autoconfigure.transaction.TransactionProperties'
?[0m?[0;34m2023-03-31 16:06:00.016 DEBUG 29781 --- [    Test worker] o.s.b.f.s.DefaultListableBeanFactory     : Creating shared instance of singleton bean 'org.springframework.boot.autoconfigure.orm.jpa.HibernateJpaAutoConfiguration'
?[0m?[0;34m2023-03-31 16:06:00.016 DEBUG 29781 --- [    Test worker] o.s.b.f.s.DefaultListableBeanFactory     : Creating shared instance of singleton bean 'org.springframework.boot.actuate.autoconfigure.web.servlet.ServletManagementContextAutoConfiguration'
?[0m?[0;34m2023-03-31 16:06:00.016 DEBUG 29781 --- [    Test worker] o.s.b.f.s.DefaultListableBeanFactory     : Creating shared instance of singleton bean 'servletWebChildContextFactory'
?[0m?[0;34m2023-03-31 16:06:00.017 DEBUG 29781 --- [    Test worker] o.s.b.f.s.DefaultListableBeanFactory     : Creating shared instance of singleton bean 'managementServletContext'
?[0m?[0;34m2023-03-31 16:06:00.017 DEBUG 29781 --- [    Test worker] o.s.b.f.s.DefaultListableBeanFactory     : Autowiring by type from bean name 'managementServletContext' via factory method to bean named 'management.endpoints.web-org.springframework.boot.actuate.autoconfigure.endpoint.web.WebEndpointProperties'
?[0m?[0;34m2023-03-31 16:06:00.017 DEBUG 29781 --- [    Test worker] o.s.b.f.s.DefaultListableBeanFactory     : Creating shared instance of singleton bean 'org.springframework.boot.actuate.autoconfigure.health.HealthEndpointAutoConfiguration'
?[0m?[0;34m2023-03-31 16:06:00.017 DEBUG 29781 --- [    Test worker] o.s.b.f.s.DefaultListableBeanFactory     : Creating shared instance of singleton bean 'org.springframework.boot.autoconfigure.info.ProjectInfoAutoConfiguration'
?[0m?[0;34m2023-03-31 16:06:00.017 DEBUG 29781 --- [    Test worker] o.s.b.f.s.DefaultListableBeanFactory     : Creating shared instance of singleton bean 'spring.info-org.springframework.boot.autoconfigure.info.ProjectInfoProperties'
?[0m?[0;34m2023-03-31 16:06:00.018 DEBUG 29781 --- [    Test worker] o.s.b.f.s.DefaultListableBeanFactory     : Autowiring by type from bean name 'org.springframework.boot.autoconfigure.info.ProjectInfoAutoConfiguration' via constructor to bean named 'spring.info-org.springframework.boot.autoconfigure.info.ProjectInfoProperties'
?[0m?[0;34m2023-03-31 16:06:00.018 DEBUG 29781 --- [    Test worker] o.s.b.f.s.DefaultListableBeanFactory     : Creating shared instance of singleton bean 'management.info-org.springframework.boot.actuate.autoconfigure.info.InfoContributorProperties'
?[0m?[0;34m2023-03-31 16:06:00.018 DEBUG 29781 --- [    Test worker] o.s.b.f.s.DefaultListableBeanFactory     : Creating shared instance of singleton bean 'pathMappedEndpoints'
?[0m?[0;34m2023-03-31 16:06:00.019 DEBUG 29781 --- [    Test worker] o.s.b.f.s.DefaultListableBeanFactory     : Autowiring by type from bean name 'pathMappedEndpoints' via factory method to bean named 'servletEndpointDiscoverer'
?[0m?[0;34m2023-03-31 16:06:00.019 DEBUG 29781 --- [    Test worker] o.s.b.f.s.DefaultListableBeanFactory     : Autowiring by type from bean name 'pathMappedEndpoints' via factory method to bean named 'webEndpointDiscoverer'
?[0m?[0;34m2023-03-31 16:06:00.019 DEBUG 29781 --- [    Test worker] o.s.b.f.s.DefaultListableBeanFactory     : Autowiring by type from bean name 'pathMappedEndpoints' via factory method to bean named 'controllerEndpointDiscoverer'
?[0m?[0;34m2023-03-31 16:06:00.019 DEBUG 29781 --- [    Test worker] o.s.b.f.s.DefaultListableBeanFactory     : Creating shared instance of singleton bean 'org.springframework.boot.actuate.autoconfigure.logging.LogFileWebEndpointAutoConfiguration'
?[0m?[0;34m2023-03-31 16:06:00.019 DEBUG 29781 --- [    Test worker] o.s.b.f.s.DefaultListableBeanFactory     : Creating shared instance of singleton bean 'management.endpoint.logfile-org.springframework.boot.actuate.autoconfigure.logging.LogFileWebEndpointProperties'
?[0m?[0;34m2023-03-31 16:06:00.019 DEBUG 29781 --- [    Test worker] o.s.b.f.s.DefaultListableBeanFactory     : Creating shared instance of singleton bean 'org.springframework.boot.actuate.autoconfigure.metrics.CompositeMeterRegistryAutoConfiguration'
?[0m?[0;34m2023-03-31 16:06:00.019 DEBUG 29781 --- [    Test worker] o.s.b.f.s.DefaultListableBeanFactory     : Creating shared instance of singleton bean 'org.springframework.boot.actuate.autoconfigure.metrics.integration.IntegrationMetricsAutoConfiguration'
?[0m?[0;34m2023-03-31 16:06:00.019 DEBUG 29781 --- [    Test worker] o.s.b.f.s.DefaultListableBeanFactory     : Creating shared instance of singleton bean 'org.springframework.boot.actuate.autoconfigure.metrics.jdbc.DataSourcePoolMetricsAutoConfiguration$HikariDataSourceMetricsConfiguration'
?[0m?[0;34m2023-03-31 16:06:00.020 DEBUG 29781 --- [    Test worker] o.s.b.f.s.DefaultListableBeanFactory     : Autowiring by type from bean name 'org.springframework.boot.actuate.autoconfigure.metrics.jdbc.DataSourcePoolMetricsAutoConfiguration$HikariDataSourceMetricsConfiguration' via constructor to bean named 'simpleMeterRegistry'
?[0m?[0;34m2023-03-31 16:06:00.021 DEBUG 29781 --- [    Test worker] o.s.b.f.s.DefaultListableBeanFactory     : Creating shared instance of singleton bean 'org.springframework.boot.actuate.autoconfigure.metrics.jdbc.DataSourcePoolMetricsAutoConfiguration$DataSourcePoolMetadataMetricsConfiguration'
?[0m?[0;34m2023-03-31 16:06:00.022 DEBUG 29781 --- [    Test worker] o.s.b.f.s.DefaultListableBeanFactory     : Creating shared instance of singleton bean 'org.springframework.boot.actuate.autoconfigure.metrics.jdbc.DataSourcePoolMetricsAutoConfiguration'
?[0m?[0;34m2023-03-31 16:06:00.022 DEBUG 29781 --- [    Test worker] o.s.b.f.s.DefaultListableBeanFactory     : Creating shared instance of singleton bean 'org.springframework.boot.autoconfigure.gson.GsonAutoConfiguration'
?[0m?[0;34m2023-03-31 16:06:00.022 DEBUG 29781 --- [    Test worker] o.s.b.f.s.DefaultListableBeanFactory     : Creating shared instance of singleton bean 'gsonBuilder'
?[0m?[0;34m2023-03-31 16:06:00.022 DEBUG 29781 --- [    Test worker] o.s.b.f.s.DefaultListableBeanFactory     : Creating shared instance of singleton bean 'standardGsonBuilderCustomizer'
?[0m?[0;34m2023-03-31 16:06:00.022 DEBUG 29781 --- [    Test worker] o.s.b.f.s.DefaultListableBeanFactory     : Creating shared instance of singleton bean 'spring.gson-org.springframework.boot.autoconfigure.gson.GsonProperties'
?[0m?[0;34m2023-03-31 16:06:00.023 DEBUG 29781 --- [    Test worker] o.s.b.f.s.DefaultListableBeanFactory     : Autowiring by type from bean name 'standardGsonBuilderCustomizer' via factory method to bean named 'spring.gson-org.springframework.boot.autoconfigure.gson.GsonProperties'
?[0m?[0;34m2023-03-31 16:06:00.023 DEBUG 29781 --- [    Test worker] o.s.b.f.s.DefaultListableBeanFactory     : Autowiring by type from bean name 'gsonBuilder' via factory method to bean named 'standardGsonBuilderCustomizer'
?[0m?[0;34m2023-03-31 16:06:00.024 DEBUG 29781 --- [    Test worker] o.s.b.f.s.DefaultListableBeanFactory     : Creating shared instance of singleton bean 'gson'
?[0m?[0;34m2023-03-31 16:06:00.024 DEBUG 29781 --- [    Test worker] o.s.b.f.s.DefaultListableBeanFactory     : Autowiring by type from bean name 'gson' via factory method to bean named 'gsonBuilder'
?[0m?[0;34m2023-03-31 16:06:00.024 DEBUG 29781 --- [    Test worker] o.s.b.f.s.DefaultListableBeanFactory     : Creating shared instance of singleton bean 'org.springframework.boot.autoconfigure.http.JacksonHttpMessageConvertersConfiguration'
?[0m?[0;34m2023-03-31 16:06:00.024 DEBUG 29781 --- [    Test worker] o.s.b.f.s.DefaultListableBeanFactory     : Creating shared instance of singleton bean 'org.springframework.boot.autoconfigure.http.GsonHttpMessageConvertersConfiguration'
?[0m?[0;34m2023-03-31 16:06:00.024 DEBUG 29781 --- [    Test worker] o.s.b.f.s.DefaultListableBeanFactory     : Creating shared instance of singleton bean 'org.springframework.boot.autoconfigure.web.client.RestTemplateAutoConfiguration'
?[0m?[0;34m2023-03-31 16:06:00.024 DEBUG 29781 --- [    Test worker] o.s.b.f.s.DefaultListableBeanFactory     : Creating shared instance of singleton bean 'org.springframework.boot.actuate.autoconfigure.metrics.web.client.RestTemplateMetricsConfiguration'
?[0m?[0;34m2023-03-31 16:06:00.024 DEBUG 29781 --- [    Test worker] o.s.b.f.s.DefaultListableBeanFactory     : Creating shared instance of singleton bean 'restTemplateExchangeTagsProvider'
?[0m?[0;34m2023-03-31 16:06:00.024 DEBUG 29781 --- [    Test worker] o.s.b.f.s.DefaultListableBeanFactory     : Creating shared instance of singleton bean 'metricsRestTemplateCustomizer'
?[0m?[0;34m2023-03-31 16:06:00.025 DEBUG 29781 --- [    Test worker] o.s.b.f.s.DefaultListableBeanFactory     : Autowiring by type from bean name 'metricsRestTemplateCustomizer' via factory method to bean named 'simpleMeterRegistry'
?[0m?[0;34m2023-03-31 16:06:00.025 DEBUG 29781 --- [    Test worker] o.s.b.f.s.DefaultListableBeanFactory     : Autowiring by type from bean name 'metricsRestTemplateCustomizer' via factory method to bean named 'restTemplateExchangeTagsProvider'
?[0m?[0;34m2023-03-31 16:06:00.025 DEBUG 29781 --- [    Test worker] o.s.b.f.s.DefaultListableBeanFactory     : Autowiring by type from bean name 'metricsRestTemplateCustomizer' via factory method to bean named 'management.metrics-org.springframework.boot.actuate.autoconfigure.metrics.MetricsProperties'
?[0m?[0;34m2023-03-31 16:06:00.025 DEBUG 29781 --- [    Test worker] o.s.b.f.s.DefaultListableBeanFactory     : Creating shared instance of singleton bean 'org.springframework.boot.actuate.autoconfigure.metrics.web.tomcat.TomcatMetricsAutoConfiguration'
?[0m?[0;34m2023-03-31 16:06:00.025 DEBUG 29781 --- [    Test worker] o.s.b.f.s.DefaultListableBeanFactory     : Creating shared instance of singleton bean 'tomcatMetricsBinder'
?[0m?[0;34m2023-03-31 16:06:00.025 DEBUG 29781 --- [    Test worker] o.s.b.f.s.DefaultListableBeanFactory     : Autowiring by type from bean name 'tomcatMetricsBinder' via factory method to bean named 'simpleMeterRegistry'
?[0m?[0;34m2023-03-31 16:06:00.025 DEBUG 29781 --- [    Test worker] o.s.b.f.s.DefaultListableBeanFactory     : Creating shared instance of singleton bean 'org.springframework.boot.actuate.autoconfigure.trace.http.HttpTraceEndpointAutoConfiguration'
?[0m?[0;34m2023-03-31 16:06:00.025 DEBUG 29781 --- [    Test worker] o.s.b.f.s.DefaultListableBeanFactory     : Creating shared instance of singleton bean 'org.springframework.boot.autoconfigure.aop.AopAutoConfiguration$AspectJAutoProxyingConfiguration$CglibAutoProxyConfiguration'
?[0m?[0;34m2023-03-31 16:06:00.025 DEBUG 29781 --- [    Test worker] o.s.b.f.s.DefaultListableBeanFactory     : Creating shared instance of singleton bean 'org.springframework.boot.autoconfigure.aop.AopAutoConfiguration$AspectJAutoProxyingConfiguration'
?[0m?[0;34m2023-03-31 16:06:00.025 DEBUG 29781 --- [    Test worker] o.s.b.f.s.DefaultListableBeanFactory     : Creating shared instance of singleton bean 'org.springframework.boot.autoconfigure.aop.AopAutoConfiguration'
?[0m?[0;34m2023-03-31 16:06:00.025 DEBUG 29781 --- [    Test worker] o.s.b.f.s.DefaultListableBeanFactory     : Creating shared instance of singleton bean 'org.springframework.boot.autoconfigure.context.ConfigurationPropertiesAutoConfiguration'
?[0m?[0;34m2023-03-31 16:06:00.026 DEBUG 29781 --- [    Test worker] o.s.b.f.s.DefaultListableBeanFactory     : Creating shared instance of singleton bean 'org.springframework.boot.autoconfigure.context.LifecycleAutoConfiguration'
?[0m?[0;34m2023-03-31 16:06:00.026 DEBUG 29781 --- [    Test worker] o.s.b.f.s.DefaultListableBeanFactory     : Creating shared instance of singleton bean 'lifecycleProcessor'
?[0m?[0;34m2023-03-31 16:06:00.026 DEBUG 29781 --- [    Test worker] o.s.b.f.s.DefaultListableBeanFactory     : Creating shared instance of singleton bean 'spring.lifecycle-org.springframework.boot.autoconfigure.context.LifecycleProperties'
?[0m?[0;34m2023-03-31 16:06:00.026 DEBUG 29781 --- [    Test worker] o.s.b.f.s.DefaultListableBeanFactory     : Autowiring by type from bean name 'lifecycleProcessor' via factory method to bean named 'spring.lifecycle-org.springframework.boot.autoconfigure.context.LifecycleProperties'
?[0m?[0;34m2023-03-31 16:06:00.026 DEBUG 29781 --- [    Test worker] o.s.b.f.s.DefaultListableBeanFactory     : Creating shared instance of singleton bean 'org.springframework.boot.autoconfigure.dao.PersistenceExceptionTranslationAutoConfiguration'
?[0m?[0;34m2023-03-31 16:06:00.026 DEBUG 29781 --- [    Test worker] o.s.b.f.s.DefaultListableBeanFactory     : Creating shared instance of singleton bean 'org.springframework.boot.autoconfigure.data.jpa.JpaRepositoriesAutoConfiguration'
?[0m?[0;34m2023-03-31 16:06:00.027 DEBUG 29781 --- [    Test worker] o.s.b.f.s.DefaultListableBeanFactory     : Creating shared instance of singleton bean 'org.springframework.data.jpa.util.JpaMetamodelCacheCleanup'
?[0m?[0;34m2023-03-31 16:06:00.027 DEBUG 29781 --- [    Test worker] o.s.b.f.s.DefaultListableBeanFactory     : Creating shared instance of singleton bean 'org.springframework.data.jpa.repository.support.JpaEvaluationContextExtension'
?[0m?[0;34m2023-03-31 16:06:00.027 DEBUG 29781 --- [    Test worker] o.s.b.f.s.DefaultListableBeanFactory     : Creating shared instance of singleton bean 'org.springframework.data.web.config.ProjectingArgumentResolverRegistrar'
?[0m?[0;34m2023-03-31 16:06:00.027 DEBUG 29781 --- [    Test worker] o.s.b.f.s.DefaultListableBeanFactory     : Creating shared instance of singleton bean 'org.springframework.boot.autoconfigure.jdbc.JdbcTemplateConfiguration'
?[0m?[0;34m2023-03-31 16:06:00.027 DEBUG 29781 --- [    Test worker] o.s.b.f.s.DefaultListableBeanFactory     : Creating shared instance of singleton bean 'jdbcTemplate'
?[0m?[0;34m2023-03-31 16:06:00.027 DEBUG 29781 --- [    Test worker] o.s.b.f.s.DefaultListableBeanFactory     : Creating shared instance of singleton bean 'spring.jdbc-org.springframework.boot.autoconfigure.jdbc.JdbcProperties'
?[0m?[0;34m2023-03-31 16:06:00.027 DEBUG 29781 --- [    Test worker] o.s.b.f.s.DefaultListableBeanFactory     : Autowiring by type from bean name 'jdbcTemplate' via factory method to bean named 'dataSource'
?[0m?[0;34m2023-03-31 16:06:00.027 DEBUG 29781 --- [    Test worker] o.s.b.f.s.DefaultListableBeanFactory     : Autowiring by type from bean name 'jdbcTemplate' via factory method to bean named 'spring.jdbc-org.springframework.boot.autoconfigure.jdbc.JdbcProperties'
?[0m?[0;34m2023-03-31 16:06:00.030 DEBUG 29781 --- [    Test worker] o.s.b.f.s.DefaultListableBeanFactory     : Creating shared instance of singleton bean 'org.springframework.boot.autoconfigure.jdbc.NamedParameterJdbcTemplateConfiguration'
?[0m?[0;34m2023-03-31 16:06:00.030 DEBUG 29781 --- [    Test worker] o.s.b.f.s.DefaultListableBeanFactory     : Creating shared instance of singleton bean 'namedParameterJdbcTemplate'
?[0m?[0;34m2023-03-31 16:06:00.031 DEBUG 29781 --- [    Test worker] o.s.b.f.s.DefaultListableBeanFactory     : Autowiring by type from bean name 'namedParameterJdbcTemplate' via factory method to bean named 'jdbcTemplate'
?[0m?[0;34m2023-03-31 16:06:00.031 DEBUG 29781 --- [    Test worker] o.s.b.f.s.DefaultListableBeanFactory     : Creating shared instance of singleton bean 'org.springframework.boot.autoconfigure.jdbc.JdbcTemplateAutoConfiguration'
?[0m?[0;34m2023-03-31 16:06:00.031 DEBUG 29781 --- [    Test worker] o.s.b.f.s.DefaultListableBeanFactory     : Creating shared instance of singleton bean 'org.springframework.boot.autoconfigure.sql.init.SqlInitializationAutoConfiguration'
?[0m?[0;34m2023-03-31 16:06:00.031 DEBUG 29781 --- [    Test worker] o.s.b.f.s.DefaultListableBeanFactory     : Creating shared instance of singleton bean 'org.springframework.boot.autoconfigure.task.TaskSchedulingAutoConfiguration'
?[0m?[0;34m2023-03-31 16:06:00.032 DEBUG 29781 --- [    Test worker] o.s.b.f.s.DefaultListableBeanFactory     : Creating shared instance of singleton bean 'scheduledBeanLazyInitializationExcludeFilter'
?[0m?[0;34m2023-03-31 16:06:00.032 DEBUG 29781 --- [    Test worker] o.s.b.f.s.DefaultListableBeanFactory     : Creating shared instance of singleton bean 'taskSchedulerBuilder'
?[0m?[0;34m2023-03-31 16:06:00.032 DEBUG 29781 --- [    Test worker] o.s.b.f.s.DefaultListableBeanFactory     : Creating shared instance of singleton bean 'spring.task.scheduling-org.springframework.boot.autoconfigure.task.TaskSchedulingProperties'
?[0m?[0;34m2023-03-31 16:06:00.032 DEBUG 29781 --- [    Test worker] o.s.b.f.s.DefaultListableBeanFactory     : Autowiring by type from bean name 'taskSchedulerBuilder' via factory method to bean named 'spring.task.scheduling-org.springframework.boot.autoconfigure.task.TaskSchedulingProperties'
?[0m?[0;34m2023-03-31 16:06:00.033 DEBUG 29781 --- [    Test worker] o.s.b.f.s.DefaultListableBeanFactory     : Creating shared instance of singleton bean 'org.springframework.boot.autoconfigure.jdbc.DataSourceTransactionManagerAutoConfiguration$JdbcTransactionManagerConfiguration'
?[0m?[0;34m2023-03-31 16:06:00.033 DEBUG 29781 --- [    Test worker] o.s.b.f.s.DefaultListableBeanFactory     : Creating shared instance of singleton bean 'org.springframework.boot.autoconfigure.jdbc.DataSourceTransactionManagerAutoConfiguration'
?[0m?[0;34m2023-03-31 16:06:00.033 DEBUG 29781 --- [    Test worker] o.s.b.f.s.DefaultListableBeanFactory     : Creating shared instance of singleton bean 'org.springframework.boot.autoconfigure.transaction.TransactionAutoConfiguration$EnableTransactionManagementConfiguration$CglibAutoProxyConfiguration'
?[0m?[0;34m2023-03-31 16:06:00.033 DEBUG 29781 --- [    Test worker] o.s.b.f.s.DefaultListableBeanFactory     : Creating shared instance of singleton bean 'org.springframework.boot.autoconfigure.transaction.TransactionAutoConfiguration$EnableTransactionManagementConfiguration'
?[0m?[0;34m2023-03-31 16:06:00.033 DEBUG 29781 --- [    Test worker] o.s.b.f.s.DefaultListableBeanFactory     : Creating shared instance of singleton bean 'org.springframework.boot.autoconfigure.transaction.TransactionAutoConfiguration$TransactionTemplateConfiguration'
?[0m?[0;34m2023-03-31 16:06:00.033 DEBUG 29781 --- [    Test worker] o.s.b.f.s.DefaultListableBeanFactory     : Creating shared instance of singleton bean 'transactionTemplate'
?[0m?[0;34m2023-03-31 16:06:00.033 DEBUG 29781 --- [    Test worker] o.s.b.f.s.DefaultListableBeanFactory     : Autowiring by type from bean name 'transactionTemplate' via factory method to bean named 'transactionManager'
?[0m?[0;34m2023-03-31 16:06:00.034 DEBUG 29781 --- [    Test worker] o.s.b.f.s.DefaultListableBeanFactory     : Creating shared instance of singleton bean 'org.springframework.boot.autoconfigure.web.embedded.EmbeddedWebServerFactoryCustomizerAutoConfiguration'
?[0m?[0;34m2023-03-31 16:06:00.034 DEBUG 29781 --- [    Test worker] o.s.b.f.s.DefaultListableBeanFactory     : Creating shared instance of singleton bean 'multipartResolver'
?[0m?[0;34m2023-03-31 16:06:00.034 DEBUG 29781 --- [    Test worker] o.s.b.f.s.DefaultListableBeanFactory     : Creating shared instance of singleton bean 'org.springframework.boot.actuate.autoconfigure.security.servlet.SecurityRequestMatchersManagementContextConfiguration$MvcRequestMatcherConfiguration'
?[0m?[0;34m2023-03-31 16:06:00.035 DEBUG 29781 --- [    Test worker] o.s.b.f.s.DefaultListableBeanFactory     : Creating shared instance of singleton bean 'requestMatcherProvider'
?[0m?[0;34m2023-03-31 16:06:00.035 DEBUG 29781 --- [    Test worker] o.s.b.f.s.DefaultListableBeanFactory     : Autowiring by type from bean name 'requestMatcherProvider' via factory method to bean named 'dispatcherServletRegistration'
?[0m?[0;34m2023-03-31 16:06:00.035 DEBUG 29781 --- [    Test worker] o.s.b.f.s.DefaultListableBeanFactory     : Creating shared instance of singleton bean 'org.springframework.boot.actuate.autoconfigure.security.servlet.SecurityRequestMatchersManagementContextConfiguration'
?[0m?[0;34m2023-03-31 16:06:00.035 DEBUG 29781 --- [    Test worker] o.s.b.f.s.DefaultListableBeanFactory     : Creating shared instance of singleton bean 'org.springframework.boot.actuate.autoconfigure.web.server.ManagementContextAutoConfiguration$SameManagementContextConfiguration$EnableSameManagementContextConfiguration'
?[0m?[0;34m2023-03-31 16:06:00.035 DEBUG 29781 --- [    Test worker] o.s.b.f.s.DefaultListableBeanFactory     : Creating shared instance of singleton bean 'org.springframework.boot.actuate.autoconfigure.web.server.ManagementContextAutoConfiguration$SameManagementContextConfiguration'
?[0m?[0;34m2023-03-31 16:06:00.035 DEBUG 29781 --- [    Test worker] o.s.b.f.s.DefaultListableBeanFactory     : Autowiring by type from bean name 'org.springframework.boot.actuate.autoconfigure.web.server.ManagementContextAutoConfiguration$SameManagementContextConfiguration' via constructor to bean named 'environment'
?[0m?[0;34m2023-03-31 16:06:00.035 DEBUG 29781 --- [    Test worker] o.s.b.f.s.DefaultListableBeanFactory     : Creating shared instance of singleton bean 'org.springframework.boot.actuate.autoconfigure.web.server.ManagementContextAutoConfiguration'
?[0m?[0;34m2023-03-31 16:06:00.035 DEBUG 29781 --- [    Test worker] o.s.b.f.s.DefaultListableBeanFactory     : Creating shared instance of singleton bean 'management.server-org.springframework.boot.actuate.autoconfigure.web.server.ManagementServerProperties'
?[0m?[0;34m2023-03-31 16:06:00.039 DEBUG 29781 --- [    Test worker] o.s.c.support.DefaultLifecycleProcessor  : Starting beans in phase 2147483646
?[0m?[0;34m2023-03-31 16:06:00.040  INFO 29781 --- [    Test worker] o.s.b.w.embedded.tomcat.TomcatWebServer  : Tomcat started on port(s): 8080 (http) with context path ''
?[0m?[0;34m2023-03-31 16:06:00.040 DEBUG 29781 --- [    Test worker] o.s.c.support.DefaultLifecycleProcessor  : Successfully started bean 'webServerStartStop'
?[0m?[0;34m2023-03-31 16:06:00.040 DEBUG 29781 --- [    Test worker] o.s.c.support.DefaultLifecycleProcessor  : Starting beans in phase 2147483647
?[0m?[0;34m2023-03-31 16:06:00.040 DEBUG 29781 --- [    Test worker] o.s.c.support.DefaultLifecycleProcessor  : Successfully started bean 'webServerGracefulShutdown'
?[0m?[0;34m2023-03-31 16:06:00.045 DEBUG 29781 --- [    Test worker] ConditionEvaluationReportLoggingListener : 
?[0m?[0;34m
?[0m?[0;34m
?[0m?[0;34m============================
?[0m?[0;34mCONDITIONS EVALUATION REPORT
?[0m?[0;34m============================
?[0m?[0;34m
?[0m?[0;34m
?[0m?[0;34mPositive matches:
?[0m?[0;34m-----------------
?[0m?[0;34m
?[0m?[0;34m   AopAutoConfiguration matched:
?[0m?[0;34m      - @ConditionalOnProperty (spring.aop.auto=true) matched (OnPropertyCondition)
?[0m?[0;34m
?[0m?[0;34m   AopAutoConfiguration.AspectJAutoProxyingConfiguration matched:
?[0m?[0;34m      - @ConditionalOnClass found required class 'org.aspectj.weaver.Advice' (OnClassCondition)
?[0m?[0;34m
?[0m?[0;34m   AopAutoConfiguration.AspectJAutoProxyingConfiguration.CglibAutoProxyConfiguration matched:
?[0m?[0;34m      - @ConditionalOnProperty (spring.aop.proxy-target-class=true) matched (OnPropertyCondition)
?[0m?[0;34m
?[0m?[0;34m   AuditEventsEndpointAutoConfiguration matched:
?[0m?[0;34m      - @ConditionalOnAvailableEndpoint no property management.endpoint.auditevents.enabled found so using endpoint default; @ConditionalOnAvailableEndpoint marked as exposed by a 'management.endpoints.web.exposure' property (OnAvailableEndpointCondition)
?[0m?[0;34m
?[0m?[0;34m   BeansEndpointAutoConfiguration matched:
?[0m?[0;34m      - @ConditionalOnAvailableEndpoint no property management.endpoint.beans.enabled found so using endpoint default; @ConditionalOnAvailableEndpoint marked as exposed by a 'management.endpoints.web.exposure' property (OnAvailableEndpointCondition)
?[0m?[0;34m
?[0m?[0;34m   BeansEndpointAutoConfiguration#beansEndpoint matched:
?[0m?[0;34m      - @ConditionalOnMissingBean (types: org.springframework.boot.actuate.beans.BeansEndpoint; SearchStrategy: all) did not find any beans (OnBeanCondition)
?[0m?[0;34m
?[0m?[0;34m   CacheMeterBinderProvidersConfiguration matched:
?[0m?[0;34m      - @ConditionalOnClass found required class 'io.micrometer.core.instrument.binder.MeterBinder' (OnClassCondition)
?[0m?[0;34m
?[0m?[0;34m   CachesEndpointAutoConfiguration matched:
?[0m?[0;34m      - @ConditionalOnClass found required class 'org.springframework.cache.CacheManager' (OnClassCondition)
?[0m?[0;34m      - @ConditionalOnAvailableEndpoint no property management.endpoint.caches.enabled found so using endpoint default; @ConditionalOnAvailableEndpoint marked as exposed by a 'management.endpoints.web.exposure' property (OnAvailableEndpointCondition)
?[0m?[0;34m
?[0m?[0;34m   CachesEndpointAutoConfiguration#cachesEndpoint matched:
?[0m?[0;34m      - @ConditionalOnMissingBean (types: org.springframework.boot.actuate.cache.CachesEndpoint; SearchStrategy: all) did not find any beans (OnBeanCondition)
?[0m?[0;34m
?[0m?[0;34m   CachesEndpointAutoConfiguration#cachesEndpointWebExtension matched:
?[0m?[0;34m      - @ConditionalOnBean (types: org.springframework.boot.actuate.cache.CachesEndpoint; SearchStrategy: all) found bean 'cachesEndpoint'; @ConditionalOnMissingBean (types: org.springframework.boot.actuate.cache.CachesEndpointWebExtension; SearchStrategy: all) did not find any beans (OnBeanCondition)
?[0m?[0;34m
?[0m?[0;34m   CompositeMeterRegistryAutoConfiguration matched:
?[0m?[0;34m      - @ConditionalOnClass found required class 'io.micrometer.core.instrument.composite.CompositeMeterRegistry' (OnClassCondition)
?[0m?[0;34m
?[0m?[0;34m   ConditionsReportEndpointAutoConfiguration matched:
?[0m?[0;34m      - @ConditionalOnAvailableEndpoint no property management.endpoint.conditions.enabled found so using endpoint default; @ConditionalOnAvailableEndpoint marked as exposed by a 'management.endpoints.web.exposure' property (OnAvailableEndpointCondition)
?[0m?[0;34m
?[0m?[0;34m   ConditionsReportEndpointAutoConfiguration#conditionsReportEndpoint matched:
?[0m?[0;34m      - @ConditionalOnMissingBean (types: org.springframework.boot.actuate.autoconfigure.condition.ConditionsReportEndpoint; SearchStrategy: current) did not find any beans (OnBeanCondition)
?[0m?[0;34m
?[0m?[0;34m   ConfigurationPropertiesReportEndpointAutoConfiguration matched:
?[0m?[0;34m      - @ConditionalOnAvailableEndpoint no property management.endpoint.configprops.enabled found so using endpoint default; @ConditionalOnAvailableEndpoint marked as exposed by a 'management.endpoints.web.exposure' property (OnAvailableEndpointCondition)
?[0m?[0;34m
?[0m?[0;34m   ConfigurationPropertiesReportEndpointAutoConfiguration#configurationPropertiesReportEndpoint matched:
?[0m?[0;34m      - @ConditionalOnMissingBean (types: org.springframework.boot.actuate.context.properties.ConfigurationPropertiesReportEndpoint; SearchStrategy: all) did not find any beans (OnBeanCondition)
?[0m?[0;34m
?[0m?[0;34m   ConfigurationPropertiesReportEndpointAutoConfiguration#configurationPropertiesReportEndpointWebExtension matched:
?[0m?[0;34m      - @ConditionalOnBean (types: org.springframework.boot.actuate.context.properties.ConfigurationPropertiesReportEndpoint; SearchStrategy: all) found bean 'configurationPropertiesReportEndpoint'; @ConditionalOnMissingBean (types: org.springframework.boot.actuate.context.properties.ConfigurationPropertiesReportEndpointWebExtension; SearchStrategy: all) did not find any beans (OnBeanCondition)
?[0m?[0;34m
?[0m?[0;34m   DataSourceAutoConfiguration matched:
?[0m?[0;34m      - @ConditionalOnClass found required classes 'javax.sql.DataSource', 'org.springframework.jdbc.datasource.embedded.EmbeddedDatabaseType' (OnClassCondition)
?[0m?[0;34m      - @ConditionalOnMissingBean (types: io.r2dbc.spi.ConnectionFactory; SearchStrategy: all) did not find any beans (OnBeanCondition)
?[0m?[0;34m
?[0m?[0;34m   DataSourceAutoConfiguration.PooledDataSourceConfiguration matched:
?[0m?[0;34m      - AnyNestedCondition 1 matched 1 did not; NestedCondition on DataSourceAutoConfiguration.PooledDataSourceCondition.PooledDataSourceAvailable PooledDataSource found supported DataSource; NestedCondition on DataSourceAutoConfiguration.PooledDataSourceCondition.ExplicitType @ConditionalOnProperty (spring.datasource.type) did not find property 'type' (DataSourceAutoConfiguration.PooledDataSourceCondition)
?[0m?[0;34m      - @ConditionalOnMissingBean (types: javax.sql.DataSource,javax.sql.XADataSource; SearchStrategy: all) did not find any beans (OnBeanCondition)
?[0m?[0;34m
?[0m?[0;34m   DataSourceConfiguration.Hikari matched:
?[0m?[0;34m      - @ConditionalOnClass found required class 'com.zaxxer.hikari.HikariDataSource' (OnClassCondition)
?[0m?[0;34m      - @ConditionalOnProperty (spring.datasource.type=com.zaxxer.hikari.HikariDataSource) matched (OnPropertyCondition)
?[0m?[0;34m      - @ConditionalOnMissingBean (types: javax.sql.DataSource; SearchStrategy: all) did not find any beans (OnBeanCondition)
?[0m?[0;34m
?[0m?[0;34m   DataSourceHealthContributorAutoConfiguration matched:
?[0m?[0;34m      - @ConditionalOnClass found required classes 'org.springframework.jdbc.core.JdbcTemplate', 'org.springframework.jdbc.datasource.lookup.AbstractRoutingDataSource' (OnClassCondition)
?[0m?[0;34m      - @ConditionalOnEnabledHealthIndicator management.health.defaults.enabled is considered true (OnEnabledHealthIndicatorCondition)
?[0m?[0;34m      - @ConditionalOnBean (types: javax.sql.DataSource; SearchStrategy: all) found bean 'dataSource' (OnBeanCondition)
?[0m?[0;34m
?[0m?[0;34m   DataSourceHealthContributorAutoConfiguration#dbHealthContributor matched:
?[0m?[0;34m      - @ConditionalOnMissingBean (names: dbHealthIndicator,dbHealthContributor; SearchStrategy: all) did not find any beans (OnBeanCondition)
?[0m?[0;34m
?[0m?[0;34m   DataSourceInitializationConfiguration matched:
?[0m?[0;34m      - @ConditionalOnClass found required class 'org.springframework.jdbc.datasource.init.DatabasePopulator' (OnClassCondition)
?[0m?[0;34m      - @ConditionalOnSingleCandidate (types: javax.sql.DataSource; SearchStrategy: all) found a primary bean from beans 'dataSource'; @ConditionalOnMissingBean (types: org.springframework.boot.sql.init.AbstractScriptDatabaseInitializer; SearchStrategy: all) did not find any beans (OnBeanCondition)
?[0m?[0;34m
?[0m?[0;34m   DataSourceJmxConfiguration matched:
?[0m?[0;34m      - @ConditionalOnProperty (spring.jmx.enabled=true) matched (OnPropertyCondition)
?[0m?[0;34m
?[0m?[0;34m   DataSourceJmxConfiguration.Hikari matched:
?[0m?[0;34m      - @ConditionalOnClass found required class 'com.zaxxer.hikari.HikariDataSource' (OnClassCondition)
?[0m?[0;34m      - @ConditionalOnSingleCandidate (types: javax.sql.DataSource; SearchStrategy: all) found a primary bean from beans 'dataSource' (OnBeanCondition)
?[0m?[0;34m
?[0m?[0;34m   DataSourcePoolMetadataProvidersConfiguration.HikariPoolDataSourceMetadataProviderConfiguration matched:
?[0m?[0;34m      - @ConditionalOnClass found required class 'com.zaxxer.hikari.HikariDataSource' (OnClassCondition)
?[0m?[0;34m
?[0m?[0;34m   DataSourcePoolMetricsAutoConfiguration matched:
?[0m?[0;34m      - @ConditionalOnClass found required classes 'javax.sql.DataSource', 'io.micrometer.core.instrument.MeterRegistry' (OnClassCondition)
?[0m?[0;34m      - @ConditionalOnBean (types: javax.sql.DataSource,io.micrometer.core.instrument.MeterRegistry; SearchStrategy: all) found beans 'simpleMeterRegistry', 'dataSource' (OnBeanCondition)
?[0m?[0;34m
?[0m?[0;34m   DataSourcePoolMetricsAutoConfiguration.DataSourcePoolMetadataMetricsConfiguration matched:
?[0m?[0;34m      - @ConditionalOnBean (types: org.springframework.boot.jdbc.metadata.DataSourcePoolMetadataProvider; SearchStrategy: all) found bean 'hikariPoolDataSourceMetadataProvider' (OnBeanCondition)
?[0m?[0;34m
?[0m?[0;34m   DataSourcePoolMetricsAutoConfiguration.HikariDataSourceMetricsConfiguration matched:
?[0m?[0;34m      - @ConditionalOnClass found required class 'com.zaxxer.hikari.HikariDataSource' (OnClassCondition)
?[0m?[0;34m
?[0m?[0;34m   DataSourceTransactionManagerAutoConfiguration matched:
?[0m?[0;34m      - @ConditionalOnClass found required classes 'org.springframework.jdbc.core.JdbcTemplate', 'org.springframework.transaction.TransactionManager' (OnClassCondition)
?[0m?[0;34m
?[0m?[0;34m   DataSourceTransactionManagerAutoConfiguration.JdbcTransactionManagerConfiguration matched:
?[0m?[0;34m      - @ConditionalOnSingleCandidate (types: javax.sql.DataSource; SearchStrategy: all) found a primary bean from beans 'dataSource' (OnBeanCondition)
?[0m?[0;34m
?[0m?[0;34m   DiskSpaceHealthContributorAutoConfiguration matched:
?[0m?[0;34m      - @ConditionalOnEnabledHealthIndicator management.health.defaults.enabled is considered true (OnEnabledHealthIndicatorCondition)
?[0m?[0;34m
?[0m?[0;34m   DiskSpaceHealthContributorAutoConfiguration#diskSpaceHealthIndicator matched:
?[0m?[0;34m      - @ConditionalOnMissingBean (names: diskSpaceHealthIndicator; SearchStrategy: all) did not find any beans (OnBeanCondition)
?[0m?[0;34m
?[0m?[0;34m   DispatcherServletAutoConfiguration matched:
?[0m?[0;34m      - @ConditionalOnClass found required class 'org.springframework.web.servlet.DispatcherServlet' (OnClassCondition)
?[0m?[0;34m      - found 'session' scope (OnWebApplicationCondition)
?[0m?[0;34m
?[0m?[0;34m   DispatcherServletAutoConfiguration.DispatcherServletConfiguration matched:
?[0m?[0;34m      - @ConditionalOnClass found required class 'javax.servlet.ServletRegistration' (OnClassCondition)
?[0m?[0;34m      - Default DispatcherServlet did not find dispatcher servlet beans (DispatcherServletAutoConfiguration.DefaultDispatcherServletCondition)
?[0m?[0;34m
?[0m?[0;34m   DispatcherServletAutoConfiguration.DispatcherServletRegistrationConfiguration matched:
?[0m?[0;34m      - @ConditionalOnClass found required class 'javax.servlet.ServletRegistration' (OnClassCondition)
?[0m?[0;34m      - DispatcherServlet Registration did not find servlet registration bean (DispatcherServletAutoConfiguration.DispatcherServletRegistrationCondition)
?[0m?[0;34m
?[0m?[0;34m   DispatcherServletAutoConfiguration.DispatcherServletRegistrationConfiguration#dispatcherServletRegistration matched:
?[0m?[0;34m      - @ConditionalOnBean (names: dispatcherServlet types: org.springframework.web.servlet.DispatcherServlet; SearchStrategy: all) found bean 'dispatcherServlet' (OnBeanCondition)
?[0m?[0;34m
?[0m?[0;34m   EmbeddedWebServerFactoryCustomizerAutoConfiguration matched:
?[0m?[0;34m      - @ConditionalOnWebApplication (required) found 'session' scope (OnWebApplicationCondition)
?[0m?[0;34m
?[0m?[0;34m   EmbeddedWebServerFactoryCustomizerAutoConfiguration.TomcatWebServerFactoryCustomizerConfiguration matched:
?[0m?[0;34m      - @ConditionalOnClass found required classes 'org.apache.catalina.startup.Tomcat', 'org.apache.coyote.UpgradeProtocol' (OnClassCondition)
?[0m?[0;34m
?[0m?[0;34m   EndpointAutoConfiguration#endpointCachingOperationInvokerAdvisor matched:
?[0m?[0;34m      - @ConditionalOnMissingBean (types: org.springframework.boot.actuate.endpoint.invoker.cache.CachingOperationInvokerAdvisor; SearchStrategy: all) did not find any beans (OnBeanCondition)
?[0m?[0;34m
?[0m?[0;34m   EndpointAutoConfiguration#endpointOperationParameterMapper matched:
?[0m?[0;34m      - @ConditionalOnMissingBean (types: org.springframework.boot.actuate.endpoint.invoke.ParameterValueMapper; SearchStrategy: all) did not find any beans (OnBeanCondition)
?[0m?[0;34m
?[0m?[0;34m   EnvironmentEndpointAutoConfiguration matched:
?[0m?[0;34m      - @ConditionalOnAvailableEndpoint no property management.endpoint.env.enabled found so using endpoint default; @ConditionalOnAvailableEndpoint marked as exposed by a 'management.endpoints.web.exposure' property (OnAvailableEndpointCondition)
?[0m?[0;34m
?[0m?[0;34m   EnvironmentEndpointAutoConfiguration#environmentEndpoint matched:
?[0m?[0;34m      - @ConditionalOnMissingBean (types: org.springframework.boot.actuate.env.EnvironmentEndpoint; SearchStrategy: all) did not find any beans (OnBeanCondition)
?[0m?[0;34m
?[0m?[0;34m   EnvironmentEndpointAutoConfiguration#environmentEndpointWebExtension matched:
?[0m?[0;34m      - @ConditionalOnBean (types: org.springframework.boot.actuate.env.EnvironmentEndpoint; SearchStrategy: all) found bean 'environmentEndpoint'; @ConditionalOnMissingBean (types: org.springframework.boot.actuate.env.EnvironmentEndpointWebExtension; SearchStrategy: all) did not find any beans (OnBeanCondition)
?[0m?[0;34m
?[0m?[0;34m   ErrorMvcAutoConfiguration matched:
?[0m?[0;34m      - @ConditionalOnClass found required classes 'javax.servlet.Servlet', 'org.springframework.web.servlet.DispatcherServlet' (OnClassCondition)
?[0m?[0;34m      - found 'session' scope (OnWebApplicationCondition)
?[0m?[0;34m
?[0m?[0;34m   ErrorMvcAutoConfiguration#basicErrorController matched:
?[0m?[0;34m      - @ConditionalOnMissingBean (types: org.springframework.boot.web.servlet.error.ErrorController; SearchStrategy: current) did not find any beans (OnBeanCondition)
?[0m?[0;34m
?[0m?[0;34m   ErrorMvcAutoConfiguration#errorAttributes matched:
?[0m?[0;34m      - @ConditionalOnMissingBean (types: org.springframework.boot.web.servlet.error.ErrorAttributes; SearchStrategy: current) did not find any beans (OnBeanCondition)
?[0m?[0;34m
?[0m?[0;34m   ErrorMvcAutoConfiguration.DefaultErrorViewResolverConfiguration#conventionErrorViewResolver matched:
?[0m?[0;34m      - @ConditionalOnBean (types: org.springframework.web.servlet.DispatcherServlet; SearchStrategy: all) found bean 'dispatcherServlet'; @ConditionalOnMissingBean (types: org.springframework.boot.autoconfigure.web.servlet.error.ErrorViewResolver; SearchStrategy: all) did not find any beans (OnBeanCondition)
?[0m?[0;34m
?[0m?[0;34m   ErrorMvcAutoConfiguration.WhitelabelErrorViewConfiguration matched:
?[0m?[0;34m      - @ConditionalOnProperty (server.error.whitelabel.enabled) matched (OnPropertyCondition)
?[0m?[0;34m      - ErrorTemplate Missing did not find error template view (ErrorMvcAutoConfiguration.ErrorTemplateMissingCondition)
?[0m?[0;34m
?[0m?[0;34m   ErrorMvcAutoConfiguration.WhitelabelErrorViewConfiguration#beanNameViewResolver matched:
?[0m?[0;34m      - @ConditionalOnMissingBean (types: org.springframework.web.servlet.view.BeanNameViewResolver; SearchStrategy: all) did not find any beans (OnBeanCondition)
?[0m?[0;34m
?[0m?[0;34m   ErrorMvcAutoConfiguration.WhitelabelErrorViewConfiguration#defaultErrorView matched:
?[0m?[0;34m      - @ConditionalOnMissingBean (names: error; SearchStrategy: all) did not find any beans (OnBeanCondition)
?[0m?[0;34m
?[0m?[0;34m   GenericCacheConfiguration matched:
?[0m?[0;34m      - Cache org.springframework.boot.autoconfigure.cache.GenericCacheConfiguration automatic cache type (CacheCondition)
?[0m?[0;34m
?[0m?[0;34m   GsonAutoConfiguration matched:
?[0m?[0;34m      - @ConditionalOnClass found required class 'com.google.gson.Gson' (OnClassCondition)
?[0m?[0;34m
?[0m?[0;34m   GsonAutoConfiguration#gson matched:
?[0m?[0;34m      - @ConditionalOnMissingBean (types: com.google.gson.Gson; SearchStrategy: all) did not find any beans (OnBeanCondition)
?[0m?[0;34m
?[0m?[0;34m   GsonAutoConfiguration#gsonBuilder matched:
?[0m?[0;34m      - @ConditionalOnMissingBean (types: com.google.gson.GsonBuilder; SearchStrategy: all) did not find any beans (OnBeanCondition)
?[0m?[0;34m
?[0m?[0;34m   GsonHttpMessageConvertersConfiguration matched:
?[0m?[0;34m      - @ConditionalOnClass found required class 'com.google.gson.Gson' (OnClassCondition)
?[0m?[0;34m
?[0m?[0;34m   H2ConsoleAutoConfiguration matched:
?[0m?[0;34m      - @ConditionalOnClass found required class 'org.h2.server.web.WebServlet' (OnClassCondition)
?[0m?[0;34m      - found 'session' scope (OnWebApplicationCondition)
?[0m?[0;34m      - @ConditionalOnProperty (spring.h2.console.enabled=true) matched (OnPropertyCondition)
?[0m?[0;34m
?[0m?[0;34m   HealthContributorAutoConfiguration#pingHealthContributor matched:
?[0m?[0;34m      - @ConditionalOnEnabledHealthIndicator management.health.defaults.enabled is considered true (OnEnabledHealthIndicatorCondition)
?[0m?[0;34m
?[0m?[0;34m   HealthEndpointAutoConfiguration matched:
?[0m?[0;34m      - @ConditionalOnAvailableEndpoint no property management.endpoint.health.enabled found so using endpoint default; @ConditionalOnAvailableEndpoint marked as exposed by a 'management.endpoints.web.exposure' property (OnAvailableEndpointCondition)
?[0m?[0;34m
?[0m?[0;34m   HealthEndpointConfiguration#healthContributorRegistry matched:
?[0m?[0;34m      - @ConditionalOnMissingBean (types: org.springframework.boot.actuate.health.HealthContributorRegistry; SearchStrategy: all) did not find any beans (OnBeanCondition)
?[0m?[0;34m
?[0m?[0;34m   HealthEndpointConfiguration#healthEndpoint matched:
?[0m?[0;34m      - @ConditionalOnMissingBean (types: org.springframework.boot.actuate.health.HealthEndpoint; SearchStrategy: all) did not find any beans (OnBeanCondition)
?[0m?[0;34m
?[0m?[0;34m   HealthEndpointConfiguration#healthEndpointGroups matched:
?[0m?[0;34m      - @ConditionalOnMissingBean (types: org.springframework.boot.actuate.health.HealthEndpointGroups; SearchStrategy: all) did not find any beans (OnBeanCondition)
?[0m?[0;34m
?[0m?[0;34m   HealthEndpointConfiguration#healthHttpCodeStatusMapper matched:
?[0m?[0;34m      - @ConditionalOnMissingBean (types: org.springframework.boot.actuate.health.HttpCodeStatusMapper; SearchStrategy: all) did not find any beans (OnBeanCondition)
?[0m?[0;34m
?[0m?[0;34m   HealthEndpointConfiguration#healthStatusAggregator matched:
?[0m?[0;34m      - @ConditionalOnMissingBean (types: org.springframework.boot.actuate.health.StatusAggregator; SearchStrategy: all) did not find any beans (OnBeanCondition)
?[0m?[0;34m
?[0m?[0;34m   HealthEndpointWebExtensionConfiguration matched:
?[0m?[0;34m      - found 'session' scope (OnWebApplicationCondition)
?[0m?[0;34m      - @ConditionalOnBean (types: org.springframework.boot.actuate.health.HealthEndpoint; SearchStrategy: all) found bean 'healthEndpoint' (OnBeanCondition)
?[0m?[0;34m
?[0m?[0;34m   HealthEndpointWebExtensionConfiguration#healthEndpointWebExtension matched:
?[0m?[0;34m      - @ConditionalOnBean (types: org.springframework.boot.actuate.health.HealthEndpoint; SearchStrategy: all) found bean 'healthEndpoint'; @ConditionalOnMissingBean (types: org.springframework.boot.actuate.health.HealthEndpointWebExtension; SearchStrategy: all) did not find any beans (OnBeanCondition)
?[0m?[0;34m
?[0m?[0;34m   HeapDumpWebEndpointAutoConfiguration matched:
?[0m?[0;34m      - @ConditionalOnAvailableEndpoint no property management.endpoint.heapdump.enabled found so using endpoint default; @ConditionalOnAvailableEndpoint marked as exposed by a 'management.endpoints.web.exposure' property (OnAvailableEndpointCondition)
?[0m?[0;34m
?[0m?[0;34m   HeapDumpWebEndpointAutoConfiguration#heapDumpWebEndpoint matched:
?[0m?[0;34m      - @ConditionalOnMissingBean (types: org.springframework.boot.actuate.management.HeapDumpWebEndpoint; SearchStrategy: all) did not find any beans (OnBeanCondition)
?[0m?[0;34m
?[0m?[0;34m   HibernateJpaAutoConfiguration matched:
?[0m?[0;34m      - @ConditionalOnClass found required classes 'org.springframework.orm.jpa.LocalContainerEntityManagerFactoryBean', 'javax.persistence.EntityManager', 'org.hibernate.engine.spi.SessionImplementor' (OnClassCondition)
?[0m?[0;34m
?[0m?[0;34m   HibernateJpaConfiguration matched:
?[0m?[0;34m      - @ConditionalOnSingleCandidate (types: javax.sql.DataSource; SearchStrategy: all) found a primary bean from beans 'dataSource' (OnBeanCondition)
?[0m?[0;34m
?[0m?[0;34m   HttpClientMetricsAutoConfiguration matched:
?[0m?[0;34m      - @ConditionalOnClass found required class 'io.micrometer.core.instrument.MeterRegistry' (OnClassCondition)
?[0m?[0;34m      - @ConditionalOnBean (types: io.micrometer.core.instrument.MeterRegistry; SearchStrategy: all) found bean 'simpleMeterRegistry' (OnBeanCondition)
?[0m?[0;34m
?[0m?[0;34m   HttpEncodingAutoConfiguration matched:
?[0m?[0;34m      - @ConditionalOnClass found required class 'org.springframework.web.filter.CharacterEncodingFilter' (OnClassCondition)
?[0m?[0;34m      - found 'session' scope (OnWebApplicationCondition)
?[0m?[0;34m      - @ConditionalOnProperty (server.servlet.encoding.enabled) matched (OnPropertyCondition)
?[0m?[0;34m
?[0m?[0;34m   HttpEncodingAutoConfiguration#characterEncodingFilter matched:
?[0m?[0;34m      - @ConditionalOnMissingBean (types: org.springframework.web.filter.CharacterEncodingFilter; SearchStrategy: all) did not find any beans (OnBeanCondition)
?[0m?[0;34m
?[0m?[0;34m   HttpMessageConvertersAutoConfiguration matched:
?[0m?[0;34m      - @ConditionalOnClass found required class 'org.springframework.http.converter.HttpMessageConverter' (OnClassCondition)
?[0m?[0;34m      - NoneNestedConditions 0 matched 1 did not; NestedCondition on HttpMessageConvertersAutoConfiguration.NotReactiveWebApplicationCondition.ReactiveWebApplication did not find reactive web application classes (HttpMessageConvertersAutoConfiguration.NotReactiveWebApplicationCondition)
?[0m?[0;34m
?[0m?[0;34m   HttpMessageConvertersAutoConfiguration#messageConverters matched:
?[0m?[0;34m      - @ConditionalOnMissingBean (types: org.springframework.boot.autoconfigure.http.HttpMessageConverters; SearchStrategy: all) did not find any beans (OnBeanCondition)
?[0m?[0;34m
?[0m?[0;34m   HttpMessageConvertersAutoConfiguration.StringHttpMessageConverterConfiguration matched:
?[0m?[0;34m      - @ConditionalOnClass found required class 'org.springframework.http.converter.StringHttpMessageConverter' (OnClassCondition)
?[0m?[0;34m
?[0m?[0;34m   HttpMessageConvertersAutoConfiguration.StringHttpMessageConverterConfiguration#stringHttpMessageConverter matched:
?[0m?[0;34m      - @ConditionalOnMissingBean (types: org.springframework.http.converter.StringHttpMessageConverter; SearchStrategy: all) did not find any beans (OnBeanCondition)
?[0m?[0;34m
?[0m?[0;34m   HttpTraceEndpointAutoConfiguration matched:
?[0m?[0;34m      - @ConditionalOnAvailableEndpoint no property management.endpoint.httptrace.enabled found so using endpoint default; @ConditionalOnAvailableEndpoint marked as exposed by a 'management.endpoints.web.exposure' property (OnAvailableEndpointCondition)
?[0m?[0;34m
?[0m?[0;34m   InfoContributorAutoConfiguration#envInfoContributor matched:
?[0m?[0;34m      - @ConditionalOnEnabledInfoContributor management.info.defaults.enabled is considered true (OnEnabledInfoContributorCondition)
?[0m?[0;34m
?[0m?[0;34m   InfoEndpointAutoConfiguration matched:
?[0m?[0;34m      - @ConditionalOnAvailableEndpoint no property management.endpoint.info.enabled found so using endpoint default; @ConditionalOnAvailableEndpoint marked as exposed by a 'management.endpoints.web.exposure' property (OnAvailableEndpointCondition)
?[0m?[0;34m
?[0m?[0;34m   InfoEndpointAutoConfiguration#infoEndpoint matched:
?[0m?[0;34m      - @ConditionalOnMissingBean (types: org.springframework.boot.actuate.info.InfoEndpoint; SearchStrategy: all) did not find any beans (OnBeanCondition)
?[0m?[0;34m
?[0m?[0;34m   JacksonAutoConfiguration matched:
?[0m?[0;34m      - @ConditionalOnClass found required class 'com.fasterxml.jackson.databind.ObjectMapper' (OnClassCondition)
?[0m?[0;34m
?[0m?[0;34m   JacksonAutoConfiguration.Jackson2ObjectMapperBuilderCustomizerConfiguration matched:
?[0m?[0;34m      - @ConditionalOnClass found required class 'org.springframework.http.converter.json.Jackson2ObjectMapperBuilder' (OnClassCondition)
?[0m?[0;34m
?[0m?[0;34m   JacksonAutoConfiguration.JacksonObjectMapperBuilderConfiguration matched:
?[0m?[0;34m      - @ConditionalOnClass found required class 'org.springframework.http.converter.json.Jackson2ObjectMapperBuilder' (OnClassCondition)
?[0m?[0;34m
?[0m?[0;34m   JacksonAutoConfiguration.JacksonObjectMapperBuilderConfiguration#jacksonObjectMapperBuilder matched:
?[0m?[0;34m      - @ConditionalOnMissingBean (types: org.springframework.http.converter.json.Jackson2ObjectMapperBuilder; SearchStrategy: all) did not find any beans (OnBeanCondition)
?[0m?[0;34m
?[0m?[0;34m   JacksonAutoConfiguration.JacksonObjectMapperConfiguration matched:
?[0m?[0;34m      - @ConditionalOnClass found required class 'org.springframework.http.converter.json.Jackson2ObjectMapperBuilder' (OnClassCondition)
?[0m?[0;34m
?[0m?[0;34m   JacksonAutoConfiguration.JacksonObjectMapperConfiguration#jacksonObjectMapper matched:
?[0m?[0;34m      - @ConditionalOnMissingBean (types: com.fasterxml.jackson.databind.ObjectMapper; SearchStrategy: all) did not find any beans (OnBeanCondition)
?[0m?[0;34m
?[0m?[0;34m   JacksonAutoConfiguration.ParameterNamesModuleConfiguration matched:
?[0m?[0;34m      - @ConditionalOnClass found required class 'com.fasterxml.jackson.module.paramnames.ParameterNamesModule' (OnClassCondition)
?[0m?[0;34m
?[0m?[0;34m   JacksonAutoConfiguration.ParameterNamesModuleConfiguration#parameterNamesModule matched:
?[0m?[0;34m      - @ConditionalOnMissingBean (types: com.fasterxml.jackson.module.paramnames.ParameterNamesModule; SearchStrategy: all) did not find any beans (OnBeanCondition)
?[0m?[0;34m
?[0m?[0;34m   JacksonHttpMessageConvertersConfiguration.MappingJackson2HttpMessageConverterConfiguration matched:
?[0m?[0;34m      - @ConditionalOnClass found required class 'com.fasterxml.jackson.databind.ObjectMapper' (OnClassCondition)
?[0m?[0;34m      - @ConditionalOnProperty (spring.mvc.converters.preferred-json-mapper=jackson) matched (OnPropertyCondition)
?[0m?[0;34m      - @ConditionalOnBean (types: com.fasterxml.jackson.databind.ObjectMapper; SearchStrategy: all) found bean 'jacksonObjectMapper' (OnBeanCondition)
?[0m?[0;34m
?[0m?[0;34m   JacksonHttpMessageConvertersConfiguration.MappingJackson2HttpMessageConverterConfiguration#mappingJackson2HttpMessageConverter matched:
?[0m?[0;34m      - @ConditionalOnMissingBean (types: org.springframework.http.converter.json.MappingJackson2HttpMessageConverter ignored: org.springframework.hateoas.server.mvc.TypeConstrainedMappingJackson2HttpMessageConverter,org.springframework.data.rest.webmvc.alps.AlpsJsonHttpMessageConverter; SearchStrategy: all) did not find any beans (OnBeanCondition)
?[0m?[0;34m
?[0m?[0;34m   JdbcTemplateAutoConfiguration matched:
?[0m?[0;34m      - @ConditionalOnClass found required classes 'javax.sql.DataSource', 'org.springframework.jdbc.core.JdbcTemplate' (OnClassCondition)
?[0m?[0;34m      - @ConditionalOnSingleCandidate (types: javax.sql.DataSource; SearchStrategy: all) found a primary bean from beans 'dataSource' (OnBeanCondition)
?[0m?[0;34m
?[0m?[0;34m   JdbcTemplateConfiguration matched:
?[0m?[0;34m      - @ConditionalOnMissingBean (types: org.springframework.jdbc.core.JdbcOperations; SearchStrategy: all) did not find any beans (OnBeanCondition)
?[0m?[0;34m
?[0m?[0;34m   JpaBaseConfiguration#entityManagerFactory matched:
?[0m?[0;34m      - @ConditionalOnMissingBean (types: org.springframework.orm.jpa.LocalContainerEntityManagerFactoryBean,javax.persistence.EntityManagerFactory; SearchStrategy: all) did not find any beans (OnBeanCondition)
?[0m?[0;34m
?[0m?[0;34m   JpaBaseConfiguration#entityManagerFactoryBuilder matched:
?[0m?[0;34m      - @ConditionalOnMissingBean (types: org.springframework.boot.orm.jpa.EntityManagerFactoryBuilder; SearchStrategy: all) did not find any beans (OnBeanCondition)
?[0m?[0;34m
?[0m?[0;34m   JpaBaseConfiguration#jpaVendorAdapter matched:
?[0m?[0;34m      - @ConditionalOnMissingBean (types: org.springframework.orm.jpa.JpaVendorAdapter; SearchStrategy: all) did not find any beans (OnBeanCondition)
?[0m?[0;34m
?[0m?[0;34m   JpaBaseConfiguration#transactionManager matched:
?[0m?[0;34m      - @ConditionalOnMissingBean (types: org.springframework.transaction.TransactionManager; SearchStrategy: all) did not find any beans (OnBeanCondition)
?[0m?[0;34m
?[0m?[0;34m   JpaBaseConfiguration.JpaWebConfiguration matched:
?[0m?[0;34m      - @ConditionalOnClass found required class 'org.springframework.web.servlet.config.annotation.WebMvcConfigurer' (OnClassCondition)
?[0m?[0;34m      - found 'session' scope (OnWebApplicationCondition)
?[0m?[0;34m      - @ConditionalOnProperty (spring.jpa.open-in-view=true) matched (OnPropertyCondition)
?[0m?[0;34m      - @ConditionalOnMissingBean (types: org.springframework.orm.jpa.support.OpenEntityManagerInViewInterceptor,org.springframework.orm.jpa.support.OpenEntityManagerInViewFilter; SearchStrategy: all) did not find any beans (OnBeanCondition)
?[0m?[0;34m
?[0m?[0;34m   JpaRepositoriesAutoConfiguration matched:
?[0m?[0;34m      - @ConditionalOnClass found required class 'org.springframework.data.jpa.repository.JpaRepository' (OnClassCondition)
?[0m?[0;34m      - @ConditionalOnProperty (spring.data.jpa.repositories.enabled=true) matched (OnPropertyCondition)
?[0m?[0;34m      - @ConditionalOnBean (types: javax.sql.DataSource; SearchStrategy: all) found bean 'dataSource'; @ConditionalOnMissingBean (types: org.springframework.data.jpa.repository.support.JpaRepositoryFactoryBean,org.springframework.data.jpa.repository.config.JpaRepositoryConfigExtension; SearchStrategy: all) did not find any beans (OnBeanCondition)
?[0m?[0;34m
?[0m?[0;34m   JtaAutoConfiguration matched:
?[0m?[0;34m      - @ConditionalOnClass found required class 'javax.transaction.Transaction' (OnClassCondition)
?[0m?[0;34m      - @ConditionalOnProperty (spring.jta.enabled) matched (OnPropertyCondition)
?[0m?[0;34m
?[0m?[0;34m   JvmMetricsAutoConfiguration matched:
?[0m?[0;34m      - @ConditionalOnClass found required class 'io.micrometer.core.instrument.MeterRegistry' (OnClassCondition)
?[0m?[0;34m      - @ConditionalOnBean (types: io.micrometer.core.instrument.MeterRegistry; SearchStrategy: all) found bean 'simpleMeterRegistry' (OnBeanCondition)
?[0m?[0;34m
?[0m?[0;34m   JvmMetricsAutoConfiguration#classLoaderMetrics matched:
?[0m?[0;34m      - @ConditionalOnMissingBean (types: io.micrometer.core.instrument.binder.jvm.ClassLoaderMetrics; SearchStrategy: all) did not find any beans (OnBeanCondition)
?[0m?[0;34m
?[0m?[0;34m   JvmMetricsAutoConfiguration#jvmGcMetrics matched:
?[0m?[0;34m      - @ConditionalOnMissingBean (types: io.micrometer.core.instrument.binder.jvm.JvmGcMetrics; SearchStrategy: all) did not find any beans (OnBeanCondition)
?[0m?[0;34m
?[0m?[0;34m   JvmMetricsAutoConfiguration#jvmMemoryMetrics matched:
?[0m?[0;34m      - @ConditionalOnMissingBean (types: io.micrometer.core.instrument.binder.jvm.JvmMemoryMetrics; SearchStrategy: all) did not find any beans (OnBeanCondition)
?[0m?[0;34m
?[0m?[0;34m   JvmMetricsAutoConfiguration#jvmThreadMetrics matched:
?[0m?[0;34m      - @ConditionalOnMissingBean (types: io.micrometer.core.instrument.binder.jvm.JvmThreadMetrics; SearchStrategy: all) did not find any beans (OnBeanCondition)
?[0m?[0;34m
?[0m?[0;34m   LifecycleAutoConfiguration#defaultLifecycleProcessor matched:
?[0m?[0;34m      - @ConditionalOnMissingBean (names: lifecycleProcessor; SearchStrategy: current) did not find any beans (OnBeanCondition)
?[0m?[0;34m
?[0m?[0;34m   LogFileWebEndpointAutoConfiguration matched:
?[0m?[0;34m      - @ConditionalOnAvailableEndpoint no property management.endpoint.logfile.enabled found so using endpoint default; @ConditionalOnAvailableEndpoint marked as exposed by a 'management.endpoints.web.exposure' property (OnAvailableEndpointCondition)
?[0m?[0;34m
?[0m?[0;34m   LogbackMetricsAutoConfiguration matched:
?[0m?[0;34m      - @ConditionalOnClass found required classes 'io.micrometer.core.instrument.MeterRegistry', 'ch.qos.logback.classic.LoggerContext', 'org.slf4j.LoggerFactory' (OnClassCondition)
?[0m?[0;34m      - LogbackLoggingCondition ILoggerFactory is a Logback LoggerContext (LogbackMetricsAutoConfiguration.LogbackLoggingCondition)
?[0m?[0;34m      - @ConditionalOnBean (types: io.micrometer.core.instrument.MeterRegistry; SearchStrategy: all) found bean 'simpleMeterRegistry' (OnBeanCondition)
?[0m?[0;34m
?[0m?[0;34m   LogbackMetricsAutoConfiguration#logbackMetrics matched:
?[0m?[0;34m      - @ConditionalOnMissingBean (types: io.micrometer.core.instrument.binder.logging.LogbackMetrics; SearchStrategy: all) did not find any beans (OnBeanCondition)
?[0m?[0;34m
?[0m?[0;34m   LoggersEndpointAutoConfiguration matched:
?[0m?[0;34m      - @ConditionalOnAvailableEndpoint no property management.endpoint.loggers.enabled found so using endpoint default; @ConditionalOnAvailableEndpoint marked as exposed by a 'management.endpoints.web.exposure' property (OnAvailableEndpointCondition)
?[0m?[0;34m
?[0m?[0;34m   LoggersEndpointAutoConfiguration#loggersEndpoint matched:
?[0m?[0;34m      - Logging System enabled (LoggersEndpointAutoConfiguration.OnEnabledLoggingSystemCondition)
?[0m?[0;34m      - @ConditionalOnBean (types: org.springframework.boot.logging.LoggingSystem; SearchStrategy: all) found bean 'springBootLoggingSystem'; @ConditionalOnMissingBean (types: org.springframework.boot.actuate.logging.LoggersEndpoint; SearchStrategy: all) did not find any beans (OnBeanCondition)
?[0m?[0;34m
?[0m?[0;34m   ManagementContextAutoConfiguration.SameManagementContextConfiguration matched:
?[0m?[0;34m      - Management Port actual port type (SAME) matched required type (OnManagementPortCondition)
?[0m?[0;34m
?[0m?[0;34m   MappingsEndpointAutoConfiguration matched:
?[0m?[0;34m      - @ConditionalOnAvailableEndpoint no property management.endpoint.mappings.enabled found so using endpoint default; @ConditionalOnAvailableEndpoint marked as exposed by a 'management.endpoints.web.exposure' property (OnAvailableEndpointCondition)
?[0m?[0;34m
?[0m?[0;34m   MappingsEndpointAutoConfiguration.ServletWebConfiguration matched:
?[0m?[0;34m      - found 'session' scope (OnWebApplicationCondition)
?[0m?[0;34m
?[0m?[0;34m   MappingsEndpointAutoConfiguration.ServletWebConfiguration.SpringMvcConfiguration matched:
?[0m?[0;34m      - @ConditionalOnClass found required class 'org.springframework.web.servlet.DispatcherServlet' (OnClassCondition)
?[0m?[0;34m      - @ConditionalOnBean (types: org.springframework.web.servlet.DispatcherServlet; SearchStrategy: all) found bean 'dispatcherServlet' (OnBeanCondition)
?[0m?[0;34m
?[0m?[0;34m   MetricsAutoConfiguration matched:
?[0m?[0;34m      - @ConditionalOnClass found required class 'io.micrometer.core.annotation.Timed' (OnClassCondition)
?[0m?[0;34m
?[0m?[0;34m   MetricsAutoConfiguration#micrometerClock matched:
?[0m?[0;34m      - @ConditionalOnMissingBean (types: io.micrometer.core.instrument.Clock; SearchStrategy: all) did not find any beans (OnBeanCondition)
?[0m?[0;34m
?[0m?[0;34m   MetricsEndpointAutoConfiguration matched:
?[0m?[0;34m      - @ConditionalOnClass found required class 'io.micrometer.core.annotation.Timed' (OnClassCondition)
?[0m?[0;34m      - @ConditionalOnAvailableEndpoint no property management.endpoint.metrics.enabled found so using endpoint default; @ConditionalOnAvailableEndpoint marked as exposed by a 'management.endpoints.web.exposure' property (OnAvailableEndpointCondition)
?[0m?[0;34m
?[0m?[0;34m   MetricsEndpointAutoConfiguration#metricsEndpoint matched:
?[0m?[0;34m      - @ConditionalOnBean (types: io.micrometer.core.instrument.MeterRegistry; SearchStrategy: all) found bean 'simpleMeterRegistry'; @ConditionalOnMissingBean (types: org.springframework.boot.actuate.metrics.MetricsEndpoint; SearchStrategy: all) did not find any beans (OnBeanCondition)
?[0m?[0;34m
?[0m?[0;34m   MultipartAutoConfiguration matched:
?[0m?[0;34m      - @ConditionalOnClass found required classes 'javax.servlet.Servlet', 'org.springframework.web.multipart.support.StandardServletMultipartResolver', 'javax.servlet.MultipartConfigElement' (OnClassCondition)
?[0m?[0;34m      - found 'session' scope (OnWebApplicationCondition)
?[0m?[0;34m      - @ConditionalOnProperty (spring.servlet.multipart.enabled) matched (OnPropertyCondition)
?[0m?[0;34m
?[0m?[0;34m   MultipartAutoConfiguration#multipartConfigElement matched:
?[0m?[0;34m      - @ConditionalOnMissingBean (types: javax.servlet.MultipartConfigElement,org.springframework.web.multipart.commons.CommonsMultipartResolver; SearchStrategy: all) did not find any beans (OnBeanCondition)
?[0m?[0;34m
?[0m?[0;34m   MultipartAutoConfiguration#multipartResolver matched:
?[0m?[0;34m      - @ConditionalOnMissingBean (types: org.springframework.web.multipart.MultipartResolver; SearchStrategy: all) did not find any beans (OnBeanCondition)
?[0m?[0;34m
?[0m?[0;34m   NamedParameterJdbcTemplateConfiguration matched:
?[0m?[0;34m      - @ConditionalOnSingleCandidate (types: org.springframework.jdbc.core.JdbcTemplate; SearchStrategy: all) found a primary bean from beans 'jdbcTemplate'; @ConditionalOnMissingBean (types: org.springframework.jdbc.core.namedparam.NamedParameterJdbcOperations; SearchStrategy: all) did not find any beans (OnBeanCondition)
?[0m?[0;34m
?[0m?[0;34m   NoOpCacheConfiguration matched:
?[0m?[0;34m      - Cache org.springframework.boot.autoconfigure.cache.NoOpCacheConfiguration automatic cache type (CacheCondition)
?[0m?[0;34m
?[0m?[0;34m   PersistenceExceptionTranslationAutoConfiguration matched:
?[0m?[0;34m      - @ConditionalOnClass found required class 'org.springframework.dao.annotation.PersistenceExceptionTranslationPostProcessor' (OnClassCondition)
?[0m?[0;34m
?[0m?[0;34m   PersistenceExceptionTranslationAutoConfiguration#persistenceExceptionTranslationPostProcessor matched:
?[0m?[0;34m      - @ConditionalOnProperty (spring.dao.exceptiontranslation.enabled) matched (OnPropertyCondition)
?[0m?[0;34m      - @ConditionalOnMissingBean (types: org.springframework.dao.annotation.PersistenceExceptionTranslationPostProcessor; SearchStrategy: all) did not find any beans (OnBeanCondition)
?[0m?[0;34m
?[0m?[0;34m   PropertyPlaceholderAutoConfiguration#propertySourcesPlaceholderConfigurer matched:
?[0m?[0;34m      - @ConditionalOnMissingBean (types: org.springframework.context.support.PropertySourcesPlaceholderConfigurer; SearchStrategy: current) did not find any beans (OnBeanCondition)
?[0m?[0;34m
?[0m?[0;34m   RepositoryMetricsAutoConfiguration matched:
?[0m?[0;34m      - @ConditionalOnClass found required class 'org.springframework.data.repository.Repository' (OnClassCondition)
?[0m?[0;34m      - @ConditionalOnBean (types: io.micrometer.core.instrument.MeterRegistry; SearchStrategy: all) found bean 'simpleMeterRegistry' (OnBeanCondition)
?[0m?[0;34m
?[0m?[0;34m   RepositoryMetricsAutoConfiguration#metricsRepositoryMethodInvocationListener matched:
?[0m?[0;34m      - @ConditionalOnMissingBean (types: org.springframework.boot.actuate.metrics.data.MetricsRepositoryMethodInvocationListener; SearchStrategy: all) did not find any beans (OnBeanCondition)
?[0m?[0;34m
?[0m?[0;34m   RepositoryMetricsAutoConfiguration#repositoryTagsProvider matched:
?[0m?[0;34m      - @ConditionalOnMissingBean (types: org.springframework.boot.actuate.metrics.data.RepositoryTagsProvider; SearchStrategy: all) did not find any beans (OnBeanCondition)
?[0m?[0;34m
?[0m?[0;34m   RestTemplateAutoConfiguration matched:
?[0m?[0;34m      - @ConditionalOnClass found required class 'org.springframework.web.client.RestTemplate' (OnClassCondition)
?[0m?[0;34m      - NoneNestedConditions 0 matched 1 did not; NestedCondition on RestTemplateAutoConfiguration.NotReactiveWebApplicationCondition.ReactiveWebApplication did not find reactive web application classes (RestTemplateAutoConfiguration.NotReactiveWebApplicationCondition)
?[0m?[0;34m
?[0m?[0;34m   RestTemplateAutoConfiguration#restTemplateBuilder matched:
?[0m?[0;34m      - @ConditionalOnMissingBean (types: org.springframework.boot.web.client.RestTemplateBuilder; SearchStrategy: all) did not find any beans (OnBeanCondition)
?[0m?[0;34m
?[0m?[0;34m   RestTemplateAutoConfiguration#restTemplateBuilderConfigurer matched:
?[0m?[0;34m      - @ConditionalOnMissingBean (types: org.springframework.boot.autoconfigure.web.client.RestTemplateBuilderConfigurer; SearchStrategy: all) did not find any beans (OnBeanCondition)
?[0m?[0;34m
?[0m?[0;34m   RestTemplateMetricsConfiguration matched:
?[0m?[0;34m      - @ConditionalOnClass found required class 'org.springframework.web.client.RestTemplate' (OnClassCondition)
?[0m?[0;34m      - @ConditionalOnBean (types: org.springframework.boot.web.client.RestTemplateBuilder; SearchStrategy: all) found bean 'restTemplateBuilder' (OnBeanCondition)
?[0m?[0;34m
?[0m?[0;34m   RestTemplateMetricsConfiguration#restTemplateExchangeTagsProvider matched:
?[0m?[0;34m      - @ConditionalOnMissingBean (types: org.springframework.boot.actuate.metrics.web.client.RestTemplateExchangeTagsProvider; SearchStrategy: all) did not find any beans (OnBeanCondition)
?[0m?[0;34m
?[0m?[0;34m   ScheduledTasksEndpointAutoConfiguration matched:
?[0m?[0;34m      - @ConditionalOnAvailableEndpoint no property management.endpoint.scheduledtasks.enabled found so using endpoint default; @ConditionalOnAvailableEndpoint marked as exposed by a 'management.endpoints.web.exposure' property (OnAvailableEndpointCondition)
?[0m?[0;34m
?[0m?[0;34m   ScheduledTasksEndpointAutoConfiguration#scheduledTasksEndpoint matched:
?[0m?[0;34m      - @ConditionalOnMissingBean (types: org.springframework.boot.actuate.scheduling.ScheduledTasksEndpoint; SearchStrategy: all) did not find any beans (OnBeanCondition)
?[0m?[0;34m
?[0m?[0;34m   SecurityAutoConfiguration matched:
?[0m?[0;34m      - @ConditionalOnClass found required class 'org.springframework.security.authentication.DefaultAuthenticationEventPublisher' (OnClassCondition)
?[0m?[0;34m
?[0m?[0;34m   SecurityAutoConfiguration#authenticationEventPublisher matched:
?[0m?[0;34m      - @ConditionalOnMissingBean (types: org.springframework.security.authentication.AuthenticationEventPublisher; SearchStrategy: all) did not find any beans (OnBeanCondition)
?[0m?[0;34m
?[0m?[0;34m   SecurityFilterAutoConfiguration matched:
?[0m?[0;34m      - @ConditionalOnClass found required classes 'org.springframework.security.web.context.AbstractSecurityWebApplicationInitializer', 'org.springframework.security.config.http.SessionCreationPolicy' (OnClassCondition)
?[0m?[0;34m      - found 'session' scope (OnWebApplicationCondition)
?[0m?[0;34m
?[0m?[0;34m   SecurityFilterAutoConfiguration#securityFilterChainRegistration matched:
?[0m?[0;34m      - @ConditionalOnBean (names: springSecurityFilterChain; SearchStrategy: all) found bean 'springSecurityFilterChain' (OnBeanCondition)
?[0m?[0;34m
?[0m?[0;34m   SecurityRequestMatchersManagementContextConfiguration matched:
?[0m?[0;34m      - @ConditionalOnClass found required class 'org.springframework.security.web.util.matcher.RequestMatcher' (OnClassCondition)
?[0m?[0;34m      - found 'session' scope (OnWebApplicationCondition)
?[0m?[0;34m
?[0m?[0;34m   SecurityRequestMatchersManagementContextConfiguration.MvcRequestMatcherConfiguration matched:
?[0m?[0;34m      - @ConditionalOnClass found required class 'org.springframework.web.servlet.DispatcherServlet' (OnClassCondition)
?[0m?[0;34m      - @ConditionalOnBean (types: org.springframework.boot.autoconfigure.web.servlet.DispatcherServletPath; SearchStrategy: all) found bean 'dispatcherServletRegistration' (OnBeanCondition)
?[0m?[0;34m
?[0m?[0;34m   SecurityRequestMatchersManagementContextConfiguration.MvcRequestMatcherConfiguration#requestMatcherProvider matched:
?[0m?[0;34m      - @ConditionalOnClass found required class 'org.springframework.web.servlet.DispatcherServlet' (OnClassCondition)
?[0m?[0;34m      - @ConditionalOnMissingBean (types: org.springframework.boot.autoconfigure.security.servlet.RequestMatcherProvider; SearchStrategy: all) did not find any beans (OnBeanCondition)
?[0m?[0;34m
?[0m?[0;34m   ServletEndpointManagementContextConfiguration matched:
?[0m?[0;34m      - found 'session' scope (OnWebApplicationCondition)
?[0m?[0;34m
?[0m?[0;34m   ServletEndpointManagementContextConfiguration.WebMvcServletEndpointManagementContextConfiguration matched:
?[0m?[0;34m      - @ConditionalOnClass found required class 'org.springframework.web.servlet.DispatcherServlet' (OnClassCondition)
?[0m?[0;34m
?[0m?[0;34m   ServletManagementContextAutoConfiguration matched:
?[0m?[0;34m      - @ConditionalOnClass found required class 'javax.servlet.Servlet' (OnClassCondition)
?[0m?[0;34m      - found 'session' scope (OnWebApplicationCondition)
?[0m?[0;34m
?[0m?[0;34m   ServletWebServerFactoryAutoConfiguration matched:
?[0m?[0;34m      - @ConditionalOnClass found required class 'javax.servlet.ServletRequest' (OnClassCondition)
?[0m?[0;34m      - found 'session' scope (OnWebApplicationCondition)
?[0m?[0;34m
?[0m?[0;34m   ServletWebServerFactoryAutoConfiguration#tomcatServletWebServerFactoryCustomizer matched:
?[0m?[0;34m      - @ConditionalOnClass found required class 'org.apache.catalina.startup.Tomcat' (OnClassCondition)
?[0m?[0;34m
?[0m?[0;34m   ServletWebServerFactoryConfiguration.EmbeddedTomcat matched:
?[0m?[0;34m      - @ConditionalOnClass found required classes 'javax.servlet.Servlet', 'org.apache.catalina.startup.Tomcat', 'org.apache.coyote.UpgradeProtocol' (OnClassCondition)
?[0m?[0;34m      - @ConditionalOnMissingBean (types: org.springframework.boot.web.servlet.server.ServletWebServerFactory; SearchStrategy: current) did not find any beans (OnBeanCondition)
?[0m?[0;34m
?[0m?[0;34m   ShutdownEndpointAutoConfiguration matched:
?[0m?[0;34m      - @ConditionalOnAvailableEndpoint found property management.endpoint.shutdown.enabled with value true; @ConditionalOnAvailableEndpoint marked as exposed by a 'management.endpoints.web.exposure' property (OnAvailableEndpointCondition)
?[0m?[0;34m
?[0m?[0;34m   ShutdownEndpointAutoConfiguration#shutdownEndpoint matched:
?[0m?[0;34m      - @ConditionalOnMissingBean (types: org.springframework.boot.actuate.context.ShutdownEndpoint; SearchStrategy: all) did not find any beans (OnBeanCondition)
?[0m?[0;34m
?[0m?[0;34m   SimpleCacheConfiguration matched:
?[0m?[0;34m      - Cache org.springframework.boot.autoconfigure.cache.SimpleCacheConfiguration automatic cache type (CacheCondition)
?[0m?[0;34m
?[0m?[0;34m   SimpleMetricsExportAutoConfiguration matched:
?[0m?[0;34m      - @ConditionalOnEnabledMetricsExport management.metrics.export.defaults.enabled is considered true (OnMetricsExportEnabledCondition)
?[0m?[0;34m      - @ConditionalOnBean (types: io.micrometer.core.instrument.Clock; SearchStrategy: all) found bean 'micrometerClock'; @ConditionalOnMissingBean (types: io.micrometer.core.instrument.MeterRegistry; SearchStrategy: all) did not find any beans (OnBeanCondition)
?[0m?[0;34m
?[0m?[0;34m   SimpleMetricsExportAutoConfiguration#simpleConfig matched:
?[0m?[0;34m      - @ConditionalOnMissingBean (types: io.micrometer.core.instrument.simple.SimpleConfig; SearchStrategy: all) did not find any beans (OnBeanCondition)
?[0m?[0;34m
?[0m?[0;34m   SpringDataWebAutoConfiguration matched:
?[0m?[0;34m      - @ConditionalOnClass found required classes 'org.springframework.data.web.PageableHandlerMethodArgumentResolver', 'org.springframework.web.servlet.config.annotation.WebMvcConfigurer' (OnClassCondition)
?[0m?[0;34m      - found 'session' scope (OnWebApplicationCondition)
?[0m?[0;34m      - @ConditionalOnMissingBean (types: org.springframework.data.web.PageableHandlerMethodArgumentResolver; SearchStrategy: all) did not find any beans (OnBeanCondition)
?[0m?[0;34m
?[0m?[0;34m   SpringDataWebAutoConfiguration#pageableCustomizer matched:
?[0m?[0;34m      - @ConditionalOnMissingBean (types: org.springframework.data.web.config.PageableHandlerMethodArgumentResolverCustomizer; SearchStrategy: all) did not find any beans (OnBeanCondition)
?[0m?[0;34m
?[0m?[0;34m   SpringDataWebAutoConfiguration#sortCustomizer matched:
?[0m?[0;34m      - @ConditionalOnMissingBean (types: org.springframework.data.web.config.SortHandlerMethodArgumentResolverCustomizer; SearchStrategy: all) did not find any beans (OnBeanCondition)
?[0m?[0;34m
?[0m?[0;34m   SqlInitializationAutoConfiguration matched:
?[0m?[0;34m      - @ConditionalOnProperty (spring.sql.init.enabled) matched (OnPropertyCondition)
?[0m?[0;34m      - NoneNestedConditions 0 matched 1 did not; NestedCondition on SqlInitializationAutoConfiguration.SqlInitializationModeCondition.ModeIsNever @ConditionalOnProperty (spring.sql.init.mode=never) did not find property 'mode' (SqlInitializationAutoConfiguration.SqlInitializationModeCondition)
?[0m?[0;34m      - @ConditionalOnMissingBean (types: org.springframework.boot.sql.init.AbstractScriptDatabaseInitializer; SearchStrategy: all) did not find any beans (OnBeanCondition)
?[0m?[0;34m
?[0m?[0;34m   SystemMetricsAutoConfiguration matched:
?[0m?[0;34m      - @ConditionalOnClass found required class 'io.micrometer.core.instrument.MeterRegistry' (OnClassCondition)
?[0m?[0;34m      - @ConditionalOnBean (types: io.micrometer.core.instrument.MeterRegistry; SearchStrategy: all) found bean 'simpleMeterRegistry' (OnBeanCondition)
?[0m?[0;34m
?[0m?[0;34m   SystemMetricsAutoConfiguration#fileDescriptorMetrics matched:
?[0m?[0;34m      - @ConditionalOnMissingBean (types: io.micrometer.core.instrument.binder.system.FileDescriptorMetrics; SearchStrategy: all) did not find any beans (OnBeanCondition)
?[0m?[0;34m
?[0m?[0;34m   SystemMetricsAutoConfiguration#processorMetrics matched:
?[0m?[0;34m      - @ConditionalOnMissingBean (types: io.micrometer.core.instrument.binder.system.ProcessorMetrics; SearchStrategy: all) did not find any beans (OnBeanCondition)
?[0m?[0;34m
?[0m?[0;34m   SystemMetricsAutoConfiguration#uptimeMetrics matched:
?[0m?[0;34m      - @ConditionalOnMissingBean (types: io.micrometer.core.instrument.binder.system.UptimeMetrics; SearchStrategy: all) did not find any beans (OnBeanCondition)
?[0m?[0;34m
?[0m?[0;34m   TaskExecutionAutoConfiguration matched:
?[0m?[0;34m      - @ConditionalOnClass found required class 'org.springframework.scheduling.concurrent.ThreadPoolTaskExecutor' (OnClassCondition)
?[0m?[0;34m
?[0m?[0;34m   TaskExecutionAutoConfiguration#applicationTaskExecutor matched:
?[0m?[0;34m      - @ConditionalOnMissingBean (types: java.util.concurrent.Executor; SearchStrategy: all) did not find any beans (OnBeanCondition)
?[0m?[0;34m
?[0m?[0;34m   TaskExecutionAutoConfiguration#taskExecutorBuilder matched:
?[0m?[0;34m      - @ConditionalOnMissingBean (types: org.springframework.boot.task.TaskExecutorBuilder; SearchStrategy: all) did not find any beans (OnBeanCondition)
?[0m?[0;34m
?[0m?[0;34m   TaskSchedulingAutoConfiguration matched:
?[0m?[0;34m      - @ConditionalOnClass found required class 'org.springframework.scheduling.concurrent.ThreadPoolTaskScheduler' (OnClassCondition)
?[0m?[0;34m
?[0m?[0;34m   TaskSchedulingAutoConfiguration#taskSchedulerBuilder matched:
?[0m?[0;34m      - @ConditionalOnMissingBean (types: org.springframework.boot.task.TaskSchedulerBuilder; SearchStrategy: all) did not find any beans (OnBeanCondition)
?[0m?[0;34m
?[0m?[0;34m   ThreadDumpEndpointAutoConfiguration matched:
?[0m?[0;34m      - @ConditionalOnAvailableEndpoint no property management.endpoint.threaddump.enabled found so using endpoint default; @ConditionalOnAvailableEndpoint marked as exposed by a 'management.endpoints.web.exposure' property (OnAvailableEndpointCondition)
?[0m?[0;34m
?[0m?[0;34m   ThreadDumpEndpointAutoConfiguration#dumpEndpoint matched:
?[0m?[0;34m      - @ConditionalOnMissingBean (types: org.springframework.boot.actuate.management.ThreadDumpEndpoint; SearchStrategy: all) did not find any beans (OnBeanCondition)
?[0m?[0;34m
?[0m?[0;34m   TomcatMetricsAutoConfiguration matched:
?[0m?[0;34m      - @ConditionalOnClass found required classes 'io.micrometer.core.instrument.binder.tomcat.TomcatMetrics', 'org.apache.catalina.Manager' (OnClassCondition)
?[0m?[0;34m      - @ConditionalOnWebApplication (required) found 'session' scope (OnWebApplicationCondition)
?[0m?[0;34m
?[0m?[0;34m   TomcatMetricsAutoConfiguration#tomcatMetricsBinder matched:
?[0m?[0;34m      - @ConditionalOnBean (types: io.micrometer.core.instrument.MeterRegistry; SearchStrategy: all) found bean 'simpleMeterRegistry'; @ConditionalOnMissingBean (types: io.micrometer.core.instrument.binder.tomcat.TomcatMetrics,org.springframework.boot.actuate.metrics.web.tomcat.TomcatMetricsBinder; SearchStrategy: all) did not find any beans (OnBeanCondition)
?[0m?[0;34m
?[0m?[0;34m   TransactionAutoConfiguration matched:
?[0m?[0;34m      - @ConditionalOnClass found required class 'org.springframework.transaction.PlatformTransactionManager' (OnClassCondition)
?[0m?[0;34m
?[0m?[0;34m   TransactionAutoConfiguration#platformTransactionManagerCustomizers matched:
?[0m?[0;34m      - @ConditionalOnMissingBean (types: org.springframework.boot.autoconfigure.transaction.TransactionManagerCustomizers; SearchStrategy: all) did not find any beans (OnBeanCondition)
?[0m?[0;34m
?[0m?[0;34m   TransactionAutoConfiguration.EnableTransactionManagementConfiguration matched:
?[0m?[0;34m      - @ConditionalOnBean (types: org.springframework.transaction.TransactionManager; SearchStrategy: all) found bean 'transactionManager'; @ConditionalOnMissingBean (types: org.springframework.transaction.annotation.AbstractTransactionManagementConfiguration; SearchStrategy: all) did not find any beans (OnBeanCondition)
?[0m?[0;34m
?[0m?[0;34m   TransactionAutoConfiguration.EnableTransactionManagementConfiguration.CglibAutoProxyConfiguration matched:
?[0m?[0;34m      - @ConditionalOnProperty (spring.aop.proxy-target-class=true) matched (OnPropertyCondition)
?[0m?[0;34m
?[0m?[0;34m   TransactionAutoConfiguration.TransactionTemplateConfiguration matched:
?[0m?[0;34m      - @ConditionalOnSingleCandidate (types: org.springframework.transaction.PlatformTransactionManager; SearchStrategy: all) found a primary bean from beans 'transactionManager' (OnBeanCondition)
?[0m?[0;34m
?[0m?[0;34m   TransactionAutoConfiguration.TransactionTemplateConfiguration#transactionTemplate matched:
?[0m?[0;34m      - @ConditionalOnMissingBean (types: org.springframework.transaction.support.TransactionOperations; SearchStrategy: all) did not find any beans (OnBeanCondition)
?[0m?[0;34m
?[0m?[0;34m   ValidationAutoConfiguration matched:
?[0m?[0;34m      - @ConditionalOnClass found required class 'javax.validation.executable.ExecutableValidator' (OnClassCondition)
?[0m?[0;34m      - @ConditionalOnResource found location classpath:META-INF/services/javax.validation.spi.ValidationProvider (OnResourceCondition)
?[0m?[0;34m
?[0m?[0;34m   ValidationAutoConfiguration#defaultValidator matched:
?[0m?[0;34m      - @ConditionalOnMissingBean (types: javax.validation.Validator; SearchStrategy: all) did not find any beans (OnBeanCondition)
?[0m?[0;34m
?[0m?[0;34m   ValidationAutoConfiguration#methodValidationPostProcessor matched:
?[0m?[0;34m      - @ConditionalOnMissingBean (types: org.springframework.validation.beanvalidation.MethodValidationPostProcessor; SearchStrategy: all) did not find any beans (OnBeanCondition)
?[0m?[0;34m
?[0m?[0;34m   WebEndpointAutoConfiguration matched:
?[0m?[0;34m      - @ConditionalOnWebApplication (required) found 'session' scope (OnWebApplicationCondition)
?[0m?[0;34m
?[0m?[0;34m   WebEndpointAutoConfiguration#controllerEndpointDiscoverer matched:
?[0m?[0;34m      - @ConditionalOnMissingBean (types: org.springframework.boot.actuate.endpoint.web.annotation.ControllerEndpointsSupplier; SearchStrategy: all) did not find any beans (OnBeanCondition)
?[0m?[0;34m
?[0m?[0;34m   WebEndpointAutoConfiguration#endpointMediaTypes matched:
?[0m?[0;34m      - @ConditionalOnMissingBean (types: org.springframework.boot.actuate.endpoint.web.EndpointMediaTypes; SearchStrategy: all) did not find any beans (OnBeanCondition)
?[0m?[0;34m
?[0m?[0;34m   WebEndpointAutoConfiguration#pathMappedEndpoints matched:
?[0m?[0;34m      - @ConditionalOnMissingBean (types: org.springframework.boot.actuate.endpoint.web.PathMappedEndpoints; SearchStrategy: all) did not find any beans (OnBeanCondition)
?[0m?[0;34m
?[0m?[0;34m   WebEndpointAutoConfiguration#webEndpointDiscoverer matched:
?[0m?[0;34m      - @ConditionalOnMissingBean (types: org.springframework.boot.actuate.endpoint.web.WebEndpointsSupplier; SearchStrategy: all) did not find any beans (OnBeanCondition)
?[0m?[0;34m
?[0m?[0;34m   WebEndpointAutoConfiguration.WebEndpointServletConfiguration matched:
?[0m?[0;34m      - found 'session' scope (OnWebApplicationCondition)
?[0m?[0;34m
?[0m?[0;34m   WebEndpointAutoConfiguration.WebEndpointServletConfiguration#servletEndpointDiscoverer matched:
?[0m?[0;34m      - @ConditionalOnMissingBean (types: org.springframework.boot.actuate.endpoint.web.annotation.ServletEndpointsSupplier; SearchStrategy: all) did not find any beans (OnBeanCondition)
?[0m?[0;34m
?[0m?[0;34m   WebMvcAutoConfiguration matched:
?[0m?[0;34m      - @ConditionalOnClass found required classes 'javax.servlet.Servlet', 'org.springframework.web.servlet.DispatcherServlet', 'org.springframework.web.servlet.config.annotation.WebMvcConfigurer' (OnClassCondition)
?[0m?[0;34m      - found 'session' scope (OnWebApplicationCondition)
?[0m?[0;34m      - @ConditionalOnMissingBean (types: org.springframework.web.servlet.config.annotation.WebMvcConfigurationSupport; SearchStrategy: all) did not find any beans (OnBeanCondition)
?[0m?[0;34m
?[0m?[0;34m   WebMvcAutoConfiguration#formContentFilter matched:
?[0m?[0;34m      - @ConditionalOnProperty (spring.mvc.formcontent.filter.enabled) matched (OnPropertyCondition)
?[0m?[0;34m      - @ConditionalOnMissingBean (types: org.springframework.web.filter.FormContentFilter; SearchStrategy: all) did not find any beans (OnBeanCondition)
?[0m?[0;34m
?[0m?[0;34m   WebMvcAutoConfiguration.EnableWebMvcConfiguration#flashMapManager matched:
?[0m?[0;34m      - @ConditionalOnMissingBean (names: flashMapManager; SearchStrategy: all) did not find any beans (OnBeanCondition)
?[0m?[0;34m
?[0m?[0;34m   WebMvcAutoConfiguration.EnableWebMvcConfiguration#localeResolver matched:
?[0m?[0;34m      - @ConditionalOnMissingBean (names: localeResolver; SearchStrategy: all) did not find any beans (OnBeanCondition)
?[0m?[0;34m
?[0m?[0;34m   WebMvcAutoConfiguration.EnableWebMvcConfiguration#themeResolver matched:
?[0m?[0;34m      - @ConditionalOnMissingBean (names: themeResolver; SearchStrategy: all) did not find any beans (OnBeanCondition)
?[0m?[0;34m
?[0m?[0;34m   WebMvcAutoConfiguration.WebMvcAutoConfigurationAdapter#defaultViewResolver matched:
?[0m?[0;34m      - @ConditionalOnMissingBean (types: org.springframework.web.servlet.view.InternalResourceViewResolver; SearchStrategy: all) did not find any beans (OnBeanCondition)
?[0m?[0;34m
?[0m?[0;34m   WebMvcAutoConfiguration.WebMvcAutoConfigurationAdapter#requestContextFilter matched:
?[0m?[0;34m      - @ConditionalOnMissingBean (types: org.springframework.web.context.request.RequestContextListener,org.springframework.web.filter.RequestContextFilter; SearchStrategy: all) did not find any beans (OnBeanCondition)
?[0m?[0;34m
?[0m?[0;34m   WebMvcAutoConfiguration.WebMvcAutoConfigurationAdapter#viewResolver matched:
?[0m?[0;34m      - @ConditionalOnBean (types: org.springframework.web.servlet.ViewResolver; SearchStrategy: all) found beans 'defaultViewResolver', 'beanNameViewResolver', 'mvcViewResolver'; @ConditionalOnMissingBean (names: viewResolver types: org.springframework.web.servlet.view.ContentNegotiatingViewResolver; SearchStrategy: all) did not find any beans (OnBeanCondition)
?[0m?[0;34m
?[0m?[0;34m   WebMvcEndpointManagementContextConfiguration matched:
?[0m?[0;34m      - @ConditionalOnClass found required class 'org.springframework.web.servlet.DispatcherServlet' (OnClassCondition)
?[0m?[0;34m      - found 'session' scope (OnWebApplicationCondition)
?[0m?[0;34m      - @ConditionalOnBean (types: org.springframework.web.servlet.DispatcherServlet,org.springframework.boot.actuate.endpoint.web.WebEndpointsSupplier; SearchStrategy: all) found beans 'webEndpointDiscoverer', 'dispatcherServlet' (OnBeanCondition)
?[0m?[0;34m
?[0m?[0;34m   WebMvcEndpointManagementContextConfiguration#controllerEndpointHandlerMapping matched:
?[0m?[0;34m      - @ConditionalOnMissingBean (types: org.springframework.boot.actuate.endpoint.web.servlet.ControllerEndpointHandlerMapping; SearchStrategy: all) did not find any beans (OnBeanCondition)
?[0m?[0;34m
?[0m?[0;34m   WebMvcEndpointManagementContextConfiguration#webEndpointServletHandlerMapping matched:
?[0m?[0;34m      - @ConditionalOnMissingBean (types: org.springframework.boot.actuate.endpoint.web.servlet.WebMvcEndpointHandlerMapping; SearchStrategy: all) did not find any beans (OnBeanCondition)
?[0m?[0;34m
?[0m?[0;34m   WebMvcMetricsAutoConfiguration matched:
?[0m?[0;34m      - @ConditionalOnClass found required class 'org.springframework.web.servlet.DispatcherServlet' (OnClassCondition)
?[0m?[0;34m      - found 'session' scope (OnWebApplicationCondition)
?[0m?[0;34m      - @ConditionalOnBean (types: io.micrometer.core.instrument.MeterRegistry; SearchStrategy: all) found bean 'simpleMeterRegistry' (OnBeanCondition)
?[0m?[0;34m
?[0m?[0;34m   WebMvcMetricsAutoConfiguration#webMvcTagsProvider matched:
?[0m?[0;34m      - @ConditionalOnMissingBean (types: org.springframework.boot.actuate.metrics.web.servlet.WebMvcTagsProvider; SearchStrategy: all) did not find any beans (OnBeanCondition)
?[0m?[0;34m
?[0m?[0;34m   WebSocketServletAutoConfiguration matched:
?[0m?[0;34m      - @ConditionalOnClass found required classes 'javax.servlet.Servlet', 'javax.websocket.server.ServerContainer' (OnClassCondition)
?[0m?[0;34m      - found 'session' scope (OnWebApplicationCondition)
?[0m?[0;34m
?[0m?[0;34m   WebSocketServletAutoConfiguration.TomcatWebSocketConfiguration matched:
?[0m?[0;34m      - @ConditionalOnClass found required classes 'org.apache.catalina.startup.Tomcat', 'org.apache.tomcat.websocket.server.WsSci' (OnClassCondition)
?[0m?[0;34m
?[0m?[0;34m   WebSocketServletAutoConfiguration.TomcatWebSocketConfiguration#websocketServletWebServerCustomizer matched:
?[0m?[0;34m      - @ConditionalOnMissingBean (names: websocketServletWebServerCustomizer; SearchStrategy: all) did not find any beans (OnBeanCondition)
?[0m?[0;34m
?[0m?[0;34m
?[0m?[0;34mNegative matches:
?[0m?[0;34m-----------------
?[0m?[0;34m
?[0m?[0;34m   ActiveMQAutoConfiguration:
?[0m?[0;34m      Did not match:
?[0m?[0;34m         - @ConditionalOnClass did not find required class 'javax.jms.ConnectionFactory' (OnClassCondition)
?[0m?[0;34m
?[0m?[0;34m   AopAutoConfiguration.AspectJAutoProxyingConfiguration.JdkDynamicAutoProxyConfiguration:
?[0m?[0;34m      Did not match:
?[0m?[0;34m         - @ConditionalOnProperty (spring.aop.proxy-target-class=false) did not find property 'proxy-target-class' (OnPropertyCondition)
?[0m?[0;34m
?[0m?[0;34m   AopAutoConfiguration.ClassProxyingConfiguration:
?[0m?[0;34m      Did not match:
?[0m?[0;34m         - @ConditionalOnMissingClass found unwanted class 'org.aspectj.weaver.Advice' (OnClassCondition)
?[0m?[0;34m
?[0m?[0;34m   AppOpticsMetricsExportAutoConfiguration:
?[0m?[0;34m      Did not match:
?[0m?[0;34m         - @ConditionalOnClass did not find required class 'io.micrometer.appoptics.AppOpticsMeterRegistry' (OnClassCondition)
?[0m?[0;34m
?[0m?[0;34m   ArtemisAutoConfiguration:
?[0m?[0;34m      Did not match:
?[0m?[0;34m         - @ConditionalOnClass did not find required class 'javax.jms.ConnectionFactory' (OnClassCondition)
?[0m?[0;34m
?[0m?[0;34m   AtlasMetricsExportAutoConfiguration:
?[0m?[0;34m      Did not match:
?[0m?[0;34m         - @ConditionalOnClass did not find required class 'io.micrometer.atlas.AtlasMeterRegistry' (OnClassCondition)
?[0m?[0;34m
?[0m?[0;34m   AtomikosJtaConfiguration:
?[0m?[0;34m      Did not match:
?[0m?[0;34m         - @ConditionalOnClass did not find required class 'com.atomikos.icatch.jta.UserTransactionManager' (OnClassCondition)
?[0m?[0;34m
?[0m?[0;34m   AuditAutoConfiguration:
?[0m?[0;34m      Did not match:
?[0m?[0;34m         - @ConditionalOnBean (types: org.springframework.boot.actuate.audit.AuditEventRepository; SearchStrategy: all) did not find any beans of type org.springframework.boot.actuate.audit.AuditEventRepository (OnBeanCondition)
?[0m?[0;34m      Matched:
?[0m?[0;34m         - @ConditionalOnProperty (management.auditevents.enabled) matched (OnPropertyCondition)
?[0m?[0;34m
?[0m?[0;34m   AuditEventsEndpointAutoConfiguration#auditEventsEndpoint:
?[0m?[0;34m      Did not match:
?[0m?[0;34m         - @ConditionalOnBean (types: org.springframework.boot.actuate.audit.AuditEventRepository; SearchStrategy: all) did not find any beans of type org.springframework.boot.actuate.audit.AuditEventRepository (OnBeanCondition)
?[0m?[0;34m
?[0m?[0;34m   AvailabilityHealthContributorAutoConfiguration#livenessStateHealthIndicator:
?[0m?[0;34m      Did not match:
?[0m?[0;34m         - @ConditionalOnProperty (management.health.livenessstate.enabled=true) did not find property 'enabled' (OnPropertyCondition)
?[0m?[0;34m
?[0m?[0;34m   AvailabilityHealthContributorAutoConfiguration#readinessStateHealthIndicator:
?[0m?[0;34m      Did not match:
?[0m?[0;34m         - @ConditionalOnProperty (management.health.readinessstate.enabled=true) did not find property 'enabled' (OnPropertyCondition)
?[0m?[0;34m
?[0m?[0;34m   AvailabilityProbesAutoConfiguration:
?[0m?[0;34m      Did not match:
?[0m?[0;34m         - Probes availability not running on a supported cloud platform (AvailabilityProbesAutoConfiguration.ProbesCondition)
?[0m?[0;34m
?[0m?[0;34m   BatchAutoConfiguration:
?[0m?[0;34m      Did not match:
?[0m?[0;34m         - @ConditionalOnClass did not find required class 'org.springframework.batch.core.launch.JobLauncher' (OnClassCondition)
?[0m?[0;34m
?[0m?[0;34m   CacheAutoConfiguration:
?[0m?[0;34m      Did not match:
?[0m?[0;34m         - @ConditionalOnBean (types: org.springframework.cache.interceptor.CacheAspectSupport; SearchStrategy: all) did not find any beans of type org.springframework.cache.interceptor.CacheAspectSupport (OnBeanCondition)
?[0m?[0;34m      Matched:
?[0m?[0;34m         - @ConditionalOnClass found required class 'org.springframework.cache.CacheManager' (OnClassCondition)
?[0m?[0;34m
?[0m?[0;34m   CacheAutoConfiguration.CacheManagerEntityManagerFactoryDependsOnPostProcessor:
?[0m?[0;34m      Did not match:
?[0m?[0;34m         - Ancestor org.springframework.boot.autoconfigure.cache.CacheAutoConfiguration did not match (ConditionEvaluationReport.AncestorsMatchedCondition)
?[0m?[0;34m      Matched:
?[0m?[0;34m         - @ConditionalOnClass found required class 'org.springframework.orm.jpa.LocalContainerEntityManagerFactoryBean' (OnClassCondition)
?[0m?[0;34m
?[0m?[0;34m   CacheMeterBinderProvidersConfiguration.CaffeineCacheMeterBinderProviderConfiguration:
?[0m?[0;34m      Did not match:
?[0m?[0;34m         - @ConditionalOnClass did not find required classes 'org.springframework.cache.caffeine.CaffeineCache', 'com.github.benmanes.caffeine.cache.Cache' (OnClassCondition)
?[0m?[0;34m
?[0m?[0;34m   CacheMeterBinderProvidersConfiguration.EhCache2CacheMeterBinderProviderConfiguration:
?[0m?[0;34m      Did not match:
?[0m?[0;34m         - @ConditionalOnClass did not find required classes 'org.springframework.cache.ehcache.EhCacheCache', 'net.sf.ehcache.Ehcache' (OnClassCondition)
?[0m?[0;34m
?[0m?[0;34m   CacheMeterBinderProvidersConfiguration.HazelcastCacheMeterBinderProviderConfiguration:
?[0m?[0;34m      Did not match:
?[0m?[0;34m         - @ConditionalOnClass did not find required classes 'com.hazelcast.spring.cache.HazelcastCache', 'com.hazelcast.core.Hazelcast' (OnClassCondition)
?[0m?[0;34m
?[0m?[0;34m   CacheMeterBinderProvidersConfiguration.JCacheCacheMeterBinderProviderConfiguration:
?[0m?[0;34m      Did not match:
?[0m?[0;34m         - @ConditionalOnClass did not find required classes 'org.springframework.cache.jcache.JCacheCache', 'javax.cache.CacheManager' (OnClassCondition)
?[0m?[0;34m
?[0m?[0;34m   CacheMeterBinderProvidersConfiguration.RedisCacheMeterBinderProviderConfiguration:
?[0m?[0;34m      Did not match:
?[0m?[0;34m         - @ConditionalOnClass did not find required class 'org.springframework.data.redis.cache.RedisCache' (OnClassCondition)
?[0m?[0;34m
?[0m?[0;34m   CacheMetricsAutoConfiguration:
?[0m?[0;34m      Did not match:
?[0m?[0;34m         - @ConditionalOnBean (types: org.springframework.cache.CacheManager; SearchStrategy: all) did not find any beans of type org.springframework.cache.CacheManager (OnBeanCondition)
?[0m?[0;34m
?[0m?[0;34m   CaffeineCacheConfiguration:
?[0m?[0;34m      Did not match:
?[0m?[0;34m         - @ConditionalOnClass did not find required class 'com.github.benmanes.caffeine.cache.Caffeine' (OnClassCondition)
?[0m?[0;34m
?[0m?[0;34m   CassandraAutoConfiguration:
?[0m?[0;34m      Did not match:
?[0m?[0;34m         - @ConditionalOnClass did not find required class 'com.datastax.oss.driver.api.core.CqlSession' (OnClassCondition)
?[0m?[0;34m
?[0m?[0;34m   CassandraDataAutoConfiguration:
?[0m?[0;34m      Did not match:
?[0m?[0;34m         - @ConditionalOnClass did not find required class 'com.datastax.oss.driver.api.core.CqlSession' (OnClassCondition)
?[0m?[0;34m
?[0m?[0;34m   CassandraHealthContributorAutoConfiguration:
?[0m?[0;34m      Did not match:
?[0m?[0;34m         - @ConditionalOnClass did not find required class 'com.datastax.oss.driver.api.core.CqlSession' (OnClassCondition)
?[0m?[0;34m
?[0m?[0;34m   CassandraReactiveDataAutoConfiguration:
?[0m?[0;34m      Did not match:
?[0m?[0;34m         - @ConditionalOnClass did not find required class 'com.datastax.oss.driver.api.core.CqlSession' (OnClassCondition)
?[0m?[0;34m
?[0m?[0;34m   CassandraReactiveHealthContributorAutoConfiguration:
?[0m?[0;34m      Did not match:
?[0m?[0;34m         - @ConditionalOnClass did not find required class 'com.datastax.oss.driver.api.core.CqlSession' (OnClassCondition)
?[0m?[0;34m
?[0m?[0;34m   CassandraReactiveRepositoriesAutoConfiguration:
?[0m?[0;34m      Did not match:
?[0m?[0;34m         - @ConditionalOnClass did not find required class 'org.springframework.data.cassandra.ReactiveSession' (OnClassCondition)
?[0m?[0;34m
?[0m?[0;34m   CassandraRepositoriesAutoConfiguration:
?[0m?[0;34m      Did not match:
?[0m?[0;34m         - @ConditionalOnClass did not find required class 'com.datastax.oss.driver.api.core.CqlSession' (OnClassCondition)
?[0m?[0;34m
?[0m?[0;34m   ClientHttpConnectorAutoConfiguration:
?[0m?[0;34m      Did not match:
?[0m?[0;34m         - @ConditionalOnClass did not find required class 'org.springframework.web.reactive.function.client.WebClient' (OnClassCondition)
?[0m?[0;34m
?[0m?[0;34m   CloudFoundryActuatorAutoConfiguration:
?[0m?[0;34m      Did not match:
?[0m?[0;34m         - @ConditionalOnCloudPlatform did not find CLOUD_FOUNDRY (OnCloudPlatformCondition)
?[0m?[0;34m      Matched:
?[0m?[0;34m         - @ConditionalOnClass found required class 'org.springframework.web.servlet.DispatcherServlet' (OnClassCondition)
?[0m?[0;34m         - found 'session' scope (OnWebApplicationCondition)
?[0m?[0;34m         - @ConditionalOnProperty (management.cloudfoundry.enabled) matched (OnPropertyCondition)
?[0m?[0;34m
?[0m?[0;34m   CodecsAutoConfiguration:
?[0m?[0;34m      Did not match:
?[0m?[0;34m         - @ConditionalOnClass did not find required class 'org.springframework.web.reactive.function.client.WebClient' (OnClassCondition)
?[0m?[0;34m
?[0m?[0;34m   CompositeMeterRegistryConfiguration:
?[0m?[0;34m      Did not match:
?[0m?[0;34m         - NoneNestedConditions 1 matched 1 did not; NestedCondition on CompositeMeterRegistryConfiguration.MultipleNonPrimaryMeterRegistriesCondition.SingleInjectableMeterRegistry @ConditionalOnSingleCandidate (types: io.micrometer.core.instrument.MeterRegistry; SearchStrategy: all) found a primary bean from beans 'simpleMeterRegistry'; NestedCondition on CompositeMeterRegistryConfiguration.MultipleNonPrimaryMeterRegistriesCondition.NoMeterRegistryCondition @ConditionalOnMissingBean (types: io.micrometer.core.instrument.MeterRegistry; SearchStrategy: all) found beans of type 'io.micrometer.core.instrument.MeterRegistry' simpleMeterRegistry (CompositeMeterRegistryConfiguration.MultipleNonPrimaryMeterRegistriesCondition)
?[0m?[0;34m
?[0m?[0;34m   ConnectionFactoryHealthContributorAutoConfiguration:
?[0m?[0;34m      Did not match:
?[0m?[0;34m         - @ConditionalOnClass did not find required class 'io.r2dbc.spi.ConnectionFactory' (OnClassCondition)
?[0m?[0;34m
?[0m?[0;34m   ConnectionPoolMetricsAutoConfiguration:
?[0m?[0;34m      Did not match:
?[0m?[0;34m         - @ConditionalOnClass did not find required class 'io.r2dbc.pool.ConnectionPool' (OnClassCondition)
?[0m?[0;34m
?[0m?[0;34m   CouchbaseAutoConfiguration:
?[0m?[0;34m      Did not match:
?[0m?[0;34m         - @ConditionalOnClass did not find required class 'com.couchbase.client.java.Cluster' (OnClassCondition)
?[0m?[0;34m
?[0m?[0;34m   CouchbaseCacheConfiguration:
?[0m?[0;34m      Did not match:
?[0m?[0;34m         - @ConditionalOnClass did not find required class 'com.couchbase.client.java.Cluster' (OnClassCondition)
?[0m?[0;34m
?[0m?[0;34m   CouchbaseDataAutoConfiguration:
?[0m?[0;34m      Did not match:
?[0m?[0;34m         - @ConditionalOnClass did not find required class 'com.couchbase.client.java.Bucket' (OnClassCondition)
?[0m?[0;34m
?[0m?[0;34m   CouchbaseHealthContributorAutoConfiguration:
?[0m?[0;34m      Did not match:
?[0m?[0;34m         - @ConditionalOnClass did not find required class 'com.couchbase.client.java.Cluster' (OnClassCondition)
?[0m?[0;34m
?[0m?[0;34m   CouchbaseReactiveDataAutoConfiguration:
?[0m?[0;34m      Did not match:
?[0m?[0;34m         - @ConditionalOnClass did not find required class 'com.couchbase.client.java.Cluster' (OnClassCondition)
?[0m?[0;34m
?[0m?[0;34m   CouchbaseReactiveHealthContributorAutoConfiguration:
?[0m?[0;34m      Did not match:
?[0m?[0;34m         - @ConditionalOnClass did not find required class 'com.couchbase.client.java.Cluster' (OnClassCondition)
?[0m?[0;34m
?[0m?[0;34m   CouchbaseReactiveRepositoriesAutoConfiguration:
?[0m?[0;34m      Did not match:
?[0m?[0;34m         - @ConditionalOnClass did not find required class 'com.couchbase.client.java.Cluster' (OnClassCondition)
?[0m?[0;34m
?[0m?[0;34m   CouchbaseRepositoriesAutoConfiguration:
?[0m?[0;34m      Did not match:
?[0m?[0;34m         - @ConditionalOnClass did not find required class 'com.couchbase.client.java.Bucket' (OnClassCondition)
?[0m?[0;34m
?[0m?[0;34m   DataSourceAutoConfiguration.EmbeddedDatabaseConfiguration:
?[0m?[0;34m      Did not match:
?[0m?[0;34m         - EmbeddedDataSource spring.datasource.url is set (DataSourceAutoConfiguration.EmbeddedDatabaseCondition)
?[0m?[0;34m
?[0m?[0;34m   DataSourceConfiguration.Dbcp2:
?[0m?[0;34m      Did not match:
?[0m?[0;34m         - @ConditionalOnClass did not find required class 'org.apache.commons.dbcp2.BasicDataSource' (OnClassCondition)
?[0m?[0;34m
?[0m?[0;34m   DataSourceConfiguration.Generic:
?[0m?[0;34m      Did not match:
?[0m?[0;34m         - @ConditionalOnProperty (spring.datasource.type) did not find property 'spring.datasource.type' (OnPropertyCondition)
?[0m?[0;34m
?[0m?[0;34m   DataSourceConfiguration.OracleUcp:
?[0m?[0;34m      Did not match:
?[0m?[0;34m         - @ConditionalOnClass did not find required classes 'oracle.ucp.jdbc.PoolDataSourceImpl', 'oracle.jdbc.OracleConnection' (OnClassCondition)
?[0m?[0;34m
?[0m?[0;34m   DataSourceConfiguration.Tomcat:
?[0m?[0;34m      Did not match:
?[0m?[0;34m         - @ConditionalOnClass did not find required class 'org.apache.tomcat.jdbc.pool.DataSource' (OnClassCondition)
?[0m?[0;34m
?[0m?[0;34m   DataSourceInitializationConfiguration.InitializationSpecificCredentialsDataSourceInitializationConfiguration:
?[0m?[0;34m      Did not match:
?[0m?[0;34m         - AnyNestedCondition 0 matched 2 did not; NestedCondition on DataSourceInitializationConfiguration.InitializationSpecificCredentialsDataSourceInitializationConfiguration.DifferentCredentialsCondition.DataCredentials @ConditionalOnProperty (spring.datasource.data-username) did not find property 'data-username'; NestedCondition on DataSourceInitializationConfiguration.InitializationSpecificCredentialsDataSourceInitializationConfiguration.DifferentCredentialsCondition.SchemaCredentials @ConditionalOnProperty (spring.datasource.schema-username) did not find property 'schema-username' (DataSourceInitializationConfiguration.InitializationSpecificCredentialsDataSourceInitializationConfiguration.DifferentCredentialsCondition)
?[0m?[0;34m
?[0m?[0;34m   DataSourceInitializationConfiguration.SharedCredentialsDataSourceInitializationConfiguration:
?[0m?[0;34m      Did not match:
?[0m?[0;34m         - DataSource Initialization did not find configured properties spring.datasource.data-username, spring.datasource.schema-password, spring.datasource.schema[0], spring.datasource.data[0], spring.datasource.data, spring.datasource.schema-username, spring.datasource.data-password, spring.datasource.initialization-mode, spring.datasource.schema, spring.datasource.sql-script-encoding, spring.datasource.separator, spring.datasource.platform, spring.datasource.continue-on-error (DataSourceInitializationConfiguration.SharedCredentialsDataSourceInitializationConfiguration.DataSourceInitializationCondition)
?[0m?[0;34m
?[0m?[0;34m   DataSourceJmxConfiguration.TomcatDataSourceJmxConfiguration:
?[0m?[0;34m      Did not match:
?[0m?[0;34m         - @ConditionalOnClass did not find required class 'org.apache.tomcat.jdbc.pool.DataSourceProxy' (OnClassCondition)
?[0m?[0;34m
?[0m?[0;34m   DataSourcePoolMetadataProvidersConfiguration.CommonsDbcp2PoolDataSourceMetadataProviderConfiguration:
?[0m?[0;34m      Did not match:
?[0m?[0;34m         - @ConditionalOnClass did not find required class 'org.apache.commons.dbcp2.BasicDataSource' (OnClassCondition)
?[0m?[0;34m
?[0m?[0;34m   DataSourcePoolMetadataProvidersConfiguration.OracleUcpPoolDataSourceMetadataProviderConfiguration:
?[0m?[0;34m      Did not match:
?[0m?[0;34m         - @ConditionalOnClass did not find required classes 'oracle.ucp.jdbc.PoolDataSource', 'oracle.jdbc.OracleConnection' (OnClassCondition)
?[0m?[0;34m
?[0m?[0;34m   DataSourcePoolMetadataProvidersConfiguration.TomcatDataSourcePoolMetadataProviderConfiguration:
?[0m?[0;34m      Did not match:
?[0m?[0;34m         - @ConditionalOnClass did not find required class 'org.apache.tomcat.jdbc.pool.DataSource' (OnClassCondition)
?[0m?[0;34m
?[0m?[0;34m   DataSourceTransactionManagerAutoConfiguration.JdbcTransactionManagerConfiguration#transactionManager:
?[0m?[0;34m      Did not match:
?[0m?[0;34m         - @ConditionalOnMissingBean (types: org.springframework.transaction.TransactionManager; SearchStrategy: all) found beans of type 'org.springframework.transaction.TransactionManager' transactionManager (OnBeanCondition)
?[0m?[0;34m
?[0m?[0;34m   DatadogMetricsExportAutoConfiguration:
?[0m?[0;34m      Did not match:
?[0m?[0;34m         - @ConditionalOnClass did not find required class 'io.micrometer.datadog.DatadogMeterRegistry' (OnClassCondition)
?[0m?[0;34m
?[0m?[0;34m   DispatcherServletAutoConfiguration.DispatcherServletConfiguration#multipartResolver:
?[0m?[0;34m      Did not match:
?[0m?[0;34m         - @ConditionalOnBean (types: org.springframework.web.multipart.MultipartResolver; SearchStrategy: all) did not find any beans of type org.springframework.web.multipart.MultipartResolver (OnBeanCondition)
?[0m?[0;34m
?[0m?[0;34m   DynatraceMetricsExportAutoConfiguration:
?[0m?[0;34m      Did not match:
?[0m?[0;34m         - @ConditionalOnClass did not find required class 'io.micrometer.dynatrace.DynatraceMeterRegistry' (OnClassCondition)
?[0m?[0;34m
?[0m?[0;34m   EhCacheCacheConfiguration:
?[0m?[0;34m      Did not match:
?[0m?[0;34m         - @ConditionalOnClass did not find required class 'net.sf.ehcache.Cache' (OnClassCondition)
?[0m?[0;34m
?[0m?[0;34m   ElasticMetricsExportAutoConfiguration:
?[0m?[0;34m      Did not match:
?[0m?[0;34m         - @ConditionalOnClass did not find required class 'io.micrometer.elastic.ElasticMeterRegistry' (OnClassCondition)
?[0m?[0;34m
?[0m?[0;34m   ElasticSearchReactiveHealthContributorAutoConfiguration:
?[0m?[0;34m      Did not match:
?[0m?[0;34m         - @ConditionalOnClass did not find required class 'reactor.core.publisher.Flux' (OnClassCondition)
?[0m?[0;34m
?[0m?[0;34m   ElasticSearchRestHealthContributorAutoConfiguration:
?[0m?[0;34m      Did not match:
?[0m?[0;34m         - @ConditionalOnClass did not find required class 'org.elasticsearch.client.RestHighLevelClient' (OnClassCondition)
?[0m?[0;34m
?[0m?[0;34m   ElasticsearchDataAutoConfiguration:
?[0m?[0;34m      Did not match:
?[0m?[0;34m         - @ConditionalOnClass did not find required class 'org.springframework.data.elasticsearch.core.ElasticsearchRestTemplate' (OnClassCondition)
?[0m?[0;34m
?[0m?[0;34m   ElasticsearchRepositoriesAutoConfiguration:
?[0m?[0;34m      Did not match:
?[0m?[0;34m         - @ConditionalOnClass did not find required class 'org.elasticsearch.client.Client' (OnClassCondition)
?[0m?[0;34m
?[0m?[0;34m   ElasticsearchRestClientAutoConfiguration:
?[0m?[0;34m      Did not match:
?[0m?[0;34m         - @ConditionalOnClass did not find required class 'org.elasticsearch.client.RestHighLevelClient' (OnClassCondition)
?[0m?[0;34m
?[0m?[0;34m   EmbeddedLdapAutoConfiguration:
?[0m?[0;34m      Did not match:
?[0m?[0;34m         - @ConditionalOnClass did not find required class 'com.unboundid.ldap.listener.InMemoryDirectoryServer' (OnClassCondition)
?[0m?[0;34m
?[0m?[0;34m   EmbeddedMongoAutoConfiguration:
?[0m?[0;34m      Did not match:
?[0m?[0;34m         - @ConditionalOnClass did not find required class 'com.mongodb.MongoClientSettings' (OnClassCondition)
?[0m?[0;34m
?[0m?[0;34m   EmbeddedWebServerFactoryCustomizerAutoConfiguration.JettyWebServerFactoryCustomizerConfiguration:
?[0m?[0;34m      Did not match:
?[0m?[0;34m         - @ConditionalOnClass did not find required classes 'org.eclipse.jetty.server.Server', 'org.eclipse.jetty.util.Loader', 'org.eclipse.jetty.webapp.WebAppContext' (OnClassCondition)
?[0m?[0;34m
?[0m?[0;34m   EmbeddedWebServerFactoryCustomizerAutoConfiguration.NettyWebServerFactoryCustomizerConfiguration:
?[0m?[0;34m      Did not match:
?[0m?[0;34m         - @ConditionalOnClass did not find required class 'reactor.netty.http.server.HttpServer' (OnClassCondition)
?[0m?[0;34m
?[0m?[0;34m   EmbeddedWebServerFactoryCustomizerAutoConfiguration.UndertowWebServerFactoryCustomizerConfiguration:
?[0m?[0;34m      Did not match:
?[0m?[0;34m         - @ConditionalOnClass did not find required classes 'io.undertow.Undertow', 'org.xnio.SslClientAuthMode' (OnClassCondition)
?[0m?[0;34m
?[0m?[0;34m   ErrorWebFluxAutoConfiguration:
?[0m?[0;34m      Did not match:
?[0m?[0;34m         - @ConditionalOnClass did not find required class 'org.springframework.web.reactive.config.WebFluxConfigurer' (OnClassCondition)
?[0m?[0;34m
?[0m?[0;34m   FlywayAutoConfiguration:
?[0m?[0;34m      Did not match:
?[0m?[0;34m         - @ConditionalOnClass did not find required class 'org.flywaydb.core.Flyway' (OnClassCondition)
?[0m?[0;34m
?[0m?[0;34m   FlywayEndpointAutoConfiguration:
?[0m?[0;34m      Did not match:
?[0m?[0;34m         - @ConditionalOnClass did not find required class 'org.flywaydb.core.Flyway' (OnClassCondition)
?[0m?[0;34m
?[0m?[0;34m   FreeMarkerAutoConfiguration:
?[0m?[0;34m      Did not match:
?[0m?[0;34m         - @ConditionalOnClass did not find required class 'freemarker.template.Configuration' (OnClassCondition)
?[0m?[0;34m
?[0m?[0;34m   GangliaMetricsExportAutoConfiguration:
?[0m?[0;34m      Did not match:
?[0m?[0;34m         - @ConditionalOnClass did not find required class 'io.micrometer.ganglia.GangliaMeterRegistry' (OnClassCondition)
?[0m?[0;34m
?[0m?[0;34m   GraphiteMetricsExportAutoConfiguration:
?[0m?[0;34m      Did not match:
?[0m?[0;34m         - @ConditionalOnClass did not find required class 'io.micrometer.graphite.GraphiteMeterRegistry' (OnClassCondition)
?[0m?[0;34m
?[0m?[0;34m   GroovyTemplateAutoConfiguration:
?[0m?[0;34m      Did not match:
?[0m?[0;34m         - @ConditionalOnClass did not find required class 'groovy.text.markup.MarkupTemplateEngine' (OnClassCondition)
?[0m?[0;34m
?[0m?[0;34m   GsonHttpMessageConvertersConfiguration.GsonHttpMessageConverterConfiguration:
?[0m?[0;34m      Did not match:
?[0m?[0;34m         - AnyNestedCondition 0 matched 2 did not; NestedCondition on GsonHttpMessageConvertersConfiguration.PreferGsonOrJacksonAndJsonbUnavailableCondition.JacksonJsonbUnavailable NoneNestedConditions 1 matched 1 did not; NestedCondition on GsonHttpMessageConvertersConfiguration.JacksonAndJsonbUnavailableCondition.JsonbPreferred @ConditionalOnProperty (spring.mvc.converters.preferred-json-mapper=jsonb) did not find property 'spring.mvc.converters.preferred-json-mapper'; NestedCondition on GsonHttpMessageConvertersConfiguration.JacksonAndJsonbUnavailableCondition.JacksonAvailable @ConditionalOnBean (types: org.springframework.http.converter.json.MappingJackson2HttpMessageConverter; SearchStrategy: all) found bean 'mappingJackson2HttpMessageConverter'; NestedCondition on GsonHttpMessageConvertersConfiguration.PreferGsonOrJacksonAndJsonbUnavailableCondition.GsonPreferred @ConditionalOnProperty (spring.mvc.converters.preferred-json-mapper=gson) did not find property 'spring.mvc.converters.preferred-json-mapper' (GsonHttpMessageConvertersConfiguration.PreferGsonOrJacksonAndJsonbUnavailableCondition)
?[0m?[0;34m
?[0m?[0;34m   HazelcastAutoConfiguration:
?[0m?[0;34m      Did not match:
?[0m?[0;34m         - @ConditionalOnClass did not find required class 'com.hazelcast.core.HazelcastInstance' (OnClassCondition)
?[0m?[0;34m
?[0m?[0;34m   HazelcastCacheConfiguration:
?[0m?[0;34m      Did not match:
?[0m?[0;34m         - @ConditionalOnClass did not find required class 'com.hazelcast.core.HazelcastInstance' (OnClassCondition)
?[0m?[0;34m
?[0m?[0;34m   HazelcastHealthContributorAutoConfiguration:
?[0m?[0;34m      Did not match:
?[0m?[0;34m         - @ConditionalOnClass did not find required class 'com.hazelcast.core.HazelcastInstance' (OnClassCondition)
?[0m?[0;34m
?[0m?[0;34m   HazelcastJpaDependencyAutoConfiguration:
?[0m?[0;34m      Did not match:
?[0m?[0;34m         - @ConditionalOnClass did not find required class 'com.hazelcast.core.HazelcastInstance' (OnClassCondition)
?[0m?[0;34m
?[0m?[0;34m   HealthEndpointReactiveWebExtensionConfiguration:
?[0m?[0;34m      Did not match:
?[0m?[0;34m         - did not find reactive web application classes (OnWebApplicationCondition)
?[0m?[0;34m
?[0m?[0;34m   HibernateMetricsAutoConfiguration:
?[0m?[0;34m      Did not match:
?[0m?[0;34m         - @ConditionalOnClass did not find required class 'org.hibernate.stat.HibernateMetrics' (OnClassCondition)
?[0m?[0;34m
?[0m?[0;34m   HttpHandlerAutoConfiguration:
?[0m?[0;34m      Did not match:
?[0m?[0;34m         - @ConditionalOnClass did not find required class 'org.springframework.web.reactive.DispatcherHandler' (OnClassCondition)
?[0m?[0;34m
?[0m?[0;34m   HttpTraceAutoConfiguration:
?[0m?[0;34m      Did not match:
?[0m?[0;34m         - @ConditionalOnBean (types: org.springframework.boot.actuate.trace.http.HttpTraceRepository; SearchStrategy: all) did not find any beans of type org.springframework.boot.actuate.trace.http.HttpTraceRepository (OnBeanCondition)
?[0m?[0;34m      Matched:
?[0m?[0;34m         - @ConditionalOnWebApplication (required) found 'session' scope (OnWebApplicationCondition)
?[0m?[0;34m         - @ConditionalOnProperty (management.trace.http.enabled) matched (OnPropertyCondition)
?[0m?[0;34m
?[0m?[0;34m   HttpTraceAutoConfiguration.ReactiveTraceFilterConfiguration:
?[0m?[0;34m      Did not match:
?[0m?[0;34m         - did not find reactive web application classes (OnWebApplicationCondition)
?[0m?[0;34m         - Ancestor org.springframework.boot.actuate.autoconfigure.trace.http.HttpTraceAutoConfiguration did not match (ConditionEvaluationReport.AncestorsMatchedCondition)
?[0m?[0;34m
?[0m?[0;34m   HttpTraceAutoConfiguration.ServletTraceFilterConfiguration:
?[0m?[0;34m      Did not match:
?[0m?[0;34m         - Ancestor org.springframework.boot.actuate.autoconfigure.trace.http.HttpTraceAutoConfiguration did not match (ConditionEvaluationReport.AncestorsMatchedCondition)
?[0m?[0;34m      Matched:
?[0m?[0;34m         - found 'session' scope (OnWebApplicationCondition)
?[0m?[0;34m
?[0m?[0;34m   HttpTraceEndpointAutoConfiguration#httpTraceEndpoint:
?[0m?[0;34m      Did not match:
?[0m?[0;34m         - @ConditionalOnBean (types: org.springframework.boot.actuate.trace.http.HttpTraceRepository; SearchStrategy: all) did not find any beans of type org.springframework.boot.actuate.trace.http.HttpTraceRepository (OnBeanCondition)
?[0m?[0;34m
?[0m?[0;34m   HumioMetricsExportAutoConfiguration:
?[0m?[0;34m      Did not match:
?[0m?[0;34m         - @ConditionalOnClass did not find required class 'io.micrometer.humio.HumioMeterRegistry' (OnClassCondition)
?[0m?[0;34m
?[0m?[0;34m   HypermediaAutoConfiguration:
?[0m?[0;34m      Did not match:
?[0m?[0;34m         - @ConditionalOnClass did not find required class 'org.springframework.hateoas.EntityModel' (OnClassCondition)
?[0m?[0;34m
?[0m?[0;34m   InfinispanCacheConfiguration:
?[0m?[0;34m      Did not match:
?[0m?[0;34m         - @ConditionalOnClass did not find required class 'org.infinispan.spring.embedded.provider.SpringEmbeddedCacheManager' (OnClassCondition)
?[0m?[0;34m
?[0m?[0;34m   InfluxDbAutoConfiguration:
?[0m?[0;34m      Did not match:
?[0m?[0;34m         - @ConditionalOnClass did not find required class 'org.influxdb.InfluxDB' (OnClassCondition)
?[0m?[0;34m
?[0m?[0;34m   InfluxDbHealthContributorAutoConfiguration:
?[0m?[0;34m      Did not match:
?[0m?[0;34m         - @ConditionalOnClass did not find required class 'org.influxdb.InfluxDB' (OnClassCondition)
?[0m?[0;34m
?[0m?[0;34m   InfluxMetricsExportAutoConfiguration:
?[0m?[0;34m      Did not match:
?[0m?[0;34m         - @ConditionalOnClass did not find required class 'io.micrometer.influx.InfluxMeterRegistry' (OnClassCondition)
?[0m?[0;34m
?[0m?[0;34m   InfoContributorAutoConfiguration#buildInfoContributor:
?[0m?[0;34m      Did not match:
?[0m?[0;34m         - @ConditionalOnSingleCandidate (types: org.springframework.boot.info.BuildProperties; SearchStrategy: all) did not find any beans (OnBeanCondition)
?[0m?[0;34m      Matched:
?[0m?[0;34m         - @ConditionalOnEnabledInfoContributor management.info.defaults.enabled is considered true (OnEnabledInfoContributorCondition)
?[0m?[0;34m
?[0m?[0;34m   InfoContributorAutoConfiguration#gitInfoContributor:
?[0m?[0;34m      Did not match:
?[0m?[0;34m         - @ConditionalOnSingleCandidate (types: org.springframework.boot.info.GitProperties; SearchStrategy: all) did not find any beans (OnBeanCondition)
?[0m?[0;34m      Matched:
?[0m?[0;34m         - @ConditionalOnEnabledInfoContributor management.info.defaults.enabled is considered true (OnEnabledInfoContributorCondition)
?[0m?[0;34m
?[0m?[0;34m   IntegrationAutoConfiguration:
?[0m?[0;34m      Did not match:
?[0m?[0;34m         - @ConditionalOnClass did not find required class 'org.springframework.integration.config.EnableIntegration' (OnClassCondition)
?[0m?[0;34m
?[0m?[0;34m   IntegrationGraphEndpointAutoConfiguration:
?[0m?[0;34m      Did not match:
?[0m?[0;34m         - @ConditionalOnClass did not find required class 'org.springframework.integration.graph.IntegrationGraphServer' (OnClassCondition)
?[0m?[0;34m
?[0m?[0;34m   JCacheCacheConfiguration:
?[0m?[0;34m      Did not match:
?[0m?[0;34m         - @ConditionalOnClass did not find required class 'javax.cache.Caching' (OnClassCondition)
?[0m?[0;34m
?[0m?[0;34m   JacksonHttpMessageConvertersConfiguration.MappingJackson2XmlHttpMessageConverterConfiguration:
?[0m?[0;34m      Did not match:
?[0m?[0;34m         - @ConditionalOnClass did not find required class 'com.fasterxml.jackson.dataformat.xml.XmlMapper' (OnClassCondition)
?[0m?[0;34m
?[0m?[0;34m   JdbcRepositoriesAutoConfiguration:
?[0m?[0;34m      Did not match:
?[0m?[0;34m         - @ConditionalOnClass did not find required class 'org.springframework.data.jdbc.repository.config.AbstractJdbcConfiguration' (OnClassCondition)
?[0m?[0;34m
?[0m?[0;34m   JerseyAutoConfiguration:
?[0m?[0;34m      Did not match:
?[0m?[0;34m         - @ConditionalOnClass did not find required class 'org.glassfish.jersey.server.spring.SpringComponentProvider' (OnClassCondition)
?[0m?[0;34m
?[0m?[0;34m   JerseySameManagementContextConfiguration:
?[0m?[0;34m      Did not match:
?[0m?[0;34m         - @ConditionalOnClass did not find required class 'org.glassfish.jersey.server.ResourceConfig' (OnClassCondition)
?[0m?[0;34m
?[0m?[0;34m   JerseyServerMetricsAutoConfiguration:
?[0m?[0;34m      Did not match:
?[0m?[0;34m         - @ConditionalOnClass did not find required class 'io.micrometer.jersey2.server.MetricsApplicationEventListener' (OnClassCondition)
?[0m?[0;34m
?[0m?[0;34m   JerseyWebEndpointManagementContextConfiguration:
?[0m?[0;34m      Did not match:
?[0m?[0;34m         - @ConditionalOnClass did not find required class 'org.glassfish.jersey.server.ResourceConfig' (OnClassCondition)
?[0m?[0;34m
?[0m?[0;34m   JettyMetricsAutoConfiguration:
?[0m?[0;34m      Did not match:
?[0m?[0;34m         - @ConditionalOnClass did not find required class 'org.eclipse.jetty.server.Server' (OnClassCondition)
?[0m?[0;34m
?[0m?[0;34m   JmsAutoConfiguration:
?[0m?[0;34m      Did not match:
?[0m?[0;34m         - @ConditionalOnClass did not find required class 'javax.jms.Message' (OnClassCondition)
?[0m?[0;34m
?[0m?[0;34m   JmsHealthContributorAutoConfiguration:
?[0m?[0;34m      Did not match:
?[0m?[0;34m         - @ConditionalOnClass did not find required class 'javax.jms.ConnectionFactory' (OnClassCondition)
?[0m?[0;34m
?[0m?[0;34m   JmxAutoConfiguration:
?[0m?[0;34m      Did not match:
?[0m?[0;34m         - @ConditionalOnProperty (spring.jmx.enabled=true) did not find property 'enabled' (OnPropertyCondition)
?[0m?[0;34m      Matched:
?[0m?[0;34m         - @ConditionalOnClass found required class 'org.springframework.jmx.export.MBeanExporter' (OnClassCondition)
?[0m?[0;34m
?[0m?[0;34m   JmxEndpointAutoConfiguration:
?[0m?[0;34m      Did not match:
?[0m?[0;34m         - @ConditionalOnProperty (spring.jmx.enabled=true) did not find property 'enabled' (OnPropertyCondition)
?[0m?[0;34m
?[0m?[0;34m   JmxMetricsExportAutoConfiguration:
?[0m?[0;34m      Did not match:
?[0m?[0;34m         - @ConditionalOnClass did not find required class 'io.micrometer.jmx.JmxMeterRegistry' (OnClassCondition)
?[0m?[0;34m
?[0m?[0;34m   JndiConnectionFactoryAutoConfiguration:
?[0m?[0;34m      Did not match:
?[0m?[0;34m         - @ConditionalOnClass did not find required class 'org.springframework.jms.core.JmsTemplate' (OnClassCondition)
?[0m?[0;34m
?[0m?[0;34m   JndiDataSourceAutoConfiguration:
?[0m?[0;34m      Did not match:
?[0m?[0;34m         - @ConditionalOnProperty (spring.datasource.jndi-name) did not find property 'jndi-name' (OnPropertyCondition)
?[0m?[0;34m      Matched:
?[0m?[0;34m         - @ConditionalOnClass found required classes 'javax.sql.DataSource', 'org.springframework.jdbc.datasource.embedded.EmbeddedDatabaseType' (OnClassCondition)
?[0m?[0;34m
?[0m?[0;34m   JndiJtaConfiguration:
?[0m?[0;34m      Did not match:
?[0m?[0;34m         - @ConditionalOnJndi JNDI environment is not available (OnJndiCondition)
?[0m?[0;34m      Matched:
?[0m?[0;34m         - @ConditionalOnClass found required class 'org.springframework.transaction.jta.JtaTransactionManager' (OnClassCondition)
?[0m?[0;34m
?[0m?[0;34m   JolokiaEndpointAutoConfiguration:
?[0m?[0;34m      Did not match:
?[0m?[0;34m         - @ConditionalOnClass did not find required class 'org.jolokia.http.AgentServlet' (OnClassCondition)
?[0m?[0;34m
?[0m?[0;34m   JooqAutoConfiguration:
?[0m?[0;34m      Did not match:
?[0m?[0;34m         - @ConditionalOnClass did not find required class 'org.jooq.DSLContext' (OnClassCondition)
?[0m?[0;34m
?[0m?[0;34m   JpaRepositoriesAutoConfiguration#entityManagerFactoryBootstrapExecutorCustomizer:
?[0m?[0;34m      Did not match:
?[0m?[0;34m         - AnyNestedCondition 0 matched 2 did not; NestedCondition on JpaRepositoriesAutoConfiguration.BootstrapExecutorCondition.LazyBootstrapMode @ConditionalOnProperty (spring.data.jpa.repositories.bootstrap-mode=lazy) did not find property 'bootstrap-mode'; NestedCondition on JpaRepositoriesAutoConfiguration.BootstrapExecutorCondition.DeferredBootstrapMode @ConditionalOnProperty (spring.data.jpa.repositories.bootstrap-mode=deferred) did not find property 'bootstrap-mode' (JpaRepositoriesAutoConfiguration.BootstrapExecutorCondition)
?[0m?[0;34m
?[0m?[0;34m   JsonbAutoConfiguration:
?[0m?[0;34m      Did not match:
?[0m?[0;34m         - @ConditionalOnClass did not find required class 'javax.json.bind.Jsonb' (OnClassCondition)
?[0m?[0;34m
?[0m?[0;34m   JsonbHttpMessageConvertersConfiguration:
?[0m?[0;34m      Did not match:
?[0m?[0;34m         - @ConditionalOnClass did not find required class 'javax.json.bind.Jsonb' (OnClassCondition)
?[0m?[0;34m
?[0m?[0;34m   KafkaAutoConfiguration:
?[0m?[0;34m      Did not match:
?[0m?[0;34m         - @ConditionalOnClass did not find required class 'org.springframework.kafka.core.KafkaTemplate' (OnClassCondition)
?[0m?[0;34m
?[0m?[0;34m   KafkaMetricsAutoConfiguration:
?[0m?[0;34m      Did not match:
?[0m?[0;34m         - @ConditionalOnClass did not find required class 'org.springframework.kafka.core.ProducerFactory' (OnClassCondition)
?[0m?[0;34m
?[0m?[0;34m   KairosMetricsExportAutoConfiguration:
?[0m?[0;34m      Did not match:
?[0m?[0;34m         - @ConditionalOnClass did not find required class 'io.micrometer.kairos.KairosMeterRegistry' (OnClassCondition)
?[0m?[0;34m
?[0m?[0;34m   LdapAutoConfiguration:
?[0m?[0;34m      Did not match:
?[0m?[0;34m         - @ConditionalOnClass did not find required class 'org.springframework.ldap.core.ContextSource' (OnClassCondition)
?[0m?[0;34m
?[0m?[0;34m   LdapHealthContributorAutoConfiguration:
?[0m?[0;34m      Did not match:
?[0m?[0;34m         - @ConditionalOnClass did not find required class 'org.springframework.ldap.core.LdapOperations' (OnClassCondition)
?[0m?[0;34m
?[0m?[0;34m   LdapRepositoriesAutoConfiguration:
?[0m?[0;34m      Did not match:
?[0m?[0;34m         - @ConditionalOnClass did not find required class 'org.springframework.data.ldap.repository.LdapRepository' (OnClassCondition)
?[0m?[0;34m
?[0m?[0;34m   LiquibaseAutoConfiguration:
?[0m?[0;34m      Did not match:
?[0m?[0;34m         - @ConditionalOnClass did not find required class 'liquibase.change.DatabaseChange' (OnClassCondition)
?[0m?[0;34m
?[0m?[0;34m   LiquibaseEndpointAutoConfiguration:
?[0m?[0;34m      Did not match:
?[0m?[0;34m         - @ConditionalOnClass did not find required class 'liquibase.integration.spring.SpringLiquibase' (OnClassCondition)
?[0m?[0;34m
?[0m?[0;34m   Log4J2MetricsAutoConfiguration:
?[0m?[0;34m      Did not match:
?[0m?[0;34m         - @ConditionalOnClass did not find required class 'org.apache.logging.log4j.core.LoggerContext' (OnClassCondition)
?[0m?[0;34m
?[0m?[0;34m   LogFileWebEndpointAutoConfiguration#logFileWebEndpoint:
?[0m?[0;34m      Did not match:
?[0m?[0;34m         - Log File did not find logging file (LogFileWebEndpointAutoConfiguration.LogFileCondition)
?[0m?[0;34m
?[0m?[0;34m   MailHealthContributorAutoConfiguration:
?[0m?[0;34m      Did not match:
?[0m?[0;34m         - @ConditionalOnClass did not find required class 'org.springframework.mail.javamail.JavaMailSenderImpl' (OnClassCondition)
?[0m?[0;34m
?[0m?[0;34m   MailSenderAutoConfiguration:
?[0m?[0;34m      Did not match:
?[0m?[0;34m         - @ConditionalOnClass did not find required class 'javax.mail.internet.MimeMessage' (OnClassCondition)
?[0m?[0;34m
?[0m?[0;34m   MailSenderValidatorAutoConfiguration:
?[0m?[0;34m      Did not match:
?[0m?[0;34m         - @ConditionalOnSingleCandidate did not find required type 'org.springframework.mail.javamail.JavaMailSenderImpl' (OnBeanCondition)
?[0m?[0;34m
?[0m?[0;34m   ManagementContextAutoConfiguration.DifferentManagementContextConfiguration:
?[0m?[0;34m      Did not match:
?[0m?[0;34m         - Management Port actual port type (SAME) did not match required type (DIFFERENT) (OnManagementPortCondition)
?[0m?[0;34m
?[0m?[0;34m   ManagementWebSecurityAutoConfiguration:
?[0m?[0;34m      Did not match:
?[0m?[0;34m         - AllNestedConditions 1 matched 1 did not; NestedCondition on DefaultWebSecurityCondition.Beans @ConditionalOnMissingBean (types: org.springframework.security.config.annotation.web.configuration.WebSecurityConfigurerAdapter,org.springframework.security.web.SecurityFilterChain; SearchStrategy: all) found beans of type 'org.springframework.security.config.annotation.web.configuration.WebSecurityConfigurerAdapter' webSecurityConfigurerImpl; NestedCondition on DefaultWebSecurityCondition.Classes @ConditionalOnClass found required classes 'org.springframework.security.web.SecurityFilterChain', 'org.springframework.security.config.annotation.web.builders.HttpSecurity' (DefaultWebSecurityCondition)
?[0m?[0;34m      Matched:
?[0m?[0;34m         - found 'session' scope (OnWebApplicationCondition)
?[0m?[0;34m
?[0m?[0;34m   MappingsEndpointAutoConfiguration.ReactiveWebConfiguration:
?[0m?[0;34m      Did not match:
?[0m?[0;34m         - @ConditionalOnClass did not find required class 'org.springframework.web.reactive.DispatcherHandler' (OnClassCondition)
?[0m?[0;34m
?[0m?[0;34m   MessageSourceAutoConfiguration:
?[0m?[0;34m      Did not match:
?[0m?[0;34m         - ResourceBundle did not find bundle with basename messages (MessageSourceAutoConfiguration.ResourceBundleCondition)
?[0m?[0;34m
?[0m?[0;34m   MongoAutoConfiguration:
?[0m?[0;34m      Did not match:
?[0m?[0;34m         - @ConditionalOnClass did not find required class 'com.mongodb.client.MongoClient' (OnClassCondition)
?[0m?[0;34m
?[0m?[0;34m   MongoDataAutoConfiguration:
?[0m?[0;34m      Did not match:
?[0m?[0;34m         - @ConditionalOnClass did not find required class 'com.mongodb.client.MongoClient' (OnClassCondition)
?[0m?[0;34m
?[0m?[0;34m   MongoHealthContributorAutoConfiguration:
?[0m?[0;34m      Did not match:
?[0m?[0;34m         - @ConditionalOnClass did not find required class 'org.springframework.data.mongodb.core.MongoTemplate' (OnClassCondition)
?[0m?[0;34m
?[0m?[0;34m   MongoMetricsAutoConfiguration:
?[0m?[0;34m      Did not match:
?[0m?[0;34m         - @ConditionalOnClass did not find required class 'com.mongodb.MongoClientSettings' (OnClassCondition)
?[0m?[0;34m
?[0m?[0;34m   MongoReactiveAutoConfiguration:
?[0m?[0;34m      Did not match:
?[0m?[0;34m         - @ConditionalOnClass did not find required class 'com.mongodb.reactivestreams.client.MongoClient' (OnClassCondition)
?[0m?[0;34m
?[0m?[0;34m   MongoReactiveDataAutoConfiguration:
?[0m?[0;34m      Did not match:
?[0m?[0;34m         - @ConditionalOnClass did not find required class 'com.mongodb.reactivestreams.client.MongoClient' (OnClassCondition)
?[0m?[0;34m
?[0m?[0;34m   MongoReactiveHealthContributorAutoConfiguration:
?[0m?[0;34m      Did not match:
?[0m?[0;34m         - @ConditionalOnClass did not find required class 'reactor.core.publisher.Flux' (OnClassCondition)
?[0m?[0;34m
?[0m?[0;34m   MongoReactiveRepositoriesAutoConfiguration:
?[0m?[0;34m      Did not match:
?[0m?[0;34m         - @ConditionalOnClass did not find required class 'com.mongodb.reactivestreams.client.MongoClient' (OnClassCondition)
?[0m?[0;34m
?[0m?[0;34m   MongoRepositoriesAutoConfiguration:
?[0m?[0;34m      Did not match:
?[0m?[0;34m         - @ConditionalOnClass did not find required class 'com.mongodb.client.MongoClient' (OnClassCondition)
?[0m?[0;34m
?[0m?[0;34m   MustacheAutoConfiguration:
?[0m?[0;34m      Did not match:
?[0m?[0;34m         - @ConditionalOnClass did not find required class 'com.samskivert.mustache.Mustache' (OnClassCondition)
?[0m?[0;34m
?[0m?[0;34m   Neo4jAutoConfiguration:
?[0m?[0;34m      Did not match:
?[0m?[0;34m         - @ConditionalOnClass did not find required class 'org.neo4j.driver.Driver' (OnClassCondition)
?[0m?[0;34m
?[0m?[0;34m   Neo4jDataAutoConfiguration:
?[0m?[0;34m      Did not match:
?[0m?[0;34m         - @ConditionalOnClass did not find required class 'org.neo4j.driver.Driver' (OnClassCondition)
?[0m?[0;34m
?[0m?[0;34m   Neo4jHealthContributorAutoConfiguration:
?[0m?[0;34m      Did not match:
?[0m?[0;34m         - @ConditionalOnClass did not find required class 'org.neo4j.driver.Driver' (OnClassCondition)
?[0m?[0;34m
?[0m?[0;34m   Neo4jReactiveDataAutoConfiguration:
?[0m?[0;34m      Did not match:
?[0m?[0;34m         - @ConditionalOnClass did not find required class 'org.neo4j.driver.Driver' (OnClassCondition)
?[0m?[0;34m
?[0m?[0;34m   Neo4jReactiveRepositoriesAutoConfiguration:
?[0m?[0;34m      Did not match:
?[0m?[0;34m         - @ConditionalOnClass did not find required class 'org.neo4j.driver.Driver' (OnClassCondition)
?[0m?[0;34m
?[0m?[0;34m   Neo4jRepositoriesAutoConfiguration:
?[0m?[0;34m      Did not match:
?[0m?[0;34m         - @ConditionalOnClass did not find required class 'org.neo4j.driver.Driver' (OnClassCondition)
?[0m?[0;34m
?[0m?[0;34m   NettyAutoConfiguration:
?[0m?[0;34m      Did not match:
?[0m?[0;34m         - @ConditionalOnClass did not find required class 'io.netty.util.NettyRuntime' (OnClassCondition)
?[0m?[0;34m
?[0m?[0;34m   NewRelicMetricsExportAutoConfiguration:
?[0m?[0;34m      Did not match:
?[0m?[0;34m         - @ConditionalOnClass did not find required class 'io.micrometer.newrelic.NewRelicMeterRegistry' (OnClassCondition)
?[0m?[0;34m
?[0m?[0;34m   NoOpMeterRegistryConfiguration:
?[0m?[0;34m      Did not match:
?[0m?[0;34m         - @ConditionalOnMissingBean (types: io.micrometer.core.instrument.MeterRegistry; SearchStrategy: all) found beans of type 'io.micrometer.core.instrument.MeterRegistry' simpleMeterRegistry (OnBeanCondition)
?[0m?[0;34m
?[0m?[0;34m   OAuth2ClientAutoConfiguration:
?[0m?[0;34m      Did not match:
?[0m?[0;34m         - @ConditionalOnClass did not find required class 'org.springframework.security.oauth2.client.registration.ClientRegistration' (OnClassCondition)
?[0m?[0;34m
?[0m?[0;34m   OAuth2ResourceServerAutoConfiguration:
?[0m?[0;34m      Did not match:
?[0m?[0;34m         - @ConditionalOnClass did not find required class 'org.springframework.security.oauth2.server.resource.BearerTokenAuthenticationToken' (OnClassCondition)
?[0m?[0;34m
?[0m?[0;34m   ProjectInfoAutoConfiguration#buildProperties:
?[0m?[0;34m      Did not match:
?[0m?[0;34m         - @ConditionalOnResource did not find resource '${spring.info.build.location:classpath:META-INF/build-info.properties}' (OnResourceCondition)
?[0m?[0;34m
?[0m?[0;34m   ProjectInfoAutoConfiguration#gitProperties:
?[0m?[0;34m      Did not match:
?[0m?[0;34m         - GitResource did not find git info at classpath:git.properties (ProjectInfoAutoConfiguration.GitResourceAvailableCondition)
?[0m?[0;34m
?[0m?[0;34m   PrometheusMetricsExportAutoConfiguration:
?[0m?[0;34m      Did not match:
?[0m?[0;34m         - @ConditionalOnClass did not find required class 'io.micrometer.prometheus.PrometheusMeterRegistry' (OnClassCondition)
?[0m?[0;34m
?[0m?[0;34m   QuartzAutoConfiguration:
?[0m?[0;34m      Did not match:
?[0m?[0;34m         - @ConditionalOnClass did not find required class 'org.quartz.Scheduler' (OnClassCondition)
?[0m?[0;34m
?[0m?[0;34m   QuartzEndpointAutoConfiguration:
?[0m?[0;34m      Did not match:
?[0m?[0;34m         - @ConditionalOnClass did not find required class 'org.quartz.Scheduler' (OnClassCondition)
?[0m?[0;34m
?[0m?[0;34m   R2dbcAutoConfiguration:
?[0m?[0;34m      Did not match:
?[0m?[0;34m         - @ConditionalOnClass did not find required class 'io.r2dbc.spi.ConnectionFactory' (OnClassCondition)
?[0m?[0;34m
?[0m?[0;34m   R2dbcDataAutoConfiguration:
?[0m?[0;34m      Did not match:
?[0m?[0;34m         - @ConditionalOnClass did not find required class 'org.springframework.data.r2dbc.core.R2dbcEntityTemplate' (OnClassCondition)
?[0m?[0;34m
?[0m?[0;34m   R2dbcInitializationConfiguration:
?[0m?[0;34m      Did not match:
?[0m?[0;34m         - @ConditionalOnClass did not find required classes 'io.r2dbc.spi.ConnectionFactory', 'org.springframework.r2dbc.connection.init.DatabasePopulator' (OnClassCondition)
?[0m?[0;34m
?[0m?[0;34m   R2dbcRepositoriesAutoConfiguration:
?[0m?[0;34m      Did not match:
?[0m?[0;34m         - @ConditionalOnClass did not find required class 'io.r2dbc.spi.ConnectionFactory' (OnClassCondition)
?[0m?[0;34m
?[0m?[0;34m   R2dbcTransactionManagerAutoConfiguration:
?[0m?[0;34m      Did not match:
?[0m?[0;34m         - @ConditionalOnClass did not find required class 'org.springframework.r2dbc.connection.R2dbcTransactionManager' (OnClassCondition)
?[0m?[0;34m
?[0m?[0;34m   RSocketMessagingAutoConfiguration:
?[0m?[0;34m      Did not match:
?[0m?[0;34m         - @ConditionalOnClass did not find required class 'io.rsocket.RSocket' (OnClassCondition)
?[0m?[0;34m
?[0m?[0;34m   RSocketRequesterAutoConfiguration:
?[0m?[0;34m      Did not match:
?[0m?[0;34m         - @ConditionalOnClass did not find required class 'io.rsocket.RSocket' (OnClassCondition)
?[0m?[0;34m
?[0m?[0;34m   RSocketSecurityAutoConfiguration:
?[0m?[0;34m      Did not match:
?[0m?[0;34m         - @ConditionalOnClass did not find required class 'org.springframework.security.rsocket.core.SecuritySocketAcceptorInterceptor' (OnClassCondition)
?[0m?[0;34m
?[0m?[0;34m   RSocketServerAutoConfiguration:
?[0m?[0;34m      Did not match:
?[0m?[0;34m         - @ConditionalOnClass did not find required class 'io.rsocket.core.RSocketServer' (OnClassCondition)
?[0m?[0;34m
?[0m?[0;34m   RSocketStrategiesAutoConfiguration:
?[0m?[0;34m      Did not match:
?[0m?[0;34m         - @ConditionalOnClass did not find required class 'io.netty.buffer.PooledByteBufAllocator' (OnClassCondition)
?[0m?[0;34m
?[0m?[0;34m   RabbitAutoConfiguration:
?[0m?[0;34m      Did not match:
?[0m?[0;34m         - @ConditionalOnClass did not find required class 'com.rabbitmq.client.Channel' (OnClassCondition)
?[0m?[0;34m
?[0m?[0;34m   RabbitHealthContributorAutoConfiguration:
?[0m?[0;34m      Did not match:
?[0m?[0;34m         - @ConditionalOnClass did not find required class 'org.springframework.amqp.rabbit.core.RabbitTemplate' (OnClassCondition)
?[0m?[0;34m
?[0m?[0;34m   RabbitMetricsAutoConfiguration:
?[0m?[0;34m      Did not match:
?[0m?[0;34m         - @ConditionalOnClass did not find required class 'com.rabbitmq.client.ConnectionFactory' (OnClassCondition)
?[0m?[0;34m
?[0m?[0;34m   ReactiveCloudFoundryActuatorAutoConfiguration:
?[0m?[0;34m      Did not match:
?[0m?[0;34m         - @ConditionalOnWebApplication did not find reactive web application classes (OnWebApplicationCondition)
?[0m?[0;34m
?[0m?[0;34m   ReactiveElasticsearchRepositoriesAutoConfiguration:
?[0m?[0;34m      Did not match:
?[0m?[0;34m         - @ConditionalOnClass did not find required class 'org.springframework.data.elasticsearch.client.reactive.ReactiveElasticsearchClient' (OnClassCondition)
?[0m?[0;34m
?[0m?[0;34m   ReactiveElasticsearchRestClientAutoConfiguration:
?[0m?[0;34m      Did not match:
?[0m?[0;34m         - @ConditionalOnClass did not find required class 'reactor.netty.http.client.HttpClient' (OnClassCondition)
?[0m?[0;34m
?[0m?[0;34m   ReactiveHealthEndpointConfiguration:
?[0m?[0;34m      Did not match:
?[0m?[0;34m         - @ConditionalOnClass did not find required class 'reactor.core.publisher.Flux' (OnClassCondition)
?[0m?[0;34m
?[0m?[0;34m   ReactiveManagementContextAutoConfiguration:
?[0m?[0;34m      Did not match:
?[0m?[0;34m         - @ConditionalOnClass did not find required class 'reactor.core.publisher.Flux' (OnClassCondition)
?[0m?[0;34m
?[0m?[0;34m   ReactiveManagementWebSecurityAutoConfiguration:
?[0m?[0;34m      Did not match:
?[0m?[0;34m         - @ConditionalOnWebApplication did not find reactive web application classes (OnWebApplicationCondition)
?[0m?[0;34m
?[0m?[0;34m   ReactiveOAuth2ClientAutoConfiguration:
?[0m?[0;34m      Did not match:
?[0m?[0;34m         - @ConditionalOnClass did not find required class 'reactor.core.publisher.Flux' (OnClassCondition)
?[0m?[0;34m
?[0m?[0;34m   ReactiveOAuth2ResourceServerAutoConfiguration:
?[0m?[0;34m      Did not match:
?[0m?[0;34m         - @ConditionalOnWebApplication did not find reactive web application classes (OnWebApplicationCondition)
?[0m?[0;34m
?[0m?[0;34m   ReactiveSecurityAutoConfiguration:
?[0m?[0;34m      Did not match:
?[0m?[0;34m         - @ConditionalOnClass did not find required class 'reactor.core.publisher.Flux' (OnClassCondition)
?[0m?[0;34m
?[0m?[0;34m   ReactiveUserDetailsServiceAutoConfiguration:
?[0m?[0;34m      Did not match:
?[0m?[0;34m         - AnyNestedCondition 0 matched 2 did not; NestedCondition on ReactiveUserDetailsServiceAutoConfiguration.ReactiveUserDetailsServiceCondition.ReactiveWebApplicationCondition did not find reactive web application classes; NestedCondition on ReactiveUserDetailsServiceAutoConfiguration.ReactiveUserDetailsServiceCondition.RSocketSecurityEnabledCondition @ConditionalOnBean (types: org.springframework.messaging.rsocket.annotation.support.RSocketMessageHandler; SearchStrategy: all) did not find any beans of type org.springframework.messaging.rsocket.annotation.support.RSocketMessageHandler (ReactiveUserDetailsServiceAutoConfiguration.ReactiveUserDetailsServiceCondition)
?[0m?[0;34m      Matched:
?[0m?[0;34m         - @ConditionalOnClass found required class 'org.springframework.security.authentication.ReactiveAuthenticationManager' (OnClassCondition)
?[0m?[0;34m
?[0m?[0;34m   ReactiveWebServerFactoryAutoConfiguration:
?[0m?[0;34m      Did not match:
?[0m?[0;34m         - @ConditionalOnWebApplication did not find reactive web application classes (OnWebApplicationCondition)
?[0m?[0;34m
?[0m?[0;34m   RedisAutoConfiguration:
?[0m?[0;34m      Did not match:
?[0m?[0;34m         - @ConditionalOnClass did not find required class 'org.springframework.data.redis.core.RedisOperations' (OnClassCondition)
?[0m?[0;34m
?[0m?[0;34m   RedisCacheConfiguration:
?[0m?[0;34m      Did not match:
?[0m?[0;34m         - @ConditionalOnClass did not find required class 'org.springframework.data.redis.connection.RedisConnectionFactory' (OnClassCondition)
?[0m?[0;34m
?[0m?[0;34m   RedisHealthContributorAutoConfiguration:
?[0m?[0;34m      Did not match:
?[0m?[0;34m         - @ConditionalOnClass did not find required class 'org.springframework.data.redis.connection.RedisConnectionFactory' (OnClassCondition)
?[0m?[0;34m
?[0m?[0;34m   RedisReactiveAutoConfiguration:
?[0m?[0;34m      Did not match:
?[0m?[0;34m         - @ConditionalOnClass did not find required class 'reactor.core.publisher.Flux' (OnClassCondition)
?[0m?[0;34m
?[0m?[0;34m   RedisReactiveHealthContributorAutoConfiguration:
?[0m?[0;34m      Did not match:
?[0m?[0;34m         - @ConditionalOnClass did not find required class 'reactor.core.publisher.Flux' (OnClassCondition)
?[0m?[0;34m
?[0m?[0;34m   RedisRepositoriesAutoConfiguration:
?[0m?[0;34m      Did not match:
?[0m?[0;34m         - @ConditionalOnClass did not find required class 'org.springframework.data.redis.repository.configuration.EnableRedisRepositories' (OnClassCondition)
?[0m?[0;34m
?[0m?[0;34m   RepositoryRestMvcAutoConfiguration:
?[0m?[0;34m      Did not match:
?[0m?[0;34m         - @ConditionalOnClass did not find required class 'org.springframework.data.rest.webmvc.config.RepositoryRestMvcConfiguration' (OnClassCondition)
?[0m?[0;34m
?[0m?[0;34m   Saml2RelyingPartyAutoConfiguration:
?[0m?[0;34m      Did not match:
?[0m?[0;34m         - @ConditionalOnClass did not find required class 'org.springframework.security.saml2.provider.service.registration.RelyingPartyRegistrationRepository' (OnClassCondition)
?[0m?[0;34m
?[0m?[0;34m   SecurityDataConfiguration:
?[0m?[0;34m      Did not match:
?[0m?[0;34m         - @ConditionalOnClass did not find required class 'org.springframework.security.data.repository.query.SecurityEvaluationContextExtension' (OnClassCondition)
?[0m?[0;34m
?[0m?[0;34m   SecurityRequestMatchersManagementContextConfiguration.JerseyRequestMatcherConfiguration:
?[0m?[0;34m      Did not match:
?[0m?[0;34m         - @ConditionalOnClass did not find required class 'org.glassfish.jersey.server.ResourceConfig' (OnClassCondition)
?[0m?[0;34m
?[0m?[0;34m   SendGridAutoConfiguration:
?[0m?[0;34m      Did not match:
?[0m?[0;34m         - @ConditionalOnClass did not find required class 'com.sendgrid.SendGrid' (OnClassCondition)
?[0m?[0;34m
?[0m?[0;34m   ServletEndpointManagementContextConfiguration.JerseyServletEndpointManagementContextConfiguration:
?[0m?[0;34m      Did not match:
?[0m?[0;34m         - @ConditionalOnClass did not find required class 'org.glassfish.jersey.server.ResourceConfig' (OnClassCondition)
?[0m?[0;34m
?[0m?[0;34m   ServletManagementContextAutoConfiguration.ApplicationContextFilterConfiguration:
?[0m?[0;34m      Did not match:
?[0m?[0;34m         - @ConditionalOnProperty (management.server.add-application-context-header=true) did not find property 'add-application-context-header' (OnPropertyCondition)
?[0m?[0;34m
?[0m?[0;34m   ServletWebServerFactoryAutoConfiguration#forwardedHeaderFilter:
?[0m?[0;34m      Did not match:
?[0m?[0;34m         - @ConditionalOnProperty (server.forward-headers-strategy=framework) did not find property 'server.forward-headers-strategy' (OnPropertyCondition)
?[0m?[0;34m
?[0m?[0;34m   ServletWebServerFactoryConfiguration.EmbeddedJetty:
?[0m?[0;34m      Did not match:
?[0m?[0;34m         - @ConditionalOnClass did not find required classes 'org.eclipse.jetty.server.Server', 'org.eclipse.jetty.util.Loader', 'org.eclipse.jetty.webapp.WebAppContext' (OnClassCondition)
?[0m?[0;34m
?[0m?[0;34m   ServletWebServerFactoryConfiguration.EmbeddedUndertow:
?[0m?[0;34m      Did not match:
?[0m?[0;34m         - @ConditionalOnClass did not find required classes 'io.undertow.Undertow', 'org.xnio.SslClientAuthMode' (OnClassCondition)
?[0m?[0;34m
?[0m?[0;34m   SessionAutoConfiguration:
?[0m?[0;34m      Did not match:
?[0m?[0;34m         - @ConditionalOnClass did not find required class 'org.springframework.session.Session' (OnClassCondition)
?[0m?[0;34m
?[0m?[0;34m   SessionsEndpointAutoConfiguration:
?[0m?[0;34m      Did not match:
?[0m?[0;34m         - @ConditionalOnClass did not find required class 'org.springframework.session.FindByIndexNameSessionRepository' (OnClassCondition)
?[0m?[0;34m
?[0m?[0;34m   SignalFxMetricsExportAutoConfiguration:
?[0m?[0;34m      Did not match:
?[0m?[0;34m         - @ConditionalOnClass did not find required class 'io.micrometer.signalfx.SignalFxMeterRegistry' (OnClassCondition)
?[0m?[0;34m
?[0m?[0;34m   SolrAutoConfiguration:
?[0m?[0;34m      Did not match:
?[0m?[0;34m         - @ConditionalOnClass did not find required class 'org.apache.solr.client.solrj.impl.CloudSolrClient' (OnClassCondition)
?[0m?[0;34m
?[0m?[0;34m   SolrHealthContributorAutoConfiguration:
?[0m?[0;34m      Did not match:
?[0m?[0;34m         - @ConditionalOnClass did not find required class 'org.apache.solr.client.solrj.SolrClient' (OnClassCondition)
?[0m?[0;34m
?[0m?[0;34m   SpringApplicationAdminJmxAutoConfiguration:
?[0m?[0;34m      Did not match:
?[0m?[0;34m         - @ConditionalOnProperty (spring.application.admin.enabled=true) did not find property 'enabled' (OnPropertyCondition)
?[0m?[0;34m
?[0m?[0;34m   SpringBootWebSecurityConfiguration:
?[0m?[0;34m      Did not match:
?[0m?[0;34m         - AllNestedConditions 1 matched 1 did not; NestedCondition on DefaultWebSecurityCondition.Beans @ConditionalOnMissingBean (types: org.springframework.security.config.annotation.web.configuration.WebSecurityConfigurerAdapter,org.springframework.security.web.SecurityFilterChain; SearchStrategy: all) found beans of type 'org.springframework.security.config.annotation.web.configuration.WebSecurityConfigurerAdapter' webSecurityConfigurerImpl; NestedCondition on DefaultWebSecurityCondition.Classes @ConditionalOnClass found required classes 'org.springframework.security.web.SecurityFilterChain', 'org.springframework.security.config.annotation.web.builders.HttpSecurity' (DefaultWebSecurityCondition)
?[0m?[0;34m      Matched:
?[0m?[0;34m         - found 'session' scope (OnWebApplicationCondition)
?[0m?[0;34m
?[0m?[0;34m   StackdriverMetricsExportAutoConfiguration:
?[0m?[0;34m      Did not match:
?[0m?[0;34m         - @ConditionalOnClass did not find required class 'io.micrometer.stackdriver.StackdriverMeterRegistry' (OnClassCondition)
?[0m?[0;34m
?[0m?[0;34m   StartupEndpointAutoConfiguration:
?[0m?[0;34m      Did not match:
?[0m?[0;34m         - ApplicationStartup configured applicationStartup is of type class org.springframework.core.metrics.DefaultApplicationStartup, expected BufferingApplicationStartup. (StartupEndpointAutoConfiguration.ApplicationStartupCondition)
?[0m?[0;34m
?[0m?[0;34m   StatsdMetricsExportAutoConfiguration:
?[0m?[0;34m      Did not match:
?[0m?[0;34m         - @ConditionalOnClass did not find required class 'io.micrometer.statsd.StatsdMeterRegistry' (OnClassCondition)
?[0m?[0;34m
?[0m?[0;34m   TaskSchedulingAutoConfiguration#taskScheduler:
?[0m?[0;34m      Did not match:
?[0m?[0;34m         - @ConditionalOnBean (names: org.springframework.context.annotation.internalScheduledAnnotationProcessor; SearchStrategy: all) did not find any beans named org.springframework.context.annotation.internalScheduledAnnotationProcessor (OnBeanCondition)
?[0m?[0;34m
?[0m?[0;34m   ThymeleafAutoConfiguration:
?[0m?[0;34m      Did not match:
?[0m?[0;34m         - @ConditionalOnClass did not find required class 'org.thymeleaf.spring5.SpringTemplateEngine' (OnClassCondition)
?[0m?[0;34m
?[0m?[0;34m   TransactionAutoConfiguration#transactionalOperator:
?[0m?[0;34m      Did not match:
?[0m?[0;34m         - @ConditionalOnSingleCandidate (types: org.springframework.transaction.ReactiveTransactionManager; SearchStrategy: all) did not find any beans (OnBeanCondition)
?[0m?[0;34m
?[0m?[0;34m   TransactionAutoConfiguration.EnableTransactionManagementConfiguration.JdkDynamicAutoProxyConfiguration:
?[0m?[0;34m      Did not match:
?[0m?[0;34m         - @ConditionalOnProperty (spring.aop.proxy-target-class=false) did not find property 'proxy-target-class' (OnPropertyCondition)
?[0m?[0;34m
?[0m?[0;34m   UserDetailsServiceAutoConfiguration:
?[0m?[0;34m      Did not match:
?[0m?[0;34m         - @ConditionalOnMissingBean (types: org.springframework.security.authentication.AuthenticationManager,org.springframework.security.authentication.AuthenticationProvider,org.springframework.security.core.userdetails.UserDetailsService,org.springframework.security.oauth2.jwt.JwtDecoder,org.springframework.security.oauth2.server.resource.introspection.OpaqueTokenIntrospector; SearchStrategy: all) found beans of type 'org.springframework.security.core.userdetails.UserDetailsService' userDetailsServiceImpl (OnBeanCondition)
?[0m?[0;34m      Matched:
?[0m?[0;34m         - @ConditionalOnClass found required class 'org.springframework.security.authentication.AuthenticationManager' (OnClassCondition)
?[0m?[0;34m
?[0m?[0;34m   WavefrontMetricsExportAutoConfiguration:
?[0m?[0;34m      Did not match:
?[0m?[0;34m         - @ConditionalOnClass did not find required class 'com.wavefront.sdk.common.WavefrontSender' (OnClassCondition)
?[0m?[0;34m
?[0m?[0;34m   WebClientAutoConfiguration:
?[0m?[0;34m      Did not match:
?[0m?[0;34m         - @ConditionalOnClass did not find required class 'org.springframework.web.reactive.function.client.WebClient' (OnClassCondition)
?[0m?[0;34m
?[0m?[0;34m   WebClientMetricsConfiguration:
?[0m?[0;34m      Did not match:
?[0m?[0;34m         - @ConditionalOnClass did not find required class 'org.springframework.web.reactive.function.client.WebClient' (OnClassCondition)
?[0m?[0;34m
?[0m?[0;34m   WebFluxAutoConfiguration:
?[0m?[0;34m      Did not match:
?[0m?[0;34m         - @ConditionalOnClass did not find required class 'org.springframework.web.reactive.config.WebFluxConfigurer' (OnClassCondition)
?[0m?[0;34m
?[0m?[0;34m   WebFluxEndpointManagementContextConfiguration:
?[0m?[0;34m      Did not match:
?[0m?[0;34m         - @ConditionalOnClass did not find required class 'org.springframework.web.reactive.DispatcherHandler' (OnClassCondition)
?[0m?[0;34m
?[0m?[0;34m   WebFluxMetricsAutoConfiguration:
?[0m?[0;34m      Did not match:
?[0m?[0;34m         - @ConditionalOnWebApplication did not find reactive web application classes (OnWebApplicationCondition)
?[0m?[0;34m
?[0m?[0;34m   WebMvcAutoConfiguration#hiddenHttpMethodFilter:
?[0m?[0;34m      Did not match:
?[0m?[0;34m         - @ConditionalOnProperty (spring.mvc.hiddenmethod.filter.enabled) did not find property 'enabled' (OnPropertyCondition)
?[0m?[0;34m
?[0m?[0;34m   WebMvcAutoConfiguration.ResourceChainCustomizerConfiguration:
?[0m?[0;34m      Did not match:
?[0m?[0;34m         - @ConditionalOnEnabledResourceChain did not find class org.webjars.WebJarAssetLocator (OnEnabledResourceChainCondition)
?[0m?[0;34m
?[0m?[0;34m   WebMvcAutoConfiguration.WebMvcAutoConfigurationAdapter#beanNameViewResolver:
?[0m?[0;34m      Did not match:
?[0m?[0;34m         - @ConditionalOnMissingBean (types: org.springframework.web.servlet.view.BeanNameViewResolver; SearchStrategy: all) found beans of type 'org.springframework.web.servlet.view.BeanNameViewResolver' beanNameViewResolver (OnBeanCondition)
?[0m?[0;34m
?[0m?[0;34m   WebSecurityEnablerConfiguration:
?[0m?[0;34m      Did not match:
?[0m?[0;34m         - @ConditionalOnMissingBean (names: springSecurityFilterChain; SearchStrategy: all) found beans named springSecurityFilterChain (OnBeanCondition)
?[0m?[0;34m      Matched:
?[0m?[0;34m         - @ConditionalOnClass found required class 'org.springframework.security.config.annotation.web.configuration.EnableWebSecurity' (OnClassCondition)
?[0m?[0;34m         - found 'session' scope (OnWebApplicationCondition)
?[0m?[0;34m
?[0m?[0;34m   WebServiceTemplateAutoConfiguration:
?[0m?[0;34m      Did not match:
?[0m?[0;34m         - @ConditionalOnClass did not find required class 'org.springframework.oxm.Marshaller' (OnClassCondition)
?[0m?[0;34m
?[0m?[0;34m   WebServicesAutoConfiguration:
?[0m?[0;34m      Did not match:
?[0m?[0;34m         - @ConditionalOnClass did not find required class 'org.springframework.ws.transport.http.MessageDispatcherServlet' (OnClassCondition)
?[0m?[0;34m
?[0m?[0;34m   WebSocketMessagingAutoConfiguration:
?[0m?[0;34m      Did not match:
?[0m?[0;34m         - @ConditionalOnClass did not find required class 'org.springframework.web.socket.config.annotation.WebSocketMessageBrokerConfigurer' (OnClassCondition)
?[0m?[0;34m
?[0m?[0;34m   WebSocketReactiveAutoConfiguration:
?[0m?[0;34m      Did not match:
?[0m?[0;34m         - @ConditionalOnWebApplication did not find reactive web application classes (OnWebApplicationCondition)
?[0m?[0;34m
?[0m?[0;34m   WebSocketServletAutoConfiguration.Jetty10WebSocketConfiguration:
?[0m?[0;34m      Did not match:
?[0m?[0;34m         - @ConditionalOnClass did not find required classes 'org.eclipse.jetty.websocket.javax.server.internal.JavaxWebSocketServerContainer', 'org.eclipse.jetty.websocket.server.JettyWebSocketServerContainer' (OnClassCondition)
?[0m?[0;34m
?[0m?[0;34m   WebSocketServletAutoConfiguration.JettyWebSocketConfiguration:
?[0m?[0;34m      Did not match:
?[0m?[0;34m         - @ConditionalOnClass did not find required class 'org.eclipse.jetty.websocket.jsr356.server.deploy.WebSocketServerContainerInitializer' (OnClassCondition)
?[0m?[0;34m
?[0m?[0;34m   WebSocketServletAutoConfiguration.UndertowWebSocketConfiguration:
?[0m?[0;34m      Did not match:
?[0m?[0;34m         - @ConditionalOnClass did not find required class 'io.undertow.websockets.jsr.Bootstrap' (OnClassCondition)
?[0m?[0;34m
?[0m?[0;34m   XADataSourceAutoConfiguration:
?[0m?[0;34m      Did not match:
?[0m?[0;34m         - @ConditionalOnBean (types: org.springframework.boot.jdbc.XADataSourceWrapper; SearchStrategy: all) did not find any beans of type org.springframework.boot.jdbc.XADataSourceWrapper (OnBeanCondition)
?[0m?[0;34m      Matched:
?[0m?[0;34m         - @ConditionalOnClass found required classes 'javax.sql.DataSource', 'javax.transaction.TransactionManager', 'org.springframework.jdbc.datasource.embedded.EmbeddedDatabaseType' (OnClassCondition)
?[0m?[0;34m
?[0m?[0;34m
?[0m?[0;34mExclusions:
?[0m?[0;34m-----------
?[0m?[0;34m
?[0m?[0;34m    None
?[0m?[0;34m
?[0m?[0;34m
?[0m?[0;34mUnconditional classes:
?[0m?[0;34m----------------------
?[0m?[0;34m
?[0m?[0;34m    org.springframework.boot.autoconfigure.context.ConfigurationPropertiesAutoConfiguration
?[0m?[0;34m
?[0m?[0;34m    org.springframework.boot.actuate.autoconfigure.availability.AvailabilityHealthContributorAutoConfiguration
?[0m?[0;34m
?[0m?[0;34m    org.springframework.boot.actuate.autoconfigure.info.InfoContributorAutoConfiguration
?[0m?[0;34m
?[0m?[0;34m    org.springframework.boot.autoconfigure.context.PropertyPlaceholderAutoConfiguration
?[0m?[0;34m
?[0m?[0;34m    org.springframework.boot.autoconfigure.context.LifecycleAutoConfiguration
?[0m?[0;34m
?[0m?[0;34m    org.springframework.boot.actuate.autoconfigure.health.HealthContributorAutoConfiguration
?[0m?[0;34m
?[0m?[0;34m    org.springframework.boot.actuate.autoconfigure.metrics.integration.IntegrationMetricsAutoConfiguration
?[0m?[0;34m
?[0m?[0;34m    org.springframework.boot.actuate.autoconfigure.endpoint.EndpointAutoConfiguration
?[0m?[0;34m
?[0m?[0;34m    org.springframework.boot.autoconfigure.availability.ApplicationAvailabilityAutoConfiguration
?[0m?[0;34m
?[0m?[0;34m    org.springframework.boot.autoconfigure.info.ProjectInfoAutoConfiguration
?[0m?[0;34m
?[0m?[0;34m    org.springframework.boot.actuate.autoconfigure.web.server.ManagementContextAutoConfiguration
?[0m?[0;34m
?[0m?[0;34m
?[0m?[0;34m
?[0m?[0;34m2023-03-31 16:06:00.053  INFO 29781 --- [    Test worker] recipes.RecipesApplication               : Started RecipesApplication in 0.47 seconds (JVM running for 15.358)
?[0m?[0;34m2023-03-31 16:06:00.054 DEBUG 29781 --- [    Test worker] o.s.b.a.ApplicationAvailabilityBean      : Application availability state LivenessState changed to CORRECT
?[0m?[0;34m2023-03-31 16:06:00.055 DEBUG 29781 --- [    Test worker] o.s.b.a.ApplicationAvailabilityBean      : Application availability state ReadinessState changed to ACCEPTING_TRAFFIC
?[0m?[1;31m
Start test 14?[0m
?[0;34m2023-03-31 16:06:00.059  INFO 29781 --- [nio-8080-exec-1] o.a.c.c.C.[Tomcat].[localhost].[/]       : Initializing Spring DispatcherServlet 'dispatcherServlet'
?[0m?[0;34m2023-03-31 16:06:00.059  INFO 29781 --- [nio-8080-exec-1] o.s.web.servlet.DispatcherServlet        : Initializing Servlet 'dispatcherServlet'
?[0m?[0;34m2023-03-31 16:06:00.059 DEBUG 29781 --- [nio-8080-exec-1] o.s.web.servlet.DispatcherServlet        : Detected StandardServletMultipartResolver
?[0m?[0;34m2023-03-31 16:06:00.059 DEBUG 29781 --- [nio-8080-exec-1] o.s.web.servlet.DispatcherServlet        : Detected AcceptHeaderLocaleResolver
?[0m?[0;34m2023-03-31 16:06:00.059 DEBUG 29781 --- [nio-8080-exec-1] o.s.web.servlet.DispatcherServlet        : Detected FixedThemeResolver
?[0m?[0;34m2023-03-31 16:06:00.060 DEBUG 29781 --- [nio-8080-exec-1] o.s.web.servlet.DispatcherServlet        : Detected org.springframework.web.servlet.view.DefaultRequestToViewNameTranslator@3d9dc84d
?[0m?[0;34m2023-03-31 16:06:00.060 DEBUG 29781 --- [nio-8080-exec-1] o.s.web.servlet.DispatcherServlet        : Detected org.springframework.web.servlet.support.SessionFlashMapManager@6829b897
?[0m?[0;34m2023-03-31 16:06:00.060 DEBUG 29781 --- [nio-8080-exec-1] o.s.web.servlet.DispatcherServlet        : enableLoggingRequestDetails='false': request parameters and headers will be masked to prevent unsafe logging of potentially sensitive data
?[0m?[0;34m2023-03-31 16:06:00.060  INFO 29781 --- [nio-8080-exec-1] o.s.web.servlet.DispatcherServlet        : Completed initialization in 1 ms
?[0m?[0;34m2023-03-31 16:06:00.060 DEBUG 29781 --- [nio-8080-exec-1] o.s.security.web.FilterChainProxy        : Securing GET /api/recipe/1
?[0m?[0;34m2023-03-31 16:06:00.060 DEBUG 29781 --- [nio-8080-exec-1] s.s.w.c.SecurityContextPersistenceFilter : Set SecurityContextHolder to empty SecurityContext
?[0m?[0;34m2023-03-31 16:06:00.144 DEBUG 29781 --- [nio-8080-exec-1] tor$SharedEntityManagerInvocationHandler : Creating new EntityManager for shared EntityManager invocation
?[0m?[0;34m2023-03-31 16:06:00.229 DEBUG 29781 --- [nio-8080-exec-1] o.s.s.a.dao.DaoAuthenticationProvider    : Authenticated user
?[0m?[0;34m2023-03-31 16:06:00.229 DEBUG 29781 --- [nio-8080-exec-1] o.s.s.w.a.www.BasicAuthenticationFilter  : Set SecurityContextHolder to UsernamePasswordAuthenticationToken [Principal=recipes.UserDetailsImpl@61db3c90, Credentials=[PROTECTED], Authenticated=true, Details=WebAuthenticationDetails [RemoteIpAddress=127.0.0.1, SessionId=null], Granted Authorities=[ROLE_USER]]
?[0m?[0;34m2023-03-31 16:06:00.229 DEBUG 29781 --- [nio-8080-exec-1] w.c.HttpSessionSecurityContextRepository : Created HttpSession as SecurityContext is non-default
?[0m?[0;34m2023-03-31 16:06:00.229 DEBUG 29781 --- [nio-8080-exec-1] w.c.HttpSessionSecurityContextRepository : Stored SecurityContextImpl [Authentication=UsernamePasswordAuthenticationToken [Principal=recipes.UserDetailsImpl@61db3c90, Credentials=[PROTECTED], Authenticated=true, Details=WebAuthenticationDetails [RemoteIpAddress=127.0.0.1, SessionId=null], Granted Authorities=[ROLE_USER]]] to HttpSession [org.apache.catalina.session.StandardSessionFacade@e25685]
?[0m?[0;34m2023-03-31 16:06:00.229 DEBUG 29781 --- [nio-8080-exec-1] o.s.s.w.a.i.FilterSecurityInterceptor    : Authorized filter invocation [GET /api/recipe/1] with attributes [hasRole('ROLE_USER')]
?[0m?[0;34m2023-03-31 16:06:00.230 DEBUG 29781 --- [nio-8080-exec-1] o.s.security.web.FilterChainProxy        : Secured GET /api/recipe/1
?[0m?[0;34m2023-03-31 16:06:00.230 DEBUG 29781 --- [nio-8080-exec-1] o.s.web.servlet.DispatcherServlet        : GET "/api/recipe/1", parameters={}
?[0m?[0;34m2023-03-31 16:06:00.230 DEBUG 29781 --- [nio-8080-exec-1] s.w.s.m.m.a.RequestMappingHandlerMapping : Mapped to recipes.RecipesController#getRecipe(int)
?[0m?[0;34m2023-03-31 16:06:00.230 DEBUG 29781 --- [nio-8080-exec-1] o.j.s.OpenEntityManagerInViewInterceptor : Opening JPA EntityManager in OpenEntityManagerInViewInterceptor
?[0m?[0;34m2023-03-31 16:06:00.234 DEBUG 29781 --- [nio-8080-exec-1] o.s.orm.jpa.JpaTransactionManager        : Found thread-bound EntityManager [SessionImpl(1052405468<open>)] for JPA transaction
?[0m?[0;34m2023-03-31 16:06:00.234 DEBUG 29781 --- [nio-8080-exec-1] o.s.orm.jpa.JpaTransactionManager        : Creating new transaction with name [org.springframework.data.jpa.repository.support.SimpleJpaRepository.findById]: PROPAGATION_REQUIRED,ISOLATION_DEFAULT,readOnly
?[0m?[0;34m2023-03-31 16:06:00.234 DEBUG 29781 --- [nio-8080-exec-1] o.s.jdbc.datasource.DataSourceUtils      : Setting JDBC Connection [HikariProxyConnection@1205086868 wrapping conn10: url=jdbc:h2:file:../recipes_db user=SA] read-only
?[0m?[0;34m2023-03-31 16:06:00.234 DEBUG 29781 --- [nio-8080-exec-1] o.s.orm.jpa.JpaTransactionManager        : Exposing JPA transaction as JDBC [org.springframework.orm.jpa.vendor.HibernateJpaDialect$HibernateConnectionHandle@17e079dc]
?[0m?[0;34m2023-03-31 16:06:00.236 DEBUG 29781 --- [nio-8080-exec-1] o.s.orm.jpa.JpaTransactionManager        : Initiating transaction commit
?[0m?[0;34m2023-03-31 16:06:00.236 DEBUG 29781 --- [nio-8080-exec-1] o.s.orm.jpa.JpaTransactionManager        : Committing JPA transaction on EntityManager [SessionImpl(1052405468<open>)]
?[0m?[0;34m2023-03-31 16:06:00.236 DEBUG 29781 --- [nio-8080-exec-1] o.s.jdbc.datasource.DataSourceUtils      : Resetting read-only flag of JDBC Connection [HikariProxyConnection@1205086868 wrapping conn10: url=jdbc:h2:file:../recipes_db user=SA]
?[0m?[0;34m2023-03-31 16:06:00.236 DEBUG 29781 --- [nio-8080-exec-1] o.s.orm.jpa.JpaTransactionManager        : Not closing pre-bound JPA EntityManager after transaction
?[0m?[0;34m2023-03-31 16:06:00.236 DEBUG 29781 --- [nio-8080-exec-1] o.s.orm.jpa.JpaTransactionManager        : Found thread-bound EntityManager [SessionImpl(1052405468<open>)] for JPA transaction
?[0m?[0;34m2023-03-31 16:06:00.236 DEBUG 29781 --- [nio-8080-exec-1] o.s.orm.jpa.JpaTransactionManager        : Creating new transaction with name [org.springframework.data.jpa.repository.support.SimpleJpaRepository.findById]: PROPAGATION_REQUIRED,ISOLATION_DEFAULT,readOnly
?[0m?[0;34m2023-03-31 16:06:00.236 DEBUG 29781 --- [nio-8080-exec-1] o.s.jdbc.datasource.DataSourceUtils      : Setting JDBC Connection [HikariProxyConnection@1205086868 wrapping conn10: url=jdbc:h2:file:../recipes_db user=SA] read-only
?[0m?[0;34m2023-03-31 16:06:00.236 DEBUG 29781 --- [nio-8080-exec-1] o.s.orm.jpa.JpaTransactionManager        : Exposing JPA transaction as JDBC [org.springframework.orm.jpa.vendor.HibernateJpaDialect$HibernateConnectionHandle@1e78d1e4]
?[0m?[0;34m2023-03-31 16:06:00.236 DEBUG 29781 --- [nio-8080-exec-1] o.s.orm.jpa.JpaTransactionManager        : Initiating transaction commit
?[0m?[0;34m2023-03-31 16:06:00.236 DEBUG 29781 --- [nio-8080-exec-1] o.s.orm.jpa.JpaTransactionManager        : Committing JPA transaction on EntityManager [SessionImpl(1052405468<open>)]
?[0m?[0;34m2023-03-31 16:06:00.236 DEBUG 29781 --- [nio-8080-exec-1] o.s.jdbc.datasource.DataSourceUtils      : Resetting read-only flag of JDBC Connection [HikariProxyConnection@1205086868 wrapping conn10: url=jdbc:h2:file:../recipes_db user=SA]
?[0m?[0;34m2023-03-31 16:06:00.236 DEBUG 29781 --- [nio-8080-exec-1] o.s.orm.jpa.JpaTransactionManager        : Not closing pre-bound JPA EntityManager after transaction
?[0m?[0;34m2023-03-31 16:06:00.238 DEBUG 29781 --- [nio-8080-exec-1] m.m.a.RequestResponseBodyMethodProcessor : Using 'application/json', given [*/*] and supported [application/json, application/*+json, application/json, application/*+json]
?[0m?[0;34m2023-03-31 16:06:00.285 DEBUG 29781 --- [nio-8080-exec-1] m.m.a.RequestResponseBodyMethodProcessor : Writing [java.lang.StackOverflowError]
?[0m?[0;34m2023-03-31 16:06:00.286 DEBUG 29781 --- [nio-8080-exec-1] w.c.HttpSessionSecurityContextRepository : Stored SecurityContextImpl [Authentication=UsernamePasswordAuthenticationToken [Principal=recipes.UserDetailsImpl@61db3c90, Credentials=[PROTECTED], Authenticated=true, Details=WebAuthenticationDetails [RemoteIpAddress=127.0.0.1, SessionId=null], Granted Authorities=[ROLE_USER]]] to HttpSession [org.apache.catalina.session.StandardSessionFacade@e25685]
?[0m?[0;34m2023-03-31 16:06:00.287 DEBUG 29781 --- [nio-8080-exec-1] o.j.s.OpenEntityManagerInViewInterceptor : Closing JPA EntityManager in OpenEntityManagerInViewInterceptor
?[0m?[0;34m2023-03-31 16:06:00.287  WARN 29781 --- [nio-8080-exec-1] o.h.e.loading.internal.LoadContexts      : HHH000100: Fail-safe cleanup (collections) : org.hibernate.engine.loading.internal.CollectionLoadContext@270453b1<rs=HikariProxyResultSet@1978375934 wrapping rs1620: null>
?[0m?[0;34m2023-03-31 16:06:00.287  WARN 29781 --- [nio-8080-exec-1] o.h.e.loading.internal.LoadContexts      : HHH000100: Fail-safe cleanup (collections) : org.hibernate.engine.loading.internal.CollectionLoadContext@4cbb20af<rs=HikariProxyResultSet@1197268097 wrapping rs1507: null>
?[0m?[0;34m2023-03-31 16:06:00.287  WARN 29781 --- [nio-8080-exec-1] o.h.e.loading.internal.LoadContexts      : HHH000100: Fail-safe cleanup (collections) : org.hibernate.engine.loading.internal.CollectionLoadContext@5ee8ee8a<rs=HikariProxyResultSet@1960724738 wrapping rs1277: null>
?[0m?[0;34m2023-03-31 16:06:00.287  WARN 29781 --- [nio-8080-exec-1] o.h.e.loading.internal.LoadContexts      : HHH000100: Fail-safe cleanup (collections) : org.hibernate.engine.loading.internal.CollectionLoadContext@40d9cc89<rs=HikariProxyResultSet@13498626 wrapping rs1325: null>
?[0m?[0;34m2023-03-31 16:06:00.287  WARN 29781 --- [nio-8080-exec-1] o.h.e.loading.internal.LoadContexts      : HHH000100: Fail-safe cleanup (collections) : org.hibernate.engine.loading.internal.CollectionLoadContext@45c596f8<rs=HikariProxyResultSet@846157832 wrapping rs1293: null>
?[0m?[0;34m2023-03-31 16:06:00.287  WARN 29781 --- [nio-8080-exec-1] o.h.e.loading.internal.LoadContexts      : HHH000100: Fail-safe cleanup (collections) : org.hibernate.engine.loading.internal.CollectionLoadContext@50ee78b7<rs=HikariProxyResultSet@667957643 wrapping rs1447: null>
?[0m?[0;34m2023-03-31 16:06:00.287  WARN 29781 --- [nio-8080-exec-1] o.h.e.loading.internal.LoadContexts      : HHH000100: Fail-safe cleanup (collections) : org.hibernate.engine.loading.internal.CollectionLoadContext@49eb409e<rs=HikariProxyResultSet@1249994252 wrapping rs1245: null>
?[0m?[0;34m2023-03-31 16:06:00.287  WARN 29781 --- [nio-8080-exec-1] o.h.e.loading.internal.LoadContexts      : HHH000100: Fail-safe cleanup (collections) : org.hibernate.engine.loading.internal.CollectionLoadContext@475870ae<rs=HikariProxyResultSet@752959883 wrapping rs1448: null>
?[0m?[0;34m2023-03-31 16:06:00.287  WARN 29781 --- [nio-8080-exec-1] o.h.e.loading.internal.LoadContexts      : HHH000100: Fail-safe cleanup (collections) : org.hibernate.engine.loading.internal.CollectionLoadContext@2e435ceb<rs=HikariProxyResultSet@1243868942 wrapping rs1667: null>
?[0m?[0;34m2023-03-31 16:06:00.287  WARN 29781 --- [nio-8080-exec-1] o.h.e.loading.internal.LoadContexts      : HHH000100: Fail-safe cleanup (collections) : org.hibernate.engine.loading.internal.CollectionLoadContext@dcbb254<rs=HikariProxyResultSet@1906274191 wrapping rs1598: null>
?[0m?[0;34m2023-03-31 16:06:00.287  WARN 29781 --- [nio-8080-exec-1] o.h.e.loading.internal.LoadContexts      : HHH000100: Fail-safe cleanup (collections) : org.hibernate.engine.loading.internal.CollectionLoadContext@1e37fcc3<rs=HikariProxyResultSet@1645420689 wrapping rs1152: null>
?[0m?[0;34m2023-03-31 16:06:00.287  WARN 29781 --- [nio-8080-exec-1] o.h.e.loading.internal.LoadContexts      : HHH000100: Fail-safe cleanup (collections) : org.hibernate.engine.loading.internal.CollectionLoadContext@1a6e32ab<rs=HikariProxyResultSet@1350142097 wrapping rs1473: null>
?[0m?[0;34m2023-03-31 16:06:00.287  WARN 29781 --- [nio-8080-exec-1] o.h.e.loading.internal.LoadContexts      : HHH000100: Fail-safe cleanup (collections) : org.hibernate.engine.loading.internal.CollectionLoadContext@2efe9109<rs=HikariProxyResultSet@911001237 wrapping rs1530: null>
?[0m?[0;34m2023-03-31 16:06:00.287  WARN 29781 --- [nio-8080-exec-1] o.h.e.loading.internal.LoadContexts      : HHH000100: Fail-safe cleanup (collections) : org.hibernate.engine.loading.internal.CollectionLoadContext@7e77df90<rs=HikariProxyResultSet@1230034710 wrapping rs1270: null>
?[0m?[0;34m2023-03-31 16:06:00.287  WARN 29781 --- [nio-8080-exec-1] o.h.e.loading.internal.LoadContexts      : HHH000100: Fail-safe cleanup (collections) : org.hibernate.engine.loading.internal.CollectionLoadContext@5f87f579<rs=HikariProxyResultSet@906756886 wrapping rs1651: null>
?[0m?[0;34m2023-03-31 16:06:00.287  WARN 29781 --- [nio-8080-exec-1] o.h.e.loading.internal.LoadContexts      : HHH000100: Fail-safe cleanup (collections) : org.hibernate.engine.loading.internal.CollectionLoadContext@34177f48<rs=HikariProxyResultSet@137871513 wrapping rs1409: null>
?[0m?[0;34m2023-03-31 16:06:00.287  WARN 29781 --- [nio-8080-exec-1] o.h.e.loading.internal.LoadContexts      : HHH000100: Fail-safe cleanup (collections) : org.hibernate.engine.loading.internal.CollectionLoadContext@6ebbc61a<rs=HikariProxyResultSet@1176891803 wrapping rs1423: null>
?[0m?[0;34m2023-03-31 16:06:00.287  WARN 29781 --- [nio-8080-exec-1] o.h.e.loading.internal.LoadContexts      : HHH000100: Fail-safe cleanup (collections) : org.hibernate.engine.loading.internal.CollectionLoadContext@2e701f02<rs=HikariProxyResultSet@758373787 wrapping rs1514: null>
?[0m?[0;34m2023-03-31 16:06:00.287  WARN 29781 --- [nio-8080-exec-1] o.h.e.loading.internal.LoadContexts      : HHH000100: Fail-safe cleanup (collections) : org.hibernate.engine.loading.internal.CollectionLoadContext@4ebc0b88<rs=HikariProxyResultSet@387898142 wrapping rs1573: null>
?[0m?[0;34m2023-03-31 16:06:00.287  WARN 29781 --- [nio-8080-exec-1] o.h.e.loading.internal.LoadContexts      : HHH000100: Fail-safe cleanup (collections) : org.hibernate.engine.loading.internal.CollectionLoadContext@415ec028<rs=HikariProxyResultSet@1609481248 wrapping rs1296: null>
?[0m?[0;34m2023-03-31 16:06:00.287  WARN 29781 --- [nio-8080-exec-1] o.h.e.loading.internal.LoadContexts      : HHH000100: Fail-safe cleanup (collections) : org.hibernate.engine.loading.internal.CollectionLoadContext@7165450f<rs=HikariProxyResultSet@608901410 wrapping rs1303: null>
?[0m?[0;34m2023-03-31 16:06:00.287  WARN 29781 --- [nio-8080-exec-1] o.h.e.loading.internal.LoadContexts      : HHH000100: Fail-safe cleanup (collections) : org.hibernate.engine.loading.internal.CollectionLoadContext@5f43cc2e<rs=HikariProxyResultSet@1513917859 wrapping rs1358: null>
?[0m?[0;34m2023-03-31 16:06:00.287  WARN 29781 --- [nio-8080-exec-1] o.h.e.loading.internal.LoadContexts      : HHH000100: Fail-safe cleanup (collections) : org.hibernate.engine.loading.internal.CollectionLoadContext@718d7c05<rs=HikariProxyResultSet@1235548966 wrapping rs1304: null>
?[0m?[0;34m2023-03-31 16:06:00.287  WARN 29781 --- [nio-8080-exec-1] o.h.e.loading.internal.LoadContexts      : HHH000100: Fail-safe cleanup (collections) : org.hibernate.engine.loading.internal.CollectionLoadContext@46e5bd9c<rs=HikariProxyResultSet@1343466407 wrapping rs1158: null>
?[0m?[0;34m2023-03-31 16:06:00.287  WARN 29781 --- [nio-8080-exec-1] o.h.e.loading.internal.LoadContexts      : HHH000100: Fail-safe cleanup (collections) : org.hibernate.engine.loading.internal.CollectionLoadContext@1df3d572<rs=HikariProxyResultSet@1249165868 wrapping rs1371: null>
?[0m?[0;34m2023-03-31 16:06:00.287  WARN 29781 --- [nio-8080-exec-1] o.h.e.loading.internal.LoadContexts      : HHH000100: Fail-safe cleanup (collections) : org.hibernate.engine.loading.internal.CollectionLoadContext@5c10585e<rs=HikariProxyResultSet@505612973 wrapping rs1548: null>
?[0m?[0;34m2023-03-31 16:06:00.287  WARN 29781 --- [nio-8080-exec-1] o.h.e.loading.internal.LoadContexts      : HHH000100: Fail-safe cleanup (collections) : org.hibernate.engine.loading.internal.CollectionLoadContext@46e76a8d<rs=HikariProxyResultSet@1104097070 wrapping rs1338: null>
?[0m?[0;34m2023-03-31 16:06:00.287  WARN 29781 --- [nio-8080-exec-1] o.h.e.loading.internal.LoadContexts      : HHH000100: Fail-safe cleanup (collections) : org.hibernate.engine.loading.internal.CollectionLoadContext@2d052690<rs=HikariProxyResultSet@1784570799 wrapping rs1489: null>
?[0m?[0;34m2023-03-31 16:06:00.287  WARN 29781 --- [nio-8080-exec-1] o.h.e.loading.internal.LoadContexts      : HHH000100: Fail-safe cleanup (collections) : org.hibernate.engine.loading.internal.CollectionLoadContext@2e5e3e07<rs=HikariProxyResultSet@1268106546 wrapping rs1208: null>
?[0m?[0;34m2023-03-31 16:06:00.287  WARN 29781 --- [nio-8080-exec-1] o.h.e.loading.internal.LoadContexts      : HHH000100: Fail-safe cleanup (collections) : org.hibernate.engine.loading.internal.CollectionLoadContext@7052413a<rs=HikariProxyResultSet@1045672371 wrapping rs1212: null>
?[0m?[0;34m2023-03-31 16:06:00.287  WARN 29781 --- [nio-8080-exec-1] o.h.e.loading.internal.LoadContexts      : HHH000100: Fail-safe cleanup (collections) : org.hibernate.engine.loading.internal.CollectionLoadContext@d1ceebf<rs=HikariProxyResultSet@533647795 wrapping rs1470: null>
?[0m?[0;34m2023-03-31 16:06:00.287  WARN 29781 --- [nio-8080-exec-1] o.h.e.loading.internal.LoadContexts      : HHH000100: Fail-safe cleanup (collections) : org.hibernate.engine.loading.internal.CollectionLoadContext@929782a<rs=HikariProxyResultSet@1902741302 wrapping rs1564: null>
?[0m?[0;34m2023-03-31 16:06:00.287  WARN 29781 --- [nio-8080-exec-1] o.h.e.loading.internal.LoadContexts      : HHH000100: Fail-safe cleanup (collections) : org.hibernate.engine.loading.internal.CollectionLoadContext@5658d10e<rs=HikariProxyResultSet@190613431 wrapping rs1479: null>
?[0m?[0;34m2023-03-31 16:06:00.287  WARN 29781 --- [nio-8080-exec-1] o.h.e.loading.internal.LoadContexts      : HHH000100: Fail-safe cleanup (collections) : org.hibernate.engine.loading.internal.CollectionLoadContext@3461016e<rs=HikariProxyResultSet@1071912250 wrapping rs1276: null>
?[0m?[0;34m2023-03-31 16:06:00.288  WARN 29781 --- [nio-8080-exec-1] o.h.e.loading.internal.LoadContexts      : HHH000100: Fail-safe cleanup (collections) : org.hibernate.engine.loading.internal.CollectionLoadContext@5ee2684b<rs=HikariProxyResultSet@1696359867 wrapping rs1290: null>
?[0m?[0;34m2023-03-31 16:06:00.288  WARN 29781 --- [nio-8080-exec-1] o.h.e.loading.internal.LoadContexts      : HHH000100: Fail-safe cleanup (collections) : org.hibernate.engine.loading.internal.CollectionLoadContext@1c48a395<rs=HikariProxyResultSet@2034600250 wrapping rs1431: null>
?[0m?[0;34m2023-03-31 16:06:00.288  WARN 29781 --- [nio-8080-exec-1] o.h.e.loading.internal.LoadContexts      : HHH000100: Fail-safe cleanup (collections) : org.hibernate.engine.loading.internal.CollectionLoadContext@c88d1b3<rs=HikariProxyResultSet@754508219 wrapping rs1589: null>
?[0m?[0;34m2023-03-31 16:06:00.288  WARN 29781 --- [nio-8080-exec-1] o.h.e.loading.internal.LoadContexts      : HHH000100: Fail-safe cleanup (collections) : org.hibernate.engine.loading.internal.CollectionLoadContext@305ecb3d<rs=HikariProxyResultSet@1724858432 wrapping rs1454: null>
?[0m?[0;34m2023-03-31 16:06:00.288  WARN 29781 --- [nio-8080-exec-1] o.h.e.loading.internal.LoadContexts      : HHH000100: Fail-safe cleanup (collections) : org.hibernate.engine.loading.internal.CollectionLoadContext@7db34d4d<rs=HikariProxyResultSet@567615810 wrapping rs1659: null>
?[0m?[0;34m2023-03-31 16:06:00.288  WARN 29781 --- [nio-8080-exec-1] o.h.e.loading.internal.LoadContexts      : HHH000100: Fail-safe cleanup (collections) : org.hibernate.engine.loading.internal.CollectionLoadContext@24be0d65<rs=HikariProxyResultSet@53217731 wrapping rs1255: null>
?[0m?[0;34m2023-03-31 16:06:00.288  WARN 29781 --- [nio-8080-exec-1] o.h.e.loading.internal.LoadContexts      : HHH000100: Fail-safe cleanup (collections) : org.hibernate.engine.loading.internal.CollectionLoadContext@6ef15508<rs=HikariProxyResultSet@6364611 wrapping rs1285: null>
?[0m?[0;34m2023-03-31 16:06:00.288  WARN 29781 --- [nio-8080-exec-1] o.h.e.loading.internal.LoadContexts      : HHH000100: Fail-safe cleanup (collections) : org.hibernate.engine.loading.internal.CollectionLoadContext@28b06cc8<rs=HikariProxyResultSet@871364293 wrapping rs1262: null>
?[0m?[0;34m2023-03-31 16:06:00.288  WARN 29781 --- [nio-8080-exec-1] o.h.e.loading.internal.LoadContexts      : HHH000100: Fail-safe cleanup (collections) : org.hibernate.engine.loading.internal.CollectionLoadContext@4f0e85b6<rs=HikariProxyResultSet@1561838148 wrapping rs1391: null>
?[0m?[0;34m2023-03-31 16:06:00.288  WARN 29781 --- [nio-8080-exec-1] o.h.e.loading.internal.LoadContexts      : HHH000100: Fail-safe cleanup (collections) : org.hibernate.engine.loading.internal.CollectionLoadContext@1b8f6c17<rs=HikariProxyResultSet@2041059271 wrapping rs1440: null>
?[0m?[0;34m2023-03-31 16:06:00.288  WARN 29781 --- [nio-8080-exec-1] o.h.e.loading.internal.LoadContexts      : HHH000100: Fail-safe cleanup (collections) : org.hibernate.engine.loading.internal.CollectionLoadContext@7fb2337b<rs=HikariProxyResultSet@798660043 wrapping rs1340: null>
?[0m?[0;34m2023-03-31 16:06:00.288  WARN 29781 --- [nio-8080-exec-1] o.h.e.loading.internal.LoadContexts      : HHH000100: Fail-safe cleanup (collections) : org.hibernate.engine.loading.internal.CollectionLoadContext@544fd669<rs=HikariProxyResultSet@97989067 wrapping rs1420: null>
?[0m?[0;34m2023-03-31 16:06:00.288  WARN 29781 --- [nio-8080-exec-1] o.h.e.loading.internal.LoadContexts      : HHH000100: Fail-safe cleanup (collections) : org.hibernate.engine.loading.internal.CollectionLoadContext@6fd7da63<rs=HikariProxyResultSet@687275596 wrapping rs1635: null>
?[0m?[0;34m2023-03-31 16:06:00.288  WARN 29781 --- [nio-8080-exec-1] o.h.e.loading.internal.LoadContexts      : HHH000100: Fail-safe cleanup (collections) : org.hibernate.engine.loading.internal.CollectionLoadContext@fd8ec5a<rs=HikariProxyResultSet@1006797388 wrapping rs1654: null>
?[0m?[0;34m2023-03-31 16:06:00.288  WARN 29781 --- [nio-8080-exec-1] o.h.e.loading.internal.LoadContexts      : HHH000100: Fail-safe cleanup (collections) : org.hibernate.engine.loading.internal.CollectionLoadContext@619f3f31<rs=HikariProxyResultSet@1931570772 wrapping rs1139: null>
?[0m?[0;34m2023-03-31 16:06:00.288  WARN 29781 --- [nio-8080-exec-1] o.h.e.loading.internal.LoadContexts      : HHH000100: Fail-safe cleanup (collections) : org.hibernate.engine.loading.internal.CollectionLoadContext@4bc941f5<rs=HikariProxyResultSet@1862744789 wrapping rs1576: null>
?[0m?[0;34m2023-03-31 16:06:00.288  WARN 29781 --- [nio-8080-exec-1] o.h.e.loading.internal.LoadContexts      : HHH000100: Fail-safe cleanup (collections) : org.hibernate.engine.loading.internal.CollectionLoadContext@1a1c8e2d<rs=HikariProxyResultSet@1904959447 wrapping rs1337: null>
?[0m?[0;34m2023-03-31 16:06:00.288  WARN 29781 --- [nio-8080-exec-1] o.h.e.loading.internal.LoadContexts      : HHH000100: Fail-safe cleanup (collections) : org.hibernate.engine.loading.internal.CollectionLoadContext@52ee1b08<rs=HikariProxyResultSet@1960971481 wrapping rs1527: null>
?[0m?[0;34m2023-03-31 16:06:00.288  WARN 29781 --- [nio-8080-exec-1] o.h.e.loading.internal.LoadContexts      : HHH000100: Fail-safe cleanup (collections) : org.hibernate.engine.loading.internal.CollectionLoadContext@4a90d0d3<rs=HikariProxyResultSet@1808037210 wrapping rs1250: null>
?[0m?[0;34m2023-03-31 16:06:00.288  WARN 29781 --- [nio-8080-exec-1] o.h.e.loading.internal.LoadContexts      : HHH000100: Fail-safe cleanup (collections) : org.hibernate.engine.loading.internal.CollectionLoadContext@4b57e69d<rs=HikariProxyResultSet@82544349 wrapping rs1186: null>
?[0m?[0;34m2023-03-31 16:06:00.288  WARN 29781 --- [nio-8080-exec-1] o.h.e.loading.internal.LoadContexts      : HHH000100: Fail-safe cleanup (collections) : org.hibernate.engine.loading.internal.CollectionLoadContext@3544743c<rs=HikariProxyResultSet@1959281502 wrapping rs1457: null>
?[0m?[0;34m2023-03-31 16:06:00.288  WARN 29781 --- [nio-8080-exec-1] o.h.e.loading.internal.LoadContexts      : HHH000100: Fail-safe cleanup (collections) : org.hibernate.engine.loading.internal.CollectionLoadContext@17d00fc7<rs=HikariProxyResultSet@1880224227 wrapping rs1341: null>
?[0m?[0;34m2023-03-31 16:06:00.288  WARN 29781 --- [nio-8080-exec-1] o.h.e.loading.internal.LoadContexts      : HHH000100: Fail-safe cleanup (collections) : org.hibernate.engine.loading.internal.CollectionLoadContext@5b8a53a6<rs=HikariProxyResultSet@1375504101 wrapping rs1466: null>
?[0m?[0;34m2023-03-31 16:06:00.288  WARN 29781 --- [nio-8080-exec-1] o.h.e.loading.internal.LoadContexts      : HHH000100: Fail-safe cleanup (collections) : org.hibernate.engine.loading.internal.CollectionLoadContext@2f9d3544<rs=HikariProxyResultSet@446358374 wrapping rs1646: null>
?[0m?[0;34m2023-03-31 16:06:00.288  WARN 29781 --- [nio-8080-exec-1] o.h.e.loading.internal.LoadContexts      : HHH000100: Fail-safe cleanup (collections) : org.hibernate.engine.loading.internal.CollectionLoadContext@39ee411f<rs=HikariProxyResultSet@563422312 wrapping rs1560: null>
?[0m?[0;34m2023-03-31 16:06:00.288  WARN 29781 --- [nio-8080-exec-1] o.h.e.loading.internal.LoadContexts      : HHH000100: Fail-safe cleanup (collections) : org.hibernate.engine.loading.internal.CollectionLoadContext@2ed7cfd2<rs=HikariProxyResultSet@887632105 wrapping rs1253: null>
?[0m?[0;34m2023-03-31 16:06:00.288  WARN 29781 --- [nio-8080-exec-1] o.h.e.loading.internal.LoadContexts      : HHH000100: Fail-safe cleanup (collections) : org.hibernate.engine.loading.internal.CollectionLoadContext@27c9becd<rs=HikariProxyResultSet@109078632 wrapping rs1662: null>
?[0m?[0;34m2023-03-31 16:06:00.288  WARN 29781 --- [nio-8080-exec-1] o.h.e.loading.internal.LoadContexts      : HHH000100: Fail-safe cleanup (collections) : org.hibernate.engine.loading.internal.CollectionLoadContext@61389865<rs=HikariProxyResultSet@1667184236 wrapping rs1550: null>
?[0m?[0;34m2023-03-31 16:06:00.288  WARN 29781 --- [nio-8080-exec-1] o.h.e.loading.internal.LoadContexts      : HHH000100: Fail-safe cleanup (collections) : org.hibernate.engine.loading.internal.CollectionLoadContext@2a15dbe4<rs=HikariProxyResultSet@804777838 wrapping rs1213: null>
?[0m?[0;34m2023-03-31 16:06:00.288  WARN 29781 --- [nio-8080-exec-1] o.h.e.loading.internal.LoadContexts      : HHH000100: Fail-safe cleanup (collections) : org.hibernate.engine.loading.internal.CollectionLoadContext@3a2c282b<rs=HikariProxyResultSet@832628848 wrapping rs1663: null>
?[0m?[0;34m2023-03-31 16:06:00.288  WARN 29781 --- [nio-8080-exec-1] o.h.e.loading.internal.LoadContexts      : HHH000100: Fail-safe cleanup (collections) : org.hibernate.engine.loading.internal.CollectionLoadContext@5079d675<rs=HikariProxyResultSet@846973943 wrapping rs1243: null>
?[0m?[0;34m2023-03-31 16:06:00.288  WARN 29781 --- [nio-8080-exec-1] o.h.e.loading.internal.LoadContexts      : HHH000100: Fail-safe cleanup (collections) : org.hibernate.engine.loading.internal.CollectionLoadContext@75a787af<rs=HikariProxyResultSet@405504636 wrapping rs1378: null>
?[0m?[0;34m2023-03-31 16:06:00.288  WARN 29781 --- [nio-8080-exec-1] o.h.e.loading.internal.LoadContexts      : HHH000100: Fail-safe cleanup (collections) : org.hibernate.engine.loading.internal.CollectionLoadContext@71e9a804<rs=HikariProxyResultSet@956866301 wrapping rs1535: null>
?[0m?[0;34m2023-03-31 16:06:00.288  WARN 29781 --- [nio-8080-exec-1] o.h.e.loading.internal.LoadContexts      : HHH000100: Fail-safe cleanup (collections) : org.hibernate.engine.loading.internal.CollectionLoadContext@2a5fbb62<rs=HikariProxyResultSet@357524350 wrapping rs1618: null>
?[0m?[0;34m2023-03-31 16:06:00.288  WARN 29781 --- [nio-8080-exec-1] o.h.e.loading.internal.LoadContexts      : HHH000100: Fail-safe cleanup (collections) : org.hibernate.engine.loading.internal.CollectionLoadContext@348b1a22<rs=HikariProxyResultSet@1621298304 wrapping rs1143: null>
?[0m?[0;34m2023-03-31 16:06:00.288  WARN 29781 --- [nio-8080-exec-1] o.h.e.loading.internal.LoadContexts      : HHH000100: Fail-safe cleanup (collections) : org.hibernate.engine.loading.internal.CollectionLoadContext@7dd869e3<rs=HikariProxyResultSet@1071786112 wrapping rs1331: null>
?[0m?[0;34m2023-03-31 16:06:00.288  WARN 29781 --- [nio-8080-exec-1] o.h.e.loading.internal.LoadContexts      : HHH000100: Fail-safe cleanup (collections) : org.hibernate.engine.loading.internal.CollectionLoadContext@414d47d4<rs=HikariProxyResultSet@1964821382 wrapping rs1630: null>
?[0m?[0;34m2023-03-31 16:06:00.288  WARN 29781 --- [nio-8080-exec-1] o.h.e.loading.internal.LoadContexts      : HHH000100: Fail-safe cleanup (collections) : org.hibernate.engine.loading.internal.CollectionLoadContext@169e6034<rs=HikariProxyResultSet@1568343305 wrapping rs1281: null>
?[0m?[0;34m2023-03-31 16:06:00.288  WARN 29781 --- [nio-8080-exec-1] o.h.e.loading.internal.LoadContexts      : HHH000100: Fail-safe cleanup (collections) : org.hibernate.engine.loading.internal.CollectionLoadContext@7a2832cf<rs=HikariProxyResultSet@1771891211 wrapping rs1375: null>
?[0m?[0;34m2023-03-31 16:06:00.288  WARN 29781 --- [nio-8080-exec-1] o.h.e.loading.internal.LoadContexts      : HHH000100: Fail-safe cleanup (collections) : org.hibernate.engine.loading.internal.CollectionLoadContext@4401cb18<rs=HikariProxyResultSet@595245071 wrapping rs1554: null>
?[0m?[0;34m2023-03-31 16:06:00.288  WARN 29781 --- [nio-8080-exec-1] o.h.e.loading.internal.LoadContexts      : HHH000100: Fail-safe cleanup (collections) : org.hibernate.engine.loading.internal.CollectionLoadContext@6f5957ab<rs=HikariProxyResultSet@369137679 wrapping rs1652: null>
?[0m?[0;34m2023-03-31 16:06:00.288  WARN 29781 --- [nio-8080-exec-1] o.h.e.loading.internal.LoadContexts      : HHH000100: Fail-safe cleanup (collections) : org.hibernate.engine.loading.internal.CollectionLoadContext@a2305b4<rs=HikariProxyResultSet@1590721172 wrapping rs1196: null>
?[0m?[0;34m2023-03-31 16:06:00.288  WARN 29781 --- [nio-8080-exec-1] o.h.e.loading.internal.LoadContexts      : HHH000100: Fail-safe cleanup (collections) : org.hibernate.engine.loading.internal.CollectionLoadContext@3126e075<rs=HikariProxyResultSet@24570395 wrapping rs1201: null>
?[0m?[0;34m2023-03-31 16:06:00.288  WARN 29781 --- [nio-8080-exec-1] o.h.e.loading.internal.LoadContexts      : HHH000100: Fail-safe cleanup (collections) : org.hibernate.engine.loading.internal.CollectionLoadContext@7b35b442<rs=HikariProxyResultSet@1169039899 wrapping rs1252: null>
?[0m?[0;34m2023-03-31 16:06:00.288  WARN 29781 --- [nio-8080-exec-1] o.h.e.loading.internal.LoadContexts      : HHH000100: Fail-safe cleanup (collections) : org.hibernate.engine.loading.internal.CollectionLoadContext@5e745080<rs=HikariProxyResultSet@896552733 wrapping rs1146: null>
?[0m?[0;34m2023-03-31 16:06:00.289  WARN 29781 --- [nio-8080-exec-1] o.h.e.loading.internal.LoadContexts      : HHH000100: Fail-safe cleanup (collections) : org.hibernate.engine.loading.internal.CollectionLoadContext@4ce8e05f<rs=HikariProxyResultSet@1438717596 wrapping rs1493: null>
?[0m?[0;34m2023-03-31 16:06:00.289  WARN 29781 --- [nio-8080-exec-1] o.h.e.loading.internal.LoadContexts      : HHH000100: Fail-safe cleanup (collections) : org.hibernate.engine.loading.internal.CollectionLoadContext@4acb84ff<rs=HikariProxyResultSet@429317151 wrapping rs1166: null>
?[0m?[0;34m2023-03-31 16:06:00.289  WARN 29781 --- [nio-8080-exec-1] o.h.e.loading.internal.LoadContexts      : HHH000100: Fail-safe cleanup (collections) : org.hibernate.engine.loading.internal.CollectionLoadContext@1c8abe40<rs=HikariProxyResultSet@495201440 wrapping rs1377: null>
?[0m?[0;34m2023-03-31 16:06:00.289  WARN 29781 --- [nio-8080-exec-1] o.h.e.loading.internal.LoadContexts      : HHH000100: Fail-safe cleanup (collections) : org.hibernate.engine.loading.internal.CollectionLoadContext@60060d01<rs=HikariProxyResultSet@1635325346 wrapping rs1538: null>
?[0m?[0;34m2023-03-31 16:06:00.289  WARN 29781 --- [nio-8080-exec-1] o.h.e.loading.internal.LoadContexts      : HHH000100: Fail-safe cleanup (collections) : org.hibernate.engine.loading.internal.CollectionLoadContext@6be7e346<rs=HikariProxyResultSet@1516487977 wrapping rs1480: null>
?[0m?[0;34m2023-03-31 16:06:00.289  WARN 29781 --- [nio-8080-exec-1] o.h.e.loading.internal.LoadContexts      : HHH000100: Fail-safe cleanup (collections) : org.hibernate.engine.loading.internal.CollectionLoadContext@7d1d6eb9<rs=HikariProxyResultSet@1772334635 wrapping rs1392: null>
?[0m?[0;34m2023-03-31 16:06:00.289  WARN 29781 --- [nio-8080-exec-1] o.h.e.loading.internal.LoadContexts      : HHH000100: Fail-safe cleanup (collections) : org.hibernate.engine.loading.internal.CollectionLoadContext@34acb7e4<rs=HikariProxyResultSet@1236933550 wrapping rs1381: null>
?[0m?[0;34m2023-03-31 16:06:00.289  WARN 29781 --- [nio-8080-exec-1] o.h.e.loading.internal.LoadContexts      : HHH000100: Fail-safe cleanup (collections) : org.hibernate.engine.loading.internal.CollectionLoadContext@6412da75<rs=HikariProxyResultSet@1748147118 wrapping rs1549: null>
?[0m?[0;34m2023-03-31 16:06:00.289  WARN 29781 --- [nio-8080-exec-1] o.h.e.loading.internal.LoadContexts      : HHH000100: Fail-safe cleanup (collections) : org.hibernate.engine.loading.internal.CollectionLoadContext@303be862<rs=HikariProxyResultSet@683511984 wrapping rs1149: null>
?[0m?[0;34m2023-03-31 16:06:00.289  WARN 29781 --- [nio-8080-exec-1] o.h.e.loading.internal.LoadContexts      : HHH000100: Fail-safe cleanup (collections) : org.hibernate.engine.loading.internal.CollectionLoadContext@2645207a<rs=HikariProxyResultSet@1100341940 wrapping rs1299: null>
?[0m?[0;34m2023-03-31 16:06:00.289  WARN 29781 --- [nio-8080-exec-1] o.h.e.loading.internal.LoadContexts      : HHH000100: Fail-safe cleanup (collections) : org.hibernate.engine.loading.internal.CollectionLoadContext@7707a0c1<rs=HikariProxyResultSet@1318386743 wrapping rs1352: null>
?[0m?[0;34m2023-03-31 16:06:00.289  WARN 29781 --- [nio-8080-exec-1] o.h.e.loading.internal.LoadContexts      : HHH000100: Fail-safe cleanup (collections) : org.hibernate.engine.loading.internal.CollectionLoadContext@5b41d26<rs=HikariProxyResultSet@44442808 wrapping rs1334: null>
?[0m?[0;34m2023-03-31 16:06:00.289  WARN 29781 --- [nio-8080-exec-1] o.h.e.loading.internal.LoadContexts      : HHH000100: Fail-safe cleanup (collections) : org.hibernate.engine.loading.internal.CollectionLoadContext@6a239d0a<rs=HikariProxyResultSet@1440843323 wrapping rs1248: null>
?[0m?[0;34m2023-03-31 16:06:00.289  WARN 29781 --- [nio-8080-exec-1] o.h.e.loading.internal.LoadContexts      : HHH000100: Fail-safe cleanup (collections) : org.hibernate.engine.loading.internal.CollectionLoadContext@656a36c4<rs=HikariProxyResultSet@1323005120 wrapping rs1160: null>
?[0m?[0;34m2023-03-31 16:06:00.289  WARN 29781 --- [nio-8080-exec-1] o.h.e.loading.internal.LoadContexts      : HHH000100: Fail-safe cleanup (collections) : org.hibernate.engine.loading.internal.CollectionLoadContext@2f218300<rs=HikariProxyResultSet@1303437633 wrapping rs1398: null>
?[0m?[0;34m2023-03-31 16:06:00.289  WARN 29781 --- [nio-8080-exec-1] o.h.e.loading.internal.LoadContexts      : HHH000100: Fail-safe cleanup (collections) : org.hibernate.engine.loading.internal.CollectionLoadContext@ad9e6ef<rs=HikariProxyResultSet@372159430 wrapping rs1168: null>
?[0m?[0;34m2023-03-31 16:06:00.289  WARN 29781 --- [nio-8080-exec-1] o.h.e.loading.internal.LoadContexts      : HHH000100: Fail-safe cleanup (collections) : org.hibernate.engine.loading.internal.CollectionLoadContext@7ce4e173<rs=HikariProxyResultSet@1302982598 wrapping rs1228: null>
?[0m?[0;34m2023-03-31 16:06:00.289  WARN 29781 --- [nio-8080-exec-1] o.h.e.loading.internal.LoadContexts      : HHH000100: Fail-safe cleanup (collections) : org.hibernate.engine.loading.internal.CollectionLoadContext@488c343d<rs=HikariProxyResultSet@177492563 wrapping rs1151: null>
?[0m?[0;34m2023-03-31 16:06:00.289  WARN 29781 --- [nio-8080-exec-1] o.h.e.loading.internal.LoadContexts      : HHH000100: Fail-safe cleanup (collections) : org.hibernate.engine.loading.internal.CollectionLoadContext@6b1687af<rs=HikariProxyResultSet@1157527510 wrapping rs1546: null>
?[0m?[0;34m2023-03-31 16:06:00.289  WARN 29781 --- [nio-8080-exec-1] o.h.e.loading.internal.LoadContexts      : HHH000100: Fail-safe cleanup (collections) : org.hibernate.engine.loading.internal.CollectionLoadContext@2e3deabc<rs=HikariProxyResultSet@682342487 wrapping rs1306: null>
?[0m?[0;34m2023-03-31 16:06:00.289  WARN 29781 --- [nio-8080-exec-1] o.h.e.loading.internal.LoadContexts      : HHH000100: Fail-safe cleanup (collections) : org.hibernate.engine.loading.internal.CollectionLoadContext@75097971<rs=HikariProxyResultSet@213852247 wrapping rs1568: null>
?[0m?[0;34m2023-03-31 16:06:00.289  WARN 29781 --- [nio-8080-exec-1] o.h.e.loading.internal.LoadContexts      : HHH000100: Fail-safe cleanup (collections) : org.hibernate.engine.loading.internal.CollectionLoadContext@5c0d9631<rs=HikariProxyResultSet@1997736281 wrapping rs1622: null>
?[0m?[0;34m2023-03-31 16:06:00.289  WARN 29781 --- [nio-8080-exec-1] o.h.e.loading.internal.LoadContexts      : HHH000100: Fail-safe cleanup (collections) : org.hibernate.engine.loading.internal.CollectionLoadContext@37959e0<rs=HikariProxyResultSet@720094682 wrapping rs1246: null>
?[0m?[0;34m2023-03-31 16:06:00.289  WARN 29781 --- [nio-8080-exec-1] o.h.e.loading.internal.LoadContexts      : HHH000100: Fail-safe cleanup (collections) : org.hibernate.engine.loading.internal.CollectionLoadContext@42d02b39<rs=HikariProxyResultSet@1247967069 wrapping rs1254: null>
?[0m?[0;34m2023-03-31 16:06:00.289  WARN 29781 --- [nio-8080-exec-1] o.h.e.loading.internal.LoadContexts      : HHH000100: Fail-safe cleanup (collections) : org.hibernate.engine.loading.internal.CollectionLoadContext@7cac10e3<rs=HikariProxyResultSet@1001821408 wrapping rs1661: null>
?[0m?[0;34m2023-03-31 16:06:00.289  WARN 29781 --- [nio-8080-exec-1] o.h.e.loading.internal.LoadContexts      : HHH000100: Fail-safe cleanup (collections) : org.hibernate.engine.loading.internal.CollectionLoadContext@4ca0ad59<rs=HikariProxyResultSet@1682060770 wrapping rs1458: null>
?[0m?[0;34m2023-03-31 16:06:00.289  WARN 29781 --- [nio-8080-exec-1] o.h.e.loading.internal.LoadContexts      : HHH000100: Fail-safe cleanup (collections) : org.hibernate.engine.loading.internal.CollectionLoadContext@55f4b74<rs=HikariProxyResultSet@1624286819 wrapping rs1368: null>
?[0m?[0;34m2023-03-31 16:06:00.289  WARN 29781 --- [nio-8080-exec-1] o.h.e.loading.internal.LoadContexts      : HHH000100: Fail-safe cleanup (collections) : org.hibernate.engine.loading.internal.CollectionLoadContext@46152105<rs=HikariProxyResultSet@265845476 wrapping rs1563: null>
?[0m?[0;34m2023-03-31 16:06:00.289  WARN 29781 --- [nio-8080-exec-1] o.h.e.loading.internal.LoadContexts      : HHH000100: Fail-safe cleanup (collections) : org.hibernate.engine.loading.internal.CollectionLoadContext@5aa21a2c<rs=HikariProxyResultSet@1221818213 wrapping rs1349: null>
?[0m?[0;34m2023-03-31 16:06:00.289  WARN 29781 --- [nio-8080-exec-1] o.h.e.loading.internal.LoadContexts      : HHH000100: Fail-safe cleanup (collections) : org.hibernate.engine.loading.internal.CollectionLoadContext@1321be44<rs=HikariProxyResultSet@437361122 wrapping rs1565: null>
?[0m?[0;34m2023-03-31 16:06:00.289  WARN 29781 --- [nio-8080-exec-1] o.h.e.loading.internal.LoadContexts      : HHH000100: Fail-safe cleanup (collections) : org.hibernate.engine.loading.internal.CollectionLoadContext@6cda53bf<rs=HikariProxyResultSet@1351988585 wrapping rs1531: null>
?[0m?[0;34m2023-03-31 16:06:00.289  WARN 29781 --- [nio-8080-exec-1] o.h.e.loading.internal.LoadContexts      : HHH000100: Fail-safe cleanup (collections) : org.hibernate.engine.loading.internal.CollectionLoadContext@3a85a28<rs=HikariProxyResultSet@421723497 wrapping rs1664: null>
?[0m?[0;34m2023-03-31 16:06:00.289  WARN 29781 --- [nio-8080-exec-1] o.h.e.loading.internal.LoadContexts      : HHH000100: Fail-safe cleanup (collections) : org.hibernate.engine.loading.internal.CollectionLoadContext@4991430b<rs=HikariProxyResultSet@904939115 wrapping rs1284: null>
?[0m?[0;34m2023-03-31 16:06:00.289  WARN 29781 --- [nio-8080-exec-1] o.h.e.loading.internal.LoadContexts      : HHH000100: Fail-safe cleanup (collections) : org.hibernate.engine.loading.internal.CollectionLoadContext@575c17e3<rs=HikariProxyResultSet@1334282988 wrapping rs1595: null>
?[0m?[0;34m2023-03-31 16:06:00.289  WARN 29781 --- [nio-8080-exec-1] o.h.e.loading.internal.LoadContexts      : HHH000100: Fail-safe cleanup (collections) : org.hibernate.engine.loading.internal.CollectionLoadContext@6925e11c<rs=HikariProxyResultSet@694839673 wrapping rs1188: null>
?[0m?[0;34m2023-03-31 16:06:00.289  WARN 29781 --- [nio-8080-exec-1] o.h.e.loading.internal.LoadContexts      : HHH000100: Fail-safe cleanup (collections) : org.hibernate.engine.loading.internal.CollectionLoadContext@289d9f0a<rs=HikariProxyResultSet@2061336058 wrapping rs1547: null>
?[0m?[0;34m2023-03-31 16:06:00.289  WARN 29781 --- [nio-8080-exec-1] o.h.e.loading.internal.LoadContexts      : HHH000100: Fail-safe cleanup (collections) : org.hibernate.engine.loading.internal.CollectionLoadContext@6b570809<rs=HikariProxyResultSet@1826705535 wrapping rs1584: null>
?[0m?[0;34m2023-03-31 16:06:00.289  WARN 29781 --- [nio-8080-exec-1] o.h.e.loading.internal.LoadContexts      : HHH000100: Fail-safe cleanup (collections) : org.hibernate.engine.loading.internal.CollectionLoadContext@5c83e98f<rs=HikariProxyResultSet@327463168 wrapping rs1555: null>
?[0m?[0;34m2023-03-31 16:06:00.289  WARN 29781 --- [nio-8080-exec-1] o.h.e.loading.internal.LoadContexts      : HHH000100: Fail-safe cleanup (collections) : org.hibernate.engine.loading.internal.CollectionLoadContext@1a68ce02<rs=HikariProxyResultSet@369387905 wrapping rs1603: null>
?[0m?[0;34m2023-03-31 16:06:00.289  WARN 29781 --- [nio-8080-exec-1] o.h.e.loading.internal.LoadContexts      : HHH000100: Fail-safe cleanup (collections) : org.hibernate.engine.loading.internal.CollectionLoadContext@5ec9778a<rs=HikariProxyResultSet@491707906 wrapping rs1372: null>
?[0m?[0;34m2023-03-31 16:06:00.289  WARN 29781 --- [nio-8080-exec-1] o.h.e.loading.internal.LoadContexts      : HHH000100: Fail-safe cleanup (collections) : org.hibernate.engine.loading.internal.CollectionLoadContext@d0d2b1a<rs=HikariProxyResultSet@1219310977 wrapping rs1612: null>
?[0m?[0;34m2023-03-31 16:06:00.289  WARN 29781 --- [nio-8080-exec-1] o.h.e.loading.internal.LoadContexts      : HHH000100: Fail-safe cleanup (collections) : org.hibernate.engine.loading.internal.CollectionLoadContext@4e8164a5<rs=HikariProxyResultSet@1254674817 wrapping rs1650: null>
?[0m?[0;34m2023-03-31 16:06:00.289  WARN 29781 --- [nio-8080-exec-1] o.h.e.loading.internal.LoadContexts      : HHH000100: Fail-safe cleanup (collections) : org.hibernate.engine.loading.internal.CollectionLoadContext@1245bba9<rs=HikariProxyResultSet@1333894279 wrapping rs1389: null>
?[0m?[0;34m2023-03-31 16:06:00.289  WARN 29781 --- [nio-8080-exec-1] o.h.e.loading.internal.LoadContexts      : HHH000100: Fail-safe cleanup (collections) : org.hibernate.engine.loading.internal.CollectionLoadContext@725eb4c<rs=HikariProxyResultSet@63913353 wrapping rs1207: null>
?[0m?[0;34m2023-03-31 16:06:00.289  WARN 29781 --- [nio-8080-exec-1] o.h.e.loading.internal.LoadContexts      : HHH000100: Fail-safe cleanup (collections) : org.hibernate.engine.loading.internal.CollectionLoadContext@63944549<rs=HikariProxyResultSet@90757005 wrapping rs1295: null>
?[0m?[0;34m2023-03-31 16:06:00.289  WARN 29781 --- [nio-8080-exec-1] o.h.e.loading.internal.LoadContexts      : HHH000100: Fail-safe cleanup (collections) : org.hibernate.engine.loading.internal.CollectionLoadContext@26f5b1d2<rs=HikariProxyResultSet@1769196558 wrapping rs1397: null>
?[0m?[0;34m2023-03-31 16:06:00.289  WARN 29781 --- [nio-8080-exec-1] o.h.e.loading.internal.LoadContexts      : HHH000100: Fail-safe cleanup (collections) : org.hibernate.engine.loading.internal.CollectionLoadContext@1952de56<rs=HikariProxyResultSet@1980680335 wrapping rs1428: null>
?[0m?[0;34m2023-03-31 16:06:00.289  WARN 29781 --- [nio-8080-exec-1] o.h.e.loading.internal.LoadContexts      : HHH000100: Fail-safe cleanup (collections) : org.hibernate.engine.loading.internal.CollectionLoadContext@310529bb<rs=HikariProxyResultSet@19585296 wrapping rs1626: null>
?[0m?[0;34m2023-03-31 16:06:00.289  WARN 29781 --- [nio-8080-exec-1] o.h.e.loading.internal.LoadContexts      : HHH000100: Fail-safe cleanup (collections) : org.hibernate.engine.loading.internal.CollectionLoadContext@70fa9cdf<rs=HikariProxyResultSet@620838676 wrapping rs1323: null>
?[0m?[0;34m2023-03-31 16:06:00.289  WARN 29781 --- [nio-8080-exec-1] o.h.e.loading.internal.LoadContexts      : HHH000100: Fail-safe cleanup (collections) : org.hibernate.engine.loading.internal.CollectionLoadContext@7b0ac833<rs=HikariProxyResultSet@1753999519 wrapping rs1335: null>
?[0m?[0;34m2023-03-31 16:06:00.289  WARN 29781 --- [nio-8080-exec-1] o.h.e.loading.internal.LoadContexts      : HHH000100: Fail-safe cleanup (collections) : org.hibernate.engine.loading.internal.CollectionLoadContext@7425196a<rs=HikariProxyResultSet@1744939296 wrapping rs1231: null>
?[0m?[0;34m2023-03-31 16:06:00.289  WARN 29781 --- [nio-8080-exec-1] o.h.e.loading.internal.LoadContexts      : HHH000100: Fail-safe cleanup (collections) : org.hibernate.engine.loading.internal.CollectionLoadContext@6c75aea4<rs=HikariProxyResultSet@1696200226 wrapping rs1256: null>
?[0m?[0;34m2023-03-31 16:06:00.289  WARN 29781 --- [nio-8080-exec-1] o.h.e.loading.internal.LoadContexts      : HHH000100: Fail-safe cleanup (collections) : org.hibernate.engine.loading.internal.CollectionLoadContext@48cddb91<rs=HikariProxyResultSet@500868771 wrapping rs1174: null>
?[0m?[0;34m2023-03-31 16:06:00.289  WARN 29781 --- [nio-8080-exec-1] o.h.e.loading.internal.LoadContexts      : HHH000100: Fail-safe cleanup (collections) : org.hibernate.engine.loading.internal.CollectionLoadContext@652bd9eb<rs=HikariProxyResultSet@1035849250 wrapping rs1460: null>
?[0m?[0;34m2023-03-31 16:06:00.289  WARN 29781 --- [nio-8080-exec-1] o.h.e.loading.internal.LoadContexts      : HHH000100: Fail-safe cleanup (collections) : org.hibernate.engine.loading.internal.CollectionLoadContext@3999726d<rs=HikariProxyResultSet@1972457123 wrapping rs1609: null>
?[0m?[0;34m2023-03-31 16:06:00.289  WARN 29781 --- [nio-8080-exec-1] o.h.e.loading.internal.LoadContexts      : HHH000100: Fail-safe cleanup (collections) : org.hibernate.engine.loading.internal.CollectionLoadContext@7858fb74<rs=HikariProxyResultSet@737940518 wrapping rs1200: null>
?[0m?[0;34m2023-03-31 16:06:00.290  WARN 29781 --- [nio-8080-exec-1] o.h.e.loading.internal.LoadContexts      : HHH000100: Fail-safe cleanup (collections) : org.hibernate.engine.loading.internal.CollectionLoadContext@5eefa6bd<rs=HikariProxyResultSet@2039548071 wrapping rs1501: null>
?[0m?[0;34m2023-03-31 16:06:00.290  WARN 29781 --- [nio-8080-exec-1] o.h.e.loading.internal.LoadContexts      : HHH000100: Fail-safe cleanup (collections) : org.hibernate.engine.loading.internal.CollectionLoadContext@6530c80a<rs=HikariProxyResultSet@1819583397 wrapping rs1639: null>
?[0m?[0;34m2023-03-31 16:06:00.290  WARN 29781 --- [nio-8080-exec-1] o.h.e.loading.internal.LoadContexts      : HHH000100: Fail-safe cleanup (collections) : org.hibernate.engine.loading.internal.CollectionLoadContext@17c8d4db<rs=HikariProxyResultSet@2131349929 wrapping rs1520: null>
?[0m?[0;34m2023-03-31 16:06:00.290  WARN 29781 --- [nio-8080-exec-1] o.h.e.loading.internal.LoadContexts      : HHH000100: Fail-safe cleanup (collections) : org.hibernate.engine.loading.internal.CollectionLoadContext@28741e0d<rs=HikariProxyResultSet@1274897833 wrapping rs1642: null>
?[0m?[0;34m2023-03-31 16:06:00.290  WARN 29781 --- [nio-8080-exec-1] o.h.e.loading.internal.LoadContexts      : HHH000100: Fail-safe cleanup (collections) : org.hibernate.engine.loading.internal.CollectionLoadContext@b8d9ff0<rs=HikariProxyResultSet@101216939 wrapping rs1502: null>
?[0m?[0;34m2023-03-31 16:06:00.290  WARN 29781 --- [nio-8080-exec-1] o.h.e.loading.internal.LoadContexts      : HHH000100: Fail-safe cleanup (collections) : org.hibernate.engine.loading.internal.CollectionLoadContext@681e6613<rs=HikariProxyResultSet@1821299629 wrapping rs1481: null>
?[0m?[0;34m2023-03-31 16:06:00.290  WARN 29781 --- [nio-8080-exec-1] o.h.e.loading.internal.LoadContexts      : HHH000100: Fail-safe cleanup (collections) : org.hibernate.engine.loading.internal.CollectionLoadContext@39a109c7<rs=HikariProxyResultSet@717280689 wrapping rs1601: null>
?[0m?[0;34m2023-03-31 16:06:00.290  WARN 29781 --- [nio-8080-exec-1] o.h.e.loading.internal.LoadContexts      : HHH000100: Fail-safe cleanup (collections) : org.hibernate.engine.loading.internal.CollectionLoadContext@312dec88<rs=HikariProxyResultSet@207844019 wrapping rs1566: null>
?[0m?[0;34m2023-03-31 16:06:00.290  WARN 29781 --- [nio-8080-exec-1] o.h.e.loading.internal.LoadContexts      : HHH000100: Fail-safe cleanup (collections) : org.hibernate.engine.loading.internal.CollectionLoadContext@56b89742<rs=HikariProxyResultSet@668580660 wrapping rs1617: null>
?[0m?[0;34m2023-03-31 16:06:00.290  WARN 29781 --- [nio-8080-exec-1] o.h.e.loading.internal.LoadContexts      : HHH000100: Fail-safe cleanup (collections) : org.hibernate.engine.loading.internal.CollectionLoadContext@4d0d4d78<rs=HikariProxyResultSet@708906812 wrapping rs1419: null>
?[0m?[0;34m2023-03-31 16:06:00.290  WARN 29781 --- [nio-8080-exec-1] o.h.e.loading.internal.LoadContexts      : HHH000100: Fail-safe cleanup (collections) : org.hibernate.engine.loading.internal.CollectionLoadContext@7c538a2f<rs=HikariProxyResultSet@1616535485 wrapping rs1370: null>
?[0m?[0;34m2023-03-31 16:06:00.290  WARN 29781 --- [nio-8080-exec-1] o.h.e.loading.internal.LoadContexts      : HHH000100: Fail-safe cleanup (collections) : org.hibernate.engine.loading.internal.CollectionLoadContext@22c46081<rs=HikariProxyResultSet@12996670 wrapping rs1350: null>
?[0m?[0;34m2023-03-31 16:06:00.290  WARN 29781 --- [nio-8080-exec-1] o.h.e.loading.internal.LoadContexts      : HHH000100: Fail-safe cleanup (collections) : org.hibernate.engine.loading.internal.CollectionLoadContext@3054f11c<rs=HikariProxyResultSet@1551555775 wrapping rs1165: null>
?[0m?[0;34m2023-03-31 16:06:00.290  WARN 29781 --- [nio-8080-exec-1] o.h.e.loading.internal.LoadContexts      : HHH000100: Fail-safe cleanup (collections) : org.hibernate.engine.loading.internal.CollectionLoadContext@17951ce3<rs=HikariProxyResultSet@1113357632 wrapping rs1232: null>
?[0m?[0;34m2023-03-31 16:06:00.290  WARN 29781 --- [nio-8080-exec-1] o.h.e.loading.internal.LoadContexts      : HHH000100: Fail-safe cleanup (collections) : org.hibernate.engine.loading.internal.CollectionLoadContext@7777fecc<rs=HikariProxyResultSet@1769432384 wrapping rs1266: null>
?[0m?[0;34m2023-03-31 16:06:00.290  WARN 29781 --- [nio-8080-exec-1] o.h.e.loading.internal.LoadContexts      : HHH000100: Fail-safe cleanup (collections) : org.hibernate.engine.loading.internal.CollectionLoadContext@763658cb<rs=HikariProxyResultSet@145635648 wrapping rs1294: null>
?[0m?[0;34m2023-03-31 16:06:00.290  WARN 29781 --- [nio-8080-exec-1] o.h.e.loading.internal.LoadContexts      : HHH000100: Fail-safe cleanup (collections) : org.hibernate.engine.loading.internal.CollectionLoadContext@617d8b00<rs=HikariProxyResultSet@612050627 wrapping rs1210: null>
?[0m?[0;34m2023-03-31 16:06:00.290  WARN 29781 --- [nio-8080-exec-1] o.h.e.loading.internal.LoadContexts      : HHH000100: Fail-safe cleanup (collections) : org.hibernate.engine.loading.internal.CollectionLoadContext@5e30f1c8<rs=HikariProxyResultSet@919208385 wrapping rs1312: null>
?[0m?[0;34m2023-03-31 16:06:00.290  WARN 29781 --- [nio-8080-exec-1] o.h.e.loading.internal.LoadContexts      : HHH000100: Fail-safe cleanup (collections) : org.hibernate.engine.loading.internal.CollectionLoadContext@1679e55c<rs=HikariProxyResultSet@1606489408 wrapping rs1442: null>
?[0m?[0;34m2023-03-31 16:06:00.290  WARN 29781 --- [nio-8080-exec-1] o.h.e.loading.internal.LoadContexts      : HHH000100: Fail-safe cleanup (collections) : org.hibernate.engine.loading.internal.CollectionLoadContext@52cd0758<rs=HikariProxyResultSet@1789240769 wrapping rs1613: null>
?[0m?[0;34m2023-03-31 16:06:00.290  WARN 29781 --- [nio-8080-exec-1] o.h.e.loading.internal.LoadContexts      : HHH000100: Fail-safe cleanup (collections) : org.hibernate.engine.loading.internal.CollectionLoadContext@5f65b38a<rs=HikariProxyResultSet@401095113 wrapping rs1271: null>
?[0m?[0;34m2023-03-31 16:06:00.290  WARN 29781 --- [nio-8080-exec-1] o.h.e.loading.internal.LoadContexts      : HHH000100: Fail-safe cleanup (collections) : org.hibernate.engine.loading.internal.CollectionLoadContext@602b71f<rs=HikariProxyResultSet@744185547 wrapping rs1496: null>
?[0m?[0;34m2023-03-31 16:06:00.290  WARN 29781 --- [nio-8080-exec-1] o.h.e.loading.internal.LoadContexts      : HHH000100: Fail-safe cleanup (collections) : org.hibernate.engine.loading.internal.CollectionLoadContext@5f08f186<rs=HikariProxyResultSet@322736077 wrapping rs1305: null>
?[0m?[0;34m2023-03-31 16:06:00.290  WARN 29781 --- [nio-8080-exec-1] o.h.e.loading.internal.LoadContexts      : HHH000100: Fail-safe cleanup (collections) : org.hibernate.engine.loading.internal.CollectionLoadContext@6545daf8<rs=HikariProxyResultSet@736227277 wrapping rs1647: null>
?[0m?[0;34m2023-03-31 16:06:00.290  WARN 29781 --- [nio-8080-exec-1] o.h.e.loading.internal.LoadContexts      : HHH000100: Fail-safe cleanup (collections) : org.hibernate.engine.loading.internal.CollectionLoadContext@17cecc39<rs=HikariProxyResultSet@965368781 wrapping rs1672: null>
?[0m?[0;34m2023-03-31 16:06:00.290  WARN 29781 --- [nio-8080-exec-1] o.h.e.loading.internal.LoadContexts      : HHH000100: Fail-safe cleanup (collections) : org.hibernate.engine.loading.internal.CollectionLoadContext@4e73b90<rs=HikariProxyResultSet@19859792 wrapping rs1233: null>
?[0m?[0;34m2023-03-31 16:06:00.290  WARN 29781 --- [nio-8080-exec-1] o.h.e.loading.internal.LoadContexts      : HHH000100: Fail-safe cleanup (collections) : org.hibernate.engine.loading.internal.CollectionLoadContext@1cfb6e4b<rs=HikariProxyResultSet@1666399568 wrapping rs1640: null>
?[0m?[0;34m2023-03-31 16:06:00.290  WARN 29781 --- [nio-8080-exec-1] o.h.e.loading.internal.LoadContexts      : HHH000100: Fail-safe cleanup (collections) : org.hibernate.engine.loading.internal.CollectionLoadContext@5722e536<rs=HikariProxyResultSet@1390937811 wrapping rs1395: null>
?[0m?[0;34m2023-03-31 16:06:00.290  WARN 29781 --- [nio-8080-exec-1] o.h.e.loading.internal.LoadContexts      : HHH000100: Fail-safe cleanup (collections) : org.hibernate.engine.loading.internal.CollectionLoadContext@36ec44ef<rs=HikariProxyResultSet@1130798932 wrapping rs1402: null>
?[0m?[0;34m2023-03-31 16:06:00.290  WARN 29781 --- [nio-8080-exec-1] o.h.e.loading.internal.LoadContexts      : HHH000100: Fail-safe cleanup (collections) : org.hibernate.engine.loading.internal.CollectionLoadContext@b6ac219<rs=HikariProxyResultSet@1360456540 wrapping rs1373: null>
?[0m?[0;34m2023-03-31 16:06:00.290  WARN 29781 --- [nio-8080-exec-1] o.h.e.loading.internal.LoadContexts      : HHH000100: Fail-safe cleanup (collections) : org.hibernate.engine.loading.internal.CollectionLoadContext@4c246c09<rs=HikariProxyResultSet@1349716320 wrapping rs1251: null>
?[0m?[0;34m2023-03-31 16:06:00.290  WARN 29781 --- [nio-8080-exec-1] o.h.e.loading.internal.LoadContexts      : HHH000100: Fail-safe cleanup (collections) : org.hibernate.engine.loading.internal.CollectionLoadContext@c6f3bee<rs=HikariProxyResultSet@1060257249 wrapping rs1163: null>
?[0m?[0;34m2023-03-31 16:06:00.290  WARN 29781 --- [nio-8080-exec-1] o.h.e.loading.internal.LoadContexts      : HHH000100: Fail-safe cleanup (collections) : org.hibernate.engine.loading.internal.CollectionLoadContext@58f0cdb0<rs=HikariProxyResultSet@407729891 wrapping rs1532: null>
?[0m?[0;34m2023-03-31 16:06:00.290  WARN 29781 --- [nio-8080-exec-1] o.h.e.loading.internal.LoadContexts      : HHH000100: Fail-safe cleanup (collections) : org.hibernate.engine.loading.internal.CollectionLoadContext@557b6bd<rs=HikariProxyResultSet@528157798 wrapping rs1505: null>
?[0m?[0;34m2023-03-31 16:06:00.290  WARN 29781 --- [nio-8080-exec-1] o.h.e.loading.internal.LoadContexts      : HHH000100: Fail-safe cleanup (collections) : org.hibernate.engine.loading.internal.CollectionLoadContext@6a7cc63a<rs=HikariProxyResultSet@1504389480 wrapping rs1611: null>
?[0m?[0;34m2023-03-31 16:06:00.290  WARN 29781 --- [nio-8080-exec-1] o.h.e.loading.internal.LoadContexts      : HHH000100: Fail-safe cleanup (collections) : org.hibernate.engine.loading.internal.CollectionLoadContext@1fb920d0<rs=HikariProxyResultSet@427651690 wrapping rs1268: null>
?[0m?[0;34m2023-03-31 16:06:00.290  WARN 29781 --- [nio-8080-exec-1] o.h.e.loading.internal.LoadContexts      : HHH000100: Fail-safe cleanup (collections) : org.hibernate.engine.loading.internal.CollectionLoadContext@41fae3da<rs=HikariProxyResultSet@1488037869 wrapping rs1636: null>
?[0m?[0;34m2023-03-31 16:06:00.290  WARN 29781 --- [nio-8080-exec-1] o.h.e.loading.internal.LoadContexts      : HHH000100: Fail-safe cleanup (collections) : org.hibernate.engine.loading.internal.CollectionLoadContext@79205706<rs=HikariProxyResultSet@745212143 wrapping rs1525: null>
?[0m?[0;34m2023-03-31 16:06:00.291  WARN 29781 --- [nio-8080-exec-1] o.h.e.loading.internal.LoadContexts      : HHH000100: Fail-safe cleanup (collections) : org.hibernate.engine.loading.internal.CollectionLoadContext@7561030e<rs=HikariProxyResultSet@346722672 wrapping rs1211: null>
?[0m?[0;34m2023-03-31 16:06:00.291  WARN 29781 --- [nio-8080-exec-1] o.h.e.loading.internal.LoadContexts      : HHH000100: Fail-safe cleanup (collections) : org.hibernate.engine.loading.internal.CollectionLoadContext@238812d2<rs=HikariProxyResultSet@1408957937 wrapping rs1308: null>
?[0m?[0;34m2023-03-31 16:06:00.291  WARN 29781 --- [nio-8080-exec-1] o.h.e.loading.internal.LoadContexts      : HHH000100: Fail-safe cleanup (collections) : org.hibernate.engine.loading.internal.CollectionLoadContext@35fac14a<rs=HikariProxyResultSet@95622512 wrapping rs1643: null>
?[0m?[0;34m2023-03-31 16:06:00.291  WARN 29781 --- [nio-8080-exec-1] o.h.e.loading.internal.LoadContexts      : HHH000100: Fail-safe cleanup (collections) : org.hibernate.engine.loading.internal.CollectionLoadContext@4e192894<rs=HikariProxyResultSet@1042244339 wrapping rs1197: null>
?[0m?[0;34m2023-03-31 16:06:00.291  WARN 29781 --- [nio-8080-exec-1] o.h.e.loading.internal.LoadContexts      : HHH000100: Fail-safe cleanup (collections) : org.hibernate.engine.loading.internal.CollectionLoadContext@331d3b2a<rs=HikariProxyResultSet@390387064 wrapping rs1426: null>
?[0m?[0;34m2023-03-31 16:06:00.291  WARN 29781 --- [nio-8080-exec-1] o.h.e.loading.internal.LoadContexts      : HHH000100: Fail-safe cleanup (collections) : org.hibernate.engine.loading.internal.CollectionLoadContext@5060b119<rs=HikariProxyResultSet@439608954 wrapping rs1185: null>
?[0m?[0;34m2023-03-31 16:06:00.291  WARN 29781 --- [nio-8080-exec-1] o.h.e.loading.internal.LoadContexts      : HHH000100: Fail-safe cleanup (collections) : org.hibernate.engine.loading.internal.CollectionLoadContext@33f3cace<rs=HikariProxyResultSet@388928638 wrapping rs1582: null>
?[0m?[0;34m2023-03-31 16:06:00.291  WARN 29781 --- [nio-8080-exec-1] o.h.e.loading.internal.LoadContexts      : HHH000100: Fail-safe cleanup (collections) : org.hibernate.engine.loading.internal.CollectionLoadContext@34a909ac<rs=HikariProxyResultSet@699361922 wrapping rs1376: null>
?[0m?[0;34m2023-03-31 16:06:00.291  WARN 29781 --- [nio-8080-exec-1] o.h.e.loading.internal.LoadContexts      : HHH000100: Fail-safe cleanup (collections) : org.hibernate.engine.loading.internal.CollectionLoadContext@6e37b078<rs=HikariProxyResultSet@545557251 wrapping rs1511: null>
?[0m?[0;34m2023-03-31 16:06:00.291  WARN 29781 --- [nio-8080-exec-1] o.h.e.loading.internal.LoadContexts      : HHH000100: Fail-safe cleanup (collections) : org.hibernate.engine.loading.internal.CollectionLoadContext@3b0a3cde<rs=HikariProxyResultSet@209725058 wrapping rs1553: null>
?[0m?[0;34m2023-03-31 16:06:00.291  WARN 29781 --- [nio-8080-exec-1] o.h.e.loading.internal.LoadContexts      : HHH000100: Fail-safe cleanup (collections) : org.hibernate.engine.loading.internal.CollectionLoadContext@168224cb<rs=HikariProxyResultSet@926829315 wrapping rs1628: null>
?[0m?[0;34m2023-03-31 16:06:00.291  WARN 29781 --- [nio-8080-exec-1] o.h.e.loading.internal.LoadContexts      : HHH000100: Fail-safe cleanup (collections) : org.hibernate.engine.loading.internal.CollectionLoadContext@6a9aabde<rs=HikariProxyResultSet@1852977286 wrapping rs1551: null>
?[0m?[0;34m2023-03-31 16:06:00.291  WARN 29781 --- [nio-8080-exec-1] o.h.e.loading.internal.LoadContexts      : HHH000100: Fail-safe cleanup (collections) : org.hibernate.engine.loading.internal.CollectionLoadContext@397d7285<rs=HikariProxyResultSet@2050954253 wrapping rs1508: null>
?[0m?[0;34m2023-03-31 16:06:00.291  WARN 29781 --- [nio-8080-exec-1] o.h.e.loading.internal.LoadContexts      : HHH000100: Fail-safe cleanup (collections) : org.hibernate.engine.loading.internal.CollectionLoadContext@53fb45b8<rs=HikariProxyResultSet@855478414 wrapping rs1422: null>
?[0m?[0;34m2023-03-31 16:06:00.291  WARN 29781 --- [nio-8080-exec-1] o.h.e.loading.internal.LoadContexts      : HHH000100: Fail-safe cleanup (collections) : org.hibernate.engine.loading.internal.CollectionLoadContext@54588770<rs=HikariProxyResultSet@1106576526 wrapping rs1580: null>
?[0m?[0;34m2023-03-31 16:06:00.291  WARN 29781 --- [nio-8080-exec-1] o.h.e.loading.internal.LoadContexts      : HHH000100: Fail-safe cleanup (collections) : org.hibernate.engine.loading.internal.CollectionLoadContext@6ba3027e<rs=HikariProxyResultSet@1328937360 wrapping rs1621: null>
?[0m?[0;34m2023-03-31 16:06:00.291  WARN 29781 --- [nio-8080-exec-1] o.h.e.loading.internal.LoadContexts      : HHH000100: Fail-safe cleanup (collections) : org.hibernate.engine.loading.internal.CollectionLoadContext@3918acd5<rs=HikariProxyResultSet@1806433938 wrapping rs1669: null>
?[0m?[0;34m2023-03-31 16:06:00.291  WARN 29781 --- [nio-8080-exec-1] o.h.e.loading.internal.LoadContexts      : HHH000100: Fail-safe cleanup (collections) : org.hibernate.engine.loading.internal.CollectionLoadContext@30c7e8cb<rs=HikariProxyResultSet@1178106901 wrapping rs1300: null>
?[0m?[0;34m2023-03-31 16:06:00.291  WARN 29781 --- [nio-8080-exec-1] o.h.e.loading.internal.LoadContexts      : HHH000100: Fail-safe cleanup (collections) : org.hibernate.engine.loading.internal.CollectionLoadContext@20b49aa4<rs=HikariProxyResultSet@2069817752 wrapping rs1172: null>
?[0m?[0;34m2023-03-31 16:06:00.291  WARN 29781 --- [nio-8080-exec-1] o.h.e.loading.internal.LoadContexts      : HHH000100: Fail-safe cleanup (collections) : org.hibernate.engine.loading.internal.CollectionLoadContext@53f7cc3e<rs=HikariProxyResultSet@854717340 wrapping rs1205: null>
?[0m?[0;34m2023-03-31 16:06:00.291  WARN 29781 --- [nio-8080-exec-1] o.h.e.loading.internal.LoadContexts      : HHH000100: Fail-safe cleanup (collections) : org.hibernate.engine.loading.internal.CollectionLoadContext@2ff5bc91<rs=HikariProxyResultSet@875008545 wrapping rs1597: null>
?[0m?[0;34m2023-03-31 16:06:00.291  WARN 29781 --- [nio-8080-exec-1] o.h.e.loading.internal.LoadContexts      : HHH000100: Fail-safe cleanup (collections) : org.hibernate.engine.loading.internal.CollectionLoadContext@20fb8814<rs=HikariProxyResultSet@2074530724 wrapping rs1222: null>
?[0m?[0;34m2023-03-31 16:06:00.291  WARN 29781 --- [nio-8080-exec-1] o.h.e.loading.internal.LoadContexts      : HHH000100: Fail-safe cleanup (collections) : org.hibernate.engine.loading.internal.CollectionLoadContext@249e4715<rs=HikariProxyResultSet@349510951 wrapping rs1333: null>
?[0m?[0;34m2023-03-31 16:06:00.291  WARN 29781 --- [nio-8080-exec-1] o.h.e.loading.internal.LoadContexts      : HHH000100: Fail-safe cleanup (collections) : org.hibernate.engine.loading.internal.CollectionLoadContext@49e5f984<rs=HikariProxyResultSet@569727271 wrapping rs1557: null>
?[0m?[0;34m2023-03-31 16:06:00.291  WARN 29781 --- [nio-8080-exec-1] o.h.e.loading.internal.LoadContexts      : HHH000100: Fail-safe cleanup (collections) : org.hibernate.engine.loading.internal.CollectionLoadContext@4b76d51d<rs=HikariProxyResultSet@467161641 wrapping rs1462: null>
?[0m?[0;34m2023-03-31 16:06:00.291  WARN 29781 --- [nio-8080-exec-1] o.h.e.loading.internal.LoadContexts      : HHH000100: Fail-safe cleanup (collections) : org.hibernate.engine.loading.internal.CollectionLoadContext@37b15f4f<rs=HikariProxyResultSet@100049578 wrapping rs1287: null>
?[0m?[0;34m2023-03-31 16:06:00.291  WARN 29781 --- [nio-8080-exec-1] o.h.e.loading.internal.LoadContexts      : HHH000100: Fail-safe cleanup (collections) : org.hibernate.engine.loading.internal.CollectionLoadContext@61410043<rs=HikariProxyResultSet@465687847 wrapping rs1599: null>
?[0m?[0;34m2023-03-31 16:06:00.291  WARN 29781 --- [nio-8080-exec-1] o.h.e.loading.internal.LoadContexts      : HHH000100: Fail-safe cleanup (collections) : org.hibernate.engine.loading.internal.CollectionLoadContext@70eec36<rs=HikariProxyResultSet@617574574 wrapping rs1347: null>
?[0m?[0;34m2023-03-31 16:06:00.291  WARN 29781 --- [nio-8080-exec-1] o.h.e.loading.internal.LoadContexts      : HHH000100: Fail-safe cleanup (collections) : org.hibernate.engine.loading.internal.CollectionLoadContext@7aad1ff7<rs=HikariProxyResultSet@226415919 wrapping rs1670: null>
?[0m?[0;34m2023-03-31 16:06:00.291  WARN 29781 --- [nio-8080-exec-1] o.h.e.loading.internal.LoadContexts      : HHH000100: Fail-safe cleanup (collections) : org.hibernate.engine.loading.internal.CollectionLoadContext@47db6cca<rs=HikariProxyResultSet@998532786 wrapping rs1529: null>
?[0m?[0;34m2023-03-31 16:06:00.291  WARN 29781 --- [nio-8080-exec-1] o.h.e.loading.internal.LoadContexts      : HHH000100: Fail-safe cleanup (collections) : org.hibernate.engine.loading.internal.CollectionLoadContext@2e712f6a<rs=HikariProxyResultSet@756242743 wrapping rs1267: null>
?[0m?[0;34m2023-03-31 16:06:00.291  WARN 29781 --- [nio-8080-exec-1] o.h.e.loading.internal.LoadContexts      : HHH000100: Fail-safe cleanup (collections) : org.hibernate.engine.loading.internal.CollectionLoadContext@5eee19ce<rs=HikariProxyResultSet@633429432 wrapping rs1614: null>
?[0m?[0;34m2023-03-31 16:06:00.291  WARN 29781 --- [nio-8080-exec-1] o.h.e.loading.internal.LoadContexts      : HHH000100: Fail-safe cleanup (collections) : org.hibernate.engine.loading.internal.CollectionLoadContext@4c2ef743<rs=HikariProxyResultSet@392142522 wrapping rs1396: null>
?[0m?[0;34m2023-03-31 16:06:00.291  WARN 29781 --- [nio-8080-exec-1] o.h.e.loading.internal.LoadContexts      : HHH000100: Fail-safe cleanup (collections) : org.hibernate.engine.loading.internal.CollectionLoadContext@508f7f30<rs=HikariProxyResultSet@31893436 wrapping rs1616: null>
?[0m?[0;34m2023-03-31 16:06:00.291  WARN 29781 --- [nio-8080-exec-1] o.h.e.loading.internal.LoadContexts      : HHH000100: Fail-safe cleanup (collections) : org.hibernate.engine.loading.internal.CollectionLoadContext@77220034<rs=HikariProxyResultSet@84970178 wrapping rs1189: null>
?[0m?[0;34m2023-03-31 16:06:00.291  WARN 29781 --- [nio-8080-exec-1] o.h.e.loading.internal.LoadContexts      : HHH000100: Fail-safe cleanup (collections) : org.hibernate.engine.loading.internal.CollectionLoadContext@59ac5777<rs=HikariProxyResultSet@1977908035 wrapping rs1351: null>
?[0m?[0;34m2023-03-31 16:06:00.291  WARN 29781 --- [nio-8080-exec-1] o.h.e.loading.internal.LoadContexts      : HHH000100: Fail-safe cleanup (collections) : org.hibernate.engine.loading.internal.CollectionLoadContext@620327ee<rs=HikariProxyResultSet@1572659527 wrapping rs1343: null>
?[0m?[0;34m2023-03-31 16:06:00.291  WARN 29781 --- [nio-8080-exec-1] o.h.e.loading.internal.LoadContexts      : HHH000100: Fail-safe cleanup (collections) : org.hibernate.engine.loading.internal.CollectionLoadContext@495ea261<rs=HikariProxyResultSet@2057902536 wrapping rs1486: null>
?[0m?[0;34m2023-03-31 16:06:00.291  WARN 29781 --- [nio-8080-exec-1] o.h.e.loading.internal.LoadContexts      : HHH000100: Fail-safe cleanup (collections) : org.hibernate.engine.loading.internal.CollectionLoadContext@2e9a28de<rs=HikariProxyResultSet@774061770 wrapping rs1432: null>
?[0m?[0;34m2023-03-31 16:06:00.291  WARN 29781 --- [nio-8080-exec-1] o.h.e.loading.internal.LoadContexts      : HHH000100: Fail-safe cleanup (collections) : org.hibernate.engine.loading.internal.CollectionLoadContext@15b6c595<rs=HikariProxyResultSet@964923082 wrapping rs1446: null>
?[0m?[0;34m2023-03-31 16:06:00.291  WARN 29781 --- [nio-8080-exec-1] o.h.e.loading.internal.LoadContexts      : HHH000100: Fail-safe cleanup (collections) : org.hibernate.engine.loading.internal.CollectionLoadContext@6ef1bc9a<rs=HikariProxyResultSet@1032626890 wrapping rs1453: null>
?[0m?[0;34m2023-03-31 16:06:00.291  WARN 29781 --- [nio-8080-exec-1] o.h.e.loading.internal.LoadContexts      : HHH000100: Fail-safe cleanup (collections) : org.hibernate.engine.loading.internal.CollectionLoadContext@5200468f<rs=HikariProxyResultSet@562551756 wrapping rs1615: null>
?[0m?[0;34m2023-03-31 16:06:00.291  WARN 29781 --- [nio-8080-exec-1] o.h.e.loading.internal.LoadContexts      : HHH000100: Fail-safe cleanup (collections) : org.hibernate.engine.loading.internal.CollectionLoadContext@2da348c9<rs=HikariProxyResultSet@663695824 wrapping rs1542: null>
?[0m?[0;34m2023-03-31 16:06:00.291  WARN 29781 --- [nio-8080-exec-1] o.h.e.loading.internal.LoadContexts      : HHH000100: Fail-safe cleanup (collections) : org.hibernate.engine.loading.internal.CollectionLoadContext@e1aba85<rs=HikariProxyResultSet@62501973 wrapping rs1272: null>
?[0m?[0;34m2023-03-31 16:06:00.291  WARN 29781 --- [nio-8080-exec-1] o.h.e.loading.internal.LoadContexts      : HHH000100: Fail-safe cleanup (collections) : org.hibernate.engine.loading.internal.CollectionLoadContext@6d6cc2b0<rs=HikariProxyResultSet@1225432278 wrapping rs1522: null>
?[0m?[0;34m2023-03-31 16:06:00.291  WARN 29781 --- [nio-8080-exec-1] o.h.e.loading.internal.LoadContexts      : HHH000100: Fail-safe cleanup (collections) : org.hibernate.engine.loading.internal.CollectionLoadContext@3d08c5ac<rs=HikariProxyResultSet@2096694873 wrapping rs1203: null>
?[0m?[0;34m2023-03-31 16:06:00.291  WARN 29781 --- [nio-8080-exec-1] o.h.e.loading.internal.LoadContexts      : HHH000100: Fail-safe cleanup (collections) : org.hibernate.engine.loading.internal.CollectionLoadContext@ada27c4<rs=HikariProxyResultSet@141526875 wrapping rs1459: null>
?[0m?[0;34m2023-03-31 16:06:00.291  WARN 29781 --- [nio-8080-exec-1] o.h.e.loading.internal.LoadContexts      : HHH000100: Fail-safe cleanup (collections) : org.hibernate.engine.loading.internal.CollectionLoadContext@51cf7a88<rs=HikariProxyResultSet@302489564 wrapping rs1578: null>
?[0m?[0;34m2023-03-31 16:06:00.291  WARN 29781 --- [nio-8080-exec-1] o.h.e.loading.internal.LoadContexts      : HHH000100: Fail-safe cleanup (collections) : org.hibernate.engine.loading.internal.CollectionLoadContext@5abd5b43<rs=HikariProxyResultSet@1744320605 wrapping rs1321: null>
?[0m?[0;34m2023-03-31 16:06:00.291  WARN 29781 --- [nio-8080-exec-1] o.h.e.loading.internal.LoadContexts      : HHH000100: Fail-safe cleanup (collections) : org.hibernate.engine.loading.internal.CollectionLoadContext@21e3c01d<rs=HikariProxyResultSet@1314456290 wrapping rs1263: null>
?[0m?[0;34m2023-03-31 16:06:00.291  WARN 29781 --- [nio-8080-exec-1] o.h.e.loading.internal.LoadContexts      : HHH000100: Fail-safe cleanup (collections) : org.hibernate.engine.loading.internal.CollectionLoadContext@7adc37e2<rs=HikariProxyResultSet@366457570 wrapping rs1439: null>
?[0m?[0;34m2023-03-31 16:06:00.291  WARN 29781 --- [nio-8080-exec-1] o.h.e.loading.internal.LoadContexts      : HHH000100: Fail-safe cleanup (collections) : org.hibernate.engine.loading.internal.CollectionLoadContext@506d190b<rs=HikariProxyResultSet@279698404 wrapping rs1390: null>
?[0m?[0;34m2023-03-31 16:06:00.291  WARN 29781 --- [nio-8080-exec-1] o.h.e.loading.internal.LoadContexts      : HHH000100: Fail-safe cleanup (collections) : org.hibernate.engine.loading.internal.CollectionLoadContext@603a2706<rs=HikariProxyResultSet@1153071205 wrapping rs1353: null>
?[0m?[0;34m2023-03-31 16:06:00.292  WARN 29781 --- [nio-8080-exec-1] o.h.e.loading.internal.LoadContexts      : HHH000100: Fail-safe cleanup (collections) : org.hibernate.engine.loading.internal.CollectionLoadContext@5f66f034<rs=HikariProxyResultSet@519296359 wrapping rs1286: null>
?[0m?[0;34m2023-03-31 16:06:00.292  WARN 29781 --- [nio-8080-exec-1] o.h.e.loading.internal.LoadContexts      : HHH000100: Fail-safe cleanup (collections) : org.hibernate.engine.loading.internal.CollectionLoadContext@449ebf1d<rs=HikariProxyResultSet@713629289 wrapping rs1297: null>
?[0m?[0;34m2023-03-31 16:06:00.292  WARN 29781 --- [nio-8080-exec-1] o.h.e.loading.internal.LoadContexts      : HHH000100: Fail-safe cleanup (collections) : org.hibernate.engine.loading.internal.CollectionLoadContext@7c8343c4<rs=HikariProxyResultSet@1614700266 wrapping rs1230: null>
?[0m?[0;34m2023-03-31 16:06:00.292  WARN 29781 --- [nio-8080-exec-1] o.h.e.loading.internal.LoadContexts      : HHH000100: Fail-safe cleanup (collections) : org.hibernate.engine.loading.internal.CollectionLoadContext@4db05945<rs=HikariProxyResultSet@961412971 wrapping rs1224: null>
?[0m?[0;34m2023-03-31 16:06:00.292  WARN 29781 --- [nio-8080-exec-1] o.h.e.loading.internal.LoadContexts      : HHH000100: Fail-safe cleanup (collections) : org.hibernate.engine.loading.internal.CollectionLoadContext@253fe797<rs=HikariProxyResultSet@1079276653 wrapping rs1521: null>
?[0m?[0;34m2023-03-31 16:06:00.292  WARN 29781 --- [nio-8080-exec-1] o.h.e.loading.internal.LoadContexts      : HHH000100: Fail-safe cleanup (collections) : org.hibernate.engine.loading.internal.CollectionLoadContext@1468d27a<rs=HikariProxyResultSet@340925936 wrapping rs1387: null>
?[0m?[0;34m2023-03-31 16:06:00.292  WARN 29781 --- [nio-8080-exec-1] o.h.e.loading.internal.LoadContexts      : HHH000100: Fail-safe cleanup (collections) : org.hibernate.engine.loading.internal.CollectionLoadContext@72932e50<rs=HikariProxyResultSet@366452337 wrapping rs1144: null>
?[0m?[0;34m2023-03-31 16:06:00.292  WARN 29781 --- [nio-8080-exec-1] o.h.e.loading.internal.LoadContexts      : HHH000100: Fail-safe cleanup (collections) : org.hibernate.engine.loading.internal.CollectionLoadContext@3d262b36<rs=HikariProxyResultSet@1399918322 wrapping rs1600: null>
?[0m?[0;34m2023-03-31 16:06:00.292  WARN 29781 --- [nio-8080-exec-1] o.h.e.loading.internal.LoadContexts      : HHH000100: Fail-safe cleanup (collections) : org.hibernate.engine.loading.internal.CollectionLoadContext@67ff605a<rs=HikariProxyResultSet@2132244339 wrapping rs1223: null>
?[0m?[0;34m2023-03-31 16:06:00.292  WARN 29781 --- [nio-8080-exec-1] o.h.e.loading.internal.LoadContexts      : HHH000100: Fail-safe cleanup (collections) : org.hibernate.engine.loading.internal.CollectionLoadContext@355695dd<rs=HikariProxyResultSet@1151011828 wrapping rs1386: null>
?[0m?[0;34m2023-03-31 16:06:00.292  WARN 29781 --- [nio-8080-exec-1] o.h.e.loading.internal.LoadContexts      : HHH000100: Fail-safe cleanup (collections) : org.hibernate.engine.loading.internal.CollectionLoadContext@5e5cdc89<rs=HikariProxyResultSet@843417717 wrapping rs1179: null>
?[0m?[0;34m2023-03-31 16:06:00.292  WARN 29781 --- [nio-8080-exec-1] o.h.e.loading.internal.LoadContexts      : HHH000100: Fail-safe cleanup (collections) : org.hibernate.engine.loading.internal.CollectionLoadContext@52af23ef<rs=HikariProxyResultSet@2057397365 wrapping rs1314: null>
?[0m?[0;34m2023-03-31 16:06:00.292  WARN 29781 --- [nio-8080-exec-1] o.h.e.loading.internal.LoadContexts      : HHH000100: Fail-safe cleanup (collections) : org.hibernate.engine.loading.internal.CollectionLoadContext@4ece6450<rs=HikariProxyResultSet@202482547 wrapping rs1503: null>
?[0m?[0;34m2023-03-31 16:06:00.292  WARN 29781 --- [nio-8080-exec-1] o.h.e.loading.internal.LoadContexts      : HHH000100: Fail-safe cleanup (collections) : org.hibernate.engine.loading.internal.CollectionLoadContext@4fb7f829<rs=HikariProxyResultSet@1854649848 wrapping rs1518: null>
?[0m?[0;34m2023-03-31 16:06:00.292  WARN 29781 --- [nio-8080-exec-1] o.h.e.loading.internal.LoadContexts      : HHH000100: Fail-safe cleanup (collections) : org.hibernate.engine.loading.internal.CollectionLoadContext@7737ddc2<rs=HikariProxyResultSet@1774105209 wrapping rs1562: null>
?[0m?[0;34m2023-03-31 16:06:00.292  WARN 29781 --- [nio-8080-exec-1] o.h.e.loading.internal.LoadContexts      : HHH000100: Fail-safe cleanup (collections) : org.hibernate.engine.loading.internal.CollectionLoadContext@5cac3890<rs=HikariProxyResultSet@1783685882 wrapping rs1164: null>
?[0m?[0;34m2023-03-31 16:06:00.292  WARN 29781 --- [nio-8080-exec-1] o.h.e.loading.internal.LoadContexts      : HHH000100: Fail-safe cleanup (collections) : org.hibernate.engine.loading.internal.CollectionLoadContext@61fd3bb1<rs=HikariProxyResultSet@1514546938 wrapping rs1575: null>
?[0m?[0;34m2023-03-31 16:06:00.292  WARN 29781 --- [nio-8080-exec-1] o.h.e.loading.internal.LoadContexts      : HHH000100: Fail-safe cleanup (collections) : org.hibernate.engine.loading.internal.CollectionLoadContext@117be117<rs=HikariProxyResultSet@943379452 wrapping rs1468: null>
?[0m?[0;34m2023-03-31 16:06:00.292  WARN 29781 --- [nio-8080-exec-1] o.h.e.loading.internal.LoadContexts      : HHH000100: Fail-safe cleanup (collections) : org.hibernate.engine.loading.internal.CollectionLoadContext@586bf737<rs=HikariProxyResultSet@1918420601 wrapping rs1585: null>
?[0m?[0;34m2023-03-31 16:06:00.292  WARN 29781 --- [nio-8080-exec-1] o.h.e.loading.internal.LoadContexts      : HHH000100: Fail-safe cleanup (collections) : org.hibernate.engine.loading.internal.CollectionLoadContext@653e3c12<rs=HikariProxyResultSet@953628531 wrapping rs1631: null>
?[0m?[0;34m2023-03-31 16:06:00.292  WARN 29781 --- [nio-8080-exec-1] o.h.e.loading.internal.LoadContexts      : HHH000100: Fail-safe cleanup (collections) : org.hibernate.engine.loading.internal.CollectionLoadContext@6d16b3b7<rs=HikariProxyResultSet@2146020340 wrapping rs1668: null>
?[0m?[0;34m2023-03-31 16:06:00.292  WARN 29781 --- [nio-8080-exec-1] o.h.e.loading.internal.LoadContexts      : HHH000100: Fail-safe cleanup (collections) : org.hibernate.engine.loading.internal.CollectionLoadContext@23ab845b<rs=HikariProxyResultSet@634738434 wrapping rs1451: null>
?[0m?[0;34m2023-03-31 16:06:00.292  WARN 29781 --- [nio-8080-exec-1] o.h.e.loading.internal.LoadContexts      : HHH000100: Fail-safe cleanup (collections) : org.hibernate.engine.loading.internal.CollectionLoadContext@24fe1d56<rs=HikariProxyResultSet@864502917 wrapping rs1221: null>
?[0m?[0;34m2023-03-31 16:06:00.292  WARN 29781 --- [nio-8080-exec-1] o.h.e.loading.internal.LoadContexts      : HHH000100: Fail-safe cleanup (collections) : org.hibernate.engine.loading.internal.CollectionLoadContext@30347b77<rs=HikariProxyResultSet@1864250630 wrapping rs1238: null>
?[0m?[0;34m2023-03-31 16:06:00.292  WARN 29781 --- [nio-8080-exec-1] o.h.e.loading.internal.LoadContexts      : HHH000100: Fail-safe cleanup (collections) : org.hibernate.engine.loading.internal.CollectionLoadContext@68e7edcd<rs=HikariProxyResultSet@1744136325 wrapping rs1278: null>
?[0m?[0;34m2023-03-31 16:06:00.292  WARN 29781 --- [nio-8080-exec-1] o.h.e.loading.internal.LoadContexts      : HHH000100: Fail-safe cleanup (collections) : org.hibernate.engine.loading.internal.CollectionLoadContext@171125d6<rs=HikariProxyResultSet@1022742024 wrapping rs1367: null>
?[0m?[0;34m2023-03-31 16:06:00.292  WARN 29781 --- [nio-8080-exec-1] o.h.e.loading.internal.LoadContexts      : HHH000100: Fail-safe cleanup (collections) : org.hibernate.engine.loading.internal.CollectionLoadContext@43518ecf<rs=HikariProxyResultSet@426006153 wrapping rs1192: null>
?[0m?[0;34m2023-03-31 16:06:00.292  WARN 29781 --- [nio-8080-exec-1] o.h.e.loading.internal.LoadContexts      : HHH000100: Fail-safe cleanup (collections) : org.hibernate.engine.loading.internal.CollectionLoadContext@50adba11<rs=HikariProxyResultSet@1089216266 wrapping rs1257: null>
?[0m?[0;34m2023-03-31 16:06:00.292  WARN 29781 --- [nio-8080-exec-1] o.h.e.loading.internal.LoadContexts      : HHH000100: Fail-safe cleanup (collections) : org.hibernate.engine.loading.internal.CollectionLoadContext@7f3ac4c<rs=HikariProxyResultSet@228541065 wrapping rs1274: null>
?[0m?[0;34m2023-03-31 16:06:00.292  WARN 29781 --- [nio-8080-exec-1] o.h.e.loading.internal.LoadContexts      : HHH000100: Fail-safe cleanup (collections) : org.hibernate.engine.loading.internal.CollectionLoadContext@19d206f1<rs=HikariProxyResultSet@1091097225 wrapping rs1384: null>
?[0m?[0;34m2023-03-31 16:06:00.292  WARN 29781 --- [nio-8080-exec-1] o.h.e.loading.internal.LoadContexts      : HHH000100: Fail-safe cleanup (collections) : org.hibernate.engine.loading.internal.CollectionLoadContext@56bad4f2<rs=HikariProxyResultSet@1826325645 wrapping rs1218: null>
?[0m?[0;34m2023-03-31 16:06:00.292  WARN 29781 --- [nio-8080-exec-1] o.h.e.loading.internal.LoadContexts      : HHH000100: Fail-safe cleanup (collections) : org.hibernate.engine.loading.internal.CollectionLoadContext@6b7a9106<rs=HikariProxyResultSet@633087238 wrapping rs1488: null>
?[0m?[0;34m2023-03-31 16:06:00.292  WARN 29781 --- [nio-8080-exec-1] o.h.e.loading.internal.LoadContexts      : HHH000100: Fail-safe cleanup (collections) : org.hibernate.engine.loading.internal.CollectionLoadContext@7171d1e9<rs=HikariProxyResultSet@2086144649 wrapping rs1543: null>
?[0m?[0;34m2023-03-31 16:06:00.292  WARN 29781 --- [nio-8080-exec-1] o.h.e.loading.internal.LoadContexts      : HHH000100: Fail-safe cleanup (collections) : org.hibernate.engine.loading.internal.CollectionLoadContext@781db4b8<rs=HikariProxyResultSet@1161870219 wrapping rs1574: null>
?[0m?[0;34m2023-03-31 16:06:00.292  WARN 29781 --- [nio-8080-exec-1] o.h.e.loading.internal.LoadContexts      : HHH000100: Fail-safe cleanup (collections) : org.hibernate.engine.loading.internal.CollectionLoadContext@7880f20d<rs=HikariProxyResultSet@502989457 wrapping rs1330: null>
?[0m?[0;34m2023-03-31 16:06:00.292  WARN 29781 --- [nio-8080-exec-1] o.h.e.loading.internal.LoadContexts      : HHH000100: Fail-safe cleanup (collections) : org.hibernate.engine.loading.internal.CollectionLoadContext@474daeba<rs=HikariProxyResultSet@1043760261 wrapping rs1610: null>
?[0m?[0;34m2023-03-31 16:06:00.292  WARN 29781 --- [nio-8080-exec-1] o.h.e.loading.internal.LoadContexts      : HHH000100: Fail-safe cleanup (collections) : org.hibernate.engine.loading.internal.CollectionLoadContext@384cc123<rs=HikariProxyResultSet@1992059537 wrapping rs1624: null>
?[0m?[0;34m2023-03-31 16:06:00.292  WARN 29781 --- [nio-8080-exec-1] o.h.e.loading.internal.LoadContexts      : HHH000100: Fail-safe cleanup (collections) : org.hibernate.engine.loading.internal.CollectionLoadContext@2de11ae6<rs=HikariProxyResultSet@1739662743 wrapping rs1545: null>
?[0m?[0;34m2023-03-31 16:06:00.292  WARN 29781 --- [nio-8080-exec-1] o.h.e.loading.internal.LoadContexts      : HHH000100: Fail-safe cleanup (collections) : org.hibernate.engine.loading.internal.CollectionLoadContext@528e85cd<rs=HikariProxyResultSet@1057801881 wrapping rs1342: null>
?[0m?[0;34m2023-03-31 16:06:00.292  WARN 29781 --- [nio-8080-exec-1] o.h.e.loading.internal.LoadContexts      : HHH000100: Fail-safe cleanup (collections) : org.hibernate.engine.loading.internal.CollectionLoadContext@789cd958<rs=HikariProxyResultSet@1195450138 wrapping rs1153: null>
?[0m?[0;34m2023-03-31 16:06:00.292  WARN 29781 --- [nio-8080-exec-1] o.h.e.loading.internal.LoadContexts      : HHH000100: Fail-safe cleanup (collections) : org.hibernate.engine.loading.internal.CollectionLoadContext@26075ab1<rs=HikariProxyResultSet@1032475418 wrapping rs1619: null>
?[0m?[0;34m2023-03-31 16:06:00.292  WARN 29781 --- [nio-8080-exec-1] o.h.e.loading.internal.LoadContexts      : HHH000100: Fail-safe cleanup (collections) : org.hibernate.engine.loading.internal.CollectionLoadContext@39442bd<rs=HikariProxyResultSet@112452765 wrapping rs1536: null>
?[0m?[0;34m2023-03-31 16:06:00.292  WARN 29781 --- [nio-8080-exec-1] o.h.e.loading.internal.LoadContexts      : HHH000100: Fail-safe cleanup (collections) : org.hibernate.engine.loading.internal.CollectionLoadContext@25921fef<rs=HikariProxyResultSet@432388382 wrapping rs1155: null>
?[0m?[0;34m2023-03-31 16:06:00.292  WARN 29781 --- [nio-8080-exec-1] o.h.e.loading.internal.LoadContexts      : HHH000100: Fail-safe cleanup (collections) : org.hibernate.engine.loading.internal.CollectionLoadContext@3bda541c<rs=HikariProxyResultSet@898898335 wrapping rs1497: null>
?[0m?[0;34m2023-03-31 16:06:00.292  WARN 29781 --- [nio-8080-exec-1] o.h.e.loading.internal.LoadContexts      : HHH000100: Fail-safe cleanup (collections) : org.hibernate.engine.loading.internal.CollectionLoadContext@27145304<rs=HikariProxyResultSet@221948448 wrapping rs1220: null>
?[0m?[0;34m2023-03-31 16:06:00.292  WARN 29781 --- [nio-8080-exec-1] o.h.e.loading.internal.LoadContexts      : HHH000100: Fail-safe cleanup (collections) : org.hibernate.engine.loading.internal.CollectionLoadContext@6b47cf1<rs=HikariProxyResultSet@647292835 wrapping rs1433: null>
?[0m?[0;34m2023-03-31 16:06:00.292  WARN 29781 --- [nio-8080-exec-1] o.h.e.loading.internal.LoadContexts      : HHH000100: Fail-safe cleanup (collections) : org.hibernate.engine.loading.internal.CollectionLoadContext@336c76af<rs=HikariProxyResultSet@563740458 wrapping rs1604: null>
?[0m?[0;34m2023-03-31 16:06:00.292  WARN 29781 --- [nio-8080-exec-1] o.h.e.loading.internal.LoadContexts      : HHH000100: Fail-safe cleanup (collections) : org.hibernate.engine.loading.internal.CollectionLoadContext@5affae6a<rs=HikariProxyResultSet@1954707121 wrapping rs1449: null>
?[0m?[0;34m2023-03-31 16:06:00.292  WARN 29781 --- [nio-8080-exec-1] o.h.e.loading.internal.LoadContexts      : HHH000100: Fail-safe cleanup (collections) : org.hibernate.engine.loading.internal.CollectionLoadContext@5ff65a42<rs=HikariProxyResultSet@1201189682 wrapping rs1235: null>
?[0m?[0;34m2023-03-31 16:06:00.292  WARN 29781 --- [nio-8080-exec-1] o.h.e.loading.internal.LoadContexts      : HHH000100: Fail-safe cleanup (collections) : org.hibernate.engine.loading.internal.CollectionLoadContext@7a00e6b9<rs=HikariProxyResultSet@1294420786 wrapping rs1512: null>
?[0m?[0;34m2023-03-31 16:06:00.292  WARN 29781 --- [nio-8080-exec-1] o.h.e.loading.internal.LoadContexts      : HHH000100: Fail-safe cleanup (collections) : org.hibernate.engine.loading.internal.CollectionLoadContext@2a093e58<rs=HikariProxyResultSet@1587558452 wrapping rs1660: null>
?[0m?[0;34m2023-03-31 16:06:00.293  WARN 29781 --- [nio-8080-exec-1] o.h.e.loading.internal.LoadContexts      : HHH000100: Fail-safe cleanup (collections) : org.hibernate.engine.loading.internal.CollectionLoadContext@d22598d<rs=HikariProxyResultSet@413222972 wrapping rs1215: null>
?[0m?[0;34m2023-03-31 16:06:00.293  WARN 29781 --- [nio-8080-exec-1] o.h.e.loading.internal.LoadContexts      : HHH000100: Fail-safe cleanup (collections) : org.hibernate.engine.loading.internal.CollectionLoadContext@606b3621<rs=HikariProxyResultSet@1065064637 wrapping rs1526: null>
?[0m?[0;34m2023-03-31 16:06:00.293  WARN 29781 --- [nio-8080-exec-1] o.h.e.loading.internal.LoadContexts      : HHH000100: Fail-safe cleanup (collections) : org.hibernate.engine.loading.internal.CollectionLoadContext@1d2321bb<rs=HikariProxyResultSet@1498529344 wrapping rs1400: null>
?[0m?[0;34m2023-03-31 16:06:00.293  WARN 29781 --- [nio-8080-exec-1] o.h.e.loading.internal.LoadContexts      : HHH000100: Fail-safe cleanup (collections) : org.hibernate.engine.loading.internal.CollectionLoadContext@7e3b27b9<rs=HikariProxyResultSet@641766210 wrapping rs1193: null>
?[0m?[0;34m2023-03-31 16:06:00.293  WARN 29781 --- [nio-8080-exec-1] o.h.e.loading.internal.LoadContexts      : HHH000100: Fail-safe cleanup (collections) : org.hibernate.engine.loading.internal.CollectionLoadContext@61cae7c2<rs=HikariProxyResultSet@85401031 wrapping rs1283: null>
?[0m?[0;34m2023-03-31 16:06:00.293  WARN 29781 --- [nio-8080-exec-1] o.h.e.loading.internal.LoadContexts      : HHH000100: Fail-safe cleanup (collections) : org.hibernate.engine.loading.internal.CollectionLoadContext@58291fe4<rs=HikariProxyResultSet@1084508744 wrapping rs1583: null>
?[0m?[0;34m2023-03-31 16:06:00.293  WARN 29781 --- [nio-8080-exec-1] o.h.e.loading.internal.LoadContexts      : HHH000100: Fail-safe cleanup (collections) : org.hibernate.engine.loading.internal.CollectionLoadContext@5c03d3a3<rs=HikariProxyResultSet@2122109899 wrapping rs1273: null>
?[0m?[0;34m2023-03-31 16:06:00.293  WARN 29781 --- [nio-8080-exec-1] o.h.e.loading.internal.LoadContexts      : HHH000100: Fail-safe cleanup (collections) : org.hibernate.engine.loading.internal.CollectionLoadContext@7b222175<rs=HikariProxyResultSet@1561010381 wrapping rs1175: null>
?[0m?[0;34m2023-03-31 16:06:00.293  WARN 29781 --- [nio-8080-exec-1] o.h.e.loading.internal.LoadContexts      : HHH000100: Fail-safe cleanup (collections) : org.hibernate.engine.loading.internal.CollectionLoadContext@4d603d24<rs=HikariProxyResultSet@1453899981 wrapping rs1242: null>
?[0m?[0;34m2023-03-31 16:06:00.293  WARN 29781 --- [nio-8080-exec-1] o.h.e.loading.internal.LoadContexts      : HHH000100: Fail-safe cleanup (collections) : org.hibernate.engine.loading.internal.CollectionLoadContext@5d26dd53<rs=HikariProxyResultSet@391507407 wrapping rs1361: null>
?[0m?[0;34m2023-03-31 16:06:00.293  WARN 29781 --- [nio-8080-exec-1] o.h.e.loading.internal.LoadContexts      : HHH000100: Fail-safe cleanup (collections) : org.hibernate.engine.loading.internal.CollectionLoadContext@1f7a939f<rs=HikariProxyResultSet@482554448 wrapping rs1327: null>
?[0m?[0;34m2023-03-31 16:06:00.293  WARN 29781 --- [nio-8080-exec-1] o.h.e.loading.internal.LoadContexts      : HHH000100: Fail-safe cleanup (collections) : org.hibernate.engine.loading.internal.CollectionLoadContext@75b9308c<rs=HikariProxyResultSet@637492429 wrapping rs1437: null>
?[0m?[0;34m2023-03-31 16:06:00.293  WARN 29781 --- [nio-8080-exec-1] o.h.e.loading.internal.LoadContexts      : HHH000100: Fail-safe cleanup (collections) : org.hibernate.engine.loading.internal.CollectionLoadContext@397cba02<rs=HikariProxyResultSet@880521421 wrapping rs1438: null>
?[0m?[0;34m2023-03-31 16:06:00.293  WARN 29781 --- [nio-8080-exec-1] o.h.e.loading.internal.LoadContexts      : HHH000100: Fail-safe cleanup (collections) : org.hibernate.engine.loading.internal.CollectionLoadContext@525b243b<rs=HikariProxyResultSet@1339446227 wrapping rs1206: null>
?[0m?[0;34m2023-03-31 16:06:00.293  WARN 29781 --- [nio-8080-exec-1] o.h.e.loading.internal.LoadContexts      : HHH000100: Fail-safe cleanup (collections) : org.hibernate.engine.loading.internal.CollectionLoadContext@1976a384<rs=HikariProxyResultSet@1698622419 wrapping rs1475: null>
?[0m?[0;34m2023-03-31 16:06:00.293  WARN 29781 --- [nio-8080-exec-1] o.h.e.loading.internal.LoadContexts      : HHH000100: Fail-safe cleanup (collections) : org.hibernate.engine.loading.internal.CollectionLoadContext@2577dd76<rs=HikariProxyResultSet@1398623445 wrapping rs1417: null>
?[0m?[0;34m2023-03-31 16:06:00.293  WARN 29781 --- [nio-8080-exec-1] o.h.e.loading.internal.LoadContexts      : HHH000100: Fail-safe cleanup (collections) : org.hibernate.engine.loading.internal.CollectionLoadContext@7987cf70<rs=HikariProxyResultSet@1593787597 wrapping rs1491: null>
?[0m?[0;34m2023-03-31 16:06:00.293  WARN 29781 --- [nio-8080-exec-1] o.h.e.loading.internal.LoadContexts      : HHH000100: Fail-safe cleanup (collections) : org.hibernate.engine.loading.internal.CollectionLoadContext@72765687<rs=HikariProxyResultSet@1620681167 wrapping rs1498: null>
?[0m?[0;34m2023-03-31 16:06:00.293  WARN 29781 --- [nio-8080-exec-1] o.h.e.loading.internal.LoadContexts      : HHH000100: Fail-safe cleanup (collections) : org.hibernate.engine.loading.internal.CollectionLoadContext@5e30b1ce<rs=HikariProxyResultSet@171684698 wrapping rs1465: null>
?[0m?[0;34m2023-03-31 16:06:00.293  WARN 29781 --- [nio-8080-exec-1] o.h.e.loading.internal.LoadContexts      : HHH000100: Fail-safe cleanup (collections) : org.hibernate.engine.loading.internal.CollectionLoadContext@45b74b13<rs=HikariProxyResultSet@1626661722 wrapping rs1541: null>
?[0m?[0;34m2023-03-31 16:06:00.293  WARN 29781 --- [nio-8080-exec-1] o.h.e.loading.internal.LoadContexts      : HHH000100: Fail-safe cleanup (collections) : org.hibernate.engine.loading.internal.CollectionLoadContext@28cf09a<rs=HikariProxyResultSet@1763848800 wrapping rs1474: null>
?[0m?[0;34m2023-03-31 16:06:00.293  WARN 29781 --- [nio-8080-exec-1] o.h.e.loading.internal.LoadContexts      : HHH000100: Fail-safe cleanup (collections) : org.hibernate.engine.loading.internal.CollectionLoadContext@428e4c22<rs=HikariProxyResultSet@1032310497 wrapping rs1413: null>
?[0m?[0;34m2023-03-31 16:06:00.293  WARN 29781 --- [nio-8080-exec-1] o.h.e.loading.internal.LoadContexts      : HHH000100: Fail-safe cleanup (collections) : org.hibernate.engine.loading.internal.CollectionLoadContext@19eb3b7c<rs=HikariProxyResultSet@2062588770 wrapping rs1427: null>
?[0m?[0;34m2023-03-31 16:06:00.293  WARN 29781 --- [nio-8080-exec-1] o.h.e.loading.internal.LoadContexts      : HHH000100: Fail-safe cleanup (collections) : org.hibernate.engine.loading.internal.CollectionLoadContext@66fb1481<rs=HikariProxyResultSet@1726191458 wrapping rs1436: null>
?[0m?[0;34m2023-03-31 16:06:00.293  WARN 29781 --- [nio-8080-exec-1] o.h.e.loading.internal.LoadContexts      : HHH000100: Fail-safe cleanup (collections) : org.hibernate.engine.loading.internal.CollectionLoadContext@31630e4<rs=HikariProxyResultSet@1911751264 wrapping rs1490: null>
?[0m?[0;34m2023-03-31 16:06:00.293  WARN 29781 --- [nio-8080-exec-1] o.h.e.loading.internal.LoadContexts      : HHH000100: Fail-safe cleanup (collections) : org.hibernate.engine.loading.internal.CollectionLoadContext@33c993f8<rs=HikariProxyResultSet@1951542501 wrapping rs1239: null>
?[0m?[0;34m2023-03-31 16:06:00.293  WARN 29781 --- [nio-8080-exec-1] o.h.e.loading.internal.LoadContexts      : HHH000100: Fail-safe cleanup (collections) : org.hibernate.engine.loading.internal.CollectionLoadContext@73396e26<rs=HikariProxyResultSet@1966169704 wrapping rs1209: null>
?[0m?[0;34m2023-03-31 16:06:00.293  WARN 29781 --- [nio-8080-exec-1] o.h.e.loading.internal.LoadContexts      : HHH000100: Fail-safe cleanup (collections) : org.hibernate.engine.loading.internal.CollectionLoadContext@4dd823dc<rs=HikariProxyResultSet@87139694 wrapping rs1581: null>
?[0m?[0;34m2023-03-31 16:06:00.293  WARN 29781 --- [nio-8080-exec-1] o.h.e.loading.internal.LoadContexts      : HHH000100: Fail-safe cleanup (collections) : org.hibernate.engine.loading.internal.CollectionLoadContext@7f7bbb93<rs=HikariProxyResultSet@453591535 wrapping rs1326: null>
?[0m?[0;34m2023-03-31 16:06:00.293  WARN 29781 --- [nio-8080-exec-1] o.h.e.loading.internal.LoadContexts      : HHH000100: Fail-safe cleanup (collections) : org.hibernate.engine.loading.internal.CollectionLoadContext@d2a1d7<rs=HikariProxyResultSet@1982388977 wrapping rs1472: null>
?[0m?[0;34m2023-03-31 16:06:00.293  WARN 29781 --- [nio-8080-exec-1] o.h.e.loading.internal.LoadContexts      : HHH000100: Fail-safe cleanup (collections) : org.hibernate.engine.loading.internal.CollectionLoadContext@3822b7b5<rs=HikariProxyResultSet@945959157 wrapping rs1495: null>
?[0m?[0;34m2023-03-31 16:06:00.293  WARN 29781 --- [nio-8080-exec-1] o.h.e.loading.internal.LoadContexts      : HHH000100: Fail-safe cleanup (collections) : org.hibernate.engine.loading.internal.CollectionLoadContext@34e8a5ae<rs=HikariProxyResultSet@449511927 wrapping rs1407: null>
?[0m?[0;34m2023-03-31 16:06:00.293  WARN 29781 --- [nio-8080-exec-1] o.h.e.loading.internal.LoadContexts      : HHH000100: Fail-safe cleanup (collections) : org.hibernate.engine.loading.internal.CollectionLoadContext@166d3783<rs=HikariProxyResultSet@990152183 wrapping rs1517: null>
?[0m?[0;34m2023-03-31 16:06:00.293  WARN 29781 --- [nio-8080-exec-1] o.h.e.loading.internal.LoadContexts      : HHH000100: Fail-safe cleanup (collections) : org.hibernate.engine.loading.internal.CollectionLoadContext@324e080<rs=HikariProxyResultSet@1571654780 wrapping rs1369: null>
?[0m?[0;34m2023-03-31 16:06:00.293  WARN 29781 --- [nio-8080-exec-1] o.h.e.loading.internal.LoadContexts      : HHH000100: Fail-safe cleanup (collections) : org.hibernate.engine.loading.internal.CollectionLoadContext@2e16604e<rs=HikariProxyResultSet@1967939966 wrapping rs1418: null>
?[0m?[0;34m2023-03-31 16:06:00.293  WARN 29781 --- [nio-8080-exec-1] o.h.e.loading.internal.LoadContexts      : HHH000100: Fail-safe cleanup (collections) : org.hibernate.engine.loading.internal.CollectionLoadContext@5f2265f7<rs=HikariProxyResultSet@1343317374 wrapping rs1590: null>
?[0m?[0;34m2023-03-31 16:06:00.293  WARN 29781 --- [nio-8080-exec-1] o.h.e.loading.internal.LoadContexts      : HHH000100: Fail-safe cleanup (collections) : org.hibernate.engine.loading.internal.CollectionLoadContext@200c90bf<rs=HikariProxyResultSet@1301657345 wrapping rs1355: null>
?[0m?[0;34m2023-03-31 16:06:00.293  WARN 29781 --- [nio-8080-exec-1] o.h.e.loading.internal.LoadContexts      : HHH000100: Fail-safe cleanup (collections) : org.hibernate.engine.loading.internal.CollectionLoadContext@40844de<rs=HikariProxyResultSet@1415470083 wrapping rs1216: null>
?[0m?[0;34m2023-03-31 16:06:00.293  WARN 29781 --- [nio-8080-exec-1] o.h.e.loading.internal.LoadContexts      : HHH000100: Fail-safe cleanup (collections) : org.hibernate.engine.loading.internal.CollectionLoadContext@19015001<rs=HikariProxyResultSet@589406211 wrapping rs1357: null>
?[0m?[0;34m2023-03-31 16:06:00.293  WARN 29781 --- [nio-8080-exec-1] o.h.e.loading.internal.LoadContexts      : HHH000100: Fail-safe cleanup (collections) : org.hibernate.engine.loading.internal.CollectionLoadContext@5540930b<rs=HikariProxyResultSet@1490310405 wrapping rs1569: null>
?[0m?[0;34m2023-03-31 16:06:00.293  WARN 29781 --- [nio-8080-exec-1] o.h.e.loading.internal.LoadContexts      : HHH000100: Fail-safe cleanup (collections) : org.hibernate.engine.loading.internal.CollectionLoadContext@110d6874<rs=HikariProxyResultSet@606431622 wrapping rs1217: null>
?[0m?[0;34m2023-03-31 16:06:00.293  WARN 29781 --- [nio-8080-exec-1] o.h.e.loading.internal.LoadContexts      : HHH000100: Fail-safe cleanup (collections) : org.hibernate.engine.loading.internal.CollectionLoadContext@57e5f03f<rs=HikariProxyResultSet@1226257290 wrapping rs1416: null>
?[0m?[0;34m2023-03-31 16:06:00.293  WARN 29781 --- [nio-8080-exec-1] o.h.e.loading.internal.LoadContexts      : HHH000100: Fail-safe cleanup (collections) : org.hibernate.engine.loading.internal.CollectionLoadContext@44f7339a<rs=HikariProxyResultSet@1245998607 wrapping rs1533: null>
?[0m?[0;34m2023-03-31 16:06:00.293  WARN 29781 --- [nio-8080-exec-1] o.h.e.loading.internal.LoadContexts      : HHH000100: Fail-safe cleanup (collections) : org.hibernate.engine.loading.internal.CollectionLoadContext@15fe28c4<rs=HikariProxyResultSet@1826302737 wrapping rs1219: null>
?[0m?[0;34m2023-03-31 16:06:00.293  WARN 29781 --- [nio-8080-exec-1] o.h.e.loading.internal.LoadContexts      : HHH000100: Fail-safe cleanup (collections) : org.hibernate.engine.loading.internal.CollectionLoadContext@6fcabcc7<rs=HikariProxyResultSet@1564577682 wrapping rs1280: null>
?[0m?[0;34m2023-03-31 16:06:00.293  WARN 29781 --- [nio-8080-exec-1] o.h.e.loading.internal.LoadContexts      : HHH000100: Fail-safe cleanup (collections) : org.hibernate.engine.loading.internal.CollectionLoadContext@1756cd09<rs=HikariProxyResultSet@2104584211 wrapping rs1346: null>
?[0m?[0;34m2023-03-31 16:06:00.293  WARN 29781 --- [nio-8080-exec-1] o.h.e.loading.internal.LoadContexts      : HHH000100: Fail-safe cleanup (collections) : org.hibernate.engine.loading.internal.CollectionLoadContext@6ac0479a<rs=HikariProxyResultSet@2086933394 wrapping rs1656: null>
?[0m?[0;34m2023-03-31 16:06:00.293  WARN 29781 --- [nio-8080-exec-1] o.h.e.loading.internal.LoadContexts      : HHH000100: Fail-safe cleanup (collections) : org.hibernate.engine.loading.internal.CollectionLoadContext@e1cea0e<rs=HikariProxyResultSet@361155861 wrapping rs1485: null>
?[0m?[0;34m2023-03-31 16:06:00.293  WARN 29781 --- [nio-8080-exec-1] o.h.e.loading.internal.LoadContexts      : HHH000100: Fail-safe cleanup (collections) : org.hibernate.engine.loading.internal.CollectionLoadContext@348a538e<rs=HikariProxyResultSet@770978198 wrapping rs1345: null>
?[0m?[0;34m2023-03-31 16:06:00.293  WARN 29781 --- [nio-8080-exec-1] o.h.e.loading.internal.LoadContexts      : HHH000100: Fail-safe cleanup (collections) : org.hibernate.engine.loading.internal.CollectionLoadContext@1515ee93<rs=HikariProxyResultSet@1810501272 wrapping rs1515: null>
?[0m?[0;34m2023-03-31 16:06:00.293  WARN 29781 --- [nio-8080-exec-1] o.h.e.loading.internal.LoadContexts      : HHH000100: Fail-safe cleanup (collections) : org.hibernate.engine.loading.internal.CollectionLoadContext@7d01973c<rs=HikariProxyResultSet@823480984 wrapping rs1606: null>
?[0m?[0;34m2023-03-31 16:06:00.293  WARN 29781 --- [nio-8080-exec-1] o.h.e.loading.internal.LoadContexts      : HHH000100: Fail-safe cleanup (collections) : org.hibernate.engine.loading.internal.CollectionLoadContext@14244e08<rs=HikariProxyResultSet@1695098778 wrapping rs1649: null>
?[0m?[0;34m2023-03-31 16:06:00.293  WARN 29781 --- [nio-8080-exec-1] o.h.e.loading.internal.LoadContexts      : HHH000100: Fail-safe cleanup (collections) : org.hibernate.engine.loading.internal.CollectionLoadContext@72547921<rs=HikariProxyResultSet@1126036507 wrapping rs1260: null>
?[0m?[0;34m2023-03-31 16:06:00.293  WARN 29781 --- [nio-8080-exec-1] o.h.e.loading.internal.LoadContexts      : HHH000100: Fail-safe cleanup (collections) : org.hibernate.engine.loading.internal.CollectionLoadContext@480f608e<rs=HikariProxyResultSet@340911776 wrapping rs1288: null>
?[0m?[0;34m2023-03-31 16:06:00.293  WARN 29781 --- [nio-8080-exec-1] o.h.e.loading.internal.LoadContexts      : HHH000100: Fail-safe cleanup (collections) : org.hibernate.engine.loading.internal.CollectionLoadContext@39c6a6c4<rs=HikariProxyResultSet@198202145 wrapping rs1401: null>
?[0m?[0;34m2023-03-31 16:06:00.293  WARN 29781 --- [nio-8080-exec-1] o.h.e.loading.internal.LoadContexts      : HHH000100: Fail-safe cleanup (collections) : org.hibernate.engine.loading.internal.CollectionLoadContext@fa4fbfa<rs=HikariProxyResultSet@718710432 wrapping rs1430: null>
?[0m?[0;34m2023-03-31 16:06:00.293  WARN 29781 --- [nio-8080-exec-1] o.h.e.loading.internal.LoadContexts      : HHH000100: Fail-safe cleanup (collections) : org.hibernate.engine.loading.internal.CollectionLoadContext@5ee8165e<rs=HikariProxyResultSet@1311046691 wrapping rs1410: null>
?[0m?[0;34m2023-03-31 16:06:00.294  WARN 29781 --- [nio-8080-exec-1] o.h.e.loading.internal.LoadContexts      : HHH000100: Fail-safe cleanup (collections) : org.hibernate.engine.loading.internal.CollectionLoadContext@6dd0161d<rs=HikariProxyResultSet@1619455140 wrapping rs1556: null>
?[0m?[0;34m2023-03-31 16:06:00.294  WARN 29781 --- [nio-8080-exec-1] o.h.e.loading.internal.LoadContexts      : HHH000100: Fail-safe cleanup (collections) : org.hibernate.engine.loading.internal.CollectionLoadContext@612c7de5<rs=HikariProxyResultSet@1958822181 wrapping rs1623: null>
?[0m?[0;34m2023-03-31 16:06:00.294  WARN 29781 --- [nio-8080-exec-1] o.h.e.loading.internal.LoadContexts      : HHH000100: Fail-safe cleanup (collections) : org.hibernate.engine.loading.internal.CollectionLoadContext@497f3111<rs=HikariProxyResultSet@158041510 wrapping rs1309: null>
?[0m?[0;34m2023-03-31 16:06:00.294  WARN 29781 --- [nio-8080-exec-1] o.h.e.loading.internal.LoadContexts      : HHH000100: Fail-safe cleanup (collections) : org.hibernate.engine.loading.internal.CollectionLoadContext@57bb9486<rs=HikariProxyResultSet@1547030055 wrapping rs1452: null>
?[0m?[0;34m2023-03-31 16:06:00.294  WARN 29781 --- [nio-8080-exec-1] o.h.e.loading.internal.LoadContexts      : HHH000100: Fail-safe cleanup (collections) : org.hibernate.engine.loading.internal.CollectionLoadContext@3ab60092<rs=HikariProxyResultSet@677401256 wrapping rs1167: null>
?[0m?[0;34m2023-03-31 16:06:00.294  WARN 29781 --- [nio-8080-exec-1] o.h.e.loading.internal.LoadContexts      : HHH000100: Fail-safe cleanup (collections) : org.hibernate.engine.loading.internal.CollectionLoadContext@38f79174<rs=HikariProxyResultSet@904288936 wrapping rs1414: null>
?[0m?[0;34m2023-03-31 16:06:00.294  WARN 29781 --- [nio-8080-exec-1] o.h.e.loading.internal.LoadContexts      : HHH000100: Fail-safe cleanup (collections) : org.hibernate.engine.loading.internal.CollectionLoadContext@830c8c2<rs=HikariProxyResultSet@1498509734 wrapping rs1469: null>
?[0m?[0;34m2023-03-31 16:06:00.294  WARN 29781 --- [nio-8080-exec-1] o.h.e.loading.internal.LoadContexts      : HHH000100: Fail-safe cleanup (collections) : org.hibernate.engine.loading.internal.CollectionLoadContext@3a462e6<rs=HikariProxyResultSet@2134725546 wrapping rs1519: null>
?[0m?[0;34m2023-03-31 16:06:00.294  WARN 29781 --- [nio-8080-exec-1] o.h.e.loading.internal.LoadContexts      : HHH000100: Fail-safe cleanup (collections) : org.hibernate.engine.loading.internal.CollectionLoadContext@99c4090<rs=HikariProxyResultSet@1749534892 wrapping rs1552: null>
?[0m?[0;34m2023-03-31 16:06:00.294  WARN 29781 --- [nio-8080-exec-1] o.h.e.loading.internal.LoadContexts      : HHH000100: Fail-safe cleanup (collections) : org.hibernate.engine.loading.internal.CollectionLoadContext@de41ce6<rs=HikariProxyResultSet@1930054320 wrapping rs1494: null>
?[0m?[0;34m2023-03-31 16:06:00.294  WARN 29781 --- [nio-8080-exec-1] o.h.e.loading.internal.LoadContexts      : HHH000100: Fail-safe cleanup (collections) : org.hibernate.engine.loading.internal.CollectionLoadContext@39ca340<rs=HikariProxyResultSet@1728350896 wrapping rs1644: null>
?[0m?[0;34m2023-03-31 16:06:00.294  WARN 29781 --- [nio-8080-exec-1] o.h.e.loading.internal.LoadContexts      : HHH000100: Fail-safe cleanup (collections) : org.hibernate.engine.loading.internal.CollectionLoadContext@230f5287<rs=HikariProxyResultSet@950081458 wrapping rs1199: null>
?[0m?[0;34m2023-03-31 16:06:00.294  WARN 29781 --- [nio-8080-exec-1] o.h.e.loading.internal.LoadContexts      : HHH000100: Fail-safe cleanup (collections) : org.hibernate.engine.loading.internal.CollectionLoadContext@48fc1eb6<rs=HikariProxyResultSet@1496233011 wrapping rs1275: null>
?[0m?[0;34m2023-03-31 16:06:00.294  WARN 29781 --- [nio-8080-exec-1] o.h.e.loading.internal.LoadContexts      : HHH000100: Fail-safe cleanup (collections) : org.hibernate.engine.loading.internal.CollectionLoadContext@65522863<rs=HikariProxyResultSet@1300045746 wrapping rs1291: null>
?[0m?[0;34m2023-03-31 16:06:00.294  WARN 29781 --- [nio-8080-exec-1] o.h.e.loading.internal.LoadContexts      : HHH000100: Fail-safe cleanup (collections) : org.hibernate.engine.loading.internal.CollectionLoadContext@3b2012a<rs=HikariProxyResultSet@680018100 wrapping rs1476: null>
?[0m?[0;34m2023-03-31 16:06:00.294  WARN 29781 --- [nio-8080-exec-1] o.h.e.loading.internal.LoadContexts      : HHH000100: Fail-safe cleanup (collections) : org.hibernate.engine.loading.internal.CollectionLoadContext@5af0f0b1<rs=HikariProxyResultSet@2073579192 wrapping rs1157: null>
?[0m?[0;34m2023-03-31 16:06:00.294  WARN 29781 --- [nio-8080-exec-1] o.h.e.loading.internal.LoadContexts      : HHH000100: Fail-safe cleanup (collections) : org.hibernate.engine.loading.internal.CollectionLoadContext@72d14cf7<rs=HikariProxyResultSet@1203699642 wrapping rs1154: null>
?[0m?[0;34m2023-03-31 16:06:00.294  WARN 29781 --- [nio-8080-exec-1] o.h.e.loading.internal.LoadContexts      : HHH000100: Fail-safe cleanup (collections) : org.hibernate.engine.loading.internal.CollectionLoadContext@63473fe<rs=HikariProxyResultSet@1992119355 wrapping rs1142: null>
?[0m?[0;34m2023-03-31 16:06:00.294  WARN 29781 --- [nio-8080-exec-1] o.h.e.loading.internal.LoadContexts      : HHH000100: Fail-safe cleanup (collections) : org.hibernate.engine.loading.internal.CollectionLoadContext@151c9943<rs=HikariProxyResultSet@102298812 wrapping rs1394: null>
?[0m?[0;34m2023-03-31 16:06:00.294  WARN 29781 --- [nio-8080-exec-1] o.h.e.loading.internal.LoadContexts      : HHH000100: Fail-safe cleanup (collections) : org.hibernate.engine.loading.internal.CollectionLoadContext@48348629<rs=HikariProxyResultSet@812349378 wrapping rs1443: null>
?[0m?[0;34m2023-03-31 16:06:00.294  WARN 29781 --- [nio-8080-exec-1] o.h.e.loading.internal.LoadContexts      : HHH000100: Fail-safe cleanup (collections) : org.hibernate.engine.loading.internal.CollectionLoadContext@30fadd2c<rs=HikariProxyResultSet@1289937987 wrapping rs1464: null>
?[0m?[0;34m2023-03-31 16:06:00.294  WARN 29781 --- [nio-8080-exec-1] o.h.e.loading.internal.LoadContexts      : HHH000100: Fail-safe cleanup (collections) : org.hibernate.engine.loading.internal.CollectionLoadContext@15f4e34e<rs=HikariProxyResultSet@224276684 wrapping rs1445: null>
?[0m?[0;34m2023-03-31 16:06:00.294  WARN 29781 --- [nio-8080-exec-1] o.h.e.loading.internal.LoadContexts      : HHH000100: Fail-safe cleanup (collections) : org.hibernate.engine.loading.internal.CollectionLoadContext@6453b632<rs=HikariProxyResultSet@713678157 wrapping rs1292: null>
?[0m?[0;34m2023-03-31 16:06:00.294  WARN 29781 --- [nio-8080-exec-1] o.h.e.loading.internal.LoadContexts      : HHH000100: Fail-safe cleanup (collections) : org.hibernate.engine.loading.internal.CollectionLoadContext@83a715f<rs=HikariProxyResultSet@1842011469 wrapping rs1607: null>
?[0m?[0;34m2023-03-31 16:06:00.294  WARN 29781 --- [nio-8080-exec-1] o.h.e.loading.internal.LoadContexts      : HHH000100: Fail-safe cleanup (collections) : org.hibernate.engine.loading.internal.CollectionLoadContext@6e4fdec9<rs=HikariProxyResultSet@1596354127 wrapping rs1173: null>
?[0m?[0;34m2023-03-31 16:06:00.294  WARN 29781 --- [nio-8080-exec-1] o.h.e.loading.internal.LoadContexts      : HHH000100: Fail-safe cleanup (collections) : org.hibernate.engine.loading.internal.CollectionLoadContext@5c13aedd<rs=HikariProxyResultSet@258552915 wrapping rs1629: null>
?[0m?[0;34m2023-03-31 16:06:00.294  WARN 29781 --- [nio-8080-exec-1] o.h.e.loading.internal.LoadContexts      : HHH000100: Fail-safe cleanup (collections) : org.hibernate.engine.loading.internal.CollectionLoadContext@2508714b<rs=HikariProxyResultSet@1453798741 wrapping rs1279: null>
?[0m?[0;34m2023-03-31 16:06:00.294  WARN 29781 --- [nio-8080-exec-1] o.h.e.loading.internal.LoadContexts      : HHH000100: Fail-safe cleanup (collections) : org.hibernate.engine.loading.internal.CollectionLoadContext@7e634c3c<rs=HikariProxyResultSet@1101690584 wrapping rs1261: null>
?[0m?[0;34m2023-03-31 16:06:00.294  WARN 29781 --- [nio-8080-exec-1] o.h.e.loading.internal.LoadContexts      : HHH000100: Fail-safe cleanup (collections) : org.hibernate.engine.loading.internal.CollectionLoadContext@6eca7caf<rs=HikariProxyResultSet@1157406424 wrapping rs1509: null>
?[0m?[0;34m2023-03-31 16:06:00.294  WARN 29781 --- [nio-8080-exec-1] o.h.e.loading.internal.LoadContexts      : HHH000100: Fail-safe cleanup (collections) : org.hibernate.engine.loading.internal.CollectionLoadContext@2fee42ed<rs=HikariProxyResultSet@60156632 wrapping rs1591: null>
?[0m?[0;34m2023-03-31 16:06:00.294  WARN 29781 --- [nio-8080-exec-1] o.h.e.loading.internal.LoadContexts      : HHH000100: Fail-safe cleanup (collections) : org.hibernate.engine.loading.internal.CollectionLoadContext@490afc72<rs=HikariProxyResultSet@388337884 wrapping rs1441: null>
?[0m?[0;34m2023-03-31 16:06:00.294  WARN 29781 --- [nio-8080-exec-1] o.h.e.loading.internal.LoadContexts      : HHH000100: Fail-safe cleanup (collections) : org.hibernate.engine.loading.internal.CollectionLoadContext@2dec4bc3<rs=HikariProxyResultSet@1095185757 wrapping rs1324: null>
?[0m?[0;34m2023-03-31 16:06:00.294  WARN 29781 --- [nio-8080-exec-1] o.h.e.loading.internal.LoadContexts      : HHH000100: Fail-safe cleanup (collections) : org.hibernate.engine.loading.internal.CollectionLoadContext@107e65d5<rs=HikariProxyResultSet@1183144285 wrapping rs1405: null>
?[0m?[0;34m2023-03-31 16:06:00.294  WARN 29781 --- [nio-8080-exec-1] o.h.e.loading.internal.LoadContexts      : HHH000100: Fail-safe cleanup (collections) : org.hibernate.engine.loading.internal.CollectionLoadContext@4d5aa41d<rs=HikariProxyResultSet@1361853789 wrapping rs1516: null>
?[0m?[0;34m2023-03-31 16:06:00.294  WARN 29781 --- [nio-8080-exec-1] o.h.e.loading.internal.LoadContexts      : HHH000100: Fail-safe cleanup (collections) : org.hibernate.engine.loading.internal.CollectionLoadContext@532d28a8<rs=HikariProxyResultSet@290091873 wrapping rs1415: null>
?[0m?[0;34m2023-03-31 16:06:00.294  WARN 29781 --- [nio-8080-exec-1] o.h.e.loading.internal.LoadContexts      : HHH000100: Fail-safe cleanup (collections) : org.hibernate.engine.loading.internal.CollectionLoadContext@1cd0d35d<rs=HikariProxyResultSet@517116769 wrapping rs1492: null>
?[0m?[0;34m2023-03-31 16:06:00.294  WARN 29781 --- [nio-8080-exec-1] o.h.e.loading.internal.LoadContexts      : HHH000100: Fail-safe cleanup (collections) : org.hibernate.engine.loading.internal.CollectionLoadContext@7fe35ddf<rs=HikariProxyResultSet@1879846761 wrapping rs1190: null>
?[0m?[0;34m2023-03-31 16:06:00.294  WARN 29781 --- [nio-8080-exec-1] o.h.e.loading.internal.LoadContexts      : HHH000100: Fail-safe cleanup (collections) : org.hibernate.engine.loading.internal.CollectionLoadContext@67017472<rs=HikariProxyResultSet@678015978 wrapping rs1202: null>
?[0m?[0;34m2023-03-31 16:06:00.294  WARN 29781 --- [nio-8080-exec-1] o.h.e.loading.internal.LoadContexts      : HHH000100: Fail-safe cleanup (collections) : org.hibernate.engine.loading.internal.CollectionLoadContext@5dd37852<rs=HikariProxyResultSet@1499747693 wrapping rs1364: null>
?[0m?[0;34m2023-03-31 16:06:00.294  WARN 29781 --- [nio-8080-exec-1] o.h.e.loading.internal.LoadContexts      : HHH000100: Fail-safe cleanup (collections) : org.hibernate.engine.loading.internal.CollectionLoadContext@4783128e<rs=HikariProxyResultSet@1205067633 wrapping rs1570: null>
?[0m?[0;34m2023-03-31 16:06:00.294  WARN 29781 --- [nio-8080-exec-1] o.h.e.loading.internal.LoadContexts      : HHH000100: Fail-safe cleanup (collections) : org.hibernate.engine.loading.internal.CollectionLoadContext@226ba204<rs=HikariProxyResultSet@2027054066 wrapping rs1641: null>
?[0m?[0;34m2023-03-31 16:06:00.294  WARN 29781 --- [nio-8080-exec-1] o.h.e.loading.internal.LoadContexts      : HHH000100: Fail-safe cleanup (collections) : org.hibernate.engine.loading.internal.CollectionLoadContext@4ea5e0df<rs=HikariProxyResultSet@1249486068 wrapping rs1627: null>
?[0m?[0;34m2023-03-31 16:06:00.294  WARN 29781 --- [nio-8080-exec-1] o.h.e.loading.internal.LoadContexts      : HHH000100: Fail-safe cleanup (collections) : org.hibernate.engine.loading.internal.CollectionLoadContext@8f210b1<rs=HikariProxyResultSet@1517236726 wrapping rs1141: null>
?[0m?[0;34m2023-03-31 16:06:00.294  WARN 29781 --- [nio-8080-exec-1] o.h.e.loading.internal.LoadContexts      : HHH000100: Fail-safe cleanup (collections) : org.hibernate.engine.loading.internal.CollectionLoadContext@573a6443<rs=HikariProxyResultSet@1066731256 wrapping rs1191: null>
?[0m?[0;34m2023-03-31 16:06:00.294  WARN 29781 --- [nio-8080-exec-1] o.h.e.loading.internal.LoadContexts      : HHH000100: Fail-safe cleanup (collections) : org.hibernate.engine.loading.internal.CollectionLoadContext@283e8722<rs=HikariProxyResultSet@118464377 wrapping rs1194: null>
?[0m?[0;34m2023-03-31 16:06:00.294  WARN 29781 --- [nio-8080-exec-1] o.h.e.loading.internal.LoadContexts      : HHH000100: Fail-safe cleanup (collections) : org.hibernate.engine.loading.internal.CollectionLoadContext@49fc29e2<rs=HikariProxyResultSet@1674862328 wrapping rs1588: null>
?[0m?[0;34m2023-03-31 16:06:00.294  WARN 29781 --- [nio-8080-exec-1] o.h.e.loading.internal.LoadContexts      : HHH000100: Fail-safe cleanup (collections) : org.hibernate.engine.loading.internal.CollectionLoadContext@5113dff4<rs=HikariProxyResultSet@227466363 wrapping rs1528: null>
?[0m?[0;34m2023-03-31 16:06:00.294  WARN 29781 --- [nio-8080-exec-1] o.h.e.loading.internal.LoadContexts      : HHH000100: Fail-safe cleanup (collections) : org.hibernate.engine.loading.internal.CollectionLoadContext@550fb1e9<rs=HikariProxyResultSet@1501276412 wrapping rs1344: null>
?[0m?[0;34m2023-03-31 16:06:00.294  WARN 29781 --- [nio-8080-exec-1] o.h.e.loading.internal.LoadContexts      : HHH000100: Fail-safe cleanup (collections) : org.hibernate.engine.loading.internal.CollectionLoadContext@9542bfd<rs=HikariProxyResultSet@1031133952 wrapping rs1399: null>
?[0m?[0;34m2023-03-31 16:06:00.294  WARN 29781 --- [nio-8080-exec-1] o.h.e.loading.internal.LoadContexts      : HHH000100: Fail-safe cleanup (collections) : org.hibernate.engine.loading.internal.CollectionLoadContext@21cfa00c<rs=HikariProxyResultSet@547620100 wrapping rs1176: null>
?[0m?[0;34m2023-03-31 16:06:00.295  WARN 29781 --- [nio-8080-exec-1] o.h.e.loading.internal.LoadContexts      : HHH000100: Fail-safe cleanup (collections) : org.hibernate.engine.loading.internal.CollectionLoadContext@6eec37be<rs=HikariProxyResultSet@1059080581 wrapping rs1456: null>
?[0m?[0;34m2023-03-31 16:06:00.295  WARN 29781 --- [nio-8080-exec-1] o.h.e.loading.internal.LoadContexts      : HHH000100: Fail-safe cleanup (collections) : org.hibernate.engine.loading.internal.CollectionLoadContext@46445373<rs=HikariProxyResultSet@1170357766 wrapping rs1657: null>
?[0m?[0;34m2023-03-31 16:06:00.295  WARN 29781 --- [nio-8080-exec-1] o.h.e.loading.internal.LoadContexts      : HHH000100: Fail-safe cleanup (collections) : org.hibernate.engine.loading.internal.CollectionLoadContext@6ee78385<rs=HikariProxyResultSet@1502755721 wrapping rs1354: null>
?[0m?[0;34m2023-03-31 16:06:00.295  WARN 29781 --- [nio-8080-exec-1] o.h.e.loading.internal.LoadContexts      : HHH000100: Fail-safe cleanup (collections) : org.hibernate.engine.loading.internal.CollectionLoadContext@32748195<rs=HikariProxyResultSet@1464838025 wrapping rs1559: null>
?[0m?[0;34m2023-03-31 16:06:00.295  WARN 29781 --- [nio-8080-exec-1] o.h.e.loading.internal.LoadContexts      : HHH000100: Fail-safe cleanup (collections) : org.hibernate.engine.loading.internal.CollectionLoadContext@3daa11a2<rs=HikariProxyResultSet@719900432 wrapping rs1499: null>
?[0m?[0;34m2023-03-31 16:06:00.295  WARN 29781 --- [nio-8080-exec-1] o.h.e.loading.internal.LoadContexts      : HHH000100: Fail-safe cleanup (collections) : org.hibernate.engine.loading.internal.CollectionLoadContext@599112af<rs=HikariProxyResultSet@1411094675 wrapping rs1161: null>
?[0m?[0;34m2023-03-31 16:06:00.295  WARN 29781 --- [nio-8080-exec-1] o.h.e.loading.internal.LoadContexts      : HHH000100: Fail-safe cleanup (collections) : org.hibernate.engine.loading.internal.CollectionLoadContext@b3849b3<rs=HikariProxyResultSet@31074580 wrapping rs1171: null>
?[0m?[0;34m2023-03-31 16:06:00.295  WARN 29781 --- [nio-8080-exec-1] o.h.e.loading.internal.LoadContexts      : HHH000100: Fail-safe cleanup (collections) : org.hibernate.engine.loading.internal.CollectionLoadContext@1dd61968<rs=HikariProxyResultSet@2078863765 wrapping rs1259: null>
?[0m?[0;34m2023-03-31 16:06:00.295  WARN 29781 --- [nio-8080-exec-1] o.h.e.loading.internal.LoadContexts      : HHH000100: Fail-safe cleanup (collections) : org.hibernate.engine.loading.internal.CollectionLoadContext@701c2c71<rs=HikariProxyResultSet@1417069078 wrapping rs1170: null>
?[0m?[0;34m2023-03-31 16:06:00.295  WARN 29781 --- [nio-8080-exec-1] o.h.e.loading.internal.LoadContexts      : HHH000100: Fail-safe cleanup (collections) : org.hibernate.engine.loading.internal.CollectionLoadContext@21c94cb7<rs=HikariProxyResultSet@1722908182 wrapping rs1225: null>
?[0m?[0;34m2023-03-31 16:06:00.295  WARN 29781 --- [nio-8080-exec-1] o.h.e.loading.internal.LoadContexts      : HHH000100: Fail-safe cleanup (collections) : org.hibernate.engine.loading.internal.CollectionLoadContext@6875fcec<rs=HikariProxyResultSet@549052692 wrapping rs1289: null>
?[0m?[0;34m2023-03-31 16:06:00.295  WARN 29781 --- [nio-8080-exec-1] o.h.e.loading.internal.LoadContexts      : HHH000100: Fail-safe cleanup (collections) : org.hibernate.engine.loading.internal.CollectionLoadContext@4545b5d3<rs=HikariProxyResultSet@961165459 wrapping rs1298: null>
?[0m?[0;34m2023-03-31 16:06:00.295  WARN 29781 --- [nio-8080-exec-1] o.h.e.loading.internal.LoadContexts      : HHH000100: Fail-safe cleanup (collections) : org.hibernate.engine.loading.internal.CollectionLoadContext@54ab66ae<rs=HikariProxyResultSet@1681533849 wrapping rs1319: null>
?[0m?[0;34m2023-03-31 16:06:00.295  WARN 29781 --- [nio-8080-exec-1] o.h.e.loading.internal.LoadContexts      : HHH000100: Fail-safe cleanup (collections) : org.hibernate.engine.loading.internal.CollectionLoadContext@3fec2478<rs=HikariProxyResultSet@1659980955 wrapping rs1150: null>
?[0m?[0;34m2023-03-31 16:06:00.295  WARN 29781 --- [nio-8080-exec-1] o.h.e.loading.internal.LoadContexts      : HHH000100: Fail-safe cleanup (collections) : org.hibernate.engine.loading.internal.CollectionLoadContext@78b92df5<rs=HikariProxyResultSet@1676411164 wrapping rs1348: null>
?[0m?[0;34m2023-03-31 16:06:00.295  WARN 29781 --- [nio-8080-exec-1] o.h.e.loading.internal.LoadContexts      : HHH000100: Fail-safe cleanup (collections) : org.hibernate.engine.loading.internal.CollectionLoadContext@103af41c<rs=HikariProxyResultSet@1170027159 wrapping rs1360: null>
?[0m?[0;34m2023-03-31 16:06:00.295  WARN 29781 --- [nio-8080-exec-1] o.h.e.loading.internal.LoadContexts      : HHH000100: Fail-safe cleanup (collections) : org.hibernate.engine.loading.internal.CollectionLoadContext@1f2b6ea3<rs=HikariProxyResultSet@1270239774 wrapping rs1374: null>
?[0m?[0;34m2023-03-31 16:06:00.295  WARN 29781 --- [nio-8080-exec-1] o.h.e.loading.internal.LoadContexts      : HHH000100: Fail-safe cleanup (collections) : org.hibernate.engine.loading.internal.CollectionLoadContext@41ba46da<rs=HikariProxyResultSet@1123169685 wrapping rs1484: null>
?[0m?[0;34m2023-03-31 16:06:00.295  WARN 29781 --- [nio-8080-exec-1] o.h.e.loading.internal.LoadContexts      : HHH000100: Fail-safe cleanup (collections) : org.hibernate.engine.loading.internal.CollectionLoadContext@705d1d9d<rs=HikariProxyResultSet@1832816416 wrapping rs1482: null>
?[0m?[0;34m2023-03-31 16:06:00.295  WARN 29781 --- [nio-8080-exec-1] o.h.e.loading.internal.LoadContexts      : HHH000100: Fail-safe cleanup (collections) : org.hibernate.engine.loading.internal.CollectionLoadContext@37809d9e<rs=HikariProxyResultSet@1374026657 wrapping rs1214: null>
?[0m?[0;34m2023-03-31 16:06:00.295  WARN 29781 --- [nio-8080-exec-1] o.h.e.loading.internal.LoadContexts      : HHH000100: Fail-safe cleanup (collections) : org.hibernate.engine.loading.internal.CollectionLoadContext@739ab3bb<rs=HikariProxyResultSet@223693729 wrapping rs1241: null>
?[0m?[0;34m2023-03-31 16:06:00.295  WARN 29781 --- [nio-8080-exec-1] o.h.e.loading.internal.LoadContexts      : HHH000100: Fail-safe cleanup (collections) : org.hibernate.engine.loading.internal.CollectionLoadContext@6085a784<rs=HikariProxyResultSet@119622819 wrapping rs1162: null>
?[0m?[0;34m2023-03-31 16:06:00.295  WARN 29781 --- [nio-8080-exec-1] o.h.e.loading.internal.LoadContexts      : HHH000100: Fail-safe cleanup (collections) : org.hibernate.engine.loading.internal.CollectionLoadContext@78acfffc<rs=HikariProxyResultSet@1698822049 wrapping rs1301: null>
?[0m?[0;34m2023-03-31 16:06:00.295  WARN 29781 --- [nio-8080-exec-1] o.h.e.loading.internal.LoadContexts      : HHH000100: Fail-safe cleanup (collections) : org.hibernate.engine.loading.internal.CollectionLoadContext@4bf3f11a<rs=HikariProxyResultSet@1473846298 wrapping rs1592: null>
?[0m?[0;34m2023-03-31 16:06:00.295  WARN 29781 --- [nio-8080-exec-1] o.h.e.loading.internal.LoadContexts      : HHH000100: Fail-safe cleanup (collections) : org.hibernate.engine.loading.internal.CollectionLoadContext@6d5294b4<rs=HikariProxyResultSet@710181269 wrapping rs1658: null>
?[0m?[0;34m2023-03-31 16:06:00.295  WARN 29781 --- [nio-8080-exec-1] o.h.e.loading.internal.LoadContexts      : HHH000100: Fail-safe cleanup (collections) : org.hibernate.engine.loading.internal.CollectionLoadContext@2026b71d<rs=HikariProxyResultSet@1398685480 wrapping rs1424: null>
?[0m?[0;34m2023-03-31 16:06:00.295  WARN 29781 --- [nio-8080-exec-1] o.h.e.loading.internal.LoadContexts      : HHH000100: Fail-safe cleanup (collections) : org.hibernate.engine.loading.internal.CollectionLoadContext@3f6afffa<rs=HikariProxyResultSet@322718633 wrapping rs1258: null>
?[0m?[0;34m2023-03-31 16:06:00.295  WARN 29781 --- [nio-8080-exec-1] o.h.e.loading.internal.LoadContexts      : HHH000100: Fail-safe cleanup (collections) : org.hibernate.engine.loading.internal.CollectionLoadContext@6bc5a22c<rs=HikariProxyResultSet@1071318953 wrapping rs1513: null>
?[0m?[0;34m2023-03-31 16:06:00.295  WARN 29781 --- [nio-8080-exec-1] o.h.e.loading.internal.LoadContexts      : HHH000100: Fail-safe cleanup (collections) : org.hibernate.engine.loading.internal.CollectionLoadContext@124b7cd4<rs=HikariProxyResultSet@1760720172 wrapping rs1524: null>
?[0m?[0;34m2023-03-31 16:06:00.295  WARN 29781 --- [nio-8080-exec-1] o.h.e.loading.internal.LoadContexts      : HHH000100: Fail-safe cleanup (collections) : org.hibernate.engine.loading.internal.CollectionLoadContext@7c0afdf<rs=HikariProxyResultSet@879531308 wrapping rs1558: null>
?[0m?[0;34m2023-03-31 16:06:00.295  WARN 29781 --- [nio-8080-exec-1] o.h.e.loading.internal.LoadContexts      : HHH000100: Fail-safe cleanup (collections) : org.hibernate.engine.loading.internal.CollectionLoadContext@6f3d05f2<rs=HikariProxyResultSet@783917614 wrapping rs1159: null>
?[0m?[0;34m2023-03-31 16:06:00.295  WARN 29781 --- [nio-8080-exec-1] o.h.e.loading.internal.LoadContexts      : HHH000100: Fail-safe cleanup (collections) : org.hibernate.engine.loading.internal.CollectionLoadContext@292f0efb<rs=HikariProxyResultSet@161011246 wrapping rs1265: null>
?[0m?[0;34m2023-03-31 16:06:00.295  WARN 29781 --- [nio-8080-exec-1] o.h.e.loading.internal.LoadContexts      : HHH000100: Fail-safe cleanup (collections) : org.hibernate.engine.loading.internal.CollectionLoadContext@604b7ad6<rs=HikariProxyResultSet@1245663919 wrapping rs1320: null>
?[0m?[0;34m2023-03-31 16:06:00.295  WARN 29781 --- [nio-8080-exec-1] o.h.e.loading.internal.LoadContexts      : HHH000100: Fail-safe cleanup (collections) : org.hibernate.engine.loading.internal.CollectionLoadContext@62778f57<rs=HikariProxyResultSet@1520068787 wrapping rs1625: null>
?[0m?[0;34m2023-03-31 16:06:00.295  WARN 29781 --- [nio-8080-exec-1] o.h.e.loading.internal.LoadContexts      : HHH000100: Fail-safe cleanup (collections) : org.hibernate.engine.loading.internal.CollectionLoadContext@6562047e<rs=HikariProxyResultSet@1303103796 wrapping rs1336: null>
?[0m?[0;34m2023-03-31 16:06:00.295  WARN 29781 --- [nio-8080-exec-1] o.h.e.loading.internal.LoadContexts      : HHH000100: Fail-safe cleanup (collections) : org.hibernate.engine.loading.internal.CollectionLoadContext@346b86ff<rs=HikariProxyResultSet@1238568244 wrapping rs1633: null>
?[0m?[0;34m2023-03-31 16:06:00.295  WARN 29781 --- [nio-8080-exec-1] o.h.e.loading.internal.LoadContexts      : HHH000100: Fail-safe cleanup (collections) : org.hibernate.engine.loading.internal.CollectionLoadContext@f4dd76e<rs=HikariProxyResultSet@1038483764 wrapping rs1645: null>
?[0m?[0;34m2023-03-31 16:06:00.295  WARN 29781 --- [nio-8080-exec-1] o.h.e.loading.internal.LoadContexts      : HHH000100: Fail-safe cleanup (collections) : org.hibernate.engine.loading.internal.CollectionLoadContext@519efce7<rs=HikariProxyResultSet@1909451576 wrapping rs1523: null>
?[0m?[0;34m2023-03-31 16:06:00.295  WARN 29781 --- [nio-8080-exec-1] o.h.e.loading.internal.LoadContexts      : HHH000100: Fail-safe cleanup (collections) : org.hibernate.engine.loading.internal.CollectionLoadContext@24aa435e<rs=HikariProxyResultSet@1730437178 wrapping rs1596: null>
?[0m?[0;34m2023-03-31 16:06:00.295  WARN 29781 --- [nio-8080-exec-1] o.h.e.loading.internal.LoadContexts      : HHH000100: Fail-safe cleanup (collections) : org.hibernate.engine.loading.internal.CollectionLoadContext@4c9e654a<rs=HikariProxyResultSet@1893394619 wrapping rs1483: null>
?[0m?[0;34m2023-03-31 16:06:00.295  WARN 29781 --- [nio-8080-exec-1] o.h.e.loading.internal.LoadContexts      : HHH000100: Fail-safe cleanup (collections) : org.hibernate.engine.loading.internal.CollectionLoadContext@2d893d10<rs=HikariProxyResultSet@1150466493 wrapping rs1435: null>
?[0m?[0;34m2023-03-31 16:06:00.295  WARN 29781 --- [nio-8080-exec-1] o.h.e.loading.internal.LoadContexts      : HHH000100: Fail-safe cleanup (collections) : org.hibernate.engine.loading.internal.CollectionLoadContext@b569582<rs=HikariProxyResultSet@459340100 wrapping rs1380: null>
?[0m?[0;34m2023-03-31 16:06:00.295  WARN 29781 --- [nio-8080-exec-1] o.h.e.loading.internal.LoadContexts      : HHH000100: Fail-safe cleanup (collections) : org.hibernate.engine.loading.internal.CollectionLoadContext@7d909705<rs=HikariProxyResultSet@22043972 wrapping rs1500: null>
?[0m?[0;34m2023-03-31 16:06:00.295  WARN 29781 --- [nio-8080-exec-1] o.h.e.loading.internal.LoadContexts      : HHH000100: Fail-safe cleanup (collections) : org.hibernate.engine.loading.internal.CollectionLoadContext@429b19c8<rs=HikariProxyResultSet@1191155270 wrapping rs1237: null>
?[0m?[0;34m2023-03-31 16:06:00.295  WARN 29781 --- [nio-8080-exec-1] o.h.e.loading.internal.LoadContexts      : HHH000100: Fail-safe cleanup (collections) : org.hibernate.engine.loading.internal.CollectionLoadContext@261edd36<rs=HikariProxyResultSet@1368806216 wrapping rs1637: null>
?[0m?[0;34m2023-03-31 16:06:00.295  WARN 29781 --- [nio-8080-exec-1] o.h.e.loading.internal.LoadContexts      : HHH000100: Fail-safe cleanup (collections) : org.hibernate.engine.loading.internal.CollectionLoadContext@195ba6f2<rs=HikariProxyResultSet@769928266 wrapping rs1145: null>
?[0m?[0;34m2023-03-31 16:06:00.295  WARN 29781 --- [nio-8080-exec-1] o.h.e.loading.internal.LoadContexts      : HHH000100: Fail-safe cleanup (collections) : org.hibernate.engine.loading.internal.CollectionLoadContext@608a2263<rs=HikariProxyResultSet@1849796682 wrapping rs1544: null>
?[0m?[0;34m2023-03-31 16:06:00.295  WARN 29781 --- [nio-8080-exec-1] o.h.e.loading.internal.LoadContexts      : HHH000100: Fail-safe cleanup (collections) : org.hibernate.engine.loading.internal.CollectionLoadContext@7ac522e3<rs=HikariProxyResultSet@137782225 wrapping rs1240: null>
?[0m?[0;34m2023-03-31 16:06:00.295  WARN 29781 --- [nio-8080-exec-1] o.h.e.loading.internal.LoadContexts      : HHH000100: Fail-safe cleanup (collections) : org.hibernate.engine.loading.internal.CollectionLoadContext@2ae2b7e0<rs=HikariProxyResultSet@1169833937 wrapping rs1356: null>
?[0m?[0;34m2023-03-31 16:06:00.295  WARN 29781 --- [nio-8080-exec-1] o.h.e.loading.internal.LoadContexts      : HHH000100: Fail-safe cleanup (collections) : org.hibernate.engine.loading.internal.CollectionLoadContext@6ecaf878<rs=HikariProxyResultSet@279291986 wrapping rs1561: null>
?[0m?[0;34m2023-03-31 16:06:00.295  WARN 29781 --- [nio-8080-exec-1] o.h.e.loading.internal.LoadContexts      : HHH000100: Fail-safe cleanup (collections) : org.hibernate.engine.loading.internal.CollectionLoadContext@5f6246f8<rs=HikariProxyResultSet@124954069 wrapping rs1156: null>
?[0m?[0;34m2023-03-31 16:06:00.295  WARN 29781 --- [nio-8080-exec-1] o.h.e.loading.internal.LoadContexts      : HHH000100: Fail-safe cleanup (collections) : org.hibernate.engine.loading.internal.CollectionLoadContext@ce3b5cd<rs=HikariProxyResultSet@529384022 wrapping rs1310: null>
?[0m?[0;34m2023-03-31 16:06:00.295  WARN 29781 --- [nio-8080-exec-1] o.h.e.loading.internal.LoadContexts      : HHH000100: Fail-safe cleanup (collections) : org.hibernate.engine.loading.internal.CollectionLoadContext@33014e06<rs=HikariProxyResultSet@1764371159 wrapping rs1571: null>
?[0m?[0;34m2023-03-31 16:06:00.295  WARN 29781 --- [nio-8080-exec-1] o.h.e.loading.internal.LoadContexts      : HHH000100: Fail-safe cleanup (collections) : org.hibernate.engine.loading.internal.CollectionLoadContext@ab17926<rs=HikariProxyResultSet@1693870170 wrapping rs1187: null>
?[0m?[0;34m2023-03-31 16:06:00.295  WARN 29781 --- [nio-8080-exec-1] o.h.e.loading.internal.LoadContexts      : HHH000100: Fail-safe cleanup (collections) : org.hibernate.engine.loading.internal.CollectionLoadContext@4729bb0e<rs=HikariProxyResultSet@1108780251 wrapping rs1184: null>
?[0m?[0;34m2023-03-31 16:06:00.295  WARN 29781 --- [nio-8080-exec-1] o.h.e.loading.internal.LoadContexts      : HHH000100: Fail-safe cleanup (collections) : org.hibernate.engine.loading.internal.CollectionLoadContext@56f523fb<rs=HikariProxyResultSet@1476615516 wrapping rs1363: null>
?[0m?[0;34m2023-03-31 16:06:00.295  WARN 29781 --- [nio-8080-exec-1] o.h.e.loading.internal.LoadContexts      : HHH000100: Fail-safe cleanup (collections) : org.hibernate.engine.loading.internal.CollectionLoadContext@6fbd365d<rs=HikariProxyResultSet@68657629 wrapping rs1247: null>
?[0m?[0;34m2023-03-31 16:06:00.295  WARN 29781 --- [nio-8080-exec-1] o.h.e.loading.internal.LoadContexts      : HHH000100: Fail-safe cleanup (collections) : org.hibernate.engine.loading.internal.CollectionLoadContext@6ec41ac5<rs=HikariProxyResultSet@1827138779 wrapping rs1406: null>
?[0m?[0;34m2023-03-31 16:06:00.296  WARN 29781 --- [nio-8080-exec-1] o.h.e.loading.internal.LoadContexts      : HHH000100: Fail-safe cleanup (collections) : org.hibernate.engine.loading.internal.CollectionLoadContext@643f3dd8<rs=HikariProxyResultSet@986449115 wrapping rs1467: null>
?[0m?[0;34m2023-03-31 16:06:00.296  WARN 29781 --- [nio-8080-exec-1] o.h.e.loading.internal.LoadContexts      : HHH000100: Fail-safe cleanup (collections) : org.hibernate.engine.loading.internal.CollectionLoadContext@1baa305f<rs=HikariProxyResultSet@2049372895 wrapping rs1648: null>
?[0m?[0;34m2023-03-31 16:06:00.296  WARN 29781 --- [nio-8080-exec-1] o.h.e.loading.internal.LoadContexts      : HHH000100: Fail-safe cleanup (collections) : org.hibernate.engine.loading.internal.CollectionLoadContext@1da3f2a9<rs=HikariProxyResultSet@1341498595 wrapping rs1404: null>
?[0m?[0;34m2023-03-31 16:06:00.296  WARN 29781 --- [nio-8080-exec-1] o.h.e.loading.internal.LoadContexts      : HHH000100: Fail-safe cleanup (collections) : org.hibernate.engine.loading.internal.CollectionLoadContext@537fc1ea<rs=HikariProxyResultSet@552296804 wrapping rs1307: null>
?[0m?[0;34m2023-03-31 16:06:00.296  WARN 29781 --- [nio-8080-exec-1] o.h.e.loading.internal.LoadContexts      : HHH000100: Fail-safe cleanup (collections) : org.hibernate.engine.loading.internal.CollectionLoadContext@4eb3e7a0<rs=HikariProxyResultSet@1853805029 wrapping rs1383: null>
?[0m?[0;34m2023-03-31 16:06:00.296  WARN 29781 --- [nio-8080-exec-1] o.h.e.loading.internal.LoadContexts      : HHH000100: Fail-safe cleanup (collections) : org.hibernate.engine.loading.internal.CollectionLoadContext@4510ee1<rs=HikariProxyResultSet@1353145700 wrapping rs1450: null>
?[0m?[0;34m2023-03-31 16:06:00.296  WARN 29781 --- [nio-8080-exec-1] o.h.e.loading.internal.LoadContexts      : HHH000100: Fail-safe cleanup (collections) : org.hibernate.engine.loading.internal.CollectionLoadContext@6e59278<rs=HikariProxyResultSet@1478849255 wrapping rs1236: null>
?[0m?[0;34m2023-03-31 16:06:00.296  WARN 29781 --- [nio-8080-exec-1] o.h.e.loading.internal.LoadContexts      : HHH000100: Fail-safe cleanup (collections) : org.hibernate.engine.loading.internal.CollectionLoadContext@2b3873df<rs=HikariProxyResultSet@1273359208 wrapping rs1388: null>
?[0m?[0;34m2023-03-31 16:06:00.296  WARN 29781 --- [nio-8080-exec-1] o.h.e.loading.internal.LoadContexts      : HHH000100: Fail-safe cleanup (collections) : org.hibernate.engine.loading.internal.CollectionLoadContext@7a670fff<rs=HikariProxyResultSet@575163369 wrapping rs1412: null>
?[0m?[0;34m2023-03-31 16:06:00.296  WARN 29781 --- [nio-8080-exec-1] o.h.e.loading.internal.LoadContexts      : HHH000100: Fail-safe cleanup (collections) : org.hibernate.engine.loading.internal.CollectionLoadContext@764d2054<rs=HikariProxyResultSet@406699622 wrapping rs1487: null>
?[0m?[0;34m2023-03-31 16:06:00.296  WARN 29781 --- [nio-8080-exec-1] o.h.e.loading.internal.LoadContexts      : HHH000100: Fail-safe cleanup (collections) : org.hibernate.engine.loading.internal.CollectionLoadContext@5c110ab7<rs=HikariProxyResultSet@759178854 wrapping rs1579: null>
?[0m?[0;34m2023-03-31 16:06:00.296  WARN 29781 --- [nio-8080-exec-1] o.h.e.loading.internal.LoadContexts      : HHH000100: Fail-safe cleanup (collections) : org.hibernate.engine.loading.internal.CollectionLoadContext@34df2c61<rs=HikariProxyResultSet@1726304741 wrapping rs1586: null>
?[0m?[0;34m2023-03-31 16:06:00.296  WARN 29781 --- [nio-8080-exec-1] o.h.e.loading.internal.LoadContexts      : HHH000100: Fail-safe cleanup (collections) : org.hibernate.engine.loading.internal.CollectionLoadContext@7685c5f2<rs=HikariProxyResultSet@813476333 wrapping rs1339: null>
?[0m?[0;34m2023-03-31 16:06:00.296  WARN 29781 --- [nio-8080-exec-1] o.h.e.loading.internal.LoadContexts      : HHH000100: Fail-safe cleanup (collections) : org.hibernate.engine.loading.internal.CollectionLoadContext@69d504f6<rs=HikariProxyResultSet@1649603940 wrapping rs1665: null>
?[0m?[0;34m2023-03-31 16:06:00.296  WARN 29781 --- [nio-8080-exec-1] o.h.e.loading.internal.LoadContexts      : HHH000100: Fail-safe cleanup (collections) : org.hibernate.engine.loading.internal.CollectionLoadContext@3d45ffc9<rs=HikariProxyResultSet@2027136751 wrapping rs1455: null>
?[0m?[0;34m2023-03-31 16:06:00.296  WARN 29781 --- [nio-8080-exec-1] o.h.e.loading.internal.LoadContexts      : HHH000100: Fail-safe cleanup (collections) : org.hibernate.engine.loading.internal.CollectionLoadContext@70347024<rs=HikariProxyResultSet@484927344 wrapping rs1393: null>
?[0m?[0;34m2023-03-31 16:06:00.296  WARN 29781 --- [nio-8080-exec-1] o.h.e.loading.internal.LoadContexts      : HHH000100: Fail-safe cleanup (collections) : org.hibernate.engine.loading.internal.CollectionLoadContext@28c68185<rs=HikariProxyResultSet@1483418609 wrapping rs1317: null>
?[0m?[0;34m2023-03-31 16:06:00.296  WARN 29781 --- [nio-8080-exec-1] o.h.e.loading.internal.LoadContexts      : HHH000100: Fail-safe cleanup (collections) : org.hibernate.engine.loading.internal.CollectionLoadContext@69f5c2df<rs=HikariProxyResultSet@1929542770 wrapping rs1148: null>
?[0m?[0;34m2023-03-31 16:06:00.296  WARN 29781 --- [nio-8080-exec-1] o.h.e.loading.internal.LoadContexts      : HHH000100: Fail-safe cleanup (collections) : org.hibernate.engine.loading.internal.CollectionLoadContext@7bdcd39f<rs=HikariProxyResultSet@398007539 wrapping rs1244: null>
?[0m?[0;34m2023-03-31 16:06:00.296  WARN 29781 --- [nio-8080-exec-1] o.h.e.loading.internal.LoadContexts      : HHH000100: Fail-safe cleanup (collections) : org.hibernate.engine.loading.internal.CollectionLoadContext@28ba3990<rs=HikariProxyResultSet@574824820 wrapping rs1332: null>
?[0m?[0;34m2023-03-31 16:06:00.296  WARN 29781 --- [nio-8080-exec-1] o.h.e.loading.internal.LoadContexts      : HHH000100: Fail-safe cleanup (collections) : org.hibernate.engine.loading.internal.CollectionLoadContext@346c4fab<rs=HikariProxyResultSet@588695537 wrapping rs1403: null>
?[0m?[0;34m2023-03-31 16:06:00.296  WARN 29781 --- [nio-8080-exec-1] o.h.e.loading.internal.LoadContexts      : HHH000100: Fail-safe cleanup (collections) : org.hibernate.engine.loading.internal.CollectionLoadContext@73c880c3<rs=HikariProxyResultSet@470979698 wrapping rs1594: null>
?[0m?[0;34m2023-03-31 16:06:00.296  WARN 29781 --- [nio-8080-exec-1] o.h.e.loading.internal.LoadContexts      : HHH000100: Fail-safe cleanup (collections) : org.hibernate.engine.loading.internal.CollectionLoadContext@6e15f50e<rs=HikariProxyResultSet@1700924280 wrapping rs1540: null>
?[0m?[0;34m2023-03-31 16:06:00.296  WARN 29781 --- [nio-8080-exec-1] o.h.e.loading.internal.LoadContexts      : HHH000100: Fail-safe cleanup (collections) : org.hibernate.engine.loading.internal.CollectionLoadContext@171a37e5<rs=HikariProxyResultSet@1527525498 wrapping rs1434: null>
?[0m?[0;34m2023-03-31 16:06:00.296  WARN 29781 --- [nio-8080-exec-1] o.h.e.loading.internal.LoadContexts      : HHH000100: Fail-safe cleanup (collections) : org.hibernate.engine.loading.internal.CollectionLoadContext@41dd33ba<rs=HikariProxyResultSet@1863447932 wrapping rs1602: null>
?[0m?[0;34m2023-03-31 16:06:00.296  WARN 29781 --- [nio-8080-exec-1] o.h.e.loading.internal.LoadContexts      : HHH000100: Fail-safe cleanup (collections) : org.hibernate.engine.loading.internal.CollectionLoadContext@76a47dda<rs=HikariProxyResultSet@1267802879 wrapping rs1183: null>
?[0m?[0;34m2023-03-31 16:06:00.296  WARN 29781 --- [nio-8080-exec-1] o.h.e.loading.internal.LoadContexts      : HHH000100: Fail-safe cleanup (collections) : org.hibernate.engine.loading.internal.CollectionLoadContext@37d84b85<rs=HikariProxyResultSet@244397952 wrapping rs1177: null>
?[0m?[0;34m2023-03-31 16:06:00.296  WARN 29781 --- [nio-8080-exec-1] o.h.e.loading.internal.LoadContexts      : HHH000100: Fail-safe cleanup (collections) : org.hibernate.engine.loading.internal.CollectionLoadContext@71bbe784<rs=HikariProxyResultSet@1141138175 wrapping rs1229: null>
?[0m?[0;34m2023-03-31 16:06:00.296  WARN 29781 --- [nio-8080-exec-1] o.h.e.loading.internal.LoadContexts      : HHH000100: Fail-safe cleanup (collections) : org.hibernate.engine.loading.internal.CollectionLoadContext@59d34aea<rs=HikariProxyResultSet@868258180 wrapping rs1147: null>
?[0m?[0;34m2023-03-31 16:06:00.296  WARN 29781 --- [nio-8080-exec-1] o.h.e.loading.internal.LoadContexts      : HHH000100: Fail-safe cleanup (collections) : org.hibernate.engine.loading.internal.CollectionLoadContext@ccca6a7<rs=HikariProxyResultSet@942327172 wrapping rs1198: null>
?[0m?[0;34m2023-03-31 16:06:00.296  WARN 29781 --- [nio-8080-exec-1] o.h.e.loading.internal.LoadContexts      : HHH000100: Fail-safe cleanup (collections) : org.hibernate.engine.loading.internal.CollectionLoadContext@793d40d8<rs=HikariProxyResultSet@1882058245 wrapping rs1444: null>
?[0m?[0;34m2023-03-31 16:06:00.296  WARN 29781 --- [nio-8080-exec-1] o.h.e.loading.internal.LoadContexts      : HHH000100: Fail-safe cleanup (collections) : org.hibernate.engine.loading.internal.CollectionLoadContext@57140fbc<rs=HikariProxyResultSet@833383304 wrapping rs1577: null>
?[0m?[0;34m2023-03-31 16:06:00.296  WARN 29781 --- [nio-8080-exec-1] o.h.e.loading.internal.LoadContexts      : HHH000100: Fail-safe cleanup (collections) : org.hibernate.engine.loading.internal.CollectionLoadContext@14538bae<rs=HikariProxyResultSet@112121357 wrapping rs1537: null>
?[0m?[0;34m2023-03-31 16:06:00.296  WARN 29781 --- [nio-8080-exec-1] o.h.e.loading.internal.LoadContexts      : HHH000100: Fail-safe cleanup (collections) : org.hibernate.engine.loading.internal.CollectionLoadContext@7dc3ee1d<rs=HikariProxyResultSet@1652465810 wrapping rs1269: null>
?[0m?[0;34m2023-03-31 16:06:00.296  WARN 29781 --- [nio-8080-exec-1] o.h.e.loading.internal.LoadContexts      : HHH000100: Fail-safe cleanup (collections) : org.hibernate.engine.loading.internal.CollectionLoadContext@6e6b5afd<rs=HikariProxyResultSet@79475987 wrapping rs1204: null>
?[0m?[0;34m2023-03-31 16:06:00.296  WARN 29781 --- [nio-8080-exec-1] o.h.e.loading.internal.LoadContexts      : HHH000100: Fail-safe cleanup (collections) : org.hibernate.engine.loading.internal.CollectionLoadContext@1975c163<rs=HikariProxyResultSet@152966935 wrapping rs1478: null>
?[0m?[0;34m2023-03-31 16:06:00.296  WARN 29781 --- [nio-8080-exec-1] o.h.e.loading.internal.LoadContexts      : HHH000100: Fail-safe cleanup (collections) : org.hibernate.engine.loading.internal.CollectionLoadContext@11f32718<rs=HikariProxyResultSet@1298199577 wrapping rs1328: null>
?[0m?[0;34m2023-03-31 16:06:00.296  WARN 29781 --- [nio-8080-exec-1] o.h.e.loading.internal.LoadContexts      : HHH000100: Fail-safe cleanup (collections) : org.hibernate.engine.loading.internal.CollectionLoadContext@7322903d<rs=HikariProxyResultSet@1248867353 wrapping rs1510: null>
?[0m?[0;34m2023-03-31 16:06:00.296  WARN 29781 --- [nio-8080-exec-1] o.h.e.loading.internal.LoadContexts      : HHH000100: Fail-safe cleanup (collections) : org.hibernate.engine.loading.internal.CollectionLoadContext@472a9016<rs=HikariProxyResultSet@1142308252 wrapping rs1471: null>
?[0m?[0;34m2023-03-31 16:06:00.296  WARN 29781 --- [nio-8080-exec-1] o.h.e.loading.internal.LoadContexts      : HHH000100: Fail-safe cleanup (collections) : org.hibernate.engine.loading.internal.CollectionLoadContext@70632f49<rs=HikariProxyResultSet@136697244 wrapping rs1539: null>
?[0m?[0;34m2023-03-31 16:06:00.296  WARN 29781 --- [nio-8080-exec-1] o.h.e.loading.internal.LoadContexts      : HHH000100: Fail-safe cleanup (collections) : org.hibernate.engine.loading.internal.CollectionLoadContext@78201dba<rs=HikariProxyResultSet@323610270 wrapping rs1315: null>
?[0m?[0;34m2023-03-31 16:06:00.296  WARN 29781 --- [nio-8080-exec-1] o.h.e.loading.internal.LoadContexts      : HHH000100: Fail-safe cleanup (collections) : org.hibernate.engine.loading.internal.CollectionLoadContext@1fe4c9fb<rs=HikariProxyResultSet@79730205 wrapping rs1605: null>
?[0m?[0;34m2023-03-31 16:06:00.296  WARN 29781 --- [nio-8080-exec-1] o.h.e.loading.internal.LoadContexts      : HHH000100: Fail-safe cleanup (collections) : org.hibernate.engine.loading.internal.CollectionLoadContext@cdd4031<rs=HikariProxyResultSet@961268640 wrapping rs1311: null>
?[0m?[0;34m2023-03-31 16:06:00.296  WARN 29781 --- [nio-8080-exec-1] o.h.e.loading.internal.LoadContexts      : HHH000100: Fail-safe cleanup (collections) : org.hibernate.engine.loading.internal.CollectionLoadContext@652d2f84<rs=HikariProxyResultSet@1953670943 wrapping rs1653: null>
?[0m?[0;34m2023-03-31 16:06:00.296  WARN 29781 --- [nio-8080-exec-1] o.h.e.loading.internal.LoadContexts      : HHH000100: Fail-safe cleanup (collections) : org.hibernate.engine.loading.internal.CollectionLoadContext@1d982356<rs=HikariProxyResultSet@1008844325 wrapping rs1302: null>
?[0m?[0;34m2023-03-31 16:06:00.296  WARN 29781 --- [nio-8080-exec-1] o.h.e.loading.internal.LoadContexts      : HHH000100: Fail-safe cleanup (collections) : org.hibernate.engine.loading.internal.CollectionLoadContext@240a9a0f<rs=HikariProxyResultSet@828563110 wrapping rs1169: null>
?[0m?[0;34m2023-03-31 16:06:00.296  WARN 29781 --- [nio-8080-exec-1] o.h.e.loading.internal.LoadContexts      : HHH000100: Fail-safe cleanup (collections) : org.hibernate.engine.loading.internal.CollectionLoadContext@42b08a77<rs=HikariProxyResultSet@600219431 wrapping rs1587: null>
?[0m?[0;34m2023-03-31 16:06:00.296  WARN 29781 --- [nio-8080-exec-1] o.h.e.loading.internal.LoadContexts      : HHH000100: Fail-safe cleanup (collections) : org.hibernate.engine.loading.internal.CollectionLoadContext@4eeddcaa<rs=HikariProxyResultSet@865385384 wrapping rs1318: null>
?[0m?[0;34m2023-03-31 16:06:00.296  WARN 29781 --- [nio-8080-exec-1] o.h.e.loading.internal.LoadContexts      : HHH000100: Fail-safe cleanup (collections) : org.hibernate.engine.loading.internal.CollectionLoadContext@12b3c4b2<rs=HikariProxyResultSet@1967602729 wrapping rs1425: null>
?[0m?[0;34m2023-03-31 16:06:00.296  WARN 29781 --- [nio-8080-exec-1] o.h.e.loading.internal.LoadContexts      : HHH000100: Fail-safe cleanup (collections) : org.hibernate.engine.loading.internal.CollectionLoadContext@6219ee09<rs=HikariProxyResultSet@1971295402 wrapping rs1608: null>
?[0m?[0;34m2023-03-31 16:06:00.296  WARN 29781 --- [nio-8080-exec-1] o.h.e.loading.internal.LoadContexts      : HHH000100: Fail-safe cleanup (collections) : org.hibernate.engine.loading.internal.CollectionLoadContext@243c230f<rs=HikariProxyResultSet@487222571 wrapping rs1226: null>
?[0m?[0;34m2023-03-31 16:06:00.296  WARN 29781 --- [nio-8080-exec-1] o.h.e.loading.internal.LoadContexts      : HHH000100: Fail-safe cleanup (collections) : org.hibernate.engine.loading.internal.CollectionLoadContext@414a3ae<rs=HikariProxyResultSet@1519201708 wrapping rs1567: null>
?[0m?[0;34m2023-03-31 16:06:00.296  WARN 29781 --- [nio-8080-exec-1] o.h.e.loading.internal.LoadContexts      : HHH000100: Fail-safe cleanup (collections) : org.hibernate.engine.loading.internal.CollectionLoadContext@88e61ca<rs=HikariProxyResultSet@800337832 wrapping rs1638: null>
?[0m?[0;34m2023-03-31 16:06:00.296  WARN 29781 --- [nio-8080-exec-1] o.h.e.loading.internal.LoadContexts      : HHH000100: Fail-safe cleanup (collections) : org.hibernate.engine.loading.internal.CollectionLoadContext@25caaf74<rs=HikariProxyResultSet@287869743 wrapping rs1249: null>
?[0m?[0;34m2023-03-31 16:06:00.296  WARN 29781 --- [nio-8080-exec-1] o.h.e.loading.internal.LoadContexts      : HHH000100: Fail-safe cleanup (collections) : org.hibernate.engine.loading.internal.CollectionLoadContext@602bd499<rs=HikariProxyResultSet@209904431 wrapping rs1322: null>
?[0m?[0;34m2023-03-31 16:06:00.296  WARN 29781 --- [nio-8080-exec-1] o.h.e.loading.internal.LoadContexts      : HHH000100: Fail-safe cleanup (collections) : org.hibernate.engine.loading.internal.CollectionLoadContext@418312e1<rs=HikariProxyResultSet@1445695537 wrapping rs1359: null>
?[0m?[0;34m2023-03-31 16:06:00.296  WARN 29781 --- [nio-8080-exec-1] o.h.e.loading.internal.LoadContexts      : HHH000100: Fail-safe cleanup (collections) : org.hibernate.engine.loading.internal.CollectionLoadContext@3a78ab2a<rs=HikariProxyResultSet@610255663 wrapping rs1366: null>
?[0m?[0;34m2023-03-31 16:06:00.296  WARN 29781 --- [nio-8080-exec-1] o.h.e.loading.internal.LoadContexts      : HHH000100: Fail-safe cleanup (collections) : org.hibernate.engine.loading.internal.CollectionLoadContext@4ab9121e<rs=HikariProxyResultSet@687673780 wrapping rs1461: null>
?[0m?[0;34m2023-03-31 16:06:00.296  WARN 29781 --- [nio-8080-exec-1] o.h.e.loading.internal.LoadContexts      : HHH000100: Fail-safe cleanup (collections) : org.hibernate.engine.loading.internal.CollectionLoadContext@748888cc<rs=HikariProxyResultSet@1826242101 wrapping rs1429: null>
?[0m?[0;34m2023-03-31 16:06:00.296  WARN 29781 --- [nio-8080-exec-1] o.h.e.loading.internal.LoadContexts      : HHH000100: Fail-safe cleanup (collections) : org.hibernate.engine.loading.internal.CollectionLoadContext@2dc598a6<rs=HikariProxyResultSet@1461743286 wrapping rs1362: null>
?[0m?[0;34m2023-03-31 16:06:00.296  WARN 29781 --- [nio-8080-exec-1] o.h.e.loading.internal.LoadContexts      : HHH000100: Fail-safe cleanup (collections) : org.hibernate.engine.loading.internal.CollectionLoadContext@521b57cf<rs=HikariProxyResultSet@1965465399 wrapping rs1329: null>
?[0m?[0;34m2023-03-31 16:06:00.296  WARN 29781 --- [nio-8080-exec-1] o.h.e.loading.internal.LoadContexts      : HHH000100: Fail-safe cleanup (collections) : org.hibernate.engine.loading.internal.CollectionLoadContext@50b09670<rs=HikariProxyResultSet@2085632694 wrapping rs1365: null>
?[0m?[0;34m2023-03-31 16:06:00.296  WARN 29781 --- [nio-8080-exec-1] o.h.e.loading.internal.LoadContexts      : HHH000100: Fail-safe cleanup (collections) : org.hibernate.engine.loading.internal.CollectionLoadContext@60ceaa42<rs=HikariProxyResultSet@1469689913 wrapping rs1180: null>
?[0m?[0;34m2023-03-31 16:06:00.296  WARN 29781 --- [nio-8080-exec-1] o.h.e.loading.internal.LoadContexts      : HHH000100: Fail-safe cleanup (collections) : org.hibernate.engine.loading.internal.CollectionLoadContext@614f0e55<rs=HikariProxyResultSet@343547066 wrapping rs1182: null>
?[0m?[0;34m2023-03-31 16:06:00.296  WARN 29781 --- [nio-8080-exec-1] o.h.e.loading.internal.LoadContexts      : HHH000100: Fail-safe cleanup (collections) : org.hibernate.engine.loading.internal.CollectionLoadContext@6962989c<rs=HikariProxyResultSet@1877952182 wrapping rs1382: null>
?[0m?[0;34m2023-03-31 16:06:00.296  WARN 29781 --- [nio-8080-exec-1] o.h.e.loading.internal.LoadContexts      : HHH000100: Fail-safe cleanup (collections) : org.hibernate.engine.loading.internal.CollectionLoadContext@3d3580d6<rs=HikariProxyResultSet@680433979 wrapping rs1385: null>
?[0m?[0;34m2023-03-31 16:06:00.296  WARN 29781 --- [nio-8080-exec-1] o.h.e.loading.internal.LoadContexts      : HHH000100: Fail-safe cleanup (collections) : org.hibernate.engine.loading.internal.CollectionLoadContext@28bca188<rs=HikariProxyResultSet@705744316 wrapping rs1421: null>
?[0m?[0;34m2023-03-31 16:06:00.296  WARN 29781 --- [nio-8080-exec-1] o.h.e.loading.internal.LoadContexts      : HHH000100: Fail-safe cleanup (collections) : org.hibernate.engine.loading.internal.CollectionLoadContext@31183f6c<rs=HikariProxyResultSet@1518539446 wrapping rs1534: null>
?[0m?[0;34m2023-03-31 16:06:00.296  WARN 29781 --- [nio-8080-exec-1] o.h.e.loading.internal.LoadContexts      : HHH000100: Fail-safe cleanup (collections) : org.hibernate.engine.loading.internal.CollectionLoadContext@4cc3f7ab<rs=HikariProxyResultSet@1573560506 wrapping rs1572: null>
?[0m?[0;34m2023-03-31 16:06:00.297  WARN 29781 --- [nio-8080-exec-1] o.h.e.loading.internal.LoadContexts      : HHH000100: Fail-safe cleanup (collections) : org.hibernate.engine.loading.internal.CollectionLoadContext@5d61edd5<rs=HikariProxyResultSet@1356888766 wrapping rs1666: null>
?[0m?[0;34m2023-03-31 16:06:00.297  WARN 29781 --- [nio-8080-exec-1] o.h.e.loading.internal.LoadContexts      : HHH000100: Fail-safe cleanup (collections) : org.hibernate.engine.loading.internal.CollectionLoadContext@101cb710<rs=HikariProxyResultSet@1193459906 wrapping rs1634: null>
?[0m?[0;34m2023-03-31 16:06:00.297  WARN 29781 --- [nio-8080-exec-1] o.h.e.loading.internal.LoadContexts      : HHH000100: Fail-safe cleanup (collections) : org.hibernate.engine.loading.internal.CollectionLoadContext@608f1920<rs=HikariProxyResultSet@2126125645 wrapping rs1282: null>
?[0m?[0;34m2023-03-31 16:06:00.297  WARN 29781 --- [nio-8080-exec-1] o.h.e.loading.internal.LoadContexts      : HHH000100: Fail-safe cleanup (collections) : org.hibernate.engine.loading.internal.CollectionLoadContext@3322d435<rs=HikariProxyResultSet@1026115278 wrapping rs1477: null>
?[0m?[0;34m2023-03-31 16:06:00.297  WARN 29781 --- [nio-8080-exec-1] o.h.e.loading.internal.LoadContexts      : HHH000100: Fail-safe cleanup (collections) : org.hibernate.engine.loading.internal.CollectionLoadContext@617f98c1<rs=HikariProxyResultSet@8666959 wrapping rs1181: null>
?[0m?[0;34m2023-03-31 16:06:00.297  WARN 29781 --- [nio-8080-exec-1] o.h.e.loading.internal.LoadContexts      : HHH000100: Fail-safe cleanup (collections) : org.hibernate.engine.loading.internal.CollectionLoadContext@14ae07c9<rs=HikariProxyResultSet@1096386641 wrapping rs1504: null>
?[0m?[0;34m2023-03-31 16:06:00.297  WARN 29781 --- [nio-8080-exec-1] o.h.e.loading.internal.LoadContexts      : HHH000100: Fail-safe cleanup (collections) : org.hibernate.engine.loading.internal.CollectionLoadContext@c705a65<rs=HikariProxyResultSet@2140991698 wrapping rs1655: null>
?[0m?[0;34m2023-03-31 16:06:00.297  WARN 29781 --- [nio-8080-exec-1] o.h.e.loading.internal.LoadContexts      : HHH000100: Fail-safe cleanup (collections) : org.hibernate.engine.loading.internal.CollectionLoadContext@29d6b4a2<rs=HikariProxyResultSet@1737068883 wrapping rs1463: null>
?[0m?[0;34m2023-03-31 16:06:00.297  WARN 29781 --- [nio-8080-exec-1] o.h.e.loading.internal.LoadContexts      : HHH000100: Fail-safe cleanup (collections) : org.hibernate.engine.loading.internal.CollectionLoadContext@34f288c9<rs=HikariProxyResultSet@999738199 wrapping rs1195: null>
?[0m?[0;34m2023-03-31 16:06:00.297  WARN 29781 --- [nio-8080-exec-1] o.h.e.loading.internal.LoadContexts      : HHH000100: Fail-safe cleanup (collections) : org.hibernate.engine.loading.internal.CollectionLoadContext@500651d1<rs=HikariProxyResultSet@1689427033 wrapping rs1632: null>
?[0m?[0;34m2023-03-31 16:06:00.297  WARN 29781 --- [nio-8080-exec-1] o.h.e.loading.internal.LoadContexts      : HHH000100: Fail-safe cleanup (collections) : org.hibernate.engine.loading.internal.CollectionLoadContext@5eab8ac6<rs=HikariProxyResultSet@2087144924 wrapping rs1313: null>
?[0m?[0;34m2023-03-31 16:06:00.297  WARN 29781 --- [nio-8080-exec-1] o.h.e.loading.internal.LoadContexts      : HHH000100: Fail-safe cleanup (collections) : org.hibernate.engine.loading.internal.CollectionLoadContext@42c45615<rs=HikariProxyResultSet@1297604068 wrapping rs1234: null>
?[0m?[0;34m2023-03-31 16:06:00.297  WARN 29781 --- [nio-8080-exec-1] o.h.e.loading.internal.LoadContexts      : HHH000100: Fail-safe cleanup (collections) : org.hibernate.engine.loading.internal.CollectionLoadContext@62d02a44<rs=HikariProxyResultSet@1072952933 wrapping rs1411: null>
?[0m?[0;34m2023-03-31 16:06:00.297  WARN 29781 --- [nio-8080-exec-1] o.h.e.loading.internal.LoadContexts      : HHH000100: Fail-safe cleanup (collections) : org.hibernate.engine.loading.internal.CollectionLoadContext@3a6716<rs=HikariProxyResultSet@530272998 wrapping rs1506: null>
?[0m?[0;34m2023-03-31 16:06:00.297  WARN 29781 --- [nio-8080-exec-1] o.h.e.loading.internal.LoadContexts      : HHH000100: Fail-safe cleanup (collections) : org.hibernate.engine.loading.internal.CollectionLoadContext@2c5306d<rs=HikariProxyResultSet@1692514159 wrapping rs1140: null>
?[0m?[0;34m2023-03-31 16:06:00.297  WARN 29781 --- [nio-8080-exec-1] o.h.e.loading.internal.LoadContexts      : HHH000100: Fail-safe cleanup (collections) : org.hibernate.engine.loading.internal.CollectionLoadContext@62d1aade<rs=HikariProxyResultSet@1676261618 wrapping rs1316: null>
?[0m?[0;34m2023-03-31 16:06:00.297  WARN 29781 --- [nio-8080-exec-1] o.h.e.loading.internal.LoadContexts      : HHH000100: Fail-safe cleanup (collections) : org.hibernate.engine.loading.internal.CollectionLoadContext@1303eca<rs=HikariProxyResultSet@93509237 wrapping rs1379: null>
?[0m?[0;34m2023-03-31 16:06:00.297  WARN 29781 --- [nio-8080-exec-1] o.h.e.loading.internal.LoadContexts      : HHH000100: Fail-safe cleanup (collections) : org.hibernate.engine.loading.internal.CollectionLoadContext@5261fb2d<rs=HikariProxyResultSet@2078678266 wrapping rs1408: null>
?[0m?[0;34m2023-03-31 16:06:00.297  WARN 29781 --- [nio-8080-exec-1] o.h.e.loading.internal.LoadContexts      : HHH000100: Fail-safe cleanup (collections) : org.hibernate.engine.loading.internal.CollectionLoadContext@798cff54<rs=HikariProxyResultSet@784967930 wrapping rs1671: null>
?[0m?[0;34m2023-03-31 16:06:00.297  WARN 29781 --- [nio-8080-exec-1] o.h.e.loading.internal.LoadContexts      : HHH000100: Fail-safe cleanup (collections) : org.hibernate.engine.loading.internal.CollectionLoadContext@16642de1<rs=HikariProxyResultSet@458938876 wrapping rs1227: null>
?[0m?[0;34m2023-03-31 16:06:00.297  WARN 29781 --- [nio-8080-exec-1] o.h.e.loading.internal.LoadContexts      : HHH000100: Fail-safe cleanup (collections) : org.hibernate.engine.loading.internal.CollectionLoadContext@16a28789<rs=HikariProxyResultSet@1247203836 wrapping rs1593: null>
?[0m?[0;34m2023-03-31 16:06:00.297  WARN 29781 --- [nio-8080-exec-1] o.h.e.loading.internal.LoadContexts      : HHH000100: Fail-safe cleanup (collections) : org.hibernate.engine.loading.internal.CollectionLoadContext@4bc7aee3<rs=HikariProxyResultSet@2091174654 wrapping rs1178: null>
?[0m?[0;34m2023-03-31 16:06:00.297  WARN 29781 --- [nio-8080-exec-1] o.h.e.loading.internal.LoadContexts      : HHH000100: Fail-safe cleanup (collections) : org.hibernate.engine.loading.internal.CollectionLoadContext@55af9e90<rs=HikariProxyResultSet@1862159102 wrapping rs1264: null>
?[0m?[0;34m2023-03-31 16:06:00.297 DEBUG 29781 --- [nio-8080-exec-1] o.s.web.servlet.DispatcherServlet        : Completed 200 OK
?[0m?[0;34m2023-03-31 16:06:00.297 DEBUG 29781 --- [nio-8080-exec-1] w.c.HttpSessionSecurityContextRepository : Stored SecurityContextImpl [Authentication=UsernamePasswordAuthenticationToken [Principal=recipes.UserDetailsImpl@61db3c90, Credentials=[PROTECTED], Authenticated=true, Details=WebAuthenticationDetails [RemoteIpAddress=127.0.0.1, SessionId=null], Granted Authorities=[ROLE_USER]]] to HttpSession [org.apache.catalina.session.StandardSessionFacade@e25685]
?[0m?[0;34m2023-03-31 16:06:00.297 DEBUG 29781 --- [nio-8080-exec-1] s.s.w.c.SecurityContextPersistenceFilter : Cleared SecurityContextHolder to complete request
?[1;31m
Start test 15?[0m
?[0;34m2023-03-31 16:06:00.301 DEBUG 29781 --- [nio-8080-exec-2] o.s.security.web.FilterChainProxy        : Securing GET /api/recipe/2
?[0m?[0;34m2023-03-31 16:06:00.301 DEBUG 29781 --- [nio-8080-exec-2] s.s.w.c.SecurityContextPersistenceFilter : Set SecurityContextHolder to empty SecurityContext
?[0m?[0;34m2023-03-31 16:06:00.301 DEBUG 29781 --- [nio-8080-exec-2] tor$SharedEntityManagerInvocationHandler : Creating new EntityManager for shared EntityManager invocation
?[0m?[0;34m2023-03-31 16:06:00.383 DEBUG 29781 --- [nio-8080-exec-2] o.s.s.a.dao.DaoAuthenticationProvider    : Authenticated user
?[0m?[0;34m2023-03-31 16:06:00.383 DEBUG 29781 --- [nio-8080-exec-2] o.s.s.w.a.www.BasicAuthenticationFilter  : Set SecurityContextHolder to UsernamePasswordAuthenticationToken [Principal=recipes.UserDetailsImpl@30be6210, Credentials=[PROTECTED], Authenticated=true, Details=WebAuthenticationDetails [RemoteIpAddress=127.0.0.1, SessionId=null], Granted Authorities=[ROLE_USER]]
?[0m?[0;34m2023-03-31 16:06:00.383 DEBUG 29781 --- [nio-8080-exec-2] w.c.HttpSessionSecurityContextRepository : Created HttpSession as SecurityContext is non-default
?[0m?[0;34m2023-03-31 16:06:00.383 DEBUG 29781 --- [nio-8080-exec-2] w.c.HttpSessionSecurityContextRepository : Stored SecurityContextImpl [Authentication=UsernamePasswordAuthenticationToken [Principal=recipes.UserDetailsImpl@30be6210, Credentials=[PROTECTED], Authenticated=true, Details=WebAuthenticationDetails [RemoteIpAddress=127.0.0.1, SessionId=null], Granted Authorities=[ROLE_USER]]] to HttpSession [org.apache.catalina.session.StandardSessionFacade@658ba533]
?[0m?[0;34m2023-03-31 16:06:00.384 DEBUG 29781 --- [nio-8080-exec-2] o.s.s.w.a.i.FilterSecurityInterceptor    : Authorized filter invocation [GET /api/recipe/2] with attributes [hasRole('ROLE_USER')]
?[0m?[0;34m2023-03-31 16:06:00.384 DEBUG 29781 --- [nio-8080-exec-2] o.s.security.web.FilterChainProxy        : Secured GET /api/recipe/2
?[0m?[0;34m2023-03-31 16:06:00.384 DEBUG 29781 --- [nio-8080-exec-2] o.s.web.servlet.DispatcherServlet        : GET "/api/recipe/2", parameters={}
?[0m?[0;34m2023-03-31 16:06:00.384 DEBUG 29781 --- [nio-8080-exec-2] s.w.s.m.m.a.RequestMappingHandlerMapping : Mapped to recipes.RecipesController#getRecipe(int)
?[0m?[0;34m2023-03-31 16:06:00.384 DEBUG 29781 --- [nio-8080-exec-2] o.j.s.OpenEntityManagerInViewInterceptor : Opening JPA EntityManager in OpenEntityManagerInViewInterceptor
?[0m?[0;34m2023-03-31 16:06:00.385 DEBUG 29781 --- [nio-8080-exec-2] o.s.orm.jpa.JpaTransactionManager        : Found thread-bound EntityManager [SessionImpl(2010621444<open>)] for JPA transaction
?[0m?[0;34m2023-03-31 16:06:00.385 DEBUG 29781 --- [nio-8080-exec-2] o.s.orm.jpa.JpaTransactionManager        : Creating new transaction with name [org.springframework.data.jpa.repository.support.SimpleJpaRepository.findById]: PROPAGATION_REQUIRED,ISOLATION_DEFAULT,readOnly
?[0m?[0;34m2023-03-31 16:06:00.385 DEBUG 29781 --- [nio-8080-exec-2] o.s.jdbc.datasource.DataSourceUtils      : Setting JDBC Connection [HikariProxyConnection@1330460656 wrapping conn10: url=jdbc:h2:file:../recipes_db user=SA] read-only
?[0m?[0;34m2023-03-31 16:06:00.385 DEBUG 29781 --- [nio-8080-exec-2] o.s.orm.jpa.JpaTransactionManager        : Exposing JPA transaction as JDBC [org.springframework.orm.jpa.vendor.HibernateJpaDialect$HibernateConnectionHandle@53ce838e]
?[0m?[0;34m2023-03-31 16:06:00.386 DEBUG 29781 --- [nio-8080-exec-2] o.s.orm.jpa.JpaTransactionManager        : Initiating transaction commit
?[0m?[0;34m2023-03-31 16:06:00.386 DEBUG 29781 --- [nio-8080-exec-2] o.s.orm.jpa.JpaTransactionManager        : Committing JPA transaction on EntityManager [SessionImpl(2010621444<open>)]
?[0m?[0;34m2023-03-31 16:06:00.386 DEBUG 29781 --- [nio-8080-exec-2] o.s.jdbc.datasource.DataSourceUtils      : Resetting read-only flag of JDBC Connection [HikariProxyConnection@1330460656 wrapping conn10: url=jdbc:h2:file:../recipes_db user=SA]
?[0m?[0;34m2023-03-31 16:06:00.386 DEBUG 29781 --- [nio-8080-exec-2] o.s.orm.jpa.JpaTransactionManager        : Not closing pre-bound JPA EntityManager after transaction
?[0m?[0;34m2023-03-31 16:06:00.386 DEBUG 29781 --- [nio-8080-exec-2] o.s.orm.jpa.JpaTransactionManager        : Found thread-bound EntityManager [SessionImpl(2010621444<open>)] for JPA transaction
?[0m?[0;34m2023-03-31 16:06:00.386 DEBUG 29781 --- [nio-8080-exec-2] o.s.orm.jpa.JpaTransactionManager        : Creating new transaction with name [org.springframework.data.jpa.repository.support.SimpleJpaRepository.findById]: PROPAGATION_REQUIRED,ISOLATION_DEFAULT,readOnly
?[0m?[0;34m2023-03-31 16:06:00.386 DEBUG 29781 --- [nio-8080-exec-2] o.s.jdbc.datasource.DataSourceUtils      : Setting JDBC Connection [HikariProxyConnection@1330460656 wrapping conn10: url=jdbc:h2:file:../recipes_db user=SA] read-only
?[0m?[0;34m2023-03-31 16:06:00.386 DEBUG 29781 --- [nio-8080-exec-2] o.s.orm.jpa.JpaTransactionManager        : Exposing JPA transaction as JDBC [org.springframework.orm.jpa.vendor.HibernateJpaDialect$HibernateConnectionHandle@5464c915]
?[0m?[0;34m2023-03-31 16:06:00.387 DEBUG 29781 --- [nio-8080-exec-2] o.s.orm.jpa.JpaTransactionManager        : Initiating transaction commit
?[0m?[0;34m2023-03-31 16:06:00.387 DEBUG 29781 --- [nio-8080-exec-2] o.s.orm.jpa.JpaTransactionManager        : Committing JPA transaction on EntityManager [SessionImpl(2010621444<open>)]
?[0m?[0;34m2023-03-31 16:06:00.387 DEBUG 29781 --- [nio-8080-exec-2] o.s.jdbc.datasource.DataSourceUtils      : Resetting read-only flag of JDBC Connection [HikariProxyConnection@1330460656 wrapping conn10: url=jdbc:h2:file:../recipes_db user=SA]
?[0m?[0;34m2023-03-31 16:06:00.387 DEBUG 29781 --- [nio-8080-exec-2] o.s.orm.jpa.JpaTransactionManager        : Not closing pre-bound JPA EntityManager after transaction
?[0m?[0;34m2023-03-31 16:06:00.387 DEBUG 29781 --- [nio-8080-exec-2] m.m.a.RequestResponseBodyMethodProcessor : Using 'application/json', given [*/*] and supported [application/json, application/*+json, application/json, application/*+json]
?[0m?[0;34m2023-03-31 16:06:00.424 DEBUG 29781 --- [nio-8080-exec-2] m.m.a.RequestResponseBodyMethodProcessor : Writing [java.lang.StackOverflowError]
?[0m?[0;34m2023-03-31 16:06:00.425 DEBUG 29781 --- [nio-8080-exec-2] w.c.HttpSessionSecurityContextRepository : Stored SecurityContextImpl [Authentication=UsernamePasswordAuthenticationToken [Principal=recipes.UserDetailsImpl@30be6210, Credentials=[PROTECTED], Authenticated=true, Details=WebAuthenticationDetails [RemoteIpAddress=127.0.0.1, SessionId=null], Granted Authorities=[ROLE_USER]]] to HttpSession [org.apache.catalina.session.StandardSessionFacade@658ba533]
?[0m?[0;34m2023-03-31 16:06:00.425 DEBUG 29781 --- [nio-8080-exec-2] o.j.s.OpenEntityManagerInViewInterceptor : Closing JPA EntityManager in OpenEntityManagerInViewInterceptor
?[0m?[0;34m2023-03-31 16:06:00.425  WARN 29781 --- [nio-8080-exec-2] o.h.e.loading.internal.LoadContexts      : HHH000100: Fail-safe cleanup (collections) : org.hibernate.engine.loading.internal.CollectionLoadContext@49ad2492<rs=HikariProxyResultSet@1906820096 wrapping rs1903: null>
?[0m?[0;34m2023-03-31 16:06:00.425  WARN 29781 --- [nio-8080-exec-2] o.h.e.loading.internal.LoadContexts      : HHH000100: Fail-safe cleanup (collections) : org.hibernate.engine.loading.internal.CollectionLoadContext@567a8ae4<rs=HikariProxyResultSet@1671594113 wrapping rs1776: null>
?[0m?[0;34m2023-03-31 16:06:00.425  WARN 29781 --- [nio-8080-exec-2] o.h.e.loading.internal.LoadContexts      : HHH000100: Fail-safe cleanup (collections) : org.hibernate.engine.loading.internal.CollectionLoadContext@5ea6799a<rs=HikariProxyResultSet@1079444996 wrapping rs1900: null>
?[0m?[0;34m2023-03-31 16:06:00.425  WARN 29781 --- [nio-8080-exec-2] o.h.e.loading.internal.LoadContexts      : HHH000100: Fail-safe cleanup (collections) : org.hibernate.engine.loading.internal.CollectionLoadContext@7d2df9a7<rs=HikariProxyResultSet@1087716102 wrapping rs1787: null>
?[0m?[0;34m2023-03-31 16:06:00.425  WARN 29781 --- [nio-8080-exec-2] o.h.e.loading.internal.LoadContexts      : HHH000100: Fail-safe cleanup (collections) : org.hibernate.engine.loading.internal.CollectionLoadContext@5d04cb24<rs=HikariProxyResultSet@1977889542 wrapping rs2122: null>
?[0m?[0;34m2023-03-31 16:06:00.425  WARN 29781 --- [nio-8080-exec-2] o.h.e.loading.internal.LoadContexts      : HHH000100: Fail-safe cleanup (collections) : org.hibernate.engine.loading.internal.CollectionLoadContext@5fab57ca<rs=HikariProxyResultSet@1093548556 wrapping rs1942: null>
?[0m?[0;34m2023-03-31 16:06:00.425  WARN 29781 --- [nio-8080-exec-2] o.h.e.loading.internal.LoadContexts      : HHH000100: Fail-safe cleanup (collections) : org.hibernate.engine.loading.internal.CollectionLoadContext@322c9f0c<rs=HikariProxyResultSet@2008517390 wrapping rs2074: null>
?[0m?[0;34m2023-03-31 16:06:00.425  WARN 29781 --- [nio-8080-exec-2] o.h.e.loading.internal.LoadContexts      : HHH000100: Fail-safe cleanup (collections) : org.hibernate.engine.loading.internal.CollectionLoadContext@20dea82f<rs=HikariProxyResultSet@1222296463 wrapping rs1737: null>
?[0m?[0;34m2023-03-31 16:06:00.425  WARN 29781 --- [nio-8080-exec-2] o.h.e.loading.internal.LoadContexts      : HHH000100: Fail-safe cleanup (collections) : org.hibernate.engine.loading.internal.CollectionLoadContext@5b780afb<rs=HikariProxyResultSet@442533904 wrapping rs1708: null>
?[0m?[0;34m2023-03-31 16:06:00.425  WARN 29781 --- [nio-8080-exec-2] o.h.e.loading.internal.LoadContexts      : HHH000100: Fail-safe cleanup (collections) : org.hibernate.engine.loading.internal.CollectionLoadContext@5e681359<rs=HikariProxyResultSet@375044241 wrapping rs1979: null>
?[0m?[0;34m2023-03-31 16:06:00.425  WARN 29781 --- [nio-8080-exec-2] o.h.e.loading.internal.LoadContexts      : HHH000100: Fail-safe cleanup (collections) : org.hibernate.engine.loading.internal.CollectionLoadContext@86a3367<rs=HikariProxyResultSet@673595666 wrapping rs1871: null>
?[0m?[0;34m2023-03-31 16:06:00.425  WARN 29781 --- [nio-8080-exec-2] o.h.e.loading.internal.LoadContexts      : HHH000100: Fail-safe cleanup (collections) : org.hibernate.engine.loading.internal.CollectionLoadContext@5da06d95<rs=HikariProxyResultSet@1770251022 wrapping rs2094: null>
?[0m?[0;34m2023-03-31 16:06:00.425  WARN 29781 --- [nio-8080-exec-2] o.h.e.loading.internal.LoadContexts      : HHH000100: Fail-safe cleanup (collections) : org.hibernate.engine.loading.internal.CollectionLoadContext@46148b08<rs=HikariProxyResultSet@1295315476 wrapping rs2121: null>
?[0m?[0;34m2023-03-31 16:06:00.425  WARN 29781 --- [nio-8080-exec-2] o.h.e.loading.internal.LoadContexts      : HHH000100: Fail-safe cleanup (collections) : org.hibernate.engine.loading.internal.CollectionLoadContext@58f8aa48<rs=HikariProxyResultSet@1527969808 wrapping rs2183: null>
?[0m?[0;34m2023-03-31 16:06:00.425  WARN 29781 --- [nio-8080-exec-2] o.h.e.loading.internal.LoadContexts      : HHH000100: Fail-safe cleanup (collections) : org.hibernate.engine.loading.internal.CollectionLoadContext@1d05b3b<rs=HikariProxyResultSet@1993058070 wrapping rs1819: null>
?[0m?[0;34m2023-03-31 16:06:00.425  WARN 29781 --- [nio-8080-exec-2] o.h.e.loading.internal.LoadContexts      : HHH000100: Fail-safe cleanup (collections) : org.hibernate.engine.loading.internal.CollectionLoadContext@5fc24251<rs=HikariProxyResultSet@608677654 wrapping rs2168: null>
?[0m?[0;34m2023-03-31 16:06:00.425  WARN 29781 --- [nio-8080-exec-2] o.h.e.loading.internal.LoadContexts      : HHH000100: Fail-safe cleanup (collections) : org.hibernate.engine.loading.internal.CollectionLoadContext@3d6cce6a<rs=HikariProxyResultSet@1564526616 wrapping rs2140: null>
?[0m?[0;34m2023-03-31 16:06:00.425  WARN 29781 --- [nio-8080-exec-2] o.h.e.loading.internal.LoadContexts      : HHH000100: Fail-safe cleanup (collections) : org.hibernate.engine.loading.internal.CollectionLoadContext@205b9965<rs=HikariProxyResultSet@1078663321 wrapping rs1706: null>
?[0m?[0;34m2023-03-31 16:06:00.425  WARN 29781 --- [nio-8080-exec-2] o.h.e.loading.internal.LoadContexts      : HHH000100: Fail-safe cleanup (collections) : org.hibernate.engine.loading.internal.CollectionLoadContext@235117d6<rs=HikariProxyResultSet@1292621977 wrapping rs1968: null>
?[0m?[0;34m2023-03-31 16:06:00.425  WARN 29781 --- [nio-8080-exec-2] o.h.e.loading.internal.LoadContexts      : HHH000100: Fail-safe cleanup (collections) : org.hibernate.engine.loading.internal.CollectionLoadContext@6ecc0927<rs=HikariProxyResultSet@1754696091 wrapping rs1978: null>
?[0m?[0;34m2023-03-31 16:06:00.425  WARN 29781 --- [nio-8080-exec-2] o.h.e.loading.internal.LoadContexts      : HHH000100: Fail-safe cleanup (collections) : org.hibernate.engine.loading.internal.CollectionLoadContext@3508850a<rs=HikariProxyResultSet@1175875100 wrapping rs1800: null>
?[0m?[0;34m2023-03-31 16:06:00.425  WARN 29781 --- [nio-8080-exec-2] o.h.e.loading.internal.LoadContexts      : HHH000100: Fail-safe cleanup (collections) : org.hibernate.engine.loading.internal.CollectionLoadContext@4964b27f<rs=HikariProxyResultSet@1198449309 wrapping rs1863: null>
?[0m?[0;34m2023-03-31 16:06:00.425  WARN 29781 --- [nio-8080-exec-2] o.h.e.loading.internal.LoadContexts      : HHH000100: Fail-safe cleanup (collections) : org.hibernate.engine.loading.internal.CollectionLoadContext@6220f322<rs=HikariProxyResultSet@1457922459 wrapping rs2080: null>
?[0m?[0;34m2023-03-31 16:06:00.425  WARN 29781 --- [nio-8080-exec-2] o.h.e.loading.internal.LoadContexts      : HHH000100: Fail-safe cleanup (collections) : org.hibernate.engine.loading.internal.CollectionLoadContext@6cab5b70<rs=HikariProxyResultSet@1335070107 wrapping rs2175: null>
?[0m?[0;34m2023-03-31 16:06:00.426  WARN 29781 --- [nio-8080-exec-2] o.h.e.loading.internal.LoadContexts      : HHH000100: Fail-safe cleanup (collections) : org.hibernate.engine.loading.internal.CollectionLoadContext@1d7ab33a<rs=HikariProxyResultSet@1228347424 wrapping rs2082: null>
?[0m?[0;34m2023-03-31 16:06:00.426  WARN 29781 --- [nio-8080-exec-2] o.h.e.loading.internal.LoadContexts      : HHH000100: Fail-safe cleanup (collections) : org.hibernate.engine.loading.internal.CollectionLoadContext@71e10da0<rs=HikariProxyResultSet@2003335321 wrapping rs2180: null>
?[0m?[0;34m2023-03-31 16:06:00.426  WARN 29781 --- [nio-8080-exec-2] o.h.e.loading.internal.LoadContexts      : HHH000100: Fail-safe cleanup (collections) : org.hibernate.engine.loading.internal.CollectionLoadContext@14bd595d<rs=HikariProxyResultSet@2110131748 wrapping rs2020: null>
?[0m?[0;34m2023-03-31 16:06:00.426  WARN 29781 --- [nio-8080-exec-2] o.h.e.loading.internal.LoadContexts      : HHH000100: Fail-safe cleanup (collections) : org.hibernate.engine.loading.internal.CollectionLoadContext@227be061<rs=HikariProxyResultSet@286295975 wrapping rs2215: null>
?[0m?[0;34m2023-03-31 16:06:00.426  WARN 29781 --- [nio-8080-exec-2] o.h.e.loading.internal.LoadContexts      : HHH000100: Fail-safe cleanup (collections) : org.hibernate.engine.loading.internal.CollectionLoadContext@6a506477<rs=HikariProxyResultSet@1271273770 wrapping rs1749: null>
?[0m?[0;34m2023-03-31 16:06:00.426  WARN 29781 --- [nio-8080-exec-2] o.h.e.loading.internal.LoadContexts      : HHH000100: Fail-safe cleanup (collections) : org.hibernate.engine.loading.internal.CollectionLoadContext@13a5f890<rs=HikariProxyResultSet@1027532332 wrapping rs2014: null>
?[0m?[0;34m2023-03-31 16:06:00.426  WARN 29781 --- [nio-8080-exec-2] o.h.e.loading.internal.LoadContexts      : HHH000100: Fail-safe cleanup (collections) : org.hibernate.engine.loading.internal.CollectionLoadContext@6dac2c08<rs=HikariProxyResultSet@1391190701 wrapping rs1752: null>
?[0m?[0;34m2023-03-31 16:06:00.426  WARN 29781 --- [nio-8080-exec-2] o.h.e.loading.internal.LoadContexts      : HHH000100: Fail-safe cleanup (collections) : org.hibernate.engine.loading.internal.CollectionLoadContext@1029a134<rs=HikariProxyResultSet@401866413 wrapping rs1993: null>
?[0m?[0;34m2023-03-31 16:06:00.426  WARN 29781 --- [nio-8080-exec-2] o.h.e.loading.internal.LoadContexts      : HHH000100: Fail-safe cleanup (collections) : org.hibernate.engine.loading.internal.CollectionLoadContext@79330c9a<rs=HikariProxyResultSet@720045741 wrapping rs2040: null>
?[0m?[0;34m2023-03-31 16:06:00.426  WARN 29781 --- [nio-8080-exec-2] o.h.e.loading.internal.LoadContexts      : HHH000100: Fail-safe cleanup (collections) : org.hibernate.engine.loading.internal.CollectionLoadContext@45ee1a54<rs=HikariProxyResultSet@1141542960 wrapping rs2077: null>
?[0m?[0;34m2023-03-31 16:06:00.426  WARN 29781 --- [nio-8080-exec-2] o.h.e.loading.internal.LoadContexts      : HHH000100: Fail-safe cleanup (collections) : org.hibernate.engine.loading.internal.CollectionLoadContext@49aea28d<rs=HikariProxyResultSet@2047393969 wrapping rs1862: null>
?[0m?[0;34m2023-03-31 16:06:00.426  WARN 29781 --- [nio-8080-exec-2] o.h.e.loading.internal.LoadContexts      : HHH000100: Fail-safe cleanup (collections) : org.hibernate.engine.loading.internal.CollectionLoadContext@14d38a8d<rs=HikariProxyResultSet@1857235121 wrapping rs2115: null>
?[0m?[0;34m2023-03-31 16:06:00.426  WARN 29781 --- [nio-8080-exec-2] o.h.e.loading.internal.LoadContexts      : HHH000100: Fail-safe cleanup (collections) : org.hibernate.engine.loading.internal.CollectionLoadContext@75650351<rs=HikariProxyResultSet@968597939 wrapping rs2120: null>
?[0m?[0;34m2023-03-31 16:06:00.426  WARN 29781 --- [nio-8080-exec-2] o.h.e.loading.internal.LoadContexts      : HHH000100: Fail-safe cleanup (collections) : org.hibernate.engine.loading.internal.CollectionLoadContext@40ec9b13<rs=HikariProxyResultSet@858876726 wrapping rs2114: null>
?[0m?[0;34m2023-03-31 16:06:00.426  WARN 29781 --- [nio-8080-exec-2] o.h.e.loading.internal.LoadContexts      : HHH000100: Fail-safe cleanup (collections) : org.hibernate.engine.loading.internal.CollectionLoadContext@7c6ae349<rs=HikariProxyResultSet@824027321 wrapping rs2021: null>
?[0m?[0;34m2023-03-31 16:06:00.426  WARN 29781 --- [nio-8080-exec-2] o.h.e.loading.internal.LoadContexts      : HHH000100: Fail-safe cleanup (collections) : org.hibernate.engine.loading.internal.CollectionLoadContext@746589ab<rs=HikariProxyResultSet@1170542906 wrapping rs2219: null>
?[0m?[0;34m2023-03-31 16:06:00.426  WARN 29781 --- [nio-8080-exec-2] o.h.e.loading.internal.LoadContexts      : HHH000100: Fail-safe cleanup (collections) : org.hibernate.engine.loading.internal.CollectionLoadContext@29c763fd<rs=HikariProxyResultSet@1971538363 wrapping rs1739: null>
?[0m?[0;34m2023-03-31 16:06:00.426  WARN 29781 --- [nio-8080-exec-2] o.h.e.loading.internal.LoadContexts      : HHH000100: Fail-safe cleanup (collections) : org.hibernate.engine.loading.internal.CollectionLoadContext@dd751d5<rs=HikariProxyResultSet@1535769019 wrapping rs2066: null>
?[0m?[0;34m2023-03-31 16:06:00.426  WARN 29781 --- [nio-8080-exec-2] o.h.e.loading.internal.LoadContexts      : HHH000100: Fail-safe cleanup (collections) : org.hibernate.engine.loading.internal.CollectionLoadContext@268c8b8d<rs=HikariProxyResultSet@2001402428 wrapping rs2210: null>
?[0m?[0;34m2023-03-31 16:06:00.426  WARN 29781 --- [nio-8080-exec-2] o.h.e.loading.internal.LoadContexts      : HHH000100: Fail-safe cleanup (collections) : org.hibernate.engine.loading.internal.CollectionLoadContext@7e7c7626<rs=HikariProxyResultSet@2127921087 wrapping rs2118: null>
?[0m?[0;34m2023-03-31 16:06:00.426  WARN 29781 --- [nio-8080-exec-2] o.h.e.loading.internal.LoadContexts      : HHH000100: Fail-safe cleanup (collections) : org.hibernate.engine.loading.internal.CollectionLoadContext@6cb63a9f<rs=HikariProxyResultSet@1343072449 wrapping rs1704: null>
?[0m?[0;34m2023-03-31 16:06:00.426  WARN 29781 --- [nio-8080-exec-2] o.h.e.loading.internal.LoadContexts      : HHH000100: Fail-safe cleanup (collections) : org.hibernate.engine.loading.internal.CollectionLoadContext@5b588725<rs=HikariProxyResultSet@172344005 wrapping rs1729: null>
?[0m?[0;34m2023-03-31 16:06:00.426  WARN 29781 --- [nio-8080-exec-2] o.h.e.loading.internal.LoadContexts      : HHH000100: Fail-safe cleanup (collections) : org.hibernate.engine.loading.internal.CollectionLoadContext@19cabf20<rs=HikariProxyResultSet@1117672133 wrapping rs2222: null>
?[0m?[0;34m2023-03-31 16:06:00.426  WARN 29781 --- [nio-8080-exec-2] o.h.e.loading.internal.LoadContexts      : HHH000100: Fail-safe cleanup (collections) : org.hibernate.engine.loading.internal.CollectionLoadContext@41a3779<rs=HikariProxyResultSet@1314969930 wrapping rs1939: null>
?[0m?[0;34m2023-03-31 16:06:00.426  WARN 29781 --- [nio-8080-exec-2] o.h.e.loading.internal.LoadContexts      : HHH000100: Fail-safe cleanup (collections) : org.hibernate.engine.loading.internal.CollectionLoadContext@592597a7<rs=HikariProxyResultSet@149054923 wrapping rs2173: null>
?[0m?[0;34m2023-03-31 16:06:00.426  WARN 29781 --- [nio-8080-exec-2] o.h.e.loading.internal.LoadContexts      : HHH000100: Fail-safe cleanup (collections) : org.hibernate.engine.loading.internal.CollectionLoadContext@46db5209<rs=HikariProxyResultSet@440227533 wrapping rs1933: null>
?[0m?[0;34m2023-03-31 16:06:00.426  WARN 29781 --- [nio-8080-exec-2] o.h.e.loading.internal.LoadContexts      : HHH000100: Fail-safe cleanup (collections) : org.hibernate.engine.loading.internal.CollectionLoadContext@aa4c64d<rs=HikariProxyResultSet@920203989 wrapping rs2049: null>
?[0m?[0;34m2023-03-31 16:06:00.426  WARN 29781 --- [nio-8080-exec-2] o.h.e.loading.internal.LoadContexts      : HHH000100: Fail-safe cleanup (collections) : org.hibernate.engine.loading.internal.CollectionLoadContext@5fd0899f<rs=HikariProxyResultSet@1747507417 wrapping rs1870: null>
?[0m?[0;34m2023-03-31 16:06:00.426  WARN 29781 --- [nio-8080-exec-2] o.h.e.loading.internal.LoadContexts      : HHH000100: Fail-safe cleanup (collections) : org.hibernate.engine.loading.internal.CollectionLoadContext@2a3db56d<rs=HikariProxyResultSet@1397341917 wrapping rs1931: null>
?[0m?[0;34m2023-03-31 16:06:00.426  WARN 29781 --- [nio-8080-exec-2] o.h.e.loading.internal.LoadContexts      : HHH000100: Fail-safe cleanup (collections) : org.hibernate.engine.loading.internal.CollectionLoadContext@366ae139<rs=HikariProxyResultSet@823218014 wrapping rs1859: null>
?[0m?[0;34m2023-03-31 16:06:00.426  WARN 29781 --- [nio-8080-exec-2] o.h.e.loading.internal.LoadContexts      : HHH000100: Fail-safe cleanup (collections) : org.hibernate.engine.loading.internal.CollectionLoadContext@1a50df17<rs=HikariProxyResultSet@414145245 wrapping rs1943: null>
?[0m?[0;34m2023-03-31 16:06:00.426  WARN 29781 --- [nio-8080-exec-2] o.h.e.loading.internal.LoadContexts      : HHH000100: Fail-safe cleanup (collections) : org.hibernate.engine.loading.internal.CollectionLoadContext@411721b3<rs=HikariProxyResultSet@1856339040 wrapping rs1886: null>
?[0m?[0;34m2023-03-31 16:06:00.426  WARN 29781 --- [nio-8080-exec-2] o.h.e.loading.internal.LoadContexts      : HHH000100: Fail-safe cleanup (collections) : org.hibernate.engine.loading.internal.CollectionLoadContext@6466221<rs=HikariProxyResultSet@237910749 wrapping rs1971: null>
?[0m?[0;34m2023-03-31 16:06:00.426  WARN 29781 --- [nio-8080-exec-2] o.h.e.loading.internal.LoadContexts      : HHH000100: Fail-safe cleanup (collections) : org.hibernate.engine.loading.internal.CollectionLoadContext@674438f9<rs=HikariProxyResultSet@410447202 wrapping rs1905: null>
?[0m?[0;34m2023-03-31 16:06:00.426  WARN 29781 --- [nio-8080-exec-2] o.h.e.loading.internal.LoadContexts      : HHH000100: Fail-safe cleanup (collections) : org.hibernate.engine.loading.internal.CollectionLoadContext@7bf0eb61<rs=HikariProxyResultSet@1656831588 wrapping rs2039: null>
?[0m?[0;34m2023-03-31 16:06:00.426  WARN 29781 --- [nio-8080-exec-2] o.h.e.loading.internal.LoadContexts      : HHH000100: Fail-safe cleanup (collections) : org.hibernate.engine.loading.internal.CollectionLoadContext@3125715<rs=HikariProxyResultSet@1510766180 wrapping rs2103: null>
?[0m?[0;34m2023-03-31 16:06:00.426  WARN 29781 --- [nio-8080-exec-2] o.h.e.loading.internal.LoadContexts      : HHH000100: Fail-safe cleanup (collections) : org.hibernate.engine.loading.internal.CollectionLoadContext@36f06a3c<rs=HikariProxyResultSet@918076391 wrapping rs1914: null>
?[0m?[0;34m2023-03-31 16:06:00.426  WARN 29781 --- [nio-8080-exec-2] o.h.e.loading.internal.LoadContexts      : HHH000100: Fail-safe cleanup (collections) : org.hibernate.engine.loading.internal.CollectionLoadContext@70b50feb<rs=HikariProxyResultSet@783881320 wrapping rs2104: null>
?[0m?[0;34m2023-03-31 16:06:00.426  WARN 29781 --- [nio-8080-exec-2] o.h.e.loading.internal.LoadContexts      : HHH000100: Fail-safe cleanup (collections) : org.hibernate.engine.loading.internal.CollectionLoadContext@c62497f<rs=HikariProxyResultSet@1902852329 wrapping rs1716: null>
?[0m?[0;34m2023-03-31 16:06:00.426  WARN 29781 --- [nio-8080-exec-2] o.h.e.loading.internal.LoadContexts      : HHH000100: Fail-safe cleanup (collections) : org.hibernate.engine.loading.internal.CollectionLoadContext@1d591d19<rs=HikariProxyResultSet@532041066 wrapping rs2177: null>
?[0m?[0;34m2023-03-31 16:06:00.426  WARN 29781 --- [nio-8080-exec-2] o.h.e.loading.internal.LoadContexts      : HHH000100: Fail-safe cleanup (collections) : org.hibernate.engine.loading.internal.CollectionLoadContext@28cd2504<rs=HikariProxyResultSet@1158770671 wrapping rs1840: null>
?[0m?[0;34m2023-03-31 16:06:00.426  WARN 29781 --- [nio-8080-exec-2] o.h.e.loading.internal.LoadContexts      : HHH000100: Fail-safe cleanup (collections) : org.hibernate.engine.loading.internal.CollectionLoadContext@70dfada1<rs=HikariProxyResultSet@1015438706 wrapping rs2011: null>
?[0m?[0;34m2023-03-31 16:06:00.426  WARN 29781 --- [nio-8080-exec-2] o.h.e.loading.internal.LoadContexts      : HHH000100: Fail-safe cleanup (collections) : org.hibernate.engine.loading.internal.CollectionLoadContext@6ee83b74<rs=HikariProxyResultSet@806547189 wrapping rs1772: null>
?[0m?[0;34m2023-03-31 16:06:00.426  WARN 29781 --- [nio-8080-exec-2] o.h.e.loading.internal.LoadContexts      : HHH000100: Fail-safe cleanup (collections) : org.hibernate.engine.loading.internal.CollectionLoadContext@3b0c5265<rs=HikariProxyResultSet@1622290294 wrapping rs1702: null>
?[0m?[0;34m2023-03-31 16:06:00.426  WARN 29781 --- [nio-8080-exec-2] o.h.e.loading.internal.LoadContexts      : HHH000100: Fail-safe cleanup (collections) : org.hibernate.engine.loading.internal.CollectionLoadContext@7a28b505<rs=HikariProxyResultSet@1582132086 wrapping rs1798: null>
?[0m?[0;34m2023-03-31 16:06:00.426  WARN 29781 --- [nio-8080-exec-2] o.h.e.loading.internal.LoadContexts      : HHH000100: Fail-safe cleanup (collections) : org.hibernate.engine.loading.internal.CollectionLoadContext@7717bd44<rs=HikariProxyResultSet@611305334 wrapping rs2232: null>
?[0m?[0;34m2023-03-31 16:06:00.426  WARN 29781 --- [nio-8080-exec-2] o.h.e.loading.internal.LoadContexts      : HHH000100: Fail-safe cleanup (collections) : org.hibernate.engine.loading.internal.CollectionLoadContext@580b1b49<rs=HikariProxyResultSet@669234554 wrapping rs1750: null>
?[0m?[0;34m2023-03-31 16:06:00.426  WARN 29781 --- [nio-8080-exec-2] o.h.e.loading.internal.LoadContexts      : HHH000100: Fail-safe cleanup (collections) : org.hibernate.engine.loading.internal.CollectionLoadContext@1cdf557<rs=HikariProxyResultSet@715150972 wrapping rs2149: null>
?[0m?[0;34m2023-03-31 16:06:00.426  WARN 29781 --- [nio-8080-exec-2] o.h.e.loading.internal.LoadContexts      : HHH000100: Fail-safe cleanup (collections) : org.hibernate.engine.loading.internal.CollectionLoadContext@3ef2e8f6<rs=HikariProxyResultSet@349900799 wrapping rs1680: null>
?[0m?[0;34m2023-03-31 16:06:00.426  WARN 29781 --- [nio-8080-exec-2] o.h.e.loading.internal.LoadContexts      : HHH000100: Fail-safe cleanup (collections) : org.hibernate.engine.loading.internal.CollectionLoadContext@74c59ff1<rs=HikariProxyResultSet@1672835200 wrapping rs1694: null>
?[0m?[0;34m2023-03-31 16:06:00.426  WARN 29781 --- [nio-8080-exec-2] o.h.e.loading.internal.LoadContexts      : HHH000100: Fail-safe cleanup (collections) : org.hibernate.engine.loading.internal.CollectionLoadContext@74141373<rs=HikariProxyResultSet@1353562885 wrapping rs2209: null>
?[0m?[0;34m2023-03-31 16:06:00.426  WARN 29781 --- [nio-8080-exec-2] o.h.e.loading.internal.LoadContexts      : HHH000100: Fail-safe cleanup (collections) : org.hibernate.engine.loading.internal.CollectionLoadContext@1a1d37eb<rs=HikariProxyResultSet@811846921 wrapping rs1992: null>
?[0m?[0;34m2023-03-31 16:06:00.426  WARN 29781 --- [nio-8080-exec-2] o.h.e.loading.internal.LoadContexts      : HHH000100: Fail-safe cleanup (collections) : org.hibernate.engine.loading.internal.CollectionLoadContext@3381d906<rs=HikariProxyResultSet@843642250 wrapping rs1921: null>
?[0m?[0;34m2023-03-31 16:06:00.426  WARN 29781 --- [nio-8080-exec-2] o.h.e.loading.internal.LoadContexts      : HHH000100: Fail-safe cleanup (collections) : org.hibernate.engine.loading.internal.CollectionLoadContext@6be3f290<rs=HikariProxyResultSet@547056526 wrapping rs1754: null>
?[0m?[0;34m2023-03-31 16:06:00.426  WARN 29781 --- [nio-8080-exec-2] o.h.e.loading.internal.LoadContexts      : HHH000100: Fail-safe cleanup (collections) : org.hibernate.engine.loading.internal.CollectionLoadContext@3fb8fb14<rs=HikariProxyResultSet@1559948561 wrapping rs1689: null>
?[0m?[0;34m2023-03-31 16:06:00.426  WARN 29781 --- [nio-8080-exec-2] o.h.e.loading.internal.LoadContexts      : HHH000100: Fail-safe cleanup (collections) : org.hibernate.engine.loading.internal.CollectionLoadContext@4ce92167<rs=HikariProxyResultSet@1608935826 wrapping rs1958: null>
?[0m?[0;34m2023-03-31 16:06:00.426  WARN 29781 --- [nio-8080-exec-2] o.h.e.loading.internal.LoadContexts      : HHH000100: Fail-safe cleanup (collections) : org.hibernate.engine.loading.internal.CollectionLoadContext@719d8815<rs=HikariProxyResultSet@232446870 wrapping rs2169: null>
?[0m?[0;34m2023-03-31 16:06:00.426  WARN 29781 --- [nio-8080-exec-2] o.h.e.loading.internal.LoadContexts      : HHH000100: Fail-safe cleanup (collections) : org.hibernate.engine.loading.internal.CollectionLoadContext@59e83c4<rs=HikariProxyResultSet@219166743 wrapping rs2113: null>
?[0m?[0;34m2023-03-31 16:06:00.426  WARN 29781 --- [nio-8080-exec-2] o.h.e.loading.internal.LoadContexts      : HHH000100: Fail-safe cleanup (collections) : org.hibernate.engine.loading.internal.CollectionLoadContext@7d86b838<rs=HikariProxyResultSet@700071064 wrapping rs1828: null>
?[0m?[0;34m2023-03-31 16:06:00.426  WARN 29781 --- [nio-8080-exec-2] o.h.e.loading.internal.LoadContexts      : HHH000100: Fail-safe cleanup (collections) : org.hibernate.engine.loading.internal.CollectionLoadContext@78614cf6<rs=HikariProxyResultSet@997091738 wrapping rs2012: null>
?[0m?[0;34m2023-03-31 16:06:00.426  WARN 29781 --- [nio-8080-exec-2] o.h.e.loading.internal.LoadContexts      : HHH000100: Fail-safe cleanup (collections) : org.hibernate.engine.loading.internal.CollectionLoadContext@6521becf<rs=HikariProxyResultSet@1446641824 wrapping rs1725: null>
?[0m?[0;34m2023-03-31 16:06:00.426  WARN 29781 --- [nio-8080-exec-2] o.h.e.loading.internal.LoadContexts      : HHH000100: Fail-safe cleanup (collections) : org.hibernate.engine.loading.internal.CollectionLoadContext@1450810c<rs=HikariProxyResultSet@1723016352 wrapping rs1954: null>
?[0m?[0;34m2023-03-31 16:06:00.426  WARN 29781 --- [nio-8080-exec-2] o.h.e.loading.internal.LoadContexts      : HHH000100: Fail-safe cleanup (collections) : org.hibernate.engine.loading.internal.CollectionLoadContext@5c5fbcc6<rs=HikariProxyResultSet@1392358818 wrapping rs1887: null>
?[0m?[0;34m2023-03-31 16:06:00.426  WARN 29781 --- [nio-8080-exec-2] o.h.e.loading.internal.LoadContexts      : HHH000100: Fail-safe cleanup (collections) : org.hibernate.engine.loading.internal.CollectionLoadContext@2e2b4d47<rs=HikariProxyResultSet@741485986 wrapping rs1892: null>
?[0m?[0;34m2023-03-31 16:06:00.426  WARN 29781 --- [nio-8080-exec-2] o.h.e.loading.internal.LoadContexts      : HHH000100: Fail-safe cleanup (collections) : org.hibernate.engine.loading.internal.CollectionLoadContext@4614598b<rs=HikariProxyResultSet@1065732643 wrapping rs2025: null>
?[0m?[0;34m2023-03-31 16:06:00.426  WARN 29781 --- [nio-8080-exec-2] o.h.e.loading.internal.LoadContexts      : HHH000100: Fail-safe cleanup (collections) : org.hibernate.engine.loading.internal.CollectionLoadContext@56dcf8a4<rs=HikariProxyResultSet@631272995 wrapping rs2037: null>
?[0m?[0;34m2023-03-31 16:06:00.426  WARN 29781 --- [nio-8080-exec-2] o.h.e.loading.internal.LoadContexts      : HHH000100: Fail-safe cleanup (collections) : org.hibernate.engine.loading.internal.CollectionLoadContext@77c4c735<rs=HikariProxyResultSet@732199846 wrapping rs2152: null>
?[0m?[0;34m2023-03-31 16:06:00.426  WARN 29781 --- [nio-8080-exec-2] o.h.e.loading.internal.LoadContexts      : HHH000100: Fail-safe cleanup (collections) : org.hibernate.engine.loading.internal.CollectionLoadContext@3f1edff<rs=HikariProxyResultSet@1250134055 wrapping rs2051: null>
?[0m?[0;34m2023-03-31 16:06:00.426  WARN 29781 --- [nio-8080-exec-2] o.h.e.loading.internal.LoadContexts      : HHH000100: Fail-safe cleanup (collections) : org.hibernate.engine.loading.internal.CollectionLoadContext@674d240b<rs=HikariProxyResultSet@201914536 wrapping rs2166: null>
?[0m?[0;34m2023-03-31 16:06:00.426  WARN 29781 --- [nio-8080-exec-2] o.h.e.loading.internal.LoadContexts      : HHH000100: Fail-safe cleanup (collections) : org.hibernate.engine.loading.internal.CollectionLoadContext@56e5f99e<rs=HikariProxyResultSet@942349609 wrapping rs2172: null>
?[0m?[0;34m2023-03-31 16:06:00.426  WARN 29781 --- [nio-8080-exec-2] o.h.e.loading.internal.LoadContexts      : HHH000100: Fail-safe cleanup (collections) : org.hibernate.engine.loading.internal.CollectionLoadContext@7c96118<rs=HikariProxyResultSet@1238256800 wrapping rs2227: null>
?[0m?[0;34m2023-03-31 16:06:00.426  WARN 29781 --- [nio-8080-exec-2] o.h.e.loading.internal.LoadContexts      : HHH000100: Fail-safe cleanup (collections) : org.hibernate.engine.loading.internal.CollectionLoadContext@b5bfa0b<rs=HikariProxyResultSet@883693615 wrapping rs2056: null>
?[0m?[0;34m2023-03-31 16:06:00.426  WARN 29781 --- [nio-8080-exec-2] o.h.e.loading.internal.LoadContexts      : HHH000100: Fail-safe cleanup (collections) : org.hibernate.engine.loading.internal.CollectionLoadContext@5b8fa17<rs=HikariProxyResultSet@239843375 wrapping rs2205: null>
?[0m?[0;34m2023-03-31 16:06:00.426  WARN 29781 --- [nio-8080-exec-2] o.h.e.loading.internal.LoadContexts      : HHH000100: Fail-safe cleanup (collections) : org.hibernate.engine.loading.internal.CollectionLoadContext@7ce8da37<rs=HikariProxyResultSet@1741091766 wrapping rs2109: null>
?[0m?[0;34m2023-03-31 16:06:00.426  WARN 29781 --- [nio-8080-exec-2] o.h.e.loading.internal.LoadContexts      : HHH000100: Fail-safe cleanup (collections) : org.hibernate.engine.loading.internal.CollectionLoadContext@30e5b513<rs=HikariProxyResultSet@1930870968 wrapping rs2097: null>
?[0m?[0;34m2023-03-31 16:06:00.427  WARN 29781 --- [nio-8080-exec-2] o.h.e.loading.internal.LoadContexts      : HHH000100: Fail-safe cleanup (collections) : org.hibernate.engine.loading.internal.CollectionLoadContext@643a8aa6<rs=HikariProxyResultSet@876025145 wrapping rs1685: null>
?[0m?[0;34m2023-03-31 16:06:00.427  WARN 29781 --- [nio-8080-exec-2] o.h.e.loading.internal.LoadContexts      : HHH000100: Fail-safe cleanup (collections) : org.hibernate.engine.loading.internal.CollectionLoadContext@2690bc74<rs=HikariProxyResultSet@47015225 wrapping rs1929: null>
?[0m?[0;34m2023-03-31 16:06:00.427  WARN 29781 --- [nio-8080-exec-2] o.h.e.loading.internal.LoadContexts      : HHH000100: Fail-safe cleanup (collections) : org.hibernate.engine.loading.internal.CollectionLoadContext@1c93e3f3<rs=HikariProxyResultSet@1791991355 wrapping rs1936: null>
?[0m?[0;34m2023-03-31 16:06:00.427  WARN 29781 --- [nio-8080-exec-2] o.h.e.loading.internal.LoadContexts      : HHH000100: Fail-safe cleanup (collections) : org.hibernate.engine.loading.internal.CollectionLoadContext@143805f<rs=HikariProxyResultSet@408365369 wrapping rs2000: null>
?[0m?[0;34m2023-03-31 16:06:00.427  WARN 29781 --- [nio-8080-exec-2] o.h.e.loading.internal.LoadContexts      : HHH000100: Fail-safe cleanup (collections) : org.hibernate.engine.loading.internal.CollectionLoadContext@311c456b<rs=HikariProxyResultSet@1898945341 wrapping rs1690: null>
?[0m?[0;34m2023-03-31 16:06:00.427  WARN 29781 --- [nio-8080-exec-2] o.h.e.loading.internal.LoadContexts      : HHH000100: Fail-safe cleanup (collections) : org.hibernate.engine.loading.internal.CollectionLoadContext@12cc3c20<rs=HikariProxyResultSet@621328189 wrapping rs2156: null>
?[0m?[0;34m2023-03-31 16:06:00.427  WARN 29781 --- [nio-8080-exec-2] o.h.e.loading.internal.LoadContexts      : HHH000100: Fail-safe cleanup (collections) : org.hibernate.engine.loading.internal.CollectionLoadContext@11c3c9f1<rs=HikariProxyResultSet@505706688 wrapping rs1885: null>
?[0m?[0;34m2023-03-31 16:06:00.427  WARN 29781 --- [nio-8080-exec-2] o.h.e.loading.internal.LoadContexts      : HHH000100: Fail-safe cleanup (collections) : org.hibernate.engine.loading.internal.CollectionLoadContext@c1fe2ee<rs=HikariProxyResultSet@2141326528 wrapping rs2192: null>
?[0m?[0;34m2023-03-31 16:06:00.427  WARN 29781 --- [nio-8080-exec-2] o.h.e.loading.internal.LoadContexts      : HHH000100: Fail-safe cleanup (collections) : org.hibernate.engine.loading.internal.CollectionLoadContext@5f7bc91b<rs=HikariProxyResultSet@1181372866 wrapping rs1744: null>
?[0m?[0;34m2023-03-31 16:06:00.427  WARN 29781 --- [nio-8080-exec-2] o.h.e.loading.internal.LoadContexts      : HHH000100: Fail-safe cleanup (collections) : org.hibernate.engine.loading.internal.CollectionLoadContext@2c25d3e8<rs=HikariProxyResultSet@1926076487 wrapping rs2229: null>
?[0m?[0;34m2023-03-31 16:06:00.427  WARN 29781 --- [nio-8080-exec-2] o.h.e.loading.internal.LoadContexts      : HHH000100: Fail-safe cleanup (collections) : org.hibernate.engine.loading.internal.CollectionLoadContext@23261bdc<rs=HikariProxyResultSet@280632907 wrapping rs1707: null>
?[0m?[0;34m2023-03-31 16:06:00.427  WARN 29781 --- [nio-8080-exec-2] o.h.e.loading.internal.LoadContexts      : HHH000100: Fail-safe cleanup (collections) : org.hibernate.engine.loading.internal.CollectionLoadContext@50dd95c4<rs=HikariProxyResultSet@2079901388 wrapping rs1820: null>
?[0m?[0;34m2023-03-31 16:06:00.427  WARN 29781 --- [nio-8080-exec-2] o.h.e.loading.internal.LoadContexts      : HHH000100: Fail-safe cleanup (collections) : org.hibernate.engine.loading.internal.CollectionLoadContext@516fbdd5<rs=HikariProxyResultSet@362524364 wrapping rs2027: null>
?[0m?[0;34m2023-03-31 16:06:00.427  WARN 29781 --- [nio-8080-exec-2] o.h.e.loading.internal.LoadContexts      : HHH000100: Fail-safe cleanup (collections) : org.hibernate.engine.loading.internal.CollectionLoadContext@53d78e83<rs=HikariProxyResultSet@741926733 wrapping rs2124: null>
?[0m?[0;34m2023-03-31 16:06:00.427  WARN 29781 --- [nio-8080-exec-2] o.h.e.loading.internal.LoadContexts      : HHH000100: Fail-safe cleanup (collections) : org.hibernate.engine.loading.internal.CollectionLoadContext@40bc97de<rs=HikariProxyResultSet@91288655 wrapping rs1902: null>
?[0m?[0;34m2023-03-31 16:06:00.427  WARN 29781 --- [nio-8080-exec-2] o.h.e.loading.internal.LoadContexts      : HHH000100: Fail-safe cleanup (collections) : org.hibernate.engine.loading.internal.CollectionLoadContext@7c7359b8<rs=HikariProxyResultSet@1843424335 wrapping rs1912: null>
?[0m?[0;34m2023-03-31 16:06:00.427  WARN 29781 --- [nio-8080-exec-2] o.h.e.loading.internal.LoadContexts      : HHH000100: Fail-safe cleanup (collections) : org.hibernate.engine.loading.internal.CollectionLoadContext@505ed2f6<rs=HikariProxyResultSet@1645941323 wrapping rs2214: null>
?[0m?[0;34m2023-03-31 16:06:00.427  WARN 29781 --- [nio-8080-exec-2] o.h.e.loading.internal.LoadContexts      : HHH000100: Fail-safe cleanup (collections) : org.hibernate.engine.loading.internal.CollectionLoadContext@3f92ede8<rs=HikariProxyResultSet@1637690197 wrapping rs1944: null>
?[0m?[0;34m2023-03-31 16:06:00.427  WARN 29781 --- [nio-8080-exec-2] o.h.e.loading.internal.LoadContexts      : HHH000100: Fail-safe cleanup (collections) : org.hibernate.engine.loading.internal.CollectionLoadContext@1b348fa3<rs=HikariProxyResultSet@1054712790 wrapping rs1713: null>
?[0m?[0;34m2023-03-31 16:06:00.427  WARN 29781 --- [nio-8080-exec-2] o.h.e.loading.internal.LoadContexts      : HHH000100: Fail-safe cleanup (collections) : org.hibernate.engine.loading.internal.CollectionLoadContext@7decbbe4<rs=HikariProxyResultSet@116563797 wrapping rs1998: null>
?[0m?[0;34m2023-03-31 16:06:00.427  WARN 29781 --- [nio-8080-exec-2] o.h.e.loading.internal.LoadContexts      : HHH000100: Fail-safe cleanup (collections) : org.hibernate.engine.loading.internal.CollectionLoadContext@5b830fcd<rs=HikariProxyResultSet@617383515 wrapping rs1960: null>
?[0m?[0;34m2023-03-31 16:06:00.427  WARN 29781 --- [nio-8080-exec-2] o.h.e.loading.internal.LoadContexts      : HHH000100: Fail-safe cleanup (collections) : org.hibernate.engine.loading.internal.CollectionLoadContext@73d654f8<rs=HikariProxyResultSet@997887708 wrapping rs1899: null>
?[0m?[0;34m2023-03-31 16:06:00.429  WARN 29781 --- [nio-8080-exec-2] o.h.e.loading.internal.LoadContexts      : HHH000100: Fail-safe cleanup (collections) : org.hibernate.engine.loading.internal.CollectionLoadContext@4ca094b6<rs=HikariProxyResultSet@846185051 wrapping rs2016: null>
?[0m?[0;34m2023-03-31 16:06:00.429  WARN 29781 --- [nio-8080-exec-2] o.h.e.loading.internal.LoadContexts      : HHH000100: Fail-safe cleanup (collections) : org.hibernate.engine.loading.internal.CollectionLoadContext@540b255d<rs=HikariProxyResultSet@452100320 wrapping rs2081: null>
?[0m?[0;34m2023-03-31 16:06:00.429  WARN 29781 --- [nio-8080-exec-2] o.h.e.loading.internal.LoadContexts      : HHH000100: Fail-safe cleanup (collections) : org.hibernate.engine.loading.internal.CollectionLoadContext@17b5b576<rs=HikariProxyResultSet@13392870 wrapping rs1910: null>
?[0m?[0;34m2023-03-31 16:06:00.429  WARN 29781 --- [nio-8080-exec-2] o.h.e.loading.internal.LoadContexts      : HHH000100: Fail-safe cleanup (collections) : org.hibernate.engine.loading.internal.CollectionLoadContext@568552ec<rs=HikariProxyResultSet@1977293927 wrapping rs2002: null>
?[0m?[0;34m2023-03-31 16:06:00.429  WARN 29781 --- [nio-8080-exec-2] o.h.e.loading.internal.LoadContexts      : HHH000100: Fail-safe cleanup (collections) : org.hibernate.engine.loading.internal.CollectionLoadContext@1e4879ae<rs=HikariProxyResultSet@1121696742 wrapping rs2151: null>
?[0m?[0;34m2023-03-31 16:06:00.429  WARN 29781 --- [nio-8080-exec-2] o.h.e.loading.internal.LoadContexts      : HHH000100: Fail-safe cleanup (collections) : org.hibernate.engine.loading.internal.CollectionLoadContext@136486f7<rs=HikariProxyResultSet@777630057 wrapping rs2193: null>
?[0m?[0;34m2023-03-31 16:06:00.429  WARN 29781 --- [nio-8080-exec-2] o.h.e.loading.internal.LoadContexts      : HHH000100: Fail-safe cleanup (collections) : org.hibernate.engine.loading.internal.CollectionLoadContext@29c08fe8<rs=HikariProxyResultSet@1067974380 wrapping rs2059: null>
?[0m?[0;34m2023-03-31 16:06:00.429  WARN 29781 --- [nio-8080-exec-2] o.h.e.loading.internal.LoadContexts      : HHH000100: Fail-safe cleanup (collections) : org.hibernate.engine.loading.internal.CollectionLoadContext@55aeaa0e<rs=HikariProxyResultSet@1998597997 wrapping rs1721: null>
?[0m?[0;34m2023-03-31 16:06:00.429  WARN 29781 --- [nio-8080-exec-2] o.h.e.loading.internal.LoadContexts      : HHH000100: Fail-safe cleanup (collections) : org.hibernate.engine.loading.internal.CollectionLoadContext@8f62c1c<rs=HikariProxyResultSet@1779666926 wrapping rs1681: null>
?[0m?[0;34m2023-03-31 16:06:00.429  WARN 29781 --- [nio-8080-exec-2] o.h.e.loading.internal.LoadContexts      : HHH000100: Fail-safe cleanup (collections) : org.hibernate.engine.loading.internal.CollectionLoadContext@3f1250cb<rs=HikariProxyResultSet@1204414317 wrapping rs1823: null>
?[0m?[0;34m2023-03-31 16:06:00.429  WARN 29781 --- [nio-8080-exec-2] o.h.e.loading.internal.LoadContexts      : HHH000100: Fail-safe cleanup (collections) : org.hibernate.engine.loading.internal.CollectionLoadContext@1280270e<rs=HikariProxyResultSet@1653660912 wrapping rs2018: null>
?[0m?[0;34m2023-03-31 16:06:00.429  WARN 29781 --- [nio-8080-exec-2] o.h.e.loading.internal.LoadContexts      : HHH000100: Fail-safe cleanup (collections) : org.hibernate.engine.loading.internal.CollectionLoadContext@325e018a<rs=HikariProxyResultSet@69024113 wrapping rs1780: null>
?[0m?[0;34m2023-03-31 16:06:00.429  WARN 29781 --- [nio-8080-exec-2] o.h.e.loading.internal.LoadContexts      : HHH000100: Fail-safe cleanup (collections) : org.hibernate.engine.loading.internal.CollectionLoadContext@bf15d11<rs=HikariProxyResultSet@799476847 wrapping rs2184: null>
?[0m?[0;34m2023-03-31 16:06:00.429  WARN 29781 --- [nio-8080-exec-2] o.h.e.loading.internal.LoadContexts      : HHH000100: Fail-safe cleanup (collections) : org.hibernate.engine.loading.internal.CollectionLoadContext@26c8c0ac<rs=HikariProxyResultSet@1333855859 wrapping rs1731: null>
?[0m?[0;34m2023-03-31 16:06:00.429  WARN 29781 --- [nio-8080-exec-2] o.h.e.loading.internal.LoadContexts      : HHH000100: Fail-safe cleanup (collections) : org.hibernate.engine.loading.internal.CollectionLoadContext@35633b2c<rs=HikariProxyResultSet@395394804 wrapping rs1838: null>
?[0m?[0;34m2023-03-31 16:06:00.429  WARN 29781 --- [nio-8080-exec-2] o.h.e.loading.internal.LoadContexts      : HHH000100: Fail-safe cleanup (collections) : org.hibernate.engine.loading.internal.CollectionLoadContext@77f32e5b<rs=HikariProxyResultSet@407312116 wrapping rs1959: null>
?[0m?[0;34m2023-03-31 16:06:00.429  WARN 29781 --- [nio-8080-exec-2] o.h.e.loading.internal.LoadContexts      : HHH000100: Fail-safe cleanup (collections) : org.hibernate.engine.loading.internal.CollectionLoadContext@766bec61<rs=HikariProxyResultSet@67557237 wrapping rs2017: null>
?[0m?[0;34m2023-03-31 16:06:00.429  WARN 29781 --- [nio-8080-exec-2] o.h.e.loading.internal.LoadContexts      : HHH000100: Fail-safe cleanup (collections) : org.hibernate.engine.loading.internal.CollectionLoadContext@16469fa0<rs=HikariProxyResultSet@1812070390 wrapping rs2099: null>
?[0m?[0;34m2023-03-31 16:06:00.429  WARN 29781 --- [nio-8080-exec-2] o.h.e.loading.internal.LoadContexts      : HHH000100: Fail-safe cleanup (collections) : org.hibernate.engine.loading.internal.CollectionLoadContext@3a507c1f<rs=HikariProxyResultSet@1591616502 wrapping rs2111: null>
?[0m?[0;34m2023-03-31 16:06:00.429  WARN 29781 --- [nio-8080-exec-2] o.h.e.loading.internal.LoadContexts      : HHH000100: Fail-safe cleanup (collections) : org.hibernate.engine.loading.internal.CollectionLoadContext@543f1cf8<rs=HikariProxyResultSet@1407104377 wrapping rs2069: null>
?[0m?[0;34m2023-03-31 16:06:00.429  WARN 29781 --- [nio-8080-exec-2] o.h.e.loading.internal.LoadContexts      : HHH000100: Fail-safe cleanup (collections) : org.hibernate.engine.loading.internal.CollectionLoadContext@7d9efafa<rs=HikariProxyResultSet@1588498938 wrapping rs2153: null>
?[0m?[0;34m2023-03-31 16:06:00.429  WARN 29781 --- [nio-8080-exec-2] o.h.e.loading.internal.LoadContexts      : HHH000100: Fail-safe cleanup (collections) : org.hibernate.engine.loading.internal.CollectionLoadContext@5f07c176<rs=HikariProxyResultSet@1433504379 wrapping rs1842: null>
?[0m?[0;34m2023-03-31 16:06:00.429  WARN 29781 --- [nio-8080-exec-2] o.h.e.loading.internal.LoadContexts      : HHH000100: Fail-safe cleanup (collections) : org.hibernate.engine.loading.internal.CollectionLoadContext@668eee0d<rs=HikariProxyResultSet@2041503863 wrapping rs2187: null>
?[0m?[0;34m2023-03-31 16:06:00.429  WARN 29781 --- [nio-8080-exec-2] o.h.e.loading.internal.LoadContexts      : HHH000100: Fail-safe cleanup (collections) : org.hibernate.engine.loading.internal.CollectionLoadContext@4afaf6f8<rs=HikariProxyResultSet@1015756927 wrapping rs2029: null>
?[0m?[0;34m2023-03-31 16:06:00.429  WARN 29781 --- [nio-8080-exec-2] o.h.e.loading.internal.LoadContexts      : HHH000100: Fail-safe cleanup (collections) : org.hibernate.engine.loading.internal.CollectionLoadContext@40b99c77<rs=HikariProxyResultSet@1162255616 wrapping rs1738: null>
?[0m?[0;34m2023-03-31 16:06:00.429  WARN 29781 --- [nio-8080-exec-2] o.h.e.loading.internal.LoadContexts      : HHH000100: Fail-safe cleanup (collections) : org.hibernate.engine.loading.internal.CollectionLoadContext@2154e967<rs=HikariProxyResultSet@1833927041 wrapping rs2098: null>
?[0m?[0;34m2023-03-31 16:06:00.429  WARN 29781 --- [nio-8080-exec-2] o.h.e.loading.internal.LoadContexts      : HHH000100: Fail-safe cleanup (collections) : org.hibernate.engine.loading.internal.CollectionLoadContext@303b85c6<rs=HikariProxyResultSet@1080576514 wrapping rs1743: null>
?[0m?[0;34m2023-03-31 16:06:00.429  WARN 29781 --- [nio-8080-exec-2] o.h.e.loading.internal.LoadContexts      : HHH000100: Fail-safe cleanup (collections) : org.hibernate.engine.loading.internal.CollectionLoadContext@2debf80f<rs=HikariProxyResultSet@1995012610 wrapping rs2050: null>
?[0m?[0;34m2023-03-31 16:06:00.429  WARN 29781 --- [nio-8080-exec-2] o.h.e.loading.internal.LoadContexts      : HHH000100: Fail-safe cleanup (collections) : org.hibernate.engine.loading.internal.CollectionLoadContext@213d93e1<rs=HikariProxyResultSet@1032576385 wrapping rs2135: null>
?[0m?[0;34m2023-03-31 16:06:00.429  WARN 29781 --- [nio-8080-exec-2] o.h.e.loading.internal.LoadContexts      : HHH000100: Fail-safe cleanup (collections) : org.hibernate.engine.loading.internal.CollectionLoadContext@27245970<rs=HikariProxyResultSet@1491127173 wrapping rs1835: null>
?[0m?[0;34m2023-03-31 16:06:00.429  WARN 29781 --- [nio-8080-exec-2] o.h.e.loading.internal.LoadContexts      : HHH000100: Fail-safe cleanup (collections) : org.hibernate.engine.loading.internal.CollectionLoadContext@4bddfde7<rs=HikariProxyResultSet@1624673286 wrapping rs1804: null>
?[0m?[0;34m2023-03-31 16:06:00.429  WARN 29781 --- [nio-8080-exec-2] o.h.e.loading.internal.LoadContexts      : HHH000100: Fail-safe cleanup (collections) : org.hibernate.engine.loading.internal.CollectionLoadContext@39044f13<rs=HikariProxyResultSet@207747078 wrapping rs2182: null>
?[0m?[0;34m2023-03-31 16:06:00.429  WARN 29781 --- [nio-8080-exec-2] o.h.e.loading.internal.LoadContexts      : HHH000100: Fail-safe cleanup (collections) : org.hibernate.engine.loading.internal.CollectionLoadContext@746b7149<rs=HikariProxyResultSet@1001836292 wrapping rs2204: null>
?[0m?[0;34m2023-03-31 16:06:00.429  WARN 29781 --- [nio-8080-exec-2] o.h.e.loading.internal.LoadContexts      : HHH000100: Fail-safe cleanup (collections) : org.hibernate.engine.loading.internal.CollectionLoadContext@7181596d<rs=HikariProxyResultSet@242034315 wrapping rs2073: null>
?[0m?[0;34m2023-03-31 16:06:00.429  WARN 29781 --- [nio-8080-exec-2] o.h.e.loading.internal.LoadContexts      : HHH000100: Fail-safe cleanup (collections) : org.hibernate.engine.loading.internal.CollectionLoadContext@5597b07f<rs=HikariProxyResultSet@399340429 wrapping rs2058: null>
?[0m?[0;34m2023-03-31 16:06:00.429  WARN 29781 --- [nio-8080-exec-2] o.h.e.loading.internal.LoadContexts      : HHH000100: Fail-safe cleanup (collections) : org.hibernate.engine.loading.internal.CollectionLoadContext@4ef00109<rs=HikariProxyResultSet@40653838 wrapping rs1946: null>
?[0m?[0;34m2023-03-31 16:06:00.429  WARN 29781 --- [nio-8080-exec-2] o.h.e.loading.internal.LoadContexts      : HHH000100: Fail-safe cleanup (collections) : org.hibernate.engine.loading.internal.CollectionLoadContext@61bec0a7<rs=HikariProxyResultSet@1154861328 wrapping rs2084: null>
?[0m?[0;34m2023-03-31 16:06:00.429  WARN 29781 --- [nio-8080-exec-2] o.h.e.loading.internal.LoadContexts      : HHH000100: Fail-safe cleanup (collections) : org.hibernate.engine.loading.internal.CollectionLoadContext@1a0fb7cc<rs=HikariProxyResultSet@494593425 wrapping rs2045: null>
?[0m?[0;34m2023-03-31 16:06:00.429  WARN 29781 --- [nio-8080-exec-2] o.h.e.loading.internal.LoadContexts      : HHH000100: Fail-safe cleanup (collections) : org.hibernate.engine.loading.internal.CollectionLoadContext@7273f8ba<rs=HikariProxyResultSet@1601298704 wrapping rs2141: null>
?[0m?[0;34m2023-03-31 16:06:00.429  WARN 29781 --- [nio-8080-exec-2] o.h.e.loading.internal.LoadContexts      : HHH000100: Fail-safe cleanup (collections) : org.hibernate.engine.loading.internal.CollectionLoadContext@3cc557b4<rs=HikariProxyResultSet@824754069 wrapping rs1812: null>
?[0m?[0;34m2023-03-31 16:06:00.429  WARN 29781 --- [nio-8080-exec-2] o.h.e.loading.internal.LoadContexts      : HHH000100: Fail-safe cleanup (collections) : org.hibernate.engine.loading.internal.CollectionLoadContext@2be90373<rs=HikariProxyResultSet@1048420245 wrapping rs1888: null>
?[0m?[0;34m2023-03-31 16:06:00.429  WARN 29781 --- [nio-8080-exec-2] o.h.e.loading.internal.LoadContexts      : HHH000100: Fail-safe cleanup (collections) : org.hibernate.engine.loading.internal.CollectionLoadContext@4cbf6015<rs=HikariProxyResultSet@1989602197 wrapping rs2131: null>
?[0m?[0;34m2023-03-31 16:06:00.429  WARN 29781 --- [nio-8080-exec-2] o.h.e.loading.internal.LoadContexts      : HHH000100: Fail-safe cleanup (collections) : org.hibernate.engine.loading.internal.CollectionLoadContext@2164e710<rs=HikariProxyResultSet@1226576152 wrapping rs1895: null>
?[0m?[0;34m2023-03-31 16:06:00.429  WARN 29781 --- [nio-8080-exec-2] o.h.e.loading.internal.LoadContexts      : HHH000100: Fail-safe cleanup (collections) : org.hibernate.engine.loading.internal.CollectionLoadContext@378a7c7f<rs=HikariProxyResultSet@725616025 wrapping rs2161: null>
?[0m?[0;34m2023-03-31 16:06:00.429  WARN 29781 --- [nio-8080-exec-2] o.h.e.loading.internal.LoadContexts      : HHH000100: Fail-safe cleanup (collections) : org.hibernate.engine.loading.internal.CollectionLoadContext@541b1366<rs=HikariProxyResultSet@792475549 wrapping rs1883: null>
?[0m?[0;34m2023-03-31 16:06:00.430  WARN 29781 --- [nio-8080-exec-2] o.h.e.loading.internal.LoadContexts      : HHH000100: Fail-safe cleanup (collections) : org.hibernate.engine.loading.internal.CollectionLoadContext@63936e38<rs=HikariProxyResultSet@1345480605 wrapping rs1911: null>
?[0m?[0;34m2023-03-31 16:06:00.430  WARN 29781 --- [nio-8080-exec-2] o.h.e.loading.internal.LoadContexts      : HHH000100: Fail-safe cleanup (collections) : org.hibernate.engine.loading.internal.CollectionLoadContext@6549593d<rs=HikariProxyResultSet@1739376799 wrapping rs1695: null>
?[0m?[0;34m2023-03-31 16:06:00.430  WARN 29781 --- [nio-8080-exec-2] o.h.e.loading.internal.LoadContexts      : HHH000100: Fail-safe cleanup (collections) : org.hibernate.engine.loading.internal.CollectionLoadContext@144a86f<rs=HikariProxyResultSet@1020523679 wrapping rs1723: null>
?[0m?[0;34m2023-03-31 16:06:00.430  WARN 29781 --- [nio-8080-exec-2] o.h.e.loading.internal.LoadContexts      : HHH000100: Fail-safe cleanup (collections) : org.hibernate.engine.loading.internal.CollectionLoadContext@d481b02<rs=HikariProxyResultSet@1935019425 wrapping rs1705: null>
?[0m?[0;34m2023-03-31 16:06:00.430  WARN 29781 --- [nio-8080-exec-2] o.h.e.loading.internal.LoadContexts      : HHH000100: Fail-safe cleanup (collections) : org.hibernate.engine.loading.internal.CollectionLoadContext@7552563d<rs=HikariProxyResultSet@139743391 wrapping rs1846: null>
?[0m?[0;34m2023-03-31 16:06:00.430  WARN 29781 --- [nio-8080-exec-2] o.h.e.loading.internal.LoadContexts      : HHH000100: Fail-safe cleanup (collections) : org.hibernate.engine.loading.internal.CollectionLoadContext@5a7d791b<rs=HikariProxyResultSet@1430689056 wrapping rs1990: null>
?[0m?[0;34m2023-03-31 16:06:00.430  WARN 29781 --- [nio-8080-exec-2] o.h.e.loading.internal.LoadContexts      : HHH000100: Fail-safe cleanup (collections) : org.hibernate.engine.loading.internal.CollectionLoadContext@7edea5eb<rs=HikariProxyResultSet@1819381032 wrapping rs1941: null>
?[0m?[0;34m2023-03-31 16:06:00.430  WARN 29781 --- [nio-8080-exec-2] o.h.e.loading.internal.LoadContexts      : HHH000100: Fail-safe cleanup (collections) : org.hibernate.engine.loading.internal.CollectionLoadContext@33032139<rs=HikariProxyResultSet@1680873897 wrapping rs2212: null>
?[0m?[0;34m2023-03-31 16:06:00.430  WARN 29781 --- [nio-8080-exec-2] o.h.e.loading.internal.LoadContexts      : HHH000100: Fail-safe cleanup (collections) : org.hibernate.engine.loading.internal.CollectionLoadContext@54876ada<rs=HikariProxyResultSet@852404778 wrapping rs1693: null>
?[0m?[0;34m2023-03-31 16:06:00.430  WARN 29781 --- [nio-8080-exec-2] o.h.e.loading.internal.LoadContexts      : HHH000100: Fail-safe cleanup (collections) : org.hibernate.engine.loading.internal.CollectionLoadContext@658364f0<rs=HikariProxyResultSet@1167812654 wrapping rs1728: null>
?[0m?[0;34m2023-03-31 16:06:00.430  WARN 29781 --- [nio-8080-exec-2] o.h.e.loading.internal.LoadContexts      : HHH000100: Fail-safe cleanup (collections) : org.hibernate.engine.loading.internal.CollectionLoadContext@6e796456<rs=HikariProxyResultSet@1783683376 wrapping rs1850: null>
?[0m?[0;34m2023-03-31 16:06:00.430  WARN 29781 --- [nio-8080-exec-2] o.h.e.loading.internal.LoadContexts      : HHH000100: Fail-safe cleanup (collections) : org.hibernate.engine.loading.internal.CollectionLoadContext@44d98a49<rs=HikariProxyResultSet@935801265 wrapping rs1730: null>
?[0m?[0;34m2023-03-31 16:06:00.430  WARN 29781 --- [nio-8080-exec-2] o.h.e.loading.internal.LoadContexts      : HHH000100: Fail-safe cleanup (collections) : org.hibernate.engine.loading.internal.CollectionLoadContext@2be7f9b2<rs=HikariProxyResultSet@1970711985 wrapping rs1877: null>
?[0m?[0;34m2023-03-31 16:06:00.430  WARN 29781 --- [nio-8080-exec-2] o.h.e.loading.internal.LoadContexts      : HHH000100: Fail-safe cleanup (collections) : org.hibernate.engine.loading.internal.CollectionLoadContext@553dbcda<rs=HikariProxyResultSet@1101344951 wrapping rs1760: null>
?[0m?[0;34m2023-03-31 16:06:00.430  WARN 29781 --- [nio-8080-exec-2] o.h.e.loading.internal.LoadContexts      : HHH000100: Fail-safe cleanup (collections) : org.hibernate.engine.loading.internal.CollectionLoadContext@70c339ff<rs=HikariProxyResultSet@136965690 wrapping rs1956: null>
?[0m?[0;34m2023-03-31 16:06:00.430  WARN 29781 --- [nio-8080-exec-2] o.h.e.loading.internal.LoadContexts      : HHH000100: Fail-safe cleanup (collections) : org.hibernate.engine.loading.internal.CollectionLoadContext@78406e6c<rs=HikariProxyResultSet@219302716 wrapping rs1697: null>
?[0m?[0;34m2023-03-31 16:06:00.430  WARN 29781 --- [nio-8080-exec-2] o.h.e.loading.internal.LoadContexts      : HHH000100: Fail-safe cleanup (collections) : org.hibernate.engine.loading.internal.CollectionLoadContext@6c7e32bf<rs=HikariProxyResultSet@89788349 wrapping rs2112: null>
?[0m?[0;34m2023-03-31 16:06:00.430  WARN 29781 --- [nio-8080-exec-2] o.h.e.loading.internal.LoadContexts      : HHH000100: Fail-safe cleanup (collections) : org.hibernate.engine.loading.internal.CollectionLoadContext@541d9886<rs=HikariProxyResultSet@1334887744 wrapping rs2191: null>
?[0m?[0;34m2023-03-31 16:06:00.430  WARN 29781 --- [nio-8080-exec-2] o.h.e.loading.internal.LoadContexts      : HHH000100: Fail-safe cleanup (collections) : org.hibernate.engine.loading.internal.CollectionLoadContext@3df85f3b<rs=HikariProxyResultSet@97034818 wrapping rs2035: null>
?[0m?[0;34m2023-03-31 16:06:00.430  WARN 29781 --- [nio-8080-exec-2] o.h.e.loading.internal.LoadContexts      : HHH000100: Fail-safe cleanup (collections) : org.hibernate.engine.loading.internal.CollectionLoadContext@463075e6<rs=HikariProxyResultSet@567628483 wrapping rs2009: null>
?[0m?[0;34m2023-03-31 16:06:00.430  WARN 29781 --- [nio-8080-exec-2] o.h.e.loading.internal.LoadContexts      : HHH000100: Fail-safe cleanup (collections) : org.hibernate.engine.loading.internal.CollectionLoadContext@5bc65c55<rs=HikariProxyResultSet@960474569 wrapping rs2148: null>
?[0m?[0;34m2023-03-31 16:06:00.430  WARN 29781 --- [nio-8080-exec-2] o.h.e.loading.internal.LoadContexts      : HHH000100: Fail-safe cleanup (collections) : org.hibernate.engine.loading.internal.CollectionLoadContext@63a72603<rs=HikariProxyResultSet@396933964 wrapping rs1715: null>
?[0m?[0;34m2023-03-31 16:06:00.430  WARN 29781 --- [nio-8080-exec-2] o.h.e.loading.internal.LoadContexts      : HHH000100: Fail-safe cleanup (collections) : org.hibernate.engine.loading.internal.CollectionLoadContext@1cd9bccb<rs=HikariProxyResultSet@432985424 wrapping rs1915: null>
?[0m?[0;34m2023-03-31 16:06:00.430  WARN 29781 --- [nio-8080-exec-2] o.h.e.loading.internal.LoadContexts      : HHH000100: Fail-safe cleanup (collections) : org.hibernate.engine.loading.internal.CollectionLoadContext@598375f3<rs=HikariProxyResultSet@1641758161 wrapping rs2034: null>
?[0m?[0;34m2023-03-31 16:06:00.430  WARN 29781 --- [nio-8080-exec-2] o.h.e.loading.internal.LoadContexts      : HHH000100: Fail-safe cleanup (collections) : org.hibernate.engine.loading.internal.CollectionLoadContext@30ceae62<rs=HikariProxyResultSet@1466199634 wrapping rs1848: null>
?[0m?[0;34m2023-03-31 16:06:00.430  WARN 29781 --- [nio-8080-exec-2] o.h.e.loading.internal.LoadContexts      : HHH000100: Fail-safe cleanup (collections) : org.hibernate.engine.loading.internal.CollectionLoadContext@6a830146<rs=HikariProxyResultSet@598474580 wrapping rs2060: null>
?[0m?[0;34m2023-03-31 16:06:00.430  WARN 29781 --- [nio-8080-exec-2] o.h.e.loading.internal.LoadContexts      : HHH000100: Fail-safe cleanup (collections) : org.hibernate.engine.loading.internal.CollectionLoadContext@3bedc739<rs=HikariProxyResultSet@1533658069 wrapping rs1839: null>
?[0m?[0;34m2023-03-31 16:06:00.430  WARN 29781 --- [nio-8080-exec-2] o.h.e.loading.internal.LoadContexts      : HHH000100: Fail-safe cleanup (collections) : org.hibernate.engine.loading.internal.CollectionLoadContext@7983115a<rs=HikariProxyResultSet@798976215 wrapping rs1801: null>
?[0m?[0;34m2023-03-31 16:06:00.430  WARN 29781 --- [nio-8080-exec-2] o.h.e.loading.internal.LoadContexts      : HHH000100: Fail-safe cleanup (collections) : org.hibernate.engine.loading.internal.CollectionLoadContext@3c7b0db6<rs=HikariProxyResultSet@1943815383 wrapping rs1837: null>
?[0m?[0;34m2023-03-31 16:06:00.430  WARN 29781 --- [nio-8080-exec-2] o.h.e.loading.internal.LoadContexts      : HHH000100: Fail-safe cleanup (collections) : org.hibernate.engine.loading.internal.CollectionLoadContext@4e00a24e<rs=HikariProxyResultSet@807909849 wrapping rs2072: null>
?[0m?[0;34m2023-03-31 16:06:00.430  WARN 29781 --- [nio-8080-exec-2] o.h.e.loading.internal.LoadContexts      : HHH000100: Fail-safe cleanup (collections) : org.hibernate.engine.loading.internal.CollectionLoadContext@1b0170b8<rs=HikariProxyResultSet@25274970 wrapping rs2068: null>
?[0m?[0;34m2023-03-31 16:06:00.430  WARN 29781 --- [nio-8080-exec-2] o.h.e.loading.internal.LoadContexts      : HHH000100: Fail-safe cleanup (collections) : org.hibernate.engine.loading.internal.CollectionLoadContext@7ae9ab43<rs=HikariProxyResultSet@1603831644 wrapping rs2086: null>
?[0m?[0;34m2023-03-31 16:06:00.430  WARN 29781 --- [nio-8080-exec-2] o.h.e.loading.internal.LoadContexts      : HHH000100: Fail-safe cleanup (collections) : org.hibernate.engine.loading.internal.CollectionLoadContext@1e9b0f15<rs=HikariProxyResultSet@1308551262 wrapping rs1757: null>
?[0m?[0;34m2023-03-31 16:06:00.430  WARN 29781 --- [nio-8080-exec-2] o.h.e.loading.internal.LoadContexts      : HHH000100: Fail-safe cleanup (collections) : org.hibernate.engine.loading.internal.CollectionLoadContext@55c2cc5a<rs=HikariProxyResultSet@795081951 wrapping rs1700: null>
?[0m?[0;34m2023-03-31 16:06:00.430  WARN 29781 --- [nio-8080-exec-2] o.h.e.loading.internal.LoadContexts      : HHH000100: Fail-safe cleanup (collections) : org.hibernate.engine.loading.internal.CollectionLoadContext@45d6f2ea<rs=HikariProxyResultSet@1657669218 wrapping rs1858: null>
?[0m?[0;34m2023-03-31 16:06:00.430  WARN 29781 --- [nio-8080-exec-2] o.h.e.loading.internal.LoadContexts      : HHH000100: Fail-safe cleanup (collections) : org.hibernate.engine.loading.internal.CollectionLoadContext@7252eaa0<rs=HikariProxyResultSet@472767203 wrapping rs2088: null>
?[0m?[0;34m2023-03-31 16:06:00.430  WARN 29781 --- [nio-8080-exec-2] o.h.e.loading.internal.LoadContexts      : HHH000100: Fail-safe cleanup (collections) : org.hibernate.engine.loading.internal.CollectionLoadContext@3477b058<rs=HikariProxyResultSet@127525353 wrapping rs1857: null>
?[0m?[0;34m2023-03-31 16:06:00.430  WARN 29781 --- [nio-8080-exec-2] o.h.e.loading.internal.LoadContexts      : HHH000100: Fail-safe cleanup (collections) : org.hibernate.engine.loading.internal.CollectionLoadContext@77940a90<rs=HikariProxyResultSet@631027306 wrapping rs1924: null>
?[0m?[0;34m2023-03-31 16:06:00.430  WARN 29781 --- [nio-8080-exec-2] o.h.e.loading.internal.LoadContexts      : HHH000100: Fail-safe cleanup (collections) : org.hibernate.engine.loading.internal.CollectionLoadContext@5a7e72a<rs=HikariProxyResultSet@603881961 wrapping rs2223: null>
?[0m?[0;34m2023-03-31 16:06:00.430  WARN 29781 --- [nio-8080-exec-2] o.h.e.loading.internal.LoadContexts      : HHH000100: Fail-safe cleanup (collections) : org.hibernate.engine.loading.internal.CollectionLoadContext@60c50ad4<rs=HikariProxyResultSet@377029613 wrapping rs1684: null>
?[0m?[0;34m2023-03-31 16:06:00.430  WARN 29781 --- [nio-8080-exec-2] o.h.e.loading.internal.LoadContexts      : HHH000100: Fail-safe cleanup (collections) : org.hibernate.engine.loading.internal.CollectionLoadContext@69b983e4<rs=HikariProxyResultSet@991839471 wrapping rs2176: null>
?[0m?[0;34m2023-03-31 16:06:00.430  WARN 29781 --- [nio-8080-exec-2] o.h.e.loading.internal.LoadContexts      : HHH000100: Fail-safe cleanup (collections) : org.hibernate.engine.loading.internal.CollectionLoadContext@3eaed4c9<rs=HikariProxyResultSet@1441006194 wrapping rs1712: null>
?[0m?[0;34m2023-03-31 16:06:00.430  WARN 29781 --- [nio-8080-exec-2] o.h.e.loading.internal.LoadContexts      : HHH000100: Fail-safe cleanup (collections) : org.hibernate.engine.loading.internal.CollectionLoadContext@40afa81<rs=HikariProxyResultSet@2130594547 wrapping rs1767: null>
?[0m?[0;34m2023-03-31 16:06:00.430  WARN 29781 --- [nio-8080-exec-2] o.h.e.loading.internal.LoadContexts      : HHH000100: Fail-safe cleanup (collections) : org.hibernate.engine.loading.internal.CollectionLoadContext@4cd1c37e<rs=HikariProxyResultSet@722094069 wrapping rs1856: null>
?[0m?[0;34m2023-03-31 16:06:00.430  WARN 29781 --- [nio-8080-exec-2] o.h.e.loading.internal.LoadContexts      : HHH000100: Fail-safe cleanup (collections) : org.hibernate.engine.loading.internal.CollectionLoadContext@6952cfa3<rs=HikariProxyResultSet@2091532406 wrapping rs1920: null>
?[0m?[0;34m2023-03-31 16:06:00.430  WARN 29781 --- [nio-8080-exec-2] o.h.e.loading.internal.LoadContexts      : HHH000100: Fail-safe cleanup (collections) : org.hibernate.engine.loading.internal.CollectionLoadContext@211256dc<rs=HikariProxyResultSet@256148727 wrapping rs1797: null>
?[0m?[0;34m2023-03-31 16:06:00.430  WARN 29781 --- [nio-8080-exec-2] o.h.e.loading.internal.LoadContexts      : HHH000100: Fail-safe cleanup (collections) : org.hibernate.engine.loading.internal.CollectionLoadContext@729f7e8d<rs=HikariProxyResultSet@1420959096 wrapping rs1763: null>
?[0m?[0;34m2023-03-31 16:06:00.430  WARN 29781 --- [nio-8080-exec-2] o.h.e.loading.internal.LoadContexts      : HHH000100: Fail-safe cleanup (collections) : org.hibernate.engine.loading.internal.CollectionLoadContext@30978993<rs=HikariProxyResultSet@651212152 wrapping rs2126: null>
?[0m?[0;34m2023-03-31 16:06:00.430  WARN 29781 --- [nio-8080-exec-2] o.h.e.loading.internal.LoadContexts      : HHH000100: Fail-safe cleanup (collections) : org.hibernate.engine.loading.internal.CollectionLoadContext@4f4767f5<rs=HikariProxyResultSet@338866423 wrapping rs2147: null>
?[0m?[0;34m2023-03-31 16:06:00.430  WARN 29781 --- [nio-8080-exec-2] o.h.e.loading.internal.LoadContexts      : HHH000100: Fail-safe cleanup (collections) : org.hibernate.engine.loading.internal.CollectionLoadContext@7c507c77<rs=HikariProxyResultSet@1132962684 wrapping rs1966: null>
?[0m?[0;34m2023-03-31 16:06:00.430  WARN 29781 --- [nio-8080-exec-2] o.h.e.loading.internal.LoadContexts      : HHH000100: Fail-safe cleanup (collections) : org.hibernate.engine.loading.internal.CollectionLoadContext@75b21e66<rs=HikariProxyResultSet@402896893 wrapping rs2096: null>
?[0m?[0;34m2023-03-31 16:06:00.430  WARN 29781 --- [nio-8080-exec-2] o.h.e.loading.internal.LoadContexts      : HHH000100: Fail-safe cleanup (collections) : org.hibernate.engine.loading.internal.CollectionLoadContext@7965da52<rs=HikariProxyResultSet@1600852094 wrapping rs1913: null>
?[0m?[0;34m2023-03-31 16:06:00.430  WARN 29781 --- [nio-8080-exec-2] o.h.e.loading.internal.LoadContexts      : HHH000100: Fail-safe cleanup (collections) : org.hibernate.engine.loading.internal.CollectionLoadContext@d696244<rs=HikariProxyResultSet@1323045377 wrapping rs1761: null>
?[0m?[0;34m2023-03-31 16:06:00.430  WARN 29781 --- [nio-8080-exec-2] o.h.e.loading.internal.LoadContexts      : HHH000100: Fail-safe cleanup (collections) : org.hibernate.engine.loading.internal.CollectionLoadContext@72a5145a<rs=HikariProxyResultSet@170104321 wrapping rs1880: null>
?[0m?[0;34m2023-03-31 16:06:00.430  WARN 29781 --- [nio-8080-exec-2] o.h.e.loading.internal.LoadContexts      : HHH000100: Fail-safe cleanup (collections) : org.hibernate.engine.loading.internal.CollectionLoadContext@17017546<rs=HikariProxyResultSet@1228707587 wrapping rs1953: null>
?[0m?[0;34m2023-03-31 16:06:00.430  WARN 29781 --- [nio-8080-exec-2] o.h.e.loading.internal.LoadContexts      : HHH000100: Fail-safe cleanup (collections) : org.hibernate.engine.loading.internal.CollectionLoadContext@40e19abe<rs=HikariProxyResultSet@2079524611 wrapping rs2075: null>
?[0m?[0;34m2023-03-31 16:06:00.430  WARN 29781 --- [nio-8080-exec-2] o.h.e.loading.internal.LoadContexts      : HHH000100: Fail-safe cleanup (collections) : org.hibernate.engine.loading.internal.CollectionLoadContext@6dcbba4<rs=HikariProxyResultSet@1225598981 wrapping rs1865: null>
?[0m?[0;34m2023-03-31 16:06:00.430  WARN 29781 --- [nio-8080-exec-2] o.h.e.loading.internal.LoadContexts      : HHH000100: Fail-safe cleanup (collections) : org.hibernate.engine.loading.internal.CollectionLoadContext@5c8168e1<rs=HikariProxyResultSet@936343170 wrapping rs2133: null>
?[0m?[0;34m2023-03-31 16:06:00.430  WARN 29781 --- [nio-8080-exec-2] o.h.e.loading.internal.LoadContexts      : HHH000100: Fail-safe cleanup (collections) : org.hibernate.engine.loading.internal.CollectionLoadContext@40b69d72<rs=HikariProxyResultSet@188894471 wrapping rs1753: null>
?[0m?[0;34m2023-03-31 16:06:00.430  WARN 29781 --- [nio-8080-exec-2] o.h.e.loading.internal.LoadContexts      : HHH000100: Fail-safe cleanup (collections) : org.hibernate.engine.loading.internal.CollectionLoadContext@c4ecbb0<rs=HikariProxyResultSet@1082120584 wrapping rs1973: null>
?[0m?[0;34m2023-03-31 16:06:00.430  WARN 29781 --- [nio-8080-exec-2] o.h.e.loading.internal.LoadContexts      : HHH000100: Fail-safe cleanup (collections) : org.hibernate.engine.loading.internal.CollectionLoadContext@6f2c4006<rs=HikariProxyResultSet@320288523 wrapping rs1774: null>
?[0m?[0;34m2023-03-31 16:06:00.430  WARN 29781 --- [nio-8080-exec-2] o.h.e.loading.internal.LoadContexts      : HHH000100: Fail-safe cleanup (collections) : org.hibernate.engine.loading.internal.CollectionLoadContext@383dfb62<rs=HikariProxyResultSet@770108687 wrapping rs2116: null>
?[0m?[0;34m2023-03-31 16:06:00.430  WARN 29781 --- [nio-8080-exec-2] o.h.e.loading.internal.LoadContexts      : HHH000100: Fail-safe cleanup (collections) : org.hibernate.engine.loading.internal.CollectionLoadContext@4c94ac1a<rs=HikariProxyResultSet@1559699856 wrapping rs2123: null>
?[0m?[0;34m2023-03-31 16:06:00.430  WARN 29781 --- [nio-8080-exec-2] o.h.e.loading.internal.LoadContexts      : HHH000100: Fail-safe cleanup (collections) : org.hibernate.engine.loading.internal.CollectionLoadContext@367ded73<rs=HikariProxyResultSet@974296722 wrapping rs1901: null>
?[0m?[0;34m2023-03-31 16:06:00.430  WARN 29781 --- [nio-8080-exec-2] o.h.e.loading.internal.LoadContexts      : HHH000100: Fail-safe cleanup (collections) : org.hibernate.engine.loading.internal.CollectionLoadContext@3bdcb7ca<rs=HikariProxyResultSet@153442067 wrapping rs1794: null>
?[0m?[0;34m2023-03-31 16:06:00.430  WARN 29781 --- [nio-8080-exec-2] o.h.e.loading.internal.LoadContexts      : HHH000100: Fail-safe cleanup (collections) : org.hibernate.engine.loading.internal.CollectionLoadContext@6cedad38<rs=HikariProxyResultSet@290277526 wrapping rs1884: null>
?[0m?[0;34m2023-03-31 16:06:00.430  WARN 29781 --- [nio-8080-exec-2] o.h.e.loading.internal.LoadContexts      : HHH000100: Fail-safe cleanup (collections) : org.hibernate.engine.loading.internal.CollectionLoadContext@57028c3<rs=HikariProxyResultSet@1956989207 wrapping rs1771: null>
?[0m?[0;34m2023-03-31 16:06:00.430  WARN 29781 --- [nio-8080-exec-2] o.h.e.loading.internal.LoadContexts      : HHH000100: Fail-safe cleanup (collections) : org.hibernate.engine.loading.internal.CollectionLoadContext@5cbf4b6b<rs=HikariProxyResultSet@1784567192 wrapping rs1818: null>
?[0m?[0;34m2023-03-31 16:06:00.430  WARN 29781 --- [nio-8080-exec-2] o.h.e.loading.internal.LoadContexts      : HHH000100: Fail-safe cleanup (collections) : org.hibernate.engine.loading.internal.CollectionLoadContext@283d5d1<rs=HikariProxyResultSet@1192509082 wrapping rs1945: null>
?[0m?[0;34m2023-03-31 16:06:00.430  WARN 29781 --- [nio-8080-exec-2] o.h.e.loading.internal.LoadContexts      : HHH000100: Fail-safe cleanup (collections) : org.hibernate.engine.loading.internal.CollectionLoadContext@3062cd4<rs=HikariProxyResultSet@1536639900 wrapping rs2023: null>
?[0m?[0;34m2023-03-31 16:06:00.430  WARN 29781 --- [nio-8080-exec-2] o.h.e.loading.internal.LoadContexts      : HHH000100: Fail-safe cleanup (collections) : org.hibernate.engine.loading.internal.CollectionLoadContext@7b43a47<rs=HikariProxyResultSet@965347357 wrapping rs1926: null>
?[0m?[0;34m2023-03-31 16:06:00.430  WARN 29781 --- [nio-8080-exec-2] o.h.e.loading.internal.LoadContexts      : HHH000100: Fail-safe cleanup (collections) : org.hibernate.engine.loading.internal.CollectionLoadContext@2176cdc9<rs=HikariProxyResultSet@1341118622 wrapping rs1813: null>
?[0m?[0;34m2023-03-31 16:06:00.430  WARN 29781 --- [nio-8080-exec-2] o.h.e.loading.internal.LoadContexts      : HHH000100: Fail-safe cleanup (collections) : org.hibernate.engine.loading.internal.CollectionLoadContext@3dc7b96b<rs=HikariProxyResultSet@805016476 wrapping rs2078: null>
?[0m?[0;34m2023-03-31 16:06:00.430  WARN 29781 --- [nio-8080-exec-2] o.h.e.loading.internal.LoadContexts      : HHH000100: Fail-safe cleanup (collections) : org.hibernate.engine.loading.internal.CollectionLoadContext@f15428b<rs=HikariProxyResultSet@952176927 wrapping rs2216: null>
?[0m?[0;34m2023-03-31 16:06:00.430  WARN 29781 --- [nio-8080-exec-2] o.h.e.loading.internal.LoadContexts      : HHH000100: Fail-safe cleanup (collections) : org.hibernate.engine.loading.internal.CollectionLoadContext@29d5272c<rs=HikariProxyResultSet@46364709 wrapping rs2005: null>
?[0m?[0;34m2023-03-31 16:06:00.430  WARN 29781 --- [nio-8080-exec-2] o.h.e.loading.internal.LoadContexts      : HHH000100: Fail-safe cleanup (collections) : org.hibernate.engine.loading.internal.CollectionLoadContext@3e5aaf5a<rs=HikariProxyResultSet@331536679 wrapping rs1916: null>
?[0m?[0;34m2023-03-31 16:06:00.430  WARN 29781 --- [nio-8080-exec-2] o.h.e.loading.internal.LoadContexts      : HHH000100: Fail-safe cleanup (collections) : org.hibernate.engine.loading.internal.CollectionLoadContext@3ed6451b<rs=HikariProxyResultSet@701560232 wrapping rs1735: null>
?[0m?[0;34m2023-03-31 16:06:00.430  WARN 29781 --- [nio-8080-exec-2] o.h.e.loading.internal.LoadContexts      : HHH000100: Fail-safe cleanup (collections) : org.hibernate.engine.loading.internal.CollectionLoadContext@1b724950<rs=HikariProxyResultSet@702979496 wrapping rs2091: null>
?[0m?[0;34m2023-03-31 16:06:00.430  WARN 29781 --- [nio-8080-exec-2] o.h.e.loading.internal.LoadContexts      : HHH000100: Fail-safe cleanup (collections) : org.hibernate.engine.loading.internal.CollectionLoadContext@1b9ee155<rs=HikariProxyResultSet@1384236972 wrapping rs2076: null>
?[0m?[0;34m2023-03-31 16:06:00.431  WARN 29781 --- [nio-8080-exec-2] o.h.e.loading.internal.LoadContexts      : HHH000100: Fail-safe cleanup (collections) : org.hibernate.engine.loading.internal.CollectionLoadContext@7055bd03<rs=HikariProxyResultSet@1954993076 wrapping rs1974: null>
?[0m?[0;34m2023-03-31 16:06:00.431  WARN 29781 --- [nio-8080-exec-2] o.h.e.loading.internal.LoadContexts      : HHH000100: Fail-safe cleanup (collections) : org.hibernate.engine.loading.internal.CollectionLoadContext@7ca7c08f<rs=HikariProxyResultSet@1800833077 wrapping rs1748: null>
?[0m?[0;34m2023-03-31 16:06:00.431  WARN 29781 --- [nio-8080-exec-2] o.h.e.loading.internal.LoadContexts      : HHH000100: Fail-safe cleanup (collections) : org.hibernate.engine.loading.internal.CollectionLoadContext@75162e82<rs=HikariProxyResultSet@768539572 wrapping rs1982: null>
?[0m?[0;34m2023-03-31 16:06:00.431  WARN 29781 --- [nio-8080-exec-2] o.h.e.loading.internal.LoadContexts      : HHH000100: Fail-safe cleanup (collections) : org.hibernate.engine.loading.internal.CollectionLoadContext@196efd3c<rs=HikariProxyResultSet@1986960953 wrapping rs1692: null>
?[0m?[0;34m2023-03-31 16:06:00.431  WARN 29781 --- [nio-8080-exec-2] o.h.e.loading.internal.LoadContexts      : HHH000100: Fail-safe cleanup (collections) : org.hibernate.engine.loading.internal.CollectionLoadContext@448ef6b7<rs=HikariProxyResultSet@1504488251 wrapping rs1790: null>
?[0m?[0;34m2023-03-31 16:06:00.431  WARN 29781 --- [nio-8080-exec-2] o.h.e.loading.internal.LoadContexts      : HHH000100: Fail-safe cleanup (collections) : org.hibernate.engine.loading.internal.CollectionLoadContext@6eff511<rs=HikariProxyResultSet@1771951036 wrapping rs1864: null>
?[0m?[0;34m2023-03-31 16:06:00.431  WARN 29781 --- [nio-8080-exec-2] o.h.e.loading.internal.LoadContexts      : HHH000100: Fail-safe cleanup (collections) : org.hibernate.engine.loading.internal.CollectionLoadContext@4249a970<rs=HikariProxyResultSet@934617020 wrapping rs2233: null>
?[0m?[0;34m2023-03-31 16:06:00.431  WARN 29781 --- [nio-8080-exec-2] o.h.e.loading.internal.LoadContexts      : HHH000100: Fail-safe cleanup (collections) : org.hibernate.engine.loading.internal.CollectionLoadContext@2c202b18<rs=HikariProxyResultSet@1091053887 wrapping rs2071: null>
?[0m?[0;34m2023-03-31 16:06:00.431  WARN 29781 --- [nio-8080-exec-2] o.h.e.loading.internal.LoadContexts      : HHH000100: Fail-safe cleanup (collections) : org.hibernate.engine.loading.internal.CollectionLoadContext@1fa85b65<rs=HikariProxyResultSet@1556233793 wrapping rs2044: null>
?[0m?[0;34m2023-03-31 16:06:00.431  WARN 29781 --- [nio-8080-exec-2] o.h.e.loading.internal.LoadContexts      : HHH000100: Fail-safe cleanup (collections) : org.hibernate.engine.loading.internal.CollectionLoadContext@669672fc<rs=HikariProxyResultSet@67720519 wrapping rs1802: null>
?[0m?[0;34m2023-03-31 16:06:00.431  WARN 29781 --- [nio-8080-exec-2] o.h.e.loading.internal.LoadContexts      : HHH000100: Fail-safe cleanup (collections) : org.hibernate.engine.loading.internal.CollectionLoadContext@691b4577<rs=HikariProxyResultSet@117850060 wrapping rs2006: null>
?[0m?[0;34m2023-03-31 16:06:00.431  WARN 29781 --- [nio-8080-exec-2] o.h.e.loading.internal.LoadContexts      : HHH000100: Fail-safe cleanup (collections) : org.hibernate.engine.loading.internal.CollectionLoadContext@444edba7<rs=HikariProxyResultSet@783664076 wrapping rs2015: null>
?[0m?[0;34m2023-03-31 16:06:00.431  WARN 29781 --- [nio-8080-exec-2] o.h.e.loading.internal.LoadContexts      : HHH000100: Fail-safe cleanup (collections) : org.hibernate.engine.loading.internal.CollectionLoadContext@19e0d338<rs=HikariProxyResultSet@2098546894 wrapping rs1720: null>
?[0m?[0;34m2023-03-31 16:06:00.431  WARN 29781 --- [nio-8080-exec-2] o.h.e.loading.internal.LoadContexts      : HHH000100: Fail-safe cleanup (collections) : org.hibernate.engine.loading.internal.CollectionLoadContext@4cb4536a<rs=HikariProxyResultSet@1052687566 wrapping rs2179: null>
?[0m?[0;34m2023-03-31 16:06:00.431  WARN 29781 --- [nio-8080-exec-2] o.h.e.loading.internal.LoadContexts      : HHH000100: Fail-safe cleanup (collections) : org.hibernate.engine.loading.internal.CollectionLoadContext@7f378776<rs=HikariProxyResultSet@1156239824 wrapping rs1795: null>
?[0m?[0;34m2023-03-31 16:06:00.431  WARN 29781 --- [nio-8080-exec-2] o.h.e.loading.internal.LoadContexts      : HHH000100: Fail-safe cleanup (collections) : org.hibernate.engine.loading.internal.CollectionLoadContext@4d96f8d4<rs=HikariProxyResultSet@201616977 wrapping rs1922: null>
?[0m?[0;34m2023-03-31 16:06:00.431  WARN 29781 --- [nio-8080-exec-2] o.h.e.loading.internal.LoadContexts      : HHH000100: Fail-safe cleanup (collections) : org.hibernate.engine.loading.internal.CollectionLoadContext@52709b4d<rs=HikariProxyResultSet@414976722 wrapping rs1709: null>
?[0m?[0;34m2023-03-31 16:06:00.431  WARN 29781 --- [nio-8080-exec-2] o.h.e.loading.internal.LoadContexts      : HHH000100: Fail-safe cleanup (collections) : org.hibernate.engine.loading.internal.CollectionLoadContext@3c31ad6a<rs=HikariProxyResultSet@815033042 wrapping rs2217: null>
?[0m?[0;34m2023-03-31 16:06:00.431  WARN 29781 --- [nio-8080-exec-2] o.h.e.loading.internal.LoadContexts      : HHH000100: Fail-safe cleanup (collections) : org.hibernate.engine.loading.internal.CollectionLoadContext@7ffe81ad<rs=HikariProxyResultSet@214442964 wrapping rs1841: null>
?[0m?[0;34m2023-03-31 16:06:00.431  WARN 29781 --- [nio-8080-exec-2] o.h.e.loading.internal.LoadContexts      : HHH000100: Fail-safe cleanup (collections) : org.hibernate.engine.loading.internal.CollectionLoadContext@55486de<rs=HikariProxyResultSet@457441623 wrapping rs1769: null>
?[0m?[0;34m2023-03-31 16:06:00.431  WARN 29781 --- [nio-8080-exec-2] o.h.e.loading.internal.LoadContexts      : HHH000100: Fail-safe cleanup (collections) : org.hibernate.engine.loading.internal.CollectionLoadContext@53a8cfca<rs=HikariProxyResultSet@334485976 wrapping rs1849: null>
?[0m?[0;34m2023-03-31 16:06:00.431  WARN 29781 --- [nio-8080-exec-2] o.h.e.loading.internal.LoadContexts      : HHH000100: Fail-safe cleanup (collections) : org.hibernate.engine.loading.internal.CollectionLoadContext@62c37228<rs=HikariProxyResultSet@807380569 wrapping rs1962: null>
?[0m?[0;34m2023-03-31 16:06:00.431  WARN 29781 --- [nio-8080-exec-2] o.h.e.loading.internal.LoadContexts      : HHH000100: Fail-safe cleanup (collections) : org.hibernate.engine.loading.internal.CollectionLoadContext@69bb7434<rs=HikariProxyResultSet@1086774107 wrapping rs2186: null>
?[0m?[0;34m2023-03-31 16:06:00.431  WARN 29781 --- [nio-8080-exec-2] o.h.e.loading.internal.LoadContexts      : HHH000100: Fail-safe cleanup (collections) : org.hibernate.engine.loading.internal.CollectionLoadContext@48f86dab<rs=HikariProxyResultSet@1301203037 wrapping rs1691: null>
?[0m?[0;34m2023-03-31 16:06:00.431  WARN 29781 --- [nio-8080-exec-2] o.h.e.loading.internal.LoadContexts      : HHH000100: Fail-safe cleanup (collections) : org.hibernate.engine.loading.internal.CollectionLoadContext@5dbb2de1<rs=HikariProxyResultSet@169529437 wrapping rs1803: null>
?[0m?[0;34m2023-03-31 16:06:00.431  WARN 29781 --- [nio-8080-exec-2] o.h.e.loading.internal.LoadContexts      : HHH000100: Fail-safe cleanup (collections) : org.hibernate.engine.loading.internal.CollectionLoadContext@2410564c<rs=HikariProxyResultSet@710497631 wrapping rs1897: null>
?[0m?[0;34m2023-03-31 16:06:00.431  WARN 29781 --- [nio-8080-exec-2] o.h.e.loading.internal.LoadContexts      : HHH000100: Fail-safe cleanup (collections) : org.hibernate.engine.loading.internal.CollectionLoadContext@16b89c2e<rs=HikariProxyResultSet@1283071456 wrapping rs1703: null>
?[0m?[0;34m2023-03-31 16:06:00.431  WARN 29781 --- [nio-8080-exec-2] o.h.e.loading.internal.LoadContexts      : HHH000100: Fail-safe cleanup (collections) : org.hibernate.engine.loading.internal.CollectionLoadContext@1da62e67<rs=HikariProxyResultSet@828153312 wrapping rs2127: null>
?[0m?[0;34m2023-03-31 16:06:00.431  WARN 29781 --- [nio-8080-exec-2] o.h.e.loading.internal.LoadContexts      : HHH000100: Fail-safe cleanup (collections) : org.hibernate.engine.loading.internal.CollectionLoadContext@1976dc17<rs=HikariProxyResultSet@1396385506 wrapping rs1796: null>
?[0m?[0;34m2023-03-31 16:06:00.431  WARN 29781 --- [nio-8080-exec-2] o.h.e.loading.internal.LoadContexts      : HHH000100: Fail-safe cleanup (collections) : org.hibernate.engine.loading.internal.CollectionLoadContext@3f724b43<rs=HikariProxyResultSet@247331554 wrapping rs1919: null>
?[0m?[0;34m2023-03-31 16:06:00.431  WARN 29781 --- [nio-8080-exec-2] o.h.e.loading.internal.LoadContexts      : HHH000100: Fail-safe cleanup (collections) : org.hibernate.engine.loading.internal.CollectionLoadContext@6d79e96f<rs=HikariProxyResultSet@1931512288 wrapping rs2188: null>
?[0m?[0;34m2023-03-31 16:06:00.431  WARN 29781 --- [nio-8080-exec-2] o.h.e.loading.internal.LoadContexts      : HHH000100: Fail-safe cleanup (collections) : org.hibernate.engine.loading.internal.CollectionLoadContext@418037b1<rs=HikariProxyResultSet@735155293 wrapping rs2198: null>
?[0m?[0;34m2023-03-31 16:06:00.431  WARN 29781 --- [nio-8080-exec-2] o.h.e.loading.internal.LoadContexts      : HHH000100: Fail-safe cleanup (collections) : org.hibernate.engine.loading.internal.CollectionLoadContext@6eb9ddf2<rs=HikariProxyResultSet@678191334 wrapping rs1988: null>
?[0m?[0;34m2023-03-31 16:06:00.431  WARN 29781 --- [nio-8080-exec-2] o.h.e.loading.internal.LoadContexts      : HHH000100: Fail-safe cleanup (collections) : org.hibernate.engine.loading.internal.CollectionLoadContext@43bcab35<rs=HikariProxyResultSet@828372327 wrapping rs2160: null>
?[0m?[0;34m2023-03-31 16:06:00.431  WARN 29781 --- [nio-8080-exec-2] o.h.e.loading.internal.LoadContexts      : HHH000100: Fail-safe cleanup (collections) : org.hibernate.engine.loading.internal.CollectionLoadContext@61ac00bc<rs=HikariProxyResultSet@986839020 wrapping rs1711: null>
?[0m?[0;34m2023-03-31 16:06:00.431  WARN 29781 --- [nio-8080-exec-2] o.h.e.loading.internal.LoadContexts      : HHH000100: Fail-safe cleanup (collections) : org.hibernate.engine.loading.internal.CollectionLoadContext@21518e87<rs=HikariProxyResultSet@2016016364 wrapping rs1898: null>
?[0m?[0;34m2023-03-31 16:06:00.431  WARN 29781 --- [nio-8080-exec-2] o.h.e.loading.internal.LoadContexts      : HHH000100: Fail-safe cleanup (collections) : org.hibernate.engine.loading.internal.CollectionLoadContext@1a78112<rs=HikariProxyResultSet@1832450415 wrapping rs2062: null>
?[0m?[0;34m2023-03-31 16:06:00.431  WARN 29781 --- [nio-8080-exec-2] o.h.e.loading.internal.LoadContexts      : HHH000100: Fail-safe cleanup (collections) : org.hibernate.engine.loading.internal.CollectionLoadContext@27e46710<rs=HikariProxyResultSet@1158911472 wrapping rs1765: null>
?[0m?[0;34m2023-03-31 16:06:00.431  WARN 29781 --- [nio-8080-exec-2] o.h.e.loading.internal.LoadContexts      : HHH000100: Fail-safe cleanup (collections) : org.hibernate.engine.loading.internal.CollectionLoadContext@264c3ab0<rs=HikariProxyResultSet@247503473 wrapping rs1678: null>
?[0m?[0;34m2023-03-31 16:06:00.431  WARN 29781 --- [nio-8080-exec-2] o.h.e.loading.internal.LoadContexts      : HHH000100: Fail-safe cleanup (collections) : org.hibernate.engine.loading.internal.CollectionLoadContext@b44bd48<rs=HikariProxyResultSet@1945572977 wrapping rs1719: null>
?[0m?[0;34m2023-03-31 16:06:00.431  WARN 29781 --- [nio-8080-exec-2] o.h.e.loading.internal.LoadContexts      : HHH000100: Fail-safe cleanup (collections) : org.hibernate.engine.loading.internal.CollectionLoadContext@36d61223<rs=HikariProxyResultSet@993782772 wrapping rs1854: null>
?[0m?[0;34m2023-03-31 16:06:00.431  WARN 29781 --- [nio-8080-exec-2] o.h.e.loading.internal.LoadContexts      : HHH000100: Fail-safe cleanup (collections) : org.hibernate.engine.loading.internal.CollectionLoadContext@328e3f0e<rs=HikariProxyResultSet@1846114808 wrapping rs1733: null>
?[0m?[0;34m2023-03-31 16:06:00.431  WARN 29781 --- [nio-8080-exec-2] o.h.e.loading.internal.LoadContexts      : HHH000100: Fail-safe cleanup (collections) : org.hibernate.engine.loading.internal.CollectionLoadContext@75d01a55<rs=HikariProxyResultSet@921935352 wrapping rs2001: null>
?[0m?[0;34m2023-03-31 16:06:00.431  WARN 29781 --- [nio-8080-exec-2] o.h.e.loading.internal.LoadContexts      : HHH000100: Fail-safe cleanup (collections) : org.hibernate.engine.loading.internal.CollectionLoadContext@5bd0575a<rs=HikariProxyResultSet@1763745659 wrapping rs2042: null>
?[0m?[0;34m2023-03-31 16:06:00.431  WARN 29781 --- [nio-8080-exec-2] o.h.e.loading.internal.LoadContexts      : HHH000100: Fail-safe cleanup (collections) : org.hibernate.engine.loading.internal.CollectionLoadContext@5d911109<rs=HikariProxyResultSet@174618112 wrapping rs1845: null>
?[0m?[0;34m2023-03-31 16:06:00.431  WARN 29781 --- [nio-8080-exec-2] o.h.e.loading.internal.LoadContexts      : HHH000100: Fail-safe cleanup (collections) : org.hibernate.engine.loading.internal.CollectionLoadContext@1ea423fa<rs=HikariProxyResultSet@1682015744 wrapping rs1989: null>
?[0m?[0;34m2023-03-31 16:06:00.431  WARN 29781 --- [nio-8080-exec-2] o.h.e.loading.internal.LoadContexts      : HHH000100: Fail-safe cleanup (collections) : org.hibernate.engine.loading.internal.CollectionLoadContext@6bd390c9<rs=HikariProxyResultSet@90915586 wrapping rs1994: null>
?[0m?[0;34m2023-03-31 16:06:00.431  WARN 29781 --- [nio-8080-exec-2] o.h.e.loading.internal.LoadContexts      : HHH000100: Fail-safe cleanup (collections) : org.hibernate.engine.loading.internal.CollectionLoadContext@3260706e<rs=HikariProxyResultSet@971993987 wrapping rs1928: null>
?[0m?[0;34m2023-03-31 16:06:00.431  WARN 29781 --- [nio-8080-exec-2] o.h.e.loading.internal.LoadContexts      : HHH000100: Fail-safe cleanup (collections) : org.hibernate.engine.loading.internal.CollectionLoadContext@67ac2672<rs=HikariProxyResultSet@1217585664 wrapping rs2195: null>
?[0m?[0;34m2023-03-31 16:06:00.431  WARN 29781 --- [nio-8080-exec-2] o.h.e.loading.internal.LoadContexts      : HHH000100: Fail-safe cleanup (collections) : org.hibernate.engine.loading.internal.CollectionLoadContext@5828628e<rs=HikariProxyResultSet@1124011399 wrapping rs1698: null>
?[0m?[0;34m2023-03-31 16:06:00.431  WARN 29781 --- [nio-8080-exec-2] o.h.e.loading.internal.LoadContexts      : HHH000100: Fail-safe cleanup (collections) : org.hibernate.engine.loading.internal.CollectionLoadContext@2f8ae49a<rs=HikariProxyResultSet@151164295 wrapping rs1722: null>
?[0m?[0;34m2023-03-31 16:06:00.431  WARN 29781 --- [nio-8080-exec-2] o.h.e.loading.internal.LoadContexts      : HHH000100: Fail-safe cleanup (collections) : org.hibernate.engine.loading.internal.CollectionLoadContext@1ed81205<rs=HikariProxyResultSet@562881927 wrapping rs2106: null>
?[0m?[0;34m2023-03-31 16:06:00.431  WARN 29781 --- [nio-8080-exec-2] o.h.e.loading.internal.LoadContexts      : HHH000100: Fail-safe cleanup (collections) : org.hibernate.engine.loading.internal.CollectionLoadContext@1841381a<rs=HikariProxyResultSet@237689481 wrapping rs2143: null>
?[0m?[0;34m2023-03-31 16:06:00.431  WARN 29781 --- [nio-8080-exec-2] o.h.e.loading.internal.LoadContexts      : HHH000100: Fail-safe cleanup (collections) : org.hibernate.engine.loading.internal.CollectionLoadContext@366158e<rs=HikariProxyResultSet@1995539089 wrapping rs1736: null>
?[0m?[0;34m2023-03-31 16:06:00.431  WARN 29781 --- [nio-8080-exec-2] o.h.e.loading.internal.LoadContexts      : HHH000100: Fail-safe cleanup (collections) : org.hibernate.engine.loading.internal.CollectionLoadContext@7b308f4c<rs=HikariProxyResultSet@1264886546 wrapping rs2043: null>
?[0m?[0;34m2023-03-31 16:06:00.431  WARN 29781 --- [nio-8080-exec-2] o.h.e.loading.internal.LoadContexts      : HHH000100: Fail-safe cleanup (collections) : org.hibernate.engine.loading.internal.CollectionLoadContext@25a6e215<rs=HikariProxyResultSet@314793746 wrapping rs2130: null>
?[0m?[0;34m2023-03-31 16:06:00.431  WARN 29781 --- [nio-8080-exec-2] o.h.e.loading.internal.LoadContexts      : HHH000100: Fail-safe cleanup (collections) : org.hibernate.engine.loading.internal.CollectionLoadContext@34368f53<rs=HikariProxyResultSet@1228172179 wrapping rs2208: null>
?[0m?[0;34m2023-03-31 16:06:00.431  WARN 29781 --- [nio-8080-exec-2] o.h.e.loading.internal.LoadContexts      : HHH000100: Fail-safe cleanup (collections) : org.hibernate.engine.loading.internal.CollectionLoadContext@7cf263e<rs=HikariProxyResultSet@1291703961 wrapping rs1751: null>
?[0m?[0;34m2023-03-31 16:06:00.431  WARN 29781 --- [nio-8080-exec-2] o.h.e.loading.internal.LoadContexts      : HHH000100: Fail-safe cleanup (collections) : org.hibernate.engine.loading.internal.CollectionLoadContext@78fa8364<rs=HikariProxyResultSet@1643385118 wrapping rs1977: null>
?[0m?[0;34m2023-03-31 16:06:00.431  WARN 29781 --- [nio-8080-exec-2] o.h.e.loading.internal.LoadContexts      : HHH000100: Fail-safe cleanup (collections) : org.hibernate.engine.loading.internal.CollectionLoadContext@6a5e7024<rs=HikariProxyResultSet@1893360547 wrapping rs1740: null>
?[0m?[0;34m2023-03-31 16:06:00.431  WARN 29781 --- [nio-8080-exec-2] o.h.e.loading.internal.LoadContexts      : HHH000100: Fail-safe cleanup (collections) : org.hibernate.engine.loading.internal.CollectionLoadContext@6a92262b<rs=HikariProxyResultSet@630668195 wrapping rs1742: null>
?[0m?[0;34m2023-03-31 16:06:00.431  WARN 29781 --- [nio-8080-exec-2] o.h.e.loading.internal.LoadContexts      : HHH000100: Fail-safe cleanup (collections) : org.hibernate.engine.loading.internal.CollectionLoadContext@14121391<rs=HikariProxyResultSet@257345701 wrapping rs2138: null>
?[0m?[0;34m2023-03-31 16:06:00.431  WARN 29781 --- [nio-8080-exec-2] o.h.e.loading.internal.LoadContexts      : HHH000100: Fail-safe cleanup (collections) : org.hibernate.engine.loading.internal.CollectionLoadContext@385f43d4<rs=HikariProxyResultSet@601075111 wrapping rs2030: null>
?[0m?[0;34m2023-03-31 16:06:00.431  WARN 29781 --- [nio-8080-exec-2] o.h.e.loading.internal.LoadContexts      : HHH000100: Fail-safe cleanup (collections) : org.hibernate.engine.loading.internal.CollectionLoadContext@2119cbab<rs=HikariProxyResultSet@913491754 wrapping rs1976: null>
?[0m?[0;34m2023-03-31 16:06:00.431  WARN 29781 --- [nio-8080-exec-2] o.h.e.loading.internal.LoadContexts      : HHH000100: Fail-safe cleanup (collections) : org.hibernate.engine.loading.internal.CollectionLoadContext@5ac102dd<rs=HikariProxyResultSet@1251093290 wrapping rs2007: null>
?[0m?[0;34m2023-03-31 16:06:00.431  WARN 29781 --- [nio-8080-exec-2] o.h.e.loading.internal.LoadContexts      : HHH000100: Fail-safe cleanup (collections) : org.hibernate.engine.loading.internal.CollectionLoadContext@5e4b0c8f<rs=HikariProxyResultSet@1090945068 wrapping rs1808: null>
?[0m?[0;34m2023-03-31 16:06:00.431  WARN 29781 --- [nio-8080-exec-2] o.h.e.loading.internal.LoadContexts      : HHH000100: Fail-safe cleanup (collections) : org.hibernate.engine.loading.internal.CollectionLoadContext@1cc8b571<rs=HikariProxyResultSet@311547948 wrapping rs1963: null>
?[0m?[0;34m2023-03-31 16:06:00.431  WARN 29781 --- [nio-8080-exec-2] o.h.e.loading.internal.LoadContexts      : HHH000100: Fail-safe cleanup (collections) : org.hibernate.engine.loading.internal.CollectionLoadContext@73e361d0<rs=HikariProxyResultSet@1934530862 wrapping rs1904: null>
?[0m?[0;34m2023-03-31 16:06:00.431  WARN 29781 --- [nio-8080-exec-2] o.h.e.loading.internal.LoadContexts      : HHH000100: Fail-safe cleanup (collections) : org.hibernate.engine.loading.internal.CollectionLoadContext@21e6529b<rs=HikariProxyResultSet@1831759021 wrapping rs1970: null>
?[0m?[0;34m2023-03-31 16:06:00.431  WARN 29781 --- [nio-8080-exec-2] o.h.e.loading.internal.LoadContexts      : HHH000100: Fail-safe cleanup (collections) : org.hibernate.engine.loading.internal.CollectionLoadContext@274f1d5c<rs=HikariProxyResultSet@626977965 wrapping rs2026: null>
?[0m?[0;34m2023-03-31 16:06:00.431  WARN 29781 --- [nio-8080-exec-2] o.h.e.loading.internal.LoadContexts      : HHH000100: Fail-safe cleanup (collections) : org.hibernate.engine.loading.internal.CollectionLoadContext@7e7547f9<rs=HikariProxyResultSet@2072519595 wrapping rs2061: null>
?[0m?[0;34m2023-03-31 16:06:00.431  WARN 29781 --- [nio-8080-exec-2] o.h.e.loading.internal.LoadContexts      : HHH000100: Fail-safe cleanup (collections) : org.hibernate.engine.loading.internal.CollectionLoadContext@16f04406<rs=HikariProxyResultSet@302634802 wrapping rs1778: null>
?[0m?[0;34m2023-03-31 16:06:00.431  WARN 29781 --- [nio-8080-exec-2] o.h.e.loading.internal.LoadContexts      : HHH000100: Fail-safe cleanup (collections) : org.hibernate.engine.loading.internal.CollectionLoadContext@511bec9<rs=HikariProxyResultSet@1580061748 wrapping rs1785: null>
?[0m?[0;34m2023-03-31 16:06:00.431  WARN 29781 --- [nio-8080-exec-2] o.h.e.loading.internal.LoadContexts      : HHH000100: Fail-safe cleanup (collections) : org.hibernate.engine.loading.internal.CollectionLoadContext@5aebf6ca<rs=HikariProxyResultSet@607836470 wrapping rs1718: null>
?[0m?[0;34m2023-03-31 16:06:00.431  WARN 29781 --- [nio-8080-exec-2] o.h.e.loading.internal.LoadContexts      : HHH000100: Fail-safe cleanup (collections) : org.hibernate.engine.loading.internal.CollectionLoadContext@e7528e1<rs=HikariProxyResultSet@2057821115 wrapping rs1779: null>
?[0m?[0;34m2023-03-31 16:06:00.431  WARN 29781 --- [nio-8080-exec-2] o.h.e.loading.internal.LoadContexts      : HHH000100: Fail-safe cleanup (collections) : org.hibernate.engine.loading.internal.CollectionLoadContext@1a318d5d<rs=HikariProxyResultSet@1632181308 wrapping rs1824: null>
?[0m?[0;34m2023-03-31 16:06:00.431  WARN 29781 --- [nio-8080-exec-2] o.h.e.loading.internal.LoadContexts      : HHH000100: Fail-safe cleanup (collections) : org.hibernate.engine.loading.internal.CollectionLoadContext@12de8f24<rs=HikariProxyResultSet@269989053 wrapping rs1894: null>
?[0m?[0;34m2023-03-31 16:06:00.431  WARN 29781 --- [nio-8080-exec-2] o.h.e.loading.internal.LoadContexts      : HHH000100: Fail-safe cleanup (collections) : org.hibernate.engine.loading.internal.CollectionLoadContext@17066613<rs=HikariProxyResultSet@33677122 wrapping rs2201: null>
?[0m?[0;34m2023-03-31 16:06:00.432  WARN 29781 --- [nio-8080-exec-2] o.h.e.loading.internal.LoadContexts      : HHH000100: Fail-safe cleanup (collections) : org.hibernate.engine.loading.internal.CollectionLoadContext@30937632<rs=HikariProxyResultSet@1232679367 wrapping rs2139: null>
?[0m?[0;34m2023-03-31 16:06:00.432  WARN 29781 --- [nio-8080-exec-2] o.h.e.loading.internal.LoadContexts      : HHH000100: Fail-safe cleanup (collections) : org.hibernate.engine.loading.internal.CollectionLoadContext@26de5e18<rs=HikariProxyResultSet@798202440 wrapping rs2158: null>
?[0m?[0;34m2023-03-31 16:06:00.432  WARN 29781 --- [nio-8080-exec-2] o.h.e.loading.internal.LoadContexts      : HHH000100: Fail-safe cleanup (collections) : org.hibernate.engine.loading.internal.CollectionLoadContext@401f4248<rs=HikariProxyResultSet@2108240714 wrapping rs1799: null>
?[0m?[0;34m2023-03-31 16:06:00.432  WARN 29781 --- [nio-8080-exec-2] o.h.e.loading.internal.LoadContexts      : HHH000100: Fail-safe cleanup (collections) : org.hibernate.engine.loading.internal.CollectionLoadContext@640d92a6<rs=HikariProxyResultSet@2111408075 wrapping rs1714: null>
?[0m?[0;34m2023-03-31 16:06:00.432  WARN 29781 --- [nio-8080-exec-2] o.h.e.loading.internal.LoadContexts      : HHH000100: Fail-safe cleanup (collections) : org.hibernate.engine.loading.internal.CollectionLoadContext@4f044af3<rs=HikariProxyResultSet@1316195404 wrapping rs2053: null>
?[0m?[0;34m2023-03-31 16:06:00.432  WARN 29781 --- [nio-8080-exec-2] o.h.e.loading.internal.LoadContexts      : HHH000100: Fail-safe cleanup (collections) : org.hibernate.engine.loading.internal.CollectionLoadContext@1b7ee395<rs=HikariProxyResultSet@2143166540 wrapping rs2064: null>
?[0m?[0;34m2023-03-31 16:06:00.432  WARN 29781 --- [nio-8080-exec-2] o.h.e.loading.internal.LoadContexts      : HHH000100: Fail-safe cleanup (collections) : org.hibernate.engine.loading.internal.CollectionLoadContext@2149ffb0<rs=HikariProxyResultSet@1264767181 wrapping rs2083: null>
?[0m?[0;34m2023-03-31 16:06:00.432  WARN 29781 --- [nio-8080-exec-2] o.h.e.loading.internal.LoadContexts      : HHH000100: Fail-safe cleanup (collections) : org.hibernate.engine.loading.internal.CollectionLoadContext@2959d19d<rs=HikariProxyResultSet@488289485 wrapping rs2093: null>
?[0m?[0;34m2023-03-31 16:06:00.432  WARN 29781 --- [nio-8080-exec-2] o.h.e.loading.internal.LoadContexts      : HHH000100: Fail-safe cleanup (collections) : org.hibernate.engine.loading.internal.CollectionLoadContext@44e75597<rs=HikariProxyResultSet@53282763 wrapping rs2119: null>
?[0m?[0;34m2023-03-31 16:06:00.432  WARN 29781 --- [nio-8080-exec-2] o.h.e.loading.internal.LoadContexts      : HHH000100: Fail-safe cleanup (collections) : org.hibernate.engine.loading.internal.CollectionLoadContext@28e964d5<rs=HikariProxyResultSet@206276555 wrapping rs2162: null>
?[0m?[0;34m2023-03-31 16:06:00.432  WARN 29781 --- [nio-8080-exec-2] o.h.e.loading.internal.LoadContexts      : HHH000100: Fail-safe cleanup (collections) : org.hibernate.engine.loading.internal.CollectionLoadContext@46b3ba07<rs=HikariProxyResultSet@2009402194 wrapping rs1732: null>
?[0m?[0;34m2023-03-31 16:06:00.432  WARN 29781 --- [nio-8080-exec-2] o.h.e.loading.internal.LoadContexts      : HHH000100: Fail-safe cleanup (collections) : org.hibernate.engine.loading.internal.CollectionLoadContext@21815e75<rs=HikariProxyResultSet@1888902486 wrapping rs2013: null>
?[0m?[0;34m2023-03-31 16:06:00.432  WARN 29781 --- [nio-8080-exec-2] o.h.e.loading.internal.LoadContexts      : HHH000100: Fail-safe cleanup (collections) : org.hibernate.engine.loading.internal.CollectionLoadContext@5f34ec3f<rs=HikariProxyResultSet@2138098393 wrapping rs1866: null>
?[0m?[0;34m2023-03-31 16:06:00.432  WARN 29781 --- [nio-8080-exec-2] o.h.e.loading.internal.LoadContexts      : HHH000100: Fail-safe cleanup (collections) : org.hibernate.engine.loading.internal.CollectionLoadContext@3c18e4c0<rs=HikariProxyResultSet@808608602 wrapping rs2234: null>
?[0m?[0;34m2023-03-31 16:06:00.432  WARN 29781 --- [nio-8080-exec-2] o.h.e.loading.internal.LoadContexts      : HHH000100: Fail-safe cleanup (collections) : org.hibernate.engine.loading.internal.CollectionLoadContext@67a012c6<rs=HikariProxyResultSet@539300827 wrapping rs2134: null>
?[0m?[0;34m2023-03-31 16:06:00.432  WARN 29781 --- [nio-8080-exec-2] o.h.e.loading.internal.LoadContexts      : HHH000100: Fail-safe cleanup (collections) : org.hibernate.engine.loading.internal.CollectionLoadContext@4c799ab1<rs=HikariProxyResultSet@272965724 wrapping rs1791: null>
?[0m?[0;34m2023-03-31 16:06:00.432  WARN 29781 --- [nio-8080-exec-2] o.h.e.loading.internal.LoadContexts      : HHH000100: Fail-safe cleanup (collections) : org.hibernate.engine.loading.internal.CollectionLoadContext@34d4c215<rs=HikariProxyResultSet@1902824540 wrapping rs2038: null>
?[0m?[0;34m2023-03-31 16:06:00.432  WARN 29781 --- [nio-8080-exec-2] o.h.e.loading.internal.LoadContexts      : HHH000100: Fail-safe cleanup (collections) : org.hibernate.engine.loading.internal.CollectionLoadContext@4f911eab<rs=HikariProxyResultSet@1442780510 wrapping rs1775: null>
?[0m?[0;34m2023-03-31 16:06:00.432  WARN 29781 --- [nio-8080-exec-2] o.h.e.loading.internal.LoadContexts      : HHH000100: Fail-safe cleanup (collections) : org.hibernate.engine.loading.internal.CollectionLoadContext@28c003bd<rs=HikariProxyResultSet@1743394529 wrapping rs2167: null>
?[0m?[0;34m2023-03-31 16:06:00.432  WARN 29781 --- [nio-8080-exec-2] o.h.e.loading.internal.LoadContexts      : HHH000100: Fail-safe cleanup (collections) : org.hibernate.engine.loading.internal.CollectionLoadContext@286cb806<rs=HikariProxyResultSet@479628130 wrapping rs2137: null>
?[0m?[0;34m2023-03-31 16:06:00.432  WARN 29781 --- [nio-8080-exec-2] o.h.e.loading.internal.LoadContexts      : HHH000100: Fail-safe cleanup (collections) : org.hibernate.engine.loading.internal.CollectionLoadContext@3a3a1374<rs=HikariProxyResultSet@703902691 wrapping rs1909: null>
?[0m?[0;34m2023-03-31 16:06:00.432  WARN 29781 --- [nio-8080-exec-2] o.h.e.loading.internal.LoadContexts      : HHH000100: Fail-safe cleanup (collections) : org.hibernate.engine.loading.internal.CollectionLoadContext@7d9926de<rs=HikariProxyResultSet@1369176164 wrapping rs1826: null>
?[0m?[0;34m2023-03-31 16:06:00.432  WARN 29781 --- [nio-8080-exec-2] o.h.e.loading.internal.LoadContexts      : HHH000100: Fail-safe cleanup (collections) : org.hibernate.engine.loading.internal.CollectionLoadContext@556c1f3b<rs=HikariProxyResultSet@464795111 wrapping rs1833: null>
?[0m?[0;34m2023-03-31 16:06:00.432  WARN 29781 --- [nio-8080-exec-2] o.h.e.loading.internal.LoadContexts      : HHH000100: Fail-safe cleanup (collections) : org.hibernate.engine.loading.internal.CollectionLoadContext@188d3118<rs=HikariProxyResultSet@390877800 wrapping rs1701: null>
?[0m?[0;34m2023-03-31 16:06:00.432  WARN 29781 --- [nio-8080-exec-2] o.h.e.loading.internal.LoadContexts      : HHH000100: Fail-safe cleanup (collections) : org.hibernate.engine.loading.internal.CollectionLoadContext@724620ce<rs=HikariProxyResultSet@98419820 wrapping rs1807: null>
?[0m?[0;34m2023-03-31 16:06:00.432  WARN 29781 --- [nio-8080-exec-2] o.h.e.loading.internal.LoadContexts      : HHH000100: Fail-safe cleanup (collections) : org.hibernate.engine.loading.internal.CollectionLoadContext@465d578e<rs=HikariProxyResultSet@304740081 wrapping rs1952: null>
?[0m?[0;34m2023-03-31 16:06:00.432  WARN 29781 --- [nio-8080-exec-2] o.h.e.loading.internal.LoadContexts      : HHH000100: Fail-safe cleanup (collections) : org.hibernate.engine.loading.internal.CollectionLoadContext@73fd1db9<rs=HikariProxyResultSet@945961842 wrapping rs2220: null>
?[0m?[0;34m2023-03-31 16:06:00.432  WARN 29781 --- [nio-8080-exec-2] o.h.e.loading.internal.LoadContexts      : HHH000100: Fail-safe cleanup (collections) : org.hibernate.engine.loading.internal.CollectionLoadContext@289f72f<rs=HikariProxyResultSet@269722998 wrapping rs1873: null>
?[0m?[0;34m2023-03-31 16:06:00.432  WARN 29781 --- [nio-8080-exec-2] o.h.e.loading.internal.LoadContexts      : HHH000100: Fail-safe cleanup (collections) : org.hibernate.engine.loading.internal.CollectionLoadContext@418af7e0<rs=HikariProxyResultSet@2018433398 wrapping rs2189: null>
?[0m?[0;34m2023-03-31 16:06:00.432  WARN 29781 --- [nio-8080-exec-2] o.h.e.loading.internal.LoadContexts      : HHH000100: Fail-safe cleanup (collections) : org.hibernate.engine.loading.internal.CollectionLoadContext@6d472978<rs=HikariProxyResultSet@1100658683 wrapping rs1836: null>
?[0m?[0;34m2023-03-31 16:06:00.432  WARN 29781 --- [nio-8080-exec-2] o.h.e.loading.internal.LoadContexts      : HHH000100: Fail-safe cleanup (collections) : org.hibernate.engine.loading.internal.CollectionLoadContext@764cf1bc<rs=HikariProxyResultSet@1201294460 wrapping rs1937: null>
?[0m?[0;34m2023-03-31 16:06:00.432  WARN 29781 --- [nio-8080-exec-2] o.h.e.loading.internal.LoadContexts      : HHH000100: Fail-safe cleanup (collections) : org.hibernate.engine.loading.internal.CollectionLoadContext@3bb150d5<rs=HikariProxyResultSet@792606852 wrapping rs1829: null>
?[0m?[0;34m2023-03-31 16:06:00.432  WARN 29781 --- [nio-8080-exec-2] o.h.e.loading.internal.LoadContexts      : HHH000100: Fail-safe cleanup (collections) : org.hibernate.engine.loading.internal.CollectionLoadContext@2d1295b4<rs=HikariProxyResultSet@1439765636 wrapping rs1879: null>
?[0m?[0;34m2023-03-31 16:06:00.432  WARN 29781 --- [nio-8080-exec-2] o.h.e.loading.internal.LoadContexts      : HHH000100: Fail-safe cleanup (collections) : org.hibernate.engine.loading.internal.CollectionLoadContext@79ca6587<rs=HikariProxyResultSet@1834922374 wrapping rs1957: null>
?[0m?[0;34m2023-03-31 16:06:00.432  WARN 29781 --- [nio-8080-exec-2] o.h.e.loading.internal.LoadContexts      : HHH000100: Fail-safe cleanup (collections) : org.hibernate.engine.loading.internal.CollectionLoadContext@689aba13<rs=HikariProxyResultSet@611070471 wrapping rs1717: null>
?[0m?[0;34m2023-03-31 16:06:00.432  WARN 29781 --- [nio-8080-exec-2] o.h.e.loading.internal.LoadContexts      : HHH000100: Fail-safe cleanup (collections) : org.hibernate.engine.loading.internal.CollectionLoadContext@591c682d<rs=HikariProxyResultSet@1742898187 wrapping rs2154: null>
?[0m?[0;34m2023-03-31 16:06:00.432  WARN 29781 --- [nio-8080-exec-2] o.h.e.loading.internal.LoadContexts      : HHH000100: Fail-safe cleanup (collections) : org.hibernate.engine.loading.internal.CollectionLoadContext@609ae98f<rs=HikariProxyResultSet@964988173 wrapping rs1874: null>
?[0m?[0;34m2023-03-31 16:06:00.432  WARN 29781 --- [nio-8080-exec-2] o.h.e.loading.internal.LoadContexts      : HHH000100: Fail-safe cleanup (collections) : org.hibernate.engine.loading.internal.CollectionLoadContext@4a565e46<rs=HikariProxyResultSet@1404917134 wrapping rs1727: null>
?[0m?[0;34m2023-03-31 16:06:00.432  WARN 29781 --- [nio-8080-exec-2] o.h.e.loading.internal.LoadContexts      : HHH000100: Fail-safe cleanup (collections) : org.hibernate.engine.loading.internal.CollectionLoadContext@77213f3d<rs=HikariProxyResultSet@2063962381 wrapping rs1972: null>
?[0m?[0;34m2023-03-31 16:06:00.432  WARN 29781 --- [nio-8080-exec-2] o.h.e.loading.internal.LoadContexts      : HHH000100: Fail-safe cleanup (collections) : org.hibernate.engine.loading.internal.CollectionLoadContext@4dc66cf4<rs=HikariProxyResultSet@1118326158 wrapping rs2206: null>
?[0m?[0;34m2023-03-31 16:06:00.432  WARN 29781 --- [nio-8080-exec-2] o.h.e.loading.internal.LoadContexts      : HHH000100: Fail-safe cleanup (collections) : org.hibernate.engine.loading.internal.CollectionLoadContext@7aa73252<rs=HikariProxyResultSet@1153800977 wrapping rs2046: null>
?[0m?[0;34m2023-03-31 16:06:00.432  WARN 29781 --- [nio-8080-exec-2] o.h.e.loading.internal.LoadContexts      : HHH000100: Fail-safe cleanup (collections) : org.hibernate.engine.loading.internal.CollectionLoadContext@2fbf72e<rs=HikariProxyResultSet@1359317906 wrapping rs1876: null>
?[0m?[0;34m2023-03-31 16:06:00.432  WARN 29781 --- [nio-8080-exec-2] o.h.e.loading.internal.LoadContexts      : HHH000100: Fail-safe cleanup (collections) : org.hibernate.engine.loading.internal.CollectionLoadContext@7c5de89b<rs=HikariProxyResultSet@88978193 wrapping rs2230: null>
?[0m?[0;34m2023-03-31 16:06:00.432  WARN 29781 --- [nio-8080-exec-2] o.h.e.loading.internal.LoadContexts      : HHH000100: Fail-safe cleanup (collections) : org.hibernate.engine.loading.internal.CollectionLoadContext@2029a28<rs=HikariProxyResultSet@359680148 wrapping rs1830: null>
?[0m?[0;34m2023-03-31 16:06:00.432  WARN 29781 --- [nio-8080-exec-2] o.h.e.loading.internal.LoadContexts      : HHH000100: Fail-safe cleanup (collections) : org.hibernate.engine.loading.internal.CollectionLoadContext@41740d98<rs=HikariProxyResultSet@423952532 wrapping rs1932: null>
?[0m?[0;34m2023-03-31 16:06:00.432  WARN 29781 --- [nio-8080-exec-2] o.h.e.loading.internal.LoadContexts      : HHH000100: Fail-safe cleanup (collections) : org.hibernate.engine.loading.internal.CollectionLoadContext@1c6bc01f<rs=HikariProxyResultSet@946140308 wrapping rs1967: null>
?[0m?[0;34m2023-03-31 16:06:00.432  WARN 29781 --- [nio-8080-exec-2] o.h.e.loading.internal.LoadContexts      : HHH000100: Fail-safe cleanup (collections) : org.hibernate.engine.loading.internal.CollectionLoadContext@f61ea39<rs=HikariProxyResultSet@975496469 wrapping rs2019: null>
?[0m?[0;34m2023-03-31 16:06:00.432  WARN 29781 --- [nio-8080-exec-2] o.h.e.loading.internal.LoadContexts      : HHH000100: Fail-safe cleanup (collections) : org.hibernate.engine.loading.internal.CollectionLoadContext@19a4e227<rs=HikariProxyResultSet@1562604055 wrapping rs2207: null>
?[0m?[0;34m2023-03-31 16:06:00.432  WARN 29781 --- [nio-8080-exec-2] o.h.e.loading.internal.LoadContexts      : HHH000100: Fail-safe cleanup (collections) : org.hibernate.engine.loading.internal.CollectionLoadContext@785d3446<rs=HikariProxyResultSet@1178344217 wrapping rs1995: null>
?[0m?[0;34m2023-03-31 16:06:00.432  WARN 29781 --- [nio-8080-exec-2] o.h.e.loading.internal.LoadContexts      : HHH000100: Fail-safe cleanup (collections) : org.hibernate.engine.loading.internal.CollectionLoadContext@3a74786a<rs=HikariProxyResultSet@328703898 wrapping rs2197: null>
?[0m?[0;34m2023-03-31 16:06:00.433  WARN 29781 --- [nio-8080-exec-2] o.h.e.loading.internal.LoadContexts      : HHH000100: Fail-safe cleanup (collections) : org.hibernate.engine.loading.internal.CollectionLoadContext@3a447d3f<rs=HikariProxyResultSet@824654109 wrapping rs1999: null>
?[0m?[0;34m2023-03-31 16:06:00.433  WARN 29781 --- [nio-8080-exec-2] o.h.e.loading.internal.LoadContexts      : HHH000100: Fail-safe cleanup (collections) : org.hibernate.engine.loading.internal.CollectionLoadContext@4cf058a<rs=HikariProxyResultSet@43136801 wrapping rs1855: null>
?[0m?[0;34m2023-03-31 16:06:00.433  WARN 29781 --- [nio-8080-exec-2] o.h.e.loading.internal.LoadContexts      : HHH000100: Fail-safe cleanup (collections) : org.hibernate.engine.loading.internal.CollectionLoadContext@1521ee51<rs=HikariProxyResultSet@1759686433 wrapping rs1980: null>
?[0m?[0;34m2023-03-31 16:06:00.433  WARN 29781 --- [nio-8080-exec-2] o.h.e.loading.internal.LoadContexts      : HHH000100: Fail-safe cleanup (collections) : org.hibernate.engine.loading.internal.CollectionLoadContext@c8f63b7<rs=HikariProxyResultSet@950084643 wrapping rs2047: null>
?[0m?[0;34m2023-03-31 16:06:00.433  WARN 29781 --- [nio-8080-exec-2] o.h.e.loading.internal.LoadContexts      : HHH000100: Fail-safe cleanup (collections) : org.hibernate.engine.loading.internal.CollectionLoadContext@15bb5a9c<rs=HikariProxyResultSet@1810776994 wrapping rs2105: null>
?[0m?[0;34m2023-03-31 16:06:00.433  WARN 29781 --- [nio-8080-exec-2] o.h.e.loading.internal.LoadContexts      : HHH000100: Fail-safe cleanup (collections) : org.hibernate.engine.loading.internal.CollectionLoadContext@69a4eef4<rs=HikariProxyResultSet@368346147 wrapping rs2145: null>
?[0m?[0;34m2023-03-31 16:06:00.433  WARN 29781 --- [nio-8080-exec-2] o.h.e.loading.internal.LoadContexts      : HHH000100: Fail-safe cleanup (collections) : org.hibernate.engine.loading.internal.CollectionLoadContext@736dc6f7<rs=HikariProxyResultSet@612394914 wrapping rs2155: null>
?[0m?[0;34m2023-03-31 16:06:00.433  WARN 29781 --- [nio-8080-exec-2] o.h.e.loading.internal.LoadContexts      : HHH000100: Fail-safe cleanup (collections) : org.hibernate.engine.loading.internal.CollectionLoadContext@40881f6<rs=HikariProxyResultSet@413235880 wrapping rs1906: null>
?[0m?[0;34m2023-03-31 16:06:00.433  WARN 29781 --- [nio-8080-exec-2] o.h.e.loading.internal.LoadContexts      : HHH000100: Fail-safe cleanup (collections) : org.hibernate.engine.loading.internal.CollectionLoadContext@4ba84451<rs=HikariProxyResultSet@1916580907 wrapping rs1786: null>
?[0m?[0;34m2023-03-31 16:06:00.433  WARN 29781 --- [nio-8080-exec-2] o.h.e.loading.internal.LoadContexts      : HHH000100: Fail-safe cleanup (collections) : org.hibernate.engine.loading.internal.CollectionLoadContext@5b5d09e<rs=HikariProxyResultSet@440498219 wrapping rs1815: null>
?[0m?[0;34m2023-03-31 16:06:00.433  WARN 29781 --- [nio-8080-exec-2] o.h.e.loading.internal.LoadContexts      : HHH000100: Fail-safe cleanup (collections) : org.hibernate.engine.loading.internal.CollectionLoadContext@18f2e4a1<rs=HikariProxyResultSet@1278734637 wrapping rs2022: null>
?[0m?[0;34m2023-03-31 16:06:00.433  WARN 29781 --- [nio-8080-exec-2] o.h.e.loading.internal.LoadContexts      : HHH000100: Fail-safe cleanup (collections) : org.hibernate.engine.loading.internal.CollectionLoadContext@5835c178<rs=HikariProxyResultSet@1553448366 wrapping rs1687: null>
?[0m?[0;34m2023-03-31 16:06:00.433  WARN 29781 --- [nio-8080-exec-2] o.h.e.loading.internal.LoadContexts      : HHH000100: Fail-safe cleanup (collections) : org.hibernate.engine.loading.internal.CollectionLoadContext@51b68ce3<rs=HikariProxyResultSet@438861746 wrapping rs2194: null>
?[0m?[0;34m2023-03-31 16:06:00.433  WARN 29781 --- [nio-8080-exec-2] o.h.e.loading.internal.LoadContexts      : HHH000100: Fail-safe cleanup (collections) : org.hibernate.engine.loading.internal.CollectionLoadContext@7aac976b<rs=HikariProxyResultSet@836842805 wrapping rs1923: null>
?[0m?[0;34m2023-03-31 16:06:00.433  WARN 29781 --- [nio-8080-exec-2] o.h.e.loading.internal.LoadContexts      : HHH000100: Fail-safe cleanup (collections) : org.hibernate.engine.loading.internal.CollectionLoadContext@7574a373<rs=HikariProxyResultSet@1479893430 wrapping rs1699: null>
?[0m?[0;34m2023-03-31 16:06:00.433  WARN 29781 --- [nio-8080-exec-2] o.h.e.loading.internal.LoadContexts      : HHH000100: Fail-safe cleanup (collections) : org.hibernate.engine.loading.internal.CollectionLoadContext@3bc92a4<rs=HikariProxyResultSet@1292165687 wrapping rs1934: null>
?[0m?[0;34m2023-03-31 16:06:00.433  WARN 29781 --- [nio-8080-exec-2] o.h.e.loading.internal.LoadContexts      : HHH000100: Fail-safe cleanup (collections) : org.hibernate.engine.loading.internal.CollectionLoadContext@6688c7a4<rs=HikariProxyResultSet@1123807541 wrapping rs2031: null>
?[0m?[0;34m2023-03-31 16:06:00.433  WARN 29781 --- [nio-8080-exec-2] o.h.e.loading.internal.LoadContexts      : HHH000100: Fail-safe cleanup (collections) : org.hibernate.engine.loading.internal.CollectionLoadContext@788113d1<rs=HikariProxyResultSet@337242808 wrapping rs2218: null>
?[0m?[0;34m2023-03-31 16:06:00.433  WARN 29781 --- [nio-8080-exec-2] o.h.e.loading.internal.LoadContexts      : HHH000100: Fail-safe cleanup (collections) : org.hibernate.engine.loading.internal.CollectionLoadContext@283e4889<rs=HikariProxyResultSet@172406077 wrapping rs1827: null>
?[0m?[0;34m2023-03-31 16:06:00.433  WARN 29781 --- [nio-8080-exec-2] o.h.e.loading.internal.LoadContexts      : HHH000100: Fail-safe cleanup (collections) : org.hibernate.engine.loading.internal.CollectionLoadContext@4f70c698<rs=HikariProxyResultSet@1812510142 wrapping rs1917: null>
?[0m?[0;34m2023-03-31 16:06:00.433  WARN 29781 --- [nio-8080-exec-2] o.h.e.loading.internal.LoadContexts      : HHH000100: Fail-safe cleanup (collections) : org.hibernate.engine.loading.internal.CollectionLoadContext@6fe58d35<rs=HikariProxyResultSet@463422910 wrapping rs1940: null>
?[0m?[0;34m2023-03-31 16:06:00.433  WARN 29781 --- [nio-8080-exec-2] o.h.e.loading.internal.LoadContexts      : HHH000100: Fail-safe cleanup (collections) : org.hibernate.engine.loading.internal.CollectionLoadContext@1f8a1483<rs=HikariProxyResultSet@680635709 wrapping rs2036: null>
?[0m?[0;34m2023-03-31 16:06:00.433  WARN 29781 --- [nio-8080-exec-2] o.h.e.loading.internal.LoadContexts      : HHH000100: Fail-safe cleanup (collections) : org.hibernate.engine.loading.internal.CollectionLoadContext@45aa7dfb<rs=HikariProxyResultSet@1617731780 wrapping rs1821: null>
?[0m?[0;34m2023-03-31 16:06:00.433  WARN 29781 --- [nio-8080-exec-2] o.h.e.loading.internal.LoadContexts      : HHH000100: Fail-safe cleanup (collections) : org.hibernate.engine.loading.internal.CollectionLoadContext@ca727d0<rs=HikariProxyResultSet@1583195332 wrapping rs2159: null>
?[0m?[0;34m2023-03-31 16:06:00.433  WARN 29781 --- [nio-8080-exec-2] o.h.e.loading.internal.LoadContexts      : HHH000100: Fail-safe cleanup (collections) : org.hibernate.engine.loading.internal.CollectionLoadContext@4fe89f54<rs=HikariProxyResultSet@499383750 wrapping rs2048: null>
?[0m?[0;34m2023-03-31 16:06:00.433  WARN 29781 --- [nio-8080-exec-2] o.h.e.loading.internal.LoadContexts      : HHH000100: Fail-safe cleanup (collections) : org.hibernate.engine.loading.internal.CollectionLoadContext@9b426<rs=HikariProxyResultSet@933604806 wrapping rs2052: null>
?[0m?[0;34m2023-03-31 16:06:00.433  WARN 29781 --- [nio-8080-exec-2] o.h.e.loading.internal.LoadContexts      : HHH000100: Fail-safe cleanup (collections) : org.hibernate.engine.loading.internal.CollectionLoadContext@16da4479<rs=HikariProxyResultSet@931135176 wrapping rs2041: null>
?[0m?[0;34m2023-03-31 16:06:00.433  WARN 29781 --- [nio-8080-exec-2] o.h.e.loading.internal.LoadContexts      : HHH000100: Fail-safe cleanup (collections) : org.hibernate.engine.loading.internal.CollectionLoadContext@23f678d5<rs=HikariProxyResultSet@92331849 wrapping rs2202: null>
?[0m?[0;34m2023-03-31 16:06:00.433  WARN 29781 --- [nio-8080-exec-2] o.h.e.loading.internal.LoadContexts      : HHH000100: Fail-safe cleanup (collections) : org.hibernate.engine.loading.internal.CollectionLoadContext@28ef41c0<rs=HikariProxyResultSet@677238859 wrapping rs1682: null>
?[0m?[0;34m2023-03-31 16:06:00.433  WARN 29781 --- [nio-8080-exec-2] o.h.e.loading.internal.LoadContexts      : HHH000100: Fail-safe cleanup (collections) : org.hibernate.engine.loading.internal.CollectionLoadContext@658a787f<rs=HikariProxyResultSet@1399402700 wrapping rs1770: null>
?[0m?[0;34m2023-03-31 16:06:00.433  WARN 29781 --- [nio-8080-exec-2] o.h.e.loading.internal.LoadContexts      : HHH000100: Fail-safe cleanup (collections) : org.hibernate.engine.loading.internal.CollectionLoadContext@21b7013b<rs=HikariProxyResultSet@726787405 wrapping rs2108: null>
?[0m?[0;34m2023-03-31 16:06:00.433  WARN 29781 --- [nio-8080-exec-2] o.h.e.loading.internal.LoadContexts      : HHH000100: Fail-safe cleanup (collections) : org.hibernate.engine.loading.internal.CollectionLoadContext@3197f508<rs=HikariProxyResultSet@827001931 wrapping rs2142: null>
?[0m?[0;34m2023-03-31 16:06:00.433  WARN 29781 --- [nio-8080-exec-2] o.h.e.loading.internal.LoadContexts      : HHH000100: Fail-safe cleanup (collections) : org.hibernate.engine.loading.internal.CollectionLoadContext@63a443bb<rs=HikariProxyResultSet@1586517583 wrapping rs1951: null>
?[0m?[0;34m2023-03-31 16:06:00.433  WARN 29781 --- [nio-8080-exec-2] o.h.e.loading.internal.LoadContexts      : HHH000100: Fail-safe cleanup (collections) : org.hibernate.engine.loading.internal.CollectionLoadContext@55db8630<rs=HikariProxyResultSet@504485455 wrapping rs2213: null>
?[0m?[0;34m2023-03-31 16:06:00.433  WARN 29781 --- [nio-8080-exec-2] o.h.e.loading.internal.LoadContexts      : HHH000100: Fail-safe cleanup (collections) : org.hibernate.engine.loading.internal.CollectionLoadContext@4c7ceb69<rs=HikariProxyResultSet@1469205845 wrapping rs2032: null>
?[0m?[0;34m2023-03-31 16:06:00.433  WARN 29781 --- [nio-8080-exec-2] o.h.e.loading.internal.LoadContexts      : HHH000100: Fail-safe cleanup (collections) : org.hibernate.engine.loading.internal.CollectionLoadContext@424d685b<rs=HikariProxyResultSet@2033810136 wrapping rs2057: null>
?[0m?[0;34m2023-03-31 16:06:00.433  WARN 29781 --- [nio-8080-exec-2] o.h.e.loading.internal.LoadContexts      : HHH000100: Fail-safe cleanup (collections) : org.hibernate.engine.loading.internal.CollectionLoadContext@3b54232<rs=HikariProxyResultSet@2033930718 wrapping rs2196: null>
?[0m?[0;34m2023-03-31 16:06:00.433  WARN 29781 --- [nio-8080-exec-2] o.h.e.loading.internal.LoadContexts      : HHH000100: Fail-safe cleanup (collections) : org.hibernate.engine.loading.internal.CollectionLoadContext@ad6ae72<rs=HikariProxyResultSet@1978347232 wrapping rs1852: null>
?[0m?[0;34m2023-03-31 16:06:00.433  WARN 29781 --- [nio-8080-exec-2] o.h.e.loading.internal.LoadContexts      : HHH000100: Fail-safe cleanup (collections) : org.hibernate.engine.loading.internal.CollectionLoadContext@215a3be2<rs=HikariProxyResultSet@1116552291 wrapping rs2095: null>
?[0m?[0;34m2023-03-31 16:06:00.433  WARN 29781 --- [nio-8080-exec-2] o.h.e.loading.internal.LoadContexts      : HHH000100: Fail-safe cleanup (collections) : org.hibernate.engine.loading.internal.CollectionLoadContext@87c8022<rs=HikariProxyResultSet@1375316841 wrapping rs2054: null>
?[0m?[0;34m2023-03-31 16:06:00.433  WARN 29781 --- [nio-8080-exec-2] o.h.e.loading.internal.LoadContexts      : HHH000100: Fail-safe cleanup (collections) : org.hibernate.engine.loading.internal.CollectionLoadContext@2171f7cd<rs=HikariProxyResultSet@1393578091 wrapping rs2101: null>
?[0m?[0;34m2023-03-31 16:06:00.433  WARN 29781 --- [nio-8080-exec-2] o.h.e.loading.internal.LoadContexts      : HHH000100: Fail-safe cleanup (collections) : org.hibernate.engine.loading.internal.CollectionLoadContext@1eeb78af<rs=HikariProxyResultSet@1450170733 wrapping rs1766: null>
?[0m?[0;34m2023-03-31 16:06:00.433  WARN 29781 --- [nio-8080-exec-2] o.h.e.loading.internal.LoadContexts      : HHH000100: Fail-safe cleanup (collections) : org.hibernate.engine.loading.internal.CollectionLoadContext@6e9ec5bb<rs=HikariProxyResultSet@445253360 wrapping rs2211: null>
?[0m?[0;34m2023-03-31 16:06:00.433  WARN 29781 --- [nio-8080-exec-2] o.h.e.loading.internal.LoadContexts      : HHH000100: Fail-safe cleanup (collections) : org.hibernate.engine.loading.internal.CollectionLoadContext@20f25da<rs=HikariProxyResultSet@816346993 wrapping rs2090: null>
?[0m?[0;34m2023-03-31 16:06:00.433  WARN 29781 --- [nio-8080-exec-2] o.h.e.loading.internal.LoadContexts      : HHH000100: Fail-safe cleanup (collections) : org.hibernate.engine.loading.internal.CollectionLoadContext@2cee65c9<rs=HikariProxyResultSet@315791475 wrapping rs2110: null>
?[0m?[0;34m2023-03-31 16:06:00.433  WARN 29781 --- [nio-8080-exec-2] o.h.e.loading.internal.LoadContexts      : HHH000100: Fail-safe cleanup (collections) : org.hibernate.engine.loading.internal.CollectionLoadContext@69055efb<rs=HikariProxyResultSet@1135794291 wrapping rs2117: null>
?[0m?[0;34m2023-03-31 16:06:00.433  WARN 29781 --- [nio-8080-exec-2] o.h.e.loading.internal.LoadContexts      : HHH000100: Fail-safe cleanup (collections) : org.hibernate.engine.loading.internal.CollectionLoadContext@712efd7d<rs=HikariProxyResultSet@1111086711 wrapping rs1688: null>
?[0m?[0;34m2023-03-31 16:06:00.433  WARN 29781 --- [nio-8080-exec-2] o.h.e.loading.internal.LoadContexts      : HHH000100: Fail-safe cleanup (collections) : org.hibernate.engine.loading.internal.CollectionLoadContext@af43777<rs=HikariProxyResultSet@78934647 wrapping rs1745: null>
?[0m?[0;34m2023-03-31 16:06:00.433  WARN 29781 --- [nio-8080-exec-2] o.h.e.loading.internal.LoadContexts      : HHH000100: Fail-safe cleanup (collections) : org.hibernate.engine.loading.internal.CollectionLoadContext@55ebdbcd<rs=HikariProxyResultSet@2144961143 wrapping rs1889: null>
?[0m?[0;34m2023-03-31 16:06:00.433  WARN 29781 --- [nio-8080-exec-2] o.h.e.loading.internal.LoadContexts      : HHH000100: Fail-safe cleanup (collections) : org.hibernate.engine.loading.internal.CollectionLoadContext@165ab50d<rs=HikariProxyResultSet@1899442807 wrapping rs2165: null>
?[0m?[0;34m2023-03-31 16:06:00.433  WARN 29781 --- [nio-8080-exec-2] o.h.e.loading.internal.LoadContexts      : HHH000100: Fail-safe cleanup (collections) : org.hibernate.engine.loading.internal.CollectionLoadContext@101977ae<rs=HikariProxyResultSet@612609147 wrapping rs1773: null>
?[0m?[0;34m2023-03-31 16:06:00.433  WARN 29781 --- [nio-8080-exec-2] o.h.e.loading.internal.LoadContexts      : HHH000100: Fail-safe cleanup (collections) : org.hibernate.engine.loading.internal.CollectionLoadContext@3bfdb555<rs=HikariProxyResultSet@466390913 wrapping rs1825: null>
?[0m?[0;34m2023-03-31 16:06:00.433  WARN 29781 --- [nio-8080-exec-2] o.h.e.loading.internal.LoadContexts      : HHH000100: Fail-safe cleanup (collections) : org.hibernate.engine.loading.internal.CollectionLoadContext@30432454<rs=HikariProxyResultSet@302521217 wrapping rs1834: null>
?[0m?[0;34m2023-03-31 16:06:00.433  WARN 29781 --- [nio-8080-exec-2] o.h.e.loading.internal.LoadContexts      : HHH000100: Fail-safe cleanup (collections) : org.hibernate.engine.loading.internal.CollectionLoadContext@73f20d8c<rs=HikariProxyResultSet@582877573 wrapping rs2221: null>
?[0m?[0;34m2023-03-31 16:06:00.433  WARN 29781 --- [nio-8080-exec-2] o.h.e.loading.internal.LoadContexts      : HHH000100: Fail-safe cleanup (collections) : org.hibernate.engine.loading.internal.CollectionLoadContext@288da05b<rs=HikariProxyResultSet@1750997510 wrapping rs1759: null>
?[0m?[0;34m2023-03-31 16:06:00.433  WARN 29781 --- [nio-8080-exec-2] o.h.e.loading.internal.LoadContexts      : HHH000100: Fail-safe cleanup (collections) : org.hibernate.engine.loading.internal.CollectionLoadContext@7e8cff02<rs=HikariProxyResultSet@1740631945 wrapping rs2164: null>
?[0m?[0;34m2023-03-31 16:06:00.434  WARN 29781 --- [nio-8080-exec-2] o.h.e.loading.internal.LoadContexts      : HHH000100: Fail-safe cleanup (collections) : org.hibernate.engine.loading.internal.CollectionLoadContext@57c40503<rs=HikariProxyResultSet@790585612 wrapping rs2107: null>
?[0m?[0;34m2023-03-31 16:06:00.434  WARN 29781 --- [nio-8080-exec-2] o.h.e.loading.internal.LoadContexts      : HHH000100: Fail-safe cleanup (collections) : org.hibernate.engine.loading.internal.CollectionLoadContext@34b9ec1a<rs=HikariProxyResultSet@1914259345 wrapping rs1930: null>
?[0m?[0;34m2023-03-31 16:06:00.434  WARN 29781 --- [nio-8080-exec-2] o.h.e.loading.internal.LoadContexts      : HHH000100: Fail-safe cleanup (collections) : org.hibernate.engine.loading.internal.CollectionLoadContext@71f31dae<rs=HikariProxyResultSet@780746899 wrapping rs1860: null>
?[0m?[0;34m2023-03-31 16:06:00.434  WARN 29781 --- [nio-8080-exec-2] o.h.e.loading.internal.LoadContexts      : HHH000100: Fail-safe cleanup (collections) : org.hibernate.engine.loading.internal.CollectionLoadContext@681e987d<rs=HikariProxyResultSet@496625811 wrapping rs1950: null>
?[0m?[0;34m2023-03-31 16:06:00.434  WARN 29781 --- [nio-8080-exec-2] o.h.e.loading.internal.LoadContexts      : HHH000100: Fail-safe cleanup (collections) : org.hibernate.engine.loading.internal.CollectionLoadContext@1f056460<rs=HikariProxyResultSet@1720557078 wrapping rs1679: null>
?[0m?[0;34m2023-03-31 16:06:00.434  WARN 29781 --- [nio-8080-exec-2] o.h.e.loading.internal.LoadContexts      : HHH000100: Fail-safe cleanup (collections) : org.hibernate.engine.loading.internal.CollectionLoadContext@642792a6<rs=HikariProxyResultSet@232268568 wrapping rs2144: null>
?[0m?[0;34m2023-03-31 16:06:00.434  WARN 29781 --- [nio-8080-exec-2] o.h.e.loading.internal.LoadContexts      : HHH000100: Fail-safe cleanup (collections) : org.hibernate.engine.loading.internal.CollectionLoadContext@d50ede1<rs=HikariProxyResultSet@735838105 wrapping rs1746: null>
?[0m?[0;34m2023-03-31 16:06:00.434  WARN 29781 --- [nio-8080-exec-2] o.h.e.loading.internal.LoadContexts      : HHH000100: Fail-safe cleanup (collections) : org.hibernate.engine.loading.internal.CollectionLoadContext@11114146<rs=HikariProxyResultSet@1869133084 wrapping rs1809: null>
?[0m?[0;34m2023-03-31 16:06:00.434  WARN 29781 --- [nio-8080-exec-2] o.h.e.loading.internal.LoadContexts      : HHH000100: Fail-safe cleanup (collections) : org.hibernate.engine.loading.internal.CollectionLoadContext@25831160<rs=HikariProxyResultSet@118220189 wrapping rs1927: null>
?[0m?[0;34m2023-03-31 16:06:00.434  WARN 29781 --- [nio-8080-exec-2] o.h.e.loading.internal.LoadContexts      : HHH000100: Fail-safe cleanup (collections) : org.hibernate.engine.loading.internal.CollectionLoadContext@7d6905d4<rs=HikariProxyResultSet@55505954 wrapping rs1983: null>
?[0m?[0;34m2023-03-31 16:06:00.434  WARN 29781 --- [nio-8080-exec-2] o.h.e.loading.internal.LoadContexts      : HHH000100: Fail-safe cleanup (collections) : org.hibernate.engine.loading.internal.CollectionLoadContext@77dcd07d<rs=HikariProxyResultSet@1613198757 wrapping rs2132: null>
?[0m?[0;34m2023-03-31 16:06:00.434  WARN 29781 --- [nio-8080-exec-2] o.h.e.loading.internal.LoadContexts      : HHH000100: Fail-safe cleanup (collections) : org.hibernate.engine.loading.internal.CollectionLoadContext@6cdca4b1<rs=HikariProxyResultSet@955867686 wrapping rs1997: null>
?[0m?[0;34m2023-03-31 16:06:00.434  WARN 29781 --- [nio-8080-exec-2] o.h.e.loading.internal.LoadContexts      : HHH000100: Fail-safe cleanup (collections) : org.hibernate.engine.loading.internal.CollectionLoadContext@51e9a05b<rs=HikariProxyResultSet@1593692581 wrapping rs2190: null>
?[0m?[0;34m2023-03-31 16:06:00.434  WARN 29781 --- [nio-8080-exec-2] o.h.e.loading.internal.LoadContexts      : HHH000100: Fail-safe cleanup (collections) : org.hibernate.engine.loading.internal.CollectionLoadContext@649b5817<rs=HikariProxyResultSet@1425607851 wrapping rs2157: null>
?[0m?[0;34m2023-03-31 16:06:00.434  WARN 29781 --- [nio-8080-exec-2] o.h.e.loading.internal.LoadContexts      : HHH000100: Fail-safe cleanup (collections) : org.hibernate.engine.loading.internal.CollectionLoadContext@75d523c1<rs=HikariProxyResultSet@1343107501 wrapping rs1758: null>
?[0m?[0;34m2023-03-31 16:06:00.434  WARN 29781 --- [nio-8080-exec-2] o.h.e.loading.internal.LoadContexts      : HHH000100: Fail-safe cleanup (collections) : org.hibernate.engine.loading.internal.CollectionLoadContext@7c25e8e6<rs=HikariProxyResultSet@605330990 wrapping rs2055: null>
?[0m?[0;34m2023-03-31 16:06:00.434  WARN 29781 --- [nio-8080-exec-2] o.h.e.loading.internal.LoadContexts      : HHH000100: Fail-safe cleanup (collections) : org.hibernate.engine.loading.internal.CollectionLoadContext@60526441<rs=HikariProxyResultSet@1647331507 wrapping rs2010: null>
?[0m?[0;34m2023-03-31 16:06:00.434  WARN 29781 --- [nio-8080-exec-2] o.h.e.loading.internal.LoadContexts      : HHH000100: Fail-safe cleanup (collections) : org.hibernate.engine.loading.internal.CollectionLoadContext@5e37d3bc<rs=HikariProxyResultSet@1043662132 wrapping rs1947: null>
?[0m?[0;34m2023-03-31 16:06:00.434  WARN 29781 --- [nio-8080-exec-2] o.h.e.loading.internal.LoadContexts      : HHH000100: Fail-safe cleanup (collections) : org.hibernate.engine.loading.internal.CollectionLoadContext@2a03890<rs=HikariProxyResultSet@1357535927 wrapping rs1843: null>
?[0m?[0;34m2023-03-31 16:06:00.434  WARN 29781 --- [nio-8080-exec-2] o.h.e.loading.internal.LoadContexts      : HHH000100: Fail-safe cleanup (collections) : org.hibernate.engine.loading.internal.CollectionLoadContext@511182fa<rs=HikariProxyResultSet@879684408 wrapping rs1814: null>
?[0m?[0;34m2023-03-31 16:06:00.434  WARN 29781 --- [nio-8080-exec-2] o.h.e.loading.internal.LoadContexts      : HHH000100: Fail-safe cleanup (collections) : org.hibernate.engine.loading.internal.CollectionLoadContext@229284f5<rs=HikariProxyResultSet@843647163 wrapping rs1985: null>
?[0m?[0;34m2023-03-31 16:06:00.434  WARN 29781 --- [nio-8080-exec-2] o.h.e.loading.internal.LoadContexts      : HHH000100: Fail-safe cleanup (collections) : org.hibernate.engine.loading.internal.CollectionLoadContext@42d81928<rs=HikariProxyResultSet@1749760961 wrapping rs2136: null>
?[0m?[0;34m2023-03-31 16:06:00.434  WARN 29781 --- [nio-8080-exec-2] o.h.e.loading.internal.LoadContexts      : HHH000100: Fail-safe cleanup (collections) : org.hibernate.engine.loading.internal.CollectionLoadContext@41bfdd5b<rs=HikariProxyResultSet@910011329 wrapping rs2228: null>
?[0m?[0;34m2023-03-31 16:06:00.434  WARN 29781 --- [nio-8080-exec-2] o.h.e.loading.internal.LoadContexts      : HHH000100: Fail-safe cleanup (collections) : org.hibernate.engine.loading.internal.CollectionLoadContext@1ce491c4<rs=HikariProxyResultSet@2117094595 wrapping rs1782: null>
?[0m?[0;34m2023-03-31 16:06:00.434  WARN 29781 --- [nio-8080-exec-2] o.h.e.loading.internal.LoadContexts      : HHH000100: Fail-safe cleanup (collections) : org.hibernate.engine.loading.internal.CollectionLoadContext@2ae71b81<rs=HikariProxyResultSet@123496643 wrapping rs1792: null>
?[0m?[0;34m2023-03-31 16:06:00.434  WARN 29781 --- [nio-8080-exec-2] o.h.e.loading.internal.LoadContexts      : HHH000100: Fail-safe cleanup (collections) : org.hibernate.engine.loading.internal.CollectionLoadContext@28f456ac<rs=HikariProxyResultSet@372325700 wrapping rs1851: null>
?[0m?[0;34m2023-03-31 16:06:00.434  WARN 29781 --- [nio-8080-exec-2] o.h.e.loading.internal.LoadContexts      : HHH000100: Fail-safe cleanup (collections) : org.hibernate.engine.loading.internal.CollectionLoadContext@179e03ec<rs=HikariProxyResultSet@308784710 wrapping rs1810: null>
?[0m?[0;34m2023-03-31 16:06:00.434  WARN 29781 --- [nio-8080-exec-2] o.h.e.loading.internal.LoadContexts      : HHH000100: Fail-safe cleanup (collections) : org.hibernate.engine.loading.internal.CollectionLoadContext@2f4cda6a<rs=HikariProxyResultSet@1866305223 wrapping rs1768: null>
?[0m?[0;34m2023-03-31 16:06:00.434  WARN 29781 --- [nio-8080-exec-2] o.h.e.loading.internal.LoadContexts      : HHH000100: Fail-safe cleanup (collections) : org.hibernate.engine.loading.internal.CollectionLoadContext@3d65e711<rs=HikariProxyResultSet@957847497 wrapping rs2231: null>
?[0m?[0;34m2023-03-31 16:06:00.434  WARN 29781 --- [nio-8080-exec-2] o.h.e.loading.internal.LoadContexts      : HHH000100: Fail-safe cleanup (collections) : org.hibernate.engine.loading.internal.CollectionLoadContext@37ae8727<rs=HikariProxyResultSet@1709865292 wrapping rs2089: null>
?[0m?[0;34m2023-03-31 16:06:00.434  WARN 29781 --- [nio-8080-exec-2] o.h.e.loading.internal.LoadContexts      : HHH000100: Fail-safe cleanup (collections) : org.hibernate.engine.loading.internal.CollectionLoadContext@50c8635d<rs=HikariProxyResultSet@1157955021 wrapping rs1781: null>
?[0m?[0;34m2023-03-31 16:06:00.434  WARN 29781 --- [nio-8080-exec-2] o.h.e.loading.internal.LoadContexts      : HHH000100: Fail-safe cleanup (collections) : org.hibernate.engine.loading.internal.CollectionLoadContext@199e6ca4<rs=HikariProxyResultSet@450859469 wrapping rs1949: null>
?[0m?[0;34m2023-03-31 16:06:00.434  WARN 29781 --- [nio-8080-exec-2] o.h.e.loading.internal.LoadContexts      : HHH000100: Fail-safe cleanup (collections) : org.hibernate.engine.loading.internal.CollectionLoadContext@b515de9<rs=HikariProxyResultSet@442369614 wrapping rs2092: null>
?[0m?[0;34m2023-03-31 16:06:00.434  WARN 29781 --- [nio-8080-exec-2] o.h.e.loading.internal.LoadContexts      : HHH000100: Fail-safe cleanup (collections) : org.hibernate.engine.loading.internal.CollectionLoadContext@4885641b<rs=HikariProxyResultSet@1684520784 wrapping rs1847: null>
?[0m?[0;34m2023-03-31 16:06:00.434  WARN 29781 --- [nio-8080-exec-2] o.h.e.loading.internal.LoadContexts      : HHH000100: Fail-safe cleanup (collections) : org.hibernate.engine.loading.internal.CollectionLoadContext@5bc424dd<rs=HikariProxyResultSet@83463637 wrapping rs1875: null>
?[0m?[0;34m2023-03-31 16:06:00.434  WARN 29781 --- [nio-8080-exec-2] o.h.e.loading.internal.LoadContexts      : HHH000100: Fail-safe cleanup (collections) : org.hibernate.engine.loading.internal.CollectionLoadContext@31d5984d<rs=HikariProxyResultSet@1153788373 wrapping rs2003: null>
?[0m?[0;34m2023-03-31 16:06:00.434  WARN 29781 --- [nio-8080-exec-2] o.h.e.loading.internal.LoadContexts      : HHH000100: Fail-safe cleanup (collections) : org.hibernate.engine.loading.internal.CollectionLoadContext@306a258b<rs=HikariProxyResultSet@500422359 wrapping rs1844: null>
?[0m?[0;34m2023-03-31 16:06:00.434  WARN 29781 --- [nio-8080-exec-2] o.h.e.loading.internal.LoadContexts      : HHH000100: Fail-safe cleanup (collections) : org.hibernate.engine.loading.internal.CollectionLoadContext@532c2a21<rs=HikariProxyResultSet@1478351704 wrapping rs1755: null>
?[0m?[0;34m2023-03-31 16:06:00.434  WARN 29781 --- [nio-8080-exec-2] o.h.e.loading.internal.LoadContexts      : HHH000100: Fail-safe cleanup (collections) : org.hibernate.engine.loading.internal.CollectionLoadContext@29b40e55<rs=HikariProxyResultSet@2038920161 wrapping rs1764: null>
?[0m?[0;34m2023-03-31 16:06:00.434  WARN 29781 --- [nio-8080-exec-2] o.h.e.loading.internal.LoadContexts      : HHH000100: Fail-safe cleanup (collections) : org.hibernate.engine.loading.internal.CollectionLoadContext@34beecde<rs=HikariProxyResultSet@1810251745 wrapping rs2063: null>
?[0m?[0;34m2023-03-31 16:06:00.434  WARN 29781 --- [nio-8080-exec-2] o.h.e.loading.internal.LoadContexts      : HHH000100: Fail-safe cleanup (collections) : org.hibernate.engine.loading.internal.CollectionLoadContext@5519d1bf<rs=HikariProxyResultSet@1162520803 wrapping rs1981: null>
?[0m?[0;34m2023-03-31 16:06:00.434  WARN 29781 --- [nio-8080-exec-2] o.h.e.loading.internal.LoadContexts      : HHH000100: Fail-safe cleanup (collections) : org.hibernate.engine.loading.internal.CollectionLoadContext@6756941f<rs=HikariProxyResultSet@1545634148 wrapping rs2225: null>
?[0m?[0;34m2023-03-31 16:06:00.434  WARN 29781 --- [nio-8080-exec-2] o.h.e.loading.internal.LoadContexts      : HHH000100: Fail-safe cleanup (collections) : org.hibernate.engine.loading.internal.CollectionLoadContext@6e19e806<rs=HikariProxyResultSet@1550950885 wrapping rs1805: null>
?[0m?[0;34m2023-03-31 16:06:00.434  WARN 29781 --- [nio-8080-exec-2] o.h.e.loading.internal.LoadContexts      : HHH000100: Fail-safe cleanup (collections) : org.hibernate.engine.loading.internal.CollectionLoadContext@2d022107<rs=HikariProxyResultSet@404689510 wrapping rs2067: null>
?[0m?[0;34m2023-03-31 16:06:00.434  WARN 29781 --- [nio-8080-exec-2] o.h.e.loading.internal.LoadContexts      : HHH000100: Fail-safe cleanup (collections) : org.hibernate.engine.loading.internal.CollectionLoadContext@368d8931<rs=HikariProxyResultSet@1256771303 wrapping rs1788: null>
?[0m?[0;34m2023-03-31 16:06:00.434  WARN 29781 --- [nio-8080-exec-2] o.h.e.loading.internal.LoadContexts      : HHH000100: Fail-safe cleanup (collections) : org.hibernate.engine.loading.internal.CollectionLoadContext@65280593<rs=HikariProxyResultSet@1405103597 wrapping rs1726: null>
?[0m?[0;34m2023-03-31 16:06:00.434  WARN 29781 --- [nio-8080-exec-2] o.h.e.loading.internal.LoadContexts      : HHH000100: Fail-safe cleanup (collections) : org.hibernate.engine.loading.internal.CollectionLoadContext@44d098e8<rs=HikariProxyResultSet@2039876206 wrapping rs1853: null>
?[0m?[0;34m2023-03-31 16:06:00.434  WARN 29781 --- [nio-8080-exec-2] o.h.e.loading.internal.LoadContexts      : HHH000100: Fail-safe cleanup (collections) : org.hibernate.engine.loading.internal.CollectionLoadContext@7866836c<rs=HikariProxyResultSet@1514124144 wrapping rs1925: null>
?[0m?[0;34m2023-03-31 16:06:00.434  WARN 29781 --- [nio-8080-exec-2] o.h.e.loading.internal.LoadContexts      : HHH000100: Fail-safe cleanup (collections) : org.hibernate.engine.loading.internal.CollectionLoadContext@22785950<rs=HikariProxyResultSet@1240835444 wrapping rs1783: null>
?[0m?[0;34m2023-03-31 16:06:00.434  WARN 29781 --- [nio-8080-exec-2] o.h.e.loading.internal.LoadContexts      : HHH000100: Fail-safe cleanup (collections) : org.hibernate.engine.loading.internal.CollectionLoadContext@7d9c411<rs=HikariProxyResultSet@2049242613 wrapping rs1747: null>
?[0m?[0;34m2023-03-31 16:06:00.434  WARN 29781 --- [nio-8080-exec-2] o.h.e.loading.internal.LoadContexts      : HHH000100: Fail-safe cleanup (collections) : org.hibernate.engine.loading.internal.CollectionLoadContext@470e1bda<rs=HikariProxyResultSet@1145358837 wrapping rs1996: null>
?[0m?[0;34m2023-03-31 16:06:00.434  WARN 29781 --- [nio-8080-exec-2] o.h.e.loading.internal.LoadContexts      : HHH000100: Fail-safe cleanup (collections) : org.hibernate.engine.loading.internal.CollectionLoadContext@bbf8db4<rs=HikariProxyResultSet@1859402487 wrapping rs1961: null>
?[0m?[0;34m2023-03-31 16:06:00.434  WARN 29781 --- [nio-8080-exec-2] o.h.e.loading.internal.LoadContexts      : HHH000100: Fail-safe cleanup (collections) : org.hibernate.engine.loading.internal.CollectionLoadContext@6bedf74a<rs=HikariProxyResultSet@2144720889 wrapping rs1784: null>
?[0m?[0;34m2023-03-31 16:06:00.434  WARN 29781 --- [nio-8080-exec-2] o.h.e.loading.internal.LoadContexts      : HHH000100: Fail-safe cleanup (collections) : org.hibernate.engine.loading.internal.CollectionLoadContext@225d4f6a<rs=HikariProxyResultSet@1352042489 wrapping rs2185: null>
?[0m?[0;34m2023-03-31 16:06:00.434  WARN 29781 --- [nio-8080-exec-2] o.h.e.loading.internal.LoadContexts      : HHH000100: Fail-safe cleanup (collections) : org.hibernate.engine.loading.internal.CollectionLoadContext@15ba5030<rs=HikariProxyResultSet@536031483 wrapping rs2199: null>
?[0m?[0;34m2023-03-31 16:06:00.434  WARN 29781 --- [nio-8080-exec-2] o.h.e.loading.internal.LoadContexts      : HHH000100: Fail-safe cleanup (collections) : org.hibernate.engine.loading.internal.CollectionLoadContext@621fad1e<rs=HikariProxyResultSet@841517565 wrapping rs1975: null>
?[0m?[0;34m2023-03-31 16:06:00.434  WARN 29781 --- [nio-8080-exec-2] o.h.e.loading.internal.LoadContexts      : HHH000100: Fail-safe cleanup (collections) : org.hibernate.engine.loading.internal.CollectionLoadContext@664c51b0<rs=HikariProxyResultSet@2038364798 wrapping rs1762: null>
?[0m?[0;34m2023-03-31 16:06:00.434  WARN 29781 --- [nio-8080-exec-2] o.h.e.loading.internal.LoadContexts      : HHH000100: Fail-safe cleanup (collections) : org.hibernate.engine.loading.internal.CollectionLoadContext@2ea2640c<rs=HikariProxyResultSet@1611789055 wrapping rs1878: null>
?[0m?[0;34m2023-03-31 16:06:00.434  WARN 29781 --- [nio-8080-exec-2] o.h.e.loading.internal.LoadContexts      : HHH000100: Fail-safe cleanup (collections) : org.hibernate.engine.loading.internal.CollectionLoadContext@695e9a38<rs=HikariProxyResultSet@250435585 wrapping rs1987: null>
?[0m?[0;34m2023-03-31 16:06:00.434  WARN 29781 --- [nio-8080-exec-2] o.h.e.loading.internal.LoadContexts      : HHH000100: Fail-safe cleanup (collections) : org.hibernate.engine.loading.internal.CollectionLoadContext@76b6bd50<rs=HikariProxyResultSet@472150662 wrapping rs1867: null>
?[0m?[0;34m2023-03-31 16:06:00.434  WARN 29781 --- [nio-8080-exec-2] o.h.e.loading.internal.LoadContexts      : HHH000100: Fail-safe cleanup (collections) : org.hibernate.engine.loading.internal.CollectionLoadContext@7273b3e7<rs=HikariProxyResultSet@669663112 wrapping rs1964: null>
?[0m?[0;34m2023-03-31 16:06:00.434  WARN 29781 --- [nio-8080-exec-2] o.h.e.loading.internal.LoadContexts      : HHH000100: Fail-safe cleanup (collections) : org.hibernate.engine.loading.internal.CollectionLoadContext@4f4c2ba1<rs=HikariProxyResultSet@1750012300 wrapping rs1816: null>
?[0m?[0;34m2023-03-31 16:06:00.434  WARN 29781 --- [nio-8080-exec-2] o.h.e.loading.internal.LoadContexts      : HHH000100: Fail-safe cleanup (collections) : org.hibernate.engine.loading.internal.CollectionLoadContext@525ef72a<rs=HikariProxyResultSet@1251469966 wrapping rs1955: null>
?[0m?[0;34m2023-03-31 16:06:00.434  WARN 29781 --- [nio-8080-exec-2] o.h.e.loading.internal.LoadContexts      : HHH000100: Fail-safe cleanup (collections) : org.hibernate.engine.loading.internal.CollectionLoadContext@11418c0c<rs=HikariProxyResultSet@978191635 wrapping rs1686: null>
?[0m?[0;34m2023-03-31 16:06:00.434  WARN 29781 --- [nio-8080-exec-2] o.h.e.loading.internal.LoadContexts      : HHH000100: Fail-safe cleanup (collections) : org.hibernate.engine.loading.internal.CollectionLoadContext@7ec2f948<rs=HikariProxyResultSet@1218036116 wrapping rs2087: null>
?[0m?[0;34m2023-03-31 16:06:00.434  WARN 29781 --- [nio-8080-exec-2] o.h.e.loading.internal.LoadContexts      : HHH000100: Fail-safe cleanup (collections) : org.hibernate.engine.loading.internal.CollectionLoadContext@50fdd412<rs=HikariProxyResultSet@792993430 wrapping rs2226: null>
?[0m?[0;34m2023-03-31 16:06:00.434  WARN 29781 --- [nio-8080-exec-2] o.h.e.loading.internal.LoadContexts      : HHH000100: Fail-safe cleanup (collections) : org.hibernate.engine.loading.internal.CollectionLoadContext@753f8e80<rs=HikariProxyResultSet@363707933 wrapping rs1907: null>
?[0m?[0;34m2023-03-31 16:06:00.434  WARN 29781 --- [nio-8080-exec-2] o.h.e.loading.internal.LoadContexts      : HHH000100: Fail-safe cleanup (collections) : org.hibernate.engine.loading.internal.CollectionLoadContext@68835dc7<rs=HikariProxyResultSet@1407260318 wrapping rs1811: null>
?[0m?[0;34m2023-03-31 16:06:00.434  WARN 29781 --- [nio-8080-exec-2] o.h.e.loading.internal.LoadContexts      : HHH000100: Fail-safe cleanup (collections) : org.hibernate.engine.loading.internal.CollectionLoadContext@162e126<rs=HikariProxyResultSet@2014663197 wrapping rs2163: null>
?[0m?[0;34m2023-03-31 16:06:00.434  WARN 29781 --- [nio-8080-exec-2] o.h.e.loading.internal.LoadContexts      : HHH000100: Fail-safe cleanup (collections) : org.hibernate.engine.loading.internal.CollectionLoadContext@3f01e85c<rs=HikariProxyResultSet@281672350 wrapping rs2171: null>
?[0m?[0;34m2023-03-31 16:06:00.434  WARN 29781 --- [nio-8080-exec-2] o.h.e.loading.internal.LoadContexts      : HHH000100: Fail-safe cleanup (collections) : org.hibernate.engine.loading.internal.CollectionLoadContext@36433ab2<rs=HikariProxyResultSet@318779425 wrapping rs1881: null>
?[0m?[0;34m2023-03-31 16:06:00.434  WARN 29781 --- [nio-8080-exec-2] o.h.e.loading.internal.LoadContexts      : HHH000100: Fail-safe cleanup (collections) : org.hibernate.engine.loading.internal.CollectionLoadContext@445c24d8<rs=HikariProxyResultSet@1590998049 wrapping rs2033: null>
?[0m?[0;34m2023-03-31 16:06:00.434  WARN 29781 --- [nio-8080-exec-2] o.h.e.loading.internal.LoadContexts      : HHH000100: Fail-safe cleanup (collections) : org.hibernate.engine.loading.internal.CollectionLoadContext@52a186a4<rs=HikariProxyResultSet@1720650406 wrapping rs2150: null>
?[0m?[0;34m2023-03-31 16:06:00.434  WARN 29781 --- [nio-8080-exec-2] o.h.e.loading.internal.LoadContexts      : HHH000100: Fail-safe cleanup (collections) : org.hibernate.engine.loading.internal.CollectionLoadContext@6252c7a4<rs=HikariProxyResultSet@1734980907 wrapping rs1896: null>
?[0m?[0;34m2023-03-31 16:06:00.434  WARN 29781 --- [nio-8080-exec-2] o.h.e.loading.internal.LoadContexts      : HHH000100: Fail-safe cleanup (collections) : org.hibernate.engine.loading.internal.CollectionLoadContext@4d6be7f6<rs=HikariProxyResultSet@262519212 wrapping rs1696: null>
?[0m?[0;34m2023-03-31 16:06:00.434  WARN 29781 --- [nio-8080-exec-2] o.h.e.loading.internal.LoadContexts      : HHH000100: Fail-safe cleanup (collections) : org.hibernate.engine.loading.internal.CollectionLoadContext@68347067<rs=HikariProxyResultSet@988878252 wrapping rs1710: null>
?[0m?[0;34m2023-03-31 16:06:00.434  WARN 29781 --- [nio-8080-exec-2] o.h.e.loading.internal.LoadContexts      : HHH000100: Fail-safe cleanup (collections) : org.hibernate.engine.loading.internal.CollectionLoadContext@36fe4f63<rs=HikariProxyResultSet@1649242798 wrapping rs2008: null>
?[0m?[0;34m2023-03-31 16:06:00.435  WARN 29781 --- [nio-8080-exec-2] o.h.e.loading.internal.LoadContexts      : HHH000100: Fail-safe cleanup (collections) : org.hibernate.engine.loading.internal.CollectionLoadContext@42e5c1ff<rs=HikariProxyResultSet@437167919 wrapping rs2004: null>
?[0m?[0;34m2023-03-31 16:06:00.435  WARN 29781 --- [nio-8080-exec-2] o.h.e.loading.internal.LoadContexts      : HHH000100: Fail-safe cleanup (collections) : org.hibernate.engine.loading.internal.CollectionLoadContext@50a3ca02<rs=HikariProxyResultSet@761112496 wrapping rs1741: null>
?[0m?[0;34m2023-03-31 16:06:00.435  WARN 29781 --- [nio-8080-exec-2] o.h.e.loading.internal.LoadContexts      : HHH000100: Fail-safe cleanup (collections) : org.hibernate.engine.loading.internal.CollectionLoadContext@1bdf3f39<rs=HikariProxyResultSet@638002862 wrapping rs2100: null>
?[0m?[0;34m2023-03-31 16:06:00.435  WARN 29781 --- [nio-8080-exec-2] o.h.e.loading.internal.LoadContexts      : HHH000100: Fail-safe cleanup (collections) : org.hibernate.engine.loading.internal.CollectionLoadContext@5f9efe76<rs=HikariProxyResultSet@372370223 wrapping rs2128: null>
?[0m?[0;34m2023-03-31 16:06:00.435  WARN 29781 --- [nio-8080-exec-2] o.h.e.loading.internal.LoadContexts      : HHH000100: Fail-safe cleanup (collections) : org.hibernate.engine.loading.internal.CollectionLoadContext@33182643<rs=HikariProxyResultSet@1545840302 wrapping rs2181: null>
?[0m?[0;34m2023-03-31 16:06:00.435  WARN 29781 --- [nio-8080-exec-2] o.h.e.loading.internal.LoadContexts      : HHH000100: Fail-safe cleanup (collections) : org.hibernate.engine.loading.internal.CollectionLoadContext@7da509f8<rs=HikariProxyResultSet@159567284 wrapping rs1817: null>
?[0m?[0;34m2023-03-31 16:06:00.435  WARN 29781 --- [nio-8080-exec-2] o.h.e.loading.internal.LoadContexts      : HHH000100: Fail-safe cleanup (collections) : org.hibernate.engine.loading.internal.CollectionLoadContext@1fe1d782<rs=HikariProxyResultSet@1199959605 wrapping rs1734: null>
?[0m?[0;34m2023-03-31 16:06:00.435  WARN 29781 --- [nio-8080-exec-2] o.h.e.loading.internal.LoadContexts      : HHH000100: Fail-safe cleanup (collections) : org.hibernate.engine.loading.internal.CollectionLoadContext@3724f746<rs=HikariProxyResultSet@2095296053 wrapping rs1806: null>
?[0m?[0;34m2023-03-31 16:06:00.435  WARN 29781 --- [nio-8080-exec-2] o.h.e.loading.internal.LoadContexts      : HHH000100: Fail-safe cleanup (collections) : org.hibernate.engine.loading.internal.CollectionLoadContext@45fcf5df<rs=HikariProxyResultSet@810073524 wrapping rs1882: null>
?[0m?[0;34m2023-03-31 16:06:00.435  WARN 29781 --- [nio-8080-exec-2] o.h.e.loading.internal.LoadContexts      : HHH000100: Fail-safe cleanup (collections) : org.hibernate.engine.loading.internal.CollectionLoadContext@1043de51<rs=HikariProxyResultSet@790220728 wrapping rs1831: null>
?[0m?[0;34m2023-03-31 16:06:00.435  WARN 29781 --- [nio-8080-exec-2] o.h.e.loading.internal.LoadContexts      : HHH000100: Fail-safe cleanup (collections) : org.hibernate.engine.loading.internal.CollectionLoadContext@10f461c<rs=HikariProxyResultSet@1560034998 wrapping rs1935: null>
?[0m?[0;34m2023-03-31 16:06:00.435  WARN 29781 --- [nio-8080-exec-2] o.h.e.loading.internal.LoadContexts      : HHH000100: Fail-safe cleanup (collections) : org.hibernate.engine.loading.internal.CollectionLoadContext@11011fbc<rs=HikariProxyResultSet@289415354 wrapping rs1908: null>
?[0m?[0;34m2023-03-31 16:06:00.435  WARN 29781 --- [nio-8080-exec-2] o.h.e.loading.internal.LoadContexts      : HHH000100: Fail-safe cleanup (collections) : org.hibernate.engine.loading.internal.CollectionLoadContext@33f1524e<rs=HikariProxyResultSet@1277440436 wrapping rs1948: null>
?[0m?[0;34m2023-03-31 16:06:00.435  WARN 29781 --- [nio-8080-exec-2] o.h.e.loading.internal.LoadContexts      : HHH000100: Fail-safe cleanup (collections) : org.hibernate.engine.loading.internal.CollectionLoadContext@3d4eb337<rs=HikariProxyResultSet@583148085 wrapping rs1986: null>
?[0m?[0;34m2023-03-31 16:06:00.435  WARN 29781 --- [nio-8080-exec-2] o.h.e.loading.internal.LoadContexts      : HHH000100: Fail-safe cleanup (collections) : org.hibernate.engine.loading.internal.CollectionLoadContext@460a2d24<rs=HikariProxyResultSet@295020601 wrapping rs2085: null>
?[0m?[0;34m2023-03-31 16:06:00.435  WARN 29781 --- [nio-8080-exec-2] o.h.e.loading.internal.LoadContexts      : HHH000100: Fail-safe cleanup (collections) : org.hibernate.engine.loading.internal.CollectionLoadContext@5f6f26a6<rs=HikariProxyResultSet@829377085 wrapping rs2125: null>
?[0m?[0;34m2023-03-31 16:06:00.435  WARN 29781 --- [nio-8080-exec-2] o.h.e.loading.internal.LoadContexts      : HHH000100: Fail-safe cleanup (collections) : org.hibernate.engine.loading.internal.CollectionLoadContext@66b57c27<rs=HikariProxyResultSet@138334902 wrapping rs2178: null>
?[0m?[0;34m2023-03-31 16:06:00.435  WARN 29781 --- [nio-8080-exec-2] o.h.e.loading.internal.LoadContexts      : HHH000100: Fail-safe cleanup (collections) : org.hibernate.engine.loading.internal.CollectionLoadContext@2e2aaccd<rs=HikariProxyResultSet@207464110 wrapping rs2200: null>
?[0m?[0;34m2023-03-31 16:06:00.435  WARN 29781 --- [nio-8080-exec-2] o.h.e.loading.internal.LoadContexts      : HHH000100: Fail-safe cleanup (collections) : org.hibernate.engine.loading.internal.CollectionLoadContext@395ec721<rs=HikariProxyResultSet@1218587713 wrapping rs1724: null>
?[0m?[0;34m2023-03-31 16:06:00.435  WARN 29781 --- [nio-8080-exec-2] o.h.e.loading.internal.LoadContexts      : HHH000100: Fail-safe cleanup (collections) : org.hibernate.engine.loading.internal.CollectionLoadContext@1fa28cba<rs=HikariProxyResultSet@180006961 wrapping rs2224: null>
?[0m?[0;34m2023-03-31 16:06:00.435  WARN 29781 --- [nio-8080-exec-2] o.h.e.loading.internal.LoadContexts      : HHH000100: Fail-safe cleanup (collections) : org.hibernate.engine.loading.internal.CollectionLoadContext@523b8f2d<rs=HikariProxyResultSet@215730499 wrapping rs1965: null>
?[0m?[0;34m2023-03-31 16:06:00.435  WARN 29781 --- [nio-8080-exec-2] o.h.e.loading.internal.LoadContexts      : HHH000100: Fail-safe cleanup (collections) : org.hibernate.engine.loading.internal.CollectionLoadContext@290c0d63<rs=HikariProxyResultSet@417538500 wrapping rs1683: null>
?[0m?[0;34m2023-03-31 16:06:00.435  WARN 29781 --- [nio-8080-exec-2] o.h.e.loading.internal.LoadContexts      : HHH000100: Fail-safe cleanup (collections) : org.hibernate.engine.loading.internal.CollectionLoadContext@66a4a0ac<rs=HikariProxyResultSet@99484229 wrapping rs1969: null>
?[0m?[0;34m2023-03-31 16:06:00.435  WARN 29781 --- [nio-8080-exec-2] o.h.e.loading.internal.LoadContexts      : HHH000100: Fail-safe cleanup (collections) : org.hibernate.engine.loading.internal.CollectionLoadContext@6de8279e<rs=HikariProxyResultSet@175221446 wrapping rs2079: null>
?[0m?[0;34m2023-03-31 16:06:00.435  WARN 29781 --- [nio-8080-exec-2] o.h.e.loading.internal.LoadContexts      : HHH000100: Fail-safe cleanup (collections) : org.hibernate.engine.loading.internal.CollectionLoadContext@63248fe9<rs=HikariProxyResultSet@373448648 wrapping rs1777: null>
?[0m?[0;34m2023-03-31 16:06:00.435  WARN 29781 --- [nio-8080-exec-2] o.h.e.loading.internal.LoadContexts      : HHH000100: Fail-safe cleanup (collections) : org.hibernate.engine.loading.internal.CollectionLoadContext@2a0ae1fb<rs=HikariProxyResultSet@1753915594 wrapping rs1869: null>
?[0m?[0;34m2023-03-31 16:06:00.435  WARN 29781 --- [nio-8080-exec-2] o.h.e.loading.internal.LoadContexts      : HHH000100: Fail-safe cleanup (collections) : org.hibernate.engine.loading.internal.CollectionLoadContext@696895d6<rs=HikariProxyResultSet@586792275 wrapping rs1868: null>
?[0m?[0;34m2023-03-31 16:06:00.435  WARN 29781 --- [nio-8080-exec-2] o.h.e.loading.internal.LoadContexts      : HHH000100: Fail-safe cleanup (collections) : org.hibernate.engine.loading.internal.CollectionLoadContext@45909bb2<rs=HikariProxyResultSet@393078228 wrapping rs1861: null>
?[0m?[0;34m2023-03-31 16:06:00.435  WARN 29781 --- [nio-8080-exec-2] o.h.e.loading.internal.LoadContexts      : HHH000100: Fail-safe cleanup (collections) : org.hibernate.engine.loading.internal.CollectionLoadContext@20c0f2e<rs=HikariProxyResultSet@1339034197 wrapping rs1984: null>
?[0m?[0;34m2023-03-31 16:06:00.435  WARN 29781 --- [nio-8080-exec-2] o.h.e.loading.internal.LoadContexts      : HHH000100: Fail-safe cleanup (collections) : org.hibernate.engine.loading.internal.CollectionLoadContext@7ff423ad<rs=HikariProxyResultSet@1411525334 wrapping rs2102: null>
?[0m?[0;34m2023-03-31 16:06:00.435  WARN 29781 --- [nio-8080-exec-2] o.h.e.loading.internal.LoadContexts      : HHH000100: Fail-safe cleanup (collections) : org.hibernate.engine.loading.internal.CollectionLoadContext@521fcfa0<rs=HikariProxyResultSet@1468944215 wrapping rs1938: null>
?[0m?[0;34m2023-03-31 16:06:00.435  WARN 29781 --- [nio-8080-exec-2] o.h.e.loading.internal.LoadContexts      : HHH000100: Fail-safe cleanup (collections) : org.hibernate.engine.loading.internal.CollectionLoadContext@1393835a<rs=HikariProxyResultSet@652266456 wrapping rs1872: null>
?[0m?[0;34m2023-03-31 16:06:00.435  WARN 29781 --- [nio-8080-exec-2] o.h.e.loading.internal.LoadContexts      : HHH000100: Fail-safe cleanup (collections) : org.hibernate.engine.loading.internal.CollectionLoadContext@71049b79<rs=HikariProxyResultSet@1316227161 wrapping rs1756: null>
?[0m?[0;34m2023-03-31 16:06:00.435  WARN 29781 --- [nio-8080-exec-2] o.h.e.loading.internal.LoadContexts      : HHH000100: Fail-safe cleanup (collections) : org.hibernate.engine.loading.internal.CollectionLoadContext@2f3337bf<rs=HikariProxyResultSet@1142991066 wrapping rs2070: null>
?[0m?[0;34m2023-03-31 16:06:00.435  WARN 29781 --- [nio-8080-exec-2] o.h.e.loading.internal.LoadContexts      : HHH000100: Fail-safe cleanup (collections) : org.hibernate.engine.loading.internal.CollectionLoadContext@3fd8f36<rs=HikariProxyResultSet@1119747298 wrapping rs2024: null>
?[0m?[0;34m2023-03-31 16:06:00.435  WARN 29781 --- [nio-8080-exec-2] o.h.e.loading.internal.LoadContexts      : HHH000100: Fail-safe cleanup (collections) : org.hibernate.engine.loading.internal.CollectionLoadContext@c7b5540<rs=HikariProxyResultSet@1908262251 wrapping rs2129: null>
?[0m?[0;34m2023-03-31 16:06:00.435  WARN 29781 --- [nio-8080-exec-2] o.h.e.loading.internal.LoadContexts      : HHH000100: Fail-safe cleanup (collections) : org.hibernate.engine.loading.internal.CollectionLoadContext@59f1d8e5<rs=HikariProxyResultSet@2136100203 wrapping rs2146: null>
?[0m?[0;34m2023-03-31 16:06:00.435  WARN 29781 --- [nio-8080-exec-2] o.h.e.loading.internal.LoadContexts      : HHH000100: Fail-safe cleanup (collections) : org.hibernate.engine.loading.internal.CollectionLoadContext@6f4992ab<rs=HikariProxyResultSet@1676311278 wrapping rs1891: null>
?[0m?[0;34m2023-03-31 16:06:00.435  WARN 29781 --- [nio-8080-exec-2] o.h.e.loading.internal.LoadContexts      : HHH000100: Fail-safe cleanup (collections) : org.hibernate.engine.loading.internal.CollectionLoadContext@22244b<rs=HikariProxyResultSet@1450449775 wrapping rs1677: null>
?[0m?[0;34m2023-03-31 16:06:00.435  WARN 29781 --- [nio-8080-exec-2] o.h.e.loading.internal.LoadContexts      : HHH000100: Fail-safe cleanup (collections) : org.hibernate.engine.loading.internal.CollectionLoadContext@5625b05a<rs=HikariProxyResultSet@1653396335 wrapping rs1832: null>
?[0m?[0;34m2023-03-31 16:06:00.435  WARN 29781 --- [nio-8080-exec-2] o.h.e.loading.internal.LoadContexts      : HHH000100: Fail-safe cleanup (collections) : org.hibernate.engine.loading.internal.CollectionLoadContext@1c47c8b<rs=HikariProxyResultSet@2039862385 wrapping rs1793: null>
?[0m?[0;34m2023-03-31 16:06:00.435  WARN 29781 --- [nio-8080-exec-2] o.h.e.loading.internal.LoadContexts      : HHH000100: Fail-safe cleanup (collections) : org.hibernate.engine.loading.internal.CollectionLoadContext@223b7ad2<rs=HikariProxyResultSet@88344302 wrapping rs2028: null>
?[0m?[0;34m2023-03-31 16:06:00.435  WARN 29781 --- [nio-8080-exec-2] o.h.e.loading.internal.LoadContexts      : HHH000100: Fail-safe cleanup (collections) : org.hibernate.engine.loading.internal.CollectionLoadContext@33aa12a2<rs=HikariProxyResultSet@489773427 wrapping rs1789: null>
?[0m?[0;34m2023-03-31 16:06:00.435  WARN 29781 --- [nio-8080-exec-2] o.h.e.loading.internal.LoadContexts      : HHH000100: Fail-safe cleanup (collections) : org.hibernate.engine.loading.internal.CollectionLoadContext@4876d3ed<rs=HikariProxyResultSet@1357225460 wrapping rs1893: null>
?[0m?[0;34m2023-03-31 16:06:00.435  WARN 29781 --- [nio-8080-exec-2] o.h.e.loading.internal.LoadContexts      : HHH000100: Fail-safe cleanup (collections) : org.hibernate.engine.loading.internal.CollectionLoadContext@6af4de4c<rs=HikariProxyResultSet@1969434229 wrapping rs2170: null>
?[0m?[0;34m2023-03-31 16:06:00.435  WARN 29781 --- [nio-8080-exec-2] o.h.e.loading.internal.LoadContexts      : HHH000100: Fail-safe cleanup (collections) : org.hibernate.engine.loading.internal.CollectionLoadContext@1360c42a<rs=HikariProxyResultSet@16102384 wrapping rs2174: null>
?[0m?[0;34m2023-03-31 16:06:00.435  WARN 29781 --- [nio-8080-exec-2] o.h.e.loading.internal.LoadContexts      : HHH000100: Fail-safe cleanup (collections) : org.hibernate.engine.loading.internal.CollectionLoadContext@703cebe6<rs=HikariProxyResultSet@989005816 wrapping rs2065: null>
?[0m?[0;34m2023-03-31 16:06:00.435  WARN 29781 --- [nio-8080-exec-2] o.h.e.loading.internal.LoadContexts      : HHH000100: Fail-safe cleanup (collections) : org.hibernate.engine.loading.internal.CollectionLoadContext@e2ba7b7<rs=HikariProxyResultSet@722902137 wrapping rs1822: null>
?[0m?[0;34m2023-03-31 16:06:00.435  WARN 29781 --- [nio-8080-exec-2] o.h.e.loading.internal.LoadContexts      : HHH000100: Fail-safe cleanup (collections) : org.hibernate.engine.loading.internal.CollectionLoadContext@42611e80<rs=HikariProxyResultSet@940269689 wrapping rs1918: null>
?[0m?[0;34m2023-03-31 16:06:00.435  WARN 29781 --- [nio-8080-exec-2] o.h.e.loading.internal.LoadContexts      : HHH000100: Fail-safe cleanup (collections) : org.hibernate.engine.loading.internal.CollectionLoadContext@57b5c372<rs=HikariProxyResultSet@590190205 wrapping rs1890: null>
?[0m?[0;34m2023-03-31 16:06:00.435  WARN 29781 --- [nio-8080-exec-2] o.h.e.loading.internal.LoadContexts      : HHH000100: Fail-safe cleanup (collections) : org.hibernate.engine.loading.internal.CollectionLoadContext@40c161b9<rs=HikariProxyResultSet@394538750 wrapping rs2203: null>
?[0m?[0;34m2023-03-31 16:06:00.435  WARN 29781 --- [nio-8080-exec-2] o.h.e.loading.internal.LoadContexts      : HHH000100: Fail-safe cleanup (collections) : org.hibernate.engine.loading.internal.CollectionLoadContext@13847009<rs=HikariProxyResultSet@2060108671 wrapping rs1991: null>
?[0m?[0;34m2023-03-31 16:06:00.435 DEBUG 29781 --- [nio-8080-exec-2] o.s.web.servlet.DispatcherServlet        : Completed 200 OK
?[0m?[0;34m2023-03-31 16:06:00.435 DEBUG 29781 --- [nio-8080-exec-2] w.c.HttpSessionSecurityContextRepository : Stored SecurityContextImpl [Authentication=UsernamePasswordAuthenticationToken [Principal=recipes.UserDetailsImpl@30be6210, Credentials=[PROTECTED], Authenticated=true, Details=WebAuthenticationDetails [RemoteIpAddress=127.0.0.1, SessionId=null], Granted Authorities=[ROLE_USER]]] to HttpSession [org.apache.catalina.session.StandardSessionFacade@658ba533]
?[0m?[0;34m2023-03-31 16:06:00.435 DEBUG 29781 --- [nio-8080-exec-2] s.s.w.c.SecurityContextPersistenceFilter : Cleared SecurityContextHolder to complete request
?[1;31m
Start test 16?[0m
?[0;34m2023-03-31 16:06:00.442 DEBUG 29781 --- [nio-8080-exec-3] o.s.security.web.FilterChainProxy        : Securing PUT /api/recipe/1
?[0m?[0;34m2023-03-31 16:06:00.443 DEBUG 29781 --- [nio-8080-exec-3] s.s.w.c.SecurityContextPersistenceFilter : Set SecurityContextHolder to empty SecurityContext
?[0m?[0;34m2023-03-31 16:06:00.443 DEBUG 29781 --- [nio-8080-exec-3] tor$SharedEntityManagerInvocationHandler : Creating new EntityManager for shared EntityManager invocation
?[0m?[0;34m2023-03-31 16:06:00.525 DEBUG 29781 --- [nio-8080-exec-3] o.s.s.a.dao.DaoAuthenticationProvider    : Authenticated user
?[0m?[0;34m2023-03-31 16:06:00.525 DEBUG 29781 --- [nio-8080-exec-3] o.s.s.w.a.www.BasicAuthenticationFilter  : Set SecurityContextHolder to UsernamePasswordAuthenticationToken [Principal=recipes.UserDetailsImpl@263f5085, Credentials=[PROTECTED], Authenticated=true, Details=WebAuthenticationDetails [RemoteIpAddress=127.0.0.1, SessionId=null], Granted Authorities=[ROLE_USER]]
?[0m?[0;34m2023-03-31 16:06:00.525 DEBUG 29781 --- [nio-8080-exec-3] w.c.HttpSessionSecurityContextRepository : Created HttpSession as SecurityContext is non-default
?[0m?[0;34m2023-03-31 16:06:00.525 DEBUG 29781 --- [nio-8080-exec-3] w.c.HttpSessionSecurityContextRepository : Stored SecurityContextImpl [Authentication=UsernamePasswordAuthenticationToken [Principal=recipes.UserDetailsImpl@263f5085, Credentials=[PROTECTED], Authenticated=true, Details=WebAuthenticationDetails [RemoteIpAddress=127.0.0.1, SessionId=null], Granted Authorities=[ROLE_USER]]] to HttpSession [org.apache.catalina.session.StandardSessionFacade@1a768a17]
?[0m?[0;34m2023-03-31 16:06:00.525 DEBUG 29781 --- [nio-8080-exec-3] o.s.s.w.a.i.FilterSecurityInterceptor    : Authorized filter invocation [PUT /api/recipe/1] with attributes [hasRole('ROLE_USER')]
?[0m?[0;34m2023-03-31 16:06:00.525 DEBUG 29781 --- [nio-8080-exec-3] o.s.security.web.FilterChainProxy        : Secured PUT /api/recipe/1
?[0m?[0;34m2023-03-31 16:06:00.525 DEBUG 29781 --- [nio-8080-exec-3] o.s.web.servlet.DispatcherServlet        : PUT "/api/recipe/1", parameters={}
?[0m?[0;34m2023-03-31 16:06:00.526 DEBUG 29781 --- [nio-8080-exec-3] s.w.s.m.m.a.RequestMappingHandlerMapping : Mapped to recipes.RecipesController#updateRecipe(long, Recipe, UserDetails)
?[0m?[0;34m2023-03-31 16:06:00.526 DEBUG 29781 --- [nio-8080-exec-3] o.j.s.OpenEntityManagerInViewInterceptor : Opening JPA EntityManager in OpenEntityManagerInViewInterceptor
?[0m?[0;34m2023-03-31 16:06:00.528 DEBUG 29781 --- [nio-8080-exec-3] m.m.a.RequestResponseBodyMethodProcessor : Read "application/json;charset=UTF-8" to [Recipe(id=0, name=Warming Ginger Tea /Test, category=beverage /Test, date=null, description=Ginger t (truncated)...]
?[0m?[0;34m2023-03-31 16:06:00.537 DEBUG 29781 --- [nio-8080-exec-3] o.s.orm.jpa.JpaTransactionManager        : Found thread-bound EntityManager [SessionImpl(697753296<open>)] for JPA transaction
?[0m?[0;34m2023-03-31 16:06:00.537 DEBUG 29781 --- [nio-8080-exec-3] o.s.orm.jpa.JpaTransactionManager        : Creating new transaction with name [org.springframework.data.jpa.repository.support.SimpleJpaRepository.findById]: PROPAGATION_REQUIRED,ISOLATION_DEFAULT,readOnly
?[0m?[0;34m2023-03-31 16:06:00.538 DEBUG 29781 --- [nio-8080-exec-3] o.s.jdbc.datasource.DataSourceUtils      : Setting JDBC Connection [HikariProxyConnection@1426223864 wrapping conn10: url=jdbc:h2:file:../recipes_db user=SA] read-only
?[0m?[0;34m2023-03-31 16:06:00.538 DEBUG 29781 --- [nio-8080-exec-3] o.s.orm.jpa.JpaTransactionManager        : Exposing JPA transaction as JDBC [org.springframework.orm.jpa.vendor.HibernateJpaDialect$HibernateConnectionHandle@35d5518a]
?[0m?[0;34m2023-03-31 16:06:00.539 DEBUG 29781 --- [nio-8080-exec-3] o.s.orm.jpa.JpaTransactionManager        : Initiating transaction commit
?[0m?[0;34m2023-03-31 16:06:00.539 DEBUG 29781 --- [nio-8080-exec-3] o.s.orm.jpa.JpaTransactionManager        : Committing JPA transaction on EntityManager [SessionImpl(697753296<open>)]
?[0m?[0;34m2023-03-31 16:06:00.539 DEBUG 29781 --- [nio-8080-exec-3] o.s.jdbc.datasource.DataSourceUtils      : Resetting read-only flag of JDBC Connection [HikariProxyConnection@1426223864 wrapping conn10: url=jdbc:h2:file:../recipes_db user=SA]
?[0m?[0;34m2023-03-31 16:06:00.539 DEBUG 29781 --- [nio-8080-exec-3] o.s.orm.jpa.JpaTransactionManager        : Not closing pre-bound JPA EntityManager after transaction
?[0m?[0;34m2023-03-31 16:06:00.539 DEBUG 29781 --- [nio-8080-exec-3] o.s.orm.jpa.JpaTransactionManager        : Found thread-bound EntityManager [SessionImpl(697753296<open>)] for JPA transaction
?[0m?[0;34m2023-03-31 16:06:00.539 DEBUG 29781 --- [nio-8080-exec-3] o.s.orm.jpa.JpaTransactionManager        : Creating new transaction with name [org.springframework.data.jpa.repository.support.SimpleJpaRepository.findById]: PROPAGATION_REQUIRED,ISOLATION_DEFAULT,readOnly
?[0m?[0;34m2023-03-31 16:06:00.539 DEBUG 29781 --- [nio-8080-exec-3] o.s.jdbc.datasource.DataSourceUtils      : Setting JDBC Connection [HikariProxyConnection@1426223864 wrapping conn10: url=jdbc:h2:file:../recipes_db user=SA] read-only
?[0m?[0;34m2023-03-31 16:06:00.539 DEBUG 29781 --- [nio-8080-exec-3] o.s.orm.jpa.JpaTransactionManager        : Exposing JPA transaction as JDBC [org.springframework.orm.jpa.vendor.HibernateJpaDialect$HibernateConnectionHandle@61dfc85f]
?[0m?[0;34m2023-03-31 16:06:00.539 DEBUG 29781 --- [nio-8080-exec-3] o.s.orm.jpa.JpaTransactionManager        : Initiating transaction commit
?[0m?[0;34m2023-03-31 16:06:00.539 DEBUG 29781 --- [nio-8080-exec-3] o.s.orm.jpa.JpaTransactionManager        : Committing JPA transaction on EntityManager [SessionImpl(697753296<open>)]
?[0m?[0;34m2023-03-31 16:06:00.539 DEBUG 29781 --- [nio-8080-exec-3] o.s.jdbc.datasource.DataSourceUtils      : Resetting read-only flag of JDBC Connection [HikariProxyConnection@1426223864 wrapping conn10: url=jdbc:h2:file:../recipes_db user=SA]
?[0m?[0;34m2023-03-31 16:06:00.539 DEBUG 29781 --- [nio-8080-exec-3] o.s.orm.jpa.JpaTransactionManager        : Not closing pre-bound JPA EntityManager after transaction
?[0m?[0;34m2023-03-31 16:06:00.540 DEBUG 29781 --- [nio-8080-exec-3] o.s.orm.jpa.JpaTransactionManager        : Found thread-bound EntityManager [SessionImpl(697753296<open>)] for JPA transaction
?[0m?[0;34m2023-03-31 16:06:00.540 DEBUG 29781 --- [nio-8080-exec-3] o.s.orm.jpa.JpaTransactionManager        : Creating new transaction with name [org.springframework.data.jpa.repository.support.SimpleJpaRepository.save]: PROPAGATION_REQUIRED,ISOLATION_DEFAULT
?[0m?[0;34m2023-03-31 16:06:00.540 DEBUG 29781 --- [nio-8080-exec-3] o.s.orm.jpa.JpaTransactionManager        : Exposing JPA transaction as JDBC [org.springframework.orm.jpa.vendor.HibernateJpaDialect$HibernateConnectionHandle@70429d57]
?[0m?[0;34m2023-03-31 16:06:00.543 DEBUG 29781 --- [nio-8080-exec-3] o.s.orm.jpa.JpaTransactionManager        : Initiating transaction commit
?[0m?[0;34m2023-03-31 16:06:00.543 DEBUG 29781 --- [nio-8080-exec-3] o.s.orm.jpa.JpaTransactionManager        : Committing JPA transaction on EntityManager [SessionImpl(697753296<open>)]
?[0m?[0;34m2023-03-31 16:06:00.557 DEBUG 29781 --- [nio-8080-exec-3] o.s.orm.jpa.JpaTransactionManager        : Not closing pre-bound JPA EntityManager after transaction
?[0m?[0;34m2023-03-31 16:06:00.557 DEBUG 29781 --- [nio-8080-exec-3] o.j.s.OpenEntityManagerInViewInterceptor : Closing JPA EntityManager in OpenEntityManagerInViewInterceptor
?[0m?[0;34m2023-03-31 16:06:00.557 DEBUG 29781 --- [nio-8080-exec-3] o.s.web.servlet.DispatcherServlet        : Completed 204 NO_CONTENT
?[0m?[0;34m2023-03-31 16:06:00.558 DEBUG 29781 --- [nio-8080-exec-3] w.c.HttpSessionSecurityContextRepository : Stored SecurityContextImpl [Authentication=UsernamePasswordAuthenticationToken [Principal=recipes.UserDetailsImpl@263f5085, Credentials=[PROTECTED], Authenticated=true, Details=WebAuthenticationDetails [RemoteIpAddress=127.0.0.1, SessionId=null], Granted Authorities=[ROLE_USER]]] to HttpSession [org.apache.catalina.session.StandardSessionFacade@1a768a17]
?[0m?[0;34m2023-03-31 16:06:00.559 DEBUG 29781 --- [nio-8080-exec-3] s.s.w.c.SecurityContextPersistenceFilter : Cleared SecurityContextHolder to complete request
?[1;31m
Start test 17?[0m
?[0;34m2023-03-31 16:06:00.568 DEBUG 29781 --- [nio-8080-exec-4] o.s.security.web.FilterChainProxy        : Securing GET /api/recipe/1
?[0m?[0;34m2023-03-31 16:06:00.568 DEBUG 29781 --- [nio-8080-exec-4] s.s.w.c.SecurityContextPersistenceFilter : Set SecurityContextHolder to empty SecurityContext
?[0m?[0;34m2023-03-31 16:06:00.568 DEBUG 29781 --- [nio-8080-exec-4] tor$SharedEntityManagerInvocationHandler : Creating new EntityManager for shared EntityManager invocation
?[0m?[0;34m2023-03-31 16:06:00.693 DEBUG 29781 --- [nio-8080-exec-4] o.s.s.a.dao.DaoAuthenticationProvider    : Authenticated user
?[0m?[0;34m2023-03-31 16:06:00.693 DEBUG 29781 --- [nio-8080-exec-4] o.s.s.w.a.www.BasicAuthenticationFilter  : Set SecurityContextHolder to UsernamePasswordAuthenticationToken [Principal=recipes.UserDetailsImpl@452cdd62, Credentials=[PROTECTED], Authenticated=true, Details=WebAuthenticationDetails [RemoteIpAddress=127.0.0.1, SessionId=null], Granted Authorities=[ROLE_USER]]
?[0m?[0;34m2023-03-31 16:06:00.693 DEBUG 29781 --- [nio-8080-exec-4] w.c.HttpSessionSecurityContextRepository : Created HttpSession as SecurityContext is non-default
?[0m?[0;34m2023-03-31 16:06:00.693 DEBUG 29781 --- [nio-8080-exec-4] w.c.HttpSessionSecurityContextRepository : Stored SecurityContextImpl [Authentication=UsernamePasswordAuthenticationToken [Principal=recipes.UserDetailsImpl@452cdd62, Credentials=[PROTECTED], Authenticated=true, Details=WebAuthenticationDetails [RemoteIpAddress=127.0.0.1, SessionId=null], Granted Authorities=[ROLE_USER]]] to HttpSession [org.apache.catalina.session.StandardSessionFacade@13138982]
?[0m?[0;34m2023-03-31 16:06:00.694 DEBUG 29781 --- [nio-8080-exec-4] o.s.s.w.a.i.FilterSecurityInterceptor    : Authorized filter invocation [GET /api/recipe/1] with attributes [hasRole('ROLE_USER')]
?[0m?[0;34m2023-03-31 16:06:00.694 DEBUG 29781 --- [nio-8080-exec-4] o.s.security.web.FilterChainProxy        : Secured GET /api/recipe/1
?[0m?[0;34m2023-03-31 16:06:00.694 DEBUG 29781 --- [nio-8080-exec-4] o.s.web.servlet.DispatcherServlet        : GET "/api/recipe/1", parameters={}
?[0m?[0;34m2023-03-31 16:06:00.695 DEBUG 29781 --- [nio-8080-exec-4] s.w.s.m.m.a.RequestMappingHandlerMapping : Mapped to recipes.RecipesController#getRecipe(int)
?[0m?[0;34m2023-03-31 16:06:00.695 DEBUG 29781 --- [nio-8080-exec-4] o.j.s.OpenEntityManagerInViewInterceptor : Opening JPA EntityManager in OpenEntityManagerInViewInterceptor
?[0m?[0;34m2023-03-31 16:06:00.696 DEBUG 29781 --- [nio-8080-exec-4] o.s.orm.jpa.JpaTransactionManager        : Found thread-bound EntityManager [SessionImpl(1638945377<open>)] for JPA transaction
?[0m?[0;34m2023-03-31 16:06:00.696 DEBUG 29781 --- [nio-8080-exec-4] o.s.orm.jpa.JpaTransactionManager        : Creating new transaction with name [org.springframework.data.jpa.repository.support.SimpleJpaRepository.findById]: PROPAGATION_REQUIRED,ISOLATION_DEFAULT,readOnly
?[0m?[0;34m2023-03-31 16:06:00.697 DEBUG 29781 --- [nio-8080-exec-4] o.s.jdbc.datasource.DataSourceUtils      : Setting JDBC Connection [HikariProxyConnection@1851820108 wrapping conn10: url=jdbc:h2:file:../recipes_db user=SA] read-only
?[0m?[0;34m2023-03-31 16:06:00.697 DEBUG 29781 --- [nio-8080-exec-4] o.s.orm.jpa.JpaTransactionManager        : Exposing JPA transaction as JDBC [org.springframework.orm.jpa.vendor.HibernateJpaDialect$HibernateConnectionHandle@262aca50]
?[0m?[0;34m2023-03-31 16:06:00.698 DEBUG 29781 --- [nio-8080-exec-4] o.s.orm.jpa.JpaTransactionManager        : Initiating transaction commit
?[0m?[0;34m2023-03-31 16:06:00.698 DEBUG 29781 --- [nio-8080-exec-4] o.s.orm.jpa.JpaTransactionManager        : Committing JPA transaction on EntityManager [SessionImpl(1638945377<open>)]
?[0m?[0;34m2023-03-31 16:06:00.699 DEBUG 29781 --- [nio-8080-exec-4] o.s.jdbc.datasource.DataSourceUtils      : Resetting read-only flag of JDBC Connection [HikariProxyConnection@1851820108 wrapping conn10: url=jdbc:h2:file:../recipes_db user=SA]
?[0m?[0;34m2023-03-31 16:06:00.699 DEBUG 29781 --- [nio-8080-exec-4] o.s.orm.jpa.JpaTransactionManager        : Not closing pre-bound JPA EntityManager after transaction
?[0m?[0;34m2023-03-31 16:06:00.699 DEBUG 29781 --- [nio-8080-exec-4] o.s.orm.jpa.JpaTransactionManager        : Found thread-bound EntityManager [SessionImpl(1638945377<open>)] for JPA transaction
?[0m?[0;34m2023-03-31 16:06:00.699 DEBUG 29781 --- [nio-8080-exec-4] o.s.orm.jpa.JpaTransactionManager        : Creating new transaction with name [org.springframework.data.jpa.repository.support.SimpleJpaRepository.findById]: PROPAGATION_REQUIRED,ISOLATION_DEFAULT,readOnly
?[0m?[0;34m2023-03-31 16:06:00.699 DEBUG 29781 --- [nio-8080-exec-4] o.s.jdbc.datasource.DataSourceUtils      : Setting JDBC Connection [HikariProxyConnection@1851820108 wrapping conn10: url=jdbc:h2:file:../recipes_db user=SA] read-only
?[0m?[0;34m2023-03-31 16:06:00.699 DEBUG 29781 --- [nio-8080-exec-4] o.s.orm.jpa.JpaTransactionManager        : Exposing JPA transaction as JDBC [org.springframework.orm.jpa.vendor.HibernateJpaDialect$HibernateConnectionHandle@6ed3a133]
?[0m?[0;34m2023-03-31 16:06:00.699 DEBUG 29781 --- [nio-8080-exec-4] o.s.orm.jpa.JpaTransactionManager        : Initiating transaction commit
?[0m?[0;34m2023-03-31 16:06:00.699 DEBUG 29781 --- [nio-8080-exec-4] o.s.orm.jpa.JpaTransactionManager        : Committing JPA transaction on EntityManager [SessionImpl(1638945377<open>)]
?[0m?[0;34m2023-03-31 16:06:00.700 DEBUG 29781 --- [nio-8080-exec-4] o.s.jdbc.datasource.DataSourceUtils      : Resetting read-only flag of JDBC Connection [HikariProxyConnection@1851820108 wrapping conn10: url=jdbc:h2:file:../recipes_db user=SA]
?[0m?[0;34m2023-03-31 16:06:00.700 DEBUG 29781 --- [nio-8080-exec-4] o.s.orm.jpa.JpaTransactionManager        : Not closing pre-bound JPA EntityManager after transaction
?[0m?[0;34m2023-03-31 16:06:00.700 DEBUG 29781 --- [nio-8080-exec-4] m.m.a.RequestResponseBodyMethodProcessor : Using 'application/json', given [*/*] and supported [application/json, application/*+json, application/json, application/*+json]
?[0m?[0;34m2023-03-31 16:06:00.760 DEBUG 29781 --- [nio-8080-exec-4] m.m.a.RequestResponseBodyMethodProcessor : Writing [java.lang.StackOverflowError]
?[0m?[0;34m2023-03-31 16:06:00.761 DEBUG 29781 --- [nio-8080-exec-4] w.c.HttpSessionSecurityContextRepository : Stored SecurityContextImpl [Authentication=UsernamePasswordAuthenticationToken [Principal=recipes.UserDetailsImpl@452cdd62, Credentials=[PROTECTED], Authenticated=true, Details=WebAuthenticationDetails [RemoteIpAddress=127.0.0.1, SessionId=null], Granted Authorities=[ROLE_USER]]] to HttpSession [org.apache.catalina.session.StandardSessionFacade@13138982]
?[0m?[0;34m2023-03-31 16:06:00.761 DEBUG 29781 --- [nio-8080-exec-4] o.j.s.OpenEntityManagerInViewInterceptor : Closing JPA EntityManager in OpenEntityManagerInViewInterceptor
?[0m?[0;34m2023-03-31 16:06:00.761  WARN 29781 --- [nio-8080-exec-4] o.h.e.loading.internal.LoadContexts      : HHH000100: Fail-safe cleanup (collections) : org.hibernate.engine.loading.internal.CollectionLoadContext@1545d011<rs=HikariProxyResultSet@883391738 wrapping rs2586: null>
?[0m?[0;34m2023-03-31 16:06:00.762  WARN 29781 --- [nio-8080-exec-4] o.h.e.loading.internal.LoadContexts      : HHH000100: Fail-safe cleanup (collections) : org.hibernate.engine.loading.internal.CollectionLoadContext@336f298<rs=HikariProxyResultSet@753479809 wrapping rs2412: null>
?[0m?[0;34m2023-03-31 16:06:00.762  WARN 29781 --- [nio-8080-exec-4] o.h.e.loading.internal.LoadContexts      : HHH000100: Fail-safe cleanup (collections) : org.hibernate.engine.loading.internal.CollectionLoadContext@c4a03db<rs=HikariProxyResultSet@755908471 wrapping rs2632: null>
?[0m?[0;34m2023-03-31 16:06:00.762  WARN 29781 --- [nio-8080-exec-4] o.h.e.loading.internal.LoadContexts      : HHH000100: Fail-safe cleanup (collections) : org.hibernate.engine.loading.internal.CollectionLoadContext@339502ce<rs=HikariProxyResultSet@670172797 wrapping rs2658: null>
?[0m?[0;34m2023-03-31 16:06:00.762  WARN 29781 --- [nio-8080-exec-4] o.h.e.loading.internal.LoadContexts      : HHH000100: Fail-safe cleanup (collections) : org.hibernate.engine.loading.internal.CollectionLoadContext@86b99f5<rs=HikariProxyResultSet@1251626363 wrapping rs2769: null>
?[0m?[0;34m2023-03-31 16:06:00.762  WARN 29781 --- [nio-8080-exec-4] o.h.e.loading.internal.LoadContexts      : HHH000100: Fail-safe cleanup (collections) : org.hibernate.engine.loading.internal.CollectionLoadContext@3cfd0852<rs=HikariProxyResultSet@1442030471 wrapping rs2696: null>
?[0m?[0;34m2023-03-31 16:06:00.762  WARN 29781 --- [nio-8080-exec-4] o.h.e.loading.internal.LoadContexts      : HHH000100: Fail-safe cleanup (collections) : org.hibernate.engine.loading.internal.CollectionLoadContext@60f580cd<rs=HikariProxyResultSet@922815625 wrapping rs2678: null>
?[0m?[0;34m2023-03-31 16:06:00.762  WARN 29781 --- [nio-8080-exec-4] o.h.e.loading.internal.LoadContexts      : HHH000100: Fail-safe cleanup (collections) : org.hibernate.engine.loading.internal.CollectionLoadContext@7bed7d6f<rs=HikariProxyResultSet@1786708234 wrapping rs2770: null>
?[0m?[0;34m2023-03-31 16:06:00.762  WARN 29781 --- [nio-8080-exec-4] o.h.e.loading.internal.LoadContexts      : HHH000100: Fail-safe cleanup (collections) : org.hibernate.engine.loading.internal.CollectionLoadContext@2f1df7d6<rs=HikariProxyResultSet@1705148811 wrapping rs2441: null>
?[0m?[0;34m2023-03-31 16:06:00.762  WARN 29781 --- [nio-8080-exec-4] o.h.e.loading.internal.LoadContexts      : HHH000100: Fail-safe cleanup (collections) : org.hibernate.engine.loading.internal.CollectionLoadContext@7b76c5ff<rs=HikariProxyResultSet@1366687244 wrapping rs2456: null>
?[0m?[0;34m2023-03-31 16:06:00.762  WARN 29781 --- [nio-8080-exec-4] o.h.e.loading.internal.LoadContexts      : HHH000100: Fail-safe cleanup (collections) : org.hibernate.engine.loading.internal.CollectionLoadContext@3749d1b4<rs=HikariProxyResultSet@489252364 wrapping rs2511: null>
?[0m?[0;34m2023-03-31 16:06:00.762  WARN 29781 --- [nio-8080-exec-4] o.h.e.loading.internal.LoadContexts      : HHH000100: Fail-safe cleanup (collections) : org.hibernate.engine.loading.internal.CollectionLoadContext@27dfc437<rs=HikariProxyResultSet@1541037580 wrapping rs2703: null>
?[0m?[0;34m2023-03-31 16:06:00.762  WARN 29781 --- [nio-8080-exec-4] o.h.e.loading.internal.LoadContexts      : HHH000100: Fail-safe cleanup (collections) : org.hibernate.engine.loading.internal.CollectionLoadContext@673c245d<rs=HikariProxyResultSet@1494161803 wrapping rs2729: null>
?[0m?[0;34m2023-03-31 16:06:00.762  WARN 29781 --- [nio-8080-exec-4] o.h.e.loading.internal.LoadContexts      : HHH000100: Fail-safe cleanup (collections) : org.hibernate.engine.loading.internal.CollectionLoadContext@2aa84c78<rs=HikariProxyResultSet@1482986891 wrapping rs2787: null>
?[0m?[0;34m2023-03-31 16:06:00.762  WARN 29781 --- [nio-8080-exec-4] o.h.e.loading.internal.LoadContexts      : HHH000100: Fail-safe cleanup (collections) : org.hibernate.engine.loading.internal.CollectionLoadContext@5395ece8<rs=HikariProxyResultSet@2051276179 wrapping rs2712: null>
?[0m?[0;34m2023-03-31 16:06:00.762  WARN 29781 --- [nio-8080-exec-4] o.h.e.loading.internal.LoadContexts      : HHH000100: Fail-safe cleanup (collections) : org.hibernate.engine.loading.internal.CollectionLoadContext@ab264d1<rs=HikariProxyResultSet@1899321110 wrapping rs2364: null>
?[0m?[0;34m2023-03-31 16:06:00.762  WARN 29781 --- [nio-8080-exec-4] o.h.e.loading.internal.LoadContexts      : HHH000100: Fail-safe cleanup (collections) : org.hibernate.engine.loading.internal.CollectionLoadContext@c2aa716<rs=HikariProxyResultSet@158011932 wrapping rs2599: null>
?[0m?[0;34m2023-03-31 16:06:00.762  WARN 29781 --- [nio-8080-exec-4] o.h.e.loading.internal.LoadContexts      : HHH000100: Fail-safe cleanup (collections) : org.hibernate.engine.loading.internal.CollectionLoadContext@6409e167<rs=HikariProxyResultSet@1327639068 wrapping rs2736: null>
?[0m?[0;34m2023-03-31 16:06:00.762  WARN 29781 --- [nio-8080-exec-4] o.h.e.loading.internal.LoadContexts      : HHH000100: Fail-safe cleanup (collections) : org.hibernate.engine.loading.internal.CollectionLoadContext@1807a3a2<rs=HikariProxyResultSet@374898462 wrapping rs2640: null>
?[0m?[0;34m2023-03-31 16:06:00.762  WARN 29781 --- [nio-8080-exec-4] o.h.e.loading.internal.LoadContexts      : HHH000100: Fail-safe cleanup (collections) : org.hibernate.engine.loading.internal.CollectionLoadContext@18ad89f<rs=HikariProxyResultSet@1698889889 wrapping rs2278: null>
?[0m?[0;34m2023-03-31 16:06:00.762  WARN 29781 --- [nio-8080-exec-4] o.h.e.loading.internal.LoadContexts      : HHH000100: Fail-safe cleanup (collections) : org.hibernate.engine.loading.internal.CollectionLoadContext@58c1ddaf<rs=HikariProxyResultSet@1470817699 wrapping rs2247: null>
?[0m?[0;34m2023-03-31 16:06:00.762  WARN 29781 --- [nio-8080-exec-4] o.h.e.loading.internal.LoadContexts      : HHH000100: Fail-safe cleanup (collections) : org.hibernate.engine.loading.internal.CollectionLoadContext@73680d09<rs=HikariProxyResultSet@1954258339 wrapping rs2368: null>
?[0m?[0;34m2023-03-31 16:06:00.762  WARN 29781 --- [nio-8080-exec-4] o.h.e.loading.internal.LoadContexts      : HHH000100: Fail-safe cleanup (collections) : org.hibernate.engine.loading.internal.CollectionLoadContext@5657ba75<rs=HikariProxyResultSet@1002448420 wrapping rs2440: null>
?[0m?[0;34m2023-03-31 16:06:00.762  WARN 29781 --- [nio-8080-exec-4] o.h.e.loading.internal.LoadContexts      : HHH000100: Fail-safe cleanup (collections) : org.hibernate.engine.loading.internal.CollectionLoadContext@14ece00<rs=HikariProxyResultSet@1317359398 wrapping rs2374: null>
?[0m?[0;34m2023-03-31 16:06:00.763  WARN 29781 --- [nio-8080-exec-4] o.h.e.loading.internal.LoadContexts      : HHH000100: Fail-safe cleanup (collections) : org.hibernate.engine.loading.internal.CollectionLoadContext@57345723<rs=HikariProxyResultSet@1953604390 wrapping rs2407: null>
?[0m?[0;34m2023-03-31 16:06:00.763  WARN 29781 --- [nio-8080-exec-4] o.h.e.loading.internal.LoadContexts      : HHH000100: Fail-safe cleanup (collections) : org.hibernate.engine.loading.internal.CollectionLoadContext@64870889<rs=HikariProxyResultSet@1087398694 wrapping rs2556: null>
?[0m?[0;34m2023-03-31 16:06:00.763  WARN 29781 --- [nio-8080-exec-4] o.h.e.loading.internal.LoadContexts      : HHH000100: Fail-safe cleanup (collections) : org.hibernate.engine.loading.internal.CollectionLoadContext@f68927e<rs=HikariProxyResultSet@11969318 wrapping rs2782: null>
?[0m?[0;34m2023-03-31 16:06:00.763  WARN 29781 --- [nio-8080-exec-4] o.h.e.loading.internal.LoadContexts      : HHH000100: Fail-safe cleanup (collections) : org.hibernate.engine.loading.internal.CollectionLoadContext@78a1635d<rs=HikariProxyResultSet@350812845 wrapping rs2333: null>
?[0m?[0;34m2023-03-31 16:06:00.763  WARN 29781 --- [nio-8080-exec-4] o.h.e.loading.internal.LoadContexts      : HHH000100: Fail-safe cleanup (collections) : org.hibernate.engine.loading.internal.CollectionLoadContext@d59be25<rs=HikariProxyResultSet@231346861 wrapping rs2605: null>
?[0m?[0;34m2023-03-31 16:06:00.763  WARN 29781 --- [nio-8080-exec-4] o.h.e.loading.internal.LoadContexts      : HHH000100: Fail-safe cleanup (collections) : org.hibernate.engine.loading.internal.CollectionLoadContext@51c62c47<rs=HikariProxyResultSet@457387951 wrapping rs2490: null>
?[0m?[0;34m2023-03-31 16:06:00.763  WARN 29781 --- [nio-8080-exec-4] o.h.e.loading.internal.LoadContexts      : HHH000100: Fail-safe cleanup (collections) : org.hibernate.engine.loading.internal.CollectionLoadContext@1a76af63<rs=HikariProxyResultSet@1759644333 wrapping rs2652: null>
?[0m?[0;34m2023-03-31 16:06:00.763  WARN 29781 --- [nio-8080-exec-4] o.h.e.loading.internal.LoadContexts      : HHH000100: Fail-safe cleanup (collections) : org.hibernate.engine.loading.internal.CollectionLoadContext@693e8cfb<rs=HikariProxyResultSet@481109677 wrapping rs2715: null>
?[0m?[0;34m2023-03-31 16:06:00.763  WARN 29781 --- [nio-8080-exec-4] o.h.e.loading.internal.LoadContexts      : HHH000100: Fail-safe cleanup (collections) : org.hibernate.engine.loading.internal.CollectionLoadContext@29d6bf6f<rs=HikariProxyResultSet@1535767471 wrapping rs2779: null>
?[0m?[0;34m2023-03-31 16:06:00.763  WARN 29781 --- [nio-8080-exec-4] o.h.e.loading.internal.LoadContexts      : HHH000100: Fail-safe cleanup (collections) : org.hibernate.engine.loading.internal.CollectionLoadContext@49920a06<rs=HikariProxyResultSet@145020597 wrapping rs2329: null>
?[0m?[0;34m2023-03-31 16:06:00.763  WARN 29781 --- [nio-8080-exec-4] o.h.e.loading.internal.LoadContexts      : HHH000100: Fail-safe cleanup (collections) : org.hibernate.engine.loading.internal.CollectionLoadContext@66b0a9e0<rs=HikariProxyResultSet@505245623 wrapping rs2349: null>
?[0m?[0;34m2023-03-31 16:06:00.763  WARN 29781 --- [nio-8080-exec-4] o.h.e.loading.internal.LoadContexts      : HHH000100: Fail-safe cleanup (collections) : org.hibernate.engine.loading.internal.CollectionLoadContext@7b74b899<rs=HikariProxyResultSet@1803470138 wrapping rs2434: null>
?[0m?[0;34m2023-03-31 16:06:00.763  WARN 29781 --- [nio-8080-exec-4] o.h.e.loading.internal.LoadContexts      : HHH000100: Fail-safe cleanup (collections) : org.hibernate.engine.loading.internal.CollectionLoadContext@67c55d5f<rs=HikariProxyResultSet@1875038909 wrapping rs2300: null>
?[0m?[0;34m2023-03-31 16:06:00.763  WARN 29781 --- [nio-8080-exec-4] o.h.e.loading.internal.LoadContexts      : HHH000100: Fail-safe cleanup (collections) : org.hibernate.engine.loading.internal.CollectionLoadContext@3e5eb99b<rs=HikariProxyResultSet@905599806 wrapping rs2635: null>
?[0m?[0;34m2023-03-31 16:06:00.763  WARN 29781 --- [nio-8080-exec-4] o.h.e.loading.internal.LoadContexts      : HHH000100: Fail-safe cleanup (collections) : org.hibernate.engine.loading.internal.CollectionLoadContext@5dc2f819<rs=HikariProxyResultSet@821334467 wrapping rs2323: null>
?[0m?[0;34m2023-03-31 16:06:00.763  WARN 29781 --- [nio-8080-exec-4] o.h.e.loading.internal.LoadContexts      : HHH000100: Fail-safe cleanup (collections) : org.hibernate.engine.loading.internal.CollectionLoadContext@3ac2348<rs=HikariProxyResultSet@1374237252 wrapping rs2555: null>
?[0m?[0;34m2023-03-31 16:06:00.763  WARN 29781 --- [nio-8080-exec-4] o.h.e.loading.internal.LoadContexts      : HHH000100: Fail-safe cleanup (collections) : org.hibernate.engine.loading.internal.CollectionLoadContext@4e4ea9c7<rs=HikariProxyResultSet@414535752 wrapping rs2314: null>
?[0m?[0;34m2023-03-31 16:06:00.763  WARN 29781 --- [nio-8080-exec-4] o.h.e.loading.internal.LoadContexts      : HHH000100: Fail-safe cleanup (collections) : org.hibernate.engine.loading.internal.CollectionLoadContext@59743f4<rs=HikariProxyResultSet@410934344 wrapping rs2389: null>
?[0m?[0;34m2023-03-31 16:06:00.763  WARN 29781 --- [nio-8080-exec-4] o.h.e.loading.internal.LoadContexts      : HHH000100: Fail-safe cleanup (collections) : org.hibernate.engine.loading.internal.CollectionLoadContext@4f5f616f<rs=HikariProxyResultSet@2070412618 wrapping rs2536: null>
?[0m?[0;34m2023-03-31 16:06:00.764  WARN 29781 --- [nio-8080-exec-4] o.h.e.loading.internal.LoadContexts      : HHH000100: Fail-safe cleanup (collections) : org.hibernate.engine.loading.internal.CollectionLoadContext@2d8bbdaf<rs=HikariProxyResultSet@1516549071 wrapping rs2477: null>
?[0m?[0;34m2023-03-31 16:06:00.764  WARN 29781 --- [nio-8080-exec-4] o.h.e.loading.internal.LoadContexts      : HHH000100: Fail-safe cleanup (collections) : org.hibernate.engine.loading.internal.CollectionLoadContext@16302948<rs=HikariProxyResultSet@1667230800 wrapping rs2451: null>
?[0m?[0;34m2023-03-31 16:06:00.764  WARN 29781 --- [nio-8080-exec-4] o.h.e.loading.internal.LoadContexts      : HHH000100: Fail-safe cleanup (collections) : org.hibernate.engine.loading.internal.CollectionLoadContext@29875099<rs=HikariProxyResultSet@800486609 wrapping rs2587: null>
?[0m?[0;34m2023-03-31 16:06:00.764  WARN 29781 --- [nio-8080-exec-4] o.h.e.loading.internal.LoadContexts      : HHH000100: Fail-safe cleanup (collections) : org.hibernate.engine.loading.internal.CollectionLoadContext@1d6708df<rs=HikariProxyResultSet@1414966223 wrapping rs2615: null>
?[0m?[0;34m2023-03-31 16:06:00.764  WARN 29781 --- [nio-8080-exec-4] o.h.e.loading.internal.LoadContexts      : HHH000100: Fail-safe cleanup (collections) : org.hibernate.engine.loading.internal.CollectionLoadContext@6d71a819<rs=HikariProxyResultSet@1951193555 wrapping rs2502: null>
?[0m?[0;34m2023-03-31 16:06:00.764  WARN 29781 --- [nio-8080-exec-4] o.h.e.loading.internal.LoadContexts      : HHH000100: Fail-safe cleanup (collections) : org.hibernate.engine.loading.internal.CollectionLoadContext@7a1cb696<rs=HikariProxyResultSet@453815892 wrapping rs2359: null>
?[0m?[0;34m2023-03-31 16:06:00.764  WARN 29781 --- [nio-8080-exec-4] o.h.e.loading.internal.LoadContexts      : HHH000100: Fail-safe cleanup (collections) : org.hibernate.engine.loading.internal.CollectionLoadContext@698c22d4<rs=HikariProxyResultSet@1243858000 wrapping rs2684: null>
?[0m?[0;34m2023-03-31 16:06:00.764  WARN 29781 --- [nio-8080-exec-4] o.h.e.loading.internal.LoadContexts      : HHH000100: Fail-safe cleanup (collections) : org.hibernate.engine.loading.internal.CollectionLoadContext@4c88eeca<rs=HikariProxyResultSet@268099672 wrapping rs2437: null>
?[0m?[0;34m2023-03-31 16:06:00.764  WARN 29781 --- [nio-8080-exec-4] o.h.e.loading.internal.LoadContexts      : HHH000100: Fail-safe cleanup (collections) : org.hibernate.engine.loading.internal.CollectionLoadContext@2c59a622<rs=HikariProxyResultSet@114021593 wrapping rs2452: null>
?[0m?[0;34m2023-03-31 16:06:00.764  WARN 29781 --- [nio-8080-exec-4] o.h.e.loading.internal.LoadContexts      : HHH000100: Fail-safe cleanup (collections) : org.hibernate.engine.loading.internal.CollectionLoadContext@336e0d39<rs=HikariProxyResultSet@1581192409 wrapping rs2725: null>
?[0m?[0;34m2023-03-31 16:06:00.764  WARN 29781 --- [nio-8080-exec-4] o.h.e.loading.internal.LoadContexts      : HHH000100: Fail-safe cleanup (collections) : org.hibernate.engine.loading.internal.CollectionLoadContext@3b7c0302<rs=HikariProxyResultSet@1173536219 wrapping rs2293: null>
?[0m?[0;34m2023-03-31 16:06:00.764  WARN 29781 --- [nio-8080-exec-4] o.h.e.loading.internal.LoadContexts      : HHH000100: Fail-safe cleanup (collections) : org.hibernate.engine.loading.internal.CollectionLoadContext@30094419<rs=HikariProxyResultSet@1642011099 wrapping rs2544: null>
?[0m?[0;34m2023-03-31 16:06:00.765  WARN 29781 --- [nio-8080-exec-4] o.h.e.loading.internal.LoadContexts      : HHH000100: Fail-safe cleanup (collections) : org.hibernate.engine.loading.internal.CollectionLoadContext@51808c8c<rs=HikariProxyResultSet@156669274 wrapping rs2799: null>
?[0m?[0;34m2023-03-31 16:06:00.765  WARN 29781 --- [nio-8080-exec-4] o.h.e.loading.internal.LoadContexts      : HHH000100: Fail-safe cleanup (collections) : org.hibernate.engine.loading.internal.CollectionLoadContext@12444440<rs=HikariProxyResultSet@1229757407 wrapping rs2425: null>
?[0m?[0;34m2023-03-31 16:06:00.765  WARN 29781 --- [nio-8080-exec-4] o.h.e.loading.internal.LoadContexts      : HHH000100: Fail-safe cleanup (collections) : org.hibernate.engine.loading.internal.CollectionLoadContext@49fb2119<rs=HikariProxyResultSet@341455968 wrapping rs2304: null>
?[0m?[0;34m2023-03-31 16:06:00.765  WARN 29781 --- [nio-8080-exec-4] o.h.e.loading.internal.LoadContexts      : HHH000100: Fail-safe cleanup (collections) : org.hibernate.engine.loading.internal.CollectionLoadContext@33288db3<rs=HikariProxyResultSet@515359840 wrapping rs2466: null>
?[0m?[0;34m2023-03-31 16:06:00.765  WARN 29781 --- [nio-8080-exec-4] o.h.e.loading.internal.LoadContexts      : HHH000100: Fail-safe cleanup (collections) : org.hibernate.engine.loading.internal.CollectionLoadContext@669993b6<rs=HikariProxyResultSet@1294048739 wrapping rs2711: null>
?[0m?[0;34m2023-03-31 16:06:00.765  WARN 29781 --- [nio-8080-exec-4] o.h.e.loading.internal.LoadContexts      : HHH000100: Fail-safe cleanup (collections) : org.hibernate.engine.loading.internal.CollectionLoadContext@564fad61<rs=HikariProxyResultSet@667361126 wrapping rs2377: null>
?[0m?[0;34m2023-03-31 16:06:00.765  WARN 29781 --- [nio-8080-exec-4] o.h.e.loading.internal.LoadContexts      : HHH000100: Fail-safe cleanup (collections) : org.hibernate.engine.loading.internal.CollectionLoadContext@462cbd58<rs=HikariProxyResultSet@1456808935 wrapping rs2761: null>
?[0m?[0;34m2023-03-31 16:06:00.765  WARN 29781 --- [nio-8080-exec-4] o.h.e.loading.internal.LoadContexts      : HHH000100: Fail-safe cleanup (collections) : org.hibernate.engine.loading.internal.CollectionLoadContext@319ef53b<rs=HikariProxyResultSet@647860199 wrapping rs2780: null>
?[0m?[0;34m2023-03-31 16:06:00.765  WARN 29781 --- [nio-8080-exec-4] o.h.e.loading.internal.LoadContexts      : HHH000100: Fail-safe cleanup (collections) : org.hibernate.engine.loading.internal.CollectionLoadContext@1bb0d49d<rs=HikariProxyResultSet@584152297 wrapping rs2455: null>
?[0m?[0;34m2023-03-31 16:06:00.765  WARN 29781 --- [nio-8080-exec-4] o.h.e.loading.internal.LoadContexts      : HHH000100: Fail-safe cleanup (collections) : org.hibernate.engine.loading.internal.CollectionLoadContext@30bf562f<rs=HikariProxyResultSet@193149419 wrapping rs2245: null>
?[0m?[0;34m2023-03-31 16:06:00.765  WARN 29781 --- [nio-8080-exec-4] o.h.e.loading.internal.LoadContexts      : HHH000100: Fail-safe cleanup (collections) : org.hibernate.engine.loading.internal.CollectionLoadContext@13daeb1d<rs=HikariProxyResultSet@1692831211 wrapping rs2619: null>
?[0m?[0;34m2023-03-31 16:06:00.766  WARN 29781 --- [nio-8080-exec-4] o.h.e.loading.internal.LoadContexts      : HHH000100: Fail-safe cleanup (collections) : org.hibernate.engine.loading.internal.CollectionLoadContext@552be370<rs=HikariProxyResultSet@1948085997 wrapping rs2411: null>
?[0m?[0;34m2023-03-31 16:06:00.766  WARN 29781 --- [nio-8080-exec-4] o.h.e.loading.internal.LoadContexts      : HHH000100: Fail-safe cleanup (collections) : org.hibernate.engine.loading.internal.CollectionLoadContext@48a2c174<rs=HikariProxyResultSet@1606125422 wrapping rs2551: null>
?[0m?[0;34m2023-03-31 16:06:00.766  WARN 29781 --- [nio-8080-exec-4] o.h.e.loading.internal.LoadContexts      : HHH000100: Fail-safe cleanup (collections) : org.hibernate.engine.loading.internal.CollectionLoadContext@266f861<rs=HikariProxyResultSet@1760158703 wrapping rs2444: null>
?[0m?[0;34m2023-03-31 16:06:00.766  WARN 29781 --- [nio-8080-exec-4] o.h.e.loading.internal.LoadContexts      : HHH000100: Fail-safe cleanup (collections) : org.hibernate.engine.loading.internal.CollectionLoadContext@46a07933<rs=HikariProxyResultSet@1684757487 wrapping rs2538: null>
?[0m?[0;34m2023-03-31 16:06:00.766  WARN 29781 --- [nio-8080-exec-4] o.h.e.loading.internal.LoadContexts      : HHH000100: Fail-safe cleanup (collections) : org.hibernate.engine.loading.internal.CollectionLoadContext@4c9a22f4<rs=HikariProxyResultSet@375227633 wrapping rs2589: null>
?[0m?[0;34m2023-03-31 16:06:00.766  WARN 29781 --- [nio-8080-exec-4] o.h.e.loading.internal.LoadContexts      : HHH000100: Fail-safe cleanup (collections) : org.hibernate.engine.loading.internal.CollectionLoadContext@12ede372<rs=HikariProxyResultSet@1663974899 wrapping rs2259: null>
?[0m?[0;34m2023-03-31 16:06:00.766  WARN 29781 --- [nio-8080-exec-4] o.h.e.loading.internal.LoadContexts      : HHH000100: Fail-safe cleanup (collections) : org.hibernate.engine.loading.internal.CollectionLoadContext@277da4be<rs=HikariProxyResultSet@390691831 wrapping rs2687: null>
?[0m?[0;34m2023-03-31 16:06:00.766  WARN 29781 --- [nio-8080-exec-4] o.h.e.loading.internal.LoadContexts      : HHH000100: Fail-safe cleanup (collections) : org.hibernate.engine.loading.internal.CollectionLoadContext@62513883<rs=HikariProxyResultSet@252603641 wrapping rs2365: null>
?[0m?[0;34m2023-03-31 16:06:00.766  WARN 29781 --- [nio-8080-exec-4] o.h.e.loading.internal.LoadContexts      : HHH000100: Fail-safe cleanup (collections) : org.hibernate.engine.loading.internal.CollectionLoadContext@7f412bbf<rs=HikariProxyResultSet@1599875708 wrapping rs2622: null>
?[0m?[0;34m2023-03-31 16:06:00.766  WARN 29781 --- [nio-8080-exec-4] o.h.e.loading.internal.LoadContexts      : HHH000100: Fail-safe cleanup (collections) : org.hibernate.engine.loading.internal.CollectionLoadContext@24aa156<rs=HikariProxyResultSet@44875775 wrapping rs2410: null>
?[0m?[0;34m2023-03-31 16:06:00.766  WARN 29781 --- [nio-8080-exec-4] o.h.e.loading.internal.LoadContexts      : HHH000100: Fail-safe cleanup (collections) : org.hibernate.engine.loading.internal.CollectionLoadContext@4858bdf5<rs=HikariProxyResultSet@1401309441 wrapping rs2326: null>
?[0m?[0;34m2023-03-31 16:06:00.766  WARN 29781 --- [nio-8080-exec-4] o.h.e.loading.internal.LoadContexts      : HHH000100: Fail-safe cleanup (collections) : org.hibernate.engine.loading.internal.CollectionLoadContext@23a6115d<rs=HikariProxyResultSet@531055494 wrapping rs2341: null>
?[0m?[0;34m2023-03-31 16:06:00.766  WARN 29781 --- [nio-8080-exec-4] o.h.e.loading.internal.LoadContexts      : HHH000100: Fail-safe cleanup (collections) : org.hibernate.engine.loading.internal.CollectionLoadContext@55ccca45<rs=HikariProxyResultSet@1661425671 wrapping rs2331: null>
?[0m?[0;34m2023-03-31 16:06:00.767  WARN 29781 --- [nio-8080-exec-4] o.h.e.loading.internal.LoadContexts      : HHH000100: Fail-safe cleanup (collections) : org.hibernate.engine.loading.internal.CollectionLoadContext@25b81bb<rs=HikariProxyResultSet@280493063 wrapping rs2689: null>
?[0m?[0;34m2023-03-31 16:06:00.767  WARN 29781 --- [nio-8080-exec-4] o.h.e.loading.internal.LoadContexts      : HHH000100: Fail-safe cleanup (collections) : org.hibernate.engine.loading.internal.CollectionLoadContext@fe12310<rs=HikariProxyResultSet@93619465 wrapping rs2677: null>
?[0m?[0;34m2023-03-31 16:06:00.767  WARN 29781 --- [nio-8080-exec-4] o.h.e.loading.internal.LoadContexts      : HHH000100: Fail-safe cleanup (collections) : org.hibernate.engine.loading.internal.CollectionLoadContext@1c5ef748<rs=HikariProxyResultSet@1246669194 wrapping rs2690: null>
?[0m?[0;34m2023-03-31 16:06:00.767  WARN 29781 --- [nio-8080-exec-4] o.h.e.loading.internal.LoadContexts      : HHH000100: Fail-safe cleanup (collections) : org.hibernate.engine.loading.internal.CollectionLoadContext@2f739864<rs=HikariProxyResultSet@2053986827 wrapping rs2371: null>
?[0m?[0;34m2023-03-31 16:06:00.767  WARN 29781 --- [nio-8080-exec-4] o.h.e.loading.internal.LoadContexts      : HHH000100: Fail-safe cleanup (collections) : org.hibernate.engine.loading.internal.CollectionLoadContext@71fb9268<rs=HikariProxyResultSet@957239182 wrapping rs2699: null>
?[0m?[0;34m2023-03-31 16:06:00.767  WARN 29781 --- [nio-8080-exec-4] o.h.e.loading.internal.LoadContexts      : HHH000100: Fail-safe cleanup (collections) : org.hibernate.engine.loading.internal.CollectionLoadContext@7704d6e4<rs=HikariProxyResultSet@16994319 wrapping rs2352: null>
?[0m?[0;34m2023-03-31 16:06:00.767  WARN 29781 --- [nio-8080-exec-4] o.h.e.loading.internal.LoadContexts      : HHH000100: Fail-safe cleanup (collections) : org.hibernate.engine.loading.internal.CollectionLoadContext@1c8b9bfb<rs=HikariProxyResultSet@1657031058 wrapping rs2481: null>
?[0m?[0;34m2023-03-31 16:06:00.767  WARN 29781 --- [nio-8080-exec-4] o.h.e.loading.internal.LoadContexts      : HHH000100: Fail-safe cleanup (collections) : org.hibernate.engine.loading.internal.CollectionLoadContext@2f8880b6<rs=HikariProxyResultSet@742780435 wrapping rs2351: null>
?[0m?[0;34m2023-03-31 16:06:00.767  WARN 29781 --- [nio-8080-exec-4] o.h.e.loading.internal.LoadContexts      : HHH000100: Fail-safe cleanup (collections) : org.hibernate.engine.loading.internal.CollectionLoadContext@2cd3ffd<rs=HikariProxyResultSet@2120123923 wrapping rs2493: null>
?[0m?[0;34m2023-03-31 16:06:00.767  WARN 29781 --- [nio-8080-exec-4] o.h.e.loading.internal.LoadContexts      : HHH000100: Fail-safe cleanup (collections) : org.hibernate.engine.loading.internal.CollectionLoadContext@53af7ab6<rs=HikariProxyResultSet@1541128594 wrapping rs2552: null>
?[0m?[0;34m2023-03-31 16:06:00.767  WARN 29781 --- [nio-8080-exec-4] o.h.e.loading.internal.LoadContexts      : HHH000100: Fail-safe cleanup (collections) : org.hibernate.engine.loading.internal.CollectionLoadContext@133b777b<rs=HikariProxyResultSet@2061930390 wrapping rs2393: null>
?[0m?[0;34m2023-03-31 16:06:00.767  WARN 29781 --- [nio-8080-exec-4] o.h.e.loading.internal.LoadContexts      : HHH000100: Fail-safe cleanup (collections) : org.hibernate.engine.loading.internal.CollectionLoadContext@78ddc89a<rs=HikariProxyResultSet@337307937 wrapping rs2541: null>
?[0m?[0;34m2023-03-31 16:06:00.767  WARN 29781 --- [nio-8080-exec-4] o.h.e.loading.internal.LoadContexts      : HHH000100: Fail-safe cleanup (collections) : org.hibernate.engine.loading.internal.CollectionLoadContext@138422ab<rs=HikariProxyResultSet@733131815 wrapping rs2707: null>
?[0m?[0;34m2023-03-31 16:06:00.768  WARN 29781 --- [nio-8080-exec-4] o.h.e.loading.internal.LoadContexts      : HHH000100: Fail-safe cleanup (collections) : org.hibernate.engine.loading.internal.CollectionLoadContext@3b5690a7<rs=HikariProxyResultSet@1894473259 wrapping rs2469: null>
?[0m?[0;34m2023-03-31 16:06:00.768  WARN 29781 --- [nio-8080-exec-4] o.h.e.loading.internal.LoadContexts      : HHH000100: Fail-safe cleanup (collections) : org.hibernate.engine.loading.internal.CollectionLoadContext@731ea819<rs=HikariProxyResultSet@469173166 wrapping rs2681: null>
?[0m?[0;34m2023-03-31 16:06:00.768  WARN 29781 --- [nio-8080-exec-4] o.h.e.loading.internal.LoadContexts      : HHH000100: Fail-safe cleanup (collections) : org.hibernate.engine.loading.internal.CollectionLoadContext@651127f8<rs=HikariProxyResultSet@1214308399 wrapping rs2391: null>
?[0m?[0;34m2023-03-31 16:06:00.768  WARN 29781 --- [nio-8080-exec-4] o.h.e.loading.internal.LoadContexts      : HHH000100: Fail-safe cleanup (collections) : org.hibernate.engine.loading.internal.CollectionLoadContext@57b2d08b<rs=HikariProxyResultSet@484274352 wrapping rs2344: null>
?[0m?[0;34m2023-03-31 16:06:00.768  WARN 29781 --- [nio-8080-exec-4] o.h.e.loading.internal.LoadContexts      : HHH000100: Fail-safe cleanup (collections) : org.hibernate.engine.loading.internal.CollectionLoadContext@586eb172<rs=HikariProxyResultSet@1918652334 wrapping rs2701: null>
?[0m?[0;34m2023-03-31 16:06:00.768  WARN 29781 --- [nio-8080-exec-4] o.h.e.loading.internal.LoadContexts      : HHH000100: Fail-safe cleanup (collections) : org.hibernate.engine.loading.internal.CollectionLoadContext@5eb69406<rs=HikariProxyResultSet@897100718 wrapping rs2751: null>
?[0m?[0;34m2023-03-31 16:06:00.768  WARN 29781 --- [nio-8080-exec-4] o.h.e.loading.internal.LoadContexts      : HHH000100: Fail-safe cleanup (collections) : org.hibernate.engine.loading.internal.CollectionLoadContext@32f456cf<rs=HikariProxyResultSet@1386686511 wrapping rs2794: null>
?[0m?[0;34m2023-03-31 16:06:00.768  WARN 29781 --- [nio-8080-exec-4] o.h.e.loading.internal.LoadContexts      : HHH000100: Fail-safe cleanup (collections) : org.hibernate.engine.loading.internal.CollectionLoadContext@7383ee92<rs=HikariProxyResultSet@131847860 wrapping rs2609: null>
?[0m?[0;34m2023-03-31 16:06:00.768  WARN 29781 --- [nio-8080-exec-4] o.h.e.loading.internal.LoadContexts      : HHH000100: Fail-safe cleanup (collections) : org.hibernate.engine.loading.internal.CollectionLoadContext@5ecb24b1<rs=HikariProxyResultSet@1925503926 wrapping rs2409: null>
?[0m?[0;34m2023-03-31 16:06:00.768  WARN 29781 --- [nio-8080-exec-4] o.h.e.loading.internal.LoadContexts      : HHH000100: Fail-safe cleanup (collections) : org.hibernate.engine.loading.internal.CollectionLoadContext@34378dca<rs=HikariProxyResultSet@1481071542 wrapping rs2570: null>
?[0m?[0;34m2023-03-31 16:06:00.768  WARN 29781 --- [nio-8080-exec-4] o.h.e.loading.internal.LoadContexts      : HHH000100: Fail-safe cleanup (collections) : org.hibernate.engine.loading.internal.CollectionLoadContext@24e5e7ad<rs=HikariProxyResultSet@733812154 wrapping rs2269: null>
?[0m?[0;34m2023-03-31 16:06:00.768  WARN 29781 --- [nio-8080-exec-4] o.h.e.loading.internal.LoadContexts      : HHH000100: Fail-safe cleanup (collections) : org.hibernate.engine.loading.internal.CollectionLoadContext@487e7add<rs=HikariProxyResultSet@1437376954 wrapping rs2286: null>
?[0m?[0;34m2023-03-31 16:06:00.769  WARN 29781 --- [nio-8080-exec-4] o.h.e.loading.internal.LoadContexts      : HHH000100: Fail-safe cleanup (collections) : org.hibernate.engine.loading.internal.CollectionLoadContext@4f1721cf<rs=HikariProxyResultSet@987860926 wrapping rs2793: null>
?[0m?[0;34m2023-03-31 16:06:00.769  WARN 29781 --- [nio-8080-exec-4] o.h.e.loading.internal.LoadContexts      : HHH000100: Fail-safe cleanup (collections) : org.hibernate.engine.loading.internal.CollectionLoadContext@47c6ac3a<rs=HikariProxyResultSet@1651481921 wrapping rs2741: null>
?[0m?[0;34m2023-03-31 16:06:00.769  WARN 29781 --- [nio-8080-exec-4] o.h.e.loading.internal.LoadContexts      : HHH000100: Fail-safe cleanup (collections) : org.hibernate.engine.loading.internal.CollectionLoadContext@4c95e3e0<rs=HikariProxyResultSet@1145473474 wrapping rs2363: null>
?[0m?[0;34m2023-03-31 16:06:00.769  WARN 29781 --- [nio-8080-exec-4] o.h.e.loading.internal.LoadContexts      : HHH000100: Fail-safe cleanup (collections) : org.hibernate.engine.loading.internal.CollectionLoadContext@7706d03d<rs=HikariProxyResultSet@1881620930 wrapping rs2422: null>
?[0m?[0;34m2023-03-31 16:06:00.769  WARN 29781 --- [nio-8080-exec-4] o.h.e.loading.internal.LoadContexts      : HHH000100: Fail-safe cleanup (collections) : org.hibernate.engine.loading.internal.CollectionLoadContext@1e99e4b<rs=HikariProxyResultSet@1206728259 wrapping rs2727: null>
?[0m?[0;34m2023-03-31 16:06:00.769  WARN 29781 --- [nio-8080-exec-4] o.h.e.loading.internal.LoadContexts      : HHH000100: Fail-safe cleanup (collections) : org.hibernate.engine.loading.internal.CollectionLoadContext@73bc5530<rs=HikariProxyResultSet@435888070 wrapping rs2384: null>
?[0m?[0;34m2023-03-31 16:06:00.769  WARN 29781 --- [nio-8080-exec-4] o.h.e.loading.internal.LoadContexts      : HHH000100: Fail-safe cleanup (collections) : org.hibernate.engine.loading.internal.CollectionLoadContext@10d53244<rs=HikariProxyResultSet@1249935560 wrapping rs2788: null>
?[0m?[0;34m2023-03-31 16:06:00.769  WARN 29781 --- [nio-8080-exec-4] o.h.e.loading.internal.LoadContexts      : HHH000100: Fail-safe cleanup (collections) : org.hibernate.engine.loading.internal.CollectionLoadContext@51139f5b<rs=HikariProxyResultSet@1145428297 wrapping rs2724: null>
?[0m?[0;34m2023-03-31 16:06:00.769  WARN 29781 --- [nio-8080-exec-4] o.h.e.loading.internal.LoadContexts      : HHH000100: Fail-safe cleanup (collections) : org.hibernate.engine.loading.internal.CollectionLoadContext@1cc558f4<rs=HikariProxyResultSet@217558740 wrapping rs2360: null>
?[0m?[0;34m2023-03-31 16:06:00.769  WARN 29781 --- [nio-8080-exec-4] o.h.e.loading.internal.LoadContexts      : HHH000100: Fail-safe cleanup (collections) : org.hibernate.engine.loading.internal.CollectionLoadContext@d419b89<rs=HikariProxyResultSet@19935448 wrapping rs2530: null>
?[0m?[0;34m2023-03-31 16:06:00.769  WARN 29781 --- [nio-8080-exec-4] o.h.e.loading.internal.LoadContexts      : HHH000100: Fail-safe cleanup (collections) : org.hibernate.engine.loading.internal.CollectionLoadContext@343fdf77<rs=HikariProxyResultSet@421778648 wrapping rs2746: null>
?[0m?[0;34m2023-03-31 16:06:00.769  WARN 29781 --- [nio-8080-exec-4] o.h.e.loading.internal.LoadContexts      : HHH000100: Fail-safe cleanup (collections) : org.hibernate.engine.loading.internal.CollectionLoadContext@799b67ec<rs=HikariProxyResultSet@1518782938 wrapping rs2484: null>
?[0m?[0;34m2023-03-31 16:06:00.770  WARN 29781 --- [nio-8080-exec-4] o.h.e.loading.internal.LoadContexts      : HHH000100: Fail-safe cleanup (collections) : org.hibernate.engine.loading.internal.CollectionLoadContext@4faf82d3<rs=HikariProxyResultSet@1315762779 wrapping rs2382: null>
?[0m?[0;34m2023-03-31 16:06:00.770  WARN 29781 --- [nio-8080-exec-4] o.h.e.loading.internal.LoadContexts      : HHH000100: Fail-safe cleanup (collections) : org.hibernate.engine.loading.internal.CollectionLoadContext@4eb3d57c<rs=HikariProxyResultSet@664239328 wrapping rs2272: null>
?[0m?[0;34m2023-03-31 16:06:00.770  WARN 29781 --- [nio-8080-exec-4] o.h.e.loading.internal.LoadContexts      : HHH000100: Fail-safe cleanup (collections) : org.hibernate.engine.loading.internal.CollectionLoadContext@43d7fba<rs=HikariProxyResultSet@1485228256 wrapping rs2297: null>
?[0m?[0;34m2023-03-31 16:06:00.770  WARN 29781 --- [nio-8080-exec-4] o.h.e.loading.internal.LoadContexts      : HHH000100: Fail-safe cleanup (collections) : org.hibernate.engine.loading.internal.CollectionLoadContext@26bbdcd6<rs=HikariProxyResultSet@1417371364 wrapping rs2600: null>
?[0m?[0;34m2023-03-31 16:06:00.770  WARN 29781 --- [nio-8080-exec-4] o.h.e.loading.internal.LoadContexts      : HHH000100: Fail-safe cleanup (collections) : org.hibernate.engine.loading.internal.CollectionLoadContext@15b17bc8<rs=HikariProxyResultSet@742699877 wrapping rs2489: null>
?[0m?[0;34m2023-03-31 16:06:00.770  WARN 29781 --- [nio-8080-exec-4] o.h.e.loading.internal.LoadContexts      : HHH000100: Fail-safe cleanup (collections) : org.hibernate.engine.loading.internal.CollectionLoadContext@45794437<rs=HikariProxyResultSet@325684069 wrapping rs2509: null>
?[0m?[0;34m2023-03-31 16:06:00.770  WARN 29781 --- [nio-8080-exec-4] o.h.e.loading.internal.LoadContexts      : HHH000100: Fail-safe cleanup (collections) : org.hibernate.engine.loading.internal.CollectionLoadContext@2a56238d<rs=HikariProxyResultSet@497911653 wrapping rs2591: null>
?[0m?[0;34m2023-03-31 16:06:00.770  WARN 29781 --- [nio-8080-exec-4] o.h.e.loading.internal.LoadContexts      : HHH000100: Fail-safe cleanup (collections) : org.hibernate.engine.loading.internal.CollectionLoadContext@52f3077d<rs=HikariProxyResultSet@1117002992 wrapping rs2606: null>
?[0m?[0;34m2023-03-31 16:06:00.770  WARN 29781 --- [nio-8080-exec-4] o.h.e.loading.internal.LoadContexts      : HHH000100: Fail-safe cleanup (collections) : org.hibernate.engine.loading.internal.CollectionLoadContext@4c8259d0<rs=HikariProxyResultSet@284418417 wrapping rs2264: null>
?[0m?[0;34m2023-03-31 16:06:00.770  WARN 29781 --- [nio-8080-exec-4] o.h.e.loading.internal.LoadContexts      : HHH000100: Fail-safe cleanup (collections) : org.hibernate.engine.loading.internal.CollectionLoadContext@4355f48b<rs=HikariProxyResultSet@274807282 wrapping rs2783: null>
?[0m?[0;34m2023-03-31 16:06:00.770  WARN 29781 --- [nio-8080-exec-4] o.h.e.loading.internal.LoadContexts      : HHH000100: Fail-safe cleanup (collections) : org.hibernate.engine.loading.internal.CollectionLoadContext@5804ed27<rs=HikariProxyResultSet@1660139252 wrapping rs2529: null>
?[0m?[0;34m2023-03-31 16:06:00.770  WARN 29781 --- [nio-8080-exec-4] o.h.e.loading.internal.LoadContexts      : HHH000100: Fail-safe cleanup (collections) : org.hibernate.engine.loading.internal.CollectionLoadContext@1206d1b5<rs=HikariProxyResultSet@649511797 wrapping rs2369: null>
?[0m?[0;34m2023-03-31 16:06:00.770  WARN 29781 --- [nio-8080-exec-4] o.h.e.loading.internal.LoadContexts      : HHH000100: Fail-safe cleanup (collections) : org.hibernate.engine.loading.internal.CollectionLoadContext@4c1446fc<rs=HikariProxyResultSet@462662517 wrapping rs2406: null>
?[0m?[0;34m2023-03-31 16:06:00.771  WARN 29781 --- [nio-8080-exec-4] o.h.e.loading.internal.LoadContexts      : HHH000100: Fail-safe cleanup (collections) : org.hibernate.engine.loading.internal.CollectionLoadContext@20891259<rs=HikariProxyResultSet@800303094 wrapping rs2614: null>
?[0m?[0;34m2023-03-31 16:06:00.771  WARN 29781 --- [nio-8080-exec-4] o.h.e.loading.internal.LoadContexts      : HHH000100: Fail-safe cleanup (collections) : org.hibernate.engine.loading.internal.CollectionLoadContext@5f1baeba<rs=HikariProxyResultSet@1101721332 wrapping rs2750: null>
?[0m?[0;34m2023-03-31 16:06:00.771  WARN 29781 --- [nio-8080-exec-4] o.h.e.loading.internal.LoadContexts      : HHH000100: Fail-safe cleanup (collections) : org.hibernate.engine.loading.internal.CollectionLoadContext@7bb44795<rs=HikariProxyResultSet@1376374266 wrapping rs2749: null>
?[0m?[0;34m2023-03-31 16:06:00.771  WARN 29781 --- [nio-8080-exec-4] o.h.e.loading.internal.LoadContexts      : HHH000100: Fail-safe cleanup (collections) : org.hibernate.engine.loading.internal.CollectionLoadContext@1579ddb9<rs=HikariProxyResultSet@1711302267 wrapping rs2289: null>
?[0m?[0;34m2023-03-31 16:06:00.771  WARN 29781 --- [nio-8080-exec-4] o.h.e.loading.internal.LoadContexts      : HHH000100: Fail-safe cleanup (collections) : org.hibernate.engine.loading.internal.CollectionLoadContext@7d0a1e95<rs=HikariProxyResultSet@56362877 wrapping rs2294: null>
?[0m?[0;34m2023-03-31 16:06:00.771  WARN 29781 --- [nio-8080-exec-4] o.h.e.loading.internal.LoadContexts      : HHH000100: Fail-safe cleanup (collections) : org.hibernate.engine.loading.internal.CollectionLoadContext@7f6601f0<rs=HikariProxyResultSet@672110590 wrapping rs2401: null>
?[0m?[0;34m2023-03-31 16:06:00.771  WARN 29781 --- [nio-8080-exec-4] o.h.e.loading.internal.LoadContexts      : HHH000100: Fail-safe cleanup (collections) : org.hibernate.engine.loading.internal.CollectionLoadContext@26b76966<rs=HikariProxyResultSet@693023105 wrapping rs2752: null>
?[0m?[0;34m2023-03-31 16:06:00.771  WARN 29781 --- [nio-8080-exec-4] o.h.e.loading.internal.LoadContexts      : HHH000100: Fail-safe cleanup (collections) : org.hibernate.engine.loading.internal.CollectionLoadContext@7df8ec1c<rs=HikariProxyResultSet@1651514882 wrapping rs2299: null>
?[0m?[0;34m2023-03-31 16:06:00.771  WARN 29781 --- [nio-8080-exec-4] o.h.e.loading.internal.LoadContexts      : HHH000100: Fail-safe cleanup (collections) : org.hibernate.engine.loading.internal.CollectionLoadContext@502bbb80<rs=HikariProxyResultSet@1492136579 wrapping rs2485: null>
?[0m?[0;34m2023-03-31 16:06:00.771  WARN 29781 --- [nio-8080-exec-4] o.h.e.loading.internal.LoadContexts      : HHH000100: Fail-safe cleanup (collections) : org.hibernate.engine.loading.internal.CollectionLoadContext@1f0d49f4<rs=HikariProxyResultSet@680283779 wrapping rs2496: null>
?[0m?[0;34m2023-03-31 16:06:00.771  WARN 29781 --- [nio-8080-exec-4] o.h.e.loading.internal.LoadContexts      : HHH000100: Fail-safe cleanup (collections) : org.hibernate.engine.loading.internal.CollectionLoadContext@26cff2a<rs=HikariProxyResultSet@115250053 wrapping rs2593: null>
?[0m?[0;34m2023-03-31 16:06:00.771  WARN 29781 --- [nio-8080-exec-4] o.h.e.loading.internal.LoadContexts      : HHH000100: Fail-safe cleanup (collections) : org.hibernate.engine.loading.internal.CollectionLoadContext@38ce6b77<rs=HikariProxyResultSet@561906307 wrapping rs2646: null>
?[0m?[0;34m2023-03-31 16:06:00.772  WARN 29781 --- [nio-8080-exec-4] o.h.e.loading.internal.LoadContexts      : HHH000100: Fail-safe cleanup (collections) : org.hibernate.engine.loading.internal.CollectionLoadContext@35b42055<rs=HikariProxyResultSet@816147849 wrapping rs2660: null>
?[0m?[0;34m2023-03-31 16:06:00.772  WARN 29781 --- [nio-8080-exec-4] o.h.e.loading.internal.LoadContexts      : HHH000100: Fail-safe cleanup (collections) : org.hibernate.engine.loading.internal.CollectionLoadContext@40039dfe<rs=HikariProxyResultSet@1420843530 wrapping rs2414: null>
?[0m?[0;34m2023-03-31 16:06:00.772  WARN 29781 --- [nio-8080-exec-4] o.h.e.loading.internal.LoadContexts      : HHH000100: Fail-safe cleanup (collections) : org.hibernate.engine.loading.internal.CollectionLoadContext@25f3af7b<rs=HikariProxyResultSet@891732619 wrapping rs2559: null>
?[0m?[0;34m2023-03-31 16:06:00.772  WARN 29781 --- [nio-8080-exec-4] o.h.e.loading.internal.LoadContexts      : HHH000100: Fail-safe cleanup (collections) : org.hibernate.engine.loading.internal.CollectionLoadContext@6e2ded61<rs=HikariProxyResultSet@120823564 wrapping rs2439: null>
?[0m?[0;34m2023-03-31 16:06:00.772  WARN 29781 --- [nio-8080-exec-4] o.h.e.loading.internal.LoadContexts      : HHH000100: Fail-safe cleanup (collections) : org.hibernate.engine.loading.internal.CollectionLoadContext@7a8fde79<rs=HikariProxyResultSet@458807181 wrapping rs2527: null>
?[0m?[0;34m2023-03-31 16:06:00.772  WARN 29781 --- [nio-8080-exec-4] o.h.e.loading.internal.LoadContexts      : HHH000100: Fail-safe cleanup (collections) : org.hibernate.engine.loading.internal.CollectionLoadContext@263f50bb<rs=HikariProxyResultSet@807508240 wrapping rs2514: null>
?[0m?[0;34m2023-03-31 16:06:00.772  WARN 29781 --- [nio-8080-exec-4] o.h.e.loading.internal.LoadContexts      : HHH000100: Fail-safe cleanup (collections) : org.hibernate.engine.loading.internal.CollectionLoadContext@1e0fab70<rs=HikariProxyResultSet@1801974161 wrapping rs2585: null>
?[0m?[0;34m2023-03-31 16:06:00.773  WARN 29781 --- [nio-8080-exec-4] o.h.e.loading.internal.LoadContexts      : HHH000100: Fail-safe cleanup (collections) : org.hibernate.engine.loading.internal.CollectionLoadContext@1f481b35<rs=HikariProxyResultSet@1913347731 wrapping rs2584: null>
?[0m?[0;34m2023-03-31 16:06:00.773  WARN 29781 --- [nio-8080-exec-4] o.h.e.loading.internal.LoadContexts      : HHH000100: Fail-safe cleanup (collections) : org.hibernate.engine.loading.internal.CollectionLoadContext@1b3062b3<rs=HikariProxyResultSet@1048618006 wrapping rs2380: null>
?[0m?[0;34m2023-03-31 16:06:00.773  WARN 29781 --- [nio-8080-exec-4] o.h.e.loading.internal.LoadContexts      : HHH000100: Fail-safe cleanup (collections) : org.hibernate.engine.loading.internal.CollectionLoadContext@475643e6<rs=HikariProxyResultSet@1678191767 wrapping rs2307: null>
?[0m?[0;34m2023-03-31 16:06:00.773  WARN 29781 --- [nio-8080-exec-4] o.h.e.loading.internal.LoadContexts      : HHH000100: Fail-safe cleanup (collections) : org.hibernate.engine.loading.internal.CollectionLoadContext@24e13457<rs=HikariProxyResultSet@442925078 wrapping rs2532: null>
?[0m?[0;34m2023-03-31 16:06:00.773  WARN 29781 --- [nio-8080-exec-4] o.h.e.loading.internal.LoadContexts      : HHH000100: Fail-safe cleanup (collections) : org.hibernate.engine.loading.internal.CollectionLoadContext@7baf024d<rs=HikariProxyResultSet@1830235545 wrapping rs2698: null>
?[0m?[0;34m2023-03-31 16:06:00.773  WARN 29781 --- [nio-8080-exec-4] o.h.e.loading.internal.LoadContexts      : HHH000100: Fail-safe cleanup (collections) : org.hibernate.engine.loading.internal.CollectionLoadContext@6392d271<rs=HikariProxyResultSet@629276315 wrapping rs2676: null>
?[0m?[0;34m2023-03-31 16:06:00.773  WARN 29781 --- [nio-8080-exec-4] o.h.e.loading.internal.LoadContexts      : HHH000100: Fail-safe cleanup (collections) : org.hibernate.engine.loading.internal.CollectionLoadContext@162ee496<rs=HikariProxyResultSet@1616639264 wrapping rs2571: null>
?[0m?[0;34m2023-03-31 16:06:00.773  WARN 29781 --- [nio-8080-exec-4] o.h.e.loading.internal.LoadContexts      : HHH000100: Fail-safe cleanup (collections) : org.hibernate.engine.loading.internal.CollectionLoadContext@3bc03988<rs=HikariProxyResultSet@2071213473 wrapping rs2288: null>
?[0m?[0;34m2023-03-31 16:06:00.773  WARN 29781 --- [nio-8080-exec-4] o.h.e.loading.internal.LoadContexts      : HHH000100: Fail-safe cleanup (collections) : org.hibernate.engine.loading.internal.CollectionLoadContext@387ee9d7<rs=HikariProxyResultSet@1043483041 wrapping rs2537: null>
?[0m?[0;34m2023-03-31 16:06:00.773  WARN 29781 --- [nio-8080-exec-4] o.h.e.loading.internal.LoadContexts      : HHH000100: Fail-safe cleanup (collections) : org.hibernate.engine.loading.internal.CollectionLoadContext@4d8ab5f3<rs=HikariProxyResultSet@1603867686 wrapping rs2639: null>
?[0m?[0;34m2023-03-31 16:06:00.774  WARN 29781 --- [nio-8080-exec-4] o.h.e.loading.internal.LoadContexts      : HHH000100: Fail-safe cleanup (collections) : org.hibernate.engine.loading.internal.CollectionLoadContext@2c61f280<rs=HikariProxyResultSet@1965274279 wrapping rs2682: null>
?[0m?[0;34m2023-03-31 16:06:00.774  WARN 29781 --- [nio-8080-exec-4] o.h.e.loading.internal.LoadContexts      : HHH000100: Fail-safe cleanup (collections) : org.hibernate.engine.loading.internal.CollectionLoadContext@165782fd<rs=HikariProxyResultSet@778200747 wrapping rs2258: null>
?[0m?[0;34m2023-03-31 16:06:00.774  WARN 29781 --- [nio-8080-exec-4] o.h.e.loading.internal.LoadContexts      : HHH000100: Fail-safe cleanup (collections) : org.hibernate.engine.loading.internal.CollectionLoadContext@59a8e1b1<rs=HikariProxyResultSet@1268009643 wrapping rs2618: null>
?[0m?[0;34m2023-03-31 16:06:00.774  WARN 29781 --- [nio-8080-exec-4] o.h.e.loading.internal.LoadContexts      : HHH000100: Fail-safe cleanup (collections) : org.hibernate.engine.loading.internal.CollectionLoadContext@4115f25a<rs=HikariProxyResultSet@1434689582 wrapping rs2692: null>
?[0m?[0;34m2023-03-31 16:06:00.774  WARN 29781 --- [nio-8080-exec-4] o.h.e.loading.internal.LoadContexts      : HHH000100: Fail-safe cleanup (collections) : org.hibernate.engine.loading.internal.CollectionLoadContext@62c3fd0a<rs=HikariProxyResultSet@1956938927 wrapping rs2634: null>
?[0m?[0;34m2023-03-31 16:06:00.774  WARN 29781 --- [nio-8080-exec-4] o.h.e.loading.internal.LoadContexts      : HHH000100: Fail-safe cleanup (collections) : org.hibernate.engine.loading.internal.CollectionLoadContext@4829dbc5<rs=HikariProxyResultSet@1392416943 wrapping rs2796: null>
?[0m?[0;34m2023-03-31 16:06:00.774  WARN 29781 --- [nio-8080-exec-4] o.h.e.loading.internal.LoadContexts      : HHH000100: Fail-safe cleanup (collections) : org.hibernate.engine.loading.internal.CollectionLoadContext@56120e18<rs=HikariProxyResultSet@221620786 wrapping rs2595: null>
?[0m?[0;34m2023-03-31 16:06:00.774  WARN 29781 --- [nio-8080-exec-4] o.h.e.loading.internal.LoadContexts      : HHH000100: Fail-safe cleanup (collections) : org.hibernate.engine.loading.internal.CollectionLoadContext@387ba1a2<rs=HikariProxyResultSet@825430707 wrapping rs2764: null>
?[0m?[0;34m2023-03-31 16:06:00.774  WARN 29781 --- [nio-8080-exec-4] o.h.e.loading.internal.LoadContexts      : HHH000100: Fail-safe cleanup (collections) : org.hibernate.engine.loading.internal.CollectionLoadContext@452d300a<rs=HikariProxyResultSet@148658738 wrapping rs2791: null>
?[0m?[0;34m2023-03-31 16:06:00.774  WARN 29781 --- [nio-8080-exec-4] o.h.e.loading.internal.LoadContexts      : HHH000100: Fail-safe cleanup (collections) : org.hibernate.engine.loading.internal.CollectionLoadContext@435c2c99<rs=HikariProxyResultSet@1220190133 wrapping rs2435: null>
?[0m?[0;34m2023-03-31 16:06:00.774  WARN 29781 --- [nio-8080-exec-4] o.h.e.loading.internal.LoadContexts      : HHH000100: Fail-safe cleanup (collections) : org.hibernate.engine.loading.internal.CollectionLoadContext@5f88824<rs=HikariProxyResultSet@602238901 wrapping rs2629: null>
?[0m?[0;34m2023-03-31 16:06:00.774  WARN 29781 --- [nio-8080-exec-4] o.h.e.loading.internal.LoadContexts      : HHH000100: Fail-safe cleanup (collections) : org.hibernate.engine.loading.internal.CollectionLoadContext@60eb5f88<rs=HikariProxyResultSet@1378284598 wrapping rs2739: null>
?[0m?[0;34m2023-03-31 16:06:00.774  WARN 29781 --- [nio-8080-exec-4] o.h.e.loading.internal.LoadContexts      : HHH000100: Fail-safe cleanup (collections) : org.hibernate.engine.loading.internal.CollectionLoadContext@4cea8eff<rs=HikariProxyResultSet@329454904 wrapping rs2505: null>
?[0m?[0;34m2023-03-31 16:06:00.775  WARN 29781 --- [nio-8080-exec-4] o.h.e.loading.internal.LoadContexts      : HHH000100: Fail-safe cleanup (collections) : org.hibernate.engine.loading.internal.CollectionLoadContext@6e705b1f<rs=HikariProxyResultSet@987492027 wrapping rs2706: null>
?[0m?[0;34m2023-03-31 16:06:00.775  WARN 29781 --- [nio-8080-exec-4] o.h.e.loading.internal.LoadContexts      : HHH000100: Fail-safe cleanup (collections) : org.hibernate.engine.loading.internal.CollectionLoadContext@2f88575d<rs=HikariProxyResultSet@686127932 wrapping rs2361: null>
?[0m?[0;34m2023-03-31 16:06:00.775  WARN 29781 --- [nio-8080-exec-4] o.h.e.loading.internal.LoadContexts      : HHH000100: Fail-safe cleanup (collections) : org.hibernate.engine.loading.internal.CollectionLoadContext@15254a3b<rs=HikariProxyResultSet@133202877 wrapping rs2378: null>
?[0m?[0;34m2023-03-31 16:06:00.775  WARN 29781 --- [nio-8080-exec-4] o.h.e.loading.internal.LoadContexts      : HHH000100: Fail-safe cleanup (collections) : org.hibernate.engine.loading.internal.CollectionLoadContext@da0a316<rs=HikariProxyResultSet@557487295 wrapping rs2328: null>
?[0m?[0;34m2023-03-31 16:06:00.775  WARN 29781 --- [nio-8080-exec-4] o.h.e.loading.internal.LoadContexts      : HHH000100: Fail-safe cleanup (collections) : org.hibernate.engine.loading.internal.CollectionLoadContext@6164a91e<rs=HikariProxyResultSet@2094872259 wrapping rs2318: null>
?[0m?[0;34m2023-03-31 16:06:00.775  WARN 29781 --- [nio-8080-exec-4] o.h.e.loading.internal.LoadContexts      : HHH000100: Fail-safe cleanup (collections) : org.hibernate.engine.loading.internal.CollectionLoadContext@cbb28d0<rs=HikariProxyResultSet@2060309316 wrapping rs2273: null>
?[0m?[0;34m2023-03-31 16:06:00.775  WARN 29781 --- [nio-8080-exec-4] o.h.e.loading.internal.LoadContexts      : HHH000100: Fail-safe cleanup (collections) : org.hibernate.engine.loading.internal.CollectionLoadContext@33f0dfee<rs=HikariProxyResultSet@278696901 wrapping rs2316: null>
?[0m?[0;34m2023-03-31 16:06:00.776  WARN 29781 --- [nio-8080-exec-4] o.h.e.loading.internal.LoadContexts      : HHH000100: Fail-safe cleanup (collections) : org.hibernate.engine.loading.internal.CollectionLoadContext@3b406295<rs=HikariProxyResultSet@1003151172 wrapping rs2432: null>
?[0m?[0;34m2023-03-31 16:06:00.776  WARN 29781 --- [nio-8080-exec-4] o.h.e.loading.internal.LoadContexts      : HHH000100: Fail-safe cleanup (collections) : org.hibernate.engine.loading.internal.CollectionLoadContext@7f2800ba<rs=HikariProxyResultSet@955133635 wrapping rs2449: null>
?[0m?[0;34m2023-03-31 16:06:00.776  WARN 29781 --- [nio-8080-exec-4] o.h.e.loading.internal.LoadContexts      : HHH000100: Fail-safe cleanup (collections) : org.hibernate.engine.loading.internal.CollectionLoadContext@2a804a27<rs=HikariProxyResultSet@1674165576 wrapping rs2520: null>
?[0m?[0;34m2023-03-31 16:06:00.776  WARN 29781 --- [nio-8080-exec-4] o.h.e.loading.internal.LoadContexts      : HHH000100: Fail-safe cleanup (collections) : org.hibernate.engine.loading.internal.CollectionLoadContext@1fbaff36<rs=HikariProxyResultSet@1933702472 wrapping rs2755: null>
?[0m?[0;34m2023-03-31 16:06:00.776  WARN 29781 --- [nio-8080-exec-4] o.h.e.loading.internal.LoadContexts      : HHH000100: Fail-safe cleanup (collections) : org.hibernate.engine.loading.internal.CollectionLoadContext@2756729e<rs=HikariProxyResultSet@1984350923 wrapping rs2483: null>
?[0m?[0;34m2023-03-31 16:06:00.776  WARN 29781 --- [nio-8080-exec-4] o.h.e.loading.internal.LoadContexts      : HHH000100: Fail-safe cleanup (collections) : org.hibernate.engine.loading.internal.CollectionLoadContext@18c48b1e<rs=HikariProxyResultSet@1222899919 wrapping rs2655: null>
?[0m?[0;34m2023-03-31 16:06:00.776  WARN 29781 --- [nio-8080-exec-4] o.h.e.loading.internal.LoadContexts      : HHH000100: Fail-safe cleanup (collections) : org.hibernate.engine.loading.internal.CollectionLoadContext@30bd3b53<rs=HikariProxyResultSet@1069924817 wrapping rs2669: null>
?[0m?[0;34m2023-03-31 16:06:00.776  WARN 29781 --- [nio-8080-exec-4] o.h.e.loading.internal.LoadContexts      : HHH000100: Fail-safe cleanup (collections) : org.hibernate.engine.loading.internal.CollectionLoadContext@78b6313d<rs=HikariProxyResultSet@808157907 wrapping rs2448: null>
?[0m?[0;34m2023-03-31 16:06:00.776  WARN 29781 --- [nio-8080-exec-4] o.h.e.loading.internal.LoadContexts      : HHH000100: Fail-safe cleanup (collections) : org.hibernate.engine.loading.internal.CollectionLoadContext@6ce07e37<rs=HikariProxyResultSet@1236129620 wrapping rs2554: null>
?[0m?[0;34m2023-03-31 16:06:00.776  WARN 29781 --- [nio-8080-exec-4] o.h.e.loading.internal.LoadContexts      : HHH000100: Fail-safe cleanup (collections) : org.hibernate.engine.loading.internal.CollectionLoadContext@50c084ce<rs=HikariProxyResultSet@1144562645 wrapping rs2421: null>
?[0m?[0;34m2023-03-31 16:06:00.776  WARN 29781 --- [nio-8080-exec-4] o.h.e.loading.internal.LoadContexts      : HHH000100: Fail-safe cleanup (collections) : org.hibernate.engine.loading.internal.CollectionLoadContext@97e4a26<rs=HikariProxyResultSet@667016407 wrapping rs2251: null>
?[0m?[0;34m2023-03-31 16:06:00.777  WARN 29781 --- [nio-8080-exec-4] o.h.e.loading.internal.LoadContexts      : HHH000100: Fail-safe cleanup (collections) : org.hibernate.engine.loading.internal.CollectionLoadContext@4088bded<rs=HikariProxyResultSet@1162906073 wrapping rs2667: null>
?[0m?[0;34m2023-03-31 16:06:00.777  WARN 29781 --- [nio-8080-exec-4] o.h.e.loading.internal.LoadContexts      : HHH000100: Fail-safe cleanup (collections) : org.hibernate.engine.loading.internal.CollectionLoadContext@2f76620d<rs=HikariProxyResultSet@1498413658 wrapping rs2734: null>
?[0m?[0;34m2023-03-31 16:06:00.777  WARN 29781 --- [nio-8080-exec-4] o.h.e.loading.internal.LoadContexts      : HHH000100: Fail-safe cleanup (collections) : org.hibernate.engine.loading.internal.CollectionLoadContext@7bc465d9<rs=HikariProxyResultSet@917457885 wrapping rs2350: null>
?[0m?[0;34m2023-03-31 16:06:00.777  WARN 29781 --- [nio-8080-exec-4] o.h.e.loading.internal.LoadContexts      : HHH000100: Fail-safe cleanup (collections) : org.hibernate.engine.loading.internal.CollectionLoadContext@902ffd<rs=HikariProxyResultSet@634238941 wrapping rs2358: null>
?[0m?[0;34m2023-03-31 16:06:00.777  WARN 29781 --- [nio-8080-exec-4] o.h.e.loading.internal.LoadContexts      : HHH000100: Fail-safe cleanup (collections) : org.hibernate.engine.loading.internal.CollectionLoadContext@5f28dd7<rs=HikariProxyResultSet@2119939295 wrapping rs2542: null>
?[0m?[0;34m2023-03-31 16:06:00.777  WARN 29781 --- [nio-8080-exec-4] o.h.e.loading.internal.LoadContexts      : HHH000100: Fail-safe cleanup (collections) : org.hibernate.engine.loading.internal.CollectionLoadContext@1988f16e<rs=HikariProxyResultSet@17983969 wrapping rs2262: null>
?[0m?[0;34m2023-03-31 16:06:00.777  WARN 29781 --- [nio-8080-exec-4] o.h.e.loading.internal.LoadContexts      : HHH000100: Fail-safe cleanup (collections) : org.hibernate.engine.loading.internal.CollectionLoadContext@41baa52b<rs=HikariProxyResultSet@1071528417 wrapping rs2562: null>
?[0m?[0;34m2023-03-31 16:06:00.777  WARN 29781 --- [nio-8080-exec-4] o.h.e.loading.internal.LoadContexts      : HHH000100: Fail-safe cleanup (collections) : org.hibernate.engine.loading.internal.CollectionLoadContext@40548526<rs=HikariProxyResultSet@702458595 wrapping rs2427: null>
?[0m?[0;34m2023-03-31 16:06:00.778  WARN 29781 --- [nio-8080-exec-4] o.h.e.loading.internal.LoadContexts      : HHH000100: Fail-safe cleanup (collections) : org.hibernate.engine.loading.internal.CollectionLoadContext@51d924ce<rs=HikariProxyResultSet@1352387557 wrapping rs2648: null>
?[0m?[0;34m2023-03-31 16:06:00.778  WARN 29781 --- [nio-8080-exec-4] o.h.e.loading.internal.LoadContexts      : HHH000100: Fail-safe cleanup (collections) : org.hibernate.engine.loading.internal.CollectionLoadContext@f04ac1a<rs=HikariProxyResultSet@288413798 wrapping rs2486: null>
?[0m?[0;34m2023-03-31 16:06:00.778  WARN 29781 --- [nio-8080-exec-4] o.h.e.loading.internal.LoadContexts      : HHH000100: Fail-safe cleanup (collections) : org.hibernate.engine.loading.internal.CollectionLoadContext@1b03d32c<rs=HikariProxyResultSet@1437493350 wrapping rs2487: null>
?[0m?[0;34m2023-03-31 16:06:00.778  WARN 29781 --- [nio-8080-exec-4] o.h.e.loading.internal.LoadContexts      : HHH000100: Fail-safe cleanup (collections) : org.hibernate.engine.loading.internal.CollectionLoadContext@7f9a18df<rs=HikariProxyResultSet@1055203817 wrapping rs2693: null>
?[0m?[0;34m2023-03-31 16:06:00.778  WARN 29781 --- [nio-8080-exec-4] o.h.e.loading.internal.LoadContexts      : HHH000100: Fail-safe cleanup (collections) : org.hibernate.engine.loading.internal.CollectionLoadContext@67fdacb6<rs=HikariProxyResultSet@961598187 wrapping rs2429: null>
?[0m?[0;34m2023-03-31 16:06:00.778  WARN 29781 --- [nio-8080-exec-4] o.h.e.loading.internal.LoadContexts      : HHH000100: Fail-safe cleanup (collections) : org.hibernate.engine.loading.internal.CollectionLoadContext@4d33b82f<rs=HikariProxyResultSet@1276413675 wrapping rs2708: null>
?[0m?[0;34m2023-03-31 16:06:00.778  WARN 29781 --- [nio-8080-exec-4] o.h.e.loading.internal.LoadContexts      : HHH000100: Fail-safe cleanup (collections) : org.hibernate.engine.loading.internal.CollectionLoadContext@48ac8816<rs=HikariProxyResultSet@621639661 wrapping rs2543: null>
?[0m?[0;34m2023-03-31 16:06:00.778  WARN 29781 --- [nio-8080-exec-4] o.h.e.loading.internal.LoadContexts      : HHH000100: Fail-safe cleanup (collections) : org.hibernate.engine.loading.internal.CollectionLoadContext@67df2d3c<rs=HikariProxyResultSet@1558509807 wrapping rs2501: null>
?[0m?[0;34m2023-03-31 16:06:00.778  WARN 29781 --- [nio-8080-exec-4] o.h.e.loading.internal.LoadContexts      : HHH000100: Fail-safe cleanup (collections) : org.hibernate.engine.loading.internal.CollectionLoadContext@6dcdb56d<rs=HikariProxyResultSet@1387537647 wrapping rs2513: null>
?[0m?[0;34m2023-03-31 16:06:00.778  WARN 29781 --- [nio-8080-exec-4] o.h.e.loading.internal.LoadContexts      : HHH000100: Fail-safe cleanup (collections) : org.hibernate.engine.loading.internal.CollectionLoadContext@3d6f8a3b<rs=HikariProxyResultSet@1610233458 wrapping rs2379: null>
?[0m?[0;34m2023-03-31 16:06:00.778  WARN 29781 --- [nio-8080-exec-4] o.h.e.loading.internal.LoadContexts      : HHH000100: Fail-safe cleanup (collections) : org.hibernate.engine.loading.internal.CollectionLoadContext@112f59b8<rs=HikariProxyResultSet@168834803 wrapping rs2283: null>
?[0m?[0;34m2023-03-31 16:06:00.778  WARN 29781 --- [nio-8080-exec-4] o.h.e.loading.internal.LoadContexts      : HHH000100: Fail-safe cleanup (collections) : org.hibernate.engine.loading.internal.CollectionLoadContext@f87306c<rs=HikariProxyResultSet@496596723 wrapping rs2465: null>
?[0m?[0;34m2023-03-31 16:06:00.778  WARN 29781 --- [nio-8080-exec-4] o.h.e.loading.internal.LoadContexts      : HHH000100: Fail-safe cleanup (collections) : org.hibernate.engine.loading.internal.CollectionLoadContext@fe19a2c<rs=HikariProxyResultSet@405522550 wrapping rs2420: null>
?[0m?[0;34m2023-03-31 16:06:00.779  WARN 29781 --- [nio-8080-exec-4] o.h.e.loading.internal.LoadContexts      : HHH000100: Fail-safe cleanup (collections) : org.hibernate.engine.loading.internal.CollectionLoadContext@4e9ee7b9<rs=HikariProxyResultSet@491275511 wrapping rs2744: null>
?[0m?[0;34m2023-03-31 16:06:00.779  WARN 29781 --- [nio-8080-exec-4] o.h.e.loading.internal.LoadContexts      : HHH000100: Fail-safe cleanup (collections) : org.hibernate.engine.loading.internal.CollectionLoadContext@2597854b<rs=HikariProxyResultSet@1870770560 wrapping rs2261: null>
?[0m?[0;34m2023-03-31 16:06:00.779  WARN 29781 --- [nio-8080-exec-4] o.h.e.loading.internal.LoadContexts      : HHH000100: Fail-safe cleanup (collections) : org.hibernate.engine.loading.internal.CollectionLoadContext@1325d5c5<rs=HikariProxyResultSet@1943620226 wrapping rs2641: null>
?[0m?[0;34m2023-03-31 16:06:00.779  WARN 29781 --- [nio-8080-exec-4] o.h.e.loading.internal.LoadContexts      : HHH000100: Fail-safe cleanup (collections) : org.hibernate.engine.loading.internal.CollectionLoadContext@10960d77<rs=HikariProxyResultSet@1174836995 wrapping rs2507: null>
?[0m?[0;34m2023-03-31 16:06:00.779  WARN 29781 --- [nio-8080-exec-4] o.h.e.loading.internal.LoadContexts      : HHH000100: Fail-safe cleanup (collections) : org.hibernate.engine.loading.internal.CollectionLoadContext@290c83f3<rs=HikariProxyResultSet@2050869898 wrapping rs2340: null>
?[0m?[0;34m2023-03-31 16:06:00.779  WARN 29781 --- [nio-8080-exec-4] o.h.e.loading.internal.LoadContexts      : HHH000100: Fail-safe cleanup (collections) : org.hibernate.engine.loading.internal.CollectionLoadContext@3028e644<rs=HikariProxyResultSet@2052231052 wrapping rs2772: null>
?[0m?[0;34m2023-03-31 16:06:00.779  WARN 29781 --- [nio-8080-exec-4] o.h.e.loading.internal.LoadContexts      : HHH000100: Fail-safe cleanup (collections) : org.hibernate.engine.loading.internal.CollectionLoadContext@d1e8679<rs=HikariProxyResultSet@1765546384 wrapping rs2740: null>
?[0m?[0;34m2023-03-31 16:06:00.779  WARN 29781 --- [nio-8080-exec-4] o.h.e.loading.internal.LoadContexts      : HHH000100: Fail-safe cleanup (collections) : org.hibernate.engine.loading.internal.CollectionLoadContext@2d43cf18<rs=HikariProxyResultSet@1795875345 wrapping rs2457: null>
?[0m?[0;34m2023-03-31 16:06:00.779  WARN 29781 --- [nio-8080-exec-4] o.h.e.loading.internal.LoadContexts      : HHH000100: Fail-safe cleanup (collections) : org.hibernate.engine.loading.internal.CollectionLoadContext@601dd258<rs=HikariProxyResultSet@1318032147 wrapping rs2395: null>
?[0m?[0;34m2023-03-31 16:06:00.779  WARN 29781 --- [nio-8080-exec-4] o.h.e.loading.internal.LoadContexts      : HHH000100: Fail-safe cleanup (collections) : org.hibernate.engine.loading.internal.CollectionLoadContext@17f012d9<rs=HikariProxyResultSet@811377556 wrapping rs2404: null>
?[0m?[0;34m2023-03-31 16:06:00.779  WARN 29781 --- [nio-8080-exec-4] o.h.e.loading.internal.LoadContexts      : HHH000100: Fail-safe cleanup (collections) : org.hibernate.engine.loading.internal.CollectionLoadContext@6e247310<rs=HikariProxyResultSet@1893864340 wrapping rs2561: null>
?[0m?[0;34m2023-03-31 16:06:00.779  WARN 29781 --- [nio-8080-exec-4] o.h.e.loading.internal.LoadContexts      : HHH000100: Fail-safe cleanup (collections) : org.hibernate.engine.loading.internal.CollectionLoadContext@5dac5ac3<rs=HikariProxyResultSet@1429193749 wrapping rs2649: null>
?[0m?[0;34m2023-03-31 16:06:00.779  WARN 29781 --- [nio-8080-exec-4] o.h.e.loading.internal.LoadContexts      : HHH000100: Fail-safe cleanup (collections) : org.hibernate.engine.loading.internal.CollectionLoadContext@532dcc3c<rs=HikariProxyResultSet@1939670803 wrapping rs2705: null>
?[0m?[0;34m2023-03-31 16:06:00.779  WARN 29781 --- [nio-8080-exec-4] o.h.e.loading.internal.LoadContexts      : HHH000100: Fail-safe cleanup (collections) : org.hibernate.engine.loading.internal.CollectionLoadContext@44dc7a5a<rs=HikariProxyResultSet@1853538970 wrapping rs2737: null>
?[0m?[0;34m2023-03-31 16:06:00.780  WARN 29781 --- [nio-8080-exec-4] o.h.e.loading.internal.LoadContexts      : HHH000100: Fail-safe cleanup (collections) : org.hibernate.engine.loading.internal.CollectionLoadContext@9ad2d22<rs=HikariProxyResultSet@411792155 wrapping rs2459: null>
?[0m?[0;34m2023-03-31 16:06:00.780  WARN 29781 --- [nio-8080-exec-4] o.h.e.loading.internal.LoadContexts      : HHH000100: Fail-safe cleanup (collections) : org.hibernate.engine.loading.internal.CollectionLoadContext@36e81496<rs=HikariProxyResultSet@649160604 wrapping rs2348: null>
?[0m?[0;34m2023-03-31 16:06:00.780  WARN 29781 --- [nio-8080-exec-4] o.h.e.loading.internal.LoadContexts      : HHH000100: Fail-safe cleanup (collections) : org.hibernate.engine.loading.internal.CollectionLoadContext@b99725b<rs=HikariProxyResultSet@1268714912 wrapping rs2436: null>
?[0m?[0;34m2023-03-31 16:06:00.780  WARN 29781 --- [nio-8080-exec-4] o.h.e.loading.internal.LoadContexts      : HHH000100: Fail-safe cleanup (collections) : org.hibernate.engine.loading.internal.CollectionLoadContext@2cb0d7d8<rs=HikariProxyResultSet@639894049 wrapping rs2709: null>
?[0m?[0;34m2023-03-31 16:06:00.780  WARN 29781 --- [nio-8080-exec-4] o.h.e.loading.internal.LoadContexts      : HHH000100: Fail-safe cleanup (collections) : org.hibernate.engine.loading.internal.CollectionLoadContext@4c142b51<rs=HikariProxyResultSet@661057444 wrapping rs2714: null>
?[0m?[0;34m2023-03-31 16:06:00.780  WARN 29781 --- [nio-8080-exec-4] o.h.e.loading.internal.LoadContexts      : HHH000100: Fail-safe cleanup (collections) : org.hibernate.engine.loading.internal.CollectionLoadContext@3a2ecae1<rs=HikariProxyResultSet@827512998 wrapping rs2563: null>
?[0m?[0;34m2023-03-31 16:06:00.780  WARN 29781 --- [nio-8080-exec-4] o.h.e.loading.internal.LoadContexts      : HHH000100: Fail-safe cleanup (collections) : org.hibernate.engine.loading.internal.CollectionLoadContext@7ae56c55<rs=HikariProxyResultSet@944752935 wrapping rs2631: null>
?[0m?[0;34m2023-03-31 16:06:00.780  WARN 29781 --- [nio-8080-exec-4] o.h.e.loading.internal.LoadContexts      : HHH000100: Fail-safe cleanup (collections) : org.hibernate.engine.loading.internal.CollectionLoadContext@50416ac6<rs=HikariProxyResultSet@235307432 wrapping rs2723: null>
?[0m?[0;34m2023-03-31 16:06:00.780  WARN 29781 --- [nio-8080-exec-4] o.h.e.loading.internal.LoadContexts      : HHH000100: Fail-safe cleanup (collections) : org.hibernate.engine.loading.internal.CollectionLoadContext@3de28d3c<rs=HikariProxyResultSet@602471977 wrapping rs2257: null>
?[0m?[0;34m2023-03-31 16:06:00.780  WARN 29781 --- [nio-8080-exec-4] o.h.e.loading.internal.LoadContexts      : HHH000100: Fail-safe cleanup (collections) : org.hibernate.engine.loading.internal.CollectionLoadContext@71d721a3<rs=HikariProxyResultSet@2146957486 wrapping rs2592: null>
?[0m?[0;34m2023-03-31 16:06:00.780  WARN 29781 --- [nio-8080-exec-4] o.h.e.loading.internal.LoadContexts      : HHH000100: Fail-safe cleanup (collections) : org.hibernate.engine.loading.internal.CollectionLoadContext@20817c08<rs=HikariProxyResultSet@1441631922 wrapping rs2671: null>
?[0m?[0;34m2023-03-31 16:06:00.780  WARN 29781 --- [nio-8080-exec-4] o.h.e.loading.internal.LoadContexts      : HHH000100: Fail-safe cleanup (collections) : org.hibernate.engine.loading.internal.CollectionLoadContext@7bcd3584<rs=HikariProxyResultSet@391192758 wrapping rs2535: null>
?[0m?[0;34m2023-03-31 16:06:00.780  WARN 29781 --- [nio-8080-exec-4] o.h.e.loading.internal.LoadContexts      : HHH000100: Fail-safe cleanup (collections) : org.hibernate.engine.loading.internal.CollectionLoadContext@52efdcac<rs=HikariProxyResultSet@20594104 wrapping rs2663: null>
?[0m?[0;34m2023-03-31 16:06:00.780  WARN 29781 --- [nio-8080-exec-4] o.h.e.loading.internal.LoadContexts      : HHH000100: Fail-safe cleanup (collections) : org.hibernate.engine.loading.internal.CollectionLoadContext@1a7d256b<rs=HikariProxyResultSet@2145990459 wrapping rs2354: null>
?[0m?[0;34m2023-03-31 16:06:00.781  WARN 29781 --- [nio-8080-exec-4] o.h.e.loading.internal.LoadContexts      : HHH000100: Fail-safe cleanup (collections) : org.hibernate.engine.loading.internal.CollectionLoadContext@31376b10<rs=HikariProxyResultSet@1382670268 wrapping rs2402: null>
?[0m?[0;34m2023-03-31 16:06:00.781  WARN 29781 --- [nio-8080-exec-4] o.h.e.loading.internal.LoadContexts      : HHH000100: Fail-safe cleanup (collections) : org.hibernate.engine.loading.internal.CollectionLoadContext@234409a7<rs=HikariProxyResultSet@1804336318 wrapping rs2704: null>
?[0m?[0;34m2023-03-31 16:06:00.781  WARN 29781 --- [nio-8080-exec-4] o.h.e.loading.internal.LoadContexts      : HHH000100: Fail-safe cleanup (collections) : org.hibernate.engine.loading.internal.CollectionLoadContext@fe2abdf<rs=HikariProxyResultSet@1320102207 wrapping rs2355: null>
?[0m?[0;34m2023-03-31 16:06:00.781  WARN 29781 --- [nio-8080-exec-4] o.h.e.loading.internal.LoadContexts      : HHH000100: Fail-safe cleanup (collections) : org.hibernate.engine.loading.internal.CollectionLoadContext@7cc78135<rs=HikariProxyResultSet@1242775234 wrapping rs2643: null>
?[0m?[0;34m2023-03-31 16:06:00.781  WARN 29781 --- [nio-8080-exec-4] o.h.e.loading.internal.LoadContexts      : HHH000100: Fail-safe cleanup (collections) : org.hibernate.engine.loading.internal.CollectionLoadContext@76a20a56<rs=HikariProxyResultSet@1834068166 wrapping rs2519: null>
?[0m?[0;34m2023-03-31 16:06:00.781  WARN 29781 --- [nio-8080-exec-4] o.h.e.loading.internal.LoadContexts      : HHH000100: Fail-safe cleanup (collections) : org.hibernate.engine.loading.internal.CollectionLoadContext@75283c14<rs=HikariProxyResultSet@890500810 wrapping rs2521: null>
?[0m?[0;34m2023-03-31 16:06:00.781  WARN 29781 --- [nio-8080-exec-4] o.h.e.loading.internal.LoadContexts      : HHH000100: Fail-safe cleanup (collections) : org.hibernate.engine.loading.internal.CollectionLoadContext@6f8ecd3d<rs=HikariProxyResultSet@1473059788 wrapping rs2253: null>
?[0m?[0;34m2023-03-31 16:06:00.781  WARN 29781 --- [nio-8080-exec-4] o.h.e.loading.internal.LoadContexts      : HHH000100: Fail-safe cleanup (collections) : org.hibernate.engine.loading.internal.CollectionLoadContext@2f0037d0<rs=HikariProxyResultSet@97612748 wrapping rs2548: null>
?[0m?[0;34m2023-03-31 16:06:00.781  WARN 29781 --- [nio-8080-exec-4] o.h.e.loading.internal.LoadContexts      : HHH000100: Fail-safe cleanup (collections) : org.hibernate.engine.loading.internal.CollectionLoadContext@499668dc<rs=HikariProxyResultSet@94716110 wrapping rs2728: null>
?[0m?[0;34m2023-03-31 16:06:00.781  WARN 29781 --- [nio-8080-exec-4] o.h.e.loading.internal.LoadContexts      : HHH000100: Fail-safe cleanup (collections) : org.hibernate.engine.loading.internal.CollectionLoadContext@7dea2566<rs=HikariProxyResultSet@398250448 wrapping rs2386: null>
?[0m?[0;34m2023-03-31 16:06:00.781  WARN 29781 --- [nio-8080-exec-4] o.h.e.loading.internal.LoadContexts      : HHH000100: Fail-safe cleanup (collections) : org.hibernate.engine.loading.internal.CollectionLoadContext@6494e8c3<rs=HikariProxyResultSet@398466899 wrapping rs2442: null>
?[0m?[0;34m2023-03-31 16:06:00.781  WARN 29781 --- [nio-8080-exec-4] o.h.e.loading.internal.LoadContexts      : HHH000100: Fail-safe cleanup (collections) : org.hibernate.engine.loading.internal.CollectionLoadContext@4a84fd36<rs=HikariProxyResultSet@14255060 wrapping rs2625: null>
?[0m?[0;34m2023-03-31 16:06:00.781  WARN 29781 --- [nio-8080-exec-4] o.h.e.loading.internal.LoadContexts      : HHH000100: Fail-safe cleanup (collections) : org.hibernate.engine.loading.internal.CollectionLoadContext@302eac32<rs=HikariProxyResultSet@1708081237 wrapping rs2659: null>
?[0m?[0;34m2023-03-31 16:06:00.781  WARN 29781 --- [nio-8080-exec-4] o.h.e.loading.internal.LoadContexts      : HHH000100: Fail-safe cleanup (collections) : org.hibernate.engine.loading.internal.CollectionLoadContext@1cc37e44<rs=HikariProxyResultSet@578501338 wrapping rs2636: null>
?[0m?[0;34m2023-03-31 16:06:00.782  WARN 29781 --- [nio-8080-exec-4] o.h.e.loading.internal.LoadContexts      : HHH000100: Fail-safe cleanup (collections) : org.hibernate.engine.loading.internal.CollectionLoadContext@5f525fef<rs=HikariProxyResultSet@309866589 wrapping rs2721: null>
?[0m?[0;34m2023-03-31 16:06:00.782  WARN 29781 --- [nio-8080-exec-4] o.h.e.loading.internal.LoadContexts      : HHH000100: Fail-safe cleanup (collections) : org.hibernate.engine.loading.internal.CollectionLoadContext@3252747e<rs=HikariProxyResultSet@1806053598 wrapping rs2296: null>
?[0m?[0;34m2023-03-31 16:06:00.782  WARN 29781 --- [nio-8080-exec-4] o.h.e.loading.internal.LoadContexts      : HHH000100: Fail-safe cleanup (collections) : org.hibernate.engine.loading.internal.CollectionLoadContext@7758013a<rs=HikariProxyResultSet@1313405279 wrapping rs2656: null>
?[0m?[0;34m2023-03-31 16:06:00.782  WARN 29781 --- [nio-8080-exec-4] o.h.e.loading.internal.LoadContexts      : HHH000100: Fail-safe cleanup (collections) : org.hibernate.engine.loading.internal.CollectionLoadContext@706e60cb<rs=HikariProxyResultSet@719059424 wrapping rs2607: null>
?[0m?[0;34m2023-03-31 16:06:00.782  WARN 29781 --- [nio-8080-exec-4] o.h.e.loading.internal.LoadContexts      : HHH000100: Fail-safe cleanup (collections) : org.hibernate.engine.loading.internal.CollectionLoadContext@3d0ee40e<rs=HikariProxyResultSet@1196773985 wrapping rs2423: null>
?[0m?[0;34m2023-03-31 16:06:00.782  WARN 29781 --- [nio-8080-exec-4] o.h.e.loading.internal.LoadContexts      : HHH000100: Fail-safe cleanup (collections) : org.hibernate.engine.loading.internal.CollectionLoadContext@1c5e8655<rs=HikariProxyResultSet@774995682 wrapping rs2697: null>
?[0m?[0;34m2023-03-31 16:06:00.782  WARN 29781 --- [nio-8080-exec-4] o.h.e.loading.internal.LoadContexts      : HHH000100: Fail-safe cleanup (collections) : org.hibernate.engine.loading.internal.CollectionLoadContext@2bb80535<rs=HikariProxyResultSet@1650300642 wrapping rs2722: null>
?[0m?[0;34m2023-03-31 16:06:00.782  WARN 29781 --- [nio-8080-exec-4] o.h.e.loading.internal.LoadContexts      : HHH000100: Fail-safe cleanup (collections) : org.hibernate.engine.loading.internal.CollectionLoadContext@28d340b1<rs=HikariProxyResultSet@1647062625 wrapping rs2730: null>
?[0m?[0;34m2023-03-31 16:06:00.782  WARN 29781 --- [nio-8080-exec-4] o.h.e.loading.internal.LoadContexts      : HHH000100: Fail-safe cleanup (collections) : org.hibernate.engine.loading.internal.CollectionLoadContext@6237ef31<rs=HikariProxyResultSet@1420788708 wrapping rs2790: null>
?[0m?[0;34m2023-03-31 16:06:00.782  WARN 29781 --- [nio-8080-exec-4] o.h.e.loading.internal.LoadContexts      : HHH000100: Fail-safe cleanup (collections) : org.hibernate.engine.loading.internal.CollectionLoadContext@ab3a10c<rs=HikariProxyResultSet@554389734 wrapping rs2540: null>
?[0m?[0;34m2023-03-31 16:06:00.782  WARN 29781 --- [nio-8080-exec-4] o.h.e.loading.internal.LoadContexts      : HHH000100: Fail-safe cleanup (collections) : org.hibernate.engine.loading.internal.CollectionLoadContext@61498cc2<rs=HikariProxyResultSet@1900639591 wrapping rs2577: null>
?[0m?[0;34m2023-03-31 16:06:00.782  WARN 29781 --- [nio-8080-exec-4] o.h.e.loading.internal.LoadContexts      : HHH000100: Fail-safe cleanup (collections) : org.hibernate.engine.loading.internal.CollectionLoadContext@53ad8e92<rs=HikariProxyResultSet@2038857450 wrapping rs2310: null>
?[0m?[0;34m2023-03-31 16:06:00.782  WARN 29781 --- [nio-8080-exec-4] o.h.e.loading.internal.LoadContexts      : HHH000100: Fail-safe cleanup (collections) : org.hibernate.engine.loading.internal.CollectionLoadContext@e3ebdb1<rs=HikariProxyResultSet@274005738 wrapping rs2356: null>
?[0m?[0;34m2023-03-31 16:06:00.783  WARN 29781 --- [nio-8080-exec-4] o.h.e.loading.internal.LoadContexts      : HHH000100: Fail-safe cleanup (collections) : org.hibernate.engine.loading.internal.CollectionLoadContext@1992c6bb<rs=HikariProxyResultSet@1942100843 wrapping rs2762: null>
?[0m?[0;34m2023-03-31 16:06:00.783  WARN 29781 --- [nio-8080-exec-4] o.h.e.loading.internal.LoadContexts      : HHH000100: Fail-safe cleanup (collections) : org.hibernate.engine.loading.internal.CollectionLoadContext@341076d7<rs=HikariProxyResultSet@165819122 wrapping rs2495: null>
?[0m?[0;34m2023-03-31 16:06:00.783  WARN 29781 --- [nio-8080-exec-4] o.h.e.loading.internal.LoadContexts      : HHH000100: Fail-safe cleanup (collections) : org.hibernate.engine.loading.internal.CollectionLoadContext@b76a7d9<rs=HikariProxyResultSet@1545822970 wrapping rs2246: null>
?[0m?[0;34m2023-03-31 16:06:00.783  WARN 29781 --- [nio-8080-exec-4] o.h.e.loading.internal.LoadContexts      : HHH000100: Fail-safe cleanup (collections) : org.hibernate.engine.loading.internal.CollectionLoadContext@705e4033<rs=HikariProxyResultSet@476121979 wrapping rs2367: null>
?[0m?[0;34m2023-03-31 16:06:00.783  WARN 29781 --- [nio-8080-exec-4] o.h.e.loading.internal.LoadContexts      : HHH000100: Fail-safe cleanup (collections) : org.hibernate.engine.loading.internal.CollectionLoadContext@7f76e79d<rs=HikariProxyResultSet@1812088957 wrapping rs2523: null>
?[0m?[0;34m2023-03-31 16:06:00.783  WARN 29781 --- [nio-8080-exec-4] o.h.e.loading.internal.LoadContexts      : HHH000100: Fail-safe cleanup (collections) : org.hibernate.engine.loading.internal.CollectionLoadContext@48e7806a<rs=HikariProxyResultSet@1041963012 wrapping rs2287: null>
?[0m?[0;34m2023-03-31 16:06:00.783  WARN 29781 --- [nio-8080-exec-4] o.h.e.loading.internal.LoadContexts      : HHH000100: Fail-safe cleanup (collections) : org.hibernate.engine.loading.internal.CollectionLoadContext@7611aec0<rs=HikariProxyResultSet@907428360 wrapping rs2644: null>
?[0m?[0;34m2023-03-31 16:06:00.783  WARN 29781 --- [nio-8080-exec-4] o.h.e.loading.internal.LoadContexts      : HHH000100: Fail-safe cleanup (collections) : org.hibernate.engine.loading.internal.CollectionLoadContext@744c37e9<rs=HikariProxyResultSet@1539389065 wrapping rs2717: null>
?[0m?[0;34m2023-03-31 16:06:00.783  WARN 29781 --- [nio-8080-exec-4] o.h.e.loading.internal.LoadContexts      : HHH000100: Fail-safe cleanup (collections) : org.hibernate.engine.loading.internal.CollectionLoadContext@3cce6cf2<rs=HikariProxyResultSet@615816333 wrapping rs2518: null>
?[0m?[0;34m2023-03-31 16:06:00.783  WARN 29781 --- [nio-8080-exec-4] o.h.e.loading.internal.LoadContexts      : HHH000100: Fail-safe cleanup (collections) : org.hibernate.engine.loading.internal.CollectionLoadContext@485e5fd1<rs=HikariProxyResultSet@330141966 wrapping rs2413: null>
?[0m?[0;34m2023-03-31 16:06:00.783  WARN 29781 --- [nio-8080-exec-4] o.h.e.loading.internal.LoadContexts      : HHH000100: Fail-safe cleanup (collections) : org.hibernate.engine.loading.internal.CollectionLoadContext@33429fb4<rs=HikariProxyResultSet@257793423 wrapping rs2662: null>
?[0m?[0;34m2023-03-31 16:06:00.783  WARN 29781 --- [nio-8080-exec-4] o.h.e.loading.internal.LoadContexts      : HHH000100: Fail-safe cleanup (collections) : org.hibernate.engine.loading.internal.CollectionLoadContext@2624154a<rs=HikariProxyResultSet@865809936 wrapping rs2797: null>
?[0m?[0;34m2023-03-31 16:06:00.783  WARN 29781 --- [nio-8080-exec-4] o.h.e.loading.internal.LoadContexts      : HHH000100: Fail-safe cleanup (collections) : org.hibernate.engine.loading.internal.CollectionLoadContext@69c25480<rs=HikariProxyResultSet@833717905 wrapping rs2461: null>
?[0m?[0;34m2023-03-31 16:06:00.783  WARN 29781 --- [nio-8080-exec-4] o.h.e.loading.internal.LoadContexts      : HHH000100: Fail-safe cleanup (collections) : org.hibernate.engine.loading.internal.CollectionLoadContext@53d83ebe<rs=HikariProxyResultSet@284467986 wrapping rs2611: null>
?[0m?[0;34m2023-03-31 16:06:00.784  WARN 29781 --- [nio-8080-exec-4] o.h.e.loading.internal.LoadContexts      : HHH000100: Fail-safe cleanup (collections) : org.hibernate.engine.loading.internal.CollectionLoadContext@7440b44e<rs=HikariProxyResultSet@59698833 wrapping rs2760: null>
?[0m?[0;34m2023-03-31 16:06:00.784  WARN 29781 --- [nio-8080-exec-4] o.h.e.loading.internal.LoadContexts      : HHH000100: Fail-safe cleanup (collections) : org.hibernate.engine.loading.internal.CollectionLoadContext@724871c9<rs=HikariProxyResultSet@236648597 wrapping rs2601: null>
?[0m?[0;34m2023-03-31 16:06:00.784  WARN 29781 --- [nio-8080-exec-4] o.h.e.loading.internal.LoadContexts      : HHH000100: Fail-safe cleanup (collections) : org.hibernate.engine.loading.internal.CollectionLoadContext@9d55d54<rs=HikariProxyResultSet@1640589590 wrapping rs2334: null>
?[0m?[0;34m2023-03-31 16:06:00.784  WARN 29781 --- [nio-8080-exec-4] o.h.e.loading.internal.LoadContexts      : HHH000100: Fail-safe cleanup (collections) : org.hibernate.engine.loading.internal.CollectionLoadContext@1b6abf1e<rs=HikariProxyResultSet@477769877 wrapping rs2638: null>
?[0m?[0;34m2023-03-31 16:06:00.784  WARN 29781 --- [nio-8080-exec-4] o.h.e.loading.internal.LoadContexts      : HHH000100: Fail-safe cleanup (collections) : org.hibernate.engine.loading.internal.CollectionLoadContext@6af98af9<rs=HikariProxyResultSet@1191500949 wrapping rs2731: null>
?[0m?[0;34m2023-03-31 16:06:00.784  WARN 29781 --- [nio-8080-exec-4] o.h.e.loading.internal.LoadContexts      : HHH000100: Fail-safe cleanup (collections) : org.hibernate.engine.loading.internal.CollectionLoadContext@5b8e6856<rs=HikariProxyResultSet@376989337 wrapping rs2531: null>
?[0m?[0;34m2023-03-31 16:06:00.784  WARN 29781 --- [nio-8080-exec-4] o.h.e.loading.internal.LoadContexts      : HHH000100: Fail-safe cleanup (collections) : org.hibernate.engine.loading.internal.CollectionLoadContext@7812a18e<rs=HikariProxyResultSet@825231517 wrapping rs2285: null>
?[0m?[0;34m2023-03-31 16:06:00.784  WARN 29781 --- [nio-8080-exec-4] o.h.e.loading.internal.LoadContexts      : HHH000100: Fail-safe cleanup (collections) : org.hibernate.engine.loading.internal.CollectionLoadContext@364e63dd<rs=HikariProxyResultSet@748940445 wrapping rs2569: null>
?[0m?[0;34m2023-03-31 16:06:00.784  WARN 29781 --- [nio-8080-exec-4] o.h.e.loading.internal.LoadContexts      : HHH000100: Fail-safe cleanup (collections) : org.hibernate.engine.loading.internal.CollectionLoadContext@10c689af<rs=HikariProxyResultSet@668953757 wrapping rs2633: null>
?[0m?[0;34m2023-03-31 16:06:00.784  WARN 29781 --- [nio-8080-exec-4] o.h.e.loading.internal.LoadContexts      : HHH000100: Fail-safe cleanup (collections) : org.hibernate.engine.loading.internal.CollectionLoadContext@38229f39<rs=HikariProxyResultSet@1976695965 wrapping rs2768: null>
?[0m?[0;34m2023-03-31 16:06:00.785  WARN 29781 --- [nio-8080-exec-4] o.h.e.loading.internal.LoadContexts      : HHH000100: Fail-safe cleanup (collections) : org.hibernate.engine.loading.internal.CollectionLoadContext@55515762<rs=HikariProxyResultSet@933166882 wrapping rs2651: null>
?[0m?[0;34m2023-03-31 16:06:00.785  WARN 29781 --- [nio-8080-exec-4] o.h.e.loading.internal.LoadContexts      : HHH000100: Fail-safe cleanup (collections) : org.hibernate.engine.loading.internal.CollectionLoadContext@1044869e<rs=HikariProxyResultSet@814038439 wrapping rs2339: null>
?[0m?[0;34m2023-03-31 16:06:00.785  WARN 29781 --- [nio-8080-exec-4] o.h.e.loading.internal.LoadContexts      : HHH000100: Fail-safe cleanup (collections) : org.hibernate.engine.loading.internal.CollectionLoadContext@34ebfec8<rs=HikariProxyResultSet@766889383 wrapping rs2597: null>
?[0m?[0;34m2023-03-31 16:06:00.785  WARN 29781 --- [nio-8080-exec-4] o.h.e.loading.internal.LoadContexts      : HHH000100: Fail-safe cleanup (collections) : org.hibernate.engine.loading.internal.CollectionLoadContext@181c743b<rs=HikariProxyResultSet@744575786 wrapping rs2666: null>
?[0m?[0;34m2023-03-31 16:06:00.785  WARN 29781 --- [nio-8080-exec-4] o.h.e.loading.internal.LoadContexts      : HHH000100: Fail-safe cleanup (collections) : org.hibernate.engine.loading.internal.CollectionLoadContext@4729da1d<rs=HikariProxyResultSet@1372542254 wrapping rs2291: null>
?[0m?[0;34m2023-03-31 16:06:00.785  WARN 29781 --- [nio-8080-exec-4] o.h.e.loading.internal.LoadContexts      : HHH000100: Fail-safe cleanup (collections) : org.hibernate.engine.loading.internal.CollectionLoadContext@736dc410<rs=HikariProxyResultSet@1938913840 wrapping rs2309: null>
?[0m?[0;34m2023-03-31 16:06:00.785  WARN 29781 --- [nio-8080-exec-4] o.h.e.loading.internal.LoadContexts      : HHH000100: Fail-safe cleanup (collections) : org.hibernate.engine.loading.internal.CollectionLoadContext@181b790b<rs=HikariProxyResultSet@1576950578 wrapping rs2574: null>
?[0m?[0;34m2023-03-31 16:06:00.785  WARN 29781 --- [nio-8080-exec-4] o.h.e.loading.internal.LoadContexts      : HHH000100: Fail-safe cleanup (collections) : org.hibernate.engine.loading.internal.CollectionLoadContext@635d7b9f<rs=HikariProxyResultSet@1046849080 wrapping rs2668: null>
?[0m?[0;34m2023-03-31 16:06:00.785  WARN 29781 --- [nio-8080-exec-4] o.h.e.loading.internal.LoadContexts      : HHH000100: Fail-safe cleanup (collections) : org.hibernate.engine.loading.internal.CollectionLoadContext@6a2dbcdb<rs=HikariProxyResultSet@1392778937 wrapping rs2311: null>
?[0m?[0;34m2023-03-31 16:06:00.785  WARN 29781 --- [nio-8080-exec-4] o.h.e.loading.internal.LoadContexts      : HHH000100: Fail-safe cleanup (collections) : org.hibernate.engine.loading.internal.CollectionLoadContext@77fda8ca<rs=HikariProxyResultSet@2091309882 wrapping rs2573: null>
?[0m?[0;34m2023-03-31 16:06:00.785  WARN 29781 --- [nio-8080-exec-4] o.h.e.loading.internal.LoadContexts      : HHH000100: Fail-safe cleanup (collections) : org.hibernate.engine.loading.internal.CollectionLoadContext@346d541f<rs=HikariProxyResultSet@749622203 wrapping rs2754: null>
?[0m?[0;34m2023-03-31 16:06:00.786  WARN 29781 --- [nio-8080-exec-4] o.h.e.loading.internal.LoadContexts      : HHH000100: Fail-safe cleanup (collections) : org.hibernate.engine.loading.internal.CollectionLoadContext@3c64508e<rs=HikariProxyResultSet@309621054 wrapping rs2557: null>
?[0m?[0;34m2023-03-31 16:06:00.786  WARN 29781 --- [nio-8080-exec-4] o.h.e.loading.internal.LoadContexts      : HHH000100: Fail-safe cleanup (collections) : org.hibernate.engine.loading.internal.CollectionLoadContext@3b28e8bd<rs=HikariProxyResultSet@4890434 wrapping rs2280: null>
?[0m?[0;34m2023-03-31 16:06:00.786  WARN 29781 --- [nio-8080-exec-4] o.h.e.loading.internal.LoadContexts      : HHH000100: Fail-safe cleanup (collections) : org.hibernate.engine.loading.internal.CollectionLoadContext@2109acea<rs=HikariProxyResultSet@886971331 wrapping rs2473: null>
?[0m?[0;34m2023-03-31 16:06:00.786  WARN 29781 --- [nio-8080-exec-4] o.h.e.loading.internal.LoadContexts      : HHH000100: Fail-safe cleanup (collections) : org.hibernate.engine.loading.internal.CollectionLoadContext@7f9ad978<rs=HikariProxyResultSet@443083844 wrapping rs2526: null>
?[0m?[0;34m2023-03-31 16:06:00.786  WARN 29781 --- [nio-8080-exec-4] o.h.e.loading.internal.LoadContexts      : HHH000100: Fail-safe cleanup (collections) : org.hibernate.engine.loading.internal.CollectionLoadContext@61e40625<rs=HikariProxyResultSet@572755528 wrapping rs2372: null>
?[0m?[0;34m2023-03-31 16:06:00.786  WARN 29781 --- [nio-8080-exec-4] o.h.e.loading.internal.LoadContexts      : HHH000100: Fail-safe cleanup (collections) : org.hibernate.engine.loading.internal.CollectionLoadContext@1df567a4<rs=HikariProxyResultSet@1206402632 wrapping rs2637: null>
?[0m?[0;34m2023-03-31 16:06:00.786  WARN 29781 --- [nio-8080-exec-4] o.h.e.loading.internal.LoadContexts      : HHH000100: Fail-safe cleanup (collections) : org.hibernate.engine.loading.internal.CollectionLoadContext@7177f60c<rs=HikariProxyResultSet@884326218 wrapping rs2480: null>
?[0m?[0;34m2023-03-31 16:06:00.786  WARN 29781 --- [nio-8080-exec-4] o.h.e.loading.internal.LoadContexts      : HHH000100: Fail-safe cleanup (collections) : org.hibernate.engine.loading.internal.CollectionLoadContext@580fa043<rs=HikariProxyResultSet@1914223950 wrapping rs2470: null>
?[0m?[0;34m2023-03-31 16:06:00.786  WARN 29781 --- [nio-8080-exec-4] o.h.e.loading.internal.LoadContexts      : HHH000100: Fail-safe cleanup (collections) : org.hibernate.engine.loading.internal.CollectionLoadContext@199b4049<rs=HikariProxyResultSet@1093788111 wrapping rs2332: null>
?[0m?[0;34m2023-03-31 16:06:00.786  WARN 29781 --- [nio-8080-exec-4] o.h.e.loading.internal.LoadContexts      : HHH000100: Fail-safe cleanup (collections) : org.hibernate.engine.loading.internal.CollectionLoadContext@2fe5dc99<rs=HikariProxyResultSet@120490705 wrapping rs2498: null>
?[0m?[0;34m2023-03-31 16:06:00.786  WARN 29781 --- [nio-8080-exec-4] o.h.e.loading.internal.LoadContexts      : HHH000100: Fail-safe cleanup (collections) : org.hibernate.engine.loading.internal.CollectionLoadContext@616c88ff<rs=HikariProxyResultSet@245052242 wrapping rs2510: null>
?[0m?[0;34m2023-03-31 16:06:00.787  WARN 29781 --- [nio-8080-exec-4] o.h.e.loading.internal.LoadContexts      : HHH000100: Fail-safe cleanup (collections) : org.hibernate.engine.loading.internal.CollectionLoadContext@44c43129<rs=HikariProxyResultSet@223598676 wrapping rs2443: null>
?[0m?[0;34m2023-03-31 16:06:00.787  WARN 29781 --- [nio-8080-exec-4] o.h.e.loading.internal.LoadContexts      : HHH000100: Fail-safe cleanup (collections) : org.hibernate.engine.loading.internal.CollectionLoadContext@71eb8f0<rs=HikariProxyResultSet@1986118869 wrapping rs2394: null>
?[0m?[0;34m2023-03-31 16:06:00.787  WARN 29781 --- [nio-8080-exec-4] o.h.e.loading.internal.LoadContexts      : HHH000100: Fail-safe cleanup (collections) : org.hibernate.engine.loading.internal.CollectionLoadContext@61ebd9e<rs=HikariProxyResultSet@1110748502 wrapping rs2430: null>
?[0m?[0;34m2023-03-31 16:06:00.787  WARN 29781 --- [nio-8080-exec-4] o.h.e.loading.internal.LoadContexts      : HHH000100: Fail-safe cleanup (collections) : org.hibernate.engine.loading.internal.CollectionLoadContext@330f6d2<rs=HikariProxyResultSet@805735387 wrapping rs2522: null>
?[0m?[0;34m2023-03-31 16:06:00.787  WARN 29781 --- [nio-8080-exec-4] o.h.e.loading.internal.LoadContexts      : HHH000100: Fail-safe cleanup (collections) : org.hibernate.engine.loading.internal.CollectionLoadContext@6698d2e4<rs=HikariProxyResultSet@511930460 wrapping rs2303: null>
?[0m?[0;34m2023-03-31 16:06:00.787  WARN 29781 --- [nio-8080-exec-4] o.h.e.loading.internal.LoadContexts      : HHH000100: Fail-safe cleanup (collections) : org.hibernate.engine.loading.internal.CollectionLoadContext@14333fff<rs=HikariProxyResultSet@1301117020 wrapping rs2335: null>
?[0m?[0;34m2023-03-31 16:06:00.787  WARN 29781 --- [nio-8080-exec-4] o.h.e.loading.internal.LoadContexts      : HHH000100: Fail-safe cleanup (collections) : org.hibernate.engine.loading.internal.CollectionLoadContext@67b282aa<rs=HikariProxyResultSet@1163209054 wrapping rs2274: null>
?[0m?[0;34m2023-03-31 16:06:00.787  WARN 29781 --- [nio-8080-exec-4] o.h.e.loading.internal.LoadContexts      : HHH000100: Fail-safe cleanup (collections) : org.hibernate.engine.loading.internal.CollectionLoadContext@63306ee8<rs=HikariProxyResultSet@971970652 wrapping rs2362: null>
?[0m?[0;34m2023-03-31 16:06:00.787  WARN 29781 --- [nio-8080-exec-4] o.h.e.loading.internal.LoadContexts      : HHH000100: Fail-safe cleanup (collections) : org.hibernate.engine.loading.internal.CollectionLoadContext@439f9f98<rs=HikariProxyResultSet@1682475100 wrapping rs2464: null>
?[0m?[0;34m2023-03-31 16:06:00.787  WARN 29781 --- [nio-8080-exec-4] o.h.e.loading.internal.LoadContexts      : HHH000100: Fail-safe cleanup (collections) : org.hibernate.engine.loading.internal.CollectionLoadContext@4ede8cd3<rs=HikariProxyResultSet@1299661537 wrapping rs2281: null>
?[0m?[0;34m2023-03-31 16:06:00.787  WARN 29781 --- [nio-8080-exec-4] o.h.e.loading.internal.LoadContexts      : HHH000100: Fail-safe cleanup (collections) : org.hibernate.engine.loading.internal.CollectionLoadContext@3d8af070<rs=HikariProxyResultSet@1784911585 wrapping rs2282: null>
?[0m?[0;34m2023-03-31 16:06:00.787  WARN 29781 --- [nio-8080-exec-4] o.h.e.loading.internal.LoadContexts      : HHH000100: Fail-safe cleanup (collections) : org.hibernate.engine.loading.internal.CollectionLoadContext@5d2d8e07<rs=HikariProxyResultSet@1149828317 wrapping rs2647: null>
?[0m?[0;34m2023-03-31 16:06:00.787  WARN 29781 --- [nio-8080-exec-4] o.h.e.loading.internal.LoadContexts      : HHH000100: Fail-safe cleanup (collections) : org.hibernate.engine.loading.internal.CollectionLoadContext@6271b965<rs=HikariProxyResultSet@304755038 wrapping rs2774: null>
?[0m?[0;34m2023-03-31 16:06:00.788  WARN 29781 --- [nio-8080-exec-4] o.h.e.loading.internal.LoadContexts      : HHH000100: Fail-safe cleanup (collections) : org.hibernate.engine.loading.internal.CollectionLoadContext@587319ec<rs=HikariProxyResultSet@1920533733 wrapping rs2581: null>
?[0m?[0;34m2023-03-31 16:06:00.788  WARN 29781 --- [nio-8080-exec-4] o.h.e.loading.internal.LoadContexts      : HHH000100: Fail-safe cleanup (collections) : org.hibernate.engine.loading.internal.CollectionLoadContext@32907be2<rs=HikariProxyResultSet@1875245414 wrapping rs2675: null>
?[0m?[0;34m2023-03-31 16:06:00.788  WARN 29781 --- [nio-8080-exec-4] o.h.e.loading.internal.LoadContexts      : HHH000100: Fail-safe cleanup (collections) : org.hibernate.engine.loading.internal.CollectionLoadContext@3fc9601<rs=HikariProxyResultSet@1709021542 wrapping rs2713: null>
?[0m?[0;34m2023-03-31 16:06:00.788  WARN 29781 --- [nio-8080-exec-4] o.h.e.loading.internal.LoadContexts      : HHH000100: Fail-safe cleanup (collections) : org.hibernate.engine.loading.internal.CollectionLoadContext@6ca9bd8a<rs=HikariProxyResultSet@749001707 wrapping rs2524: null>
?[0m?[0;34m2023-03-31 16:06:00.788  WARN 29781 --- [nio-8080-exec-4] o.h.e.loading.internal.LoadContexts      : HHH000100: Fail-safe cleanup (collections) : org.hibernate.engine.loading.internal.CollectionLoadContext@2c55658a<rs=HikariProxyResultSet@529087217 wrapping rs2298: null>
?[0m?[0;34m2023-03-31 16:06:00.788  WARN 29781 --- [nio-8080-exec-4] o.h.e.loading.internal.LoadContexts      : HHH000100: Fail-safe cleanup (collections) : org.hibernate.engine.loading.internal.CollectionLoadContext@1dab5489<rs=HikariProxyResultSet@1632148338 wrapping rs2324: null>
?[0m?[0;34m2023-03-31 16:06:00.788  WARN 29781 --- [nio-8080-exec-4] o.h.e.loading.internal.LoadContexts      : HHH000100: Fail-safe cleanup (collections) : org.hibernate.engine.loading.internal.CollectionLoadContext@7a0085a3<rs=HikariProxyResultSet@505847795 wrapping rs2472: null>
?[0m?[0;34m2023-03-31 16:06:00.788  WARN 29781 --- [nio-8080-exec-4] o.h.e.loading.internal.LoadContexts      : HHH000100: Fail-safe cleanup (collections) : org.hibernate.engine.loading.internal.CollectionLoadContext@5be43284<rs=HikariProxyResultSet@1022072819 wrapping rs2759: null>
?[0m?[0;34m2023-03-31 16:06:00.789  WARN 29781 --- [nio-8080-exec-4] o.h.e.loading.internal.LoadContexts      : HHH000100: Fail-safe cleanup (collections) : org.hibernate.engine.loading.internal.CollectionLoadContext@5c9a7547<rs=HikariProxyResultSet@2074778103 wrapping rs2565: null>
?[0m?[0;34m2023-03-31 16:06:00.789  WARN 29781 --- [nio-8080-exec-4] o.h.e.loading.internal.LoadContexts      : HHH000100: Fail-safe cleanup (collections) : org.hibernate.engine.loading.internal.CollectionLoadContext@1bd26d41<rs=HikariProxyResultSet@1290208888 wrapping rs2566: null>
?[0m?[0;34m2023-03-31 16:06:00.789  WARN 29781 --- [nio-8080-exec-4] o.h.e.loading.internal.LoadContexts      : HHH000100: Fail-safe cleanup (collections) : org.hibernate.engine.loading.internal.CollectionLoadContext@6501de05<rs=HikariProxyResultSet@135754747 wrapping rs2263: null>
?[0m?[0;34m2023-03-31 16:06:00.789  WARN 29781 --- [nio-8080-exec-4] o.h.e.loading.internal.LoadContexts      : HHH000100: Fail-safe cleanup (collections) : org.hibernate.engine.loading.internal.CollectionLoadContext@1f0ba033<rs=HikariProxyResultSet@1604228091 wrapping rs2743: null>
?[0m?[0;34m2023-03-31 16:06:00.789  WARN 29781 --- [nio-8080-exec-4] o.h.e.loading.internal.LoadContexts      : HHH000100: Fail-safe cleanup (collections) : org.hibernate.engine.loading.internal.CollectionLoadContext@10b4ced8<rs=HikariProxyResultSet@669188220 wrapping rs2801: null>
?[0m?[0;34m2023-03-31 16:06:00.789  WARN 29781 --- [nio-8080-exec-4] o.h.e.loading.internal.LoadContexts      : HHH000100: Fail-safe cleanup (collections) : org.hibernate.engine.loading.internal.CollectionLoadContext@188411ea<rs=HikariProxyResultSet@1782097278 wrapping rs2255: null>
?[0m?[0;34m2023-03-31 16:06:00.789  WARN 29781 --- [nio-8080-exec-4] o.h.e.loading.internal.LoadContexts      : HHH000100: Fail-safe cleanup (collections) : org.hibernate.engine.loading.internal.CollectionLoadContext@739e0509<rs=HikariProxyResultSet@25282305 wrapping rs2679: null>
?[0m?[0;34m2023-03-31 16:06:00.789  WARN 29781 --- [nio-8080-exec-4] o.h.e.loading.internal.LoadContexts      : HHH000100: Fail-safe cleanup (collections) : org.hibernate.engine.loading.internal.CollectionLoadContext@31563971<rs=HikariProxyResultSet@2048247940 wrapping rs2315: null>
?[0m?[0;34m2023-03-31 16:06:00.789  WARN 29781 --- [nio-8080-exec-4] o.h.e.loading.internal.LoadContexts      : HHH000100: Fail-safe cleanup (collections) : org.hibernate.engine.loading.internal.CollectionLoadContext@722e38d<rs=HikariProxyResultSet@1334974854 wrapping rs2695: null>
?[0m?[0;34m2023-03-31 16:06:00.789  WARN 29781 --- [nio-8080-exec-4] o.h.e.loading.internal.LoadContexts      : HHH000100: Fail-safe cleanup (collections) : org.hibernate.engine.loading.internal.CollectionLoadContext@3f91a9c2<rs=HikariProxyResultSet@513655432 wrapping rs2276: null>
?[0m?[0;34m2023-03-31 16:06:00.789  WARN 29781 --- [nio-8080-exec-4] o.h.e.loading.internal.LoadContexts      : HHH000100: Fail-safe cleanup (collections) : org.hibernate.engine.loading.internal.CollectionLoadContext@3ca44574<rs=HikariProxyResultSet@1720591113 wrapping rs2260: null>
?[0m?[0;34m2023-03-31 16:06:00.789  WARN 29781 --- [nio-8080-exec-4] o.h.e.loading.internal.LoadContexts      : HHH000100: Fail-safe cleanup (collections) : org.hibernate.engine.loading.internal.CollectionLoadContext@3c396e20<rs=HikariProxyResultSet@914800522 wrapping rs2558: null>
?[0m?[0;34m2023-03-31 16:06:00.789  WARN 29781 --- [nio-8080-exec-4] o.h.e.loading.internal.LoadContexts      : HHH000100: Fail-safe cleanup (collections) : org.hibernate.engine.loading.internal.CollectionLoadContext@2c17dca1<rs=HikariProxyResultSet@1110582412 wrapping rs2405: null>
?[0m?[0;34m2023-03-31 16:06:00.789  WARN 29781 --- [nio-8080-exec-4] o.h.e.loading.internal.LoadContexts      : HHH000100: Fail-safe cleanup (collections) : org.hibernate.engine.loading.internal.CollectionLoadContext@1efabf58<rs=HikariProxyResultSet@321931533 wrapping rs2467: null>
?[0m?[0;34m2023-03-31 16:06:00.790  WARN 29781 --- [nio-8080-exec-4] o.h.e.loading.internal.LoadContexts      : HHH000100: Fail-safe cleanup (collections) : org.hibernate.engine.loading.internal.CollectionLoadContext@6bd616<rs=HikariProxyResultSet@1326788369 wrapping rs2345: null>
?[0m?[0;34m2023-03-31 16:06:00.790  WARN 29781 --- [nio-8080-exec-4] o.h.e.loading.internal.LoadContexts      : HHH000100: Fail-safe cleanup (collections) : org.hibernate.engine.loading.internal.CollectionLoadContext@77d4f055<rs=HikariProxyResultSet@1690984467 wrapping rs2266: null>
?[0m?[0;34m2023-03-31 16:06:00.790  WARN 29781 --- [nio-8080-exec-4] o.h.e.loading.internal.LoadContexts      : HHH000100: Fail-safe cleanup (collections) : org.hibernate.engine.loading.internal.CollectionLoadContext@65b4c8da<rs=HikariProxyResultSet@649723028 wrapping rs2482: null>
?[0m?[0;34m2023-03-31 16:06:00.790  WARN 29781 --- [nio-8080-exec-4] o.h.e.loading.internal.LoadContexts      : HHH000100: Fail-safe cleanup (collections) : org.hibernate.engine.loading.internal.CollectionLoadContext@2e7fbb4b<rs=HikariProxyResultSet@1165831187 wrapping rs2492: null>
?[0m?[0;34m2023-03-31 16:06:00.790  WARN 29781 --- [nio-8080-exec-4] o.h.e.loading.internal.LoadContexts      : HHH000100: Fail-safe cleanup (collections) : org.hibernate.engine.loading.internal.CollectionLoadContext@70fa13f4<rs=HikariProxyResultSet@1159969940 wrapping rs2594: null>
?[0m?[0;34m2023-03-31 16:06:00.790  WARN 29781 --- [nio-8080-exec-4] o.h.e.loading.internal.LoadContexts      : HHH000100: Fail-safe cleanup (collections) : org.hibernate.engine.loading.internal.CollectionLoadContext@20fc03e6<rs=HikariProxyResultSet@1308616086 wrapping rs2789: null>
?[0m?[0;34m2023-03-31 16:06:00.790  WARN 29781 --- [nio-8080-exec-4] o.h.e.loading.internal.LoadContexts      : HHH000100: Fail-safe cleanup (collections) : org.hibernate.engine.loading.internal.CollectionLoadContext@63cdfd3b<rs=HikariProxyResultSet@904354456 wrapping rs2312: null>
?[0m?[0;34m2023-03-31 16:06:00.790  WARN 29781 --- [nio-8080-exec-4] o.h.e.loading.internal.LoadContexts      : HHH000100: Fail-safe cleanup (collections) : org.hibernate.engine.loading.internal.CollectionLoadContext@303bb7ea<rs=HikariProxyResultSet@469937945 wrapping rs2447: null>
?[0m?[0;34m2023-03-31 16:06:00.790  WARN 29781 --- [nio-8080-exec-4] o.h.e.loading.internal.LoadContexts      : HHH000100: Fail-safe cleanup (collections) : org.hibernate.engine.loading.internal.CollectionLoadContext@107e67aa<rs=HikariProxyResultSet@1883005592 wrapping rs2602: null>
?[0m?[0;34m2023-03-31 16:06:00.790  WARN 29781 --- [nio-8080-exec-4] o.h.e.loading.internal.LoadContexts      : HHH000100: Fail-safe cleanup (collections) : org.hibernate.engine.loading.internal.CollectionLoadContext@50ddb570<rs=HikariProxyResultSet@2055496481 wrapping rs2322: null>
?[0m?[0;34m2023-03-31 16:06:00.790  WARN 29781 --- [nio-8080-exec-4] o.h.e.loading.internal.LoadContexts      : HHH000100: Fail-safe cleanup (collections) : org.hibernate.engine.loading.internal.CollectionLoadContext@5cf5be75<rs=HikariProxyResultSet@1638326307 wrapping rs2512: null>
?[0m?[0;34m2023-03-31 16:06:00.790  WARN 29781 --- [nio-8080-exec-4] o.h.e.loading.internal.LoadContexts      : HHH000100: Fail-safe cleanup (collections) : org.hibernate.engine.loading.internal.CollectionLoadContext@319cd6e6<rs=HikariProxyResultSet@1897231524 wrapping rs2463: null>
?[0m?[0;34m2023-03-31 16:06:00.790  WARN 29781 --- [nio-8080-exec-4] o.h.e.loading.internal.LoadContexts      : HHH000100: Fail-safe cleanup (collections) : org.hibernate.engine.loading.internal.CollectionLoadContext@523cb448<rs=HikariProxyResultSet@238910886 wrapping rs2267: null>
?[0m?[0;34m2023-03-31 16:06:00.790  WARN 29781 --- [nio-8080-exec-4] o.h.e.loading.internal.LoadContexts      : HHH000100: Fail-safe cleanup (collections) : org.hibernate.engine.loading.internal.CollectionLoadContext@6ff7fd4a<rs=HikariProxyResultSet@476594727 wrapping rs2250: null>
?[0m?[0;34m2023-03-31 16:06:00.791  WARN 29781 --- [nio-8080-exec-4] o.h.e.loading.internal.LoadContexts      : HHH000100: Fail-safe cleanup (collections) : org.hibernate.engine.loading.internal.CollectionLoadContext@1e00f0d7<rs=HikariProxyResultSet@612708008 wrapping rs2248: null>
?[0m?[0;34m2023-03-31 16:06:00.791  WARN 29781 --- [nio-8080-exec-4] o.h.e.loading.internal.LoadContexts      : HHH000100: Fail-safe cleanup (collections) : org.hibernate.engine.loading.internal.CollectionLoadContext@497c3e17<rs=HikariProxyResultSet@1025154470 wrapping rs2268: null>
?[0m?[0;34m2023-03-31 16:06:00.791  WARN 29781 --- [nio-8080-exec-4] o.h.e.loading.internal.LoadContexts      : HHH000100: Fail-safe cleanup (collections) : org.hibernate.engine.loading.internal.CollectionLoadContext@7e555d84<rs=HikariProxyResultSet@1426294319 wrapping rs2579: null>
?[0m?[0;34m2023-03-31 16:06:00.791  WARN 29781 --- [nio-8080-exec-4] o.h.e.loading.internal.LoadContexts      : HHH000100: Fail-safe cleanup (collections) : org.hibernate.engine.loading.internal.CollectionLoadContext@2e18f2a9<rs=HikariProxyResultSet@1491228465 wrapping rs2290: null>
?[0m?[0;34m2023-03-31 16:06:00.791  WARN 29781 --- [nio-8080-exec-4] o.h.e.loading.internal.LoadContexts      : HHH000100: Fail-safe cleanup (collections) : org.hibernate.engine.loading.internal.CollectionLoadContext@378729f5<rs=HikariProxyResultSet@1148489650 wrapping rs2346: null>
?[0m?[0;34m2023-03-31 16:06:00.791  WARN 29781 --- [nio-8080-exec-4] o.h.e.loading.internal.LoadContexts      : HHH000100: Fail-safe cleanup (collections) : org.hibernate.engine.loading.internal.CollectionLoadContext@1fa33594<rs=HikariProxyResultSet@1547345713 wrapping rs2373: null>
?[0m?[0;34m2023-03-31 16:06:00.791  WARN 29781 --- [nio-8080-exec-4] o.h.e.loading.internal.LoadContexts      : HHH000100: Fail-safe cleanup (collections) : org.hibernate.engine.loading.internal.CollectionLoadContext@4b4ef299<rs=HikariProxyResultSet@709906225 wrapping rs2474: null>
?[0m?[0;34m2023-03-31 16:06:00.791  WARN 29781 --- [nio-8080-exec-4] o.h.e.loading.internal.LoadContexts      : HHH000100: Fail-safe cleanup (collections) : org.hibernate.engine.loading.internal.CollectionLoadContext@22aacce3<rs=HikariProxyResultSet@2124705714 wrapping rs2525: null>
?[0m?[0;34m2023-03-31 16:06:00.791  WARN 29781 --- [nio-8080-exec-4] o.h.e.loading.internal.LoadContexts      : HHH000100: Fail-safe cleanup (collections) : org.hibernate.engine.loading.internal.CollectionLoadContext@2cec81c2<rs=HikariProxyResultSet@1042711603 wrapping rs2588: null>
?[0m?[0;34m2023-03-31 16:06:00.791  WARN 29781 --- [nio-8080-exec-4] o.h.e.loading.internal.LoadContexts      : HHH000100: Fail-safe cleanup (collections) : org.hibernate.engine.loading.internal.CollectionLoadContext@2ae50e5e<rs=HikariProxyResultSet@1783964086 wrapping rs2612: null>
?[0m?[0;34m2023-03-31 16:06:00.791  WARN 29781 --- [nio-8080-exec-4] o.h.e.loading.internal.LoadContexts      : HHH000100: Fail-safe cleanup (collections) : org.hibernate.engine.loading.internal.CollectionLoadContext@1603fba1<rs=HikariProxyResultSet@944165560 wrapping rs2279: null>
?[0m?[0;34m2023-03-31 16:06:00.791  WARN 29781 --- [nio-8080-exec-4] o.h.e.loading.internal.LoadContexts      : HHH000100: Fail-safe cleanup (collections) : org.hibernate.engine.loading.internal.CollectionLoadContext@62baf056<rs=HikariProxyResultSet@1479866169 wrapping rs2338: null>
?[0m?[0;34m2023-03-31 16:06:00.791  WARN 29781 --- [nio-8080-exec-4] o.h.e.loading.internal.LoadContexts      : HHH000100: Fail-safe cleanup (collections) : org.hibernate.engine.loading.internal.CollectionLoadContext@2a909f52<rs=HikariProxyResultSet@549922488 wrapping rs2503: null>
?[0m?[0;34m2023-03-31 16:06:00.791  WARN 29781 --- [nio-8080-exec-4] o.h.e.loading.internal.LoadContexts      : HHH000100: Fail-safe cleanup (collections) : org.hibernate.engine.loading.internal.CollectionLoadContext@2885f3a0<rs=HikariProxyResultSet@1034162235 wrapping rs2686: null>
?[0m?[0;34m2023-03-31 16:06:00.791  WARN 29781 --- [nio-8080-exec-4] o.h.e.loading.internal.LoadContexts      : HHH000100: Fail-safe cleanup (collections) : org.hibernate.engine.loading.internal.CollectionLoadContext@21d2cbe2<rs=HikariProxyResultSet@1965711677 wrapping rs2342: null>
?[0m?[0;34m2023-03-31 16:06:00.792  WARN 29781 --- [nio-8080-exec-4] o.h.e.loading.internal.LoadContexts      : HHH000100: Fail-safe cleanup (collections) : org.hibernate.engine.loading.internal.CollectionLoadContext@14dfb7ce<rs=HikariProxyResultSet@2135016128 wrapping rs2284: null>
?[0m?[0;34m2023-03-31 16:06:00.792  WARN 29781 --- [nio-8080-exec-4] o.h.e.loading.internal.LoadContexts      : HHH000100: Fail-safe cleanup (collections) : org.hibernate.engine.loading.internal.CollectionLoadContext@3a1bd008<rs=HikariProxyResultSet@1758830022 wrapping rs2567: null>
?[0m?[0;34m2023-03-31 16:06:00.792  WARN 29781 --- [nio-8080-exec-4] o.h.e.loading.internal.LoadContexts      : HHH000100: Fail-safe cleanup (collections) : org.hibernate.engine.loading.internal.CollectionLoadContext@3d842c18<rs=HikariProxyResultSet@1612101578 wrapping rs2765: null>
?[0m?[0;34m2023-03-31 16:06:00.792  WARN 29781 --- [nio-8080-exec-4] o.h.e.loading.internal.LoadContexts      : HHH000100: Fail-safe cleanup (collections) : org.hibernate.engine.loading.internal.CollectionLoadContext@abe7d91<rs=HikariProxyResultSet@1012836685 wrapping rs2271: null>
?[0m?[0;34m2023-03-31 16:06:00.792  WARN 29781 --- [nio-8080-exec-4] o.h.e.loading.internal.LoadContexts      : HHH000100: Fail-safe cleanup (collections) : org.hibernate.engine.loading.internal.CollectionLoadContext@6336cacf<rs=HikariProxyResultSet@1742425421 wrapping rs2317: null>
?[0m?[0;34m2023-03-31 16:06:00.792  WARN 29781 --- [nio-8080-exec-4] o.h.e.loading.internal.LoadContexts      : HHH000100: Fail-safe cleanup (collections) : org.hibernate.engine.loading.internal.CollectionLoadContext@7c9cd31<rs=HikariProxyResultSet@696436690 wrapping rs2471: null>
?[0m?[0;34m2023-03-31 16:06:00.792  WARN 29781 --- [nio-8080-exec-4] o.h.e.loading.internal.LoadContexts      : HHH000100: Fail-safe cleanup (collections) : org.hibernate.engine.loading.internal.CollectionLoadContext@1b31c53c<rs=HikariProxyResultSet@21116882 wrapping rs2497: null>
?[0m?[0;34m2023-03-31 16:06:00.792  WARN 29781 --- [nio-8080-exec-4] o.h.e.loading.internal.LoadContexts      : HHH000100: Fail-safe cleanup (collections) : org.hibernate.engine.loading.internal.CollectionLoadContext@621a613e<rs=HikariProxyResultSet@745047252 wrapping rs2539: null>
?[0m?[0;34m2023-03-31 16:06:00.792  WARN 29781 --- [nio-8080-exec-4] o.h.e.loading.internal.LoadContexts      : HHH000100: Fail-safe cleanup (collections) : org.hibernate.engine.loading.internal.CollectionLoadContext@37afbf00<rs=HikariProxyResultSet@276592981 wrapping rs2576: null>
?[0m?[0;34m2023-03-31 16:06:00.792  WARN 29781 --- [nio-8080-exec-4] o.h.e.loading.internal.LoadContexts      : HHH000100: Fail-safe cleanup (collections) : org.hibernate.engine.loading.internal.CollectionLoadContext@7e464c81<rs=HikariProxyResultSet@252203478 wrapping rs2265: null>
?[0m?[0;34m2023-03-31 16:06:00.792  WARN 29781 --- [nio-8080-exec-4] o.h.e.loading.internal.LoadContexts      : HHH000100: Fail-safe cleanup (collections) : org.hibernate.engine.loading.internal.CollectionLoadContext@6bcb6e50<rs=HikariProxyResultSet@1904673109 wrapping rs2603: null>
?[0m?[0;34m2023-03-31 16:06:00.792  WARN 29781 --- [nio-8080-exec-4] o.h.e.loading.internal.LoadContexts      : HHH000100: Fail-safe cleanup (collections) : org.hibernate.engine.loading.internal.CollectionLoadContext@5a69e186<rs=HikariProxyResultSet@597562967 wrapping rs2627: null>
?[0m?[0;34m2023-03-31 16:06:00.793  WARN 29781 --- [nio-8080-exec-4] o.h.e.loading.internal.LoadContexts      : HHH000100: Fail-safe cleanup (collections) : org.hibernate.engine.loading.internal.CollectionLoadContext@10f41274<rs=HikariProxyResultSet@1912318809 wrapping rs2424: null>
?[0m?[0;34m2023-03-31 16:06:00.793  WARN 29781 --- [nio-8080-exec-4] o.h.e.loading.internal.LoadContexts      : HHH000100: Fail-safe cleanup (collections) : org.hibernate.engine.loading.internal.CollectionLoadContext@5c1a76af<rs=HikariProxyResultSet@719992278 wrapping rs2781: null>
?[0m?[0;34m2023-03-31 16:06:00.793  WARN 29781 --- [nio-8080-exec-4] o.h.e.loading.internal.LoadContexts      : HHH000100: Fail-safe cleanup (collections) : org.hibernate.engine.loading.internal.CollectionLoadContext@6c933a92<rs=HikariProxyResultSet@1065796828 wrapping rs2533: null>
?[0m?[0;34m2023-03-31 16:06:00.793  WARN 29781 --- [nio-8080-exec-4] o.h.e.loading.internal.LoadContexts      : HHH000100: Fail-safe cleanup (collections) : org.hibernate.engine.loading.internal.CollectionLoadContext@79639357<rs=HikariProxyResultSet@1997746912 wrapping rs2549: null>
?[0m?[0;34m2023-03-31 16:06:00.793  WARN 29781 --- [nio-8080-exec-4] o.h.e.loading.internal.LoadContexts      : HHH000100: Fail-safe cleanup (collections) : org.hibernate.engine.loading.internal.CollectionLoadContext@49b449bd<rs=HikariProxyResultSet@89353315 wrapping rs2388: null>
?[0m?[0;34m2023-03-31 16:06:00.793  WARN 29781 --- [nio-8080-exec-4] o.h.e.loading.internal.LoadContexts      : HHH000100: Fail-safe cleanup (collections) : org.hibernate.engine.loading.internal.CollectionLoadContext@4614f12a<rs=HikariProxyResultSet@572381283 wrapping rs2560: null>
?[0m?[0;34m2023-03-31 16:06:00.793  WARN 29781 --- [nio-8080-exec-4] o.h.e.loading.internal.LoadContexts      : HHH000100: Fail-safe cleanup (collections) : org.hibernate.engine.loading.internal.CollectionLoadContext@332604d0<rs=HikariProxyResultSet@493030886 wrapping rs2321: null>
?[0m?[0;34m2023-03-31 16:06:00.793  WARN 29781 --- [nio-8080-exec-4] o.h.e.loading.internal.LoadContexts      : HHH000100: Fail-safe cleanup (collections) : org.hibernate.engine.loading.internal.CollectionLoadContext@56bac0c8<rs=HikariProxyResultSet@90610795 wrapping rs2624: null>
?[0m?[0;34m2023-03-31 16:06:00.793  WARN 29781 --- [nio-8080-exec-4] o.h.e.loading.internal.LoadContexts      : HHH000100: Fail-safe cleanup (collections) : org.hibernate.engine.loading.internal.CollectionLoadContext@3d288203<rs=HikariProxyResultSet@1798575340 wrapping rs2428: null>
?[0m?[0;34m2023-03-31 16:06:00.793  WARN 29781 --- [nio-8080-exec-4] o.h.e.loading.internal.LoadContexts      : HHH000100: Fail-safe cleanup (collections) : org.hibernate.engine.loading.internal.CollectionLoadContext@5cd4a92d<rs=HikariProxyResultSet@1271714157 wrapping rs2608: null>
?[0m?[0;34m2023-03-31 16:06:00.793  WARN 29781 --- [nio-8080-exec-4] o.h.e.loading.internal.LoadContexts      : HHH000100: Fail-safe cleanup (collections) : org.hibernate.engine.loading.internal.CollectionLoadContext@5f5736e3<rs=HikariProxyResultSet@1660557806 wrapping rs2445: null>
?[0m?[0;34m2023-03-31 16:06:00.793  WARN 29781 --- [nio-8080-exec-4] o.h.e.loading.internal.LoadContexts      : HHH000100: Fail-safe cleanup (collections) : org.hibernate.engine.loading.internal.CollectionLoadContext@5feb0141<rs=HikariProxyResultSet@1052740336 wrapping rs2460: null>
?[0m?[0;34m2023-03-31 16:06:00.794  WARN 29781 --- [nio-8080-exec-4] o.h.e.loading.internal.LoadContexts      : HHH000100: Fail-safe cleanup (collections) : org.hibernate.engine.loading.internal.CollectionLoadContext@262aa825<rs=HikariProxyResultSet@1908410483 wrapping rs2376: null>
?[0m?[0;34m2023-03-31 16:06:00.794  WARN 29781 --- [nio-8080-exec-4] o.h.e.loading.internal.LoadContexts      : HHH000100: Fail-safe cleanup (collections) : org.hibernate.engine.loading.internal.CollectionLoadContext@5fcee00c<rs=HikariProxyResultSet@1192345723 wrapping rs2249: null>
?[0m?[0;34m2023-03-31 16:06:00.794  WARN 29781 --- [nio-8080-exec-4] o.h.e.loading.internal.LoadContexts      : HHH000100: Fail-safe cleanup (collections) : org.hibernate.engine.loading.internal.CollectionLoadContext@39c83538<rs=HikariProxyResultSet@1041548411 wrapping rs2476: null>
?[0m?[0;34m2023-03-31 16:06:00.794  WARN 29781 --- [nio-8080-exec-4] o.h.e.loading.internal.LoadContexts      : HHH000100: Fail-safe cleanup (collections) : org.hibernate.engine.loading.internal.CollectionLoadContext@3e2eda49<rs=HikariProxyResultSet@1935652092 wrapping rs2726: null>
?[0m?[0;34m2023-03-31 16:06:00.794  WARN 29781 --- [nio-8080-exec-4] o.h.e.loading.internal.LoadContexts      : HHH000100: Fail-safe cleanup (collections) : org.hibernate.engine.loading.internal.CollectionLoadContext@4db63629<rs=HikariProxyResultSet@2038568446 wrapping rs2771: null>
?[0m?[0;34m2023-03-31 16:06:00.794  WARN 29781 --- [nio-8080-exec-4] o.h.e.loading.internal.LoadContexts      : HHH000100: Fail-safe cleanup (collections) : org.hibernate.engine.loading.internal.CollectionLoadContext@65d06113<rs=HikariProxyResultSet@1851918080 wrapping rs2417: null>
?[0m?[0;34m2023-03-31 16:06:00.794  WARN 29781 --- [nio-8080-exec-4] o.h.e.loading.internal.LoadContexts      : HHH000100: Fail-safe cleanup (collections) : org.hibernate.engine.loading.internal.CollectionLoadContext@1dc9f964<rs=HikariProxyResultSet@739490689 wrapping rs2742: null>
?[0m?[0;34m2023-03-31 16:06:00.794  WARN 29781 --- [nio-8080-exec-4] o.h.e.loading.internal.LoadContexts      : HHH000100: Fail-safe cleanup (collections) : org.hibernate.engine.loading.internal.CollectionLoadContext@557d9406<rs=HikariProxyResultSet@823054338 wrapping rs2254: null>
?[0m?[0;34m2023-03-31 16:06:00.794  WARN 29781 --- [nio-8080-exec-4] o.h.e.loading.internal.LoadContexts      : HHH000100: Fail-safe cleanup (collections) : org.hibernate.engine.loading.internal.CollectionLoadContext@2906e7fe<rs=HikariProxyResultSet@15691012 wrapping rs2385: null>
?[0m?[0;34m2023-03-31 16:06:00.794  WARN 29781 --- [nio-8080-exec-4] o.h.e.loading.internal.LoadContexts      : HHH000100: Fail-safe cleanup (collections) : org.hibernate.engine.loading.internal.CollectionLoadContext@4f38c334<rs=HikariProxyResultSet@1430600069 wrapping rs2479: null>
?[0m?[0;34m2023-03-31 16:06:00.794  WARN 29781 --- [nio-8080-exec-4] o.h.e.loading.internal.LoadContexts      : HHH000100: Fail-safe cleanup (collections) : org.hibernate.engine.loading.internal.CollectionLoadContext@1d68016e<rs=HikariProxyResultSet@1159929479 wrapping rs2306: null>
?[0m?[0;34m2023-03-31 16:06:00.795  WARN 29781 --- [nio-8080-exec-4] o.h.e.loading.internal.LoadContexts      : HHH000100: Fail-safe cleanup (collections) : org.hibernate.engine.loading.internal.CollectionLoadContext@240c6b61<rs=HikariProxyResultSet@1738719242 wrapping rs2343: null>
?[0m?[0;34m2023-03-31 16:06:00.795  WARN 29781 --- [nio-8080-exec-4] o.h.e.loading.internal.LoadContexts      : HHH000100: Fail-safe cleanup (collections) : org.hibernate.engine.loading.internal.CollectionLoadContext@3a2b4109<rs=HikariProxyResultSet@1532112269 wrapping rs2745: null>
?[0m?[0;34m2023-03-31 16:06:00.795  WARN 29781 --- [nio-8080-exec-4] o.h.e.loading.internal.LoadContexts      : HHH000100: Fail-safe cleanup (collections) : org.hibernate.engine.loading.internal.CollectionLoadContext@3303041b<rs=HikariProxyResultSet@78797197 wrapping rs2792: null>
?[0m?[0;34m2023-03-31 16:06:00.795  WARN 29781 --- [nio-8080-exec-4] o.h.e.loading.internal.LoadContexts      : HHH000100: Fail-safe cleanup (collections) : org.hibernate.engine.loading.internal.CollectionLoadContext@6ebd1064<rs=HikariProxyResultSet@611221264 wrapping rs2392: null>
?[0m?[0;34m2023-03-31 16:06:00.795  WARN 29781 --- [nio-8080-exec-4] o.h.e.loading.internal.LoadContexts      : HHH000100: Fail-safe cleanup (collections) : org.hibernate.engine.loading.internal.CollectionLoadContext@29ad39b1<rs=HikariProxyResultSet@1619905296 wrapping rs2553: null>
?[0m?[0;34m2023-03-31 16:06:00.795  WARN 29781 --- [nio-8080-exec-4] o.h.e.loading.internal.LoadContexts      : HHH000100: Fail-safe cleanup (collections) : org.hibernate.engine.loading.internal.CollectionLoadContext@49ee0684<rs=HikariProxyResultSet@1716480147 wrapping rs2778: null>
?[0m?[0;34m2023-03-31 16:06:00.795  WARN 29781 --- [nio-8080-exec-4] o.h.e.loading.internal.LoadContexts      : HHH000100: Fail-safe cleanup (collections) : org.hibernate.engine.loading.internal.CollectionLoadContext@62e6e07e<rs=HikariProxyResultSet@763744661 wrapping rs2504: null>
?[0m?[0;34m2023-03-31 16:06:00.795  WARN 29781 --- [nio-8080-exec-4] o.h.e.loading.internal.LoadContexts      : HHH000100: Fail-safe cleanup (collections) : org.hibernate.engine.loading.internal.CollectionLoadContext@64def276<rs=HikariProxyResultSet@200318236 wrapping rs2418: null>
?[0m?[0;34m2023-03-31 16:06:00.795  WARN 29781 --- [nio-8080-exec-4] o.h.e.loading.internal.LoadContexts      : HHH000100: Fail-safe cleanup (collections) : org.hibernate.engine.loading.internal.CollectionLoadContext@247e3fed<rs=HikariProxyResultSet@1879722397 wrapping rs2621: null>
?[0m?[0;34m2023-03-31 16:06:00.795  WARN 29781 --- [nio-8080-exec-4] o.h.e.loading.internal.LoadContexts      : HHH000100: Fail-safe cleanup (collections) : org.hibernate.engine.loading.internal.CollectionLoadContext@1d1dc7c0<rs=HikariProxyResultSet@1368319389 wrapping rs2680: null>
?[0m?[0;34m2023-03-31 16:06:00.795  WARN 29781 --- [nio-8080-exec-4] o.h.e.loading.internal.LoadContexts      : HHH000100: Fail-safe cleanup (collections) : org.hibernate.engine.loading.internal.CollectionLoadContext@482d210d<rs=HikariProxyResultSet@202457372 wrapping rs2732: null>
?[0m?[0;34m2023-03-31 16:06:00.795  WARN 29781 --- [nio-8080-exec-4] o.h.e.loading.internal.LoadContexts      : HHH000100: Fail-safe cleanup (collections) : org.hibernate.engine.loading.internal.CollectionLoadContext@5b73273c<rs=HikariProxyResultSet@959866656 wrapping rs2733: null>
?[0m?[0;34m2023-03-31 16:06:00.795  WARN 29781 --- [nio-8080-exec-4] o.h.e.loading.internal.LoadContexts      : HHH000100: Fail-safe cleanup (collections) : org.hibernate.engine.loading.internal.CollectionLoadContext@e27fae8<rs=HikariProxyResultSet@1916738723 wrapping rs2390: null>
?[0m?[0;34m2023-03-31 16:06:00.796  WARN 29781 --- [nio-8080-exec-4] o.h.e.loading.internal.LoadContexts      : HHH000100: Fail-safe cleanup (collections) : org.hibernate.engine.loading.internal.CollectionLoadContext@7d770f2b<rs=HikariProxyResultSet@1762151587 wrapping rs2572: null>
?[0m?[0;34m2023-03-31 16:06:00.796  WARN 29781 --- [nio-8080-exec-4] o.h.e.loading.internal.LoadContexts      : HHH000100: Fail-safe cleanup (collections) : org.hibernate.engine.loading.internal.CollectionLoadContext@5c737cc1<rs=HikariProxyResultSet@2054690342 wrapping rs2758: null>
?[0m?[0;34m2023-03-31 16:06:00.796  WARN 29781 --- [nio-8080-exec-4] o.h.e.loading.internal.LoadContexts      : HHH000100: Fail-safe cleanup (collections) : org.hibernate.engine.loading.internal.CollectionLoadContext@1efbeab4<rs=HikariProxyResultSet@886980392 wrapping rs2654: null>
?[0m?[0;34m2023-03-31 16:06:00.796  WARN 29781 --- [nio-8080-exec-4] o.h.e.loading.internal.LoadContexts      : HHH000100: Fail-safe cleanup (collections) : org.hibernate.engine.loading.internal.CollectionLoadContext@2fbaa339<rs=HikariProxyResultSet@1786109865 wrapping rs2610: null>
?[0m?[0;34m2023-03-31 16:06:00.796  WARN 29781 --- [nio-8080-exec-4] o.h.e.loading.internal.LoadContexts      : HHH000100: Fail-safe cleanup (collections) : org.hibernate.engine.loading.internal.CollectionLoadContext@6af1efb2<rs=HikariProxyResultSet@197761453 wrapping rs2408: null>
?[0m?[0;34m2023-03-31 16:06:00.796  WARN 29781 --- [nio-8080-exec-4] o.h.e.loading.internal.LoadContexts      : HHH000100: Fail-safe cleanup (collections) : org.hibernate.engine.loading.internal.CollectionLoadContext@2d231359<rs=HikariProxyResultSet@1595630255 wrapping rs2650: null>
?[0m?[0;34m2023-03-31 16:06:00.796  WARN 29781 --- [nio-8080-exec-4] o.h.e.loading.internal.LoadContexts      : HHH000100: Fail-safe cleanup (collections) : org.hibernate.engine.loading.internal.CollectionLoadContext@6c4ce203<rs=HikariProxyResultSet@836607155 wrapping rs2763: null>
?[0m?[0;34m2023-03-31 16:06:00.796  WARN 29781 --- [nio-8080-exec-4] o.h.e.loading.internal.LoadContexts      : HHH000100: Fail-safe cleanup (collections) : org.hibernate.engine.loading.internal.CollectionLoadContext@169527d8<rs=HikariProxyResultSet@274744757 wrapping rs2403: null>
?[0m?[0;34m2023-03-31 16:06:00.796  WARN 29781 --- [nio-8080-exec-4] o.h.e.loading.internal.LoadContexts      : HHH000100: Fail-safe cleanup (collections) : org.hibernate.engine.loading.internal.CollectionLoadContext@737cd6c7<rs=HikariProxyResultSet@1846267446 wrapping rs2670: null>
?[0m?[0;34m2023-03-31 16:06:00.796  WARN 29781 --- [nio-8080-exec-4] o.h.e.loading.internal.LoadContexts      : HHH000100: Fail-safe cleanup (collections) : org.hibernate.engine.loading.internal.CollectionLoadContext@4670ba2a<rs=HikariProxyResultSet@680370105 wrapping rs2337: null>
?[0m?[0;34m2023-03-31 16:06:00.796  WARN 29781 --- [nio-8080-exec-4] o.h.e.loading.internal.LoadContexts      : HHH000100: Fail-safe cleanup (collections) : org.hibernate.engine.loading.internal.CollectionLoadContext@4d27041d<rs=HikariProxyResultSet@631314490 wrapping rs2620: null>
?[0m?[0;34m2023-03-31 16:06:00.796  WARN 29781 --- [nio-8080-exec-4] o.h.e.loading.internal.LoadContexts      : HHH000100: Fail-safe cleanup (collections) : org.hibernate.engine.loading.internal.CollectionLoadContext@72335186<rs=HikariProxyResultSet@144658877 wrapping rs2313: null>
?[0m?[0;34m2023-03-31 16:06:00.796  WARN 29781 --- [nio-8080-exec-4] o.h.e.loading.internal.LoadContexts      : HHH000100: Fail-safe cleanup (collections) : org.hibernate.engine.loading.internal.CollectionLoadContext@676c7be9<rs=HikariProxyResultSet@231241415 wrapping rs2580: null>
?[0m?[0;34m2023-03-31 16:06:00.796  WARN 29781 --- [nio-8080-exec-4] o.h.e.loading.internal.LoadContexts      : HHH000100: Fail-safe cleanup (collections) : org.hibernate.engine.loading.internal.CollectionLoadContext@248e2cc4<rs=HikariProxyResultSet@1879994184 wrapping rs2657: null>
?[0m?[0;34m2023-03-31 16:06:00.797  WARN 29781 --- [nio-8080-exec-4] o.h.e.loading.internal.LoadContexts      : HHH000100: Fail-safe cleanup (collections) : org.hibernate.engine.loading.internal.CollectionLoadContext@517cd3a4<rs=HikariProxyResultSet@1259577289 wrapping rs2458: null>
?[0m?[0;34m2023-03-31 16:06:00.797  WARN 29781 --- [nio-8080-exec-4] o.h.e.loading.internal.LoadContexts      : HHH000100: Fail-safe cleanup (collections) : org.hibernate.engine.loading.internal.CollectionLoadContext@392b076c<rs=HikariProxyResultSet@511691850 wrapping rs2528: null>
?[0m?[0;34m2023-03-31 16:06:00.797  WARN 29781 --- [nio-8080-exec-4] o.h.e.loading.internal.LoadContexts      : HHH000100: Fail-safe cleanup (collections) : org.hibernate.engine.loading.internal.CollectionLoadContext@3d1c9093<rs=HikariProxyResultSet@1232421962 wrapping rs2616: null>
?[0m?[0;34m2023-03-31 16:06:00.797  WARN 29781 --- [nio-8080-exec-4] o.h.e.loading.internal.LoadContexts      : HHH000100: Fail-safe cleanup (collections) : org.hibernate.engine.loading.internal.CollectionLoadContext@682173f8<rs=HikariProxyResultSet@1225484233 wrapping rs2683: null>
?[0m?[0;34m2023-03-31 16:06:00.797  WARN 29781 --- [nio-8080-exec-4] o.h.e.loading.internal.LoadContexts      : HHH000100: Fail-safe cleanup (collections) : org.hibernate.engine.loading.internal.CollectionLoadContext@5f777cab<rs=HikariProxyResultSet@2136150735 wrapping rs2383: null>
?[0m?[0;34m2023-03-31 16:06:00.797  WARN 29781 --- [nio-8080-exec-4] o.h.e.loading.internal.LoadContexts      : HHH000100: Fail-safe cleanup (collections) : org.hibernate.engine.loading.internal.CollectionLoadContext@3e86004e<rs=HikariProxyResultSet@959549135 wrapping rs2400: null>
?[0m?[0;34m2023-03-31 16:06:00.797  WARN 29781 --- [nio-8080-exec-4] o.h.e.loading.internal.LoadContexts      : HHH000100: Fail-safe cleanup (collections) : org.hibernate.engine.loading.internal.CollectionLoadContext@67c78705<rs=HikariProxyResultSet@1761366993 wrapping rs2302: null>
?[0m?[0;34m2023-03-31 16:06:00.797  WARN 29781 --- [nio-8080-exec-4] o.h.e.loading.internal.LoadContexts      : HHH000100: Fail-safe cleanup (collections) : org.hibernate.engine.loading.internal.CollectionLoadContext@49a86b6<rs=HikariProxyResultSet@934015316 wrapping rs2431: null>
?[0m?[0;34m2023-03-31 16:06:00.797  WARN 29781 --- [nio-8080-exec-4] o.h.e.loading.internal.LoadContexts      : HHH000100: Fail-safe cleanup (collections) : org.hibernate.engine.loading.internal.CollectionLoadContext@60ec20aa<rs=HikariProxyResultSet@884052308 wrapping rs2454: null>
?[0m?[0;34m2023-03-31 16:06:00.797  WARN 29781 --- [nio-8080-exec-4] o.h.e.loading.internal.LoadContexts      : HHH000100: Fail-safe cleanup (collections) : org.hibernate.engine.loading.internal.CollectionLoadContext@6ee6d889<rs=HikariProxyResultSet@1615889748 wrapping rs2491: null>
?[0m?[0;34m2023-03-31 16:06:00.797  WARN 29781 --- [nio-8080-exec-4] o.h.e.loading.internal.LoadContexts      : HHH000100: Fail-safe cleanup (collections) : org.hibernate.engine.loading.internal.CollectionLoadContext@354295ff<rs=HikariProxyResultSet@1143835480 wrapping rs2320: null>
?[0m?[0;34m2023-03-31 16:06:00.797  WARN 29781 --- [nio-8080-exec-4] o.h.e.loading.internal.LoadContexts      : HHH000100: Fail-safe cleanup (collections) : org.hibernate.engine.loading.internal.CollectionLoadContext@65bd1ad7<rs=HikariProxyResultSet@1033139032 wrapping rs2583: null>
?[0m?[0;34m2023-03-31 16:06:00.797  WARN 29781 --- [nio-8080-exec-4] o.h.e.loading.internal.LoadContexts      : HHH000100: Fail-safe cleanup (collections) : org.hibernate.engine.loading.internal.CollectionLoadContext@64559fba<rs=HikariProxyResultSet@1504497754 wrapping rs2353: null>
?[0m?[0;34m2023-03-31 16:06:00.797  WARN 29781 --- [nio-8080-exec-4] o.h.e.loading.internal.LoadContexts      : HHH000100: Fail-safe cleanup (collections) : org.hibernate.engine.loading.internal.CollectionLoadContext@3caf3129<rs=HikariProxyResultSet@1107929307 wrapping rs2516: null>
?[0m?[0;34m2023-03-31 16:06:00.798  WARN 29781 --- [nio-8080-exec-4] o.h.e.loading.internal.LoadContexts      : HHH000100: Fail-safe cleanup (collections) : org.hibernate.engine.loading.internal.CollectionLoadContext@1de3b62e<rs=HikariProxyResultSet@1517171802 wrapping rs2547: null>
?[0m?[0;34m2023-03-31 16:06:00.798  WARN 29781 --- [nio-8080-exec-4] o.h.e.loading.internal.LoadContexts      : HHH000100: Fail-safe cleanup (collections) : org.hibernate.engine.loading.internal.CollectionLoadContext@10856ce7<rs=HikariProxyResultSet@1481033689 wrapping rs2596: null>
?[0m?[0;34m2023-03-31 16:06:00.798  WARN 29781 --- [nio-8080-exec-4] o.h.e.loading.internal.LoadContexts      : HHH000100: Fail-safe cleanup (collections) : org.hibernate.engine.loading.internal.CollectionLoadContext@58659902<rs=HikariProxyResultSet@520870494 wrapping rs2494: null>
?[0m?[0;34m2023-03-31 16:06:00.798  WARN 29781 --- [nio-8080-exec-4] o.h.e.loading.internal.LoadContexts      : HHH000100: Fail-safe cleanup (collections) : org.hibernate.engine.loading.internal.CollectionLoadContext@1d06dd5e<rs=HikariProxyResultSet@231243866 wrapping rs2617: null>
?[0m?[0;34m2023-03-31 16:06:00.798  WARN 29781 --- [nio-8080-exec-4] o.h.e.loading.internal.LoadContexts      : HHH000100: Fail-safe cleanup (collections) : org.hibernate.engine.loading.internal.CollectionLoadContext@1dd45a16<rs=HikariProxyResultSet@1549392349 wrapping rs2756: null>
?[0m?[0;34m2023-03-31 16:06:00.798  WARN 29781 --- [nio-8080-exec-4] o.h.e.loading.internal.LoadContexts      : HHH000100: Fail-safe cleanup (collections) : org.hibernate.engine.loading.internal.CollectionLoadContext@268def1f<rs=HikariProxyResultSet@1202264420 wrapping rs2416: null>
?[0m?[0;34m2023-03-31 16:06:00.798  WARN 29781 --- [nio-8080-exec-4] o.h.e.loading.internal.LoadContexts      : HHH000100: Fail-safe cleanup (collections) : org.hibernate.engine.loading.internal.CollectionLoadContext@52d4df45<rs=HikariProxyResultSet@808842596 wrapping rs2628: null>
?[0m?[0;34m2023-03-31 16:06:00.798  WARN 29781 --- [nio-8080-exec-4] o.h.e.loading.internal.LoadContexts      : HHH000100: Fail-safe cleanup (collections) : org.hibernate.engine.loading.internal.CollectionLoadContext@7993146c<rs=HikariProxyResultSet@862037606 wrapping rs2375: null>
?[0m?[0;34m2023-03-31 16:06:00.798  WARN 29781 --- [nio-8080-exec-4] o.h.e.loading.internal.LoadContexts      : HHH000100: Fail-safe cleanup (collections) : org.hibernate.engine.loading.internal.CollectionLoadContext@4628e5a2<rs=HikariProxyResultSet@1516734820 wrapping rs2674: null>
?[0m?[0;34m2023-03-31 16:06:00.798  WARN 29781 --- [nio-8080-exec-4] o.h.e.loading.internal.LoadContexts      : HHH000100: Fail-safe cleanup (collections) : org.hibernate.engine.loading.internal.CollectionLoadContext@f140f6f<rs=HikariProxyResultSet@886849384 wrapping rs2735: null>
?[0m?[0;34m2023-03-31 16:06:00.798  WARN 29781 --- [nio-8080-exec-4] o.h.e.loading.internal.LoadContexts      : HHH000100: Fail-safe cleanup (collections) : org.hibernate.engine.loading.internal.CollectionLoadContext@7bcec73f<rs=HikariProxyResultSet@816375785 wrapping rs2327: null>
?[0m?[0;34m2023-03-31 16:06:00.798  WARN 29781 --- [nio-8080-exec-4] o.h.e.loading.internal.LoadContexts      : HHH000100: Fail-safe cleanup (collections) : org.hibernate.engine.loading.internal.CollectionLoadContext@1a9f8c5e<rs=HikariProxyResultSet@1710631913 wrapping rs2387: null>
?[0m?[0;34m2023-03-31 16:06:00.798  WARN 29781 --- [nio-8080-exec-4] o.h.e.loading.internal.LoadContexts      : HHH000100: Fail-safe cleanup (collections) : org.hibernate.engine.loading.internal.CollectionLoadContext@1b9b7f5a<rs=HikariProxyResultSet@1239786731 wrapping rs2757: null>
?[0m?[0;34m2023-03-31 16:06:00.798  WARN 29781 --- [nio-8080-exec-4] o.h.e.loading.internal.LoadContexts      : HHH000100: Fail-safe cleanup (collections) : org.hibernate.engine.loading.internal.CollectionLoadContext@34db6431<rs=HikariProxyResultSet@355223916 wrapping rs2330: null>
?[0m?[0;34m2023-03-31 16:06:00.799  WARN 29781 --- [nio-8080-exec-4] o.h.e.loading.internal.LoadContexts      : HHH000100: Fail-safe cleanup (collections) : org.hibernate.engine.loading.internal.CollectionLoadContext@3921aaaa<rs=HikariProxyResultSet@1305986541 wrapping rs2550: null>
?[0m?[0;34m2023-03-31 16:06:00.799  WARN 29781 --- [nio-8080-exec-4] o.h.e.loading.internal.LoadContexts      : HHH000100: Fail-safe cleanup (collections) : org.hibernate.engine.loading.internal.CollectionLoadContext@5f3a2cac<rs=HikariProxyResultSet@1838845550 wrapping rs2564: null>
?[0m?[0;34m2023-03-31 16:06:00.799  WARN 29781 --- [nio-8080-exec-4] o.h.e.loading.internal.LoadContexts      : HHH000100: Fail-safe cleanup (collections) : org.hibernate.engine.loading.internal.CollectionLoadContext@1f9bf9be<rs=HikariProxyResultSet@899292395 wrapping rs2798: null>
?[0m?[0;34m2023-03-31 16:06:00.799  WARN 29781 --- [nio-8080-exec-4] o.h.e.loading.internal.LoadContexts      : HHH000100: Fail-safe cleanup (collections) : org.hibernate.engine.loading.internal.CollectionLoadContext@708eec90<rs=HikariProxyResultSet@634879856 wrapping rs2642: null>
?[0m?[0;34m2023-03-31 16:06:00.799  WARN 29781 --- [nio-8080-exec-4] o.h.e.loading.internal.LoadContexts      : HHH000100: Fail-safe cleanup (collections) : org.hibernate.engine.loading.internal.CollectionLoadContext@44ce7cd1<rs=HikariProxyResultSet@1963194482 wrapping rs2270: null>
?[0m?[0;34m2023-03-31 16:06:00.799  WARN 29781 --- [nio-8080-exec-4] o.h.e.loading.internal.LoadContexts      : HHH000100: Fail-safe cleanup (collections) : org.hibernate.engine.loading.internal.CollectionLoadContext@4a9f77a8<rs=HikariProxyResultSet@1049521524 wrapping rs2777: null>
?[0m?[0;34m2023-03-31 16:06:00.799  WARN 29781 --- [nio-8080-exec-4] o.h.e.loading.internal.LoadContexts      : HHH000100: Fail-safe cleanup (collections) : org.hibernate.engine.loading.internal.CollectionLoadContext@a09314c<rs=HikariProxyResultSet@402135541 wrapping rs2630: null>
?[0m?[0;34m2023-03-31 16:06:00.799  WARN 29781 --- [nio-8080-exec-4] o.h.e.loading.internal.LoadContexts      : HHH000100: Fail-safe cleanup (collections) : org.hibernate.engine.loading.internal.CollectionLoadContext@d64b6f1<rs=HikariProxyResultSet@237150838 wrapping rs2336: null>
?[0m?[0;34m2023-03-31 16:06:00.799  WARN 29781 --- [nio-8080-exec-4] o.h.e.loading.internal.LoadContexts      : HHH000100: Fail-safe cleanup (collections) : org.hibernate.engine.loading.internal.CollectionLoadContext@3afb7b78<rs=HikariProxyResultSet@1655725815 wrapping rs2275: null>
?[0m?[0;34m2023-03-31 16:06:00.799  WARN 29781 --- [nio-8080-exec-4] o.h.e.loading.internal.LoadContexts      : HHH000100: Fail-safe cleanup (collections) : org.hibernate.engine.loading.internal.CollectionLoadContext@be869b8<rs=HikariProxyResultSet@2020078327 wrapping rs2398: null>
?[0m?[0;34m2023-03-31 16:06:00.799  WARN 29781 --- [nio-8080-exec-4] o.h.e.loading.internal.LoadContexts      : HHH000100: Fail-safe cleanup (collections) : org.hibernate.engine.loading.internal.CollectionLoadContext@4828bad8<rs=HikariProxyResultSet@1198657658 wrapping rs2308: null>
?[0m?[0;34m2023-03-31 16:06:00.799  WARN 29781 --- [nio-8080-exec-4] o.h.e.loading.internal.LoadContexts      : HHH000100: Fail-safe cleanup (collections) : org.hibernate.engine.loading.internal.CollectionLoadContext@60535e12<rs=HikariProxyResultSet@133038202 wrapping rs2244: null>
?[0m?[0;34m2023-03-31 16:06:00.799  WARN 29781 --- [nio-8080-exec-4] o.h.e.loading.internal.LoadContexts      : HHH000100: Fail-safe cleanup (collections) : org.hibernate.engine.loading.internal.CollectionLoadContext@192d9db<rs=HikariProxyResultSet@1107515643 wrapping rs2453: null>
?[0m?[0;34m2023-03-31 16:06:00.800  WARN 29781 --- [nio-8080-exec-4] o.h.e.loading.internal.LoadContexts      : HHH000100: Fail-safe cleanup (collections) : org.hibernate.engine.loading.internal.CollectionLoadContext@497fd5f8<rs=HikariProxyResultSet@676899325 wrapping rs2366: null>
?[0m?[0;34m2023-03-31 16:06:00.800  WARN 29781 --- [nio-8080-exec-4] o.h.e.loading.internal.LoadContexts      : HHH000100: Fail-safe cleanup (collections) : org.hibernate.engine.loading.internal.CollectionLoadContext@448c5875<rs=HikariProxyResultSet@227874172 wrapping rs2664: null>
?[0m?[0;34m2023-03-31 16:06:00.800  WARN 29781 --- [nio-8080-exec-4] o.h.e.loading.internal.LoadContexts      : HHH000100: Fail-safe cleanup (collections) : org.hibernate.engine.loading.internal.CollectionLoadContext@3e553d38<rs=HikariProxyResultSet@707072896 wrapping rs2582: null>
?[0m?[0;34m2023-03-31 16:06:00.800  WARN 29781 --- [nio-8080-exec-4] o.h.e.loading.internal.LoadContexts      : HHH000100: Fail-safe cleanup (collections) : org.hibernate.engine.loading.internal.CollectionLoadContext@299e6728<rs=HikariProxyResultSet@523965312 wrapping rs2710: null>
?[0m?[0;34m2023-03-31 16:06:00.800  WARN 29781 --- [nio-8080-exec-4] o.h.e.loading.internal.LoadContexts      : HHH000100: Fail-safe cleanup (collections) : org.hibernate.engine.loading.internal.CollectionLoadContext@1ef9b7f6<rs=HikariProxyResultSet@703630087 wrapping rs2645: null>
?[0m?[0;34m2023-03-31 16:06:00.800  WARN 29781 --- [nio-8080-exec-4] o.h.e.loading.internal.LoadContexts      : HHH000100: Fail-safe cleanup (collections) : org.hibernate.engine.loading.internal.CollectionLoadContext@38900bac<rs=HikariProxyResultSet@2146377737 wrapping rs2672: null>
?[0m?[0;34m2023-03-31 16:06:00.800  WARN 29781 --- [nio-8080-exec-4] o.h.e.loading.internal.LoadContexts      : HHH000100: Fail-safe cleanup (collections) : org.hibernate.engine.loading.internal.CollectionLoadContext@2fbb4d7b<rs=HikariProxyResultSet@1857644553 wrapping rs2694: null>
?[0m?[0;34m2023-03-31 16:06:00.800  WARN 29781 --- [nio-8080-exec-4] o.h.e.loading.internal.LoadContexts      : HHH000100: Fail-safe cleanup (collections) : org.hibernate.engine.loading.internal.CollectionLoadContext@7546d883<rs=HikariProxyResultSet@2139624973 wrapping rs2256: null>
?[0m?[0;34m2023-03-31 16:06:00.800  WARN 29781 --- [nio-8080-exec-4] o.h.e.loading.internal.LoadContexts      : HHH000100: Fail-safe cleanup (collections) : org.hibernate.engine.loading.internal.CollectionLoadContext@26d387da<rs=HikariProxyResultSet@2034152973 wrapping rs2301: null>
?[0m?[0;34m2023-03-31 16:06:00.800  WARN 29781 --- [nio-8080-exec-4] o.h.e.loading.internal.LoadContexts      : HHH000100: Fail-safe cleanup (collections) : org.hibernate.engine.loading.internal.CollectionLoadContext@1ea625c7<rs=HikariProxyResultSet@515671565 wrapping rs2515: null>
?[0m?[0;34m2023-03-31 16:06:00.800  WARN 29781 --- [nio-8080-exec-4] o.h.e.loading.internal.LoadContexts      : HHH000100: Fail-safe cleanup (collections) : org.hibernate.engine.loading.internal.CollectionLoadContext@6b0373fd<rs=HikariProxyResultSet@185356813 wrapping rs2613: null>
?[0m?[0;34m2023-03-31 16:06:00.800  WARN 29781 --- [nio-8080-exec-4] o.h.e.loading.internal.LoadContexts      : HHH000100: Fail-safe cleanup (collections) : org.hibernate.engine.loading.internal.CollectionLoadContext@28422cde<rs=HikariProxyResultSet@810456718 wrapping rs2626: null>
?[0m?[0;34m2023-03-31 16:06:00.801  WARN 29781 --- [nio-8080-exec-4] o.h.e.loading.internal.LoadContexts      : HHH000100: Fail-safe cleanup (collections) : org.hibernate.engine.loading.internal.CollectionLoadContext@1215935b<rs=HikariProxyResultSet@1905669266 wrapping rs2499: null>
?[0m?[0;34m2023-03-31 16:06:00.801  WARN 29781 --- [nio-8080-exec-4] o.h.e.loading.internal.LoadContexts      : HHH000100: Fail-safe cleanup (collections) : org.hibernate.engine.loading.internal.CollectionLoadContext@3d3214c3<rs=HikariProxyResultSet@758555923 wrapping rs2325: null>
?[0m?[0;34m2023-03-31 16:06:00.801  WARN 29781 --- [nio-8080-exec-4] o.h.e.loading.internal.LoadContexts      : HHH000100: Fail-safe cleanup (collections) : org.hibernate.engine.loading.internal.CollectionLoadContext@4d5e1403<rs=HikariProxyResultSet@404857486 wrapping rs2784: null>
?[0m?[0;34m2023-03-31 16:06:00.801  WARN 29781 --- [nio-8080-exec-4] o.h.e.loading.internal.LoadContexts      : HHH000100: Fail-safe cleanup (collections) : org.hibernate.engine.loading.internal.CollectionLoadContext@7443f5aa<rs=HikariProxyResultSet@117154196 wrapping rs2795: null>
?[0m?[0;34m2023-03-31 16:06:00.801  WARN 29781 --- [nio-8080-exec-4] o.h.e.loading.internal.LoadContexts      : HHH000100: Fail-safe cleanup (collections) : org.hibernate.engine.loading.internal.CollectionLoadContext@4af22f32<rs=HikariProxyResultSet@753259158 wrapping rs2347: null>
?[0m?[0;34m2023-03-31 16:06:00.801  WARN 29781 --- [nio-8080-exec-4] o.h.e.loading.internal.LoadContexts      : HHH000100: Fail-safe cleanup (collections) : org.hibernate.engine.loading.internal.CollectionLoadContext@67cbaea3<rs=HikariProxyResultSet@905874199 wrapping rs2776: null>
?[0m?[0;34m2023-03-31 16:06:00.801  WARN 29781 --- [nio-8080-exec-4] o.h.e.loading.internal.LoadContexts      : HHH000100: Fail-safe cleanup (collections) : org.hibernate.engine.loading.internal.CollectionLoadContext@5a085055<rs=HikariProxyResultSet@1513526168 wrapping rs2702: null>
?[0m?[0;34m2023-03-31 16:06:00.801  WARN 29781 --- [nio-8080-exec-4] o.h.e.loading.internal.LoadContexts      : HHH000100: Fail-safe cleanup (collections) : org.hibernate.engine.loading.internal.CollectionLoadContext@310d101b<rs=HikariProxyResultSet@1185694366 wrapping rs2433: null>
?[0m?[0;34m2023-03-31 16:06:00.801  WARN 29781 --- [nio-8080-exec-4] o.h.e.loading.internal.LoadContexts      : HHH000100: Fail-safe cleanup (collections) : org.hibernate.engine.loading.internal.CollectionLoadContext@6add32b7<rs=HikariProxyResultSet@1156552350 wrapping rs2691: null>
?[0m?[0;34m2023-03-31 16:06:00.802  WARN 29781 --- [nio-8080-exec-4] o.h.e.loading.internal.LoadContexts      : HHH000100: Fail-safe cleanup (collections) : org.hibernate.engine.loading.internal.CollectionLoadContext@505927f9<rs=HikariProxyResultSet@1562478496 wrapping rs2775: null>
?[0m?[0;34m2023-03-31 16:06:00.802  WARN 29781 --- [nio-8080-exec-4] o.h.e.loading.internal.LoadContexts      : HHH000100: Fail-safe cleanup (collections) : org.hibernate.engine.loading.internal.CollectionLoadContext@48cb4f5f<rs=HikariProxyResultSet@415038626 wrapping rs2446: null>
?[0m?[0;34m2023-03-31 16:06:00.802  WARN 29781 --- [nio-8080-exec-4] o.h.e.loading.internal.LoadContexts      : HHH000100: Fail-safe cleanup (collections) : org.hibernate.engine.loading.internal.CollectionLoadContext@119f1395<rs=HikariProxyResultSet@630673191 wrapping rs2767: null>
?[0m?[0;34m2023-03-31 16:06:00.802  WARN 29781 --- [nio-8080-exec-4] o.h.e.loading.internal.LoadContexts      : HHH000100: Fail-safe cleanup (collections) : org.hibernate.engine.loading.internal.CollectionLoadContext@12d4d39b<rs=HikariProxyResultSet@792799144 wrapping rs2716: null>
?[0m?[0;34m2023-03-31 16:06:00.802  WARN 29781 --- [nio-8080-exec-4] o.h.e.loading.internal.LoadContexts      : HHH000100: Fail-safe cleanup (collections) : org.hibernate.engine.loading.internal.CollectionLoadContext@bab58d7<rs=HikariProxyResultSet@156689578 wrapping rs2661: null>
?[0m?[0;34m2023-03-31 16:06:00.802  WARN 29781 --- [nio-8080-exec-4] o.h.e.loading.internal.LoadContexts      : HHH000100: Fail-safe cleanup (collections) : org.hibernate.engine.loading.internal.CollectionLoadContext@19885f4a<rs=HikariProxyResultSet@1616212267 wrapping rs2747: null>
?[0m?[0;34m2023-03-31 16:06:00.802  WARN 29781 --- [nio-8080-exec-4] o.h.e.loading.internal.LoadContexts      : HHH000100: Fail-safe cleanup (collections) : org.hibernate.engine.loading.internal.CollectionLoadContext@7062f455<rs=HikariProxyResultSet@1763961647 wrapping rs2688: null>
?[0m?[0;34m2023-03-31 16:06:00.802  WARN 29781 --- [nio-8080-exec-4] o.h.e.loading.internal.LoadContexts      : HHH000100: Fail-safe cleanup (collections) : org.hibernate.engine.loading.internal.CollectionLoadContext@449eb9c9<rs=HikariProxyResultSet@394538420 wrapping rs2277: null>
?[0m?[0;34m2023-03-31 16:06:00.802  WARN 29781 --- [nio-8080-exec-4] o.h.e.loading.internal.LoadContexts      : HHH000100: Fail-safe cleanup (collections) : org.hibernate.engine.loading.internal.CollectionLoadContext@15a22c6d<rs=HikariProxyResultSet@242741684 wrapping rs2719: null>
?[0m?[0;34m2023-03-31 16:06:00.802  WARN 29781 --- [nio-8080-exec-4] o.h.e.loading.internal.LoadContexts      : HHH000100: Fail-safe cleanup (collections) : org.hibernate.engine.loading.internal.CollectionLoadContext@4e0b439c<rs=HikariProxyResultSet@434086582 wrapping rs2370: null>
?[0m?[0;34m2023-03-31 16:06:00.802  WARN 29781 --- [nio-8080-exec-4] o.h.e.loading.internal.LoadContexts      : HHH000100: Fail-safe cleanup (collections) : org.hibernate.engine.loading.internal.CollectionLoadContext@29acd654<rs=HikariProxyResultSet@1004590903 wrapping rs2748: null>
?[0m?[0;34m2023-03-31 16:06:00.802  WARN 29781 --- [nio-8080-exec-4] o.h.e.loading.internal.LoadContexts      : HHH000100: Fail-safe cleanup (collections) : org.hibernate.engine.loading.internal.CollectionLoadContext@18cd7259<rs=HikariProxyResultSet@2025220024 wrapping rs2720: null>
?[0m?[0;34m2023-03-31 16:06:00.803  WARN 29781 --- [nio-8080-exec-4] o.h.e.loading.internal.LoadContexts      : HHH000100: Fail-safe cleanup (collections) : org.hibernate.engine.loading.internal.CollectionLoadContext@1c88f469<rs=HikariProxyResultSet@1109819449 wrapping rs2295: null>
?[0m?[0;34m2023-03-31 16:06:00.803  WARN 29781 --- [nio-8080-exec-4] o.h.e.loading.internal.LoadContexts      : HHH000100: Fail-safe cleanup (collections) : org.hibernate.engine.loading.internal.CollectionLoadContext@88b53c7<rs=HikariProxyResultSet@502981431 wrapping rs2785: null>
?[0m?[0;34m2023-03-31 16:06:00.803  WARN 29781 --- [nio-8080-exec-4] o.h.e.loading.internal.LoadContexts      : HHH000100: Fail-safe cleanup (collections) : org.hibernate.engine.loading.internal.CollectionLoadContext@47da2af4<rs=HikariProxyResultSet@1172200892 wrapping rs2623: null>
?[0m?[0;34m2023-03-31 16:06:00.803  WARN 29781 --- [nio-8080-exec-4] o.h.e.loading.internal.LoadContexts      : HHH000100: Fail-safe cleanup (collections) : org.hibernate.engine.loading.internal.CollectionLoadContext@34f6d7ec<rs=HikariProxyResultSet@2043414206 wrapping rs2786: null>
?[0m?[0;34m2023-03-31 16:06:00.803  WARN 29781 --- [nio-8080-exec-4] o.h.e.loading.internal.LoadContexts      : HHH000100: Fail-safe cleanup (collections) : org.hibernate.engine.loading.internal.CollectionLoadContext@6f0656a7<rs=HikariProxyResultSet@1660150591 wrapping rs2399: null>
?[0m?[0;34m2023-03-31 16:06:00.803  WARN 29781 --- [nio-8080-exec-4] o.h.e.loading.internal.LoadContexts      : HHH000100: Fail-safe cleanup (collections) : org.hibernate.engine.loading.internal.CollectionLoadContext@3dc125eb<rs=HikariProxyResultSet@931941183 wrapping rs2517: null>
?[0m?[0;34m2023-03-31 16:06:00.803  WARN 29781 --- [nio-8080-exec-4] o.h.e.loading.internal.LoadContexts      : HHH000100: Fail-safe cleanup (collections) : org.hibernate.engine.loading.internal.CollectionLoadContext@2b5a352d<rs=HikariProxyResultSet@181562312 wrapping rs2305: null>
?[0m?[0;34m2023-03-31 16:06:00.803  WARN 29781 --- [nio-8080-exec-4] o.h.e.loading.internal.LoadContexts      : HHH000100: Fail-safe cleanup (collections) : org.hibernate.engine.loading.internal.CollectionLoadContext@2911de1d<rs=HikariProxyResultSet@362344392 wrapping rs2718: null>
?[0m?[0;34m2023-03-31 16:06:00.803  WARN 29781 --- [nio-8080-exec-4] o.h.e.loading.internal.LoadContexts      : HHH000100: Fail-safe cleanup (collections) : org.hibernate.engine.loading.internal.CollectionLoadContext@74ff16f6<rs=HikariProxyResultSet@2099480778 wrapping rs2478: null>
?[0m?[0;34m2023-03-31 16:06:00.803  WARN 29781 --- [nio-8080-exec-4] o.h.e.loading.internal.LoadContexts      : HHH000100: Fail-safe cleanup (collections) : org.hibernate.engine.loading.internal.CollectionLoadContext@40a59bff<rs=HikariProxyResultSet@2105396555 wrapping rs2419: null>
?[0m?[0;34m2023-03-31 16:06:00.803  WARN 29781 --- [nio-8080-exec-4] o.h.e.loading.internal.LoadContexts      : HHH000100: Fail-safe cleanup (collections) : org.hibernate.engine.loading.internal.CollectionLoadContext@3a2c3d9b<rs=HikariProxyResultSet@367533516 wrapping rs2738: null>
?[0m?[0;34m2023-03-31 16:06:00.803  WARN 29781 --- [nio-8080-exec-4] o.h.e.loading.internal.LoadContexts      : HHH000100: Fail-safe cleanup (collections) : org.hibernate.engine.loading.internal.CollectionLoadContext@1deaedf5<rs=HikariProxyResultSet@98129106 wrapping rs2319: null>
?[0m?[0;34m2023-03-31 16:06:00.803  WARN 29781 --- [nio-8080-exec-4] o.h.e.loading.internal.LoadContexts      : HHH000100: Fail-safe cleanup (collections) : org.hibernate.engine.loading.internal.CollectionLoadContext@11ae0018<rs=HikariProxyResultSet@170171731 wrapping rs2475: null>
?[0m?[0;34m2023-03-31 16:06:00.804  WARN 29781 --- [nio-8080-exec-4] o.h.e.loading.internal.LoadContexts      : HHH000100: Fail-safe cleanup (collections) : org.hibernate.engine.loading.internal.CollectionLoadContext@7db81bb1<rs=HikariProxyResultSet@1761013204 wrapping rs2604: null>
?[0m?[0;34m2023-03-31 16:06:00.804  WARN 29781 --- [nio-8080-exec-4] o.h.e.loading.internal.LoadContexts      : HHH000100: Fail-safe cleanup (collections) : org.hibernate.engine.loading.internal.CollectionLoadContext@26233178<rs=HikariProxyResultSet@2037307989 wrapping rs2397: null>
?[0m?[0;34m2023-03-31 16:06:00.804  WARN 29781 --- [nio-8080-exec-4] o.h.e.loading.internal.LoadContexts      : HHH000100: Fail-safe cleanup (collections) : org.hibernate.engine.loading.internal.CollectionLoadContext@6cecf50c<rs=HikariProxyResultSet@1615438034 wrapping rs2653: null>
?[0m?[0;34m2023-03-31 16:06:00.804  WARN 29781 --- [nio-8080-exec-4] o.h.e.loading.internal.LoadContexts      : HHH000100: Fail-safe cleanup (collections) : org.hibernate.engine.loading.internal.CollectionLoadContext@d239649<rs=HikariProxyResultSet@435283420 wrapping rs2578: null>
?[0m?[0;34m2023-03-31 16:06:00.804  WARN 29781 --- [nio-8080-exec-4] o.h.e.loading.internal.LoadContexts      : HHH000100: Fail-safe cleanup (collections) : org.hibernate.engine.loading.internal.CollectionLoadContext@30fb61cf<rs=HikariProxyResultSet@1077449309 wrapping rs2438: null>
?[0m?[0;34m2023-03-31 16:06:00.804  WARN 29781 --- [nio-8080-exec-4] o.h.e.loading.internal.LoadContexts      : HHH000100: Fail-safe cleanup (collections) : org.hibernate.engine.loading.internal.CollectionLoadContext@f6c2e59<rs=HikariProxyResultSet@631347805 wrapping rs2685: null>
?[0m?[0;34m2023-03-31 16:06:00.804  WARN 29781 --- [nio-8080-exec-4] o.h.e.loading.internal.LoadContexts      : HHH000100: Fail-safe cleanup (collections) : org.hibernate.engine.loading.internal.CollectionLoadContext@423ee2d<rs=HikariProxyResultSet@1615203167 wrapping rs2468: null>
?[0m?[0;34m2023-03-31 16:06:00.804  WARN 29781 --- [nio-8080-exec-4] o.h.e.loading.internal.LoadContexts      : HHH000100: Fail-safe cleanup (collections) : org.hibernate.engine.loading.internal.CollectionLoadContext@15a3b13e<rs=HikariProxyResultSet@1561300831 wrapping rs2665: null>
?[0m?[0;34m2023-03-31 16:06:00.804  WARN 29781 --- [nio-8080-exec-4] o.h.e.loading.internal.LoadContexts      : HHH000100: Fail-safe cleanup (collections) : org.hibernate.engine.loading.internal.CollectionLoadContext@7e3d4f5c<rs=HikariProxyResultSet@653309025 wrapping rs2357: null>
?[0m?[0;34m2023-03-31 16:06:00.804  WARN 29781 --- [nio-8080-exec-4] o.h.e.loading.internal.LoadContexts      : HHH000100: Fail-safe cleanup (collections) : org.hibernate.engine.loading.internal.CollectionLoadContext@10cda824<rs=HikariProxyResultSet@1720581346 wrapping rs2753: null>
?[0m?[0;34m2023-03-31 16:06:00.804  WARN 29781 --- [nio-8080-exec-4] o.h.e.loading.internal.LoadContexts      : HHH000100: Fail-safe cleanup (collections) : org.hibernate.engine.loading.internal.CollectionLoadContext@b047e96<rs=HikariProxyResultSet@338662884 wrapping rs2292: null>
?[0m?[0;34m2023-03-31 16:06:00.804  WARN 29781 --- [nio-8080-exec-4] o.h.e.loading.internal.LoadContexts      : HHH000100: Fail-safe cleanup (collections) : org.hibernate.engine.loading.internal.CollectionLoadContext@3a60489<rs=HikariProxyResultSet@310152676 wrapping rs2396: null>
?[0m?[0;34m2023-03-31 16:06:00.804  WARN 29781 --- [nio-8080-exec-4] o.h.e.loading.internal.LoadContexts      : HHH000100: Fail-safe cleanup (collections) : org.hibernate.engine.loading.internal.CollectionLoadContext@17f5ec0e<rs=HikariProxyResultSet@1103816164 wrapping rs2800: null>
?[0m?[0;34m2023-03-31 16:06:00.805  WARN 29781 --- [nio-8080-exec-4] o.h.e.loading.internal.LoadContexts      : HHH000100: Fail-safe cleanup (collections) : org.hibernate.engine.loading.internal.CollectionLoadContext@6a04ea5c<rs=HikariProxyResultSet@699291624 wrapping rs2773: null>
?[0m?[0;34m2023-03-31 16:06:00.805  WARN 29781 --- [nio-8080-exec-4] o.h.e.loading.internal.LoadContexts      : HHH000100: Fail-safe cleanup (collections) : org.hibernate.engine.loading.internal.CollectionLoadContext@425cd944<rs=HikariProxyResultSet@126152809 wrapping rs2506: null>
?[0m?[0;34m2023-03-31 16:06:00.805  WARN 29781 --- [nio-8080-exec-4] o.h.e.loading.internal.LoadContexts      : HHH000100: Fail-safe cleanup (collections) : org.hibernate.engine.loading.internal.CollectionLoadContext@71ed0fca<rs=HikariProxyResultSet@375326825 wrapping rs2508: null>
?[0m?[0;34m2023-03-31 16:06:00.805  WARN 29781 --- [nio-8080-exec-4] o.h.e.loading.internal.LoadContexts      : HHH000100: Fail-safe cleanup (collections) : org.hibernate.engine.loading.internal.CollectionLoadContext@49c01865<rs=HikariProxyResultSet@189846633 wrapping rs2598: null>
?[0m?[0;34m2023-03-31 16:06:00.805  WARN 29781 --- [nio-8080-exec-4] o.h.e.loading.internal.LoadContexts      : HHH000100: Fail-safe cleanup (collections) : org.hibernate.engine.loading.internal.CollectionLoadContext@4db4d0b<rs=HikariProxyResultSet@1256184171 wrapping rs2700: null>
?[0m?[0;34m2023-03-31 16:06:00.805  WARN 29781 --- [nio-8080-exec-4] o.h.e.loading.internal.LoadContexts      : HHH000100: Fail-safe cleanup (collections) : org.hibernate.engine.loading.internal.CollectionLoadContext@2069222d<rs=HikariProxyResultSet@1373541739 wrapping rs2766: null>
?[0m?[0;34m2023-03-31 16:06:00.805  WARN 29781 --- [nio-8080-exec-4] o.h.e.loading.internal.LoadContexts      : HHH000100: Fail-safe cleanup (collections) : org.hibernate.engine.loading.internal.CollectionLoadContext@3963eab5<rs=HikariProxyResultSet@1908405998 wrapping rs2546: null>
?[0m?[0;34m2023-03-31 16:06:00.805  WARN 29781 --- [nio-8080-exec-4] o.h.e.loading.internal.LoadContexts      : HHH000100: Fail-safe cleanup (collections) : org.hibernate.engine.loading.internal.CollectionLoadContext@7029cecc<rs=HikariProxyResultSet@983617520 wrapping rs2673: null>
?[0m?[0;34m2023-03-31 16:06:00.805  WARN 29781 --- [nio-8080-exec-4] o.h.e.loading.internal.LoadContexts      : HHH000100: Fail-safe cleanup (collections) : org.hibernate.engine.loading.internal.CollectionLoadContext@2e4476d7<rs=HikariProxyResultSet@1919364467 wrapping rs2450: null>
?[0m?[0;34m2023-03-31 16:06:00.805  WARN 29781 --- [nio-8080-exec-4] o.h.e.loading.internal.LoadContexts      : HHH000100: Fail-safe cleanup (collections) : org.hibernate.engine.loading.internal.CollectionLoadContext@47554178<rs=HikariProxyResultSet@1186622964 wrapping rs2252: null>
?[0m?[0;34m2023-03-31 16:06:00.805  WARN 29781 --- [nio-8080-exec-4] o.h.e.loading.internal.LoadContexts      : HHH000100: Fail-safe cleanup (collections) : org.hibernate.engine.loading.internal.CollectionLoadContext@61c53d65<rs=HikariProxyResultSet@662294133 wrapping rs2545: null>
?[0m?[0;34m2023-03-31 16:06:00.805  WARN 29781 --- [nio-8080-exec-4] o.h.e.loading.internal.LoadContexts      : HHH000100: Fail-safe cleanup (collections) : org.hibernate.engine.loading.internal.CollectionLoadContext@5f24d03f<rs=HikariProxyResultSet@1714529780 wrapping rs2590: null>
?[0m?[0;34m2023-03-31 16:06:00.805  WARN 29781 --- [nio-8080-exec-4] o.h.e.loading.internal.LoadContexts      : HHH000100: Fail-safe cleanup (collections) : org.hibernate.engine.loading.internal.CollectionLoadContext@52dbe7c2<rs=HikariProxyResultSet@229220215 wrapping rs2534: null>
?[0m?[0;34m2023-03-31 16:06:00.805  WARN 29781 --- [nio-8080-exec-4] o.h.e.loading.internal.LoadContexts      : HHH000100: Fail-safe cleanup (collections) : org.hibernate.engine.loading.internal.CollectionLoadContext@3f683260<rs=HikariProxyResultSet@972965880 wrapping rs2381: null>
?[0m?[0;34m2023-03-31 16:06:00.805  WARN 29781 --- [nio-8080-exec-4] o.h.e.loading.internal.LoadContexts      : HHH000100: Fail-safe cleanup (collections) : org.hibernate.engine.loading.internal.CollectionLoadContext@778e1efd<rs=HikariProxyResultSet@1366635641 wrapping rs2568: null>
?[0m?[0;34m2023-03-31 16:06:00.805  WARN 29781 --- [nio-8080-exec-4] o.h.e.loading.internal.LoadContexts      : HHH000100: Fail-safe cleanup (collections) : org.hibernate.engine.loading.internal.CollectionLoadContext@e529d1b<rs=HikariProxyResultSet@1620717689 wrapping rs2415: null>
?[0m?[0;34m2023-03-31 16:06:00.805  WARN 29781 --- [nio-8080-exec-4] o.h.e.loading.internal.LoadContexts      : HHH000100: Fail-safe cleanup (collections) : org.hibernate.engine.loading.internal.CollectionLoadContext@33a8ee4<rs=HikariProxyResultSet@411133944 wrapping rs2426: null>
?[0m?[0;34m2023-03-31 16:06:00.805  WARN 29781 --- [nio-8080-exec-4] o.h.e.loading.internal.LoadContexts      : HHH000100: Fail-safe cleanup (collections) : org.hibernate.engine.loading.internal.CollectionLoadContext@7d3f57d1<rs=HikariProxyResultSet@775995384 wrapping rs2500: null>
?[0m?[0;34m2023-03-31 16:06:00.805  WARN 29781 --- [nio-8080-exec-4] o.h.e.loading.internal.LoadContexts      : HHH000100: Fail-safe cleanup (collections) : org.hibernate.engine.loading.internal.CollectionLoadContext@7a41d77d<rs=HikariProxyResultSet@926173821 wrapping rs2462: null>
?[0m?[0;34m2023-03-31 16:06:00.805  WARN 29781 --- [nio-8080-exec-4] o.h.e.loading.internal.LoadContexts      : HHH000100: Fail-safe cleanup (collections) : org.hibernate.engine.loading.internal.CollectionLoadContext@6061276b<rs=HikariProxyResultSet@523498238 wrapping rs2488: null>
?[0m?[0;34m2023-03-31 16:06:00.805  WARN 29781 --- [nio-8080-exec-4] o.h.e.loading.internal.LoadContexts      : HHH000100: Fail-safe cleanup (collections) : org.hibernate.engine.loading.internal.CollectionLoadContext@377bd82d<rs=HikariProxyResultSet@169420671 wrapping rs2575: null>
?[0m?[0;34m2023-03-31 16:06:00.805 DEBUG 29781 --- [nio-8080-exec-4] o.s.web.servlet.DispatcherServlet        : Completed 200 OK
?[0m?[0;34m2023-03-31 16:06:00.805 DEBUG 29781 --- [nio-8080-exec-4] w.c.HttpSessionSecurityContextRepository : Stored SecurityContextImpl [Authentication=UsernamePasswordAuthenticationToken [Principal=recipes.UserDetailsImpl@452cdd62, Credentials=[PROTECTED], Authenticated=true, Details=WebAuthenticationDetails [RemoteIpAddress=127.0.0.1, SessionId=null], Granted Authorities=[ROLE_USER]]] to HttpSession [org.apache.catalina.session.StandardSessionFacade@13138982]
?[0m?[0;34m2023-03-31 16:06:00.805 DEBUG 29781 --- [nio-8080-exec-4] s.s.w.c.SecurityContextPersistenceFilter : Cleared SecurityContextHolder to complete request
?[1;31m
Start test 18?[0m
?[0;34m2023-03-31 16:06:00.809 DEBUG 29781 --- [nio-8080-exec-8] o.s.security.web.FilterChainProxy        : Securing DELETE /api/recipe/1
?[0m?[0;34m2023-03-31 16:06:00.809 DEBUG 29781 --- [nio-8080-exec-8] s.s.w.c.SecurityContextPersistenceFilter : Set SecurityContextHolder to empty SecurityContext
?[0m?[0;34m2023-03-31 16:06:00.809 DEBUG 29781 --- [nio-8080-exec-8] tor$SharedEntityManagerInvocationHandler : Creating new EntityManager for shared EntityManager invocation
?[0m?[0;34m2023-03-31 16:06:00.919 DEBUG 29781 --- [nio-8080-exec-8] o.s.s.a.dao.DaoAuthenticationProvider    : Authenticated user
?[0m?[0;34m2023-03-31 16:06:00.919 DEBUG 29781 --- [nio-8080-exec-8] o.s.s.w.a.www.BasicAuthenticationFilter  : Set SecurityContextHolder to UsernamePasswordAuthenticationToken [Principal=recipes.UserDetailsImpl@2d32f5b3, Credentials=[PROTECTED], Authenticated=true, Details=WebAuthenticationDetails [RemoteIpAddress=127.0.0.1, SessionId=null], Granted Authorities=[ROLE_USER]]
?[0m?[0;34m2023-03-31 16:06:00.919 DEBUG 29781 --- [nio-8080-exec-8] w.c.HttpSessionSecurityContextRepository : Created HttpSession as SecurityContext is non-default
?[0m?[0;34m2023-03-31 16:06:00.919 DEBUG 29781 --- [nio-8080-exec-8] w.c.HttpSessionSecurityContextRepository : Stored SecurityContextImpl [Authentication=UsernamePasswordAuthenticationToken [Principal=recipes.UserDetailsImpl@2d32f5b3, Credentials=[PROTECTED], Authenticated=true, Details=WebAuthenticationDetails [RemoteIpAddress=127.0.0.1, SessionId=null], Granted Authorities=[ROLE_USER]]] to HttpSession [org.apache.catalina.session.StandardSessionFacade@281589e2]
?[0m?[0;34m2023-03-31 16:06:00.920 DEBUG 29781 --- [nio-8080-exec-8] o.s.s.w.a.i.FilterSecurityInterceptor    : Authorized filter invocation [DELETE /api/recipe/1] with attributes [hasRole('ROLE_USER')]
?[0m?[0;34m2023-03-31 16:06:00.920 DEBUG 29781 --- [nio-8080-exec-8] o.s.security.web.FilterChainProxy        : Secured DELETE /api/recipe/1
?[0m?[0;34m2023-03-31 16:06:00.920 DEBUG 29781 --- [nio-8080-exec-8] o.s.web.servlet.DispatcherServlet        : DELETE "/api/recipe/1", parameters={}
?[0m?[0;34m2023-03-31 16:06:00.920 DEBUG 29781 --- [nio-8080-exec-8] s.w.s.m.m.a.RequestMappingHandlerMapping : Mapped to recipes.RecipesController#deleteRecipe(long, UserDetails)
?[0m?[0;34m2023-03-31 16:06:00.920 DEBUG 29781 --- [nio-8080-exec-8] o.j.s.OpenEntityManagerInViewInterceptor : Opening JPA EntityManager in OpenEntityManagerInViewInterceptor
?[0m?[0;34m2023-03-31 16:06:00.922 DEBUG 29781 --- [nio-8080-exec-8] o.s.orm.jpa.JpaTransactionManager        : Found thread-bound EntityManager [SessionImpl(991203101<open>)] for JPA transaction
?[0m?[0;34m2023-03-31 16:06:00.922 DEBUG 29781 --- [nio-8080-exec-8] o.s.orm.jpa.JpaTransactionManager        : Creating new transaction with name [org.springframework.data.jpa.repository.support.SimpleJpaRepository.findById]: PROPAGATION_REQUIRED,ISOLATION_DEFAULT,readOnly
?[0m?[0;34m2023-03-31 16:06:00.922 DEBUG 29781 --- [nio-8080-exec-8] o.s.jdbc.datasource.DataSourceUtils      : Setting JDBC Connection [HikariProxyConnection@2028789804 wrapping conn10: url=jdbc:h2:file:../recipes_db user=SA] read-only
?[0m?[0;34m2023-03-31 16:06:00.922 DEBUG 29781 --- [nio-8080-exec-8] o.s.orm.jpa.JpaTransactionManager        : Exposing JPA transaction as JDBC [org.springframework.orm.jpa.vendor.HibernateJpaDialect$HibernateConnectionHandle@20d7da93]
?[0m?[0;34m2023-03-31 16:06:00.922 DEBUG 29781 --- [nio-8080-exec-8] o.s.orm.jpa.JpaTransactionManager        : Initiating transaction commit
?[0m?[0;34m2023-03-31 16:06:00.922 DEBUG 29781 --- [nio-8080-exec-8] o.s.orm.jpa.JpaTransactionManager        : Committing JPA transaction on EntityManager [SessionImpl(991203101<open>)]
?[0m?[0;34m2023-03-31 16:06:00.922 DEBUG 29781 --- [nio-8080-exec-8] o.s.jdbc.datasource.DataSourceUtils      : Resetting read-only flag of JDBC Connection [HikariProxyConnection@2028789804 wrapping conn10: url=jdbc:h2:file:../recipes_db user=SA]
?[0m?[0;34m2023-03-31 16:06:00.922 DEBUG 29781 --- [nio-8080-exec-8] o.s.orm.jpa.JpaTransactionManager        : Not closing pre-bound JPA EntityManager after transaction
?[0m?[0;34m2023-03-31 16:06:00.922 DEBUG 29781 --- [nio-8080-exec-8] o.s.orm.jpa.JpaTransactionManager        : Found thread-bound EntityManager [SessionImpl(991203101<open>)] for JPA transaction
?[0m?[0;34m2023-03-31 16:06:00.922 DEBUG 29781 --- [nio-8080-exec-8] o.s.orm.jpa.JpaTransactionManager        : Creating new transaction with name [org.springframework.data.jpa.repository.support.SimpleJpaRepository.findById]: PROPAGATION_REQUIRED,ISOLATION_DEFAULT,readOnly
?[0m?[0;34m2023-03-31 16:06:00.922 DEBUG 29781 --- [nio-8080-exec-8] o.s.jdbc.datasource.DataSourceUtils      : Setting JDBC Connection [HikariProxyConnection@2028789804 wrapping conn10: url=jdbc:h2:file:../recipes_db user=SA] read-only
?[0m?[0;34m2023-03-31 16:06:00.923 DEBUG 29781 --- [nio-8080-exec-8] o.s.orm.jpa.JpaTransactionManager        : Exposing JPA transaction as JDBC [org.springframework.orm.jpa.vendor.HibernateJpaDialect$HibernateConnectionHandle@5e93e560]
?[0m?[0;34m2023-03-31 16:06:00.923 DEBUG 29781 --- [nio-8080-exec-8] o.s.orm.jpa.JpaTransactionManager        : Initiating transaction commit
?[0m?[0;34m2023-03-31 16:06:00.923 DEBUG 29781 --- [nio-8080-exec-8] o.s.orm.jpa.JpaTransactionManager        : Committing JPA transaction on EntityManager [SessionImpl(991203101<open>)]
?[0m?[0;34m2023-03-31 16:06:00.923 DEBUG 29781 --- [nio-8080-exec-8] o.s.jdbc.datasource.DataSourceUtils      : Resetting read-only flag of JDBC Connection [HikariProxyConnection@2028789804 wrapping conn10: url=jdbc:h2:file:../recipes_db user=SA]
?[0m?[0;34m2023-03-31 16:06:00.923 DEBUG 29781 --- [nio-8080-exec-8] o.s.orm.jpa.JpaTransactionManager        : Not closing pre-bound JPA EntityManager after transaction
?[0m?[0;34m2023-03-31 16:06:00.923 DEBUG 29781 --- [nio-8080-exec-8] o.s.orm.jpa.JpaTransactionManager        : Found thread-bound EntityManager [SessionImpl(991203101<open>)] for JPA transaction
?[0m?[0;34m2023-03-31 16:06:00.923 DEBUG 29781 --- [nio-8080-exec-8] o.s.orm.jpa.JpaTransactionManager        : Creating new transaction with name [org.springframework.data.jpa.repository.support.SimpleJpaRepository.deleteById]: PROPAGATION_REQUIRED,ISOLATION_DEFAULT
?[0m?[0;34m2023-03-31 16:06:00.923 DEBUG 29781 --- [nio-8080-exec-8] o.s.orm.jpa.JpaTransactionManager        : Exposing JPA transaction as JDBC [org.springframework.orm.jpa.vendor.HibernateJpaDialect$HibernateConnectionHandle@3a0dce29]
?[0m?[0;34m2023-03-31 16:06:00.925 DEBUG 29781 --- [nio-8080-exec-8] o.s.orm.jpa.JpaTransactionManager        : Initiating transaction commit
?[0m?[0;34m2023-03-31 16:06:00.925 DEBUG 29781 --- [nio-8080-exec-8] o.s.orm.jpa.JpaTransactionManager        : Committing JPA transaction on EntityManager [SessionImpl(991203101<open>)]
?[0m?[0;34m2023-03-31 16:06:00.928 DEBUG 29781 --- [nio-8080-exec-8] o.s.orm.jpa.JpaTransactionManager        : Not closing pre-bound JPA EntityManager after transaction
?[0m?[0;34m2023-03-31 16:06:00.928 DEBUG 29781 --- [nio-8080-exec-8] o.j.s.OpenEntityManagerInViewInterceptor : Closing JPA EntityManager in OpenEntityManagerInViewInterceptor
?[0m?[0;34m2023-03-31 16:06:00.928 DEBUG 29781 --- [nio-8080-exec-8] o.s.web.servlet.DispatcherServlet        : Completed 204 NO_CONTENT
?[0m?[0;34m2023-03-31 16:06:00.928 DEBUG 29781 --- [nio-8080-exec-8] w.c.HttpSessionSecurityContextRepository : Stored SecurityContextImpl [Authentication=UsernamePasswordAuthenticationToken [Principal=recipes.UserDetailsImpl@2d32f5b3, Credentials=[PROTECTED], Authenticated=true, Details=WebAuthenticationDetails [RemoteIpAddress=127.0.0.1, SessionId=null], Granted Authorities=[ROLE_USER]]] to HttpSession [org.apache.catalina.session.StandardSessionFacade@281589e2]
?[0m?[0;34m2023-03-31 16:06:00.929 DEBUG 29781 --- [nio-8080-exec-8] s.s.w.c.SecurityContextPersistenceFilter : Cleared SecurityContextHolder to complete request
?[1;31m
Start test 19?[0m
?[0;34m2023-03-31 16:06:00.932 DEBUG 29781 --- [nio-8080-exec-9] o.s.security.web.FilterChainProxy        : Securing DELETE /api/recipe/1
?[0m?[0;34m2023-03-31 16:06:00.932 DEBUG 29781 --- [nio-8080-exec-9] s.s.w.c.SecurityContextPersistenceFilter : Set SecurityContextHolder to empty SecurityContext
?[0m?[0;34m2023-03-31 16:06:00.932 DEBUG 29781 --- [nio-8080-exec-9] tor$SharedEntityManagerInvocationHandler : Creating new EntityManager for shared EntityManager invocation
?[0m?[0;34m2023-03-31 16:06:01.013 DEBUG 29781 --- [nio-8080-exec-9] o.s.s.a.dao.DaoAuthenticationProvider    : Authenticated user
?[0m?[0;34m2023-03-31 16:06:01.014 DEBUG 29781 --- [nio-8080-exec-9] o.s.s.w.a.www.BasicAuthenticationFilter  : Set SecurityContextHolder to UsernamePasswordAuthenticationToken [Principal=recipes.UserDetailsImpl@702135ed, Credentials=[PROTECTED], Authenticated=true, Details=WebAuthenticationDetails [RemoteIpAddress=127.0.0.1, SessionId=null], Granted Authorities=[ROLE_USER]]
?[0m?[0;34m2023-03-31 16:06:01.014 DEBUG 29781 --- [nio-8080-exec-9] w.c.HttpSessionSecurityContextRepository : Created HttpSession as SecurityContext is non-default
?[0m?[0;34m2023-03-31 16:06:01.014 DEBUG 29781 --- [nio-8080-exec-9] w.c.HttpSessionSecurityContextRepository : Stored SecurityContextImpl [Authentication=UsernamePasswordAuthenticationToken [Principal=recipes.UserDetailsImpl@702135ed, Credentials=[PROTECTED], Authenticated=true, Details=WebAuthenticationDetails [RemoteIpAddress=127.0.0.1, SessionId=null], Granted Authorities=[ROLE_USER]]] to HttpSession [org.apache.catalina.session.StandardSessionFacade@55f3ce19]
?[0m?[0;34m2023-03-31 16:06:01.014 DEBUG 29781 --- [nio-8080-exec-9] o.s.s.w.a.i.FilterSecurityInterceptor    : Authorized filter invocation [DELETE /api/recipe/1] with attributes [hasRole('ROLE_USER')]
?[0m?[0;34m2023-03-31 16:06:01.014 DEBUG 29781 --- [nio-8080-exec-9] o.s.security.web.FilterChainProxy        : Secured DELETE /api/recipe/1
?[0m?[0;34m2023-03-31 16:06:01.014 DEBUG 29781 --- [nio-8080-exec-9] o.s.web.servlet.DispatcherServlet        : DELETE "/api/recipe/1", parameters={}
?[0m?[0;34m2023-03-31 16:06:01.014 DEBUG 29781 --- [nio-8080-exec-9] s.w.s.m.m.a.RequestMappingHandlerMapping : Mapped to recipes.RecipesController#deleteRecipe(long, UserDetails)
?[0m?[0;34m2023-03-31 16:06:01.014 DEBUG 29781 --- [nio-8080-exec-9] o.j.s.OpenEntityManagerInViewInterceptor : Opening JPA EntityManager in OpenEntityManagerInViewInterceptor
?[0m?[0;34m2023-03-31 16:06:01.015 DEBUG 29781 --- [nio-8080-exec-9] o.s.orm.jpa.JpaTransactionManager        : Found thread-bound EntityManager [SessionImpl(12324821<open>)] for JPA transaction
?[0m?[0;34m2023-03-31 16:06:01.015 DEBUG 29781 --- [nio-8080-exec-9] o.s.orm.jpa.JpaTransactionManager        : Creating new transaction with name [org.springframework.data.jpa.repository.support.SimpleJpaRepository.findById]: PROPAGATION_REQUIRED,ISOLATION_DEFAULT,readOnly
?[0m?[0;34m2023-03-31 16:06:01.015 DEBUG 29781 --- [nio-8080-exec-9] o.s.jdbc.datasource.DataSourceUtils      : Setting JDBC Connection [HikariProxyConnection@1422449550 wrapping conn10: url=jdbc:h2:file:../recipes_db user=SA] read-only
?[0m?[0;34m2023-03-31 16:06:01.015 DEBUG 29781 --- [nio-8080-exec-9] o.s.orm.jpa.JpaTransactionManager        : Exposing JPA transaction as JDBC [org.springframework.orm.jpa.vendor.HibernateJpaDialect$HibernateConnectionHandle@f2e6a06]
?[0m?[0;34m2023-03-31 16:06:01.016 DEBUG 29781 --- [nio-8080-exec-9] o.s.orm.jpa.JpaTransactionManager        : Initiating transaction commit
?[0m?[0;34m2023-03-31 16:06:01.016 DEBUG 29781 --- [nio-8080-exec-9] o.s.orm.jpa.JpaTransactionManager        : Committing JPA transaction on EntityManager [SessionImpl(12324821<open>)]
?[0m?[0;34m2023-03-31 16:06:01.016 DEBUG 29781 --- [nio-8080-exec-9] o.s.jdbc.datasource.DataSourceUtils      : Resetting read-only flag of JDBC Connection [HikariProxyConnection@1422449550 wrapping conn10: url=jdbc:h2:file:../recipes_db user=SA]
?[0m?[0;34m2023-03-31 16:06:01.016 DEBUG 29781 --- [nio-8080-exec-9] o.s.orm.jpa.JpaTransactionManager        : Not closing pre-bound JPA EntityManager after transaction
?[0m?[0;34m2023-03-31 16:06:01.016 DEBUG 29781 --- [nio-8080-exec-9] w.c.HttpSessionSecurityContextRepository : Stored SecurityContextImpl [Authentication=UsernamePasswordAuthenticationToken [Principal=recipes.UserDetailsImpl@702135ed, Credentials=[PROTECTED], Authenticated=true, Details=WebAuthenticationDetails [RemoteIpAddress=127.0.0.1, SessionId=null], Granted Authorities=[ROLE_USER]]] to HttpSession [org.apache.catalina.session.StandardSessionFacade@55f3ce19]
?[0m?[0;34m2023-03-31 16:06:01.016 DEBUG 29781 --- [nio-8080-exec-9] .w.s.m.a.ResponseStatusExceptionResolver : Resolved [org.springframework.web.server.ResponseStatusException: 404 NOT_FOUND]
?[0m?[0;34m2023-03-31 16:06:01.016 DEBUG 29781 --- [nio-8080-exec-9] o.j.s.OpenEntityManagerInViewInterceptor : Closing JPA EntityManager in OpenEntityManagerInViewInterceptor
?[0m?[0;34m2023-03-31 16:06:01.016 DEBUG 29781 --- [nio-8080-exec-9] o.s.web.servlet.DispatcherServlet        : Completed 404 NOT_FOUND
?[0m?[0;34m2023-03-31 16:06:01.016 DEBUG 29781 --- [nio-8080-exec-9] w.c.HttpSessionSecurityContextRepository : Stored SecurityContextImpl [Authentication=UsernamePasswordAuthenticationToken [Principal=recipes.UserDetailsImpl@702135ed, Credentials=[PROTECTED], Authenticated=true, Details=WebAuthenticationDetails [RemoteIpAddress=127.0.0.1, SessionId=null], Granted Authorities=[ROLE_USER]]] to HttpSession [org.apache.catalina.session.StandardSessionFacade@55f3ce19]
?[0m?[0;34m2023-03-31 16:06:01.016 DEBUG 29781 --- [nio-8080-exec-9] s.s.w.c.SecurityContextPersistenceFilter : Cleared SecurityContextHolder to complete request
?[0m?[0;34m2023-03-31 16:06:01.017 DEBUG 29781 --- [nio-8080-exec-9] o.s.security.web.FilterChainProxy        : Securing DELETE /error
?[0m?[0;34m2023-03-31 16:06:01.017 DEBUG 29781 --- [nio-8080-exec-9] w.c.HttpSessionSecurityContextRepository : Retrieved SecurityContextImpl [Authentication=UsernamePasswordAuthenticationToken [Principal=recipes.UserDetailsImpl@702135ed, Credentials=[PROTECTED], Authenticated=true, Details=WebAuthenticationDetails [RemoteIpAddress=127.0.0.1, SessionId=null], Granted Authorities=[ROLE_USER]]]
?[0m?[0;34m2023-03-31 16:06:01.017 DEBUG 29781 --- [nio-8080-exec-9] s.s.w.c.SecurityContextPersistenceFilter : Set SecurityContextHolder to SecurityContextImpl [Authentication=UsernamePasswordAuthenticationToken [Principal=recipes.UserDetailsImpl@702135ed, Credentials=[PROTECTED], Authenticated=true, Details=WebAuthenticationDetails [RemoteIpAddress=127.0.0.1, SessionId=null], Granted Authorities=[ROLE_USER]]]
?[0m?[0;34m2023-03-31 16:06:01.017 DEBUG 29781 --- [nio-8080-exec-9] o.s.security.web.FilterChainProxy        : Secured DELETE /error
?[0m?[0;34m2023-03-31 16:06:01.017 DEBUG 29781 --- [nio-8080-exec-9] o.s.web.servlet.DispatcherServlet        : "ERROR" dispatch for DELETE "/error", parameters={}
?[0m?[0;34m2023-03-31 16:06:01.017 DEBUG 29781 --- [nio-8080-exec-9] s.w.s.m.m.a.RequestMappingHandlerMapping : Mapped to org.springframework.boot.autoconfigure.web.servlet.error.BasicErrorController#error(HttpServletRequest)
?[0m?[0;34m2023-03-31 16:06:01.017 DEBUG 29781 --- [nio-8080-exec-9] o.j.s.OpenEntityManagerInViewInterceptor : Opening JPA EntityManager in OpenEntityManagerInViewInterceptor
?[0m?[0;34m2023-03-31 16:06:01.018 DEBUG 29781 --- [nio-8080-exec-9] o.s.w.s.m.m.a.HttpEntityMethodProcessor  : Using 'application/json', given [*/*] and supported [application/json, application/*+json, application/json, application/*+json]
?[0m?[0;34m2023-03-31 16:06:01.018 DEBUG 29781 --- [nio-8080-exec-9] o.s.w.s.m.m.a.HttpEntityMethodProcessor  : Writing [{timestamp=Fri Mar 31 16:06:01 EEST 2023, status=404, error=Not Found, path=/api/recipe/1}]
?[0m?[0;34m2023-03-31 16:06:01.019 DEBUG 29781 --- [nio-8080-exec-9] o.j.s.OpenEntityManagerInViewInterceptor : Closing JPA EntityManager in OpenEntityManagerInViewInterceptor
?[0m?[0;34m2023-03-31 16:06:01.019 DEBUG 29781 --- [nio-8080-exec-9] o.s.web.servlet.DispatcherServlet        : Exiting from "ERROR" dispatch, status 404
?[0m?[0;34m2023-03-31 16:06:01.019 DEBUG 29781 --- [nio-8080-exec-9] s.s.w.c.SecurityContextPersistenceFilter : Cleared SecurityContextHolder to complete request
?[1;31m
Start test 20?[0m
?[0;34m2023-03-31 16:06:01.022 DEBUG 29781 --- [io-8080-exec-10] o.s.security.web.FilterChainProxy        : Securing GET /api/recipe/1
?[0m?[0;34m2023-03-31 16:06:01.022 DEBUG 29781 --- [io-8080-exec-10] s.s.w.c.SecurityContextPersistenceFilter : Set SecurityContextHolder to empty SecurityContext
?[0m?[0;34m2023-03-31 16:06:01.022 DEBUG 29781 --- [io-8080-exec-10] tor$SharedEntityManagerInvocationHandler : Creating new EntityManager for shared EntityManager invocation
?[0m?[0;34m2023-03-31 16:06:01.106 DEBUG 29781 --- [io-8080-exec-10] o.s.s.a.dao.DaoAuthenticationProvider    : Authenticated user
?[0m?[0;34m2023-03-31 16:06:01.106 DEBUG 29781 --- [io-8080-exec-10] o.s.s.w.a.www.BasicAuthenticationFilter  : Set SecurityContextHolder to UsernamePasswordAuthenticationToken [Principal=recipes.UserDetailsImpl@7c1ff087, Credentials=[PROTECTED], Authenticated=true, Details=WebAuthenticationDetails [RemoteIpAddress=127.0.0.1, SessionId=null], Granted Authorities=[ROLE_USER]]
?[0m?[0;34m2023-03-31 16:06:01.107 DEBUG 29781 --- [io-8080-exec-10] w.c.HttpSessionSecurityContextRepository : Created HttpSession as SecurityContext is non-default
?[0m?[0;34m2023-03-31 16:06:01.107 DEBUG 29781 --- [io-8080-exec-10] w.c.HttpSessionSecurityContextRepository : Stored SecurityContextImpl [Authentication=UsernamePasswordAuthenticationToken [Principal=recipes.UserDetailsImpl@7c1ff087, Credentials=[PROTECTED], Authenticated=true, Details=WebAuthenticationDetails [RemoteIpAddress=127.0.0.1, SessionId=null], Granted Authorities=[ROLE_USER]]] to HttpSession [org.apache.catalina.session.StandardSessionFacade@3364dfa0]
?[0m?[0;34m2023-03-31 16:06:01.107 DEBUG 29781 --- [io-8080-exec-10] o.s.s.w.a.i.FilterSecurityInterceptor    : Authorized filter invocation [GET /api/recipe/1] with attributes [hasRole('ROLE_USER')]
?[0m?[0;34m2023-03-31 16:06:01.107 DEBUG 29781 --- [io-8080-exec-10] o.s.security.web.FilterChainProxy        : Secured GET /api/recipe/1
?[0m?[0;34m2023-03-31 16:06:01.107 DEBUG 29781 --- [io-8080-exec-10] o.s.web.servlet.DispatcherServlet        : GET "/api/recipe/1", parameters={}
?[0m?[0;34m2023-03-31 16:06:01.107 DEBUG 29781 --- [io-8080-exec-10] s.w.s.m.m.a.RequestMappingHandlerMapping : Mapped to recipes.RecipesController#getRecipe(int)
?[0m?[0;34m2023-03-31 16:06:01.108 DEBUG 29781 --- [io-8080-exec-10] o.j.s.OpenEntityManagerInViewInterceptor : Opening JPA EntityManager in OpenEntityManagerInViewInterceptor
?[0m?[0;34m2023-03-31 16:06:01.108 DEBUG 29781 --- [io-8080-exec-10] o.s.orm.jpa.JpaTransactionManager        : Found thread-bound EntityManager [SessionImpl(1637564123<open>)] for JPA transaction
?[0m?[0;34m2023-03-31 16:06:01.108 DEBUG 29781 --- [io-8080-exec-10] o.s.orm.jpa.JpaTransactionManager        : Creating new transaction with name [org.springframework.data.jpa.repository.support.SimpleJpaRepository.findById]: PROPAGATION_REQUIRED,ISOLATION_DEFAULT,readOnly
?[0m?[0;34m2023-03-31 16:06:01.108 DEBUG 29781 --- [io-8080-exec-10] o.s.jdbc.datasource.DataSourceUtils      : Setting JDBC Connection [HikariProxyConnection@1947690135 wrapping conn10: url=jdbc:h2:file:../recipes_db user=SA] read-only
?[0m?[0;34m2023-03-31 16:06:01.108 DEBUG 29781 --- [io-8080-exec-10] o.s.orm.jpa.JpaTransactionManager        : Exposing JPA transaction as JDBC [org.springframework.orm.jpa.vendor.HibernateJpaDialect$HibernateConnectionHandle@1f39a084]
?[0m?[0;34m2023-03-31 16:06:01.109 DEBUG 29781 --- [io-8080-exec-10] o.s.orm.jpa.JpaTransactionManager        : Initiating transaction commit
?[0m?[0;34m2023-03-31 16:06:01.109 DEBUG 29781 --- [io-8080-exec-10] o.s.orm.jpa.JpaTransactionManager        : Committing JPA transaction on EntityManager [SessionImpl(1637564123<open>)]
?[0m?[0;34m2023-03-31 16:06:01.109 DEBUG 29781 --- [io-8080-exec-10] o.s.jdbc.datasource.DataSourceUtils      : Resetting read-only flag of JDBC Connection [HikariProxyConnection@1947690135 wrapping conn10: url=jdbc:h2:file:../recipes_db user=SA]
?[0m?[0;34m2023-03-31 16:06:01.109 DEBUG 29781 --- [io-8080-exec-10] o.s.orm.jpa.JpaTransactionManager        : Not closing pre-bound JPA EntityManager after transaction
?[0m?[0;34m2023-03-31 16:06:01.109 DEBUG 29781 --- [io-8080-exec-10] w.c.HttpSessionSecurityContextRepository : Stored SecurityContextImpl [Authentication=UsernamePasswordAuthenticationToken [Principal=recipes.UserDetailsImpl@7c1ff087, Credentials=[PROTECTED], Authenticated=true, Details=WebAuthenticationDetails [RemoteIpAddress=127.0.0.1, SessionId=null], Granted Authorities=[ROLE_USER]]] to HttpSession [org.apache.catalina.session.StandardSessionFacade@3364dfa0]
?[0m?[0;34m2023-03-31 16:06:01.109 DEBUG 29781 --- [io-8080-exec-10] .w.s.m.a.ResponseStatusExceptionResolver : Resolved [org.springframework.web.server.ResponseStatusException: 404 NOT_FOUND]
?[0m?[0;34m2023-03-31 16:06:01.109 DEBUG 29781 --- [io-8080-exec-10] o.j.s.OpenEntityManagerInViewInterceptor : Closing JPA EntityManager in OpenEntityManagerInViewInterceptor
?[0m?[0;34m2023-03-31 16:06:01.109 DEBUG 29781 --- [io-8080-exec-10] o.s.web.servlet.DispatcherServlet        : Completed 404 NOT_FOUND
?[0m?[0;34m2023-03-31 16:06:01.109 DEBUG 29781 --- [io-8080-exec-10] w.c.HttpSessionSecurityContextRepository : Stored SecurityContextImpl [Authentication=UsernamePasswordAuthenticationToken [Principal=recipes.UserDetailsImpl@7c1ff087, Credentials=[PROTECTED], Authenticated=true, Details=WebAuthenticationDetails [RemoteIpAddress=127.0.0.1, SessionId=null], Granted Authorities=[ROLE_USER]]] to HttpSession [org.apache.catalina.session.StandardSessionFacade@3364dfa0]
?[0m?[0;34m2023-03-31 16:06:01.109 DEBUG 29781 --- [io-8080-exec-10] s.s.w.c.SecurityContextPersistenceFilter : Cleared SecurityContextHolder to complete request
?[0m?[0;34m2023-03-31 16:06:01.110 DEBUG 29781 --- [io-8080-exec-10] o.s.security.web.FilterChainProxy        : Securing GET /error
?[0m?[0;34m2023-03-31 16:06:01.110 DEBUG 29781 --- [io-8080-exec-10] w.c.HttpSessionSecurityContextRepository : Retrieved SecurityContextImpl [Authentication=UsernamePasswordAuthenticationToken [Principal=recipes.UserDetailsImpl@7c1ff087, Credentials=[PROTECTED], Authenticated=true, Details=WebAuthenticationDetails [RemoteIpAddress=127.0.0.1, SessionId=null], Granted Authorities=[ROLE_USER]]]
?[0m?[0;34m2023-03-31 16:06:01.110 DEBUG 29781 --- [io-8080-exec-10] s.s.w.c.SecurityContextPersistenceFilter : Set SecurityContextHolder to SecurityContextImpl [Authentication=UsernamePasswordAuthenticationToken [Principal=recipes.UserDetailsImpl@7c1ff087, Credentials=[PROTECTED], Authenticated=true, Details=WebAuthenticationDetails [RemoteIpAddress=127.0.0.1, SessionId=null], Granted Authorities=[ROLE_USER]]]
?[0m?[0;34m2023-03-31 16:06:01.110 DEBUG 29781 --- [io-8080-exec-10] o.s.security.web.FilterChainProxy        : Secured GET /error
?[0m?[0;34m2023-03-31 16:06:01.110 DEBUG 29781 --- [io-8080-exec-10] o.s.web.servlet.DispatcherServlet        : "ERROR" dispatch for GET "/error", parameters={}
?[0m?[0;34m2023-03-31 16:06:01.110 DEBUG 29781 --- [io-8080-exec-10] s.w.s.m.m.a.RequestMappingHandlerMapping : Mapped to org.springframework.boot.autoconfigure.web.servlet.error.BasicErrorController#error(HttpServletRequest)
?[0m?[0;34m2023-03-31 16:06:01.110 DEBUG 29781 --- [io-8080-exec-10] o.j.s.OpenEntityManagerInViewInterceptor : Opening JPA EntityManager in OpenEntityManagerInViewInterceptor
?[0m?[0;34m2023-03-31 16:06:01.111 DEBUG 29781 --- [io-8080-exec-10] o.s.w.s.m.m.a.HttpEntityMethodProcessor  : Using 'application/json', given [*/*] and supported [application/json, application/*+json, application/json, application/*+json]
?[0m?[0;34m2023-03-31 16:06:01.111 DEBUG 29781 --- [io-8080-exec-10] o.s.w.s.m.m.a.HttpEntityMethodProcessor  : Writing [{timestamp=Fri Mar 31 16:06:01 EEST 2023, status=404, error=Not Found, path=/api/recipe/1}]
?[0m?[0;34m2023-03-31 16:06:01.111 DEBUG 29781 --- [io-8080-exec-10] o.j.s.OpenEntityManagerInViewInterceptor : Closing JPA EntityManager in OpenEntityManagerInViewInterceptor
?[0m?[0;34m2023-03-31 16:06:01.111 DEBUG 29781 --- [io-8080-exec-10] o.s.web.servlet.DispatcherServlet        : Exiting from "ERROR" dispatch, status 404
?[0m?[0;34m2023-03-31 16:06:01.111 DEBUG 29781 --- [io-8080-exec-10] s.s.w.c.SecurityContextPersistenceFilter : Cleared SecurityContextHolder to complete request
?[1;31m
Start test 21?[0m
?[0m?[0;34m2023-03-31 16:06:01.115 DEBUG 29781 --- [nio-8080-exec-1] o.s.security.web.FilterChainProxy        : Securing PUT /api/recipe/1
?[0m?[0;34m2023-03-31 16:06:01.115 DEBUG 29781 --- [nio-8080-exec-1] s.s.w.c.SecurityContextPersistenceFilter : Set SecurityContextHolder to empty SecurityContext
?[0m?[0;34m2023-03-31 16:06:01.115 DEBUG 29781 --- [nio-8080-exec-1] tor$SharedEntityManagerInvocationHandler : Creating new EntityManager for shared EntityManager invocation
?[0m?[0;34m2023-03-31 16:06:01.198 DEBUG 29781 --- [nio-8080-exec-1] o.s.s.a.dao.DaoAuthenticationProvider    : Authenticated user
?[0m?[0;34m2023-03-31 16:06:01.198 DEBUG 29781 --- [nio-8080-exec-1] o.s.s.w.a.www.BasicAuthenticationFilter  : Set SecurityContextHolder to UsernamePasswordAuthenticationToken [Principal=recipes.UserDetailsImpl@4000cb52, Credentials=[PROTECTED], Authenticated=true, Details=WebAuthenticationDetails [RemoteIpAddress=127.0.0.1, SessionId=null], Granted Authorities=[ROLE_USER]]
?[0m?[0;34m2023-03-31 16:06:01.198 DEBUG 29781 --- [nio-8080-exec-1] w.c.HttpSessionSecurityContextRepository : Created HttpSession as SecurityContext is non-default
?[0m?[0;34m2023-03-31 16:06:01.198 DEBUG 29781 --- [nio-8080-exec-1] w.c.HttpSessionSecurityContextRepository : Stored SecurityContextImpl [Authentication=UsernamePasswordAuthenticationToken [Principal=recipes.UserDetailsImpl@4000cb52, Credentials=[PROTECTED], Authenticated=true, Details=WebAuthenticationDetails [RemoteIpAddress=127.0.0.1, SessionId=null], Granted Authorities=[ROLE_USER]]] to HttpSession [org.apache.catalina.session.StandardSessionFacade@5faface8]
?[0m?[0;34m2023-03-31 16:06:01.198 DEBUG 29781 --- [nio-8080-exec-1] o.s.s.w.a.i.FilterSecurityInterceptor    : Authorized filter invocation [PUT /api/recipe/1] with attributes [hasRole('ROLE_USER')]
?[0m?[0;34m2023-03-31 16:06:01.198 DEBUG 29781 --- [nio-8080-exec-1] o.s.security.web.FilterChainProxy        : Secured PUT /api/recipe/1
?[0m?[0;34m2023-03-31 16:06:01.198 DEBUG 29781 --- [nio-8080-exec-1] o.s.web.servlet.DispatcherServlet        : PUT "/api/recipe/1", parameters={}
?[0m?[0;34m2023-03-31 16:06:01.198 DEBUG 29781 --- [nio-8080-exec-1] s.w.s.m.m.a.RequestMappingHandlerMapping : Mapped to recipes.RecipesController#updateRecipe(long, Recipe, UserDetails)
?[0m?[0;34m2023-03-31 16:06:01.198 DEBUG 29781 --- [nio-8080-exec-1] o.j.s.OpenEntityManagerInViewInterceptor : Opening JPA EntityManager in OpenEntityManagerInViewInterceptor
?[0m?[0;34m2023-03-31 16:06:01.199 DEBUG 29781 --- [nio-8080-exec-1] m.m.a.RequestResponseBodyMethodProcessor : Read "application/json;charset=UTF-8" to [Recipe(id=0, name=Warming Ginger Tea /Test, category=beverage /Test, date=null, description=Ginger t (truncated)...]
?[0m?[0;34m2023-03-31 16:06:01.200 DEBUG 29781 --- [nio-8080-exec-1] o.s.orm.jpa.JpaTransactionManager        : Found thread-bound EntityManager [SessionImpl(932028119<open>)] for JPA transaction
?[0m?[0;34m2023-03-31 16:06:01.200 DEBUG 29781 --- [nio-8080-exec-1] o.s.orm.jpa.JpaTransactionManager        : Creating new transaction with name [org.springframework.data.jpa.repository.support.SimpleJpaRepository.findById]: PROPAGATION_REQUIRED,ISOLATION_DEFAULT,readOnly
?[0m?[0;34m2023-03-31 16:06:01.200 DEBUG 29781 --- [nio-8080-exec-1] o.s.jdbc.datasource.DataSourceUtils      : Setting JDBC Connection [HikariProxyConnection@1713340082 wrapping conn10: url=jdbc:h2:file:../recipes_db user=SA] read-only
?[0m?[0;34m2023-03-31 16:06:01.200 DEBUG 29781 --- [nio-8080-exec-1] o.s.orm.jpa.JpaTransactionManager        : Exposing JPA transaction as JDBC [org.springframework.orm.jpa.vendor.HibernateJpaDialect$HibernateConnectionHandle@2c905cc9]
?[0m?[0;34m2023-03-31 16:06:01.200 DEBUG 29781 --- [nio-8080-exec-1] o.s.orm.jpa.JpaTransactionManager        : Initiating transaction commit
?[0m?[0;34m2023-03-31 16:06:01.200 DEBUG 29781 --- [nio-8080-exec-1] o.s.orm.jpa.JpaTransactionManager        : Committing JPA transaction on EntityManager [SessionImpl(932028119<open>)]
?[0m?[0;34m2023-03-31 16:06:01.200 DEBUG 29781 --- [nio-8080-exec-1] o.s.jdbc.datasource.DataSourceUtils      : Resetting read-only flag of JDBC Connection [HikariProxyConnection@1713340082 wrapping conn10: url=jdbc:h2:file:../recipes_db user=SA]
?[0m?[0;34m2023-03-31 16:06:01.200 DEBUG 29781 --- [nio-8080-exec-1] o.s.orm.jpa.JpaTransactionManager        : Not closing pre-bound JPA EntityManager after transaction
?[0m?[0;34m2023-03-31 16:06:01.200 DEBUG 29781 --- [nio-8080-exec-1] w.c.HttpSessionSecurityContextRepository : Stored SecurityContextImpl [Authentication=UsernamePasswordAuthenticationToken [Principal=recipes.UserDetailsImpl@4000cb52, Credentials=[PROTECTED], Authenticated=true, Details=WebAuthenticationDetails [RemoteIpAddress=127.0.0.1, SessionId=null], Granted Authorities=[ROLE_USER]]] to HttpSession [org.apache.catalina.session.StandardSessionFacade@5faface8]
?[0m?[0;34m2023-03-31 16:06:01.200 DEBUG 29781 --- [nio-8080-exec-1] .w.s.m.a.ResponseStatusExceptionResolver : Resolved [org.springframework.web.server.ResponseStatusException: 404 NOT_FOUND]
?[0m?[0;34m2023-03-31 16:06:01.200 DEBUG 29781 --- [nio-8080-exec-1] o.j.s.OpenEntityManagerInViewInterceptor : Closing JPA EntityManager in OpenEntityManagerInViewInterceptor
?[0m?[0;34m2023-03-31 16:06:01.200 DEBUG 29781 --- [nio-8080-exec-1] o.s.web.servlet.DispatcherServlet        : Completed 404 NOT_FOUND
?[0m?[0;34m2023-03-31 16:06:01.200 DEBUG 29781 --- [nio-8080-exec-1] w.c.HttpSessionSecurityContextRepository : Stored SecurityContextImpl [Authentication=UsernamePasswordAuthenticationToken [Principal=recipes.UserDetailsImpl@4000cb52, Credentials=[PROTECTED], Authenticated=true, Details=WebAuthenticationDetails [RemoteIpAddress=127.0.0.1, SessionId=null], Granted Authorities=[ROLE_USER]]] to HttpSession [org.apache.catalina.session.StandardSessionFacade@5faface8]
?[0m?[0;34m2023-03-31 16:06:01.200 DEBUG 29781 --- [nio-8080-exec-1] s.s.w.c.SecurityContextPersistenceFilter : Cleared SecurityContextHolder to complete request
?[0m?[0;34m2023-03-31 16:06:01.201 DEBUG 29781 --- [nio-8080-exec-1] o.s.security.web.FilterChainProxy        : Securing PUT /error
?[0m?[0;34m2023-03-31 16:06:01.201 DEBUG 29781 --- [nio-8080-exec-1] w.c.HttpSessionSecurityContextRepository : Retrieved SecurityContextImpl [Authentication=UsernamePasswordAuthenticationToken [Principal=recipes.UserDetailsImpl@4000cb52, Credentials=[PROTECTED], Authenticated=true, Details=WebAuthenticationDetails [RemoteIpAddress=127.0.0.1, SessionId=null], Granted Authorities=[ROLE_USER]]]
?[0m?[0;34m2023-03-31 16:06:01.201 DEBUG 29781 --- [nio-8080-exec-1] s.s.w.c.SecurityContextPersistenceFilter : Set SecurityContextHolder to SecurityContextImpl [Authentication=UsernamePasswordAuthenticationToken [Principal=recipes.UserDetailsImpl@4000cb52, Credentials=[PROTECTED], Authenticated=true, Details=WebAuthenticationDetails [RemoteIpAddress=127.0.0.1, SessionId=null], Granted Authorities=[ROLE_USER]]]
?[0m?[0;34m2023-03-31 16:06:01.201 DEBUG 29781 --- [nio-8080-exec-1] o.s.security.web.FilterChainProxy        : Secured PUT /error
?[0m?[0;34m2023-03-31 16:06:01.201 DEBUG 29781 --- [nio-8080-exec-1] o.s.web.servlet.DispatcherServlet        : "ERROR" dispatch for PUT "/error", parameters={}
?[0m?[0;34m2023-03-31 16:06:01.201 DEBUG 29781 --- [nio-8080-exec-1] s.w.s.m.m.a.RequestMappingHandlerMapping : Mapped to org.springframework.boot.autoconfigure.web.servlet.error.BasicErrorController#error(HttpServletRequest)
?[0m?[0;34m2023-03-31 16:06:01.201 DEBUG 29781 --- [nio-8080-exec-1] o.j.s.OpenEntityManagerInViewInterceptor : Opening JPA EntityManager in OpenEntityManagerInViewInterceptor
?[0m?[0;34m2023-03-31 16:06:01.202 DEBUG 29781 --- [nio-8080-exec-1] o.s.w.s.m.m.a.HttpEntityMethodProcessor  : Using 'application/json', given [*/*] and supported [application/json, application/*+json, application/json, application/*+json]
?[0m?[0;34m2023-03-31 16:06:01.202 DEBUG 29781 --- [nio-8080-exec-1] o.s.w.s.m.m.a.HttpEntityMethodProcessor  : Writing [{timestamp=Fri Mar 31 16:06:01 EEST 2023, status=404, error=Not Found, path=/api/recipe/1}]
?[0m?[0;34m2023-03-31 16:06:01.202 DEBUG 29781 --- [nio-8080-exec-1] o.j.s.OpenEntityManagerInViewInterceptor : Closing JPA EntityManager in OpenEntityManagerInViewInterceptor
?[0m?[0;34m2023-03-31 16:06:01.202 DEBUG 29781 --- [nio-8080-exec-1] o.s.web.servlet.DispatcherServlet        : Exiting from "ERROR" dispatch, status 404
?[0m?[0;34m2023-03-31 16:06:01.202 DEBUG 29781 --- [nio-8080-exec-1] s.s.w.c.SecurityContextPersistenceFilter : Cleared SecurityContextHolder to complete request
?[1;31m
Start test 22?[0m
?[0m?[0;34m2023-03-31 16:06:01.218 DEBUG 29781 --- [nio-8080-exec-2] o.s.security.web.FilterChainProxy        : Securing POST /api/recipe/new
?[0m?[0;34m2023-03-31 16:06:01.218 DEBUG 29781 --- [nio-8080-exec-2] s.s.w.c.SecurityContextPersistenceFilter : Set SecurityContextHolder to empty SecurityContext
?[0m?[0;34m2023-03-31 16:06:01.218 DEBUG 29781 --- [nio-8080-exec-2] tor$SharedEntityManagerInvocationHandler : Creating new EntityManager for shared EntityManager invocation
?[0m?[0;34m2023-03-31 16:06:01.301 DEBUG 29781 --- [nio-8080-exec-2] o.s.s.a.dao.DaoAuthenticationProvider    : Authenticated user
?[0m?[0;34m2023-03-31 16:06:01.301 DEBUG 29781 --- [nio-8080-exec-2] o.s.s.w.a.www.BasicAuthenticationFilter  : Set SecurityContextHolder to UsernamePasswordAuthenticationToken [Principal=recipes.UserDetailsImpl@5d2d91fd, Credentials=[PROTECTED], Authenticated=true, Details=WebAuthenticationDetails [RemoteIpAddress=127.0.0.1, SessionId=null], Granted Authorities=[ROLE_USER]]
?[0m?[0;34m2023-03-31 16:06:01.301 DEBUG 29781 --- [nio-8080-exec-2] w.c.HttpSessionSecurityContextRepository : Created HttpSession as SecurityContext is non-default
?[0m?[0;34m2023-03-31 16:06:01.301 DEBUG 29781 --- [nio-8080-exec-2] w.c.HttpSessionSecurityContextRepository : Stored SecurityContextImpl [Authentication=UsernamePasswordAuthenticationToken [Principal=recipes.UserDetailsImpl@5d2d91fd, Credentials=[PROTECTED], Authenticated=true, Details=WebAuthenticationDetails [RemoteIpAddress=127.0.0.1, SessionId=null], Granted Authorities=[ROLE_USER]]] to HttpSession [org.apache.catalina.session.StandardSessionFacade@1d1e1ed2]
?[0m?[0;34m2023-03-31 16:06:01.301 DEBUG 29781 --- [nio-8080-exec-2] s.w.s.m.m.a.RequestMappingHandlerMapping : Mapped to recipes.RecipesController#setRecipe(Recipe, UserDetails)
?[0m?[0;34m2023-03-31 16:06:01.301 DEBUG 29781 --- [nio-8080-exec-2] s.w.s.m.m.a.RequestMappingHandlerMapping : Mapped to recipes.RecipesController#setRecipe(Recipe, UserDetails)
?[0m?[0;34m2023-03-31 16:06:01.301 DEBUG 29781 --- [nio-8080-exec-2] o.s.s.w.a.i.FilterSecurityInterceptor    : Authorized filter invocation [POST /api/recipe/new] with attributes [hasRole('ROLE_USER')]
?[0m?[0;34m2023-03-31 16:06:01.301 DEBUG 29781 --- [nio-8080-exec-2] o.s.security.web.FilterChainProxy        : Secured POST /api/recipe/new
?[0m?[0;34m2023-03-31 16:06:01.301 DEBUG 29781 --- [nio-8080-exec-2] o.s.web.servlet.DispatcherServlet        : POST "/api/recipe/new", parameters={}
?[0m?[0;34m2023-03-31 16:06:01.302 DEBUG 29781 --- [nio-8080-exec-2] s.w.s.m.m.a.RequestMappingHandlerMapping : Mapped to recipes.RecipesController#setRecipe(Recipe, UserDetails)
?[0m?[0;34m2023-03-31 16:06:01.302 DEBUG 29781 --- [nio-8080-exec-2] o.j.s.OpenEntityManagerInViewInterceptor : Opening JPA EntityManager in OpenEntityManagerInViewInterceptor
?[0m?[0;34m2023-03-31 16:06:01.302 DEBUG 29781 --- [nio-8080-exec-2] m.m.a.RequestResponseBodyMethodProcessor : Read "application/json;charset=UTF-8" to [Recipe(id=0, name=ice-cream, category=Dessert, date=null, description=-, ingredients=[--, ---, -], d (truncated)...]
?[0m?[0;34m2023-03-31 16:06:01.303 DEBUG 29781 --- [nio-8080-exec-2] o.s.orm.jpa.JpaTransactionManager        : Found thread-bound EntityManager [SessionImpl(1149256424<open>)] for JPA transaction
?[0m?[0;34m2023-03-31 16:06:01.303 DEBUG 29781 --- [nio-8080-exec-2] o.s.orm.jpa.JpaTransactionManager        : Creating new transaction with name [org.springframework.data.jpa.repository.support.SimpleJpaRepository.save]: PROPAGATION_REQUIRED,ISOLATION_DEFAULT
?[0m?[0;34m2023-03-31 16:06:01.303 DEBUG 29781 --- [nio-8080-exec-2] o.s.orm.jpa.JpaTransactionManager        : Exposing JPA transaction as JDBC [org.springframework.orm.jpa.vendor.HibernateJpaDialect$HibernateConnectionHandle@58cb42c8]
?[0m?[0;34m2023-03-31 16:06:01.304 DEBUG 29781 --- [nio-8080-exec-2] o.s.orm.jpa.JpaTransactionManager        : Initiating transaction commit
?[0m?[0;34m2023-03-31 16:06:01.304 DEBUG 29781 --- [nio-8080-exec-2] o.s.orm.jpa.JpaTransactionManager        : Committing JPA transaction on EntityManager [SessionImpl(1149256424<open>)]
?[0m?[0;34m2023-03-31 16:06:01.305 DEBUG 29781 --- [nio-8080-exec-2] o.s.orm.jpa.JpaTransactionManager        : Not closing pre-bound JPA EntityManager after transaction
?[0m?[0;34m2023-03-31 16:06:01.305 DEBUG 29781 --- [nio-8080-exec-2] m.m.a.RequestResponseBodyMethodProcessor : Using 'application/json', given [*/*] and supported [application/json, application/*+json, application/json, application/*+json]
?[0m?[0;34m2023-03-31 16:06:01.305 DEBUG 29781 --- [nio-8080-exec-2] m.m.a.RequestResponseBodyMethodProcessor : Writing [{id=3}]
?[0m?[0;34m2023-03-31 16:06:01.305 DEBUG 29781 --- [nio-8080-exec-2] w.c.HttpSessionSecurityContextRepository : Stored SecurityContextImpl [Authentication=UsernamePasswordAuthenticationToken [Principal=recipes.UserDetailsImpl@5d2d91fd, Credentials=[PROTECTED], Authenticated=true, Details=WebAuthenticationDetails [RemoteIpAddress=127.0.0.1, SessionId=null], Granted Authorities=[ROLE_USER]]] to HttpSession [org.apache.catalina.session.StandardSessionFacade@1d1e1ed2]
?[0m?[0;34m2023-03-31 16:06:01.306 DEBUG 29781 --- [nio-8080-exec-2] o.j.s.OpenEntityManagerInViewInterceptor : Closing JPA EntityManager in OpenEntityManagerInViewInterceptor
?[0m?[0;34m2023-03-31 16:06:01.306 DEBUG 29781 --- [nio-8080-exec-2] o.s.web.servlet.DispatcherServlet        : Completed 200 OK
?[0m?[0;34m2023-03-31 16:06:01.306 DEBUG 29781 --- [nio-8080-exec-2] w.c.HttpSessionSecurityContextRepository : Stored SecurityContextImpl [Authentication=UsernamePasswordAuthenticationToken [Principal=recipes.UserDetailsImpl@5d2d91fd, Credentials=[PROTECTED], Authenticated=true, Details=WebAuthenticationDetails [RemoteIpAddress=127.0.0.1, SessionId=null], Granted Authorities=[ROLE_USER]]] to HttpSession [org.apache.catalina.session.StandardSessionFacade@1d1e1ed2]
?[0m?[0;34m2023-03-31 16:06:01.306 DEBUG 29781 --- [nio-8080-exec-2] s.s.w.c.SecurityContextPersistenceFilter : Cleared SecurityContextHolder to complete request
?[1;31m
Start test 23?[0m
?[0m?[0;34m2023-03-31 16:06:01.321 DEBUG 29781 --- [nio-8080-exec-3] o.s.security.web.FilterChainProxy        : Securing POST /api/recipe/new
?[0m?[0;34m2023-03-31 16:06:01.321 DEBUG 29781 --- [nio-8080-exec-3] s.s.w.c.SecurityContextPersistenceFilter : Set SecurityContextHolder to empty SecurityContext
?[0m?[0;34m2023-03-31 16:06:01.322 DEBUG 29781 --- [nio-8080-exec-3] tor$SharedEntityManagerInvocationHandler : Creating new EntityManager for shared EntityManager invocation
?[0m?[0;34m2023-03-31 16:06:01.404 DEBUG 29781 --- [nio-8080-exec-3] o.s.s.a.dao.DaoAuthenticationProvider    : Authenticated user
?[0m?[0;34m2023-03-31 16:06:01.404 DEBUG 29781 --- [nio-8080-exec-3] o.s.s.w.a.www.BasicAuthenticationFilter  : Set SecurityContextHolder to UsernamePasswordAuthenticationToken [Principal=recipes.UserDetailsImpl@1241eaf1, Credentials=[PROTECTED], Authenticated=true, Details=WebAuthenticationDetails [RemoteIpAddress=127.0.0.1, SessionId=null], Granted Authorities=[ROLE_USER]]
?[0m?[0;34m2023-03-31 16:06:01.404 DEBUG 29781 --- [nio-8080-exec-3] w.c.HttpSessionSecurityContextRepository : Created HttpSession as SecurityContext is non-default
?[0m?[0;34m2023-03-31 16:06:01.404 DEBUG 29781 --- [nio-8080-exec-3] w.c.HttpSessionSecurityContextRepository : Stored SecurityContextImpl [Authentication=UsernamePasswordAuthenticationToken [Principal=recipes.UserDetailsImpl@1241eaf1, Credentials=[PROTECTED], Authenticated=true, Details=WebAuthenticationDetails [RemoteIpAddress=127.0.0.1, SessionId=null], Granted Authorities=[ROLE_USER]]] to HttpSession [org.apache.catalina.session.StandardSessionFacade@57c2f055]
?[0m?[0;34m2023-03-31 16:06:01.405 DEBUG 29781 --- [nio-8080-exec-3] s.w.s.m.m.a.RequestMappingHandlerMapping : Mapped to recipes.RecipesController#setRecipe(Recipe, UserDetails)
?[0m?[0;34m2023-03-31 16:06:01.405 DEBUG 29781 --- [nio-8080-exec-3] s.w.s.m.m.a.RequestMappingHandlerMapping : Mapped to recipes.RecipesController#setRecipe(Recipe, UserDetails)
?[0m?[0;34m2023-03-31 16:06:01.405 DEBUG 29781 --- [nio-8080-exec-3] o.s.s.w.a.i.FilterSecurityInterceptor    : Authorized filter invocation [POST /api/recipe/new] with attributes [hasRole('ROLE_USER')]
?[0m?[0;34m2023-03-31 16:06:01.405 DEBUG 29781 --- [nio-8080-exec-3] o.s.security.web.FilterChainProxy        : Secured POST /api/recipe/new
?[0m?[0;34m2023-03-31 16:06:01.405 DEBUG 29781 --- [nio-8080-exec-3] o.s.web.servlet.DispatcherServlet        : POST "/api/recipe/new", parameters={}
?[0m?[0;34m2023-03-31 16:06:01.405 DEBUG 29781 --- [nio-8080-exec-3] s.w.s.m.m.a.RequestMappingHandlerMapping : Mapped to recipes.RecipesController#setRecipe(Recipe, UserDetails)
?[0m?[0;34m2023-03-31 16:06:01.405 DEBUG 29781 --- [nio-8080-exec-3] o.j.s.OpenEntityManagerInViewInterceptor : Opening JPA EntityManager in OpenEntityManagerInViewInterceptor
?[0m?[0;34m2023-03-31 16:06:01.406 DEBUG 29781 --- [nio-8080-exec-3] m.m.a.RequestResponseBodyMethodProcessor : Read "application/json;charset=UTF-8" to [Recipe(id=0, name=tea r 4, category=DesserT, date=null, description=---, ingredients=[-, ----, -], d (truncated)...]
?[0m?[0;34m2023-03-31 16:06:01.407 DEBUG 29781 --- [nio-8080-exec-3] o.s.orm.jpa.JpaTransactionManager        : Found thread-bound EntityManager [SessionImpl(359417288<open>)] for JPA transaction
?[0m?[0;34m2023-03-31 16:06:01.407 DEBUG 29781 --- [nio-8080-exec-3] o.s.orm.jpa.JpaTransactionManager        : Creating new transaction with name [org.springframework.data.jpa.repository.support.SimpleJpaRepository.save]: PROPAGATION_REQUIRED,ISOLATION_DEFAULT
?[0m?[0;34m2023-03-31 16:06:01.407 DEBUG 29781 --- [nio-8080-exec-3] o.s.orm.jpa.JpaTransactionManager        : Exposing JPA transaction as JDBC [org.springframework.orm.jpa.vendor.HibernateJpaDialect$HibernateConnectionHandle@45b17711]
?[0m?[0;34m2023-03-31 16:06:01.407 DEBUG 29781 --- [nio-8080-exec-3] o.s.orm.jpa.JpaTransactionManager        : Initiating transaction commit
?[0m?[0;34m2023-03-31 16:06:01.407 DEBUG 29781 --- [nio-8080-exec-3] o.s.orm.jpa.JpaTransactionManager        : Committing JPA transaction on EntityManager [SessionImpl(359417288<open>)]
?[0m?[0;34m2023-03-31 16:06:01.408 DEBUG 29781 --- [nio-8080-exec-3] o.s.orm.jpa.JpaTransactionManager        : Not closing pre-bound JPA EntityManager after transaction
?[0m?[0;34m2023-03-31 16:06:01.408 DEBUG 29781 --- [nio-8080-exec-3] m.m.a.RequestResponseBodyMethodProcessor : Using 'application/json', given [*/*] and supported [application/json, application/*+json, application/json, application/*+json]
?[0m?[0;34m2023-03-31 16:06:01.408 DEBUG 29781 --- [nio-8080-exec-3] m.m.a.RequestResponseBodyMethodProcessor : Writing [{id=4}]
?[0m?[0;34m2023-03-31 16:06:01.408 DEBUG 29781 --- [nio-8080-exec-3] w.c.HttpSessionSecurityContextRepository : Stored SecurityContextImpl [Authentication=UsernamePasswordAuthenticationToken [Principal=recipes.UserDetailsImpl@1241eaf1, Credentials=[PROTECTED], Authenticated=true, Details=WebAuthenticationDetails [RemoteIpAddress=127.0.0.1, SessionId=null], Granted Authorities=[ROLE_USER]]] to HttpSession [org.apache.catalina.session.StandardSessionFacade@57c2f055]
?[0m?[0;34m2023-03-31 16:06:01.409 DEBUG 29781 --- [nio-8080-exec-3] o.j.s.OpenEntityManagerInViewInterceptor : Closing JPA EntityManager in OpenEntityManagerInViewInterceptor
?[0m?[0;34m2023-03-31 16:06:01.409 DEBUG 29781 --- [nio-8080-exec-3] o.s.web.servlet.DispatcherServlet        : Completed 200 OK
?[0m?[0;34m2023-03-31 16:06:01.409 DEBUG 29781 --- [nio-8080-exec-3] w.c.HttpSessionSecurityContextRepository : Stored SecurityContextImpl [Authentication=UsernamePasswordAuthenticationToken [Principal=recipes.UserDetailsImpl@1241eaf1, Credentials=[PROTECTED], Authenticated=true, Details=WebAuthenticationDetails [RemoteIpAddress=127.0.0.1, SessionId=null], Granted Authorities=[ROLE_USER]]] to HttpSession [org.apache.catalina.session.StandardSessionFacade@57c2f055]
?[0m?[0;34m2023-03-31 16:06:01.409 DEBUG 29781 --- [nio-8080-exec-3] s.s.w.c.SecurityContextPersistenceFilter : Cleared SecurityContextHolder to complete request
?[1;31m
Start test 24?[0m
?[0;34m2023-03-31 16:06:01.425 DEBUG 29781 --- [nio-8080-exec-5] o.s.security.web.FilterChainProxy        : Securing POST /api/recipe/new
?[0m?[0;34m2023-03-31 16:06:01.425 DEBUG 29781 --- [nio-8080-exec-5] s.s.w.c.SecurityContextPersistenceFilter : Set SecurityContextHolder to empty SecurityContext
?[0m?[0;34m2023-03-31 16:06:01.425 DEBUG 29781 --- [nio-8080-exec-5] tor$SharedEntityManagerInvocationHandler : Creating new EntityManager for shared EntityManager invocation
?[0m?[0;34m2023-03-31 16:06:01.507 DEBUG 29781 --- [nio-8080-exec-5] o.s.s.a.dao.DaoAuthenticationProvider    : Authenticated user
?[0m?[0;34m2023-03-31 16:06:01.508 DEBUG 29781 --- [nio-8080-exec-5] o.s.s.w.a.www.BasicAuthenticationFilter  : Set SecurityContextHolder to UsernamePasswordAuthenticationToken [Principal=recipes.UserDetailsImpl@610c7eeb, Credentials=[PROTECTED], Authenticated=true, Details=WebAuthenticationDetails [RemoteIpAddress=127.0.0.1, SessionId=null], Granted Authorities=[ROLE_USER]]
?[0m?[0;34m2023-03-31 16:06:01.508 DEBUG 29781 --- [nio-8080-exec-5] w.c.HttpSessionSecurityContextRepository : Created HttpSession as SecurityContext is non-default
?[0m?[0;34m2023-03-31 16:06:01.508 DEBUG 29781 --- [nio-8080-exec-5] w.c.HttpSessionSecurityContextRepository : Stored SecurityContextImpl [Authentication=UsernamePasswordAuthenticationToken [Principal=recipes.UserDetailsImpl@610c7eeb, Credentials=[PROTECTED], Authenticated=true, Details=WebAuthenticationDetails [RemoteIpAddress=127.0.0.1, SessionId=null], Granted Authorities=[ROLE_USER]]] to HttpSession [org.apache.catalina.session.StandardSessionFacade@182c36b2]
?[0m?[0;34m2023-03-31 16:06:01.508 DEBUG 29781 --- [nio-8080-exec-5] s.w.s.m.m.a.RequestMappingHandlerMapping : Mapped to recipes.RecipesController#setRecipe(Recipe, UserDetails)
?[0m?[0;34m2023-03-31 16:06:01.508 DEBUG 29781 --- [nio-8080-exec-5] s.w.s.m.m.a.RequestMappingHandlerMapping : Mapped to recipes.RecipesController#setRecipe(Recipe, UserDetails)
?[0m?[0;34m2023-03-31 16:06:01.508 DEBUG 29781 --- [nio-8080-exec-5] o.s.s.w.a.i.FilterSecurityInterceptor    : Authorized filter invocation [POST /api/recipe/new] with attributes [hasRole('ROLE_USER')]
?[0m?[0;34m2023-03-31 16:06:01.508 DEBUG 29781 --- [nio-8080-exec-5] o.s.security.web.FilterChainProxy        : Secured POST /api/recipe/new
?[0m?[0;34m2023-03-31 16:06:01.508 DEBUG 29781 --- [nio-8080-exec-5] o.s.web.servlet.DispatcherServlet        : POST "/api/recipe/new", parameters={}
?[0m?[0;34m2023-03-31 16:06:01.509 DEBUG 29781 --- [nio-8080-exec-5] s.w.s.m.m.a.RequestMappingHandlerMapping : Mapped to recipes.RecipesController#setRecipe(Recipe, UserDetails)
?[0m?[0;34m2023-03-31 16:06:01.509 DEBUG 29781 --- [nio-8080-exec-5] o.j.s.OpenEntityManagerInViewInterceptor : Opening JPA EntityManager in OpenEntityManagerInViewInterceptor
?[0m?[0;34m2023-03-31 16:06:01.509 DEBUG 29781 --- [nio-8080-exec-5] m.m.a.RequestResponseBodyMethodProcessor : Read "application/json;charset=UTF-8" to [Recipe(id=0, name=recipe ice-cream 5, category=Desser, date=null, description=---, ingredients=[-, - (truncated)...]
?[0m?[0;34m2023-03-31 16:06:01.510 DEBUG 29781 --- [nio-8080-exec-5] o.s.orm.jpa.JpaTransactionManager        : Found thread-bound EntityManager [SessionImpl(897921222<open>)] for JPA transaction
?[0m?[0;34m2023-03-31 16:06:01.510 DEBUG 29781 --- [nio-8080-exec-5] o.s.orm.jpa.JpaTransactionManager        : Creating new transaction with name [org.springframework.data.jpa.repository.support.SimpleJpaRepository.save]: PROPAGATION_REQUIRED,ISOLATION_DEFAULT
?[0m?[0;34m2023-03-31 16:06:01.510 DEBUG 29781 --- [nio-8080-exec-5] o.s.orm.jpa.JpaTransactionManager        : Exposing JPA transaction as JDBC [org.springframework.orm.jpa.vendor.HibernateJpaDialect$HibernateConnectionHandle@3d26407a]
?[0m?[0;34m2023-03-31 16:06:01.511 DEBUG 29781 --- [nio-8080-exec-5] o.s.orm.jpa.JpaTransactionManager        : Initiating transaction commit
?[0m?[0;34m2023-03-31 16:06:01.511 DEBUG 29781 --- [nio-8080-exec-5] o.s.orm.jpa.JpaTransactionManager        : Committing JPA transaction on EntityManager [SessionImpl(897921222<open>)]
?[0m?[0;34m2023-03-31 16:06:01.511 DEBUG 29781 --- [nio-8080-exec-5] o.s.orm.jpa.JpaTransactionManager        : Not closing pre-bound JPA EntityManager after transaction
?[0m?[0;34m2023-03-31 16:06:01.511 DEBUG 29781 --- [nio-8080-exec-5] m.m.a.RequestResponseBodyMethodProcessor : Using 'application/json', given [*/*] and supported [application/json, application/*+json, application/json, application/*+json]
?[0m?[0;34m2023-03-31 16:06:01.512 DEBUG 29781 --- [nio-8080-exec-5] m.m.a.RequestResponseBodyMethodProcessor : Writing [{id=5}]
?[0m?[0;34m2023-03-31 16:06:01.512 DEBUG 29781 --- [nio-8080-exec-5] w.c.HttpSessionSecurityContextRepository : Stored SecurityContextImpl [Authentication=UsernamePasswordAuthenticationToken [Principal=recipes.UserDetailsImpl@610c7eeb, Credentials=[PROTECTED], Authenticated=true, Details=WebAuthenticationDetails [RemoteIpAddress=127.0.0.1, SessionId=null], Granted Authorities=[ROLE_USER]]] to HttpSession [org.apache.catalina.session.StandardSessionFacade@182c36b2]
?[0m?[0;34m2023-03-31 16:06:01.512 DEBUG 29781 --- [nio-8080-exec-5] o.j.s.OpenEntityManagerInViewInterceptor : Closing JPA EntityManager in OpenEntityManagerInViewInterceptor
?[0m?[0;34m2023-03-31 16:06:01.512 DEBUG 29781 --- [nio-8080-exec-5] o.s.web.servlet.DispatcherServlet        : Completed 200 OK
?[0m?[0;34m2023-03-31 16:06:01.512 DEBUG 29781 --- [nio-8080-exec-5] w.c.HttpSessionSecurityContextRepository : Stored SecurityContextImpl [Authentication=UsernamePasswordAuthenticationToken [Principal=recipes.UserDetailsImpl@610c7eeb, Credentials=[PROTECTED], Authenticated=true, Details=WebAuthenticationDetails [RemoteIpAddress=127.0.0.1, SessionId=null], Granted Authorities=[ROLE_USER]]] to HttpSession [org.apache.catalina.session.StandardSessionFacade@182c36b2]
?[0m?[0;34m2023-03-31 16:06:01.512 DEBUG 29781 --- [nio-8080-exec-5] s.s.w.c.SecurityContextPersistenceFilter : Cleared SecurityContextHolder to complete request
?[1;31m
Start test 25?[0m
?[0;34m2023-03-31 16:06:01.528 DEBUG 29781 --- [nio-8080-exec-6] o.s.security.web.FilterChainProxy        : Securing POST /api/recipe/new
?[0m?[0;34m2023-03-31 16:06:01.528 DEBUG 29781 --- [nio-8080-exec-6] s.s.w.c.SecurityContextPersistenceFilter : Set SecurityContextHolder to empty SecurityContext
?[0m?[0;34m2023-03-31 16:06:01.528 DEBUG 29781 --- [nio-8080-exec-6] tor$SharedEntityManagerInvocationHandler : Creating new EntityManager for shared EntityManager invocation
?[0m?[0;34m2023-03-31 16:06:01.611 DEBUG 29781 --- [nio-8080-exec-6] o.s.s.a.dao.DaoAuthenticationProvider    : Authenticated user
?[0m?[0;34m2023-03-31 16:06:01.611 DEBUG 29781 --- [nio-8080-exec-6] o.s.s.w.a.www.BasicAuthenticationFilter  : Set SecurityContextHolder to UsernamePasswordAuthenticationToken [Principal=recipes.UserDetailsImpl@2ad3749a, Credentials=[PROTECTED], Authenticated=true, Details=WebAuthenticationDetails [RemoteIpAddress=127.0.0.1, SessionId=null], Granted Authorities=[ROLE_USER]]
?[0m?[0;34m2023-03-31 16:06:01.611 DEBUG 29781 --- [nio-8080-exec-6] w.c.HttpSessionSecurityContextRepository : Created HttpSession as SecurityContext is non-default
?[0m?[0;34m2023-03-31 16:06:01.611 DEBUG 29781 --- [nio-8080-exec-6] w.c.HttpSessionSecurityContextRepository : Stored SecurityContextImpl [Authentication=UsernamePasswordAuthenticationToken [Principal=recipes.UserDetailsImpl@2ad3749a, Credentials=[PROTECTED], Authenticated=true, Details=WebAuthenticationDetails [RemoteIpAddress=127.0.0.1, SessionId=null], Granted Authorities=[ROLE_USER]]] to HttpSession [org.apache.catalina.session.StandardSessionFacade@2f0d28cc]
?[0m?[0;34m2023-03-31 16:06:01.611 DEBUG 29781 --- [nio-8080-exec-6] s.w.s.m.m.a.RequestMappingHandlerMapping : Mapped to recipes.RecipesController#setRecipe(Recipe, UserDetails)
?[0m?[0;34m2023-03-31 16:06:01.611 DEBUG 29781 --- [nio-8080-exec-6] s.w.s.m.m.a.RequestMappingHandlerMapping : Mapped to recipes.RecipesController#setRecipe(Recipe, UserDetails)
?[0m?[0;34m2023-03-31 16:06:01.612 DEBUG 29781 --- [nio-8080-exec-6] o.s.s.w.a.i.FilterSecurityInterceptor    : Authorized filter invocation [POST /api/recipe/new] with attributes [hasRole('ROLE_USER')]
?[0m?[0;34m2023-03-31 16:06:01.612 DEBUG 29781 --- [nio-8080-exec-6] o.s.security.web.FilterChainProxy        : Secured POST /api/recipe/new
?[0m?[0;34m2023-03-31 16:06:01.612 DEBUG 29781 --- [nio-8080-exec-6] o.s.web.servlet.DispatcherServlet        : POST "/api/recipe/new", parameters={}
?[0m?[0;34m2023-03-31 16:06:01.612 DEBUG 29781 --- [nio-8080-exec-6] s.w.s.m.m.a.RequestMappingHandlerMapping : Mapped to recipes.RecipesController#setRecipe(Recipe, UserDetails)
?[0m?[0;34m2023-03-31 16:06:01.612 DEBUG 29781 --- [nio-8080-exec-6] o.j.s.OpenEntityManagerInViewInterceptor : Opening JPA EntityManager in OpenEntityManagerInViewInterceptor
?[0m?[0;34m2023-03-31 16:06:01.612 DEBUG 29781 --- [nio-8080-exec-6] m.m.a.RequestResponseBodyMethodProcessor : Read "application/json;charset=UTF-8" to [Recipe(id=0, name=--, category=DeSSert, date=null, description=---, ingredients=[---, -, --], direct (truncated)...]
?[0m?[0;34m2023-03-31 16:06:01.613 DEBUG 29781 --- [nio-8080-exec-6] o.s.orm.jpa.JpaTransactionManager        : Found thread-bound EntityManager [SessionImpl(829936801<open>)] for JPA transaction
?[0m?[0;34m2023-03-31 16:06:01.614 DEBUG 29781 --- [nio-8080-exec-6] o.s.orm.jpa.JpaTransactionManager        : Creating new transaction with name [org.springframework.data.jpa.repository.support.SimpleJpaRepository.save]: PROPAGATION_REQUIRED,ISOLATION_DEFAULT
?[0m?[0;34m2023-03-31 16:06:01.614 DEBUG 29781 --- [nio-8080-exec-6] o.s.orm.jpa.JpaTransactionManager        : Exposing JPA transaction as JDBC [org.springframework.orm.jpa.vendor.HibernateJpaDialect$HibernateConnectionHandle@53628344]
?[0m?[0;34m2023-03-31 16:06:01.614 DEBUG 29781 --- [nio-8080-exec-6] o.s.orm.jpa.JpaTransactionManager        : Initiating transaction commit
?[0m?[0;34m2023-03-31 16:06:01.614 DEBUG 29781 --- [nio-8080-exec-6] o.s.orm.jpa.JpaTransactionManager        : Committing JPA transaction on EntityManager [SessionImpl(829936801<open>)]
?[0m?[0;34m2023-03-31 16:06:01.615 DEBUG 29781 --- [nio-8080-exec-6] o.s.orm.jpa.JpaTransactionManager        : Not closing pre-bound JPA EntityManager after transaction
?[0m?[0;34m2023-03-31 16:06:01.615 DEBUG 29781 --- [nio-8080-exec-6] m.m.a.RequestResponseBodyMethodProcessor : Using 'application/json', given [*/*] and supported [application/json, application/*+json, application/json, application/*+json]
?[0m?[0;34m2023-03-31 16:06:01.615 DEBUG 29781 --- [nio-8080-exec-6] m.m.a.RequestResponseBodyMethodProcessor : Writing [{id=6}]
?[0m?[0;34m2023-03-31 16:06:01.615 DEBUG 29781 --- [nio-8080-exec-6] w.c.HttpSessionSecurityContextRepository : Stored SecurityContextImpl [Authentication=UsernamePasswordAuthenticationToken [Principal=recipes.UserDetailsImpl@2ad3749a, Credentials=[PROTECTED], Authenticated=true, Details=WebAuthenticationDetails [RemoteIpAddress=127.0.0.1, SessionId=null], Granted Authorities=[ROLE_USER]]] to HttpSession [org.apache.catalina.session.StandardSessionFacade@2f0d28cc]
?[0m?[0;34m2023-03-31 16:06:01.615 DEBUG 29781 --- [nio-8080-exec-6] o.j.s.OpenEntityManagerInViewInterceptor : Closing JPA EntityManager in OpenEntityManagerInViewInterceptor
?[0m?[0;34m2023-03-31 16:06:01.616 DEBUG 29781 --- [nio-8080-exec-6] o.s.web.servlet.DispatcherServlet        : Completed 200 OK
?[0m?[0;34m2023-03-31 16:06:01.616 DEBUG 29781 --- [nio-8080-exec-6] w.c.HttpSessionSecurityContextRepository : Stored SecurityContextImpl [Authentication=UsernamePasswordAuthenticationToken [Principal=recipes.UserDetailsImpl@2ad3749a, Credentials=[PROTECTED], Authenticated=true, Details=WebAuthenticationDetails [RemoteIpAddress=127.0.0.1, SessionId=null], Granted Authorities=[ROLE_USER]]] to HttpSession [org.apache.catalina.session.StandardSessionFacade@2f0d28cc]
?[0m?[0;34m2023-03-31 16:06:01.616 DEBUG 29781 --- [nio-8080-exec-6] s.s.w.c.SecurityContextPersistenceFilter : Cleared SecurityContextHolder to complete request
?[1;31m
Start test 26?[0m
?[0;34m2023-03-31 16:06:01.631 DEBUG 29781 --- [nio-8080-exec-7] o.s.security.web.FilterChainProxy        : Securing POST /api/recipe/new
?[0m?[0;34m2023-03-31 16:06:01.632 DEBUG 29781 --- [nio-8080-exec-7] s.s.w.c.SecurityContextPersistenceFilter : Set SecurityContextHolder to empty SecurityContext
?[0m?[0;34m2023-03-31 16:06:01.632 DEBUG 29781 --- [nio-8080-exec-7] tor$SharedEntityManagerInvocationHandler : Creating new EntityManager for shared EntityManager invocation
?[0m?[0;34m2023-03-31 16:06:01.714 DEBUG 29781 --- [nio-8080-exec-7] o.s.s.a.dao.DaoAuthenticationProvider    : Authenticated user
?[0m?[0;34m2023-03-31 16:06:01.714 DEBUG 29781 --- [nio-8080-exec-7] o.s.s.w.a.www.BasicAuthenticationFilter  : Set SecurityContextHolder to UsernamePasswordAuthenticationToken [Principal=recipes.UserDetailsImpl@339b2466, Credentials=[PROTECTED], Authenticated=true, Details=WebAuthenticationDetails [RemoteIpAddress=127.0.0.1, SessionId=null], Granted Authorities=[ROLE_USER]]
?[0m?[0;34m2023-03-31 16:06:01.715 DEBUG 29781 --- [nio-8080-exec-7] w.c.HttpSessionSecurityContextRepository : Created HttpSession as SecurityContext is non-default
?[0m?[0;34m2023-03-31 16:06:01.715 DEBUG 29781 --- [nio-8080-exec-7] w.c.HttpSessionSecurityContextRepository : Stored SecurityContextImpl [Authentication=UsernamePasswordAuthenticationToken [Principal=recipes.UserDetailsImpl@339b2466, Credentials=[PROTECTED], Authenticated=true, Details=WebAuthenticationDetails [RemoteIpAddress=127.0.0.1, SessionId=null], Granted Authorities=[ROLE_USER]]] to HttpSession [org.apache.catalina.session.StandardSessionFacade@75fbb1fb]
?[0m?[0;34m2023-03-31 16:06:01.715 DEBUG 29781 --- [nio-8080-exec-7] s.w.s.m.m.a.RequestMappingHandlerMapping : Mapped to recipes.RecipesController#setRecipe(Recipe, UserDetails)
?[0m?[0;34m2023-03-31 16:06:01.715 DEBUG 29781 --- [nio-8080-exec-7] s.w.s.m.m.a.RequestMappingHandlerMapping : Mapped to recipes.RecipesController#setRecipe(Recipe, UserDetails)
?[0m?[0;34m2023-03-31 16:06:01.715 DEBUG 29781 --- [nio-8080-exec-7] o.s.s.w.a.i.FilterSecurityInterceptor    : Authorized filter invocation [POST /api/recipe/new] with attributes [hasRole('ROLE_USER')]
?[0m?[0;34m2023-03-31 16:06:01.715 DEBUG 29781 --- [nio-8080-exec-7] o.s.security.web.FilterChainProxy        : Secured POST /api/recipe/new
?[0m?[0;34m2023-03-31 16:06:01.715 DEBUG 29781 --- [nio-8080-exec-7] o.s.web.servlet.DispatcherServlet        : POST "/api/recipe/new", parameters={}
?[0m?[0;34m2023-03-31 16:06:01.715 DEBUG 29781 --- [nio-8080-exec-7] s.w.s.m.m.a.RequestMappingHandlerMapping : Mapped to recipes.RecipesController#setRecipe(Recipe, UserDetails)
?[0m?[0;34m2023-03-31 16:06:01.715 DEBUG 29781 --- [nio-8080-exec-7] o.j.s.OpenEntityManagerInViewInterceptor : Opening JPA EntityManager in OpenEntityManagerInViewInterceptor
?[0m?[0;34m2023-03-31 16:06:01.716 DEBUG 29781 --- [nio-8080-exec-7] m.m.a.RequestResponseBodyMethodProcessor : Read "application/json;charset=UTF-8" to [Recipe(id=0, name=ICE-CREAM, category=desserT, date=null, description=----, ingredients=[-, -, --],  (truncated)...]
?[0m?[0;34m2023-03-31 16:06:01.717 DEBUG 29781 --- [nio-8080-exec-7] o.s.orm.jpa.JpaTransactionManager        : Found thread-bound EntityManager [SessionImpl(1747100643<open>)] for JPA transaction
?[0m?[0;34m2023-03-31 16:06:01.717 DEBUG 29781 --- [nio-8080-exec-7] o.s.orm.jpa.JpaTransactionManager        : Creating new transaction with name [org.springframework.data.jpa.repository.support.SimpleJpaRepository.save]: PROPAGATION_REQUIRED,ISOLATION_DEFAULT
?[0m?[0;34m2023-03-31 16:06:01.717 DEBUG 29781 --- [nio-8080-exec-7] o.s.orm.jpa.JpaTransactionManager        : Exposing JPA transaction as JDBC [org.springframework.orm.jpa.vendor.HibernateJpaDialect$HibernateConnectionHandle@65f83cbe]
?[0m?[0;34m2023-03-31 16:06:01.718 DEBUG 29781 --- [nio-8080-exec-7] o.s.orm.jpa.JpaTransactionManager        : Initiating transaction commit
?[0m?[0;34m2023-03-31 16:06:01.718 DEBUG 29781 --- [nio-8080-exec-7] o.s.orm.jpa.JpaTransactionManager        : Committing JPA transaction on EntityManager [SessionImpl(1747100643<open>)]
?[0m?[0;34m2023-03-31 16:06:01.719 DEBUG 29781 --- [nio-8080-exec-7] o.s.orm.jpa.JpaTransactionManager        : Not closing pre-bound JPA EntityManager after transaction
?[0m?[0;34m2023-03-31 16:06:01.719 DEBUG 29781 --- [nio-8080-exec-7] m.m.a.RequestResponseBodyMethodProcessor : Using 'application/json', given [*/*] and supported [application/json, application/*+json, application/json, application/*+json]
?[0m?[0;34m2023-03-31 16:06:01.719 DEBUG 29781 --- [nio-8080-exec-7] m.m.a.RequestResponseBodyMethodProcessor : Writing [{id=7}]
?[0m?[0;34m2023-03-31 16:06:01.719 DEBUG 29781 --- [nio-8080-exec-7] w.c.HttpSessionSecurityContextRepository : Stored SecurityContextImpl [Authentication=UsernamePasswordAuthenticationToken [Principal=recipes.UserDetailsImpl@339b2466, Credentials=[PROTECTED], Authenticated=true, Details=WebAuthenticationDetails [RemoteIpAddress=127.0.0.1, SessionId=null], Granted Authorities=[ROLE_USER]]] to HttpSession [org.apache.catalina.session.StandardSessionFacade@75fbb1fb]
?[0m?[0;34m2023-03-31 16:06:01.719 DEBUG 29781 --- [nio-8080-exec-7] o.j.s.OpenEntityManagerInViewInterceptor : Closing JPA EntityManager in OpenEntityManagerInViewInterceptor
?[0m?[0;34m2023-03-31 16:06:01.719 DEBUG 29781 --- [nio-8080-exec-7] o.s.web.servlet.DispatcherServlet        : Completed 200 OK
?[0m?[0;34m2023-03-31 16:06:01.719 DEBUG 29781 --- [nio-8080-exec-7] w.c.HttpSessionSecurityContextRepository : Stored SecurityContextImpl [Authentication=UsernamePasswordAuthenticationToken [Principal=recipes.UserDetailsImpl@339b2466, Credentials=[PROTECTED], Authenticated=true, Details=WebAuthenticationDetails [RemoteIpAddress=127.0.0.1, SessionId=null], Granted Authorities=[ROLE_USER]]] to HttpSession [org.apache.catalina.session.StandardSessionFacade@75fbb1fb]
?[0m?[0;34m2023-03-31 16:06:01.719 DEBUG 29781 --- [nio-8080-exec-7] s.s.w.c.SecurityContextPersistenceFilter : Cleared SecurityContextHolder to complete request
?[1;31m
Start test 27?[0m
?[0m?[0;34m2023-03-31 16:06:01.735 DEBUG 29781 --- [nio-8080-exec-4] o.s.security.web.FilterChainProxy        : Securing POST /api/recipe/new
?[0m?[0;34m2023-03-31 16:06:01.735 DEBUG 29781 --- [nio-8080-exec-4] s.s.w.c.SecurityContextPersistenceFilter : Set SecurityContextHolder to empty SecurityContext
?[0m?[0;34m2023-03-31 16:06:01.736 DEBUG 29781 --- [nio-8080-exec-4] tor$SharedEntityManagerInvocationHandler : Creating new EntityManager for shared EntityManager invocation
?[0m?[0;34m2023-03-31 16:06:01.818 DEBUG 29781 --- [nio-8080-exec-4] o.s.s.a.dao.DaoAuthenticationProvider    : Authenticated user
?[0m?[0;34m2023-03-31 16:06:01.818 DEBUG 29781 --- [nio-8080-exec-4] o.s.s.w.a.www.BasicAuthenticationFilter  : Set SecurityContextHolder to UsernamePasswordAuthenticationToken [Principal=recipes.UserDetailsImpl@18b47290, Credentials=[PROTECTED], Authenticated=true, Details=WebAuthenticationDetails [RemoteIpAddress=127.0.0.1, SessionId=null], Granted Authorities=[ROLE_USER]]
?[0m?[0;34m2023-03-31 16:06:01.818 DEBUG 29781 --- [nio-8080-exec-4] w.c.HttpSessionSecurityContextRepository : Created HttpSession as SecurityContext is non-default
?[0m?[0;34m2023-03-31 16:06:01.818 DEBUG 29781 --- [nio-8080-exec-4] w.c.HttpSessionSecurityContextRepository : Stored SecurityContextImpl [Authentication=UsernamePasswordAuthenticationToken [Principal=recipes.UserDetailsImpl@18b47290, Credentials=[PROTECTED], Authenticated=true, Details=WebAuthenticationDetails [RemoteIpAddress=127.0.0.1, SessionId=null], Granted Authorities=[ROLE_USER]]] to HttpSession [org.apache.catalina.session.StandardSessionFacade@4605455c]
?[0m?[0;34m2023-03-31 16:06:01.818 DEBUG 29781 --- [nio-8080-exec-4] s.w.s.m.m.a.RequestMappingHandlerMapping : Mapped to recipes.RecipesController#setRecipe(Recipe, UserDetails)
?[0m?[0;34m2023-03-31 16:06:01.819 DEBUG 29781 --- [nio-8080-exec-4] s.w.s.m.m.a.RequestMappingHandlerMapping : Mapped to recipes.RecipesController#setRecipe(Recipe, UserDetails)
?[0m?[0;34m2023-03-31 16:06:01.819 DEBUG 29781 --- [nio-8080-exec-4] o.s.s.w.a.i.FilterSecurityInterceptor    : Authorized filter invocation [POST /api/recipe/new] with attributes [hasRole('ROLE_USER')]
?[0m?[0;34m2023-03-31 16:06:01.819 DEBUG 29781 --- [nio-8080-exec-4] o.s.security.web.FilterChainProxy        : Secured POST /api/recipe/new
?[0m?[0;34m2023-03-31 16:06:01.819 DEBUG 29781 --- [nio-8080-exec-4] o.s.web.servlet.DispatcherServlet        : POST "/api/recipe/new", parameters={}
?[0m?[0;34m2023-03-31 16:06:01.819 DEBUG 29781 --- [nio-8080-exec-4] s.w.s.m.m.a.RequestMappingHandlerMapping : Mapped to recipes.RecipesController#setRecipe(Recipe, UserDetails)
?[0m?[0;34m2023-03-31 16:06:01.819 DEBUG 29781 --- [nio-8080-exec-4] o.j.s.OpenEntityManagerInViewInterceptor : Opening JPA EntityManager in OpenEntityManagerInViewInterceptor
?[0m?[0;34m2023-03-31 16:06:01.819 DEBUG 29781 --- [nio-8080-exec-4] m.m.a.RequestResponseBodyMethodProcessor : Read "application/json;charset=UTF-8" to [Recipe(id=0, name=---, category=dessert, date=null, description=--, ingredients=[-, ----], direction (truncated)...]
?[0m?[0;34m2023-03-31 16:06:01.820 DEBUG 29781 --- [nio-8080-exec-4] o.s.orm.jpa.JpaTransactionManager        : Found thread-bound EntityManager [SessionImpl(447484032<open>)] for JPA transaction
?[0m?[0;34m2023-03-31 16:06:01.820 DEBUG 29781 --- [nio-8080-exec-4] o.s.orm.jpa.JpaTransactionManager        : Creating new transaction with name [org.springframework.data.jpa.repository.support.SimpleJpaRepository.save]: PROPAGATION_REQUIRED,ISOLATION_DEFAULT
?[0m?[0;34m2023-03-31 16:06:01.820 DEBUG 29781 --- [nio-8080-exec-4] o.s.orm.jpa.JpaTransactionManager        : Exposing JPA transaction as JDBC [org.springframework.orm.jpa.vendor.HibernateJpaDialect$HibernateConnectionHandle@4cd3fa39]
?[0m?[0;34m2023-03-31 16:06:01.821 DEBUG 29781 --- [nio-8080-exec-4] o.s.orm.jpa.JpaTransactionManager        : Initiating transaction commit
?[0m?[0;34m2023-03-31 16:06:01.821 DEBUG 29781 --- [nio-8080-exec-4] o.s.orm.jpa.JpaTransactionManager        : Committing JPA transaction on EntityManager [SessionImpl(447484032<open>)]
?[0m?[0;34m2023-03-31 16:06:01.822 DEBUG 29781 --- [nio-8080-exec-4] o.s.orm.jpa.JpaTransactionManager        : Not closing pre-bound JPA EntityManager after transaction
?[0m?[0;34m2023-03-31 16:06:01.822 DEBUG 29781 --- [nio-8080-exec-4] m.m.a.RequestResponseBodyMethodProcessor : Using 'application/json', given [*/*] and supported [application/json, application/*+json, application/json, application/*+json]
?[0m?[0;34m2023-03-31 16:06:01.822 DEBUG 29781 --- [nio-8080-exec-4] m.m.a.RequestResponseBodyMethodProcessor : Writing [{id=8}]
?[0m?[0;34m2023-03-31 16:06:01.822 DEBUG 29781 --- [nio-8080-exec-4] w.c.HttpSessionSecurityContextRepository : Stored SecurityContextImpl [Authentication=UsernamePasswordAuthenticationToken [Principal=recipes.UserDetailsImpl@18b47290, Credentials=[PROTECTED], Authenticated=true, Details=WebAuthenticationDetails [RemoteIpAddress=127.0.0.1, SessionId=null], Granted Authorities=[ROLE_USER]]] to HttpSession [org.apache.catalina.session.StandardSessionFacade@4605455c]
?[0m?[0;34m2023-03-31 16:06:01.822 DEBUG 29781 --- [nio-8080-exec-4] o.j.s.OpenEntityManagerInViewInterceptor : Closing JPA EntityManager in OpenEntityManagerInViewInterceptor
?[0m?[0;34m2023-03-31 16:06:01.822 DEBUG 29781 --- [nio-8080-exec-4] o.s.web.servlet.DispatcherServlet        : Completed 200 OK
?[0m?[0;34m2023-03-31 16:06:01.822 DEBUG 29781 --- [nio-8080-exec-4] w.c.HttpSessionSecurityContextRepository : Stored SecurityContextImpl [Authentication=UsernamePasswordAuthenticationToken [Principal=recipes.UserDetailsImpl@18b47290, Credentials=[PROTECTED], Authenticated=true, Details=WebAuthenticationDetails [RemoteIpAddress=127.0.0.1, SessionId=null], Granted Authorities=[ROLE_USER]]] to HttpSession [org.apache.catalina.session.StandardSessionFacade@4605455c]
?[0m?[0;34m2023-03-31 16:06:01.822 DEBUG 29781 --- [nio-8080-exec-4] s.s.w.c.SecurityContextPersistenceFilter : Cleared SecurityContextHolder to complete request
?[1;31m
Start test 28?[0m
?[0m?[0;34m2023-03-31 16:06:01.838 DEBUG 29781 --- [nio-8080-exec-8] o.s.security.web.FilterChainProxy        : Securing POST /api/recipe/new
?[0m?[0;34m2023-03-31 16:06:01.838 DEBUG 29781 --- [nio-8080-exec-8] s.s.w.c.SecurityContextPersistenceFilter : Set SecurityContextHolder to empty SecurityContext
?[0m?[0;34m2023-03-31 16:06:01.838 DEBUG 29781 --- [nio-8080-exec-8] tor$SharedEntityManagerInvocationHandler : Creating new EntityManager for shared EntityManager invocation
?[0m?[0;34m2023-03-31 16:06:01.921 DEBUG 29781 --- [nio-8080-exec-8] o.s.s.a.dao.DaoAuthenticationProvider    : Authenticated user
?[0m?[0;34m2023-03-31 16:06:01.921 DEBUG 29781 --- [nio-8080-exec-8] o.s.s.w.a.www.BasicAuthenticationFilter  : Set SecurityContextHolder to UsernamePasswordAuthenticationToken [Principal=recipes.UserDetailsImpl@536ffd9f, Credentials=[PROTECTED], Authenticated=true, Details=WebAuthenticationDetails [RemoteIpAddress=127.0.0.1, SessionId=null], Granted Authorities=[ROLE_USER]]
?[0m?[0;34m2023-03-31 16:06:01.921 DEBUG 29781 --- [nio-8080-exec-8] w.c.HttpSessionSecurityContextRepository : Created HttpSession as SecurityContext is non-default
?[0m?[0;34m2023-03-31 16:06:01.921 DEBUG 29781 --- [nio-8080-exec-8] w.c.HttpSessionSecurityContextRepository : Stored SecurityContextImpl [Authentication=UsernamePasswordAuthenticationToken [Principal=recipes.UserDetailsImpl@536ffd9f, Credentials=[PROTECTED], Authenticated=true, Details=WebAuthenticationDetails [RemoteIpAddress=127.0.0.1, SessionId=null], Granted Authorities=[ROLE_USER]]] to HttpSession [org.apache.catalina.session.StandardSessionFacade@3dcabebb]
?[0m?[0;34m2023-03-31 16:06:01.921 DEBUG 29781 --- [nio-8080-exec-8] s.w.s.m.m.a.RequestMappingHandlerMapping : Mapped to recipes.RecipesController#setRecipe(Recipe, UserDetails)
?[0m?[0;34m2023-03-31 16:06:01.921 DEBUG 29781 --- [nio-8080-exec-8] s.w.s.m.m.a.RequestMappingHandlerMapping : Mapped to recipes.RecipesController#setRecipe(Recipe, UserDetails)
?[0m?[0;34m2023-03-31 16:06:01.922 DEBUG 29781 --- [nio-8080-exec-8] o.s.s.w.a.i.FilterSecurityInterceptor    : Authorized filter invocation [POST /api/recipe/new] with attributes [hasRole('ROLE_USER')]
?[0m?[0;34m2023-03-31 16:06:01.922 DEBUG 29781 --- [nio-8080-exec-8] o.s.security.web.FilterChainProxy        : Secured POST /api/recipe/new
?[0m?[0;34m2023-03-31 16:06:01.922 DEBUG 29781 --- [nio-8080-exec-8] o.s.web.servlet.DispatcherServlet        : POST "/api/recipe/new", parameters={}
?[0m?[0;34m2023-03-31 16:06:01.922 DEBUG 29781 --- [nio-8080-exec-8] s.w.s.m.m.a.RequestMappingHandlerMapping : Mapped to recipes.RecipesController#setRecipe(Recipe, UserDetails)
?[0m?[0;34m2023-03-31 16:06:01.922 DEBUG 29781 --- [nio-8080-exec-8] o.j.s.OpenEntityManagerInViewInterceptor : Opening JPA EntityManager in OpenEntityManagerInViewInterceptor
?[0m?[0;34m2023-03-31 16:06:01.922 DEBUG 29781 --- [nio-8080-exec-8] m.m.a.RequestResponseBodyMethodProcessor : Read "application/json;charset=UTF-8" to [Recipe(id=0, name=9 recipe Tea test, category=-, date=null, description=----, ingredients=[-, -, --- (truncated)...]
?[0m?[0;34m2023-03-31 16:06:01.923 DEBUG 29781 --- [nio-8080-exec-8] o.s.orm.jpa.JpaTransactionManager        : Found thread-bound EntityManager [SessionImpl(1057373889<open>)] for JPA transaction
?[0m?[0;34m2023-03-31 16:06:01.923 DEBUG 29781 --- [nio-8080-exec-8] o.s.orm.jpa.JpaTransactionManager        : Creating new transaction with name [org.springframework.data.jpa.repository.support.SimpleJpaRepository.save]: PROPAGATION_REQUIRED,ISOLATION_DEFAULT
?[0m?[0;34m2023-03-31 16:06:01.923 DEBUG 29781 --- [nio-8080-exec-8] o.s.orm.jpa.JpaTransactionManager        : Exposing JPA transaction as JDBC [org.springframework.orm.jpa.vendor.HibernateJpaDialect$HibernateConnectionHandle@5184de16]
?[0m?[0;34m2023-03-31 16:06:01.924 DEBUG 29781 --- [nio-8080-exec-8] o.s.orm.jpa.JpaTransactionManager        : Initiating transaction commit
?[0m?[0;34m2023-03-31 16:06:01.924 DEBUG 29781 --- [nio-8080-exec-8] o.s.orm.jpa.JpaTransactionManager        : Committing JPA transaction on EntityManager [SessionImpl(1057373889<open>)]
?[0m?[0;34m2023-03-31 16:06:01.925 DEBUG 29781 --- [nio-8080-exec-8] o.s.orm.jpa.JpaTransactionManager        : Not closing pre-bound JPA EntityManager after transaction
?[0m?[0;34m2023-03-31 16:06:01.925 DEBUG 29781 --- [nio-8080-exec-8] m.m.a.RequestResponseBodyMethodProcessor : Using 'application/json', given [*/*] and supported [application/json, application/*+json, application/json, application/*+json]
?[0m?[0;34m2023-03-31 16:06:01.925 DEBUG 29781 --- [nio-8080-exec-8] m.m.a.RequestResponseBodyMethodProcessor : Writing [{id=9}]
?[0m?[0;34m2023-03-31 16:06:01.925 DEBUG 29781 --- [nio-8080-exec-8] w.c.HttpSessionSecurityContextRepository : Stored SecurityContextImpl [Authentication=UsernamePasswordAuthenticationToken [Principal=recipes.UserDetailsImpl@536ffd9f, Credentials=[PROTECTED], Authenticated=true, Details=WebAuthenticationDetails [RemoteIpAddress=127.0.0.1, SessionId=null], Granted Authorities=[ROLE_USER]]] to HttpSession [org.apache.catalina.session.StandardSessionFacade@3dcabebb]
?[0m?[0;34m2023-03-31 16:06:01.925 DEBUG 29781 --- [nio-8080-exec-8] o.j.s.OpenEntityManagerInViewInterceptor : Closing JPA EntityManager in OpenEntityManagerInViewInterceptor
?[0m?[0;34m2023-03-31 16:06:01.925 DEBUG 29781 --- [nio-8080-exec-8] o.s.web.servlet.DispatcherServlet        : Completed 200 OK
?[0m?[0;34m2023-03-31 16:06:01.925 DEBUG 29781 --- [nio-8080-exec-8] w.c.HttpSessionSecurityContextRepository : Stored SecurityContextImpl [Authentication=UsernamePasswordAuthenticationToken [Principal=recipes.UserDetailsImpl@536ffd9f, Credentials=[PROTECTED], Authenticated=true, Details=WebAuthenticationDetails [RemoteIpAddress=127.0.0.1, SessionId=null], Granted Authorities=[ROLE_USER]]] to HttpSession [org.apache.catalina.session.StandardSessionFacade@3dcabebb]
?[0m?[0;34m2023-03-31 16:06:01.925 DEBUG 29781 --- [nio-8080-exec-8] s.s.w.c.SecurityContextPersistenceFilter : Cleared SecurityContextHolder to complete request
?[1;31m
Start test 29?[0m
?[0m?[0;34m2023-03-31 16:06:01.941 DEBUG 29781 --- [nio-8080-exec-9] o.s.security.web.FilterChainProxy        : Securing POST /api/recipe/new
?[0m?[0;34m2023-03-31 16:06:01.941 DEBUG 29781 --- [nio-8080-exec-9] s.s.w.c.SecurityContextPersistenceFilter : Set SecurityContextHolder to empty SecurityContext
?[0m?[0;34m2023-03-31 16:06:01.941 DEBUG 29781 --- [nio-8080-exec-9] tor$SharedEntityManagerInvocationHandler : Creating new EntityManager for shared EntityManager invocation
?[0m?[0;34m2023-03-31 16:06:02.024 DEBUG 29781 --- [nio-8080-exec-9] o.s.s.a.dao.DaoAuthenticationProvider    : Authenticated user
?[0m?[0;34m2023-03-31 16:06:02.024 DEBUG 29781 --- [nio-8080-exec-9] o.s.s.w.a.www.BasicAuthenticationFilter  : Set SecurityContextHolder to UsernamePasswordAuthenticationToken [Principal=recipes.UserDetailsImpl@2a525dd3, Credentials=[PROTECTED], Authenticated=true, Details=WebAuthenticationDetails [RemoteIpAddress=127.0.0.1, SessionId=null], Granted Authorities=[ROLE_USER]]
?[0m?[0;34m2023-03-31 16:06:02.024 DEBUG 29781 --- [nio-8080-exec-9] w.c.HttpSessionSecurityContextRepository : Created HttpSession as SecurityContext is non-default
?[0m?[0;34m2023-03-31 16:06:02.024 DEBUG 29781 --- [nio-8080-exec-9] w.c.HttpSessionSecurityContextRepository : Stored SecurityContextImpl [Authentication=UsernamePasswordAuthenticationToken [Principal=recipes.UserDetailsImpl@2a525dd3, Credentials=[PROTECTED], Authenticated=true, Details=WebAuthenticationDetails [RemoteIpAddress=127.0.0.1, SessionId=null], Granted Authorities=[ROLE_USER]]] to HttpSession [org.apache.catalina.session.StandardSessionFacade@14dd1d5a]
?[0m?[0;34m2023-03-31 16:06:02.024 DEBUG 29781 --- [nio-8080-exec-9] s.w.s.m.m.a.RequestMappingHandlerMapping : Mapped to recipes.RecipesController#setRecipe(Recipe, UserDetails)
?[0m?[0;34m2023-03-31 16:06:02.024 DEBUG 29781 --- [nio-8080-exec-9] s.w.s.m.m.a.RequestMappingHandlerMapping : Mapped to recipes.RecipesController#setRecipe(Recipe, UserDetails)
?[0m?[0;34m2023-03-31 16:06:02.025 DEBUG 29781 --- [nio-8080-exec-9] o.s.s.w.a.i.FilterSecurityInterceptor    : Authorized filter invocation [POST /api/recipe/new] with attributes [hasRole('ROLE_USER')]
?[0m?[0;34m2023-03-31 16:06:02.025 DEBUG 29781 --- [nio-8080-exec-9] o.s.security.web.FilterChainProxy        : Secured POST /api/recipe/new
?[0m?[0;34m2023-03-31 16:06:02.025 DEBUG 29781 --- [nio-8080-exec-9] o.s.web.servlet.DispatcherServlet        : POST "/api/recipe/new", parameters={}
?[0m?[0;34m2023-03-31 16:06:02.025 DEBUG 29781 --- [nio-8080-exec-9] s.w.s.m.m.a.RequestMappingHandlerMapping : Mapped to recipes.RecipesController#setRecipe(Recipe, UserDetails)
?[0m?[0;34m2023-03-31 16:06:02.025 DEBUG 29781 --- [nio-8080-exec-9] o.j.s.OpenEntityManagerInViewInterceptor : Opening JPA EntityManager in OpenEntityManagerInViewInterceptor
?[0m?[0;34m2023-03-31 16:06:02.025 DEBUG 29781 --- [nio-8080-exec-9] m.m.a.RequestResponseBodyMethodProcessor : Read "application/json;charset=UTF-8" to [Recipe(id=0, name=10 ice recipe test, category=-, date=null, description=--, ingredients=[----, --;, (truncated)...]
?[0m?[0;34m2023-03-31 16:06:02.026 DEBUG 29781 --- [nio-8080-exec-9] o.s.orm.jpa.JpaTransactionManager        : Found thread-bound EntityManager [SessionImpl(680913275<open>)] for JPA transaction
?[0m?[0;34m2023-03-31 16:06:02.026 DEBUG 29781 --- [nio-8080-exec-9] o.s.orm.jpa.JpaTransactionManager        : Creating new transaction with name [org.springframework.data.jpa.repository.support.SimpleJpaRepository.save]: PROPAGATION_REQUIRED,ISOLATION_DEFAULT
?[0m?[0;34m2023-03-31 16:06:02.026 DEBUG 29781 --- [nio-8080-exec-9] o.s.orm.jpa.JpaTransactionManager        : Exposing JPA transaction as JDBC [org.springframework.orm.jpa.vendor.HibernateJpaDialect$HibernateConnectionHandle@4c3b3826]
?[0m?[0;34m2023-03-31 16:06:02.027 DEBUG 29781 --- [nio-8080-exec-9] o.s.orm.jpa.JpaTransactionManager        : Initiating transaction commit
?[0m?[0;34m2023-03-31 16:06:02.027 DEBUG 29781 --- [nio-8080-exec-9] o.s.orm.jpa.JpaTransactionManager        : Committing JPA transaction on EntityManager [SessionImpl(680913275<open>)]
?[0m?[0;34m2023-03-31 16:06:02.027 DEBUG 29781 --- [nio-8080-exec-9] o.s.orm.jpa.JpaTransactionManager        : Not closing pre-bound JPA EntityManager after transaction
?[0m?[0;34m2023-03-31 16:06:02.028 DEBUG 29781 --- [nio-8080-exec-9] m.m.a.RequestResponseBodyMethodProcessor : Using 'application/json', given [*/*] and supported [application/json, application/*+json, application/json, application/*+json]
?[0m?[0;34m2023-03-31 16:06:02.028 DEBUG 29781 --- [nio-8080-exec-9] m.m.a.RequestResponseBodyMethodProcessor : Writing [{id=10}]
?[0m?[0;34m2023-03-31 16:06:02.028 DEBUG 29781 --- [nio-8080-exec-9] w.c.HttpSessionSecurityContextRepository : Stored SecurityContextImpl [Authentication=UsernamePasswordAuthenticationToken [Principal=recipes.UserDetailsImpl@2a525dd3, Credentials=[PROTECTED], Authenticated=true, Details=WebAuthenticationDetails [RemoteIpAddress=127.0.0.1, SessionId=null], Granted Authorities=[ROLE_USER]]] to HttpSession [org.apache.catalina.session.StandardSessionFacade@14dd1d5a]
?[0m?[0;34m2023-03-31 16:06:02.028 DEBUG 29781 --- [nio-8080-exec-9] o.j.s.OpenEntityManagerInViewInterceptor : Closing JPA EntityManager in OpenEntityManagerInViewInterceptor
?[0m?[0;34m2023-03-31 16:06:02.028 DEBUG 29781 --- [nio-8080-exec-9] o.s.web.servlet.DispatcherServlet        : Completed 200 OK
?[0m?[0;34m2023-03-31 16:06:02.028 DEBUG 29781 --- [nio-8080-exec-9] w.c.HttpSessionSecurityContextRepository : Stored SecurityContextImpl [Authentication=UsernamePasswordAuthenticationToken [Principal=recipes.UserDetailsImpl@2a525dd3, Credentials=[PROTECTED], Authenticated=true, Details=WebAuthenticationDetails [RemoteIpAddress=127.0.0.1, SessionId=null], Granted Authorities=[ROLE_USER]]] to HttpSession [org.apache.catalina.session.StandardSessionFacade@14dd1d5a]
?[0m?[0;34m2023-03-31 16:06:02.028 DEBUG 29781 --- [nio-8080-exec-9] s.s.w.c.SecurityContextPersistenceFilter : Cleared SecurityContextHolder to complete request
?[1;31m
Start test 30?[0m
?[0m?[0;34m2023-03-31 16:06:02.044 DEBUG 29781 --- [io-8080-exec-10] o.s.security.web.FilterChainProxy        : Securing POST /api/recipe/new
?[0m?[0;34m2023-03-31 16:06:02.044 DEBUG 29781 --- [io-8080-exec-10] s.s.w.c.SecurityContextPersistenceFilter : Set SecurityContextHolder to empty SecurityContext
?[0m?[0;34m2023-03-31 16:06:02.044 DEBUG 29781 --- [io-8080-exec-10] tor$SharedEntityManagerInvocationHandler : Creating new EntityManager for shared EntityManager invocation
?[0m?[0;34m2023-03-31 16:06:02.127 DEBUG 29781 --- [io-8080-exec-10] o.s.s.a.dao.DaoAuthenticationProvider    : Authenticated user
?[0m?[0;34m2023-03-31 16:06:02.127 DEBUG 29781 --- [io-8080-exec-10] o.s.s.w.a.www.BasicAuthenticationFilter  : Set SecurityContextHolder to UsernamePasswordAuthenticationToken [Principal=recipes.UserDetailsImpl@10a31e42, Credentials=[PROTECTED], Authenticated=true, Details=WebAuthenticationDetails [RemoteIpAddress=127.0.0.1, SessionId=null], Granted Authorities=[ROLE_USER]]
?[0m?[0;34m2023-03-31 16:06:02.127 DEBUG 29781 --- [io-8080-exec-10] w.c.HttpSessionSecurityContextRepository : Created HttpSession as SecurityContext is non-default
?[0m?[0;34m2023-03-31 16:06:02.127 DEBUG 29781 --- [io-8080-exec-10] w.c.HttpSessionSecurityContextRepository : Stored SecurityContextImpl [Authentication=UsernamePasswordAuthenticationToken [Principal=recipes.UserDetailsImpl@10a31e42, Credentials=[PROTECTED], Authenticated=true, Details=WebAuthenticationDetails [RemoteIpAddress=127.0.0.1, SessionId=null], Granted Authorities=[ROLE_USER]]] to HttpSession [org.apache.catalina.session.StandardSessionFacade@6854ccdf]
?[0m?[0;34m2023-03-31 16:06:02.128 DEBUG 29781 --- [io-8080-exec-10] s.w.s.m.m.a.RequestMappingHandlerMapping : Mapped to recipes.RecipesController#setRecipe(Recipe, UserDetails)
?[0m?[0;34m2023-03-31 16:06:02.128 DEBUG 29781 --- [io-8080-exec-10] s.w.s.m.m.a.RequestMappingHandlerMapping : Mapped to recipes.RecipesController#setRecipe(Recipe, UserDetails)
?[0m?[0;34m2023-03-31 16:06:02.128 DEBUG 29781 --- [io-8080-exec-10] o.s.s.w.a.i.FilterSecurityInterceptor    : Authorized filter invocation [POST /api/recipe/new] with attributes [hasRole('ROLE_USER')]
?[0m?[0;34m2023-03-31 16:06:02.128 DEBUG 29781 --- [io-8080-exec-10] o.s.security.web.FilterChainProxy        : Secured POST /api/recipe/new
?[0m?[0;34m2023-03-31 16:06:02.128 DEBUG 29781 --- [io-8080-exec-10] o.s.web.servlet.DispatcherServlet        : POST "/api/recipe/new", parameters={}
?[0m?[0;34m2023-03-31 16:06:02.128 DEBUG 29781 --- [io-8080-exec-10] s.w.s.m.m.a.RequestMappingHandlerMapping : Mapped to recipes.RecipesController#setRecipe(Recipe, UserDetails)
?[0m?[0;34m2023-03-31 16:06:02.128 DEBUG 29781 --- [io-8080-exec-10] o.j.s.OpenEntityManagerInViewInterceptor : Opening JPA EntityManager in OpenEntityManagerInViewInterceptor
?[0m?[0;34m2023-03-31 16:06:02.128 DEBUG 29781 --- [io-8080-exec-10] m.m.a.RequestResponseBodyMethodProcessor : Read "application/json;charset=UTF-8" to [Recipe(id=0, name=11 ice-creamrecipe test, category=veryDessert, date=null, description=-, ingredien (truncated)...]
?[0m?[0;34m2023-03-31 16:06:02.129 DEBUG 29781 --- [io-8080-exec-10] o.s.orm.jpa.JpaTransactionManager        : Found thread-bound EntityManager [SessionImpl(1223940668<open>)] for JPA transaction
?[0m?[0;34m2023-03-31 16:06:02.129 DEBUG 29781 --- [io-8080-exec-10] o.s.orm.jpa.JpaTransactionManager        : Creating new transaction with name [org.springframework.data.jpa.repository.support.SimpleJpaRepository.save]: PROPAGATION_REQUIRED,ISOLATION_DEFAULT
?[0m?[0;34m2023-03-31 16:06:02.129 DEBUG 29781 --- [io-8080-exec-10] o.s.orm.jpa.JpaTransactionManager        : Exposing JPA transaction as JDBC [org.springframework.orm.jpa.vendor.HibernateJpaDialect$HibernateConnectionHandle@53c73989]
?[0m?[0;34m2023-03-31 16:06:02.130 DEBUG 29781 --- [io-8080-exec-10] o.s.orm.jpa.JpaTransactionManager        : Initiating transaction commit
?[0m?[0;34m2023-03-31 16:06:02.130 DEBUG 29781 --- [io-8080-exec-10] o.s.orm.jpa.JpaTransactionManager        : Committing JPA transaction on EntityManager [SessionImpl(1223940668<open>)]
?[0m?[0;34m2023-03-31 16:06:02.130 DEBUG 29781 --- [io-8080-exec-10] o.s.orm.jpa.JpaTransactionManager        : Not closing pre-bound JPA EntityManager after transaction
?[0m?[0;34m2023-03-31 16:06:02.131 DEBUG 29781 --- [io-8080-exec-10] m.m.a.RequestResponseBodyMethodProcessor : Using 'application/json', given [*/*] and supported [application/json, application/*+json, application/json, application/*+json]
?[0m?[0;34m2023-03-31 16:06:02.131 DEBUG 29781 --- [io-8080-exec-10] m.m.a.RequestResponseBodyMethodProcessor : Writing [{id=11}]
?[0m?[0;34m2023-03-31 16:06:02.131 DEBUG 29781 --- [io-8080-exec-10] w.c.HttpSessionSecurityContextRepository : Stored SecurityContextImpl [Authentication=UsernamePasswordAuthenticationToken [Principal=recipes.UserDetailsImpl@10a31e42, Credentials=[PROTECTED], Authenticated=true, Details=WebAuthenticationDetails [RemoteIpAddress=127.0.0.1, SessionId=null], Granted Authorities=[ROLE_USER]]] to HttpSession [org.apache.catalina.session.StandardSessionFacade@6854ccdf]
?[0m?[0;34m2023-03-31 16:06:02.131 DEBUG 29781 --- [io-8080-exec-10] o.j.s.OpenEntityManagerInViewInterceptor : Closing JPA EntityManager in OpenEntityManagerInViewInterceptor
?[0m?[0;34m2023-03-31 16:06:02.131 DEBUG 29781 --- [io-8080-exec-10] o.s.web.servlet.DispatcherServlet        : Completed 200 OK
?[0m?[0;34m2023-03-31 16:06:02.131 DEBUG 29781 --- [io-8080-exec-10] w.c.HttpSessionSecurityContextRepository : Stored SecurityContextImpl [Authentication=UsernamePasswordAuthenticationToken [Principal=recipes.UserDetailsImpl@10a31e42, Credentials=[PROTECTED], Authenticated=true, Details=WebAuthenticationDetails [RemoteIpAddress=127.0.0.1, SessionId=null], Granted Authorities=[ROLE_USER]]] to HttpSession [org.apache.catalina.session.StandardSessionFacade@6854ccdf]
?[0m?[0;34m2023-03-31 16:06:02.131 DEBUG 29781 --- [io-8080-exec-10] s.s.w.c.SecurityContextPersistenceFilter : Cleared SecurityContextHolder to complete request
?[1;31m
Start test 31?[0m
?[0m?[0;34m2023-03-31 16:06:02.147 DEBUG 29781 --- [nio-8080-exec-1] o.s.security.web.FilterChainProxy        : Securing POST /api/recipe/new
?[0m?[0;34m2023-03-31 16:06:02.147 DEBUG 29781 --- [nio-8080-exec-1] s.s.w.c.SecurityContextPersistenceFilter : Set SecurityContextHolder to empty SecurityContext
?[0m?[0;34m2023-03-31 16:06:02.147 DEBUG 29781 --- [nio-8080-exec-1] tor$SharedEntityManagerInvocationHandler : Creating new EntityManager for shared EntityManager invocation
?[0m?[0;34m2023-03-31 16:06:02.230 DEBUG 29781 --- [nio-8080-exec-1] o.s.s.a.dao.DaoAuthenticationProvider    : Authenticated user
?[0m?[0;34m2023-03-31 16:06:02.230 DEBUG 29781 --- [nio-8080-exec-1] o.s.s.w.a.www.BasicAuthenticationFilter  : Set SecurityContextHolder to UsernamePasswordAuthenticationToken [Principal=recipes.UserDetailsImpl@6ea3344d, Credentials=[PROTECTED], Authenticated=true, Details=WebAuthenticationDetails [RemoteIpAddress=127.0.0.1, SessionId=null], Granted Authorities=[ROLE_USER]]
?[0m?[0;34m2023-03-31 16:06:02.230 DEBUG 29781 --- [nio-8080-exec-1] w.c.HttpSessionSecurityContextRepository : Created HttpSession as SecurityContext is non-default
?[0m?[0;34m2023-03-31 16:06:02.230 DEBUG 29781 --- [nio-8080-exec-1] w.c.HttpSessionSecurityContextRepository : Stored SecurityContextImpl [Authentication=UsernamePasswordAuthenticationToken [Principal=recipes.UserDetailsImpl@6ea3344d, Credentials=[PROTECTED], Authenticated=true, Details=WebAuthenticationDetails [RemoteIpAddress=127.0.0.1, SessionId=null], Granted Authorities=[ROLE_USER]]] to HttpSession [org.apache.catalina.session.StandardSessionFacade@43c89040]
?[0m?[0;34m2023-03-31 16:06:02.230 DEBUG 29781 --- [nio-8080-exec-1] s.w.s.m.m.a.RequestMappingHandlerMapping : Mapped to recipes.RecipesController#setRecipe(Recipe, UserDetails)
?[0m?[0;34m2023-03-31 16:06:02.230 DEBUG 29781 --- [nio-8080-exec-1] s.w.s.m.m.a.RequestMappingHandlerMapping : Mapped to recipes.RecipesController#setRecipe(Recipe, UserDetails)
?[0m?[0;34m2023-03-31 16:06:02.230 DEBUG 29781 --- [nio-8080-exec-1] o.s.s.w.a.i.FilterSecurityInterceptor    : Authorized filter invocation [POST /api/recipe/new] with attributes [hasRole('ROLE_USER')]
?[0m?[0;34m2023-03-31 16:06:02.231 DEBUG 29781 --- [nio-8080-exec-1] o.s.security.web.FilterChainProxy        : Secured POST /api/recipe/new
?[0m?[0;34m2023-03-31 16:06:02.231 DEBUG 29781 --- [nio-8080-exec-1] o.s.web.servlet.DispatcherServlet        : POST "/api/recipe/new", parameters={}
?[0m?[0;34m2023-03-31 16:06:02.231 DEBUG 29781 --- [nio-8080-exec-1] s.w.s.m.m.a.RequestMappingHandlerMapping : Mapped to recipes.RecipesController#setRecipe(Recipe, UserDetails)
?[0m?[0;34m2023-03-31 16:06:02.231 DEBUG 29781 --- [nio-8080-exec-1] o.j.s.OpenEntityManagerInViewInterceptor : Opening JPA EntityManager in OpenEntityManagerInViewInterceptor
?[0m?[0;34m2023-03-31 16:06:02.231 DEBUG 29781 --- [nio-8080-exec-1] m.m.a.RequestResponseBodyMethodProcessor : Read "application/json;charset=UTF-8" to [Recipe(id=0, name=cream, category=BEVerage, date=null, description=--, ingredients=[---, -, -], dire (truncated)...]
?[0m?[0;34m2023-03-31 16:06:02.232 DEBUG 29781 --- [nio-8080-exec-1] o.s.orm.jpa.JpaTransactionManager        : Found thread-bound EntityManager [SessionImpl(1185338147<open>)] for JPA transaction
?[0m?[0;34m2023-03-31 16:06:02.232 DEBUG 29781 --- [nio-8080-exec-1] o.s.orm.jpa.JpaTransactionManager        : Creating new transaction with name [org.springframework.data.jpa.repository.support.SimpleJpaRepository.save]: PROPAGATION_REQUIRED,ISOLATION_DEFAULT
?[0m?[0;34m2023-03-31 16:06:02.232 DEBUG 29781 --- [nio-8080-exec-1] o.s.orm.jpa.JpaTransactionManager        : Exposing JPA transaction as JDBC [org.springframework.orm.jpa.vendor.HibernateJpaDialect$HibernateConnectionHandle@3a633f41]
?[0m?[0;34m2023-03-31 16:06:02.233 DEBUG 29781 --- [nio-8080-exec-1] o.s.orm.jpa.JpaTransactionManager        : Initiating transaction commit
?[0m?[0;34m2023-03-31 16:06:02.233 DEBUG 29781 --- [nio-8080-exec-1] o.s.orm.jpa.JpaTransactionManager        : Committing JPA transaction on EntityManager [SessionImpl(1185338147<open>)]
?[0m?[0;34m2023-03-31 16:06:02.233 DEBUG 29781 --- [nio-8080-exec-1] o.s.orm.jpa.JpaTransactionManager        : Not closing pre-bound JPA EntityManager after transaction
?[0m?[0;34m2023-03-31 16:06:02.234 DEBUG 29781 --- [nio-8080-exec-1] m.m.a.RequestResponseBodyMethodProcessor : Using 'application/json', given [*/*] and supported [application/json, application/*+json, application/json, application/*+json]
?[0m?[0;34m2023-03-31 16:06:02.234 DEBUG 29781 --- [nio-8080-exec-1] m.m.a.RequestResponseBodyMethodProcessor : Writing [{id=12}]
?[0m?[0;34m2023-03-31 16:06:02.234 DEBUG 29781 --- [nio-8080-exec-1] w.c.HttpSessionSecurityContextRepository : Stored SecurityContextImpl [Authentication=UsernamePasswordAuthenticationToken [Principal=recipes.UserDetailsImpl@6ea3344d, Credentials=[PROTECTED], Authenticated=true, Details=WebAuthenticationDetails [RemoteIpAddress=127.0.0.1, SessionId=null], Granted Authorities=[ROLE_USER]]] to HttpSession [org.apache.catalina.session.StandardSessionFacade@43c89040]
?[0m?[0;34m2023-03-31 16:06:02.234 DEBUG 29781 --- [nio-8080-exec-1] o.j.s.OpenEntityManagerInViewInterceptor : Closing JPA EntityManager in OpenEntityManagerInViewInterceptor
?[0m?[0;34m2023-03-31 16:06:02.234 DEBUG 29781 --- [nio-8080-exec-1] o.s.web.servlet.DispatcherServlet        : Completed 200 OK
?[0m?[0;34m2023-03-31 16:06:02.234 DEBUG 29781 --- [nio-8080-exec-1] w.c.HttpSessionSecurityContextRepository : Stored SecurityContextImpl [Authentication=UsernamePasswordAuthenticationToken [Principal=recipes.UserDetailsImpl@6ea3344d, Credentials=[PROTECTED], Authenticated=true, Details=WebAuthenticationDetails [RemoteIpAddress=127.0.0.1, SessionId=null], Granted Authorities=[ROLE_USER]]] to HttpSession [org.apache.catalina.session.StandardSessionFacade@43c89040]
?[0m?[0;34m2023-03-31 16:06:02.234 DEBUG 29781 --- [nio-8080-exec-1] s.s.w.c.SecurityContextPersistenceFilter : Cleared SecurityContextHolder to complete request
?[1;31m
Start test 32?[0m
?[0m?[0;34m2023-03-31 16:06:02.250 DEBUG 29781 --- [nio-8080-exec-2] o.s.security.web.FilterChainProxy        : Securing POST /api/recipe/new
?[0m?[0;34m2023-03-31 16:06:02.250 DEBUG 29781 --- [nio-8080-exec-2] s.s.w.c.SecurityContextPersistenceFilter : Set SecurityContextHolder to empty SecurityContext
?[0m?[0;34m2023-03-31 16:06:02.250 DEBUG 29781 --- [nio-8080-exec-2] tor$SharedEntityManagerInvocationHandler : Creating new EntityManager for shared EntityManager invocation
?[0m?[0;34m2023-03-31 16:06:02.333 DEBUG 29781 --- [nio-8080-exec-2] o.s.s.a.dao.DaoAuthenticationProvider    : Authenticated user
?[0m?[0;34m2023-03-31 16:06:02.333 DEBUG 29781 --- [nio-8080-exec-2] o.s.s.w.a.www.BasicAuthenticationFilter  : Set SecurityContextHolder to UsernamePasswordAuthenticationToken [Principal=recipes.UserDetailsImpl@3dab0809, Credentials=[PROTECTED], Authenticated=true, Details=WebAuthenticationDetails [RemoteIpAddress=127.0.0.1, SessionId=null], Granted Authorities=[ROLE_USER]]
?[0m?[0;34m2023-03-31 16:06:02.333 DEBUG 29781 --- [nio-8080-exec-2] w.c.HttpSessionSecurityContextRepository : Created HttpSession as SecurityContext is non-default
?[0m?[0;34m2023-03-31 16:06:02.333 DEBUG 29781 --- [nio-8080-exec-2] w.c.HttpSessionSecurityContextRepository : Stored SecurityContextImpl [Authentication=UsernamePasswordAuthenticationToken [Principal=recipes.UserDetailsImpl@3dab0809, Credentials=[PROTECTED], Authenticated=true, Details=WebAuthenticationDetails [RemoteIpAddress=127.0.0.1, SessionId=null], Granted Authorities=[ROLE_USER]]] to HttpSession [org.apache.catalina.session.StandardSessionFacade@e56d1b4]
?[0m?[0;34m2023-03-31 16:06:02.333 DEBUG 29781 --- [nio-8080-exec-2] s.w.s.m.m.a.RequestMappingHandlerMapping : Mapped to recipes.RecipesController#setRecipe(Recipe, UserDetails)
?[0m?[0;34m2023-03-31 16:06:02.333 DEBUG 29781 --- [nio-8080-exec-2] s.w.s.m.m.a.RequestMappingHandlerMapping : Mapped to recipes.RecipesController#setRecipe(Recipe, UserDetails)
?[0m?[0;34m2023-03-31 16:06:02.333 DEBUG 29781 --- [nio-8080-exec-2] o.s.s.w.a.i.FilterSecurityInterceptor    : Authorized filter invocation [POST /api/recipe/new] with attributes [hasRole('ROLE_USER')]
?[0m?[0;34m2023-03-31 16:06:02.333 DEBUG 29781 --- [nio-8080-exec-2] o.s.security.web.FilterChainProxy        : Secured POST /api/recipe/new
?[0m?[0;34m2023-03-31 16:06:02.334 DEBUG 29781 --- [nio-8080-exec-2] o.s.web.servlet.DispatcherServlet        : POST "/api/recipe/new", parameters={}
?[0m?[0;34m2023-03-31 16:06:02.334 DEBUG 29781 --- [nio-8080-exec-2] s.w.s.m.m.a.RequestMappingHandlerMapping : Mapped to recipes.RecipesController#setRecipe(Recipe, UserDetails)
?[0m?[0;34m2023-03-31 16:06:02.334 DEBUG 29781 --- [nio-8080-exec-2] o.j.s.OpenEntityManagerInViewInterceptor : Opening JPA EntityManager in OpenEntityManagerInViewInterceptor
?[0m?[0;34m2023-03-31 16:06:02.334 DEBUG 29781 --- [nio-8080-exec-2] m.m.a.RequestResponseBodyMethodProcessor : Read "application/json;charset=UTF-8" to [Recipe(id=0, name=ice-cre, category=---Dessert, date=null, description=-, ingredients=[---, -], dire (truncated)...]
?[0m?[0;34m2023-03-31 16:06:02.335 DEBUG 29781 --- [nio-8080-exec-2] o.s.orm.jpa.JpaTransactionManager        : Found thread-bound EntityManager [SessionImpl(370296980<open>)] for JPA transaction
?[0m?[0;34m2023-03-31 16:06:02.335 DEBUG 29781 --- [nio-8080-exec-2] o.s.orm.jpa.JpaTransactionManager        : Creating new transaction with name [org.springframework.data.jpa.repository.support.SimpleJpaRepository.save]: PROPAGATION_REQUIRED,ISOLATION_DEFAULT
?[0m?[0;34m2023-03-31 16:06:02.335 DEBUG 29781 --- [nio-8080-exec-2] o.s.orm.jpa.JpaTransactionManager        : Exposing JPA transaction as JDBC [org.springframework.orm.jpa.vendor.HibernateJpaDialect$HibernateConnectionHandle@630df903]
?[0m?[0;34m2023-03-31 16:06:02.336 DEBUG 29781 --- [nio-8080-exec-2] o.s.orm.jpa.JpaTransactionManager        : Initiating transaction commit
?[0m?[0;34m2023-03-31 16:06:02.336 DEBUG 29781 --- [nio-8080-exec-2] o.s.orm.jpa.JpaTransactionManager        : Committing JPA transaction on EntityManager [SessionImpl(370296980<open>)]
?[0m?[0;34m2023-03-31 16:06:02.337 DEBUG 29781 --- [nio-8080-exec-2] o.s.orm.jpa.JpaTransactionManager        : Not closing pre-bound JPA EntityManager after transaction
?[0m?[0;34m2023-03-31 16:06:02.337 DEBUG 29781 --- [nio-8080-exec-2] m.m.a.RequestResponseBodyMethodProcessor : Using 'application/json', given [*/*] and supported [application/json, application/*+json, application/json, application/*+json]
?[0m?[0;34m2023-03-31 16:06:02.337 DEBUG 29781 --- [nio-8080-exec-2] m.m.a.RequestResponseBodyMethodProcessor : Writing [{id=13}]
?[0m?[0;34m2023-03-31 16:06:02.337 DEBUG 29781 --- [nio-8080-exec-2] w.c.HttpSessionSecurityContextRepository : Stored SecurityContextImpl [Authentication=UsernamePasswordAuthenticationToken [Principal=recipes.UserDetailsImpl@3dab0809, Credentials=[PROTECTED], Authenticated=true, Details=WebAuthenticationDetails [RemoteIpAddress=127.0.0.1, SessionId=null], Granted Authorities=[ROLE_USER]]] to HttpSession [org.apache.catalina.session.StandardSessionFacade@e56d1b4]
?[0m?[0;34m2023-03-31 16:06:02.337 DEBUG 29781 --- [nio-8080-exec-2] o.j.s.OpenEntityManagerInViewInterceptor : Closing JPA EntityManager in OpenEntityManagerInViewInterceptor
?[0m?[0;34m2023-03-31 16:06:02.337 DEBUG 29781 --- [nio-8080-exec-2] o.s.web.servlet.DispatcherServlet        : Completed 200 OK
?[0m?[0;34m2023-03-31 16:06:02.337 DEBUG 29781 --- [nio-8080-exec-2] w.c.HttpSessionSecurityContextRepository : Stored SecurityContextImpl [Authentication=UsernamePasswordAuthenticationToken [Principal=recipes.UserDetailsImpl@3dab0809, Credentials=[PROTECTED], Authenticated=true, Details=WebAuthenticationDetails [RemoteIpAddress=127.0.0.1, SessionId=null], Granted Authorities=[ROLE_USER]]] to HttpSession [org.apache.catalina.session.StandardSessionFacade@e56d1b4]
?[0m?[0;34m2023-03-31 16:06:02.337 DEBUG 29781 --- [nio-8080-exec-2] s.s.w.c.SecurityContextPersistenceFilter : Cleared SecurityContextHolder to complete request
?[1;31m
Start test 33?[0m
?[0m?[0;34m2023-03-31 16:06:02.352 DEBUG 29781 --- [nio-8080-exec-3] o.s.security.web.FilterChainProxy        : Securing POST /api/recipe/new
?[0m?[0;34m2023-03-31 16:06:02.352 DEBUG 29781 --- [nio-8080-exec-3] s.s.w.c.SecurityContextPersistenceFilter : Set SecurityContextHolder to empty SecurityContext
?[0m?[0;34m2023-03-31 16:06:02.352 DEBUG 29781 --- [nio-8080-exec-3] tor$SharedEntityManagerInvocationHandler : Creating new EntityManager for shared EntityManager invocation
?[0m?[0;34m2023-03-31 16:06:02.435 DEBUG 29781 --- [nio-8080-exec-3] o.s.s.a.dao.DaoAuthenticationProvider    : Authenticated user
?[0m?[0;34m2023-03-31 16:06:02.435 DEBUG 29781 --- [nio-8080-exec-3] o.s.s.w.a.www.BasicAuthenticationFilter  : Set SecurityContextHolder to UsernamePasswordAuthenticationToken [Principal=recipes.UserDetailsImpl@70778ffe, Credentials=[PROTECTED], Authenticated=true, Details=WebAuthenticationDetails [RemoteIpAddress=127.0.0.1, SessionId=null], Granted Authorities=[ROLE_USER]]
?[0m?[0;34m2023-03-31 16:06:02.435 DEBUG 29781 --- [nio-8080-exec-3] w.c.HttpSessionSecurityContextRepository : Created HttpSession as SecurityContext is non-default
?[0m?[0;34m2023-03-31 16:06:02.435 DEBUG 29781 --- [nio-8080-exec-3] w.c.HttpSessionSecurityContextRepository : Stored SecurityContextImpl [Authentication=UsernamePasswordAuthenticationToken [Principal=recipes.UserDetailsImpl@70778ffe, Credentials=[PROTECTED], Authenticated=true, Details=WebAuthenticationDetails [RemoteIpAddress=127.0.0.1, SessionId=null], Granted Authorities=[ROLE_USER]]] to HttpSession [org.apache.catalina.session.StandardSessionFacade@76cdbc89]
?[0m?[0;34m2023-03-31 16:06:02.435 DEBUG 29781 --- [nio-8080-exec-3] s.w.s.m.m.a.RequestMappingHandlerMapping : Mapped to recipes.RecipesController#setRecipe(Recipe, UserDetails)
?[0m?[0;34m2023-03-31 16:06:02.435 DEBUG 29781 --- [nio-8080-exec-3] s.w.s.m.m.a.RequestMappingHandlerMapping : Mapped to recipes.RecipesController#setRecipe(Recipe, UserDetails)
?[0m?[0;34m2023-03-31 16:06:02.435 DEBUG 29781 --- [nio-8080-exec-3] o.s.s.w.a.i.FilterSecurityInterceptor    : Authorized filter invocation [POST /api/recipe/new] with attributes [hasRole('ROLE_USER')]
?[0m?[0;34m2023-03-31 16:06:02.435 DEBUG 29781 --- [nio-8080-exec-3] o.s.security.web.FilterChainProxy        : Secured POST /api/recipe/new
?[0m?[0;34m2023-03-31 16:06:02.436 DEBUG 29781 --- [nio-8080-exec-3] o.s.web.servlet.DispatcherServlet        : POST "/api/recipe/new", parameters={}
?[0m?[0;34m2023-03-31 16:06:02.436 DEBUG 29781 --- [nio-8080-exec-3] s.w.s.m.m.a.RequestMappingHandlerMapping : Mapped to recipes.RecipesController#setRecipe(Recipe, UserDetails)
?[0m?[0;34m2023-03-31 16:06:02.436 DEBUG 29781 --- [nio-8080-exec-3] o.j.s.OpenEntityManagerInViewInterceptor : Opening JPA EntityManager in OpenEntityManagerInViewInterceptor
?[0m?[0;34m2023-03-31 16:06:02.437 DEBUG 29781 --- [nio-8080-exec-3] m.m.a.RequestResponseBodyMethodProcessor : Read "application/json;charset=UTF-8" to [Recipe(id=0, name=ice-cream, category=DESSERT, date=null, description=-, ingredients=[----, --], dir (truncated)...]
?[0m?[0;34m2023-03-31 16:06:02.438 DEBUG 29781 --- [nio-8080-exec-3] o.s.orm.jpa.JpaTransactionManager        : Found thread-bound EntityManager [SessionImpl(1262640754<open>)] for JPA transaction
?[0m?[0;34m2023-03-31 16:06:02.438 DEBUG 29781 --- [nio-8080-exec-3] o.s.orm.jpa.JpaTransactionManager        : Creating new transaction with name [org.springframework.data.jpa.repository.support.SimpleJpaRepository.save]: PROPAGATION_REQUIRED,ISOLATION_DEFAULT
?[0m?[0;34m2023-03-31 16:06:02.438 DEBUG 29781 --- [nio-8080-exec-3] o.s.orm.jpa.JpaTransactionManager        : Exposing JPA transaction as JDBC [org.springframework.orm.jpa.vendor.HibernateJpaDialect$HibernateConnectionHandle@1d5c76d2]
?[0m?[0;34m2023-03-31 16:06:02.438 DEBUG 29781 --- [nio-8080-exec-3] o.s.orm.jpa.JpaTransactionManager        : Initiating transaction commit
?[0m?[0;34m2023-03-31 16:06:02.438 DEBUG 29781 --- [nio-8080-exec-3] o.s.orm.jpa.JpaTransactionManager        : Committing JPA transaction on EntityManager [SessionImpl(1262640754<open>)]
?[0m?[0;34m2023-03-31 16:06:02.439 DEBUG 29781 --- [nio-8080-exec-3] o.s.orm.jpa.JpaTransactionManager        : Not closing pre-bound JPA EntityManager after transaction
?[0m?[0;34m2023-03-31 16:06:02.439 DEBUG 29781 --- [nio-8080-exec-3] m.m.a.RequestResponseBodyMethodProcessor : Using 'application/json', given [*/*] and supported [application/json, application/*+json, application/json, application/*+json]
?[0m?[0;34m2023-03-31 16:06:02.439 DEBUG 29781 --- [nio-8080-exec-3] m.m.a.RequestResponseBodyMethodProcessor : Writing [{id=14}]
?[0m?[0;34m2023-03-31 16:06:02.439 DEBUG 29781 --- [nio-8080-exec-3] w.c.HttpSessionSecurityContextRepository : Stored SecurityContextImpl [Authentication=UsernamePasswordAuthenticationToken [Principal=recipes.UserDetailsImpl@70778ffe, Credentials=[PROTECTED], Authenticated=true, Details=WebAuthenticationDetails [RemoteIpAddress=127.0.0.1, SessionId=null], Granted Authorities=[ROLE_USER]]] to HttpSession [org.apache.catalina.session.StandardSessionFacade@76cdbc89]
?[0m?[0;34m2023-03-31 16:06:02.439 DEBUG 29781 --- [nio-8080-exec-3] o.j.s.OpenEntityManagerInViewInterceptor : Closing JPA EntityManager in OpenEntityManagerInViewInterceptor
?[0m?[0;34m2023-03-31 16:06:02.440 DEBUG 29781 --- [nio-8080-exec-3] o.s.web.servlet.DispatcherServlet        : Completed 200 OK
?[0m?[0;34m2023-03-31 16:06:02.440 DEBUG 29781 --- [nio-8080-exec-3] w.c.HttpSessionSecurityContextRepository : Stored SecurityContextImpl [Authentication=UsernamePasswordAuthenticationToken [Principal=recipes.UserDetailsImpl@70778ffe, Credentials=[PROTECTED], Authenticated=true, Details=WebAuthenticationDetails [RemoteIpAddress=127.0.0.1, SessionId=null], Granted Authorities=[ROLE_USER]]] to HttpSession [org.apache.catalina.session.StandardSessionFacade@76cdbc89]
?[0m?[0;34m2023-03-31 16:06:02.440 DEBUG 29781 --- [nio-8080-exec-3] s.s.w.c.SecurityContextPersistenceFilter : Cleared SecurityContextHolder to complete request
?[1;31m
Start test 34?[0m
?[0m?[0;34m2023-03-31 16:06:02.455 DEBUG 29781 --- [nio-8080-exec-5] o.s.security.web.FilterChainProxy        : Securing POST /api/recipe/new
?[0m?[0;34m2023-03-31 16:06:02.455 DEBUG 29781 --- [nio-8080-exec-5] s.s.w.c.SecurityContextPersistenceFilter : Set SecurityContextHolder to empty SecurityContext
?[0m?[0;34m2023-03-31 16:06:02.455 DEBUG 29781 --- [nio-8080-exec-5] tor$SharedEntityManagerInvocationHandler : Creating new EntityManager for shared EntityManager invocation
?[0m?[0;34m2023-03-31 16:06:02.538 DEBUG 29781 --- [nio-8080-exec-5] o.s.s.a.dao.DaoAuthenticationProvider    : Authenticated user
?[0m?[0;34m2023-03-31 16:06:02.538 DEBUG 29781 --- [nio-8080-exec-5] o.s.s.w.a.www.BasicAuthenticationFilter  : Set SecurityContextHolder to UsernamePasswordAuthenticationToken [Principal=recipes.UserDetailsImpl@330ccebe, Credentials=[PROTECTED], Authenticated=true, Details=WebAuthenticationDetails [RemoteIpAddress=127.0.0.1, SessionId=null], Granted Authorities=[ROLE_USER]]
?[0m?[0;34m2023-03-31 16:06:02.538 DEBUG 29781 --- [nio-8080-exec-5] w.c.HttpSessionSecurityContextRepository : Created HttpSession as SecurityContext is non-default
?[0m?[0;34m2023-03-31 16:06:02.538 DEBUG 29781 --- [nio-8080-exec-5] w.c.HttpSessionSecurityContextRepository : Stored SecurityContextImpl [Authentication=UsernamePasswordAuthenticationToken [Principal=recipes.UserDetailsImpl@330ccebe, Credentials=[PROTECTED], Authenticated=true, Details=WebAuthenticationDetails [RemoteIpAddress=127.0.0.1, SessionId=null], Granted Authorities=[ROLE_USER]]] to HttpSession [org.apache.catalina.session.StandardSessionFacade@143c6c63]
?[0m?[0;34m2023-03-31 16:06:02.538 DEBUG 29781 --- [nio-8080-exec-5] s.w.s.m.m.a.RequestMappingHandlerMapping : Mapped to recipes.RecipesController#setRecipe(Recipe, UserDetails)
?[0m?[0;34m2023-03-31 16:06:02.539 DEBUG 29781 --- [nio-8080-exec-5] s.w.s.m.m.a.RequestMappingHandlerMapping : Mapped to recipes.RecipesController#setRecipe(Recipe, UserDetails)
?[0m?[0;34m2023-03-31 16:06:02.539 DEBUG 29781 --- [nio-8080-exec-5] o.s.s.w.a.i.FilterSecurityInterceptor    : Authorized filter invocation [POST /api/recipe/new] with attributes [hasRole('ROLE_USER')]
?[0m?[0;34m2023-03-31 16:06:02.539 DEBUG 29781 --- [nio-8080-exec-5] o.s.security.web.FilterChainProxy        : Secured POST /api/recipe/new
?[0m?[0;34m2023-03-31 16:06:02.539 DEBUG 29781 --- [nio-8080-exec-5] o.s.web.servlet.DispatcherServlet        : POST "/api/recipe/new", parameters={}
?[0m?[0;34m2023-03-31 16:06:02.539 DEBUG 29781 --- [nio-8080-exec-5] s.w.s.m.m.a.RequestMappingHandlerMapping : Mapped to recipes.RecipesController#setRecipe(Recipe, UserDetails)
?[0m?[0;34m2023-03-31 16:06:02.539 DEBUG 29781 --- [nio-8080-exec-5] o.j.s.OpenEntityManagerInViewInterceptor : Opening JPA EntityManager in OpenEntityManagerInViewInterceptor
?[0m?[0;34m2023-03-31 16:06:02.539 DEBUG 29781 --- [nio-8080-exec-5] m.m.a.RequestResponseBodyMethodProcessor : Read "application/json;charset=UTF-8" to [Recipe(id=0, name=15 recipe test ice-CREAM, category=Dessert, date=null, description=-, ingredients= (truncated)...]
?[0m?[0;34m2023-03-31 16:06:02.540 DEBUG 29781 --- [nio-8080-exec-5] o.s.orm.jpa.JpaTransactionManager        : Found thread-bound EntityManager [SessionImpl(684165813<open>)] for JPA transaction
?[0m?[0;34m2023-03-31 16:06:02.540 DEBUG 29781 --- [nio-8080-exec-5] o.s.orm.jpa.JpaTransactionManager        : Creating new transaction with name [org.springframework.data.jpa.repository.support.SimpleJpaRepository.save]: PROPAGATION_REQUIRED,ISOLATION_DEFAULT
?[0m?[0;34m2023-03-31 16:06:02.540 DEBUG 29781 --- [nio-8080-exec-5] o.s.orm.jpa.JpaTransactionManager        : Exposing JPA transaction as JDBC [org.springframework.orm.jpa.vendor.HibernateJpaDialect$HibernateConnectionHandle@3940f740]
?[0m?[0;34m2023-03-31 16:06:02.541 DEBUG 29781 --- [nio-8080-exec-5] o.s.orm.jpa.JpaTransactionManager        : Initiating transaction commit
?[0m?[0;34m2023-03-31 16:06:02.541 DEBUG 29781 --- [nio-8080-exec-5] o.s.orm.jpa.JpaTransactionManager        : Committing JPA transaction on EntityManager [SessionImpl(684165813<open>)]
?[0m?[0;34m2023-03-31 16:06:02.541 DEBUG 29781 --- [nio-8080-exec-5] o.s.orm.jpa.JpaTransactionManager        : Not closing pre-bound JPA EntityManager after transaction
?[0m?[0;34m2023-03-31 16:06:02.542 DEBUG 29781 --- [nio-8080-exec-5] m.m.a.RequestResponseBodyMethodProcessor : Using 'application/json', given [*/*] and supported [application/json, application/*+json, application/json, application/*+json]
?[0m?[0;34m2023-03-31 16:06:02.542 DEBUG 29781 --- [nio-8080-exec-5] m.m.a.RequestResponseBodyMethodProcessor : Writing [{id=15}]
?[0m?[0;34m2023-03-31 16:06:02.542 DEBUG 29781 --- [nio-8080-exec-5] w.c.HttpSessionSecurityContextRepository : Stored SecurityContextImpl [Authentication=UsernamePasswordAuthenticationToken [Principal=recipes.UserDetailsImpl@330ccebe, Credentials=[PROTECTED], Authenticated=true, Details=WebAuthenticationDetails [RemoteIpAddress=127.0.0.1, SessionId=null], Granted Authorities=[ROLE_USER]]] to HttpSession [org.apache.catalina.session.StandardSessionFacade@143c6c63]
?[0m?[0;34m2023-03-31 16:06:02.542 DEBUG 29781 --- [nio-8080-exec-5] o.j.s.OpenEntityManagerInViewInterceptor : Closing JPA EntityManager in OpenEntityManagerInViewInterceptor
?[0m?[0;34m2023-03-31 16:06:02.542 DEBUG 29781 --- [nio-8080-exec-5] o.s.web.servlet.DispatcherServlet        : Completed 200 OK
?[0m?[0;34m2023-03-31 16:06:02.542 DEBUG 29781 --- [nio-8080-exec-5] w.c.HttpSessionSecurityContextRepository : Stored SecurityContextImpl [Authentication=UsernamePasswordAuthenticationToken [Principal=recipes.UserDetailsImpl@330ccebe, Credentials=[PROTECTED], Authenticated=true, Details=WebAuthenticationDetails [RemoteIpAddress=127.0.0.1, SessionId=null], Granted Authorities=[ROLE_USER]]] to HttpSession [org.apache.catalina.session.StandardSessionFacade@143c6c63]
?[0m?[0;34m2023-03-31 16:06:02.542 DEBUG 29781 --- [nio-8080-exec-5] s.s.w.c.SecurityContextPersistenceFilter : Cleared SecurityContextHolder to complete request
?[1;31m
Start test 35?[0m
?[0m?[0;34m2023-03-31 16:06:02.546 DEBUG 29781 --- [nio-8080-exec-6] o.s.security.web.FilterChainProxy        : Securing GET /api/recipe/search/?category=dessert
?[0m?[0;34m2023-03-31 16:06:02.546 DEBUG 29781 --- [nio-8080-exec-6] s.s.w.c.SecurityContextPersistenceFilter : Set SecurityContextHolder to empty SecurityContext
?[0m?[0;34m2023-03-31 16:06:02.546 DEBUG 29781 --- [nio-8080-exec-6] tor$SharedEntityManagerInvocationHandler : Creating new EntityManager for shared EntityManager invocation
?[0m?[0;34m2023-03-31 16:06:02.628 DEBUG 29781 --- [nio-8080-exec-6] o.s.s.a.dao.DaoAuthenticationProvider    : Authenticated user
?[0m?[0;34m2023-03-31 16:06:02.628 DEBUG 29781 --- [nio-8080-exec-6] o.s.s.w.a.www.BasicAuthenticationFilter  : Set SecurityContextHolder to UsernamePasswordAuthenticationToken [Principal=recipes.UserDetailsImpl@6620cd8e, Credentials=[PROTECTED], Authenticated=true, Details=WebAuthenticationDetails [RemoteIpAddress=127.0.0.1, SessionId=null], Granted Authorities=[ROLE_USER]]
?[0m?[0;34m2023-03-31 16:06:02.629 DEBUG 29781 --- [nio-8080-exec-6] w.c.HttpSessionSecurityContextRepository : Created HttpSession as SecurityContext is non-default
?[0m?[0;34m2023-03-31 16:06:02.629 DEBUG 29781 --- [nio-8080-exec-6] w.c.HttpSessionSecurityContextRepository : Stored SecurityContextImpl [Authentication=UsernamePasswordAuthenticationToken [Principal=recipes.UserDetailsImpl@6620cd8e, Credentials=[PROTECTED], Authenticated=true, Details=WebAuthenticationDetails [RemoteIpAddress=127.0.0.1, SessionId=null], Granted Authorities=[ROLE_USER]]] to HttpSession [org.apache.catalina.session.StandardSessionFacade@7a8895aa]
?[0m?[0;34m2023-03-31 16:06:02.629 DEBUG 29781 --- [nio-8080-exec-6] o.s.s.w.a.i.FilterSecurityInterceptor    : Authorized filter invocation [GET /api/recipe/search/?category=dessert] with attributes [hasRole('ROLE_USER')]
?[0m?[0;34m2023-03-31 16:06:02.629 DEBUG 29781 --- [nio-8080-exec-6] o.s.security.web.FilterChainProxy        : Secured GET /api/recipe/search/?category=dessert
?[0m?[0;34m2023-03-31 16:06:02.629 DEBUG 29781 --- [nio-8080-exec-6] o.s.web.servlet.DispatcherServlet        : GET "/api/recipe/search/?category=dessert", parameters={masked}
?[0m?[0;34m2023-03-31 16:06:02.629 DEBUG 29781 --- [nio-8080-exec-6] s.w.s.m.m.a.RequestMappingHandlerMapping : Mapped to recipes.RecipesController#getCategoryListRecipes(String, String)
?[0m?[0;34m2023-03-31 16:06:02.629 DEBUG 29781 --- [nio-8080-exec-6] o.j.s.OpenEntityManagerInViewInterceptor : Opening JPA EntityManager in OpenEntityManagerInViewInterceptor
?[0m?[0;34m2023-03-31 16:06:02.639 DEBUG 29781 --- [nio-8080-exec-6] m.m.a.RequestResponseBodyMethodProcessor : Using 'application/json', given [*/*] and supported [application/json, application/*+json, application/json, application/*+json]
?[0m?[0;34m2023-03-31 16:06:02.683 DEBUG 29781 --- [nio-8080-exec-6] m.m.a.RequestResponseBodyMethodProcessor : Writing [java.lang.StackOverflowError]
?[0m?[0;34m2023-03-31 16:06:02.686 DEBUG 29781 --- [nio-8080-exec-6] w.c.HttpSessionSecurityContextRepository : Stored SecurityContextImpl [Authentication=UsernamePasswordAuthenticationToken [Principal=recipes.UserDetailsImpl@6620cd8e, Credentials=[PROTECTED], Authenticated=true, Details=WebAuthenticationDetails [RemoteIpAddress=127.0.0.1, SessionId=null], Granted Authorities=[ROLE_USER]]] to HttpSession [org.apache.catalina.session.StandardSessionFacade@7a8895aa]
?[0m?[0;34m2023-03-31 16:06:02.686 DEBUG 29781 --- [nio-8080-exec-6] o.j.s.OpenEntityManagerInViewInterceptor : Closing JPA EntityManager in OpenEntityManagerInViewInterceptor
?[0m?[0;34m2023-03-31 16:06:02.686  WARN 29781 --- [nio-8080-exec-6] o.h.e.loading.internal.LoadContexts      : HHH000100: Fail-safe cleanup (collections) : org.hibernate.engine.loading.internal.CollectionLoadContext@3b1d2f41<rs=HikariProxyResultSet@1633694978 wrapping rs2921: null>
?[0m?[0;34m2023-03-31 16:06:02.686  WARN 29781 --- [nio-8080-exec-6] o.h.e.loading.internal.LoadContexts      : HHH000100: Fail-safe cleanup (collections) : org.hibernate.engine.loading.internal.CollectionLoadContext@2d6f2adb<rs=HikariProxyResultSet@813643268 wrapping rs2856: null>
?[0m?[0;34m2023-03-31 16:06:02.686  WARN 29781 --- [nio-8080-exec-6] o.h.e.loading.internal.LoadContexts      : HHH000100: Fail-safe cleanup (collections) : org.hibernate.engine.loading.internal.CollectionLoadContext@8b09896<rs=HikariProxyResultSet@162868998 wrapping rs2956: null>
?[0m?[0;34m2023-03-31 16:06:02.686  WARN 29781 --- [nio-8080-exec-6] o.h.e.loading.internal.LoadContexts      : HHH000100: Fail-safe cleanup (collections) : org.hibernate.engine.loading.internal.CollectionLoadContext@77656b63<rs=HikariProxyResultSet@1477385990 wrapping rs3215: null>
?[0m?[0;34m2023-03-31 16:06:02.686  WARN 29781 --- [nio-8080-exec-6] o.h.e.loading.internal.LoadContexts      : HHH000100: Fail-safe cleanup (collections) : org.hibernate.engine.loading.internal.CollectionLoadContext@25d035e9<rs=HikariProxyResultSet@343620874 wrapping rs3108: null>
?[0m?[0;34m2023-03-31 16:06:02.686  WARN 29781 --- [nio-8080-exec-6] o.h.e.loading.internal.LoadContexts      : HHH000100: Fail-safe cleanup (collections) : org.hibernate.engine.loading.internal.CollectionLoadContext@713dfa7a<rs=HikariProxyResultSet@902469132 wrapping rs3255: null>
?[0m?[0;34m2023-03-31 16:06:02.686  WARN 29781 --- [nio-8080-exec-6] o.h.e.loading.internal.LoadContexts      : HHH000100: Fail-safe cleanup (collections) : org.hibernate.engine.loading.internal.CollectionLoadContext@7d45b8e3<rs=HikariProxyResultSet@1733690126 wrapping rs3007: null>
?[0m?[0;34m2023-03-31 16:06:02.686  WARN 29781 --- [nio-8080-exec-6] o.h.e.loading.internal.LoadContexts      : HHH000100: Fail-safe cleanup (collections) : org.hibernate.engine.loading.internal.CollectionLoadContext@21a7ea5b<rs=HikariProxyResultSet@1670041616 wrapping rs3192: null>
?[0m?[0;34m2023-03-31 16:06:02.686  WARN 29781 --- [nio-8080-exec-6] o.h.e.loading.internal.LoadContexts      : HHH000100: Fail-safe cleanup (collections) : org.hibernate.engine.loading.internal.CollectionLoadContext@57cecfb<rs=HikariProxyResultSet@1918251282 wrapping rs3039: null>
?[0m?[0;34m2023-03-31 16:06:02.686  WARN 29781 --- [nio-8080-exec-6] o.h.e.loading.internal.LoadContexts      : HHH000100: Fail-safe cleanup (collections) : org.hibernate.engine.loading.internal.CollectionLoadContext@1b8c3804<rs=HikariProxyResultSet@1658210707 wrapping rs3240: null>
?[0m?[0;34m2023-03-31 16:06:02.686  WARN 29781 --- [nio-8080-exec-6] o.h.e.loading.internal.LoadContexts      : HHH000100: Fail-safe cleanup (collections) : org.hibernate.engine.loading.internal.CollectionLoadContext@4bde0936<rs=HikariProxyResultSet@766548500 wrapping rs3237: null>
?[0m?[0;34m2023-03-31 16:06:02.686  WARN 29781 --- [nio-8080-exec-6] o.h.e.loading.internal.LoadContexts      : HHH000100: Fail-safe cleanup (collections) : org.hibernate.engine.loading.internal.CollectionLoadContext@5535c724<rs=HikariProxyResultSet@908662550 wrapping rs2958: null>
?[0m?[0;34m2023-03-31 16:06:02.687  WARN 29781 --- [nio-8080-exec-6] o.h.e.loading.internal.LoadContexts      : HHH000100: Fail-safe cleanup (collections) : org.hibernate.engine.loading.internal.CollectionLoadContext@374ce24d<rs=HikariProxyResultSet@1476936986 wrapping rs2887: null>
?[0m?[0;34m2023-03-31 16:06:02.687  WARN 29781 --- [nio-8080-exec-6] o.h.e.loading.internal.LoadContexts      : HHH000100: Fail-safe cleanup (collections) : org.hibernate.engine.loading.internal.CollectionLoadContext@4dfab0b8<rs=HikariProxyResultSet@2097415450 wrapping rs2894: null>
?[0m?[0;34m2023-03-31 16:06:02.687  WARN 29781 --- [nio-8080-exec-6] o.h.e.loading.internal.LoadContexts      : HHH000100: Fail-safe cleanup (collections) : org.hibernate.engine.loading.internal.CollectionLoadContext@76d68788<rs=HikariProxyResultSet@422977947 wrapping rs3005: null>
?[0m?[0;34m2023-03-31 16:06:02.687  WARN 29781 --- [nio-8080-exec-6] o.h.e.loading.internal.LoadContexts      : HHH000100: Fail-safe cleanup (collections) : org.hibernate.engine.loading.internal.CollectionLoadContext@d216291<rs=HikariProxyResultSet@2114258589 wrapping rs2880: null>
?[0m?[0;34m2023-03-31 16:06:02.687  WARN 29781 --- [nio-8080-exec-6] o.h.e.loading.internal.LoadContexts      : HHH000100: Fail-safe cleanup (collections) : org.hibernate.engine.loading.internal.CollectionLoadContext@5d2fa7f2<rs=HikariProxyResultSet@1581405466 wrapping rs3365: null>
?[0m?[0;34m2023-03-31 16:06:02.687  WARN 29781 --- [nio-8080-exec-6] o.h.e.loading.internal.LoadContexts      : HHH000100: Fail-safe cleanup (collections) : org.hibernate.engine.loading.internal.CollectionLoadContext@4548b39f<rs=HikariProxyResultSet@408431519 wrapping rs2914: null>
?[0m?[0;34m2023-03-31 16:06:02.687  WARN 29781 --- [nio-8080-exec-6] o.h.e.loading.internal.LoadContexts      : HHH000100: Fail-safe cleanup (collections) : org.hibernate.engine.loading.internal.CollectionLoadContext@7608679<rs=HikariProxyResultSet@1071746080 wrapping rs3313: null>
?[0m?[0;34m2023-03-31 16:06:02.687  WARN 29781 --- [nio-8080-exec-6] o.h.e.loading.internal.LoadContexts      : HHH000100: Fail-safe cleanup (collections) : org.hibernate.engine.loading.internal.CollectionLoadContext@1d359ee<rs=HikariProxyResultSet@5164193 wrapping rs2929: null>
?[0m?[0;34m2023-03-31 16:06:02.687  WARN 29781 --- [nio-8080-exec-6] o.h.e.loading.internal.LoadContexts      : HHH000100: Fail-safe cleanup (collections) : org.hibernate.engine.loading.internal.CollectionLoadContext@21636e11<rs=HikariProxyResultSet@312155426 wrapping rs3271: null>
?[0m?[0;34m2023-03-31 16:06:02.687  WARN 29781 --- [nio-8080-exec-6] o.h.e.loading.internal.LoadContexts      : HHH000100: Fail-safe cleanup (collections) : org.hibernate.engine.loading.internal.CollectionLoadContext@2137f5e9<rs=HikariProxyResultSet@505205155 wrapping rs2935: null>
?[0m?[0;34m2023-03-31 16:06:02.687  WARN 29781 --- [nio-8080-exec-6] o.h.e.loading.internal.LoadContexts      : HHH000100: Fail-safe cleanup (collections) : org.hibernate.engine.loading.internal.CollectionLoadContext@2267fcf8<rs=HikariProxyResultSet@1765534115 wrapping rs2996: null>
?[0m?[0;34m2023-03-31 16:06:02.687  WARN 29781 --- [nio-8080-exec-6] o.h.e.loading.internal.LoadContexts      : HHH000100: Fail-safe cleanup (collections) : org.hibernate.engine.loading.internal.CollectionLoadContext@3960dd73<rs=HikariProxyResultSet@1593378727 wrapping rs3011: null>
?[0m?[0;34m2023-03-31 16:06:02.687  WARN 29781 --- [nio-8080-exec-6] o.h.e.loading.internal.LoadContexts      : HHH000100: Fail-safe cleanup (collections) : org.hibernate.engine.loading.internal.CollectionLoadContext@3493fa8<rs=HikariProxyResultSet@890316969 wrapping rs3326: null>
?[0m?[0;34m2023-03-31 16:06:02.687  WARN 29781 --- [nio-8080-exec-6] o.h.e.loading.internal.LoadContexts      : HHH000100: Fail-safe cleanup (collections) : org.hibernate.engine.loading.internal.CollectionLoadContext@1dcf0a95<rs=HikariProxyResultSet@484549930 wrapping rs3046: null>
?[0m?[0;34m2023-03-31 16:06:02.687  WARN 29781 --- [nio-8080-exec-6] o.h.e.loading.internal.LoadContexts      : HHH000100: Fail-safe cleanup (collections) : org.hibernate.engine.loading.internal.CollectionLoadContext@d2a5e8<rs=HikariProxyResultSet@141784491 wrapping rs3064: null>
?[0m?[0;34m2023-03-31 16:06:02.687  WARN 29781 --- [nio-8080-exec-6] o.h.e.loading.internal.LoadContexts      : HHH000100: Fail-safe cleanup (collections) : org.hibernate.engine.loading.internal.CollectionLoadContext@3fe66bc4<rs=HikariProxyResultSet@1760832044 wrapping rs3109: null>
?[0m?[0;34m2023-03-31 16:06:02.687  WARN 29781 --- [nio-8080-exec-6] o.h.e.loading.internal.LoadContexts      : HHH000100: Fail-safe cleanup (collections) : org.hibernate.engine.loading.internal.CollectionLoadContext@7598b7ef<rs=HikariProxyResultSet@701517485 wrapping rs3165: null>
?[0m?[0;34m2023-03-31 16:06:02.687  WARN 29781 --- [nio-8080-exec-6] o.h.e.loading.internal.LoadContexts      : HHH000100: Fail-safe cleanup (collections) : org.hibernate.engine.loading.internal.CollectionLoadContext@10e6806b<rs=HikariProxyResultSet@1876873006 wrapping rs3189: null>
?[0m?[0;34m2023-03-31 16:06:02.687  WARN 29781 --- [nio-8080-exec-6] o.h.e.loading.internal.LoadContexts      : HHH000100: Fail-safe cleanup (collections) : org.hibernate.engine.loading.internal.CollectionLoadContext@58e8a7a<rs=HikariProxyResultSet@779142063 wrapping rs3055: null>
?[0m?[0;34m2023-03-31 16:06:02.687  WARN 29781 --- [nio-8080-exec-6] o.h.e.loading.internal.LoadContexts      : HHH000100: Fail-safe cleanup (collections) : org.hibernate.engine.loading.internal.CollectionLoadContext@9ba7944<rs=HikariProxyResultSet@1196931636 wrapping rs3111: null>
?[0m?[0;34m2023-03-31 16:06:02.687  WARN 29781 --- [nio-8080-exec-6] o.h.e.loading.internal.LoadContexts      : HHH000100: Fail-safe cleanup (collections) : org.hibernate.engine.loading.internal.CollectionLoadContext@392d8053<rs=HikariProxyResultSet@962454197 wrapping rs3060: null>
?[0m?[0;34m2023-03-31 16:06:02.687  WARN 29781 --- [nio-8080-exec-6] o.h.e.loading.internal.LoadContexts      : HHH000100: Fail-safe cleanup (collections) : org.hibernate.engine.loading.internal.CollectionLoadContext@1d6cbac5<rs=HikariProxyResultSet@2105101876 wrapping rs3302: null>
?[0m?[0;34m2023-03-31 16:06:02.687  WARN 29781 --- [nio-8080-exec-6] o.h.e.loading.internal.LoadContexts      : HHH000100: Fail-safe cleanup (collections) : org.hibernate.engine.loading.internal.CollectionLoadContext@6cc02e48<rs=HikariProxyResultSet@1063419960 wrapping rs3224: null>
?[0m?[0;34m2023-03-31 16:06:02.687  WARN 29781 --- [nio-8080-exec-6] o.h.e.loading.internal.LoadContexts      : HHH000100: Fail-safe cleanup (collections) : org.hibernate.engine.loading.internal.CollectionLoadContext@36ea1acd<rs=HikariProxyResultSet@584601914 wrapping rs3104: null>
?[0m?[0;34m2023-03-31 16:06:02.687  WARN 29781 --- [nio-8080-exec-6] o.h.e.loading.internal.LoadContexts      : HHH000100: Fail-safe cleanup (collections) : org.hibernate.engine.loading.internal.CollectionLoadContext@63903b5b<rs=HikariProxyResultSet@1596296643 wrapping rs3062: null>
?[0m?[0;34m2023-03-31 16:06:02.687  WARN 29781 --- [nio-8080-exec-6] o.h.e.loading.internal.LoadContexts      : HHH000100: Fail-safe cleanup (collections) : org.hibernate.engine.loading.internal.CollectionLoadContext@1bd20f7e<rs=HikariProxyResultSet@897163844 wrapping rs3082: null>
?[0m?[0;34m2023-03-31 16:06:02.687  WARN 29781 --- [nio-8080-exec-6] o.h.e.loading.internal.LoadContexts      : HHH000100: Fail-safe cleanup (collections) : org.hibernate.engine.loading.internal.CollectionLoadContext@768dd022<rs=HikariProxyResultSet@2115842757 wrapping rs3296: null>
?[0m?[0;34m2023-03-31 16:06:02.687  WARN 29781 --- [nio-8080-exec-6] o.h.e.loading.internal.LoadContexts      : HHH000100: Fail-safe cleanup (collections) : org.hibernate.engine.loading.internal.CollectionLoadContext@1057804c<rs=HikariProxyResultSet@280066120 wrapping rs3235: null>
?[0m?[0;34m2023-03-31 16:06:02.687  WARN 29781 --- [nio-8080-exec-6] o.h.e.loading.internal.LoadContexts      : HHH000100: Fail-safe cleanup (collections) : org.hibernate.engine.loading.internal.CollectionLoadContext@727f2bfe<rs=HikariProxyResultSet@933718217 wrapping rs3218: null>
?[0m?[0;34m2023-03-31 16:06:02.687  WARN 29781 --- [nio-8080-exec-6] o.h.e.loading.internal.LoadContexts      : HHH000100: Fail-safe cleanup (collections) : org.hibernate.engine.loading.internal.CollectionLoadContext@795d7330<rs=HikariProxyResultSet@58018122 wrapping rs3129: null>
?[0m?[0;34m2023-03-31 16:06:02.687  WARN 29781 --- [nio-8080-exec-6] o.h.e.loading.internal.LoadContexts      : HHH000100: Fail-safe cleanup (collections) : org.hibernate.engine.loading.internal.CollectionLoadContext@61c9a0f9<rs=HikariProxyResultSet@1638281546 wrapping rs3370: null>
?[0m?[0;34m2023-03-31 16:06:02.687  WARN 29781 --- [nio-8080-exec-6] o.h.e.loading.internal.LoadContexts      : HHH000100: Fail-safe cleanup (collections) : org.hibernate.engine.loading.internal.CollectionLoadContext@4d30196c<rs=HikariProxyResultSet@1624544207 wrapping rs2998: null>
?[0m?[0;34m2023-03-31 16:06:02.687  WARN 29781 --- [nio-8080-exec-6] o.h.e.loading.internal.LoadContexts      : HHH000100: Fail-safe cleanup (collections) : org.hibernate.engine.loading.internal.CollectionLoadContext@469bfbef<rs=HikariProxyResultSet@1337617359 wrapping rs3032: null>
?[0m?[0;34m2023-03-31 16:06:02.687  WARN 29781 --- [nio-8080-exec-6] o.h.e.loading.internal.LoadContexts      : HHH000100: Fail-safe cleanup (collections) : org.hibernate.engine.loading.internal.CollectionLoadContext@544dc4ff<rs=HikariProxyResultSet@1135545553 wrapping rs2969: null>
?[0m?[0;34m2023-03-31 16:06:02.687  WARN 29781 --- [nio-8080-exec-6] o.h.e.loading.internal.LoadContexts      : HHH000100: Fail-safe cleanup (collections) : org.hibernate.engine.loading.internal.CollectionLoadContext@78af68e7<rs=HikariProxyResultSet@1414901969 wrapping rs2979: null>
?[0m?[0;34m2023-03-31 16:06:02.687  WARN 29781 --- [nio-8080-exec-6] o.h.e.loading.internal.LoadContexts      : HHH000100: Fail-safe cleanup (collections) : org.hibernate.engine.loading.internal.CollectionLoadContext@3519e5e7<rs=HikariProxyResultSet@1114533460 wrapping rs3004: null>
?[0m?[0;34m2023-03-31 16:06:02.687  WARN 29781 --- [nio-8080-exec-6] o.h.e.loading.internal.LoadContexts      : HHH000100: Fail-safe cleanup (collections) : org.hibernate.engine.loading.internal.CollectionLoadContext@2cc42428<rs=HikariProxyResultSet@492722264 wrapping rs3321: null>
?[0m?[0;34m2023-03-31 16:06:02.687  WARN 29781 --- [nio-8080-exec-6] o.h.e.loading.internal.LoadContexts      : HHH000100: Fail-safe cleanup (collections) : org.hibernate.engine.loading.internal.CollectionLoadContext@16946773<rs=HikariProxyResultSet@389410138 wrapping rs3098: null>
?[0m?[0;34m2023-03-31 16:06:02.687  WARN 29781 --- [nio-8080-exec-6] o.h.e.loading.internal.LoadContexts      : HHH000100: Fail-safe cleanup (collections) : org.hibernate.engine.loading.internal.CollectionLoadContext@157fcd16<rs=HikariProxyResultSet@830308827 wrapping rs3093: null>
?[0m?[0;34m2023-03-31 16:06:02.687  WARN 29781 --- [nio-8080-exec-6] o.h.e.loading.internal.LoadContexts      : HHH000100: Fail-safe cleanup (collections) : org.hibernate.engine.loading.internal.CollectionLoadContext@6fb33483<rs=HikariProxyResultSet@270815965 wrapping rs3392: null>
?[0m?[0;34m2023-03-31 16:06:02.687  WARN 29781 --- [nio-8080-exec-6] o.h.e.loading.internal.LoadContexts      : HHH000100: Fail-safe cleanup (collections) : org.hibernate.engine.loading.internal.CollectionLoadContext@62dbb839<rs=HikariProxyResultSet@543946082 wrapping rs2869: null>
?[0m?[0;34m2023-03-31 16:06:02.687  WARN 29781 --- [nio-8080-exec-6] o.h.e.loading.internal.LoadContexts      : HHH000100: Fail-safe cleanup (collections) : org.hibernate.engine.loading.internal.CollectionLoadContext@5741f4ee<rs=HikariProxyResultSet@1474047459 wrapping rs3336: null>
?[0m?[0;34m2023-03-31 16:06:02.687  WARN 29781 --- [nio-8080-exec-6] o.h.e.loading.internal.LoadContexts      : HHH000100: Fail-safe cleanup (collections) : org.hibernate.engine.loading.internal.CollectionLoadContext@3c3d846d<rs=HikariProxyResultSet@1288870629 wrapping rs3017: null>
?[0m?[0;34m2023-03-31 16:06:02.687  WARN 29781 --- [nio-8080-exec-6] o.h.e.loading.internal.LoadContexts      : HHH000100: Fail-safe cleanup (collections) : org.hibernate.engine.loading.internal.CollectionLoadContext@4adca845<rs=HikariProxyResultSet@1697362790 wrapping rs3190: null>
?[0m?[0;34m2023-03-31 16:06:02.687  WARN 29781 --- [nio-8080-exec-6] o.h.e.loading.internal.LoadContexts      : HHH000100: Fail-safe cleanup (collections) : org.hibernate.engine.loading.internal.CollectionLoadContext@75f9cb57<rs=HikariProxyResultSet@858514278 wrapping rs3267: null>
?[0m?[0;34m2023-03-31 16:06:02.687  WARN 29781 --- [nio-8080-exec-6] o.h.e.loading.internal.LoadContexts      : HHH000100: Fail-safe cleanup (collections) : org.hibernate.engine.loading.internal.CollectionLoadContext@2dc7a782<rs=HikariProxyResultSet@1676091496 wrapping rs3034: null>
?[0m?[0;34m2023-03-31 16:06:02.687  WARN 29781 --- [nio-8080-exec-6] o.h.e.loading.internal.LoadContexts      : HHH000100: Fail-safe cleanup (collections) : org.hibernate.engine.loading.internal.CollectionLoadContext@7d8940bb<rs=HikariProxyResultSet@1832516841 wrapping rs2968: null>
?[0m?[0;34m2023-03-31 16:06:02.687  WARN 29781 --- [nio-8080-exec-6] o.h.e.loading.internal.LoadContexts      : HHH000100: Fail-safe cleanup (collections) : org.hibernate.engine.loading.internal.CollectionLoadContext@52b841cf<rs=HikariProxyResultSet@187468267 wrapping rs3186: null>
?[0m?[0;34m2023-03-31 16:06:02.688  WARN 29781 --- [nio-8080-exec-6] o.h.e.loading.internal.LoadContexts      : HHH000100: Fail-safe cleanup (collections) : org.hibernate.engine.loading.internal.CollectionLoadContext@69a09bbc<rs=HikariProxyResultSet@1980735084 wrapping rs3366: null>
?[0m?[0;34m2023-03-31 16:06:02.688  WARN 29781 --- [nio-8080-exec-6] o.h.e.loading.internal.LoadContexts      : HHH000100: Fail-safe cleanup (collections) : org.hibernate.engine.loading.internal.CollectionLoadContext@79cbcabd<rs=HikariProxyResultSet@1630186479 wrapping rs2915: null>
?[0m?[0;34m2023-03-31 16:06:02.688  WARN 29781 --- [nio-8080-exec-6] o.h.e.loading.internal.LoadContexts      : HHH000100: Fail-safe cleanup (collections) : org.hibernate.engine.loading.internal.CollectionLoadContext@4ef0d1a7<rs=HikariProxyResultSet@1325872369 wrapping rs3051: null>
?[0m?[0;34m2023-03-31 16:06:02.688  WARN 29781 --- [nio-8080-exec-6] o.h.e.loading.internal.LoadContexts      : HHH000100: Fail-safe cleanup (collections) : org.hibernate.engine.loading.internal.CollectionLoadContext@5ed6478f<rs=HikariProxyResultSet@2074583281 wrapping rs3133: null>
?[0m?[0;34m2023-03-31 16:06:02.688  WARN 29781 --- [nio-8080-exec-6] o.h.e.loading.internal.LoadContexts      : HHH000100: Fail-safe cleanup (collections) : org.hibernate.engine.loading.internal.CollectionLoadContext@33464a92<rs=HikariProxyResultSet@2026482292 wrapping rs3118: null>
?[0m?[0;34m2023-03-31 16:06:02.688  WARN 29781 --- [nio-8080-exec-6] o.h.e.loading.internal.LoadContexts      : HHH000100: Fail-safe cleanup (collections) : org.hibernate.engine.loading.internal.CollectionLoadContext@14ffe065<rs=HikariProxyResultSet@58826614 wrapping rs3295: null>
?[0m?[0;34m2023-03-31 16:06:02.688  WARN 29781 --- [nio-8080-exec-6] o.h.e.loading.internal.LoadContexts      : HHH000100: Fail-safe cleanup (collections) : org.hibernate.engine.loading.internal.CollectionLoadContext@5cca66b4<rs=HikariProxyResultSet@255535224 wrapping rs3227: null>
?[0m?[0;34m2023-03-31 16:06:02.688  WARN 29781 --- [nio-8080-exec-6] o.h.e.loading.internal.LoadContexts      : HHH000100: Fail-safe cleanup (collections) : org.hibernate.engine.loading.internal.CollectionLoadContext@30cca89d<rs=HikariProxyResultSet@1129260281 wrapping rs2965: null>
?[0m?[0;34m2023-03-31 16:06:02.688  WARN 29781 --- [nio-8080-exec-6] o.h.e.loading.internal.LoadContexts      : HHH000100: Fail-safe cleanup (collections) : org.hibernate.engine.loading.internal.CollectionLoadContext@315f66cc<rs=HikariProxyResultSet@1964435705 wrapping rs3183: null>
?[0m?[0;34m2023-03-31 16:06:02.688  WARN 29781 --- [nio-8080-exec-6] o.h.e.loading.internal.LoadContexts      : HHH000100: Fail-safe cleanup (collections) : org.hibernate.engine.loading.internal.CollectionLoadContext@5ac8444a<rs=HikariProxyResultSet@890479099 wrapping rs2950: null>
?[0m?[0;34m2023-03-31 16:06:02.688  WARN 29781 --- [nio-8080-exec-6] o.h.e.loading.internal.LoadContexts      : HHH000100: Fail-safe cleanup (collections) : org.hibernate.engine.loading.internal.CollectionLoadContext@55b86661<rs=HikariProxyResultSet@1476490747 wrapping rs3395: null>
?[0m?[0;34m2023-03-31 16:06:02.688  WARN 29781 --- [nio-8080-exec-6] o.h.e.loading.internal.LoadContexts      : HHH000100: Fail-safe cleanup (collections) : org.hibernate.engine.loading.internal.CollectionLoadContext@65a40b<rs=HikariProxyResultSet@1297824638 wrapping rs2952: null>
?[0m?[0;34m2023-03-31 16:06:02.688  WARN 29781 --- [nio-8080-exec-6] o.h.e.loading.internal.LoadContexts      : HHH000100: Fail-safe cleanup (collections) : org.hibernate.engine.loading.internal.CollectionLoadContext@4a46cbcd<rs=HikariProxyResultSet@568887424 wrapping rs3166: null>
?[0m?[0;34m2023-03-31 16:06:02.688  WARN 29781 --- [nio-8080-exec-6] o.h.e.loading.internal.LoadContexts      : HHH000100: Fail-safe cleanup (collections) : org.hibernate.engine.loading.internal.CollectionLoadContext@52343cdb<rs=HikariProxyResultSet@796966661 wrapping rs3251: null>
?[0m?[0;34m2023-03-31 16:06:02.688  WARN 29781 --- [nio-8080-exec-6] o.h.e.loading.internal.LoadContexts      : HHH000100: Fail-safe cleanup (collections) : org.hibernate.engine.loading.internal.CollectionLoadContext@4429c392<rs=HikariProxyResultSet@1234645894 wrapping rs3348: null>
?[0m?[0;34m2023-03-31 16:06:02.688  WARN 29781 --- [nio-8080-exec-6] o.h.e.loading.internal.LoadContexts      : HHH000100: Fail-safe cleanup (collections) : org.hibernate.engine.loading.internal.CollectionLoadContext@694172e0<rs=HikariProxyResultSet@1393025031 wrapping rs3113: null>
?[0m?[0;34m2023-03-31 16:06:02.688  WARN 29781 --- [nio-8080-exec-6] o.h.e.loading.internal.LoadContexts      : HHH000100: Fail-safe cleanup (collections) : org.hibernate.engine.loading.internal.CollectionLoadContext@1525c4a6<rs=HikariProxyResultSet@260847623 wrapping rs3200: null>
?[0m?[0;34m2023-03-31 16:06:02.688  WARN 29781 --- [nio-8080-exec-6] o.h.e.loading.internal.LoadContexts      : HHH000100: Fail-safe cleanup (collections) : org.hibernate.engine.loading.internal.CollectionLoadContext@6684f03d<rs=HikariProxyResultSet@558615559 wrapping rs3380: null>
?[0m?[0;34m2023-03-31 16:06:02.688  WARN 29781 --- [nio-8080-exec-6] o.h.e.loading.internal.LoadContexts      : HHH000100: Fail-safe cleanup (collections) : org.hibernate.engine.loading.internal.CollectionLoadContext@6cbb9a2c<rs=HikariProxyResultSet@755522059 wrapping rs3080: null>
?[0m?[0;34m2023-03-31 16:06:02.688  WARN 29781 --- [nio-8080-exec-6] o.h.e.loading.internal.LoadContexts      : HHH000100: Fail-safe cleanup (collections) : org.hibernate.engine.loading.internal.CollectionLoadContext@e0f3329<rs=HikariProxyResultSet@604881548 wrapping rs3205: null>
?[0m?[0;34m2023-03-31 16:06:02.688  WARN 29781 --- [nio-8080-exec-6] o.h.e.loading.internal.LoadContexts      : HHH000100: Fail-safe cleanup (collections) : org.hibernate.engine.loading.internal.CollectionLoadContext@3534c6ba<rs=HikariProxyResultSet@371113741 wrapping rs2862: null>
?[0m?[0;34m2023-03-31 16:06:02.688  WARN 29781 --- [nio-8080-exec-6] o.h.e.loading.internal.LoadContexts      : HHH000100: Fail-safe cleanup (collections) : org.hibernate.engine.loading.internal.CollectionLoadContext@7470dd39<rs=HikariProxyResultSet@1911078540 wrapping rs3375: null>
?[0m?[0;34m2023-03-31 16:06:02.688  WARN 29781 --- [nio-8080-exec-6] o.h.e.loading.internal.LoadContexts      : HHH000100: Fail-safe cleanup (collections) : org.hibernate.engine.loading.internal.CollectionLoadContext@44aa4361<rs=HikariProxyResultSet@197737487 wrapping rs3331: null>
?[0m?[0;34m2023-03-31 16:06:02.688  WARN 29781 --- [nio-8080-exec-6] o.h.e.loading.internal.LoadContexts      : HHH000100: Fail-safe cleanup (collections) : org.hibernate.engine.loading.internal.CollectionLoadContext@334bb6a6<rs=HikariProxyResultSet@1974552978 wrapping rs3199: null>
?[0m?[0;34m2023-03-31 16:06:02.688  WARN 29781 --- [nio-8080-exec-6] o.h.e.loading.internal.LoadContexts      : HHH000100: Fail-safe cleanup (collections) : org.hibernate.engine.loading.internal.CollectionLoadContext@20d9b763<rs=HikariProxyResultSet@426532371 wrapping rs3029: null>
?[0m?[0;34m2023-03-31 16:06:02.688  WARN 29781 --- [nio-8080-exec-6] o.h.e.loading.internal.LoadContexts      : HHH000100: Fail-safe cleanup (collections) : org.hibernate.engine.loading.internal.CollectionLoadContext@52b23f54<rs=HikariProxyResultSet@721278870 wrapping rs3030: null>
?[0m?[0;34m2023-03-31 16:06:02.688  WARN 29781 --- [nio-8080-exec-6] o.h.e.loading.internal.LoadContexts      : HHH000100: Fail-safe cleanup (collections) : org.hibernate.engine.loading.internal.CollectionLoadContext@4495df28<rs=HikariProxyResultSet@1708764570 wrapping rs3277: null>
?[0m?[0;34m2023-03-31 16:06:02.688  WARN 29781 --- [nio-8080-exec-6] o.h.e.loading.internal.LoadContexts      : HHH000100: Fail-safe cleanup (collections) : org.hibernate.engine.loading.internal.CollectionLoadContext@2a85af9a<rs=HikariProxyResultSet@1877060123 wrapping rs3406: null>
?[0m?[0;34m2023-03-31 16:06:02.688  WARN 29781 --- [nio-8080-exec-6] o.h.e.loading.internal.LoadContexts      : HHH000100: Fail-safe cleanup (collections) : org.hibernate.engine.loading.internal.CollectionLoadContext@470a7706<rs=HikariProxyResultSet@519895708 wrapping rs2938: null>
?[0m?[0;34m2023-03-31 16:06:02.688  WARN 29781 --- [nio-8080-exec-6] o.h.e.loading.internal.LoadContexts      : HHH000100: Fail-safe cleanup (collections) : org.hibernate.engine.loading.internal.CollectionLoadContext@401a82c<rs=HikariProxyResultSet@1900069661 wrapping rs2977: null>
?[0m?[0;34m2023-03-31 16:06:02.688  WARN 29781 --- [nio-8080-exec-6] o.h.e.loading.internal.LoadContexts      : HHH000100: Fail-safe cleanup (collections) : org.hibernate.engine.loading.internal.CollectionLoadContext@6e875b1b<rs=HikariProxyResultSet@660262306 wrapping rs3006: null>
?[0m?[0;34m2023-03-31 16:06:02.688  WARN 29781 --- [nio-8080-exec-6] o.h.e.loading.internal.LoadContexts      : HHH000100: Fail-safe cleanup (collections) : org.hibernate.engine.loading.internal.CollectionLoadContext@69f9c02e<rs=HikariProxyResultSet@435092003 wrapping rs3371: null>
?[0m?[0;34m2023-03-31 16:06:02.688  WARN 29781 --- [nio-8080-exec-6] o.h.e.loading.internal.LoadContexts      : HHH000100: Fail-safe cleanup (collections) : org.hibernate.engine.loading.internal.CollectionLoadContext@7d5f3850<rs=HikariProxyResultSet@1457710756 wrapping rs3059: null>
?[0m?[0;34m2023-03-31 16:06:02.688  WARN 29781 --- [nio-8080-exec-6] o.h.e.loading.internal.LoadContexts      : HHH000100: Fail-safe cleanup (collections) : org.hibernate.engine.loading.internal.CollectionLoadContext@7416bf1f<rs=HikariProxyResultSet@909924133 wrapping rs3070: null>
?[0m?[0;34m2023-03-31 16:06:02.688  WARN 29781 --- [nio-8080-exec-6] o.h.e.loading.internal.LoadContexts      : HHH000100: Fail-safe cleanup (collections) : org.hibernate.engine.loading.internal.CollectionLoadContext@209d6d05<rs=HikariProxyResultSet@1958332197 wrapping rs3249: null>
?[0m?[0;34m2023-03-31 16:06:02.688  WARN 29781 --- [nio-8080-exec-6] o.h.e.loading.internal.LoadContexts      : HHH000100: Fail-safe cleanup (collections) : org.hibernate.engine.loading.internal.CollectionLoadContext@7c23188<rs=HikariProxyResultSet@470633898 wrapping rs3340: null>
?[0m?[0;34m2023-03-31 16:06:02.688  WARN 29781 --- [nio-8080-exec-6] o.h.e.loading.internal.LoadContexts      : HHH000100: Fail-safe cleanup (collections) : org.hibernate.engine.loading.internal.CollectionLoadContext@3db1498<rs=HikariProxyResultSet@1775452586 wrapping rs3408: null>
?[0m?[0;34m2023-03-31 16:06:02.688  WARN 29781 --- [nio-8080-exec-6] o.h.e.loading.internal.LoadContexts      : HHH000100: Fail-safe cleanup (collections) : org.hibernate.engine.loading.internal.CollectionLoadContext@42f4adbb<rs=HikariProxyResultSet@1463373484 wrapping rs2928: null>
?[0m?[0;34m2023-03-31 16:06:02.688  WARN 29781 --- [nio-8080-exec-6] o.h.e.loading.internal.LoadContexts      : HHH000100: Fail-safe cleanup (collections) : org.hibernate.engine.loading.internal.CollectionLoadContext@94a15a5<rs=HikariProxyResultSet@941659820 wrapping rs3176: null>
?[0m?[0;34m2023-03-31 16:06:02.688  WARN 29781 --- [nio-8080-exec-6] o.h.e.loading.internal.LoadContexts      : HHH000100: Fail-safe cleanup (collections) : org.hibernate.engine.loading.internal.CollectionLoadContext@1f122b75<rs=HikariProxyResultSet@2134279852 wrapping rs3351: null>
?[0m?[0;34m2023-03-31 16:06:02.688  WARN 29781 --- [nio-8080-exec-6] o.h.e.loading.internal.LoadContexts      : HHH000100: Fail-safe cleanup (collections) : org.hibernate.engine.loading.internal.CollectionLoadContext@443683db<rs=HikariProxyResultSet@385216946 wrapping rs3159: null>
?[0m?[0;34m2023-03-31 16:06:02.688  WARN 29781 --- [nio-8080-exec-6] o.h.e.loading.internal.LoadContexts      : HHH000100: Fail-safe cleanup (collections) : org.hibernate.engine.loading.internal.CollectionLoadContext@23486793<rs=HikariProxyResultSet@1788847796 wrapping rs2895: null>
?[0m?[0;34m2023-03-31 16:06:02.688  WARN 29781 --- [nio-8080-exec-6] o.h.e.loading.internal.LoadContexts      : HHH000100: Fail-safe cleanup (collections) : org.hibernate.engine.loading.internal.CollectionLoadContext@7af6a962<rs=HikariProxyResultSet@1030173622 wrapping rs3100: null>
?[0m?[0;34m2023-03-31 16:06:02.688  WARN 29781 --- [nio-8080-exec-6] o.h.e.loading.internal.LoadContexts      : HHH000100: Fail-safe cleanup (collections) : org.hibernate.engine.loading.internal.CollectionLoadContext@74317cca<rs=HikariProxyResultSet@208488503 wrapping rs3409: null>
?[0m?[0;34m2023-03-31 16:06:02.688  WARN 29781 --- [nio-8080-exec-6] o.h.e.loading.internal.LoadContexts      : HHH000100: Fail-safe cleanup (collections) : org.hibernate.engine.loading.internal.CollectionLoadContext@4e901cc<rs=HikariProxyResultSet@1902016696 wrapping rs3140: null>
?[0m?[0;34m2023-03-31 16:06:02.688  WARN 29781 --- [nio-8080-exec-6] o.h.e.loading.internal.LoadContexts      : HHH000100: Fail-safe cleanup (collections) : org.hibernate.engine.loading.internal.CollectionLoadContext@647d9a3d<rs=HikariProxyResultSet@229215545 wrapping rs3264: null>
?[0m?[0;34m2023-03-31 16:06:02.688  WARN 29781 --- [nio-8080-exec-6] o.h.e.loading.internal.LoadContexts      : HHH000100: Fail-safe cleanup (collections) : org.hibernate.engine.loading.internal.CollectionLoadContext@2b8f9269<rs=HikariProxyResultSet@1413117370 wrapping rs3066: null>
?[0m?[0;34m2023-03-31 16:06:02.688  WARN 29781 --- [nio-8080-exec-6] o.h.e.loading.internal.LoadContexts      : HHH000100: Fail-safe cleanup (collections) : org.hibernate.engine.loading.internal.CollectionLoadContext@54a76cfe<rs=HikariProxyResultSet@1426229690 wrapping rs3103: null>
?[0m?[0;34m2023-03-31 16:06:02.688  WARN 29781 --- [nio-8080-exec-6] o.h.e.loading.internal.LoadContexts      : HHH000100: Fail-safe cleanup (collections) : org.hibernate.engine.loading.internal.CollectionLoadContext@188cf0c7<rs=HikariProxyResultSet@598279868 wrapping rs3075: null>
?[0m?[0;34m2023-03-31 16:06:02.688  WARN 29781 --- [nio-8080-exec-6] o.h.e.loading.internal.LoadContexts      : HHH000100: Fail-safe cleanup (collections) : org.hibernate.engine.loading.internal.CollectionLoadContext@10a82d99<rs=HikariProxyResultSet@651623995 wrapping rs3282: null>
?[0m?[0;34m2023-03-31 16:06:02.689  WARN 29781 --- [nio-8080-exec-6] o.h.e.loading.internal.LoadContexts      : HHH000100: Fail-safe cleanup (collections) : org.hibernate.engine.loading.internal.CollectionLoadContext@47e3f93f<rs=HikariProxyResultSet@1561102399 wrapping rs3019: null>
?[0m?[0;34m2023-03-31 16:06:02.689  WARN 29781 --- [nio-8080-exec-6] o.h.e.loading.internal.LoadContexts      : HHH000100: Fail-safe cleanup (collections) : org.hibernate.engine.loading.internal.CollectionLoadContext@28ccbda1<rs=HikariProxyResultSet@1724491202 wrapping rs2868: null>
?[0m?[0;34m2023-03-31 16:06:02.689  WARN 29781 --- [nio-8080-exec-6] o.h.e.loading.internal.LoadContexts      : HHH000100: Fail-safe cleanup (collections) : org.hibernate.engine.loading.internal.CollectionLoadContext@57b97ab7<rs=HikariProxyResultSet@938448580 wrapping rs3260: null>
?[0m?[0;34m2023-03-31 16:06:02.689  WARN 29781 --- [nio-8080-exec-6] o.h.e.loading.internal.LoadContexts      : HHH000100: Fail-safe cleanup (collections) : org.hibernate.engine.loading.internal.CollectionLoadContext@6ac513c<rs=HikariProxyResultSet@1429633861 wrapping rs3026: null>
?[0m?[0;34m2023-03-31 16:06:02.689  WARN 29781 --- [nio-8080-exec-6] o.h.e.loading.internal.LoadContexts      : HHH000100: Fail-safe cleanup (collections) : org.hibernate.engine.loading.internal.CollectionLoadContext@5e5e6ad7<rs=HikariProxyResultSet@834462404 wrapping rs3280: null>
?[0m?[0;34m2023-03-31 16:06:02.689  WARN 29781 --- [nio-8080-exec-6] o.h.e.loading.internal.LoadContexts      : HHH000100: Fail-safe cleanup (collections) : org.hibernate.engine.loading.internal.CollectionLoadContext@1332f508<rs=HikariProxyResultSet@1889986631 wrapping rs2967: null>
?[0m?[0;34m2023-03-31 16:06:02.689  WARN 29781 --- [nio-8080-exec-6] o.h.e.loading.internal.LoadContexts      : HHH000100: Fail-safe cleanup (collections) : org.hibernate.engine.loading.internal.CollectionLoadContext@fc2591b<rs=HikariProxyResultSet@1350536392 wrapping rs3058: null>
?[0m?[0;34m2023-03-31 16:06:02.689  WARN 29781 --- [nio-8080-exec-6] o.h.e.loading.internal.LoadContexts      : HHH000100: Fail-safe cleanup (collections) : org.hibernate.engine.loading.internal.CollectionLoadContext@6b03dc6e<rs=HikariProxyResultSet@1090973767 wrapping rs3078: null>
?[0m?[0;34m2023-03-31 16:06:02.689  WARN 29781 --- [nio-8080-exec-6] o.h.e.loading.internal.LoadContexts      : HHH000100: Fail-safe cleanup (collections) : org.hibernate.engine.loading.internal.CollectionLoadContext@46a60b0b<rs=HikariProxyResultSet@1399365066 wrapping rs2964: null>
?[0m?[0;34m2023-03-31 16:06:02.689  WARN 29781 --- [nio-8080-exec-6] o.h.e.loading.internal.LoadContexts      : HHH000100: Fail-safe cleanup (collections) : org.hibernate.engine.loading.internal.CollectionLoadContext@42b83c62<rs=HikariProxyResultSet@97100484 wrapping rs3305: null>
?[0m?[0;34m2023-03-31 16:06:02.689  WARN 29781 --- [nio-8080-exec-6] o.h.e.loading.internal.LoadContexts      : HHH000100: Fail-safe cleanup (collections) : org.hibernate.engine.loading.internal.CollectionLoadContext@5f2fbfaf<rs=HikariProxyResultSet@613474633 wrapping rs3317: null>
?[0m?[0;34m2023-03-31 16:06:02.689  WARN 29781 --- [nio-8080-exec-6] o.h.e.loading.internal.LoadContexts      : HHH000100: Fail-safe cleanup (collections) : org.hibernate.engine.loading.internal.CollectionLoadContext@2abae888<rs=HikariProxyResultSet@1945290573 wrapping rs2860: null>
?[0m?[0;34m2023-03-31 16:06:02.689  WARN 29781 --- [nio-8080-exec-6] o.h.e.loading.internal.LoadContexts      : HHH000100: Fail-safe cleanup (collections) : org.hibernate.engine.loading.internal.CollectionLoadContext@5cb25087<rs=HikariProxyResultSet@1810959310 wrapping rs2991: null>
?[0m?[0;34m2023-03-31 16:06:02.689  WARN 29781 --- [nio-8080-exec-6] o.h.e.loading.internal.LoadContexts      : HHH000100: Fail-safe cleanup (collections) : org.hibernate.engine.loading.internal.CollectionLoadContext@5f6a2c5f<rs=HikariProxyResultSet@353988292 wrapping rs3401: null>
?[0m?[0;34m2023-03-31 16:06:02.689  WARN 29781 --- [nio-8080-exec-6] o.h.e.loading.internal.LoadContexts      : HHH000100: Fail-safe cleanup (collections) : org.hibernate.engine.loading.internal.CollectionLoadContext@7d1a22da<rs=HikariProxyResultSet@106830032 wrapping rs3009: null>
?[0m?[0;34m2023-03-31 16:06:02.689  WARN 29781 --- [nio-8080-exec-6] o.h.e.loading.internal.LoadContexts      : HHH000100: Fail-safe cleanup (collections) : org.hibernate.engine.loading.internal.CollectionLoadContext@997b59<rs=HikariProxyResultSet@327270608 wrapping rs3084: null>
?[0m?[0;34m2023-03-31 16:06:02.689  WARN 29781 --- [nio-8080-exec-6] o.h.e.loading.internal.LoadContexts      : HHH000100: Fail-safe cleanup (collections) : org.hibernate.engine.loading.internal.CollectionLoadContext@4e6125a5<rs=HikariProxyResultSet@912019922 wrapping rs3389: null>
?[0m?[0;34m2023-03-31 16:06:02.689  WARN 29781 --- [nio-8080-exec-6] o.h.e.loading.internal.LoadContexts      : HHH000100: Fail-safe cleanup (collections) : org.hibernate.engine.loading.internal.CollectionLoadContext@40e7e0e2<rs=HikariProxyResultSet@1785128918 wrapping rs3012: null>
?[0m?[0;34m2023-03-31 16:06:02.689  WARN 29781 --- [nio-8080-exec-6] o.h.e.loading.internal.LoadContexts      : HHH000100: Fail-safe cleanup (collections) : org.hibernate.engine.loading.internal.CollectionLoadContext@6c4716d6<rs=HikariProxyResultSet@446956502 wrapping rs3071: null>
?[0m?[0;34m2023-03-31 16:06:02.689  WARN 29781 --- [nio-8080-exec-6] o.h.e.loading.internal.LoadContexts      : HHH000100: Fail-safe cleanup (collections) : org.hibernate.engine.loading.internal.CollectionLoadContext@27cffbb4<rs=HikariProxyResultSet@270506200 wrapping rs3003: null>
?[0m?[0;34m2023-03-31 16:06:02.689  WARN 29781 --- [nio-8080-exec-6] o.h.e.loading.internal.LoadContexts      : HHH000100: Fail-safe cleanup (collections) : org.hibernate.engine.loading.internal.CollectionLoadContext@6044bee5<rs=HikariProxyResultSet@1890331993 wrapping rs2943: null>
?[0m?[0;34m2023-03-31 16:06:02.689  WARN 29781 --- [nio-8080-exec-6] o.h.e.loading.internal.LoadContexts      : HHH000100: Fail-safe cleanup (collections) : org.hibernate.engine.loading.internal.CollectionLoadContext@1fdbb2ff<rs=HikariProxyResultSet@959319385 wrapping rs3038: null>
?[0m?[0;34m2023-03-31 16:06:02.689  WARN 29781 --- [nio-8080-exec-6] o.h.e.loading.internal.LoadContexts      : HHH000100: Fail-safe cleanup (collections) : org.hibernate.engine.loading.internal.CollectionLoadContext@4bfef674<rs=HikariProxyResultSet@2100331865 wrapping rs3112: null>
?[0m?[0;34m2023-03-31 16:06:02.689  WARN 29781 --- [nio-8080-exec-6] o.h.e.loading.internal.LoadContexts      : HHH000100: Fail-safe cleanup (collections) : org.hibernate.engine.loading.internal.CollectionLoadContext@13b4b6e4<rs=HikariProxyResultSet@973273562 wrapping rs3243: null>
?[0m?[0;34m2023-03-31 16:06:02.689  WARN 29781 --- [nio-8080-exec-6] o.h.e.loading.internal.LoadContexts      : HHH000100: Fail-safe cleanup (collections) : org.hibernate.engine.loading.internal.CollectionLoadContext@56c291e1<rs=HikariProxyResultSet@1114788185 wrapping rs3258: null>
?[0m?[0;34m2023-03-31 16:06:02.689  WARN 29781 --- [nio-8080-exec-6] o.h.e.loading.internal.LoadContexts      : HHH000100: Fail-safe cleanup (collections) : org.hibernate.engine.loading.internal.CollectionLoadContext@14cc8d8c<rs=HikariProxyResultSet@1944227677 wrapping rs3354: null>
?[0m?[0;34m2023-03-31 16:06:02.689  WARN 29781 --- [nio-8080-exec-6] o.h.e.loading.internal.LoadContexts      : HHH000100: Fail-safe cleanup (collections) : org.hibernate.engine.loading.internal.CollectionLoadContext@283d8437<rs=HikariProxyResultSet@694970463 wrapping rs3219: null>
?[0m?[0;34m2023-03-31 16:06:02.689  WARN 29781 --- [nio-8080-exec-6] o.h.e.loading.internal.LoadContexts      : HHH000100: Fail-safe cleanup (collections) : org.hibernate.engine.loading.internal.CollectionLoadContext@1e881442<rs=HikariProxyResultSet@1932011744 wrapping rs3194: null>
?[0m?[0;34m2023-03-31 16:06:02.689  WARN 29781 --- [nio-8080-exec-6] o.h.e.loading.internal.LoadContexts      : HHH000100: Fail-safe cleanup (collections) : org.hibernate.engine.loading.internal.CollectionLoadContext@5c07d3eb<rs=HikariProxyResultSet@1007454432 wrapping rs3372: null>
?[0m?[0;34m2023-03-31 16:06:02.689  WARN 29781 --- [nio-8080-exec-6] o.h.e.loading.internal.LoadContexts      : HHH000100: Fail-safe cleanup (collections) : org.hibernate.engine.loading.internal.CollectionLoadContext@2c57950a<rs=HikariProxyResultSet@60341480 wrapping rs2870: null>
?[0m?[0;34m2023-03-31 16:06:02.689  WARN 29781 --- [nio-8080-exec-6] o.h.e.loading.internal.LoadContexts      : HHH000100: Fail-safe cleanup (collections) : org.hibernate.engine.loading.internal.CollectionLoadContext@688fa08b<rs=HikariProxyResultSet@301796713 wrapping rs2900: null>
?[0m?[0;34m2023-03-31 16:06:02.689  WARN 29781 --- [nio-8080-exec-6] o.h.e.loading.internal.LoadContexts      : HHH000100: Fail-safe cleanup (collections) : org.hibernate.engine.loading.internal.CollectionLoadContext@367b83dc<rs=HikariProxyResultSet@166361320 wrapping rs3185: null>
?[0m?[0;34m2023-03-31 16:06:02.689  WARN 29781 --- [nio-8080-exec-6] o.h.e.loading.internal.LoadContexts      : HHH000100: Fail-safe cleanup (collections) : org.hibernate.engine.loading.internal.CollectionLoadContext@54818673<rs=HikariProxyResultSet@2114844783 wrapping rs2948: null>
?[0m?[0;34m2023-03-31 16:06:02.689  WARN 29781 --- [nio-8080-exec-6] o.h.e.loading.internal.LoadContexts      : HHH000100: Fail-safe cleanup (collections) : org.hibernate.engine.loading.internal.CollectionLoadContext@446ea62c<rs=HikariProxyResultSet@1571754103 wrapping rs3061: null>
?[0m?[0;34m2023-03-31 16:06:02.689  WARN 29781 --- [nio-8080-exec-6] o.h.e.loading.internal.LoadContexts      : HHH000100: Fail-safe cleanup (collections) : org.hibernate.engine.loading.internal.CollectionLoadContext@51f0cdd2<rs=HikariProxyResultSet@1431694713 wrapping rs3136: null>
?[0m?[0;34m2023-03-31 16:06:02.689  WARN 29781 --- [nio-8080-exec-6] o.h.e.loading.internal.LoadContexts      : HHH000100: Fail-safe cleanup (collections) : org.hibernate.engine.loading.internal.CollectionLoadContext@3bffd153<rs=HikariProxyResultSet@1178847867 wrapping rs2871: null>
?[0m?[0;34m2023-03-31 16:06:02.689  WARN 29781 --- [nio-8080-exec-6] o.h.e.loading.internal.LoadContexts      : HHH000100: Fail-safe cleanup (collections) : org.hibernate.engine.loading.internal.CollectionLoadContext@63956a41<rs=HikariProxyResultSet@167844604 wrapping rs2866: null>
?[0m?[0;34m2023-03-31 16:06:02.689  WARN 29781 --- [nio-8080-exec-6] o.h.e.loading.internal.LoadContexts      : HHH000100: Fail-safe cleanup (collections) : org.hibernate.engine.loading.internal.CollectionLoadContext@527bffd9<rs=HikariProxyResultSet@1243282301 wrapping rs3135: null>
?[0m?[0;34m2023-03-31 16:06:02.689  WARN 29781 --- [nio-8080-exec-6] o.h.e.loading.internal.LoadContexts      : HHH000100: Fail-safe cleanup (collections) : org.hibernate.engine.loading.internal.CollectionLoadContext@5b22619<rs=HikariProxyResultSet@1363420924 wrapping rs3263: null>
?[0m?[0;34m2023-03-31 16:06:02.689  WARN 29781 --- [nio-8080-exec-6] o.h.e.loading.internal.LoadContexts      : HHH000100: Fail-safe cleanup (collections) : org.hibernate.engine.loading.internal.CollectionLoadContext@40820ab5<rs=HikariProxyResultSet@658585727 wrapping rs3242: null>
?[0m?[0;34m2023-03-31 16:06:02.689  WARN 29781 --- [nio-8080-exec-6] o.h.e.loading.internal.LoadContexts      : HHH000100: Fail-safe cleanup (collections) : org.hibernate.engine.loading.internal.CollectionLoadContext@88db786<rs=HikariProxyResultSet@1364244736 wrapping rs3081: null>
?[0m?[0;34m2023-03-31 16:06:02.689  WARN 29781 --- [nio-8080-exec-6] o.h.e.loading.internal.LoadContexts      : HHH000100: Fail-safe cleanup (collections) : org.hibernate.engine.loading.internal.CollectionLoadContext@5050479<rs=HikariProxyResultSet@1690936705 wrapping rs3035: null>
?[0m?[0;34m2023-03-31 16:06:02.689  WARN 29781 --- [nio-8080-exec-6] o.h.e.loading.internal.LoadContexts      : HHH000100: Fail-safe cleanup (collections) : org.hibernate.engine.loading.internal.CollectionLoadContext@1193682e<rs=HikariProxyResultSet@1188188674 wrapping rs3057: null>
?[0m?[0;34m2023-03-31 16:06:02.689  WARN 29781 --- [nio-8080-exec-6] o.h.e.loading.internal.LoadContexts      : HHH000100: Fail-safe cleanup (collections) : org.hibernate.engine.loading.internal.CollectionLoadContext@41941f0b<rs=HikariProxyResultSet@843348869 wrapping rs3308: null>
?[0m?[0;34m2023-03-31 16:06:02.689  WARN 29781 --- [nio-8080-exec-6] o.h.e.loading.internal.LoadContexts      : HHH000100: Fail-safe cleanup (collections) : org.hibernate.engine.loading.internal.CollectionLoadContext@24c0b138<rs=HikariProxyResultSet@1241373702 wrapping rs3053: null>
?[0m?[0;34m2023-03-31 16:06:02.689  WARN 29781 --- [nio-8080-exec-6] o.h.e.loading.internal.LoadContexts      : HHH000100: Fail-safe cleanup (collections) : org.hibernate.engine.loading.internal.CollectionLoadContext@9cb4f15<rs=HikariProxyResultSet@1524839946 wrapping rs3360: null>
?[0m?[0;34m2023-03-31 16:06:02.689  WARN 29781 --- [nio-8080-exec-6] o.h.e.loading.internal.LoadContexts      : HHH000100: Fail-safe cleanup (collections) : org.hibernate.engine.loading.internal.CollectionLoadContext@393941a<rs=HikariProxyResultSet@310750859 wrapping rs3289: null>
?[0m?[0;34m2023-03-31 16:06:02.689  WARN 29781 --- [nio-8080-exec-6] o.h.e.loading.internal.LoadContexts      : HHH000100: Fail-safe cleanup (collections) : org.hibernate.engine.loading.internal.CollectionLoadContext@629ebf24<rs=HikariProxyResultSet@2102697998 wrapping rs2877: null>
?[0m?[0;34m2023-03-31 16:06:02.689  WARN 29781 --- [nio-8080-exec-6] o.h.e.loading.internal.LoadContexts      : HHH000100: Fail-safe cleanup (collections) : org.hibernate.engine.loading.internal.CollectionLoadContext@43768b3e<rs=HikariProxyResultSet@1456602513 wrapping rs3223: null>
?[0m?[0;34m2023-03-31 16:06:02.689  WARN 29781 --- [nio-8080-exec-6] o.h.e.loading.internal.LoadContexts      : HHH000100: Fail-safe cleanup (collections) : org.hibernate.engine.loading.internal.CollectionLoadContext@1016c7a2<rs=HikariProxyResultSet@1138423314 wrapping rs3248: null>
?[0m?[0;34m2023-03-31 16:06:02.689  WARN 29781 --- [nio-8080-exec-6] o.h.e.loading.internal.LoadContexts      : HHH000100: Fail-safe cleanup (collections) : org.hibernate.engine.loading.internal.CollectionLoadContext@fbab2fe<rs=HikariProxyResultSet@155663124 wrapping rs2896: null>
?[0m?[0;34m2023-03-31 16:06:02.689  WARN 29781 --- [nio-8080-exec-6] o.h.e.loading.internal.LoadContexts      : HHH000100: Fail-safe cleanup (collections) : org.hibernate.engine.loading.internal.CollectionLoadContext@184a5bb2<rs=HikariProxyResultSet@1175530260 wrapping rs2945: null>
?[0m?[0;34m2023-03-31 16:06:02.689  WARN 29781 --- [nio-8080-exec-6] o.h.e.loading.internal.LoadContexts      : HHH000100: Fail-safe cleanup (collections) : org.hibernate.engine.loading.internal.CollectionLoadContext@6f120cfe<rs=HikariProxyResultSet@482970388 wrapping rs3209: null>
?[0m?[0;34m2023-03-31 16:06:02.689  WARN 29781 --- [nio-8080-exec-6] o.h.e.loading.internal.LoadContexts      : HHH000100: Fail-safe cleanup (collections) : org.hibernate.engine.loading.internal.CollectionLoadContext@499ffd69<rs=HikariProxyResultSet@619404310 wrapping rs3322: null>
?[0m?[0;34m2023-03-31 16:06:02.689  WARN 29781 --- [nio-8080-exec-6] o.h.e.loading.internal.LoadContexts      : HHH000100: Fail-safe cleanup (collections) : org.hibernate.engine.loading.internal.CollectionLoadContext@13e88be6<rs=HikariProxyResultSet@649905432 wrapping rs2951: null>
?[0m?[0;34m2023-03-31 16:06:02.689  WARN 29781 --- [nio-8080-exec-6] o.h.e.loading.internal.LoadContexts      : HHH000100: Fail-safe cleanup (collections) : org.hibernate.engine.loading.internal.CollectionLoadContext@5935c5e2<rs=HikariProxyResultSet@1982751129 wrapping rs3318: null>
?[0m?[0;34m2023-03-31 16:06:02.689  WARN 29781 --- [nio-8080-exec-6] o.h.e.loading.internal.LoadContexts      : HHH000100: Fail-safe cleanup (collections) : org.hibernate.engine.loading.internal.CollectionLoadContext@26bf57c6<rs=HikariProxyResultSet@461807130 wrapping rs3213: null>
?[0m?[0;34m2023-03-31 16:06:02.689  WARN 29781 --- [nio-8080-exec-6] o.h.e.loading.internal.LoadContexts      : HHH000100: Fail-safe cleanup (collections) : org.hibernate.engine.loading.internal.CollectionLoadContext@10fd92cd<rs=HikariProxyResultSet@77559451 wrapping rs2941: null>
?[0m?[0;34m2023-03-31 16:06:02.689  WARN 29781 --- [nio-8080-exec-6] o.h.e.loading.internal.LoadContexts      : HHH000100: Fail-safe cleanup (collections) : org.hibernate.engine.loading.internal.CollectionLoadContext@479d9c8f<rs=HikariProxyResultSet@607810461 wrapping rs2890: null>
?[0m?[0;34m2023-03-31 16:06:02.689  WARN 29781 --- [nio-8080-exec-6] o.h.e.loading.internal.LoadContexts      : HHH000100: Fail-safe cleanup (collections) : org.hibernate.engine.loading.internal.CollectionLoadContext@30f04b4b<rs=HikariProxyResultSet@1436497950 wrapping rs3382: null>
?[0m?[0;34m2023-03-31 16:06:02.689  WARN 29781 --- [nio-8080-exec-6] o.h.e.loading.internal.LoadContexts      : HHH000100: Fail-safe cleanup (collections) : org.hibernate.engine.loading.internal.CollectionLoadContext@6c2d3bf4<rs=HikariProxyResultSet@1612778147 wrapping rs3275: null>
?[0m?[0;34m2023-03-31 16:06:02.689  WARN 29781 --- [nio-8080-exec-6] o.h.e.loading.internal.LoadContexts      : HHH000100: Fail-safe cleanup (collections) : org.hibernate.engine.loading.internal.CollectionLoadContext@10baa746<rs=HikariProxyResultSet@1141371684 wrapping rs3278: null>
?[0m?[0;34m2023-03-31 16:06:02.690  WARN 29781 --- [nio-8080-exec-6] o.h.e.loading.internal.LoadContexts      : HHH000100: Fail-safe cleanup (collections) : org.hibernate.engine.loading.internal.CollectionLoadContext@3be8283a<rs=HikariProxyResultSet@1599915941 wrapping rs3290: null>
?[0m?[0;34m2023-03-31 16:06:02.690  WARN 29781 --- [nio-8080-exec-6] o.h.e.loading.internal.LoadContexts      : HHH000100: Fail-safe cleanup (collections) : org.hibernate.engine.loading.internal.CollectionLoadContext@970861f<rs=HikariProxyResultSet@832559271 wrapping rs3201: null>
?[0m?[0;34m2023-03-31 16:06:02.690  WARN 29781 --- [nio-8080-exec-6] o.h.e.loading.internal.LoadContexts      : HHH000100: Fail-safe cleanup (collections) : org.hibernate.engine.loading.internal.CollectionLoadContext@c87fe5e<rs=HikariProxyResultSet@1582637352 wrapping rs3120: null>
?[0m?[0;34m2023-03-31 16:06:02.690  WARN 29781 --- [nio-8080-exec-6] o.h.e.loading.internal.LoadContexts      : HHH000100: Fail-safe cleanup (collections) : org.hibernate.engine.loading.internal.CollectionLoadContext@4942f81f<rs=HikariProxyResultSet@77800744 wrapping rs3397: null>
?[0m?[0;34m2023-03-31 16:06:02.690  WARN 29781 --- [nio-8080-exec-6] o.h.e.loading.internal.LoadContexts      : HHH000100: Fail-safe cleanup (collections) : org.hibernate.engine.loading.internal.CollectionLoadContext@3311b0f5<rs=HikariProxyResultSet@1313036076 wrapping rs3141: null>
?[0m?[0;34m2023-03-31 16:06:02.690  WARN 29781 --- [nio-8080-exec-6] o.h.e.loading.internal.LoadContexts      : HHH000100: Fail-safe cleanup (collections) : org.hibernate.engine.loading.internal.CollectionLoadContext@3e5c88f6<rs=HikariProxyResultSet@194476844 wrapping rs3303: null>
?[0m?[0;34m2023-03-31 16:06:02.690  WARN 29781 --- [nio-8080-exec-6] o.h.e.loading.internal.LoadContexts      : HHH000100: Fail-safe cleanup (collections) : org.hibernate.engine.loading.internal.CollectionLoadContext@d9af46d<rs=HikariProxyResultSet@474128172 wrapping rs3363: null>
?[0m?[0;34m2023-03-31 16:06:02.690  WARN 29781 --- [nio-8080-exec-6] o.h.e.loading.internal.LoadContexts      : HHH000100: Fail-safe cleanup (collections) : org.hibernate.engine.loading.internal.CollectionLoadContext@53c667c1<rs=HikariProxyResultSet@1414113584 wrapping rs2910: null>
?[0m?[0;34m2023-03-31 16:06:02.690  WARN 29781 --- [nio-8080-exec-6] o.h.e.loading.internal.LoadContexts      : HHH000100: Fail-safe cleanup (collections) : org.hibernate.engine.loading.internal.CollectionLoadContext@6deee354<rs=HikariProxyResultSet@1423560242 wrapping rs3202: null>
?[0m?[0;34m2023-03-31 16:06:02.690  WARN 29781 --- [nio-8080-exec-6] o.h.e.loading.internal.LoadContexts      : HHH000100: Fail-safe cleanup (collections) : org.hibernate.engine.loading.internal.CollectionLoadContext@372fdd27<rs=HikariProxyResultSet@62115765 wrapping rs2874: null>
?[0m?[0;34m2023-03-31 16:06:02.690  WARN 29781 --- [nio-8080-exec-6] o.h.e.loading.internal.LoadContexts      : HHH000100: Fail-safe cleanup (collections) : org.hibernate.engine.loading.internal.CollectionLoadContext@6d4c7e33<rs=HikariProxyResultSet@737023159 wrapping rs2854: null>
?[0m?[0;34m2023-03-31 16:06:02.690  WARN 29781 --- [nio-8080-exec-6] o.h.e.loading.internal.LoadContexts      : HHH000100: Fail-safe cleanup (collections) : org.hibernate.engine.loading.internal.CollectionLoadContext@dd4e434<rs=HikariProxyResultSet@1247414455 wrapping rs3117: null>
?[0m?[0;34m2023-03-31 16:06:02.690  WARN 29781 --- [nio-8080-exec-6] o.h.e.loading.internal.LoadContexts      : HHH000100: Fail-safe cleanup (collections) : org.hibernate.engine.loading.internal.CollectionLoadContext@17ba5299<rs=HikariProxyResultSet@1030781369 wrapping rs3179: null>
?[0m?[0;34m2023-03-31 16:06:02.690  WARN 29781 --- [nio-8080-exec-6] o.h.e.loading.internal.LoadContexts      : HHH000100: Fail-safe cleanup (collections) : org.hibernate.engine.loading.internal.CollectionLoadContext@5e3563ac<rs=HikariProxyResultSet@221333050 wrapping rs3319: null>
?[0m?[0;34m2023-03-31 16:06:02.690  WARN 29781 --- [nio-8080-exec-6] o.h.e.loading.internal.LoadContexts      : HHH000100: Fail-safe cleanup (collections) : org.hibernate.engine.loading.internal.CollectionLoadContext@508623bf<rs=HikariProxyResultSet@992105147 wrapping rs3157: null>
?[0m?[0;34m2023-03-31 16:06:02.690  WARN 29781 --- [nio-8080-exec-6] o.h.e.loading.internal.LoadContexts      : HHH000100: Fail-safe cleanup (collections) : org.hibernate.engine.loading.internal.CollectionLoadContext@7ad988df<rs=HikariProxyResultSet@141438780 wrapping rs2923: null>
?[0m?[0;34m2023-03-31 16:06:02.690  WARN 29781 --- [nio-8080-exec-6] o.h.e.loading.internal.LoadContexts      : HHH000100: Fail-safe cleanup (collections) : org.hibernate.engine.loading.internal.CollectionLoadContext@3fb23387<rs=HikariProxyResultSet@458145596 wrapping rs3115: null>
?[0m?[0;34m2023-03-31 16:06:02.690  WARN 29781 --- [nio-8080-exec-6] o.h.e.loading.internal.LoadContexts      : HHH000100: Fail-safe cleanup (collections) : org.hibernate.engine.loading.internal.CollectionLoadContext@4aef1fde<rs=HikariProxyResultSet@710267192 wrapping rs3334: null>
?[0m?[0;34m2023-03-31 16:06:02.690  WARN 29781 --- [nio-8080-exec-6] o.h.e.loading.internal.LoadContexts      : HHH000100: Fail-safe cleanup (collections) : org.hibernate.engine.loading.internal.CollectionLoadContext@2b9556e7<rs=HikariProxyResultSet@1469239229 wrapping rs3352: null>
?[0m?[0;34m2023-03-31 16:06:02.690  WARN 29781 --- [nio-8080-exec-6] o.h.e.loading.internal.LoadContexts      : HHH000100: Fail-safe cleanup (collections) : org.hibernate.engine.loading.internal.CollectionLoadContext@1dbcac3a<rs=HikariProxyResultSet@1741722944 wrapping rs3067: null>
?[0m?[0;34m2023-03-31 16:06:02.690  WARN 29781 --- [nio-8080-exec-6] o.h.e.loading.internal.LoadContexts      : HHH000100: Fail-safe cleanup (collections) : org.hibernate.engine.loading.internal.CollectionLoadContext@333c8a01<rs=HikariProxyResultSet@970613185 wrapping rs2857: null>
?[0m?[0;34m2023-03-31 16:06:02.690  WARN 29781 --- [nio-8080-exec-6] o.h.e.loading.internal.LoadContexts      : HHH000100: Fail-safe cleanup (collections) : org.hibernate.engine.loading.internal.CollectionLoadContext@11f6257<rs=HikariProxyResultSet@9338305 wrapping rs3126: null>
?[0m?[0;34m2023-03-31 16:06:02.690  WARN 29781 --- [nio-8080-exec-6] o.h.e.loading.internal.LoadContexts      : HHH000100: Fail-safe cleanup (collections) : org.hibernate.engine.loading.internal.CollectionLoadContext@3c3efd<rs=HikariProxyResultSet@1777884738 wrapping rs3274: null>
?[0m?[0;34m2023-03-31 16:06:02.690  WARN 29781 --- [nio-8080-exec-6] o.h.e.loading.internal.LoadContexts      : HHH000100: Fail-safe cleanup (collections) : org.hibernate.engine.loading.internal.CollectionLoadContext@78198fbc<rs=HikariProxyResultSet@1532021943 wrapping rs3369: null>
?[0m?[0;34m2023-03-31 16:06:02.690  WARN 29781 --- [nio-8080-exec-6] o.h.e.loading.internal.LoadContexts      : HHH000100: Fail-safe cleanup (collections) : org.hibernate.engine.loading.internal.CollectionLoadContext@2f226e3c<rs=HikariProxyResultSet@1892843590 wrapping rs3410: null>
?[0m?[0;34m2023-03-31 16:06:02.690  WARN 29781 --- [nio-8080-exec-6] o.h.e.loading.internal.LoadContexts      : HHH000100: Fail-safe cleanup (collections) : org.hibernate.engine.loading.internal.CollectionLoadContext@5555bc55<rs=HikariProxyResultSet@293272009 wrapping rs3374: null>
?[0m?[0;34m2023-03-31 16:06:02.690  WARN 29781 --- [nio-8080-exec-6] o.h.e.loading.internal.LoadContexts      : HHH000100: Fail-safe cleanup (collections) : org.hibernate.engine.loading.internal.CollectionLoadContext@34ffabd4<rs=HikariProxyResultSet@1441603017 wrapping rs3383: null>
?[0m?[0;34m2023-03-31 16:06:02.690  WARN 29781 --- [nio-8080-exec-6] o.h.e.loading.internal.LoadContexts      : HHH000100: Fail-safe cleanup (collections) : org.hibernate.engine.loading.internal.CollectionLoadContext@2fa698<rs=HikariProxyResultSet@409560650 wrapping rs3390: null>
?[0m?[0;34m2023-03-31 16:06:02.690  WARN 29781 --- [nio-8080-exec-6] o.h.e.loading.internal.LoadContexts      : HHH000100: Fail-safe cleanup (collections) : org.hibernate.engine.loading.internal.CollectionLoadContext@3c406b2f<rs=HikariProxyResultSet@1722630222 wrapping rs2961: null>
?[0m?[0;34m2023-03-31 16:06:02.690  WARN 29781 --- [nio-8080-exec-6] o.h.e.loading.internal.LoadContexts      : HHH000100: Fail-safe cleanup (collections) : org.hibernate.engine.loading.internal.CollectionLoadContext@440fdfe6<rs=HikariProxyResultSet@164741327 wrapping rs2873: null>
?[0m?[0;34m2023-03-31 16:06:02.690  WARN 29781 --- [nio-8080-exec-6] o.h.e.loading.internal.LoadContexts      : HHH000100: Fail-safe cleanup (collections) : org.hibernate.engine.loading.internal.CollectionLoadContext@d677db8<rs=HikariProxyResultSet@1266998479 wrapping rs2918: null>
?[0m?[0;34m2023-03-31 16:06:02.690  WARN 29781 --- [nio-8080-exec-6] o.h.e.loading.internal.LoadContexts      : HHH000100: Fail-safe cleanup (collections) : org.hibernate.engine.loading.internal.CollectionLoadContext@708111ea<rs=HikariProxyResultSet@592653519 wrapping rs2933: null>
?[0m?[0;34m2023-03-31 16:06:02.690  WARN 29781 --- [nio-8080-exec-6] o.h.e.loading.internal.LoadContexts      : HHH000100: Fail-safe cleanup (collections) : org.hibernate.engine.loading.internal.CollectionLoadContext@4f2715c6<rs=HikariProxyResultSet@1168371790 wrapping rs3312: null>
?[0m?[0;34m2023-03-31 16:06:02.690  WARN 29781 --- [nio-8080-exec-6] o.h.e.loading.internal.LoadContexts      : HHH000100: Fail-safe cleanup (collections) : org.hibernate.engine.loading.internal.CollectionLoadContext@75ed132b<rs=HikariProxyResultSet@335393999 wrapping rs3314: null>
?[0m?[0;34m2023-03-31 16:06:02.690  WARN 29781 --- [nio-8080-exec-6] o.h.e.loading.internal.LoadContexts      : HHH000100: Fail-safe cleanup (collections) : org.hibernate.engine.loading.internal.CollectionLoadContext@43d13a93<rs=HikariProxyResultSet@807838548 wrapping rs3069: null>
?[0m?[0;34m2023-03-31 16:06:02.690  WARN 29781 --- [nio-8080-exec-6] o.h.e.loading.internal.LoadContexts      : HHH000100: Fail-safe cleanup (collections) : org.hibernate.engine.loading.internal.CollectionLoadContext@3ba77d42<rs=HikariProxyResultSet@572415957 wrapping rs2905: null>
?[0m?[0;34m2023-03-31 16:06:02.690  WARN 29781 --- [nio-8080-exec-6] o.h.e.loading.internal.LoadContexts      : HHH000100: Fail-safe cleanup (collections) : org.hibernate.engine.loading.internal.CollectionLoadContext@4cd9d6d5<rs=HikariProxyResultSet@2140013017 wrapping rs3094: null>
?[0m?[0;34m2023-03-31 16:06:02.690  WARN 29781 --- [nio-8080-exec-6] o.h.e.loading.internal.LoadContexts      : HHH000100: Fail-safe cleanup (collections) : org.hibernate.engine.loading.internal.CollectionLoadContext@5130f02e<rs=HikariProxyResultSet@702377562 wrapping rs3206: null>
?[0m?[0;34m2023-03-31 16:06:02.690  WARN 29781 --- [nio-8080-exec-6] o.h.e.loading.internal.LoadContexts      : HHH000100: Fail-safe cleanup (collections) : org.hibernate.engine.loading.internal.CollectionLoadContext@1bff5d39<rs=HikariProxyResultSet@1261710809 wrapping rs3208: null>
?[0m?[0;34m2023-03-31 16:06:02.690  WARN 29781 --- [nio-8080-exec-6] o.h.e.loading.internal.LoadContexts      : HHH000100: Fail-safe cleanup (collections) : org.hibernate.engine.loading.internal.CollectionLoadContext@1bb26e69<rs=HikariProxyResultSet@2144687706 wrapping rs3259: null>
?[0m?[0;34m2023-03-31 16:06:02.690  WARN 29781 --- [nio-8080-exec-6] o.h.e.loading.internal.LoadContexts      : HHH000100: Fail-safe cleanup (collections) : org.hibernate.engine.loading.internal.CollectionLoadContext@19df6cb4<rs=HikariProxyResultSet@1315113054 wrapping rs3168: null>
?[0m?[0;34m2023-03-31 16:06:02.690  WARN 29781 --- [nio-8080-exec-6] o.h.e.loading.internal.LoadContexts      : HHH000100: Fail-safe cleanup (collections) : org.hibernate.engine.loading.internal.CollectionLoadContext@4fb84e21<rs=HikariProxyResultSet@147934560 wrapping rs3254: null>
?[0m?[0;34m2023-03-31 16:06:02.690  WARN 29781 --- [nio-8080-exec-6] o.h.e.loading.internal.LoadContexts      : HHH000100: Fail-safe cleanup (collections) : org.hibernate.engine.loading.internal.CollectionLoadContext@2ecfc47a<rs=HikariProxyResultSet@671495270 wrapping rs2924: null>
?[0m?[0;34m2023-03-31 16:06:02.690  WARN 29781 --- [nio-8080-exec-6] o.h.e.loading.internal.LoadContexts      : HHH000100: Fail-safe cleanup (collections) : org.hibernate.engine.loading.internal.CollectionLoadContext@260626ec<rs=HikariProxyResultSet@267627622 wrapping rs3307: null>
?[0m?[0;34m2023-03-31 16:06:02.690  WARN 29781 --- [nio-8080-exec-6] o.h.e.loading.internal.LoadContexts      : HHH000100: Fail-safe cleanup (collections) : org.hibernate.engine.loading.internal.CollectionLoadContext@44de5454<rs=HikariProxyResultSet@429962858 wrapping rs3074: null>
?[0m?[0;34m2023-03-31 16:06:02.690  WARN 29781 --- [nio-8080-exec-6] o.h.e.loading.internal.LoadContexts      : HHH000100: Fail-safe cleanup (collections) : org.hibernate.engine.loading.internal.CollectionLoadContext@499ad3a8<rs=HikariProxyResultSet@1128629995 wrapping rs3143: null>
?[0m?[0;34m2023-03-31 16:06:02.690  WARN 29781 --- [nio-8080-exec-6] o.h.e.loading.internal.LoadContexts      : HHH000100: Fail-safe cleanup (collections) : org.hibernate.engine.loading.internal.CollectionLoadContext@192632f5<rs=HikariProxyResultSet@567183599 wrapping rs3154: null>
?[0m?[0;34m2023-03-31 16:06:02.694  WARN 29781 --- [nio-8080-exec-6] o.h.e.loading.internal.LoadContexts      : HHH000100: Fail-safe cleanup (collections) : org.hibernate.engine.loading.internal.CollectionLoadContext@e00567b<rs=HikariProxyResultSet@119707766 wrapping rs3229: null>
?[0m?[0;34m2023-03-31 16:06:02.695  WARN 29781 --- [nio-8080-exec-6] o.h.e.loading.internal.LoadContexts      : HHH000100: Fail-safe cleanup (collections) : org.hibernate.engine.loading.internal.CollectionLoadContext@38cacf1b<rs=HikariProxyResultSet@232449271 wrapping rs2883: null>
?[0m?[0;34m2023-03-31 16:06:02.695  WARN 29781 --- [nio-8080-exec-6] o.h.e.loading.internal.LoadContexts      : HHH000100: Fail-safe cleanup (collections) : org.hibernate.engine.loading.internal.CollectionLoadContext@27d25c39<rs=HikariProxyResultSet@1223249143 wrapping rs2913: null>
?[0m?[0;34m2023-03-31 16:06:02.695  WARN 29781 --- [nio-8080-exec-6] o.h.e.loading.internal.LoadContexts      : HHH000100: Fail-safe cleanup (collections) : org.hibernate.engine.loading.internal.CollectionLoadContext@fcb73ac<rs=HikariProxyResultSet@490559864 wrapping rs3105: null>
?[0m?[0;34m2023-03-31 16:06:02.695  WARN 29781 --- [nio-8080-exec-6] o.h.e.loading.internal.LoadContexts      : HHH000100: Fail-safe cleanup (collections) : org.hibernate.engine.loading.internal.CollectionLoadContext@3f45fa0<rs=HikariProxyResultSet@232594679 wrapping rs3158: null>
?[0m?[0;34m2023-03-31 16:06:02.695  WARN 29781 --- [nio-8080-exec-6] o.h.e.loading.internal.LoadContexts      : HHH000100: Fail-safe cleanup (collections) : org.hibernate.engine.loading.internal.CollectionLoadContext@6d28fad2<rs=HikariProxyResultSet@542248699 wrapping rs3122: null>
?[0m?[0;34m2023-03-31 16:06:02.695  WARN 29781 --- [nio-8080-exec-6] o.h.e.loading.internal.LoadContexts      : HHH000100: Fail-safe cleanup (collections) : org.hibernate.engine.loading.internal.CollectionLoadContext@58ae50da<rs=HikariProxyResultSet@456796028 wrapping rs3068: null>
?[0m?[0;34m2023-03-31 16:06:02.695  WARN 29781 --- [nio-8080-exec-6] o.h.e.loading.internal.LoadContexts      : HHH000100: Fail-safe cleanup (collections) : org.hibernate.engine.loading.internal.CollectionLoadContext@c2c0e70<rs=HikariProxyResultSet@692641402 wrapping rs3211: null>
?[0m?[0;34m2023-03-31 16:06:02.695  WARN 29781 --- [nio-8080-exec-6] o.h.e.loading.internal.LoadContexts      : HHH000100: Fail-safe cleanup (collections) : org.hibernate.engine.loading.internal.CollectionLoadContext@2d84590a<rs=HikariProxyResultSet@1124523779 wrapping rs3350: null>
?[0m?[0;34m2023-03-31 16:06:02.695  WARN 29781 --- [nio-8080-exec-6] o.h.e.loading.internal.LoadContexts      : HHH000100: Fail-safe cleanup (collections) : org.hibernate.engine.loading.internal.CollectionLoadContext@750d802<rs=HikariProxyResultSet@402372484 wrapping rs3037: null>
?[0m?[0;34m2023-03-31 16:06:02.695  WARN 29781 --- [nio-8080-exec-6] o.h.e.loading.internal.LoadContexts      : HHH000100: Fail-safe cleanup (collections) : org.hibernate.engine.loading.internal.CollectionLoadContext@2dd260b2<rs=HikariProxyResultSet@418971782 wrapping rs3002: null>
?[0m?[0;34m2023-03-31 16:06:02.695  WARN 29781 --- [nio-8080-exec-6] o.h.e.loading.internal.LoadContexts      : HHH000100: Fail-safe cleanup (collections) : org.hibernate.engine.loading.internal.CollectionLoadContext@41e1b4f6<rs=HikariProxyResultSet@747631879 wrapping rs3345: null>
?[0m?[0;34m2023-03-31 16:06:02.695  WARN 29781 --- [nio-8080-exec-6] o.h.e.loading.internal.LoadContexts      : HHH000100: Fail-safe cleanup (collections) : org.hibernate.engine.loading.internal.CollectionLoadContext@4e22f9c9<rs=HikariProxyResultSet@1724322184 wrapping rs3022: null>
?[0m?[0;34m2023-03-31 16:06:02.695  WARN 29781 --- [nio-8080-exec-6] o.h.e.loading.internal.LoadContexts      : HHH000100: Fail-safe cleanup (collections) : org.hibernate.engine.loading.internal.CollectionLoadContext@4fb3b8c7<rs=HikariProxyResultSet@696442377 wrapping rs3181: null>
?[0m?[0;34m2023-03-31 16:06:02.695  WARN 29781 --- [nio-8080-exec-6] o.h.e.loading.internal.LoadContexts      : HHH000100: Fail-safe cleanup (collections) : org.hibernate.engine.loading.internal.CollectionLoadContext@71da8673<rs=HikariProxyResultSet@1065225866 wrapping rs3198: null>
?[0m?[0;34m2023-03-31 16:06:02.695  WARN 29781 --- [nio-8080-exec-6] o.h.e.loading.internal.LoadContexts      : HHH000100: Fail-safe cleanup (collections) : org.hibernate.engine.loading.internal.CollectionLoadContext@3dd0caba<rs=HikariProxyResultSet@709939334 wrapping rs3357: null>
?[0m?[0;34m2023-03-31 16:06:02.695  WARN 29781 --- [nio-8080-exec-6] o.h.e.loading.internal.LoadContexts      : HHH000100: Fail-safe cleanup (collections) : org.hibernate.engine.loading.internal.CollectionLoadContext@64e59078<rs=HikariProxyResultSet@1111784461 wrapping rs2885: null>
?[0m?[0;34m2023-03-31 16:06:02.695  WARN 29781 --- [nio-8080-exec-6] o.h.e.loading.internal.LoadContexts      : HHH000100: Fail-safe cleanup (collections) : org.hibernate.engine.loading.internal.CollectionLoadContext@36c279a3<rs=HikariProxyResultSet@1090291854 wrapping rs2865: null>
?[0m?[0;34m2023-03-31 16:06:02.695  WARN 29781 --- [nio-8080-exec-6] o.h.e.loading.internal.LoadContexts      : HHH000100: Fail-safe cleanup (collections) : org.hibernate.engine.loading.internal.CollectionLoadContext@138e9816<rs=HikariProxyResultSet@362930318 wrapping rs3092: null>
?[0m?[0;34m2023-03-31 16:06:02.695  WARN 29781 --- [nio-8080-exec-6] o.h.e.loading.internal.LoadContexts      : HHH000100: Fail-safe cleanup (collections) : org.hibernate.engine.loading.internal.CollectionLoadContext@28b005c7<rs=HikariProxyResultSet@1700809870 wrapping rs3346: null>
?[0m?[0;34m2023-03-31 16:06:02.695  WARN 29781 --- [nio-8080-exec-6] o.h.e.loading.internal.LoadContexts      : HHH000100: Fail-safe cleanup (collections) : org.hibernate.engine.loading.internal.CollectionLoadContext@601e26f9<rs=HikariProxyResultSet@1102197394 wrapping rs3086: null>
?[0m?[0;34m2023-03-31 16:06:02.695  WARN 29781 --- [nio-8080-exec-6] o.h.e.loading.internal.LoadContexts      : HHH000100: Fail-safe cleanup (collections) : org.hibernate.engine.loading.internal.CollectionLoadContext@45b44438<rs=HikariProxyResultSet@597885973 wrapping rs3377: null>
?[0m?[0;34m2023-03-31 16:06:02.695  WARN 29781 --- [nio-8080-exec-6] o.h.e.loading.internal.LoadContexts      : HHH000100: Fail-safe cleanup (collections) : org.hibernate.engine.loading.internal.CollectionLoadContext@229d3ab0<rs=HikariProxyResultSet@576257432 wrapping rs3253: null>
?[0m?[0;34m2023-03-31 16:06:02.695  WARN 29781 --- [nio-8080-exec-6] o.h.e.loading.internal.LoadContexts      : HHH000100: Fail-safe cleanup (collections) : org.hibernate.engine.loading.internal.CollectionLoadContext@a2b8d19<rs=HikariProxyResultSet@1327278617 wrapping rs2879: null>
?[0m?[0;34m2023-03-31 16:06:02.695  WARN 29781 --- [nio-8080-exec-6] o.h.e.loading.internal.LoadContexts      : HHH000100: Fail-safe cleanup (collections) : org.hibernate.engine.loading.internal.CollectionLoadContext@1b935b4b<rs=HikariProxyResultSet@1851151897 wrapping rs2937: null>
?[0m?[0;34m2023-03-31 16:06:02.695  WARN 29781 --- [nio-8080-exec-6] o.h.e.loading.internal.LoadContexts      : HHH000100: Fail-safe cleanup (collections) : org.hibernate.engine.loading.internal.CollectionLoadContext@7c614985<rs=HikariProxyResultSet@1012646425 wrapping rs2988: null>
?[0m?[0;34m2023-03-31 16:06:02.695  WARN 29781 --- [nio-8080-exec-6] o.h.e.loading.internal.LoadContexts      : HHH000100: Fail-safe cleanup (collections) : org.hibernate.engine.loading.internal.CollectionLoadContext@3762b403<rs=HikariProxyResultSet@800082844 wrapping rs2936: null>
?[0m?[0;34m2023-03-31 16:06:02.695  WARN 29781 --- [nio-8080-exec-6] o.h.e.loading.internal.LoadContexts      : HHH000100: Fail-safe cleanup (collections) : org.hibernate.engine.loading.internal.CollectionLoadContext@61f7b4b3<rs=HikariProxyResultSet@330685082 wrapping rs3324: null>
?[0m?[0;34m2023-03-31 16:06:02.695  WARN 29781 --- [nio-8080-exec-6] o.h.e.loading.internal.LoadContexts      : HHH000100: Fail-safe cleanup (collections) : org.hibernate.engine.loading.internal.CollectionLoadContext@603fe2c5<rs=HikariProxyResultSet@384997276 wrapping rs3341: null>
?[0m?[0;34m2023-03-31 16:06:02.695  WARN 29781 --- [nio-8080-exec-6] o.h.e.loading.internal.LoadContexts      : HHH000100: Fail-safe cleanup (collections) : org.hibernate.engine.loading.internal.CollectionLoadContext@1664a226<rs=HikariProxyResultSet@228733465 wrapping rs3404: null>
?[0m?[0;34m2023-03-31 16:06:02.695  WARN 29781 --- [nio-8080-exec-6] o.h.e.loading.internal.LoadContexts      : HHH000100: Fail-safe cleanup (collections) : org.hibernate.engine.loading.internal.CollectionLoadContext@3484ce45<rs=HikariProxyResultSet@168351136 wrapping rs3343: null>
?[0m?[0;34m2023-03-31 16:06:02.695  WARN 29781 --- [nio-8080-exec-6] o.h.e.loading.internal.LoadContexts      : HHH000100: Fail-safe cleanup (collections) : org.hibernate.engine.loading.internal.CollectionLoadContext@688ab64a<rs=HikariProxyResultSet@1150849698 wrapping rs3403: null>
?[0m?[0;34m2023-03-31 16:06:02.695  WARN 29781 --- [nio-8080-exec-6] o.h.e.loading.internal.LoadContexts      : HHH000100: Fail-safe cleanup (collections) : org.hibernate.engine.loading.internal.CollectionLoadContext@773c5854<rs=HikariProxyResultSet@705502116 wrapping rs2976: null>
?[0m?[0;34m2023-03-31 16:06:02.695  WARN 29781 --- [nio-8080-exec-6] o.h.e.loading.internal.LoadContexts      : HHH000100: Fail-safe cleanup (collections) : org.hibernate.engine.loading.internal.CollectionLoadContext@447aa107<rs=HikariProxyResultSet@706322985 wrapping rs3052: null>
?[0m?[0;34m2023-03-31 16:06:02.695  WARN 29781 --- [nio-8080-exec-6] o.h.e.loading.internal.LoadContexts      : HHH000100: Fail-safe cleanup (collections) : org.hibernate.engine.loading.internal.CollectionLoadContext@569ea92b<rs=HikariProxyResultSet@1435715242 wrapping rs2959: null>
?[0m?[0;34m2023-03-31 16:06:02.695  WARN 29781 --- [nio-8080-exec-6] o.h.e.loading.internal.LoadContexts      : HHH000100: Fail-safe cleanup (collections) : org.hibernate.engine.loading.internal.CollectionLoadContext@6b9b6d54<rs=HikariProxyResultSet@1691629355 wrapping rs3394: null>
?[0m?[0;34m2023-03-31 16:06:02.695  WARN 29781 --- [nio-8080-exec-6] o.h.e.loading.internal.LoadContexts      : HHH000100: Fail-safe cleanup (collections) : org.hibernate.engine.loading.internal.CollectionLoadContext@7e70768b<rs=HikariProxyResultSet@1319031724 wrapping rs3088: null>
?[0m?[0;34m2023-03-31 16:06:02.695  WARN 29781 --- [nio-8080-exec-6] o.h.e.loading.internal.LoadContexts      : HHH000100: Fail-safe cleanup (collections) : org.hibernate.engine.loading.internal.CollectionLoadContext@6f1382db<rs=HikariProxyResultSet@1503200301 wrapping rs3184: null>
?[0m?[0;34m2023-03-31 16:06:02.695  WARN 29781 --- [nio-8080-exec-6] o.h.e.loading.internal.LoadContexts      : HHH000100: Fail-safe cleanup (collections) : org.hibernate.engine.loading.internal.CollectionLoadContext@4ce7b9e3<rs=HikariProxyResultSet@1261815087 wrapping rs2997: null>
?[0m?[0;34m2023-03-31 16:06:02.695  WARN 29781 --- [nio-8080-exec-6] o.h.e.loading.internal.LoadContexts      : HHH000100: Fail-safe cleanup (collections) : org.hibernate.engine.loading.internal.CollectionLoadContext@7c269ce6<rs=HikariProxyResultSet@1340595124 wrapping rs3344: null>
?[0m?[0;34m2023-03-31 16:06:02.695  WARN 29781 --- [nio-8080-exec-6] o.h.e.loading.internal.LoadContexts      : HHH000100: Fail-safe cleanup (collections) : org.hibernate.engine.loading.internal.CollectionLoadContext@19f69c7<rs=HikariProxyResultSet@292251572 wrapping rs3386: null>
?[0m?[0;34m2023-03-31 16:06:02.695  WARN 29781 --- [nio-8080-exec-6] o.h.e.loading.internal.LoadContexts      : HHH000100: Fail-safe cleanup (collections) : org.hibernate.engine.loading.internal.CollectionLoadContext@72e92675<rs=HikariProxyResultSet@751166775 wrapping rs2931: null>
?[0m?[0;34m2023-03-31 16:06:02.695  WARN 29781 --- [nio-8080-exec-6] o.h.e.loading.internal.LoadContexts      : HHH000100: Fail-safe cleanup (collections) : org.hibernate.engine.loading.internal.CollectionLoadContext@330b16a<rs=HikariProxyResultSet@2064517560 wrapping rs3043: null>
?[0m?[0;34m2023-03-31 16:06:02.695  WARN 29781 --- [nio-8080-exec-6] o.h.e.loading.internal.LoadContexts      : HHH000100: Fail-safe cleanup (collections) : org.hibernate.engine.loading.internal.CollectionLoadContext@4b39dc46<rs=HikariProxyResultSet@916327864 wrapping rs3056: null>
?[0m?[0;34m2023-03-31 16:06:02.695  WARN 29781 --- [nio-8080-exec-6] o.h.e.loading.internal.LoadContexts      : HHH000100: Fail-safe cleanup (collections) : org.hibernate.engine.loading.internal.CollectionLoadContext@319245b7<rs=HikariProxyResultSet@1818623287 wrapping rs3304: null>
?[0m?[0;34m2023-03-31 16:06:02.695  WARN 29781 --- [nio-8080-exec-6] o.h.e.loading.internal.LoadContexts      : HHH000100: Fail-safe cleanup (collections) : org.hibernate.engine.loading.internal.CollectionLoadContext@af3077e<rs=HikariProxyResultSet@1390280507 wrapping rs3040: null>
?[0m?[0;34m2023-03-31 16:06:02.695  WARN 29781 --- [nio-8080-exec-6] o.h.e.loading.internal.LoadContexts      : HHH000100: Fail-safe cleanup (collections) : org.hibernate.engine.loading.internal.CollectionLoadContext@cce5cab<rs=HikariProxyResultSet@233689020 wrapping rs3188: null>
?[0m?[0;34m2023-03-31 16:06:02.695  WARN 29781 --- [nio-8080-exec-6] o.h.e.loading.internal.LoadContexts      : HHH000100: Fail-safe cleanup (collections) : org.hibernate.engine.loading.internal.CollectionLoadContext@9107a98<rs=HikariProxyResultSet@696960061 wrapping rs3001: null>
?[0m?[0;34m2023-03-31 16:06:02.695  WARN 29781 --- [nio-8080-exec-6] o.h.e.loading.internal.LoadContexts      : HHH000100: Fail-safe cleanup (collections) : org.hibernate.engine.loading.internal.CollectionLoadContext@2a8c29f0<rs=HikariProxyResultSet@914886717 wrapping rs3210: null>
?[0m?[0;34m2023-03-31 16:06:02.695  WARN 29781 --- [nio-8080-exec-6] o.h.e.loading.internal.LoadContexts      : HHH000100: Fail-safe cleanup (collections) : org.hibernate.engine.loading.internal.CollectionLoadContext@38d60328<rs=HikariProxyResultSet@517126721 wrapping rs3102: null>
?[0m?[0;34m2023-03-31 16:06:02.695  WARN 29781 --- [nio-8080-exec-6] o.h.e.loading.internal.LoadContexts      : HHH000100: Fail-safe cleanup (collections) : org.hibernate.engine.loading.internal.CollectionLoadContext@46032b9d<rs=HikariProxyResultSet@646799429 wrapping rs2973: null>
?[0m?[0;34m2023-03-31 16:06:02.695  WARN 29781 --- [nio-8080-exec-6] o.h.e.loading.internal.LoadContexts      : HHH000100: Fail-safe cleanup (collections) : org.hibernate.engine.loading.internal.CollectionLoadContext@4ccd4d7f<rs=HikariProxyResultSet@1345554630 wrapping rs3288: null>
?[0m?[0;34m2023-03-31 16:06:02.695  WARN 29781 --- [nio-8080-exec-6] o.h.e.loading.internal.LoadContexts      : HHH000100: Fail-safe cleanup (collections) : org.hibernate.engine.loading.internal.CollectionLoadContext@7c53ebf<rs=HikariProxyResultSet@1734885832 wrapping rs3197: null>
?[0m?[0;34m2023-03-31 16:06:02.695  WARN 29781 --- [nio-8080-exec-6] o.h.e.loading.internal.LoadContexts      : HHH000100: Fail-safe cleanup (collections) : org.hibernate.engine.loading.internal.CollectionLoadContext@f82b22c<rs=HikariProxyResultSet@1780118218 wrapping rs3016: null>
?[0m?[0;34m2023-03-31 16:06:02.695  WARN 29781 --- [nio-8080-exec-6] o.h.e.loading.internal.LoadContexts      : HHH000100: Fail-safe cleanup (collections) : org.hibernate.engine.loading.internal.CollectionLoadContext@50023f82<rs=HikariProxyResultSet@1883590604 wrapping rs3091: null>
?[0m?[0;34m2023-03-31 16:06:02.695  WARN 29781 --- [nio-8080-exec-6] o.h.e.loading.internal.LoadContexts      : HHH000100: Fail-safe cleanup (collections) : org.hibernate.engine.loading.internal.CollectionLoadContext@76022648<rs=HikariProxyResultSet@602490957 wrapping rs2898: null>
?[0m?[0;34m2023-03-31 16:06:02.695  WARN 29781 --- [nio-8080-exec-6] o.h.e.loading.internal.LoadContexts      : HHH000100: Fail-safe cleanup (collections) : org.hibernate.engine.loading.internal.CollectionLoadContext@581ccef1<rs=HikariProxyResultSet@2108507221 wrapping rs2878: null>
?[0m?[0;34m2023-03-31 16:06:02.695  WARN 29781 --- [nio-8080-exec-6] o.h.e.loading.internal.LoadContexts      : HHH000100: Fail-safe cleanup (collections) : org.hibernate.engine.loading.internal.CollectionLoadContext@4295140c<rs=HikariProxyResultSet@36975064 wrapping rs3220: null>
?[0m?[0;34m2023-03-31 16:06:02.695  WARN 29781 --- [nio-8080-exec-6] o.h.e.loading.internal.LoadContexts      : HHH000100: Fail-safe cleanup (collections) : org.hibernate.engine.loading.internal.CollectionLoadContext@32acdf3<rs=HikariProxyResultSet@1750103899 wrapping rs2909: null>
?[0m?[0;34m2023-03-31 16:06:02.695  WARN 29781 --- [nio-8080-exec-6] o.h.e.loading.internal.LoadContexts      : HHH000100: Fail-safe cleanup (collections) : org.hibernate.engine.loading.internal.CollectionLoadContext@64fd9bb8<rs=HikariProxyResultSet@788956253 wrapping rs2978: null>
?[0m?[0;34m2023-03-31 16:06:02.696  WARN 29781 --- [nio-8080-exec-6] o.h.e.loading.internal.LoadContexts      : HHH000100: Fail-safe cleanup (collections) : org.hibernate.engine.loading.internal.CollectionLoadContext@5aa8aa90<rs=HikariProxyResultSet@1789301853 wrapping rs3396: null>
?[0m?[0;34m2023-03-31 16:06:02.696  WARN 29781 --- [nio-8080-exec-6] o.h.e.loading.internal.LoadContexts      : HHH000100: Fail-safe cleanup (collections) : org.hibernate.engine.loading.internal.CollectionLoadContext@3077f0bd<rs=HikariProxyResultSet@1249162591 wrapping rs2892: null>
?[0m?[0;34m2023-03-31 16:06:02.696  WARN 29781 --- [nio-8080-exec-6] o.h.e.loading.internal.LoadContexts      : HHH000100: Fail-safe cleanup (collections) : org.hibernate.engine.loading.internal.CollectionLoadContext@6567e615<rs=HikariProxyResultSet@598865247 wrapping rs3373: null>
?[0m?[0;34m2023-03-31 16:06:02.696  WARN 29781 --- [nio-8080-exec-6] o.h.e.loading.internal.LoadContexts      : HHH000100: Fail-safe cleanup (collections) : org.hibernate.engine.loading.internal.CollectionLoadContext@6d4f915a<rs=HikariProxyResultSet@699598691 wrapping rs2957: null>
?[0m?[0;34m2023-03-31 16:06:02.696  WARN 29781 --- [nio-8080-exec-6] o.h.e.loading.internal.LoadContexts      : HHH000100: Fail-safe cleanup (collections) : org.hibernate.engine.loading.internal.CollectionLoadContext@722c4a49<rs=HikariProxyResultSet@943509097 wrapping rs3149: null>
?[0m?[0;34m2023-03-31 16:06:02.696  WARN 29781 --- [nio-8080-exec-6] o.h.e.loading.internal.LoadContexts      : HHH000100: Fail-safe cleanup (collections) : org.hibernate.engine.loading.internal.CollectionLoadContext@7d51bea9<rs=HikariProxyResultSet@134460396 wrapping rs2989: null>
?[0m?[0;34m2023-03-31 16:06:02.696  WARN 29781 --- [nio-8080-exec-6] o.h.e.loading.internal.LoadContexts      : HHH000100: Fail-safe cleanup (collections) : org.hibernate.engine.loading.internal.CollectionLoadContext@275ca858<rs=HikariProxyResultSet@1088427246 wrapping rs3246: null>
?[0m?[0;34m2023-03-31 16:06:02.696  WARN 29781 --- [nio-8080-exec-6] o.h.e.loading.internal.LoadContexts      : HHH000100: Fail-safe cleanup (collections) : org.hibernate.engine.loading.internal.CollectionLoadContext@368828a8<rs=HikariProxyResultSet@140125809 wrapping rs3156: null>
?[0m?[0;34m2023-03-31 16:06:02.696  WARN 29781 --- [nio-8080-exec-6] o.h.e.loading.internal.LoadContexts      : HHH000100: Fail-safe cleanup (collections) : org.hibernate.engine.loading.internal.CollectionLoadContext@26665232<rs=HikariProxyResultSet@467652854 wrapping rs3232: null>
?[0m?[0;34m2023-03-31 16:06:02.696  WARN 29781 --- [nio-8080-exec-6] o.h.e.loading.internal.LoadContexts      : HHH000100: Fail-safe cleanup (collections) : org.hibernate.engine.loading.internal.CollectionLoadContext@563214a1<rs=HikariProxyResultSet@2127820409 wrapping rs3268: null>
?[0m?[0;34m2023-03-31 16:06:02.696  WARN 29781 --- [nio-8080-exec-6] o.h.e.loading.internal.LoadContexts      : HHH000100: Fail-safe cleanup (collections) : org.hibernate.engine.loading.internal.CollectionLoadContext@14ee6857<rs=HikariProxyResultSet@273268474 wrapping rs2970: null>
?[0m?[0;34m2023-03-31 16:06:02.696  WARN 29781 --- [nio-8080-exec-6] o.h.e.loading.internal.LoadContexts      : HHH000100: Fail-safe cleanup (collections) : org.hibernate.engine.loading.internal.CollectionLoadContext@6354df0a<rs=HikariProxyResultSet@976656380 wrapping rs2932: null>
?[0m?[0;34m2023-03-31 16:06:02.696  WARN 29781 --- [nio-8080-exec-6] o.h.e.loading.internal.LoadContexts      : HHH000100: Fail-safe cleanup (collections) : org.hibernate.engine.loading.internal.CollectionLoadContext@7737f690<rs=HikariProxyResultSet@1901102205 wrapping rs2897: null>
?[0m?[0;34m2023-03-31 16:06:02.696  WARN 29781 --- [nio-8080-exec-6] o.h.e.loading.internal.LoadContexts      : HHH000100: Fail-safe cleanup (collections) : org.hibernate.engine.loading.internal.CollectionLoadContext@316673cb<rs=HikariProxyResultSet@565944574 wrapping rs2975: null>
?[0m?[0;34m2023-03-31 16:06:02.696  WARN 29781 --- [nio-8080-exec-6] o.h.e.loading.internal.LoadContexts      : HHH000100: Fail-safe cleanup (collections) : org.hibernate.engine.loading.internal.CollectionLoadContext@562d1960<rs=HikariProxyResultSet@1253978366 wrapping rs3180: null>
?[0m?[0;34m2023-03-31 16:06:02.696  WARN 29781 --- [nio-8080-exec-6] o.h.e.loading.internal.LoadContexts      : HHH000100: Fail-safe cleanup (collections) : org.hibernate.engine.loading.internal.CollectionLoadContext@13c43020<rs=HikariProxyResultSet@1374624764 wrapping rs3300: null>
?[0m?[0;34m2023-03-31 16:06:02.696  WARN 29781 --- [nio-8080-exec-6] o.h.e.loading.internal.LoadContexts      : HHH000100: Fail-safe cleanup (collections) : org.hibernate.engine.loading.internal.CollectionLoadContext@5b8fc7be<rs=HikariProxyResultSet@988962562 wrapping rs3293: null>
?[0m?[0;34m2023-03-31 16:06:02.696  WARN 29781 --- [nio-8080-exec-6] o.h.e.loading.internal.LoadContexts      : HHH000100: Fail-safe cleanup (collections) : org.hibernate.engine.loading.internal.CollectionLoadContext@59f50f2f<rs=HikariProxyResultSet@857673603 wrapping rs2999: null>
?[0m?[0;34m2023-03-31 16:06:02.696  WARN 29781 --- [nio-8080-exec-6] o.h.e.loading.internal.LoadContexts      : HHH000100: Fail-safe cleanup (collections) : org.hibernate.engine.loading.internal.CollectionLoadContext@672dfb68<rs=HikariProxyResultSet@1335550851 wrapping rs3359: null>
?[0m?[0;34m2023-03-31 16:06:02.696  WARN 29781 --- [nio-8080-exec-6] o.h.e.loading.internal.LoadContexts      : HHH000100: Fail-safe cleanup (collections) : org.hibernate.engine.loading.internal.CollectionLoadContext@555a829d<rs=HikariProxyResultSet@1068174469 wrapping rs3036: null>
?[0m?[0;34m2023-03-31 16:06:02.696  WARN 29781 --- [nio-8080-exec-6] o.h.e.loading.internal.LoadContexts      : HHH000100: Fail-safe cleanup (collections) : org.hibernate.engine.loading.internal.CollectionLoadContext@704d0dbf<rs=HikariProxyResultSet@1998159110 wrapping rs3127: null>
?[0m?[0;34m2023-03-31 16:06:02.696  WARN 29781 --- [nio-8080-exec-6] o.h.e.loading.internal.LoadContexts      : HHH000100: Fail-safe cleanup (collections) : org.hibernate.engine.loading.internal.CollectionLoadContext@130e8ee<rs=HikariProxyResultSet@597839368 wrapping rs3025: null>
?[0m?[0;34m2023-03-31 16:06:02.696  WARN 29781 --- [nio-8080-exec-6] o.h.e.loading.internal.LoadContexts      : HHH000100: Fail-safe cleanup (collections) : org.hibernate.engine.loading.internal.CollectionLoadContext@9cea51b<rs=HikariProxyResultSet@265725577 wrapping rs3316: null>
?[0m?[0;34m2023-03-31 16:06:02.696  WARN 29781 --- [nio-8080-exec-6] o.h.e.loading.internal.LoadContexts      : HHH000100: Fail-safe cleanup (collections) : org.hibernate.engine.loading.internal.CollectionLoadContext@80180d5<rs=HikariProxyResultSet@757651468 wrapping rs3147: null>
?[0m?[0;34m2023-03-31 16:06:02.696  WARN 29781 --- [nio-8080-exec-6] o.h.e.loading.internal.LoadContexts      : HHH000100: Fail-safe cleanup (collections) : org.hibernate.engine.loading.internal.CollectionLoadContext@10b9449f<rs=HikariProxyResultSet@1186083981 wrapping rs3212: null>
?[0m?[0;34m2023-03-31 16:06:02.696  WARN 29781 --- [nio-8080-exec-6] o.h.e.loading.internal.LoadContexts      : HHH000100: Fail-safe cleanup (collections) : org.hibernate.engine.loading.internal.CollectionLoadContext@1648a9fe<rs=HikariProxyResultSet@1692923924 wrapping rs3325: null>
?[0m?[0;34m2023-03-31 16:06:02.696  WARN 29781 --- [nio-8080-exec-6] o.h.e.loading.internal.LoadContexts      : HHH000100: Fail-safe cleanup (collections) : org.hibernate.engine.loading.internal.CollectionLoadContext@6ad22051<rs=HikariProxyResultSet@1613156501 wrapping rs2934: null>
?[0m?[0;34m2023-03-31 16:06:02.696  WARN 29781 --- [nio-8080-exec-6] o.h.e.loading.internal.LoadContexts      : HHH000100: Fail-safe cleanup (collections) : org.hibernate.engine.loading.internal.CollectionLoadContext@6e5112f6<rs=HikariProxyResultSet@1657193879 wrapping rs3097: null>
?[0m?[0;34m2023-03-31 16:06:02.696  WARN 29781 --- [nio-8080-exec-6] o.h.e.loading.internal.LoadContexts      : HHH000100: Fail-safe cleanup (collections) : org.hibernate.engine.loading.internal.CollectionLoadContext@34163e1f<rs=HikariProxyResultSet@961577496 wrapping rs3131: null>
?[0m?[0;34m2023-03-31 16:06:02.696  WARN 29781 --- [nio-8080-exec-6] o.h.e.loading.internal.LoadContexts      : HHH000100: Fail-safe cleanup (collections) : org.hibernate.engine.loading.internal.CollectionLoadContext@67c2763a<rs=HikariProxyResultSet@518879768 wrapping rs3233: null>
?[0m?[0;34m2023-03-31 16:06:02.696  WARN 29781 --- [nio-8080-exec-6] o.h.e.loading.internal.LoadContexts      : HHH000100: Fail-safe cleanup (collections) : org.hibernate.engine.loading.internal.CollectionLoadContext@1c69023b<rs=HikariProxyResultSet@1107578779 wrapping rs2881: null>
?[0m?[0;34m2023-03-31 16:06:02.696  WARN 29781 --- [nio-8080-exec-6] o.h.e.loading.internal.LoadContexts      : HHH000100: Fail-safe cleanup (collections) : org.hibernate.engine.loading.internal.CollectionLoadContext@7a4965e2<rs=HikariProxyResultSet@1960346652 wrapping rs2942: null>
?[0m?[0;34m2023-03-31 16:06:02.696  WARN 29781 --- [nio-8080-exec-6] o.h.e.loading.internal.LoadContexts      : HHH000100: Fail-safe cleanup (collections) : org.hibernate.engine.loading.internal.CollectionLoadContext@7faa5a72<rs=HikariProxyResultSet@197910685 wrapping rs3337: null>
?[0m?[0;34m2023-03-31 16:06:02.696  WARN 29781 --- [nio-8080-exec-6] o.h.e.loading.internal.LoadContexts      : HHH000100: Fail-safe cleanup (collections) : org.hibernate.engine.loading.internal.CollectionLoadContext@bad901b<rs=HikariProxyResultSet@1774545311 wrapping rs3018: null>
?[0m?[0;34m2023-03-31 16:06:02.696  WARN 29781 --- [nio-8080-exec-6] o.h.e.loading.internal.LoadContexts      : HHH000100: Fail-safe cleanup (collections) : org.hibernate.engine.loading.internal.CollectionLoadContext@5f81238f<rs=HikariProxyResultSet@147106981 wrapping rs3144: null>
?[0m?[0;34m2023-03-31 16:06:02.696  WARN 29781 --- [nio-8080-exec-6] o.h.e.loading.internal.LoadContexts      : HHH000100: Fail-safe cleanup (collections) : org.hibernate.engine.loading.internal.CollectionLoadContext@6e562be8<rs=HikariProxyResultSet@1284782374 wrapping rs3172: null>
?[0m?[0;34m2023-03-31 16:06:02.696  WARN 29781 --- [nio-8080-exec-6] o.h.e.loading.internal.LoadContexts      : HHH000100: Fail-safe cleanup (collections) : org.hibernate.engine.loading.internal.CollectionLoadContext@4382959a<rs=HikariProxyResultSet@1194917287 wrapping rs2987: null>
?[0m?[0;34m2023-03-31 16:06:02.696  WARN 29781 --- [nio-8080-exec-6] o.h.e.loading.internal.LoadContexts      : HHH000100: Fail-safe cleanup (collections) : org.hibernate.engine.loading.internal.CollectionLoadContext@2448e8b9<rs=HikariProxyResultSet@1363025448 wrapping rs2863: null>
?[0m?[0;34m2023-03-31 16:06:02.696  WARN 29781 --- [nio-8080-exec-6] o.h.e.loading.internal.LoadContexts      : HHH000100: Fail-safe cleanup (collections) : org.hibernate.engine.loading.internal.CollectionLoadContext@72032ae4<rs=HikariProxyResultSet@917413287 wrapping rs3028: null>
?[0m?[0;34m2023-03-31 16:06:02.696  WARN 29781 --- [nio-8080-exec-6] o.h.e.loading.internal.LoadContexts      : HHH000100: Fail-safe cleanup (collections) : org.hibernate.engine.loading.internal.CollectionLoadContext@2dd55627<rs=HikariProxyResultSet@671080613 wrapping rs3342: null>
?[0m?[0;34m2023-03-31 16:06:02.697  WARN 29781 --- [nio-8080-exec-6] o.h.e.loading.internal.LoadContexts      : HHH000100: Fail-safe cleanup (collections) : org.hibernate.engine.loading.internal.CollectionLoadContext@7a2c3842<rs=HikariProxyResultSet@644046763 wrapping rs3085: null>
?[0m?[0;34m2023-03-31 16:06:02.697  WARN 29781 --- [nio-8080-exec-6] o.h.e.loading.internal.LoadContexts      : HHH000100: Fail-safe cleanup (collections) : org.hibernate.engine.loading.internal.CollectionLoadContext@19420a9e<rs=HikariProxyResultSet@1776044971 wrapping rs3121: null>
?[0m?[0;34m2023-03-31 16:06:02.697  WARN 29781 --- [nio-8080-exec-6] o.h.e.loading.internal.LoadContexts      : HHH000100: Fail-safe cleanup (collections) : org.hibernate.engine.loading.internal.CollectionLoadContext@72fd4758<rs=HikariProxyResultSet@1119262893 wrapping rs3128: null>
?[0m?[0;34m2023-03-31 16:06:02.697  WARN 29781 --- [nio-8080-exec-6] o.h.e.loading.internal.LoadContexts      : HHH000100: Fail-safe cleanup (collections) : org.hibernate.engine.loading.internal.CollectionLoadContext@751e434e<rs=HikariProxyResultSet@1462548782 wrapping rs3175: null>
?[0m?[0;34m2023-03-31 16:06:02.697  WARN 29781 --- [nio-8080-exec-6] o.h.e.loading.internal.LoadContexts      : HHH000100: Fail-safe cleanup (collections) : org.hibernate.engine.loading.internal.CollectionLoadContext@6e6b9b87<rs=HikariProxyResultSet@751072816 wrapping rs3412: null>
?[0m?[0;34m2023-03-31 16:06:02.697  WARN 29781 --- [nio-8080-exec-6] o.h.e.loading.internal.LoadContexts      : HHH000100: Fail-safe cleanup (collections) : org.hibernate.engine.loading.internal.CollectionLoadContext@67f47a2e<rs=HikariProxyResultSet@1919003571 wrapping rs2907: null>
?[0m?[0;34m2023-03-31 16:06:02.697  WARN 29781 --- [nio-8080-exec-6] o.h.e.loading.internal.LoadContexts      : HHH000100: Fail-safe cleanup (collections) : org.hibernate.engine.loading.internal.CollectionLoadContext@7fab260f<rs=HikariProxyResultSet@106647862 wrapping rs3339: null>
?[0m?[0;34m2023-03-31 16:06:02.697  WARN 29781 --- [nio-8080-exec-6] o.h.e.loading.internal.LoadContexts      : HHH000100: Fail-safe cleanup (collections) : org.hibernate.engine.loading.internal.CollectionLoadContext@78a81e87<rs=HikariProxyResultSet@47010876 wrapping rs3090: null>
?[0m?[0;34m2023-03-31 16:06:02.697  WARN 29781 --- [nio-8080-exec-6] o.h.e.loading.internal.LoadContexts      : HHH000100: Fail-safe cleanup (collections) : org.hibernate.engine.loading.internal.CollectionLoadContext@4a2d05b6<rs=HikariProxyResultSet@627730879 wrapping rs2984: null>
?[0m?[0;34m2023-03-31 16:06:02.697  WARN 29781 --- [nio-8080-exec-6] o.h.e.loading.internal.LoadContexts      : HHH000100: Fail-safe cleanup (collections) : org.hibernate.engine.loading.internal.CollectionLoadContext@e4c23d7<rs=HikariProxyResultSet@1372557888 wrapping rs2994: null>
?[0m?[0;34m2023-03-31 16:06:02.697  WARN 29781 --- [nio-8080-exec-6] o.h.e.loading.internal.LoadContexts      : HHH000100: Fail-safe cleanup (collections) : org.hibernate.engine.loading.internal.CollectionLoadContext@28f1e74f<rs=HikariProxyResultSet@1345302467 wrapping rs3195: null>
?[0m?[0;34m2023-03-31 16:06:02.697  WARN 29781 --- [nio-8080-exec-6] o.h.e.loading.internal.LoadContexts      : HHH000100: Fail-safe cleanup (collections) : org.hibernate.engine.loading.internal.CollectionLoadContext@109598f0<rs=HikariProxyResultSet@498635973 wrapping rs2944: null>
?[0m?[0;34m2023-03-31 16:06:02.697  WARN 29781 --- [nio-8080-exec-6] o.h.e.loading.internal.LoadContexts      : HHH000100: Fail-safe cleanup (collections) : org.hibernate.engine.loading.internal.CollectionLoadContext@32b72fe1<rs=HikariProxyResultSet@695619273 wrapping rs2902: null>
?[0m?[0;34m2023-03-31 16:06:02.697  WARN 29781 --- [nio-8080-exec-6] o.h.e.loading.internal.LoadContexts      : HHH000100: Fail-safe cleanup (collections) : org.hibernate.engine.loading.internal.CollectionLoadContext@5d8ae0fb<rs=HikariProxyResultSet@123364428 wrapping rs3257: null>
?[0m?[0;34m2023-03-31 16:06:02.697  WARN 29781 --- [nio-8080-exec-6] o.h.e.loading.internal.LoadContexts      : HHH000100: Fail-safe cleanup (collections) : org.hibernate.engine.loading.internal.CollectionLoadContext@7ae6bf9a<rs=HikariProxyResultSet@198551757 wrapping rs3045: null>
?[0m?[0;34m2023-03-31 16:06:02.697  WARN 29781 --- [nio-8080-exec-6] o.h.e.loading.internal.LoadContexts      : HHH000100: Fail-safe cleanup (collections) : org.hibernate.engine.loading.internal.CollectionLoadContext@4608ea2e<rs=HikariProxyResultSet@204838988 wrapping rs3384: null>
?[0m?[0;34m2023-03-31 16:06:02.697  WARN 29781 --- [nio-8080-exec-6] o.h.e.loading.internal.LoadContexts      : HHH000100: Fail-safe cleanup (collections) : org.hibernate.engine.loading.internal.CollectionLoadContext@4d4b0d29<rs=HikariProxyResultSet@1643808207 wrapping rs2906: null>
?[0m?[0;34m2023-03-31 16:06:02.697  WARN 29781 --- [nio-8080-exec-6] o.h.e.loading.internal.LoadContexts      : HHH000100: Fail-safe cleanup (collections) : org.hibernate.engine.loading.internal.CollectionLoadContext@47cca143<rs=HikariProxyResultSet@1923081937 wrapping rs2922: null>
?[0m?[0;34m2023-03-31 16:06:02.697  WARN 29781 --- [nio-8080-exec-6] o.h.e.loading.internal.LoadContexts      : HHH000100: Fail-safe cleanup (collections) : org.hibernate.engine.loading.internal.CollectionLoadContext@819cc4f<rs=HikariProxyResultSet@150490962 wrapping rs3162: null>
?[0m?[0;34m2023-03-31 16:06:02.697  WARN 29781 --- [nio-8080-exec-6] o.h.e.loading.internal.LoadContexts      : HHH000100: Fail-safe cleanup (collections) : org.hibernate.engine.loading.internal.CollectionLoadContext@9410ef8<rs=HikariProxyResultSet@814577619 wrapping rs3234: null>
?[0m?[0;34m2023-03-31 16:06:02.697  WARN 29781 --- [nio-8080-exec-6] o.h.e.loading.internal.LoadContexts      : HHH000100: Fail-safe cleanup (collections) : org.hibernate.engine.loading.internal.CollectionLoadContext@1cf668bc<rs=HikariProxyResultSet@1779712213 wrapping rs3207: null>
?[0m?[0;34m2023-03-31 16:06:02.697  WARN 29781 --- [nio-8080-exec-6] o.h.e.loading.internal.LoadContexts      : HHH000100: Fail-safe cleanup (collections) : org.hibernate.engine.loading.internal.CollectionLoadContext@3e9204d8<rs=HikariProxyResultSet@470330839 wrapping rs2993: null>
?[0m?[0;34m2023-03-31 16:06:02.697  WARN 29781 --- [nio-8080-exec-6] o.h.e.loading.internal.LoadContexts      : HHH000100: Fail-safe cleanup (collections) : org.hibernate.engine.loading.internal.CollectionLoadContext@782fccf1<rs=HikariProxyResultSet@359475800 wrapping rs3225: null>
?[0m?[0;34m2023-03-31 16:06:02.697  WARN 29781 --- [nio-8080-exec-6] o.h.e.loading.internal.LoadContexts      : HHH000100: Fail-safe cleanup (collections) : org.hibernate.engine.loading.internal.CollectionLoadContext@79182bc2<rs=HikariProxyResultSet@1952726745 wrapping rs3393: null>
?[0m?[0;34m2023-03-31 16:06:02.697  WARN 29781 --- [nio-8080-exec-6] o.h.e.loading.internal.LoadContexts      : HHH000100: Fail-safe cleanup (collections) : org.hibernate.engine.loading.internal.CollectionLoadContext@56840fd5<rs=HikariProxyResultSet@1905836890 wrapping rs3155: null>
?[0m?[0;34m2023-03-31 16:06:02.697  WARN 29781 --- [nio-8080-exec-6] o.h.e.loading.internal.LoadContexts      : HHH000100: Fail-safe cleanup (collections) : org.hibernate.engine.loading.internal.CollectionLoadContext@789e6519<rs=HikariProxyResultSet@210199007 wrapping rs2859: null>
?[0m?[0;34m2023-03-31 16:06:02.697  WARN 29781 --- [nio-8080-exec-6] o.h.e.loading.internal.LoadContexts      : HHH000100: Fail-safe cleanup (collections) : org.hibernate.engine.loading.internal.CollectionLoadContext@7e5066bf<rs=HikariProxyResultSet@1577781727 wrapping rs3164: null>
?[0m?[0;34m2023-03-31 16:06:02.697  WARN 29781 --- [nio-8080-exec-6] o.h.e.loading.internal.LoadContexts      : HHH000100: Fail-safe cleanup (collections) : org.hibernate.engine.loading.internal.CollectionLoadContext@462e048c<rs=HikariProxyResultSet@922390370 wrapping rs3178: null>
?[0m?[0;34m2023-03-31 16:06:02.697  WARN 29781 --- [nio-8080-exec-6] o.h.e.loading.internal.LoadContexts      : HHH000100: Fail-safe cleanup (collections) : org.hibernate.engine.loading.internal.CollectionLoadContext@3022413b<rs=HikariProxyResultSet@1030790115 wrapping rs3349: null>
?[0m?[0;34m2023-03-31 16:06:02.697  WARN 29781 --- [nio-8080-exec-6] o.h.e.loading.internal.LoadContexts      : HHH000100: Fail-safe cleanup (collections) : org.hibernate.engine.loading.internal.CollectionLoadContext@3b1f5c8b<rs=HikariProxyResultSet@1026832484 wrapping rs2930: null>
?[0m?[0;34m2023-03-31 16:06:02.697  WARN 29781 --- [nio-8080-exec-6] o.h.e.loading.internal.LoadContexts      : HHH000100: Fail-safe cleanup (collections) : org.hibernate.engine.loading.internal.CollectionLoadContext@4607b0c9<rs=HikariProxyResultSet@572415334 wrapping rs3077: null>
?[0m?[0;34m2023-03-31 16:06:02.697  WARN 29781 --- [nio-8080-exec-6] o.h.e.loading.internal.LoadContexts      : HHH000100: Fail-safe cleanup (collections) : org.hibernate.engine.loading.internal.CollectionLoadContext@70bbc6e1<rs=HikariProxyResultSet@1065741162 wrapping rs2955: null>
?[0m?[0;34m2023-03-31 16:06:02.697  WARN 29781 --- [nio-8080-exec-6] o.h.e.loading.internal.LoadContexts      : HHH000100: Fail-safe cleanup (collections) : org.hibernate.engine.loading.internal.CollectionLoadContext@52b27a54<rs=HikariProxyResultSet@533216106 wrapping rs3174: null>
?[0m?[0;34m2023-03-31 16:06:02.697  WARN 29781 --- [nio-8080-exec-6] o.h.e.loading.internal.LoadContexts      : HHH000100: Fail-safe cleanup (collections) : org.hibernate.engine.loading.internal.CollectionLoadContext@13088f8d<rs=HikariProxyResultSet@1670114412 wrapping rs3132: null>
?[0m?[0;34m2023-03-31 16:06:02.697  WARN 29781 --- [nio-8080-exec-6] o.h.e.loading.internal.LoadContexts      : HHH000100: Fail-safe cleanup (collections) : org.hibernate.engine.loading.internal.CollectionLoadContext@6872f4dd<rs=HikariProxyResultSet@1188902512 wrapping rs3204: null>
?[0m?[0;34m2023-03-31 16:06:02.697  WARN 29781 --- [nio-8080-exec-6] o.h.e.loading.internal.LoadContexts      : HHH000100: Fail-safe cleanup (collections) : org.hibernate.engine.loading.internal.CollectionLoadContext@4650abfc<rs=HikariProxyResultSet@1757257586 wrapping rs3054: null>
?[0m?[0;34m2023-03-31 16:06:02.697  WARN 29781 --- [nio-8080-exec-6] o.h.e.loading.internal.LoadContexts      : HHH000100: Fail-safe cleanup (collections) : org.hibernate.engine.loading.internal.CollectionLoadContext@7f119b8<rs=HikariProxyResultSet@1677535219 wrapping rs2889: null>
?[0m?[0;34m2023-03-31 16:06:02.697  WARN 29781 --- [nio-8080-exec-6] o.h.e.loading.internal.LoadContexts      : HHH000100: Fail-safe cleanup (collections) : org.hibernate.engine.loading.internal.CollectionLoadContext@50d29a2c<rs=HikariProxyResultSet@1138357364 wrapping rs2992: null>
?[0m?[0;34m2023-03-31 16:06:02.697  WARN 29781 --- [nio-8080-exec-6] o.h.e.loading.internal.LoadContexts      : HHH000100: Fail-safe cleanup (collections) : org.hibernate.engine.loading.internal.CollectionLoadContext@2f7948f7<rs=HikariProxyResultSet@90440820 wrapping rs3114: null>
?[0m?[0;34m2023-03-31 16:06:02.697  WARN 29781 --- [nio-8080-exec-6] o.h.e.loading.internal.LoadContexts      : HHH000100: Fail-safe cleanup (collections) : org.hibernate.engine.loading.internal.CollectionLoadContext@6cb519af<rs=HikariProxyResultSet@450234742 wrapping rs2947: null>
?[0m?[0;34m2023-03-31 16:06:02.697  WARN 29781 --- [nio-8080-exec-6] o.h.e.loading.internal.LoadContexts      : HHH000100: Fail-safe cleanup (collections) : org.hibernate.engine.loading.internal.CollectionLoadContext@6386f158<rs=HikariProxyResultSet@663479670 wrapping rs3137: null>
?[0m?[0;34m2023-03-31 16:06:02.697  WARN 29781 --- [nio-8080-exec-6] o.h.e.loading.internal.LoadContexts      : HHH000100: Fail-safe cleanup (collections) : org.hibernate.engine.loading.internal.CollectionLoadContext@27c104fe<rs=HikariProxyResultSet@606945396 wrapping rs3171: null>
?[0m?[0;34m2023-03-31 16:06:02.697  WARN 29781 --- [nio-8080-exec-6] o.h.e.loading.internal.LoadContexts      : HHH000100: Fail-safe cleanup (collections) : org.hibernate.engine.loading.internal.CollectionLoadContext@429ace01<rs=HikariProxyResultSet@1826139897 wrapping rs2861: null>
?[0m?[0;34m2023-03-31 16:06:02.697  WARN 29781 --- [nio-8080-exec-6] o.h.e.loading.internal.LoadContexts      : HHH000100: Fail-safe cleanup (collections) : org.hibernate.engine.loading.internal.CollectionLoadContext@626df9c<rs=HikariProxyResultSet@2008867835 wrapping rs3320: null>
?[0m?[0;34m2023-03-31 16:06:02.697  WARN 29781 --- [nio-8080-exec-6] o.h.e.loading.internal.LoadContexts      : HHH000100: Fail-safe cleanup (collections) : org.hibernate.engine.loading.internal.CollectionLoadContext@527ef231<rs=HikariProxyResultSet@1035901052 wrapping rs3170: null>
?[0m?[0;34m2023-03-31 16:06:02.697  WARN 29781 --- [nio-8080-exec-6] o.h.e.loading.internal.LoadContexts      : HHH000100: Fail-safe cleanup (collections) : org.hibernate.engine.loading.internal.CollectionLoadContext@7db7fa74<rs=HikariProxyResultSet@1404385662 wrapping rs3047: null>
?[0m?[0;34m2023-03-31 16:06:02.697  WARN 29781 --- [nio-8080-exec-6] o.h.e.loading.internal.LoadContexts      : HHH000100: Fail-safe cleanup (collections) : org.hibernate.engine.loading.internal.CollectionLoadContext@69c9c905<rs=HikariProxyResultSet@1146394111 wrapping rs3076: null>
?[0m?[0;34m2023-03-31 16:06:02.697  WARN 29781 --- [nio-8080-exec-6] o.h.e.loading.internal.LoadContexts      : HHH000100: Fail-safe cleanup (collections) : org.hibernate.engine.loading.internal.CollectionLoadContext@59a3219f<rs=HikariProxyResultSet@458788480 wrapping rs3285: null>
?[0m?[0;34m2023-03-31 16:06:02.697  WARN 29781 --- [nio-8080-exec-6] o.h.e.loading.internal.LoadContexts      : HHH000100: Fail-safe cleanup (collections) : org.hibernate.engine.loading.internal.CollectionLoadContext@7c69afe0<rs=HikariProxyResultSet@708283137 wrapping rs3145: null>
?[0m?[0;34m2023-03-31 16:06:02.697  WARN 29781 --- [nio-8080-exec-6] o.h.e.loading.internal.LoadContexts      : HHH000100: Fail-safe cleanup (collections) : org.hibernate.engine.loading.internal.CollectionLoadContext@3e4f8e43<rs=HikariProxyResultSet@1504522114 wrapping rs2899: null>
?[0m?[0;34m2023-03-31 16:06:02.697  WARN 29781 --- [nio-8080-exec-6] o.h.e.loading.internal.LoadContexts      : HHH000100: Fail-safe cleanup (collections) : org.hibernate.engine.loading.internal.CollectionLoadContext@19e9f96e<rs=HikariProxyResultSet@785755139 wrapping rs3063: null>
?[0m?[0;34m2023-03-31 16:06:02.697  WARN 29781 --- [nio-8080-exec-6] o.h.e.loading.internal.LoadContexts      : HHH000100: Fail-safe cleanup (collections) : org.hibernate.engine.loading.internal.CollectionLoadContext@59869c15<rs=HikariProxyResultSet@938542083 wrapping rs3400: null>
?[0m?[0;34m2023-03-31 16:06:02.697  WARN 29781 --- [nio-8080-exec-6] o.h.e.loading.internal.LoadContexts      : HHH000100: Fail-safe cleanup (collections) : org.hibernate.engine.loading.internal.CollectionLoadContext@68212e6a<rs=HikariProxyResultSet@950770183 wrapping rs2908: null>
?[0m?[0;34m2023-03-31 16:06:02.697  WARN 29781 --- [nio-8080-exec-6] o.h.e.loading.internal.LoadContexts      : HHH000100: Fail-safe cleanup (collections) : org.hibernate.engine.loading.internal.CollectionLoadContext@2ade98bb<rs=HikariProxyResultSet@1041173128 wrapping rs3230: null>
?[0m?[0;34m2023-03-31 16:06:02.697  WARN 29781 --- [nio-8080-exec-6] o.h.e.loading.internal.LoadContexts      : HHH000100: Fail-safe cleanup (collections) : org.hibernate.engine.loading.internal.CollectionLoadContext@7c2a3607<rs=HikariProxyResultSet@1141079817 wrapping rs3152: null>
?[0m?[0;34m2023-03-31 16:06:02.697  WARN 29781 --- [nio-8080-exec-6] o.h.e.loading.internal.LoadContexts      : HHH000100: Fail-safe cleanup (collections) : org.hibernate.engine.loading.internal.CollectionLoadContext@11217ba3<rs=HikariProxyResultSet@2047528334 wrapping rs3107: null>
?[0m?[0;34m2023-03-31 16:06:02.697  WARN 29781 --- [nio-8080-exec-6] o.h.e.loading.internal.LoadContexts      : HHH000100: Fail-safe cleanup (collections) : org.hibernate.engine.loading.internal.CollectionLoadContext@70924593<rs=HikariProxyResultSet@483845518 wrapping rs3231: null>
?[0m?[0;34m2023-03-31 16:06:02.698  WARN 29781 --- [nio-8080-exec-6] o.h.e.loading.internal.LoadContexts      : HHH000100: Fail-safe cleanup (collections) : org.hibernate.engine.loading.internal.CollectionLoadContext@2e57107a<rs=HikariProxyResultSet@438457105 wrapping rs3311: null>
?[0m?[0;34m2023-03-31 16:06:02.698  WARN 29781 --- [nio-8080-exec-6] o.h.e.loading.internal.LoadContexts      : HHH000100: Fail-safe cleanup (collections) : org.hibernate.engine.loading.internal.CollectionLoadContext@36091b9<rs=HikariProxyResultSet@83888147 wrapping rs3216: null>
?[0m?[0;34m2023-03-31 16:06:02.698  WARN 29781 --- [nio-8080-exec-6] o.h.e.loading.internal.LoadContexts      : HHH000100: Fail-safe cleanup (collections) : org.hibernate.engine.loading.internal.CollectionLoadContext@19060e15<rs=HikariProxyResultSet@1225430164 wrapping rs3020: null>
?[0m?[0;34m2023-03-31 16:06:02.698  WARN 29781 --- [nio-8080-exec-6] o.h.e.loading.internal.LoadContexts      : HHH000100: Fail-safe cleanup (collections) : org.hibernate.engine.loading.internal.CollectionLoadContext@7b5a7e7b<rs=HikariProxyResultSet@2013948052 wrapping rs3116: null>
?[0m?[0;34m2023-03-31 16:06:02.698  WARN 29781 --- [nio-8080-exec-6] o.h.e.loading.internal.LoadContexts      : HHH000100: Fail-safe cleanup (collections) : org.hibernate.engine.loading.internal.CollectionLoadContext@6d9865aa<rs=HikariProxyResultSet@825982745 wrapping rs3327: null>
?[0m?[0;34m2023-03-31 16:06:02.698  WARN 29781 --- [nio-8080-exec-6] o.h.e.loading.internal.LoadContexts      : HHH000100: Fail-safe cleanup (collections) : org.hibernate.engine.loading.internal.CollectionLoadContext@6a72dcf9<rs=HikariProxyResultSet@1034836890 wrapping rs2920: null>
?[0m?[0;34m2023-03-31 16:06:02.698  WARN 29781 --- [nio-8080-exec-6] o.h.e.loading.internal.LoadContexts      : HHH000100: Fail-safe cleanup (collections) : org.hibernate.engine.loading.internal.CollectionLoadContext@43ad0104<rs=HikariProxyResultSet@2046531482 wrapping rs3272: null>
?[0m?[0;34m2023-03-31 16:06:02.698  WARN 29781 --- [nio-8080-exec-6] o.h.e.loading.internal.LoadContexts      : HHH000100: Fail-safe cleanup (collections) : org.hibernate.engine.loading.internal.CollectionLoadContext@6bac16ac<rs=HikariProxyResultSet@1239061660 wrapping rs3142: null>
?[0m?[0;34m2023-03-31 16:06:02.698  WARN 29781 --- [nio-8080-exec-6] o.h.e.loading.internal.LoadContexts      : HHH000100: Fail-safe cleanup (collections) : org.hibernate.engine.loading.internal.CollectionLoadContext@45b79b46<rs=HikariProxyResultSet@1264595229 wrapping rs3252: null>
?[0m?[0;34m2023-03-31 16:06:02.698  WARN 29781 --- [nio-8080-exec-6] o.h.e.loading.internal.LoadContexts      : HHH000100: Fail-safe cleanup (collections) : org.hibernate.engine.loading.internal.CollectionLoadContext@39de021d<rs=HikariProxyResultSet@1242080283 wrapping rs3402: null>
?[0m?[0;34m2023-03-31 16:06:02.698  WARN 29781 --- [nio-8080-exec-6] o.h.e.loading.internal.LoadContexts      : HHH000100: Fail-safe cleanup (collections) : org.hibernate.engine.loading.internal.CollectionLoadContext@12d08103<rs=HikariProxyResultSet@1074579491 wrapping rs3309: null>
?[0m?[0;34m2023-03-31 16:06:02.698  WARN 29781 --- [nio-8080-exec-6] o.h.e.loading.internal.LoadContexts      : HHH000100: Fail-safe cleanup (collections) : org.hibernate.engine.loading.internal.CollectionLoadContext@19c2fc83<rs=HikariProxyResultSet@938450213 wrapping rs3376: null>
?[0m?[0;34m2023-03-31 16:06:02.698  WARN 29781 --- [nio-8080-exec-6] o.h.e.loading.internal.LoadContexts      : HHH000100: Fail-safe cleanup (collections) : org.hibernate.engine.loading.internal.CollectionLoadContext@60d62956<rs=HikariProxyResultSet@732976550 wrapping rs3139: null>
?[0m?[0;34m2023-03-31 16:06:02.698  WARN 29781 --- [nio-8080-exec-6] o.h.e.loading.internal.LoadContexts      : HHH000100: Fail-safe cleanup (collections) : org.hibernate.engine.loading.internal.CollectionLoadContext@29d111bb<rs=HikariProxyResultSet@2036801837 wrapping rs2876: null>
?[0m?[0;34m2023-03-31 16:06:02.698  WARN 29781 --- [nio-8080-exec-6] o.h.e.loading.internal.LoadContexts      : HHH000100: Fail-safe cleanup (collections) : org.hibernate.engine.loading.internal.CollectionLoadContext@3f1f551b<rs=HikariProxyResultSet@1438493231 wrapping rs3167: null>
?[0m?[0;34m2023-03-31 16:06:02.698  WARN 29781 --- [nio-8080-exec-6] o.h.e.loading.internal.LoadContexts      : HHH000100: Fail-safe cleanup (collections) : org.hibernate.engine.loading.internal.CollectionLoadContext@31b7909f<rs=HikariProxyResultSet@1661614768 wrapping rs3217: null>
?[0m?[0;34m2023-03-31 16:06:02.698  WARN 29781 --- [nio-8080-exec-6] o.h.e.loading.internal.LoadContexts      : HHH000100: Fail-safe cleanup (collections) : org.hibernate.engine.loading.internal.CollectionLoadContext@607a8366<rs=HikariProxyResultSet@479329331 wrapping rs3236: null>
?[0m?[0;34m2023-03-31 16:06:02.698  WARN 29781 --- [nio-8080-exec-6] o.h.e.loading.internal.LoadContexts      : HHH000100: Fail-safe cleanup (collections) : org.hibernate.engine.loading.internal.CollectionLoadContext@41870a1b<rs=HikariProxyResultSet@456553402 wrapping rs2960: null>
?[0m?[0;34m2023-03-31 16:06:02.698  WARN 29781 --- [nio-8080-exec-6] o.h.e.loading.internal.LoadContexts      : HHH000100: Fail-safe cleanup (collections) : org.hibernate.engine.loading.internal.CollectionLoadContext@4f538bd<rs=HikariProxyResultSet@19104827 wrapping rs2980: null>
?[0m?[0;34m2023-03-31 16:06:02.698  WARN 29781 --- [nio-8080-exec-6] o.h.e.loading.internal.LoadContexts      : HHH000100: Fail-safe cleanup (collections) : org.hibernate.engine.loading.internal.CollectionLoadContext@9cb73d4<rs=HikariProxyResultSet@1977445435 wrapping rs3378: null>
?[0m?[0;34m2023-03-31 16:06:02.698  WARN 29781 --- [nio-8080-exec-6] o.h.e.loading.internal.LoadContexts      : HHH000100: Fail-safe cleanup (collections) : org.hibernate.engine.loading.internal.CollectionLoadContext@3d9eb038<rs=HikariProxyResultSet@1505269440 wrapping rs2855: null>
?[0m?[0;34m2023-03-31 16:06:02.698  WARN 29781 --- [nio-8080-exec-6] o.h.e.loading.internal.LoadContexts      : HHH000100: Fail-safe cleanup (collections) : org.hibernate.engine.loading.internal.CollectionLoadContext@4430a242<rs=HikariProxyResultSet@572412737 wrapping rs3299: null>
?[0m?[0;34m2023-03-31 16:06:02.698  WARN 29781 --- [nio-8080-exec-6] o.h.e.loading.internal.LoadContexts      : HHH000100: Fail-safe cleanup (collections) : org.hibernate.engine.loading.internal.CollectionLoadContext@692d5aa9<rs=HikariProxyResultSet@1984708933 wrapping rs3041: null>
?[0m?[0;34m2023-03-31 16:06:02.698  WARN 29781 --- [nio-8080-exec-6] o.h.e.loading.internal.LoadContexts      : HHH000100: Fail-safe cleanup (collections) : org.hibernate.engine.loading.internal.CollectionLoadContext@3baac18b<rs=HikariProxyResultSet@856067526 wrapping rs2911: null>
?[0m?[0;34m2023-03-31 16:06:02.698  WARN 29781 --- [nio-8080-exec-6] o.h.e.loading.internal.LoadContexts      : HHH000100: Fail-safe cleanup (collections) : org.hibernate.engine.loading.internal.CollectionLoadContext@73fda9b6<rs=HikariProxyResultSet@350624069 wrapping rs3332: null>
?[0m?[0;34m2023-03-31 16:06:02.698  WARN 29781 --- [nio-8080-exec-6] o.h.e.loading.internal.LoadContexts      : HHH000100: Fail-safe cleanup (collections) : org.hibernate.engine.loading.internal.CollectionLoadContext@329e3739<rs=HikariProxyResultSet@527261642 wrapping rs3125: null>
?[0m?[0;34m2023-03-31 16:06:02.698  WARN 29781 --- [nio-8080-exec-6] o.h.e.loading.internal.LoadContexts      : HHH000100: Fail-safe cleanup (collections) : org.hibernate.engine.loading.internal.CollectionLoadContext@31e5dbd1<rs=HikariProxyResultSet@1489159243 wrapping rs3265: null>
?[0m?[0;34m2023-03-31 16:06:02.698  WARN 29781 --- [nio-8080-exec-6] o.h.e.loading.internal.LoadContexts      : HHH000100: Fail-safe cleanup (collections) : org.hibernate.engine.loading.internal.CollectionLoadContext@5c2ef2ff<rs=HikariProxyResultSet@238260428 wrapping rs3033: null>
?[0m?[0;34m2023-03-31 16:06:02.698  WARN 29781 --- [nio-8080-exec-6] o.h.e.loading.internal.LoadContexts      : HHH000100: Fail-safe cleanup (collections) : org.hibernate.engine.loading.internal.CollectionLoadContext@420040d5<rs=HikariProxyResultSet@1318368589 wrapping rs2971: null>
?[0m?[0;34m2023-03-31 16:06:02.698  WARN 29781 --- [nio-8080-exec-6] o.h.e.loading.internal.LoadContexts      : HHH000100: Fail-safe cleanup (collections) : org.hibernate.engine.loading.internal.CollectionLoadContext@1e49053<rs=HikariProxyResultSet@660011470 wrapping rs3151: null>
?[0m?[0;34m2023-03-31 16:06:02.698  WARN 29781 --- [nio-8080-exec-6] o.h.e.loading.internal.LoadContexts      : HHH000100: Fail-safe cleanup (collections) : org.hibernate.engine.loading.internal.CollectionLoadContext@1e40e8ed<rs=HikariProxyResultSet@455183951 wrapping rs2875: null>
?[0m?[0;34m2023-03-31 16:06:02.698  WARN 29781 --- [nio-8080-exec-6] o.h.e.loading.internal.LoadContexts      : HHH000100: Fail-safe cleanup (collections) : org.hibernate.engine.loading.internal.CollectionLoadContext@355258d0<rs=HikariProxyResultSet@820185421 wrapping rs3238: null>
?[0m?[0;34m2023-03-31 16:06:02.698  WARN 29781 --- [nio-8080-exec-6] o.h.e.loading.internal.LoadContexts      : HHH000100: Fail-safe cleanup (collections) : org.hibernate.engine.loading.internal.CollectionLoadContext@7514a047<rs=HikariProxyResultSet@1651374284 wrapping rs3347: null>
?[0m?[0;34m2023-03-31 16:06:02.698  WARN 29781 --- [nio-8080-exec-6] o.h.e.loading.internal.LoadContexts      : HHH000100: Fail-safe cleanup (collections) : org.hibernate.engine.loading.internal.CollectionLoadContext@50d7d0be<rs=HikariProxyResultSet@845240016 wrapping rs3358: null>
?[0m?[0;34m2023-03-31 16:06:02.698  WARN 29781 --- [nio-8080-exec-6] o.h.e.loading.internal.LoadContexts      : HHH000100: Fail-safe cleanup (collections) : org.hibernate.engine.loading.internal.CollectionLoadContext@49c95dc9<rs=HikariProxyResultSet@20124747 wrapping rs3398: null>
?[0m?[0;34m2023-03-31 16:06:02.698  WARN 29781 --- [nio-8080-exec-6] o.h.e.loading.internal.LoadContexts      : HHH000100: Fail-safe cleanup (collections) : org.hibernate.engine.loading.internal.CollectionLoadContext@6e7a18f8<rs=HikariProxyResultSet@754084181 wrapping rs2939: null>
?[0m?[0;34m2023-03-31 16:06:02.698  WARN 29781 --- [nio-8080-exec-6] o.h.e.loading.internal.LoadContexts      : HHH000100: Fail-safe cleanup (collections) : org.hibernate.engine.loading.internal.CollectionLoadContext@3e3c9be8<rs=HikariProxyResultSet@618514773 wrapping rs3368: null>
?[0m?[0;34m2023-03-31 16:06:02.698  WARN 29781 --- [nio-8080-exec-6] o.h.e.loading.internal.LoadContexts      : HHH000100: Fail-safe cleanup (collections) : org.hibernate.engine.loading.internal.CollectionLoadContext@5080eeb1<rs=HikariProxyResultSet@291532762 wrapping rs3161: null>
?[0m?[0;34m2023-03-31 16:06:02.698  WARN 29781 --- [nio-8080-exec-6] o.h.e.loading.internal.LoadContexts      : HHH000100: Fail-safe cleanup (collections) : org.hibernate.engine.loading.internal.CollectionLoadContext@53a4c67d<rs=HikariProxyResultSet@16888028 wrapping rs3000: null>
?[0m?[0;34m2023-03-31 16:06:02.698  WARN 29781 --- [nio-8080-exec-6] o.h.e.loading.internal.LoadContexts      : HHH000100: Fail-safe cleanup (collections) : org.hibernate.engine.loading.internal.CollectionLoadContext@6da7b929<rs=HikariProxyResultSet@845353309 wrapping rs2946: null>
?[0m?[0;34m2023-03-31 16:06:02.698  WARN 29781 --- [nio-8080-exec-6] o.h.e.loading.internal.LoadContexts      : HHH000100: Fail-safe cleanup (collections) : org.hibernate.engine.loading.internal.CollectionLoadContext@379e8cae<rs=HikariProxyResultSet@1397429984 wrapping rs2985: null>
?[0m?[0;34m2023-03-31 16:06:02.698  WARN 29781 --- [nio-8080-exec-6] o.h.e.loading.internal.LoadContexts      : HHH000100: Fail-safe cleanup (collections) : org.hibernate.engine.loading.internal.CollectionLoadContext@60bc098a<rs=HikariProxyResultSet@1596551267 wrapping rs3353: null>
?[0m?[0;34m2023-03-31 16:06:02.698  WARN 29781 --- [nio-8080-exec-6] o.h.e.loading.internal.LoadContexts      : HHH000100: Fail-safe cleanup (collections) : org.hibernate.engine.loading.internal.CollectionLoadContext@15debcce<rs=HikariProxyResultSet@1328053476 wrapping rs3279: null>
?[0m?[0;34m2023-03-31 16:06:02.698  WARN 29781 --- [nio-8080-exec-6] o.h.e.loading.internal.LoadContexts      : HHH000100: Fail-safe cleanup (collections) : org.hibernate.engine.loading.internal.CollectionLoadContext@45e031ad<rs=HikariProxyResultSet@1063087461 wrapping rs2886: null>
?[0m?[0;34m2023-03-31 16:06:02.698  WARN 29781 --- [nio-8080-exec-6] o.h.e.loading.internal.LoadContexts      : HHH000100: Fail-safe cleanup (collections) : org.hibernate.engine.loading.internal.CollectionLoadContext@6582e43<rs=HikariProxyResultSet@1232105958 wrapping rs3160: null>
?[0m?[0;34m2023-03-31 16:06:02.698  WARN 29781 --- [nio-8080-exec-6] o.h.e.loading.internal.LoadContexts      : HHH000100: Fail-safe cleanup (collections) : org.hibernate.engine.loading.internal.CollectionLoadContext@628975b<rs=HikariProxyResultSet@1323315944 wrapping rs3096: null>
?[0m?[0;34m2023-03-31 16:06:02.698  WARN 29781 --- [nio-8080-exec-6] o.h.e.loading.internal.LoadContexts      : HHH000100: Fail-safe cleanup (collections) : org.hibernate.engine.loading.internal.CollectionLoadContext@6670639c<rs=HikariProxyResultSet@1424649065 wrapping rs2901: null>
?[0m?[0;34m2023-03-31 16:06:02.698  WARN 29781 --- [nio-8080-exec-6] o.h.e.loading.internal.LoadContexts      : HHH000100: Fail-safe cleanup (collections) : org.hibernate.engine.loading.internal.CollectionLoadContext@22d95ba6<rs=HikariProxyResultSet@1378027498 wrapping rs3187: null>
?[0m?[0;34m2023-03-31 16:06:02.698  WARN 29781 --- [nio-8080-exec-6] o.h.e.loading.internal.LoadContexts      : HHH000100: Fail-safe cleanup (collections) : org.hibernate.engine.loading.internal.CollectionLoadContext@65b45388<rs=HikariProxyResultSet@117575916 wrapping rs3379: null>
?[0m?[0;34m2023-03-31 16:06:02.699  WARN 29781 --- [nio-8080-exec-6] o.h.e.loading.internal.LoadContexts      : HHH000100: Fail-safe cleanup (collections) : org.hibernate.engine.loading.internal.CollectionLoadContext@2764922a<rs=HikariProxyResultSet@1109534448 wrapping rs3073: null>
?[0m?[0;34m2023-03-31 16:06:02.699  WARN 29781 --- [nio-8080-exec-6] o.h.e.loading.internal.LoadContexts      : HHH000100: Fail-safe cleanup (collections) : org.hibernate.engine.loading.internal.CollectionLoadContext@42ed69d9<rs=HikariProxyResultSet@1765771121 wrapping rs3239: null>
?[0m?[0;34m2023-03-31 16:06:02.699  WARN 29781 --- [nio-8080-exec-6] o.h.e.loading.internal.LoadContexts      : HHH000100: Fail-safe cleanup (collections) : org.hibernate.engine.loading.internal.CollectionLoadContext@2a810e49<rs=HikariProxyResultSet@1639868789 wrapping rs3065: null>
?[0m?[0;34m2023-03-31 16:06:02.699  WARN 29781 --- [nio-8080-exec-6] o.h.e.loading.internal.LoadContexts      : HHH000100: Fail-safe cleanup (collections) : org.hibernate.engine.loading.internal.CollectionLoadContext@6dee3082<rs=HikariProxyResultSet@1869437301 wrapping rs3328: null>
?[0m?[0;34m2023-03-31 16:06:02.699  WARN 29781 --- [nio-8080-exec-6] o.h.e.loading.internal.LoadContexts      : HHH000100: Fail-safe cleanup (collections) : org.hibernate.engine.loading.internal.CollectionLoadContext@6e980ad7<rs=HikariProxyResultSet@503168760 wrapping rs3191: null>
?[0m?[0;34m2023-03-31 16:06:02.699  WARN 29781 --- [nio-8080-exec-6] o.h.e.loading.internal.LoadContexts      : HHH000100: Fail-safe cleanup (collections) : org.hibernate.engine.loading.internal.CollectionLoadContext@4712157c<rs=HikariProxyResultSet@1114483198 wrapping rs3083: null>
?[0m?[0;34m2023-03-31 16:06:02.699  WARN 29781 --- [nio-8080-exec-6] o.h.e.loading.internal.LoadContexts      : HHH000100: Fail-safe cleanup (collections) : org.hibernate.engine.loading.internal.CollectionLoadContext@65c3b891<rs=HikariProxyResultSet@412597887 wrapping rs3310: null>
?[0m?[0;34m2023-03-31 16:06:02.699  WARN 29781 --- [nio-8080-exec-6] o.h.e.loading.internal.LoadContexts      : HHH000100: Fail-safe cleanup (collections) : org.hibernate.engine.loading.internal.CollectionLoadContext@79b5ee8b<rs=HikariProxyResultSet@315507456 wrapping rs3214: null>
?[0m?[0;34m2023-03-31 16:06:02.699  WARN 29781 --- [nio-8080-exec-6] o.h.e.loading.internal.LoadContexts      : HHH000100: Fail-safe cleanup (collections) : org.hibernate.engine.loading.internal.CollectionLoadContext@57558dd8<rs=HikariProxyResultSet@1521405825 wrapping rs3333: null>
?[0m?[0;34m2023-03-31 16:06:02.699  WARN 29781 --- [nio-8080-exec-6] o.h.e.loading.internal.LoadContexts      : HHH000100: Fail-safe cleanup (collections) : org.hibernate.engine.loading.internal.CollectionLoadContext@bbdbbb<rs=HikariProxyResultSet@186546307 wrapping rs2940: null>
?[0m?[0;34m2023-03-31 16:06:02.699  WARN 29781 --- [nio-8080-exec-6] o.h.e.loading.internal.LoadContexts      : HHH000100: Fail-safe cleanup (collections) : org.hibernate.engine.loading.internal.CollectionLoadContext@7844fc0d<rs=HikariProxyResultSet@298851467 wrapping rs3169: null>
?[0m?[0;34m2023-03-31 16:06:02.699  WARN 29781 --- [nio-8080-exec-6] o.h.e.loading.internal.LoadContexts      : HHH000100: Fail-safe cleanup (collections) : org.hibernate.engine.loading.internal.CollectionLoadContext@2ed38438<rs=HikariProxyResultSet@141413644 wrapping rs3315: null>
?[0m?[0;34m2023-03-31 16:06:02.699  WARN 29781 --- [nio-8080-exec-6] o.h.e.loading.internal.LoadContexts      : HHH000100: Fail-safe cleanup (collections) : org.hibernate.engine.loading.internal.CollectionLoadContext@5593f777<rs=HikariProxyResultSet@225705357 wrapping rs2858: null>
?[0m?[0;34m2023-03-31 16:06:02.699  WARN 29781 --- [nio-8080-exec-6] o.h.e.loading.internal.LoadContexts      : HHH000100: Fail-safe cleanup (collections) : org.hibernate.engine.loading.internal.CollectionLoadContext@bab987d<rs=HikariProxyResultSet@1921344272 wrapping rs2919: null>
?[0m?[0;34m2023-03-31 16:06:02.699  WARN 29781 --- [nio-8080-exec-6] o.h.e.loading.internal.LoadContexts      : HHH000100: Fail-safe cleanup (collections) : org.hibernate.engine.loading.internal.CollectionLoadContext@5450a991<rs=HikariProxyResultSet@1708990482 wrapping rs3228: null>
?[0m?[0;34m2023-03-31 16:06:02.699  WARN 29781 --- [nio-8080-exec-6] o.h.e.loading.internal.LoadContexts      : HHH000100: Fail-safe cleanup (collections) : org.hibernate.engine.loading.internal.CollectionLoadContext@66101567<rs=HikariProxyResultSet@565603096 wrapping rs3385: null>
?[0m?[0;34m2023-03-31 16:06:02.699  WARN 29781 --- [nio-8080-exec-6] o.h.e.loading.internal.LoadContexts      : HHH000100: Fail-safe cleanup (collections) : org.hibernate.engine.loading.internal.CollectionLoadContext@2cf26e9d<rs=HikariProxyResultSet@1039829147 wrapping rs3110: null>
?[0m?[0;34m2023-03-31 16:06:02.699  WARN 29781 --- [nio-8080-exec-6] o.h.e.loading.internal.LoadContexts      : HHH000100: Fail-safe cleanup (collections) : org.hibernate.engine.loading.internal.CollectionLoadContext@7bcd730e<rs=HikariProxyResultSet@1346291101 wrapping rs3138: null>
?[0m?[0;34m2023-03-31 16:06:02.699  WARN 29781 --- [nio-8080-exec-6] o.h.e.loading.internal.LoadContexts      : HHH000100: Fail-safe cleanup (collections) : org.hibernate.engine.loading.internal.CollectionLoadContext@2a0041c7<rs=HikariProxyResultSet@1223235239 wrapping rs3049: null>
?[0m?[0;34m2023-03-31 16:06:02.699  WARN 29781 --- [nio-8080-exec-6] o.h.e.loading.internal.LoadContexts      : HHH000100: Fail-safe cleanup (collections) : org.hibernate.engine.loading.internal.CollectionLoadContext@4cddc2cd<rs=HikariProxyResultSet@968720168 wrapping rs3222: null>
?[0m?[0;34m2023-03-31 16:06:02.699  WARN 29781 --- [nio-8080-exec-6] o.h.e.loading.internal.LoadContexts      : HHH000100: Fail-safe cleanup (collections) : org.hibernate.engine.loading.internal.CollectionLoadContext@73e4db4d<rs=HikariProxyResultSet@1529698604 wrapping rs2954: null>
?[0m?[0;34m2023-03-31 16:06:02.699  WARN 29781 --- [nio-8080-exec-6] o.h.e.loading.internal.LoadContexts      : HHH000100: Fail-safe cleanup (collections) : org.hibernate.engine.loading.internal.CollectionLoadContext@63a1833c<rs=HikariProxyResultSet@497062317 wrapping rs3101: null>
?[0m?[0;34m2023-03-31 16:06:02.699  WARN 29781 --- [nio-8080-exec-6] o.h.e.loading.internal.LoadContexts      : HHH000100: Fail-safe cleanup (collections) : org.hibernate.engine.loading.internal.CollectionLoadContext@4b07f8f6<rs=HikariProxyResultSet@2122591790 wrapping rs3023: null>
?[0m?[0;34m2023-03-31 16:06:02.699  WARN 29781 --- [nio-8080-exec-6] o.h.e.loading.internal.LoadContexts      : HHH000100: Fail-safe cleanup (collections) : org.hibernate.engine.loading.internal.CollectionLoadContext@69ee80f1<rs=HikariProxyResultSet@351579823 wrapping rs3153: null>
?[0m?[0;34m2023-03-31 16:06:02.699  WARN 29781 --- [nio-8080-exec-6] o.h.e.loading.internal.LoadContexts      : HHH000100: Fail-safe cleanup (collections) : org.hibernate.engine.loading.internal.CollectionLoadContext@3c851032<rs=HikariProxyResultSet@798213936 wrapping rs3146: null>
?[0m?[0;34m2023-03-31 16:06:02.699  WARN 29781 --- [nio-8080-exec-6] o.h.e.loading.internal.LoadContexts      : HHH000100: Fail-safe cleanup (collections) : org.hibernate.engine.loading.internal.CollectionLoadContext@5352dcfd<rs=HikariProxyResultSet@1223930156 wrapping rs3287: null>
?[0m?[0;34m2023-03-31 16:06:02.700  WARN 29781 --- [nio-8080-exec-6] o.h.e.loading.internal.LoadContexts      : HHH000100: Fail-safe cleanup (collections) : org.hibernate.engine.loading.internal.CollectionLoadContext@27664e29<rs=HikariProxyResultSet@704534578 wrapping rs2912: null>
?[0m?[0;34m2023-03-31 16:06:02.700  WARN 29781 --- [nio-8080-exec-6] o.h.e.loading.internal.LoadContexts      : HHH000100: Fail-safe cleanup (collections) : org.hibernate.engine.loading.internal.CollectionLoadContext@3a12ab3c<rs=HikariProxyResultSet@869644338 wrapping rs3335: null>
?[0m?[0;34m2023-03-31 16:06:02.700  WARN 29781 --- [nio-8080-exec-6] o.h.e.loading.internal.LoadContexts      : HHH000100: Fail-safe cleanup (collections) : org.hibernate.engine.loading.internal.CollectionLoadContext@2e8238cc<rs=HikariProxyResultSet@2000884020 wrapping rs3291: null>
?[0m?[0;34m2023-03-31 16:06:02.700  WARN 29781 --- [nio-8080-exec-6] o.h.e.loading.internal.LoadContexts      : HHH000100: Fail-safe cleanup (collections) : org.hibernate.engine.loading.internal.CollectionLoadContext@6b72bcd5<rs=HikariProxyResultSet@1588741936 wrapping rs3387: null>
?[0m?[0;34m2023-03-31 16:06:02.700  WARN 29781 --- [nio-8080-exec-6] o.h.e.loading.internal.LoadContexts      : HHH000100: Fail-safe cleanup (collections) : org.hibernate.engine.loading.internal.CollectionLoadContext@7e70a094<rs=HikariProxyResultSet@1450376121 wrapping rs3150: null>
?[0m?[0;34m2023-03-31 16:06:02.700  WARN 29781 --- [nio-8080-exec-6] o.h.e.loading.internal.LoadContexts      : HHH000100: Fail-safe cleanup (collections) : org.hibernate.engine.loading.internal.CollectionLoadContext@5114af2d<rs=HikariProxyResultSet@1423719611 wrapping rs2995: null>
?[0m?[0;34m2023-03-31 16:06:02.700  WARN 29781 --- [nio-8080-exec-6] o.h.e.loading.internal.LoadContexts      : HHH000100: Fail-safe cleanup (collections) : org.hibernate.engine.loading.internal.CollectionLoadContext@6e6fb99b<rs=HikariProxyResultSet@1531474115 wrapping rs3381: null>
?[0m?[0;34m2023-03-31 16:06:02.700  WARN 29781 --- [nio-8080-exec-6] o.h.e.loading.internal.LoadContexts      : HHH000100: Fail-safe cleanup (collections) : org.hibernate.engine.loading.internal.CollectionLoadContext@10053497<rs=HikariProxyResultSet@1559031116 wrapping rs2966: null>
?[0m?[0;34m2023-03-31 16:06:02.700  WARN 29781 --- [nio-8080-exec-6] o.h.e.loading.internal.LoadContexts      : HHH000100: Fail-safe cleanup (collections) : org.hibernate.engine.loading.internal.CollectionLoadContext@6b8a5203<rs=HikariProxyResultSet@1116746318 wrapping rs2983: null>
?[0m?[0;34m2023-03-31 16:06:02.700  WARN 29781 --- [nio-8080-exec-6] o.h.e.loading.internal.LoadContexts      : HHH000100: Fail-safe cleanup (collections) : org.hibernate.engine.loading.internal.CollectionLoadContext@1f13f598<rs=HikariProxyResultSet@2009533006 wrapping rs3281: null>
?[0m?[0;34m2023-03-31 16:06:02.700  WARN 29781 --- [nio-8080-exec-6] o.h.e.loading.internal.LoadContexts      : HHH000100: Fail-safe cleanup (collections) : org.hibernate.engine.loading.internal.CollectionLoadContext@ca32480<rs=HikariProxyResultSet@244606929 wrapping rs3044: null>
?[0m?[0;34m2023-03-31 16:06:02.700  WARN 29781 --- [nio-8080-exec-6] o.h.e.loading.internal.LoadContexts      : HHH000100: Fail-safe cleanup (collections) : org.hibernate.engine.loading.internal.CollectionLoadContext@35bb180f<rs=HikariProxyResultSet@491696210 wrapping rs2916: null>
?[0m?[0;34m2023-03-31 16:06:02.700  WARN 29781 --- [nio-8080-exec-6] o.h.e.loading.internal.LoadContexts      : HHH000100: Fail-safe cleanup (collections) : org.hibernate.engine.loading.internal.CollectionLoadContext@c984ef1<rs=HikariProxyResultSet@963528786 wrapping rs3163: null>
?[0m?[0;34m2023-03-31 16:06:02.700  WARN 29781 --- [nio-8080-exec-6] o.h.e.loading.internal.LoadContexts      : HHH000100: Fail-safe cleanup (collections) : org.hibernate.engine.loading.internal.CollectionLoadContext@c27c5cf<rs=HikariProxyResultSet@1438435539 wrapping rs3276: null>
?[0m?[0;34m2023-03-31 16:06:02.700  WARN 29781 --- [nio-8080-exec-6] o.h.e.loading.internal.LoadContexts      : HHH000100: Fail-safe cleanup (collections) : org.hibernate.engine.loading.internal.CollectionLoadContext@193567ef<rs=HikariProxyResultSet@268276697 wrapping rs2872: null>
?[0m?[0;34m2023-03-31 16:06:02.700  WARN 29781 --- [nio-8080-exec-6] o.h.e.loading.internal.LoadContexts      : HHH000100: Fail-safe cleanup (collections) : org.hibernate.engine.loading.internal.CollectionLoadContext@74a36fa6<rs=HikariProxyResultSet@1701755994 wrapping rs2884: null>
?[0m?[0;34m2023-03-31 16:06:02.700  WARN 29781 --- [nio-8080-exec-6] o.h.e.loading.internal.LoadContexts      : HHH000100: Fail-safe cleanup (collections) : org.hibernate.engine.loading.internal.CollectionLoadContext@3a824805<rs=HikariProxyResultSet@1822713051 wrapping rs3013: null>
?[0m?[0;34m2023-03-31 16:06:02.700  WARN 29781 --- [nio-8080-exec-6] o.h.e.loading.internal.LoadContexts      : HHH000100: Fail-safe cleanup (collections) : org.hibernate.engine.loading.internal.CollectionLoadContext@8b9eb27<rs=HikariProxyResultSet@1198073817 wrapping rs3294: null>
?[0m?[0;34m2023-03-31 16:06:02.700  WARN 29781 --- [nio-8080-exec-6] o.h.e.loading.internal.LoadContexts      : HHH000100: Fail-safe cleanup (collections) : org.hibernate.engine.loading.internal.CollectionLoadContext@3a81efc0<rs=HikariProxyResultSet@1141153753 wrapping rs3297: null>
?[0m?[0;34m2023-03-31 16:06:02.700  WARN 29781 --- [nio-8080-exec-6] o.h.e.loading.internal.LoadContexts      : HHH000100: Fail-safe cleanup (collections) : org.hibernate.engine.loading.internal.CollectionLoadContext@55307969<rs=HikariProxyResultSet@1186060257 wrapping rs3388: null>
?[0m?[0;34m2023-03-31 16:06:02.700  WARN 29781 --- [nio-8080-exec-6] o.h.e.loading.internal.LoadContexts      : HHH000100: Fail-safe cleanup (collections) : org.hibernate.engine.loading.internal.CollectionLoadContext@7d5ac1aa<rs=HikariProxyResultSet@1597070692 wrapping rs3027: null>
?[0m?[0;34m2023-03-31 16:06:02.700  WARN 29781 --- [nio-8080-exec-6] o.h.e.loading.internal.LoadContexts      : HHH000100: Fail-safe cleanup (collections) : org.hibernate.engine.loading.internal.CollectionLoadContext@3afdfdf5<rs=HikariProxyResultSet@1153299941 wrapping rs3048: null>
?[0m?[0;34m2023-03-31 16:06:02.700  WARN 29781 --- [nio-8080-exec-6] o.h.e.loading.internal.LoadContexts      : HHH000100: Fail-safe cleanup (collections) : org.hibernate.engine.loading.internal.CollectionLoadContext@fb7ea85<rs=HikariProxyResultSet@1086600935 wrapping rs3010: null>
?[0m?[0;34m2023-03-31 16:06:02.700  WARN 29781 --- [nio-8080-exec-6] o.h.e.loading.internal.LoadContexts      : HHH000100: Fail-safe cleanup (collections) : org.hibernate.engine.loading.internal.CollectionLoadContext@591a312b<rs=HikariProxyResultSet@987066345 wrapping rs3286: null>
?[0m?[0;34m2023-03-31 16:06:02.700  WARN 29781 --- [nio-8080-exec-6] o.h.e.loading.internal.LoadContexts      : HHH000100: Fail-safe cleanup (collections) : org.hibernate.engine.loading.internal.CollectionLoadContext@72e6ec33<rs=HikariProxyResultSet@230338795 wrapping rs2981: null>
?[0m?[0;34m2023-03-31 16:06:02.700  WARN 29781 --- [nio-8080-exec-6] o.h.e.loading.internal.LoadContexts      : HHH000100: Fail-safe cleanup (collections) : org.hibernate.engine.loading.internal.CollectionLoadContext@2721a5cf<rs=HikariProxyResultSet@1130037999 wrapping rs3269: null>
?[0m?[0;34m2023-03-31 16:06:02.700  WARN 29781 --- [nio-8080-exec-6] o.h.e.loading.internal.LoadContexts      : HHH000100: Fail-safe cleanup (collections) : org.hibernate.engine.loading.internal.CollectionLoadContext@17f2906c<rs=HikariProxyResultSet@295219185 wrapping rs2904: null>
?[0m?[0;34m2023-03-31 16:06:02.700  WARN 29781 --- [nio-8080-exec-6] o.h.e.loading.internal.LoadContexts      : HHH000100: Fail-safe cleanup (collections) : org.hibernate.engine.loading.internal.CollectionLoadContext@1f6978d0<rs=HikariProxyResultSet@36610291 wrapping rs3031: null>
?[0m?[0;34m2023-03-31 16:06:02.700  WARN 29781 --- [nio-8080-exec-6] o.h.e.loading.internal.LoadContexts      : HHH000100: Fail-safe cleanup (collections) : org.hibernate.engine.loading.internal.CollectionLoadContext@5aab987a<rs=HikariProxyResultSet@381422964 wrapping rs2882: null>
?[0m?[0;34m2023-03-31 16:06:02.700  WARN 29781 --- [nio-8080-exec-6] o.h.e.loading.internal.LoadContexts      : HHH000100: Fail-safe cleanup (collections) : org.hibernate.engine.loading.internal.CollectionLoadContext@700e513d<rs=HikariProxyResultSet@1631835637 wrapping rs3148: null>
?[0m?[0;34m2023-03-31 16:06:02.700  WARN 29781 --- [nio-8080-exec-6] o.h.e.loading.internal.LoadContexts      : HHH000100: Fail-safe cleanup (collections) : org.hibernate.engine.loading.internal.CollectionLoadContext@737cdea0<rs=HikariProxyResultSet@978934261 wrapping rs3203: null>
?[0m?[0;34m2023-03-31 16:06:02.700  WARN 29781 --- [nio-8080-exec-6] o.h.e.loading.internal.LoadContexts      : HHH000100: Fail-safe cleanup (collections) : org.hibernate.engine.loading.internal.CollectionLoadContext@270787e7<rs=HikariProxyResultSet@381270904 wrapping rs2903: null>
?[0m?[0;34m2023-03-31 16:06:02.700  WARN 29781 --- [nio-8080-exec-6] o.h.e.loading.internal.LoadContexts      : HHH000100: Fail-safe cleanup (collections) : org.hibernate.engine.loading.internal.CollectionLoadContext@21e9b335<rs=HikariProxyResultSet@297457528 wrapping rs3079: null>
?[0m?[0;34m2023-03-31 16:06:02.700  WARN 29781 --- [nio-8080-exec-6] o.h.e.loading.internal.LoadContexts      : HHH000100: Fail-safe cleanup (collections) : org.hibernate.engine.loading.internal.CollectionLoadContext@236c898c<rs=HikariProxyResultSet@1530125176 wrapping rs3221: null>
?[0m?[0;34m2023-03-31 16:06:02.700  WARN 29781 --- [nio-8080-exec-6] o.h.e.loading.internal.LoadContexts      : HHH000100: Fail-safe cleanup (collections) : org.hibernate.engine.loading.internal.CollectionLoadContext@3670da9f<rs=HikariProxyResultSet@1348187774 wrapping rs2953: null>
?[0m?[0;34m2023-03-31 16:06:02.700  WARN 29781 --- [nio-8080-exec-6] o.h.e.loading.internal.LoadContexts      : HHH000100: Fail-safe cleanup (collections) : org.hibernate.engine.loading.internal.CollectionLoadContext@2dd34b09<rs=HikariProxyResultSet@1666371972 wrapping rs2963: null>
?[0m?[0;34m2023-03-31 16:06:02.700  WARN 29781 --- [nio-8080-exec-6] o.h.e.loading.internal.LoadContexts      : HHH000100: Fail-safe cleanup (collections) : org.hibernate.engine.loading.internal.CollectionLoadContext@41cf259d<rs=HikariProxyResultSet@1796904453 wrapping rs2891: null>
?[0m?[0;34m2023-03-31 16:06:02.700  WARN 29781 --- [nio-8080-exec-6] o.h.e.loading.internal.LoadContexts      : HHH000100: Fail-safe cleanup (collections) : org.hibernate.engine.loading.internal.CollectionLoadContext@6a8e4c1<rs=HikariProxyResultSet@1692327945 wrapping rs3367: null>
?[0m?[0;34m2023-03-31 16:06:02.700  WARN 29781 --- [nio-8080-exec-6] o.h.e.loading.internal.LoadContexts      : HHH000100: Fail-safe cleanup (collections) : org.hibernate.engine.loading.internal.CollectionLoadContext@363c62a9<rs=HikariProxyResultSet@526795277 wrapping rs3134: null>
?[0m?[0;34m2023-03-31 16:06:02.700  WARN 29781 --- [nio-8080-exec-6] o.h.e.loading.internal.LoadContexts      : HHH000100: Fail-safe cleanup (collections) : org.hibernate.engine.loading.internal.CollectionLoadContext@100ec64<rs=HikariProxyResultSet@1498867600 wrapping rs3119: null>
?[0m?[0;34m2023-03-31 16:06:02.700  WARN 29781 --- [nio-8080-exec-6] o.h.e.loading.internal.LoadContexts      : HHH000100: Fail-safe cleanup (collections) : org.hibernate.engine.loading.internal.CollectionLoadContext@39dbd214<rs=HikariProxyResultSet@1264485780 wrapping rs3106: null>
?[0m?[0;34m2023-03-31 16:06:02.700  WARN 29781 --- [nio-8080-exec-6] o.h.e.loading.internal.LoadContexts      : HHH000100: Fail-safe cleanup (collections) : org.hibernate.engine.loading.internal.CollectionLoadContext@7814a702<rs=HikariProxyResultSet@1408465429 wrapping rs3042: null>
?[0m?[0;34m2023-03-31 16:06:02.700  WARN 29781 --- [nio-8080-exec-6] o.h.e.loading.internal.LoadContexts      : HHH000100: Fail-safe cleanup (collections) : org.hibernate.engine.loading.internal.CollectionLoadContext@2de8bb83<rs=HikariProxyResultSet@52720020 wrapping rs3177: null>
?[0m?[0;34m2023-03-31 16:06:02.700  WARN 29781 --- [nio-8080-exec-6] o.h.e.loading.internal.LoadContexts      : HHH000100: Fail-safe cleanup (collections) : org.hibernate.engine.loading.internal.CollectionLoadContext@2b0d1196<rs=HikariProxyResultSet@238221466 wrapping rs3072: null>
?[0m?[0;34m2023-03-31 16:06:02.700  WARN 29781 --- [nio-8080-exec-6] o.h.e.loading.internal.LoadContexts      : HHH000100: Fail-safe cleanup (collections) : org.hibernate.engine.loading.internal.CollectionLoadContext@4c213d91<rs=HikariProxyResultSet@273929499 wrapping rs3050: null>
?[0m?[0;34m2023-03-31 16:06:02.700  WARN 29781 --- [nio-8080-exec-6] o.h.e.loading.internal.LoadContexts      : HHH000100: Fail-safe cleanup (collections) : org.hibernate.engine.loading.internal.CollectionLoadContext@1150bfa0<rs=HikariProxyResultSet@1581532572 wrapping rs3266: null>
?[0m?[0;34m2023-03-31 16:06:02.700  WARN 29781 --- [nio-8080-exec-6] o.h.e.loading.internal.LoadContexts      : HHH000100: Fail-safe cleanup (collections) : org.hibernate.engine.loading.internal.CollectionLoadContext@790c3aaa<rs=HikariProxyResultSet@260607517 wrapping rs2925: null>
?[0m?[0;34m2023-03-31 16:06:02.700  WARN 29781 --- [nio-8080-exec-6] o.h.e.loading.internal.LoadContexts      : HHH000100: Fail-safe cleanup (collections) : org.hibernate.engine.loading.internal.CollectionLoadContext@3a4e05bc<rs=HikariProxyResultSet@1949249182 wrapping rs3226: null>
?[0m?[0;34m2023-03-31 16:06:02.700  WARN 29781 --- [nio-8080-exec-6] o.h.e.loading.internal.LoadContexts      : HHH000100: Fail-safe cleanup (collections) : org.hibernate.engine.loading.internal.CollectionLoadContext@7f467ad1<rs=HikariProxyResultSet@849653535 wrapping rs3099: null>
?[0m?[0;34m2023-03-31 16:06:02.700  WARN 29781 --- [nio-8080-exec-6] o.h.e.loading.internal.LoadContexts      : HHH000100: Fail-safe cleanup (collections) : org.hibernate.engine.loading.internal.CollectionLoadContext@6bff7726<rs=HikariProxyResultSet@1971325082 wrapping rs3292: null>
?[0m?[0;34m2023-03-31 16:06:02.700  WARN 29781 --- [nio-8080-exec-6] o.h.e.loading.internal.LoadContexts      : HHH000100: Fail-safe cleanup (collections) : org.hibernate.engine.loading.internal.CollectionLoadContext@73bed999<rs=HikariProxyResultSet@1647141921 wrapping rs3247: null>
?[0m?[0;34m2023-03-31 16:06:02.700  WARN 29781 --- [nio-8080-exec-6] o.h.e.loading.internal.LoadContexts      : HHH000100: Fail-safe cleanup (collections) : org.hibernate.engine.loading.internal.CollectionLoadContext@399751b7<rs=HikariProxyResultSet@2094905506 wrapping rs3021: null>
?[0m?[0;34m2023-03-31 16:06:02.700  WARN 29781 --- [nio-8080-exec-6] o.h.e.loading.internal.LoadContexts      : HHH000100: Fail-safe cleanup (collections) : org.hibernate.engine.loading.internal.CollectionLoadContext@75cb34a6<rs=HikariProxyResultSet@1578083869 wrapping rs3364: null>
?[0m?[0;34m2023-03-31 16:06:02.700  WARN 29781 --- [nio-8080-exec-6] o.h.e.loading.internal.LoadContexts      : HHH000100: Fail-safe cleanup (collections) : org.hibernate.engine.loading.internal.CollectionLoadContext@659d2b7e<rs=HikariProxyResultSet@52677794 wrapping rs3407: null>
?[0m?[0;34m2023-03-31 16:06:02.700  WARN 29781 --- [nio-8080-exec-6] o.h.e.loading.internal.LoadContexts      : HHH000100: Fail-safe cleanup (collections) : org.hibernate.engine.loading.internal.CollectionLoadContext@606a5445<rs=HikariProxyResultSet@802022949 wrapping rs2888: null>
?[0m?[0;34m2023-03-31 16:06:02.700  WARN 29781 --- [nio-8080-exec-6] o.h.e.loading.internal.LoadContexts      : HHH000100: Fail-safe cleanup (collections) : org.hibernate.engine.loading.internal.CollectionLoadContext@63f3ab16<rs=HikariProxyResultSet@95374885 wrapping rs3087: null>
?[0m?[0;34m2023-03-31 16:06:02.700  WARN 29781 --- [nio-8080-exec-6] o.h.e.loading.internal.LoadContexts      : HHH000100: Fail-safe cleanup (collections) : org.hibernate.engine.loading.internal.CollectionLoadContext@4f31ddca<rs=HikariProxyResultSet@831149476 wrapping rs3411: null>
?[0m?[0;34m2023-03-31 16:06:02.700  WARN 29781 --- [nio-8080-exec-6] o.h.e.loading.internal.LoadContexts      : HHH000100: Fail-safe cleanup (collections) : org.hibernate.engine.loading.internal.CollectionLoadContext@43fbc989<rs=HikariProxyResultSet@1725987244 wrapping rs3089: null>
?[0m?[0;34m2023-03-31 16:06:02.701  WARN 29781 --- [nio-8080-exec-6] o.h.e.loading.internal.LoadContexts      : HHH000100: Fail-safe cleanup (collections) : org.hibernate.engine.loading.internal.CollectionLoadContext@710175cf<rs=HikariProxyResultSet@946292269 wrapping rs3244: null>
?[0m?[0;34m2023-03-31 16:06:02.701  WARN 29781 --- [nio-8080-exec-6] o.h.e.loading.internal.LoadContexts      : HHH000100: Fail-safe cleanup (collections) : org.hibernate.engine.loading.internal.CollectionLoadContext@fd4cbe2<rs=HikariProxyResultSet@201573038 wrapping rs3245: null>
?[0m?[0;34m2023-03-31 16:06:02.701  WARN 29781 --- [nio-8080-exec-6] o.h.e.loading.internal.LoadContexts      : HHH000100: Fail-safe cleanup (collections) : org.hibernate.engine.loading.internal.CollectionLoadContext@4eca985f<rs=HikariProxyResultSet@1861261103 wrapping rs3123: null>
?[0m?[0;34m2023-03-31 16:06:02.701  WARN 29781 --- [nio-8080-exec-6] o.h.e.loading.internal.LoadContexts      : HHH000100: Fail-safe cleanup (collections) : org.hibernate.engine.loading.internal.CollectionLoadContext@53e0b78e<rs=HikariProxyResultSet@436125487 wrapping rs3270: null>
?[0m?[0;34m2023-03-31 16:06:02.701  WARN 29781 --- [nio-8080-exec-6] o.h.e.loading.internal.LoadContexts      : HHH000100: Fail-safe cleanup (collections) : org.hibernate.engine.loading.internal.CollectionLoadContext@29351f30<rs=HikariProxyResultSet@533453236 wrapping rs3196: null>
?[0m?[0;34m2023-03-31 16:06:02.701  WARN 29781 --- [nio-8080-exec-6] o.h.e.loading.internal.LoadContexts      : HHH000100: Fail-safe cleanup (collections) : org.hibernate.engine.loading.internal.CollectionLoadContext@174a2f<rs=HikariProxyResultSet@32333236 wrapping rs3241: null>
?[0m?[0;34m2023-03-31 16:06:02.701  WARN 29781 --- [nio-8080-exec-6] o.h.e.loading.internal.LoadContexts      : HHH000100: Fail-safe cleanup (collections) : org.hibernate.engine.loading.internal.CollectionLoadContext@1a853212<rs=HikariProxyResultSet@52083382 wrapping rs3284: null>
?[0m?[0;34m2023-03-31 16:06:02.701  WARN 29781 --- [nio-8080-exec-6] o.h.e.loading.internal.LoadContexts      : HHH000100: Fail-safe cleanup (collections) : org.hibernate.engine.loading.internal.CollectionLoadContext@4c8faa0b<rs=HikariProxyResultSet@128957239 wrapping rs3298: null>
?[0m?[0;34m2023-03-31 16:06:02.701  WARN 29781 --- [nio-8080-exec-6] o.h.e.loading.internal.LoadContexts      : HHH000100: Fail-safe cleanup (collections) : org.hibernate.engine.loading.internal.CollectionLoadContext@4dc2f035<rs=HikariProxyResultSet@770778298 wrapping rs3095: null>
?[0m?[0;34m2023-03-31 16:06:02.701  WARN 29781 --- [nio-8080-exec-6] o.h.e.loading.internal.LoadContexts      : HHH000100: Fail-safe cleanup (collections) : org.hibernate.engine.loading.internal.CollectionLoadContext@77be9d90<rs=HikariProxyResultSet@67021115 wrapping rs2893: null>
?[0m?[0;34m2023-03-31 16:06:02.701  WARN 29781 --- [nio-8080-exec-6] o.h.e.loading.internal.LoadContexts      : HHH000100: Fail-safe cleanup (collections) : org.hibernate.engine.loading.internal.CollectionLoadContext@449834d7<rs=HikariProxyResultSet@1599094204 wrapping rs2867: null>
?[0m?[0;34m2023-03-31 16:06:02.701  WARN 29781 --- [nio-8080-exec-6] o.h.e.loading.internal.LoadContexts      : HHH000100: Fail-safe cleanup (collections) : org.hibernate.engine.loading.internal.CollectionLoadContext@757601bd<rs=HikariProxyResultSet@534080061 wrapping rs3015: null>
?[0m?[0;34m2023-03-31 16:06:02.701  WARN 29781 --- [nio-8080-exec-6] o.h.e.loading.internal.LoadContexts      : HHH000100: Fail-safe cleanup (collections) : org.hibernate.engine.loading.internal.CollectionLoadContext@2fef047e<rs=HikariProxyResultSet@718866747 wrapping rs3330: null>
?[0m?[0;34m2023-03-31 16:06:02.701  WARN 29781 --- [nio-8080-exec-6] o.h.e.loading.internal.LoadContexts      : HHH000100: Fail-safe cleanup (collections) : org.hibernate.engine.loading.internal.CollectionLoadContext@2cbe4e0e<rs=HikariProxyResultSet@527975360 wrapping rs3323: null>
?[0m?[0;34m2023-03-31 16:06:02.701  WARN 29781 --- [nio-8080-exec-6] o.h.e.loading.internal.LoadContexts      : HHH000100: Fail-safe cleanup (collections) : org.hibernate.engine.loading.internal.CollectionLoadContext@2985f9c2<rs=HikariProxyResultSet@1224157507 wrapping rs3356: null>
?[0m?[0;34m2023-03-31 16:06:02.701  WARN 29781 --- [nio-8080-exec-6] o.h.e.loading.internal.LoadContexts      : HHH000100: Fail-safe cleanup (collections) : org.hibernate.engine.loading.internal.CollectionLoadContext@6cbb6ea6<rs=HikariProxyResultSet@976769476 wrapping rs3399: null>
?[0m?[0;34m2023-03-31 16:06:02.701  WARN 29781 --- [nio-8080-exec-6] o.h.e.loading.internal.LoadContexts      : HHH000100: Fail-safe cleanup (collections) : org.hibernate.engine.loading.internal.CollectionLoadContext@3b205bbb<rs=HikariProxyResultSet@735041093 wrapping rs2927: null>
?[0m?[0;34m2023-03-31 16:06:02.701  WARN 29781 --- [nio-8080-exec-6] o.h.e.loading.internal.LoadContexts      : HHH000100: Fail-safe cleanup (collections) : org.hibernate.engine.loading.internal.CollectionLoadContext@6530acef<rs=HikariProxyResultSet@1702561607 wrapping rs2974: null>
?[0m?[0;34m2023-03-31 16:06:02.701  WARN 29781 --- [nio-8080-exec-6] o.h.e.loading.internal.LoadContexts      : HHH000100: Fail-safe cleanup (collections) : org.hibernate.engine.loading.internal.CollectionLoadContext@637d1262<rs=HikariProxyResultSet@1124570056 wrapping rs2990: null>
?[0m?[0;34m2023-03-31 16:06:02.701  WARN 29781 --- [nio-8080-exec-6] o.h.e.loading.internal.LoadContexts      : HHH000100: Fail-safe cleanup (collections) : org.hibernate.engine.loading.internal.CollectionLoadContext@54049ef5<rs=HikariProxyResultSet@1850035144 wrapping rs3391: null>
?[0m?[0;34m2023-03-31 16:06:02.701  WARN 29781 --- [nio-8080-exec-6] o.h.e.loading.internal.LoadContexts      : HHH000100: Fail-safe cleanup (collections) : org.hibernate.engine.loading.internal.CollectionLoadContext@6dc0ea4d<rs=HikariProxyResultSet@1862240974 wrapping rs3256: null>
?[0m?[0;34m2023-03-31 16:06:02.701  WARN 29781 --- [nio-8080-exec-6] o.h.e.loading.internal.LoadContexts      : HHH000100: Fail-safe cleanup (collections) : org.hibernate.engine.loading.internal.CollectionLoadContext@df764ce<rs=HikariProxyResultSet@1816072273 wrapping rs2982: null>
?[0m?[0;34m2023-03-31 16:06:02.701  WARN 29781 --- [nio-8080-exec-6] o.h.e.loading.internal.LoadContexts      : HHH000100: Fail-safe cleanup (collections) : org.hibernate.engine.loading.internal.CollectionLoadContext@6128910<rs=HikariProxyResultSet@912461010 wrapping rs3283: null>
?[0m?[0;34m2023-03-31 16:06:02.701  WARN 29781 --- [nio-8080-exec-6] o.h.e.loading.internal.LoadContexts      : HHH000100: Fail-safe cleanup (collections) : org.hibernate.engine.loading.internal.CollectionLoadContext@76914c11<rs=HikariProxyResultSet@926312529 wrapping rs3361: null>
?[0m?[0;34m2023-03-31 16:06:02.701  WARN 29781 --- [nio-8080-exec-6] o.h.e.loading.internal.LoadContexts      : HHH000100: Fail-safe cleanup (collections) : org.hibernate.engine.loading.internal.CollectionLoadContext@1c69520c<rs=HikariProxyResultSet@2140679636 wrapping rs3355: null>
?[0m?[0;34m2023-03-31 16:06:02.701  WARN 29781 --- [nio-8080-exec-6] o.h.e.loading.internal.LoadContexts      : HHH000100: Fail-safe cleanup (collections) : org.hibernate.engine.loading.internal.CollectionLoadContext@2a0e945b<rs=HikariProxyResultSet@1983424343 wrapping rs3173: null>
?[0m?[0;34m2023-03-31 16:06:02.701  WARN 29781 --- [nio-8080-exec-6] o.h.e.loading.internal.LoadContexts      : HHH000100: Fail-safe cleanup (collections) : org.hibernate.engine.loading.internal.CollectionLoadContext@38c6d203<rs=HikariProxyResultSet@1599187928 wrapping rs2864: null>
?[0m?[0;34m2023-03-31 16:06:02.701  WARN 29781 --- [nio-8080-exec-6] o.h.e.loading.internal.LoadContexts      : HHH000100: Fail-safe cleanup (collections) : org.hibernate.engine.loading.internal.CollectionLoadContext@44cbe0ce<rs=HikariProxyResultSet@2089864152 wrapping rs2917: null>
?[0m?[0;34m2023-03-31 16:06:02.701  WARN 29781 --- [nio-8080-exec-6] o.h.e.loading.internal.LoadContexts      : HHH000100: Fail-safe cleanup (collections) : org.hibernate.engine.loading.internal.CollectionLoadContext@12643369<rs=HikariProxyResultSet@614412248 wrapping rs2926: null>
?[0m?[0;34m2023-03-31 16:06:02.701  WARN 29781 --- [nio-8080-exec-6] o.h.e.loading.internal.LoadContexts      : HHH000100: Fail-safe cleanup (collections) : org.hibernate.engine.loading.internal.CollectionLoadContext@4c16c132<rs=HikariProxyResultSet@129221979 wrapping rs2949: null>
?[0m?[0;34m2023-03-31 16:06:02.701  WARN 29781 --- [nio-8080-exec-6] o.h.e.loading.internal.LoadContexts      : HHH000100: Fail-safe cleanup (collections) : org.hibernate.engine.loading.internal.CollectionLoadContext@424e5479<rs=HikariProxyResultSet@1628799065 wrapping rs2962: null>
?[0m?[0;34m2023-03-31 16:06:02.701  WARN 29781 --- [nio-8080-exec-6] o.h.e.loading.internal.LoadContexts      : HHH000100: Fail-safe cleanup (collections) : org.hibernate.engine.loading.internal.CollectionLoadContext@5918016e<rs=HikariProxyResultSet@237014621 wrapping rs2986: null>
?[0m?[0;34m2023-03-31 16:06:02.701  WARN 29781 --- [nio-8080-exec-6] o.h.e.loading.internal.LoadContexts      : HHH000100: Fail-safe cleanup (collections) : org.hibernate.engine.loading.internal.CollectionLoadContext@6a549e5f<rs=HikariProxyResultSet@1086887259 wrapping rs3124: null>
?[0m?[0;34m2023-03-31 16:06:02.701  WARN 29781 --- [nio-8080-exec-6] o.h.e.loading.internal.LoadContexts      : HHH000100: Fail-safe cleanup (collections) : org.hibernate.engine.loading.internal.CollectionLoadContext@10b1dd76<rs=HikariProxyResultSet@223930844 wrapping rs3250: null>
?[0m?[0;34m2023-03-31 16:06:02.701  WARN 29781 --- [nio-8080-exec-6] o.h.e.loading.internal.LoadContexts      : HHH000100: Fail-safe cleanup (collections) : org.hibernate.engine.loading.internal.CollectionLoadContext@206cbe85<rs=HikariProxyResultSet@1693382237 wrapping rs3301: null>
?[0m?[0;34m2023-03-31 16:06:02.701  WARN 29781 --- [nio-8080-exec-6] o.h.e.loading.internal.LoadContexts      : HHH000100: Fail-safe cleanup (collections) : org.hibernate.engine.loading.internal.CollectionLoadContext@3966c897<rs=HikariProxyResultSet@1240171359 wrapping rs3338: null>
?[0m?[0;34m2023-03-31 16:06:02.701  WARN 29781 --- [nio-8080-exec-6] o.h.e.loading.internal.LoadContexts      : HHH000100: Fail-safe cleanup (collections) : org.hibernate.engine.loading.internal.CollectionLoadContext@770e1f82<rs=HikariProxyResultSet@2012469337 wrapping rs3362: null>
?[0m?[0;34m2023-03-31 16:06:02.701  WARN 29781 --- [nio-8080-exec-6] o.h.e.loading.internal.LoadContexts      : HHH000100: Fail-safe cleanup (collections) : org.hibernate.engine.loading.internal.CollectionLoadContext@694a2678<rs=HikariProxyResultSet@334448995 wrapping rs3262: null>
?[0m?[0;34m2023-03-31 16:06:02.701  WARN 29781 --- [nio-8080-exec-6] o.h.e.loading.internal.LoadContexts      : HHH000100: Fail-safe cleanup (collections) : org.hibernate.engine.loading.internal.CollectionLoadContext@2c172542<rs=HikariProxyResultSet@2140687844 wrapping rs3024: null>
?[0m?[0;34m2023-03-31 16:06:02.701  WARN 29781 --- [nio-8080-exec-6] o.h.e.loading.internal.LoadContexts      : HHH000100: Fail-safe cleanup (collections) : org.hibernate.engine.loading.internal.CollectionLoadContext@23ba6227<rs=HikariProxyResultSet@1305674986 wrapping rs3306: null>
?[0m?[0;34m2023-03-31 16:06:02.701  WARN 29781 --- [nio-8080-exec-6] o.h.e.loading.internal.LoadContexts      : HHH000100: Fail-safe cleanup (collections) : org.hibernate.engine.loading.internal.CollectionLoadContext@244f9bdd<rs=HikariProxyResultSet@950454764 wrapping rs3008: null>
?[0m?[0;34m2023-03-31 16:06:02.701  WARN 29781 --- [nio-8080-exec-6] o.h.e.loading.internal.LoadContexts      : HHH000100: Fail-safe cleanup (collections) : org.hibernate.engine.loading.internal.CollectionLoadContext@1c0e00ca<rs=HikariProxyResultSet@1530111855 wrapping rs3273: null>
?[0m?[0;34m2023-03-31 16:06:02.701  WARN 29781 --- [nio-8080-exec-6] o.h.e.loading.internal.LoadContexts      : HHH000100: Fail-safe cleanup (collections) : org.hibernate.engine.loading.internal.CollectionLoadContext@9260b3c<rs=HikariProxyResultSet@1515373939 wrapping rs3405: null>
?[0m?[0;34m2023-03-31 16:06:02.701  WARN 29781 --- [nio-8080-exec-6] o.h.e.loading.internal.LoadContexts      : HHH000100: Fail-safe cleanup (collections) : org.hibernate.engine.loading.internal.CollectionLoadContext@797dfb65<rs=HikariProxyResultSet@169704948 wrapping rs3193: null>
?[0m?[0;34m2023-03-31 16:06:02.701  WARN 29781 --- [nio-8080-exec-6] o.h.e.loading.internal.LoadContexts      : HHH000100: Fail-safe cleanup (collections) : org.hibernate.engine.loading.internal.CollectionLoadContext@21b406e4<rs=HikariProxyResultSet@256478837 wrapping rs2972: null>
?[0m?[0;34m2023-03-31 16:06:02.701  WARN 29781 --- [nio-8080-exec-6] o.h.e.loading.internal.LoadContexts      : HHH000100: Fail-safe cleanup (collections) : org.hibernate.engine.loading.internal.CollectionLoadContext@4dd04a48<rs=HikariProxyResultSet@1754355317 wrapping rs3130: null>
?[0m?[0;34m2023-03-31 16:06:02.701  WARN 29781 --- [nio-8080-exec-6] o.h.e.loading.internal.LoadContexts      : HHH000100: Fail-safe cleanup (collections) : org.hibernate.engine.loading.internal.CollectionLoadContext@7496c725<rs=HikariProxyResultSet@513852408 wrapping rs3014: null>
?[0m?[0;34m2023-03-31 16:06:02.701  WARN 29781 --- [nio-8080-exec-6] o.h.e.loading.internal.LoadContexts      : HHH000100: Fail-safe cleanup (collections) : org.hibernate.engine.loading.internal.CollectionLoadContext@6226ac01<rs=HikariProxyResultSet@1397019132 wrapping rs3182: null>
?[0m?[0;34m2023-03-31 16:06:02.701  WARN 29781 --- [nio-8080-exec-6] o.h.e.loading.internal.LoadContexts      : HHH000100: Fail-safe cleanup (collections) : org.hibernate.engine.loading.internal.CollectionLoadContext@63a41587<rs=HikariProxyResultSet@1471770108 wrapping rs3329: null>
?[0m?[0;34m2023-03-31 16:06:02.701  WARN 29781 --- [nio-8080-exec-6] o.h.e.loading.internal.LoadContexts      : HHH000100: Fail-safe cleanup (collections) : org.hibernate.engine.loading.internal.CollectionLoadContext@2c6981b1<rs=HikariProxyResultSet@4042494 wrapping rs3261: null>
?[0m?[0;34m2023-03-31 16:06:02.701 DEBUG 29781 --- [nio-8080-exec-6] o.s.web.servlet.DispatcherServlet        : Completed 200 OK
?[0m?[0;34m2023-03-31 16:06:02.702 DEBUG 29781 --- [nio-8080-exec-6] w.c.HttpSessionSecurityContextRepository : Stored SecurityContextImpl [Authentication=UsernamePasswordAuthenticationToken [Principal=recipes.UserDetailsImpl@6620cd8e, Credentials=[PROTECTED], Authenticated=true, Details=WebAuthenticationDetails [RemoteIpAddress=127.0.0.1, SessionId=null], Granted Authorities=[ROLE_USER]]] to HttpSession [org.apache.catalina.session.StandardSessionFacade@7a8895aa]
?[0m?[0;34m2023-03-31 16:06:02.702 DEBUG 29781 --- [nio-8080-exec-6] s.s.w.c.SecurityContextPersistenceFilter : Cleared SecurityContextHolder to complete request
?[1;31m
Start test 36?[0m
?[0m?[0;34m2023-03-31 16:06:02.709 DEBUG 29781 --- [io-8080-exec-10] o.s.security.web.FilterChainProxy        : Securing GET /api/recipe/search/?name=ice-cream
?[0m?[0;34m2023-03-31 16:06:02.709 DEBUG 29781 --- [io-8080-exec-10] s.s.w.c.SecurityContextPersistenceFilter : Set SecurityContextHolder to empty SecurityContext
?[0m?[0;34m2023-03-31 16:06:02.709 DEBUG 29781 --- [io-8080-exec-10] tor$SharedEntityManagerInvocationHandler : Creating new EntityManager for shared EntityManager invocation
?[0m?[0;34m2023-03-31 16:06:02.800 DEBUG 29781 --- [io-8080-exec-10] o.s.s.a.dao.DaoAuthenticationProvider    : Authenticated user
?[0m?[0;34m2023-03-31 16:06:02.800 DEBUG 29781 --- [io-8080-exec-10] o.s.s.w.a.www.BasicAuthenticationFilter  : Set SecurityContextHolder to UsernamePasswordAuthenticationToken [Principal=recipes.UserDetailsImpl@8318d1e, Credentials=[PROTECTED], Authenticated=true, Details=WebAuthenticationDetails [RemoteIpAddress=127.0.0.1, SessionId=null], Granted Authorities=[ROLE_USER]]
?[0m?[0;34m2023-03-31 16:06:02.800 DEBUG 29781 --- [io-8080-exec-10] w.c.HttpSessionSecurityContextRepository : Created HttpSession as SecurityContext is non-default
?[0m?[0;34m2023-03-31 16:06:02.800 DEBUG 29781 --- [io-8080-exec-10] w.c.HttpSessionSecurityContextRepository : Stored SecurityContextImpl [Authentication=UsernamePasswordAuthenticationToken [Principal=recipes.UserDetailsImpl@8318d1e, Credentials=[PROTECTED], Authenticated=true, Details=WebAuthenticationDetails [RemoteIpAddress=127.0.0.1, SessionId=null], Granted Authorities=[ROLE_USER]]] to HttpSession [org.apache.catalina.session.StandardSessionFacade@5f842e88]
?[0m?[0;34m2023-03-31 16:06:02.801 DEBUG 29781 --- [io-8080-exec-10] o.s.s.w.a.i.FilterSecurityInterceptor    : Authorized filter invocation [GET /api/recipe/search/?name=ice-cream] with attributes [hasRole('ROLE_USER')]
?[0m?[0;34m2023-03-31 16:06:02.801 DEBUG 29781 --- [io-8080-exec-10] o.s.security.web.FilterChainProxy        : Secured GET /api/recipe/search/?name=ice-cream
?[0m?[0;34m2023-03-31 16:06:02.801 DEBUG 29781 --- [io-8080-exec-10] o.s.web.servlet.DispatcherServlet        : GET "/api/recipe/search/?name=ice-cream", parameters={masked}
?[0m?[0;34m2023-03-31 16:06:02.801 DEBUG 29781 --- [io-8080-exec-10] s.w.s.m.m.a.RequestMappingHandlerMapping : Mapped to recipes.RecipesController#getCategoryListRecipes(String, String)
?[0m?[0;34m2023-03-31 16:06:02.801 DEBUG 29781 --- [io-8080-exec-10] o.j.s.OpenEntityManagerInViewInterceptor : Opening JPA EntityManager in OpenEntityManagerInViewInterceptor
?[0m?[0;34m2023-03-31 16:06:02.806 DEBUG 29781 --- [io-8080-exec-10] m.m.a.RequestResponseBodyMethodProcessor : Using 'application/json', given [*/*] and supported [application/json, application/*+json, application/json, application/*+json]
?[0m?[0;34m2023-03-31 16:06:02.839 DEBUG 29781 --- [io-8080-exec-10] m.m.a.RequestResponseBodyMethodProcessor : Writing [java.lang.StackOverflowError]
?[0m?[0;34m2023-03-31 16:06:02.841 DEBUG 29781 --- [io-8080-exec-10] w.c.HttpSessionSecurityContextRepository : Stored SecurityContextImpl [Authentication=UsernamePasswordAuthenticationToken [Principal=recipes.UserDetailsImpl@8318d1e, Credentials=[PROTECTED], Authenticated=true, Details=WebAuthenticationDetails [RemoteIpAddress=127.0.0.1, SessionId=null], Granted Authorities=[ROLE_USER]]] to HttpSession [org.apache.catalina.session.StandardSessionFacade@5f842e88]
?[0m?[0;34m2023-03-31 16:06:02.841 DEBUG 29781 --- [io-8080-exec-10] o.j.s.OpenEntityManagerInViewInterceptor : Closing JPA EntityManager in OpenEntityManagerInViewInterceptor
?[0m?[0;34m2023-03-31 16:06:02.841  WARN 29781 --- [io-8080-exec-10] o.h.e.loading.internal.LoadContexts      : HHH000100: Fail-safe cleanup (collections) : org.hibernate.engine.loading.internal.CollectionLoadContext@1b5fde5d<rs=HikariProxyResultSet@1169927297 wrapping rs3849: null>
?[0m?[0;34m2023-03-31 16:06:02.841  WARN 29781 --- [io-8080-exec-10] o.h.e.loading.internal.LoadContexts      : HHH000100: Fail-safe cleanup (collections) : org.hibernate.engine.loading.internal.CollectionLoadContext@239765f9<rs=HikariProxyResultSet@339354882 wrapping rs3893: null>
?[0m?[0;34m2023-03-31 16:06:02.841  WARN 29781 --- [io-8080-exec-10] o.h.e.loading.internal.LoadContexts      : HHH000100: Fail-safe cleanup (collections) : org.hibernate.engine.loading.internal.CollectionLoadContext@4c459751<rs=HikariProxyResultSet@1670479235 wrapping rs3480: null>
?[0m?[0;34m2023-03-31 16:06:02.841  WARN 29781 --- [io-8080-exec-10] o.h.e.loading.internal.LoadContexts      : HHH000100: Fail-safe cleanup (collections) : org.hibernate.engine.loading.internal.CollectionLoadContext@3ab46746<rs=HikariProxyResultSet@1191151237 wrapping rs3627: null>
?[0m?[0;34m2023-03-31 16:06:02.841  WARN 29781 --- [io-8080-exec-10] o.h.e.loading.internal.LoadContexts      : HHH000100: Fail-safe cleanup (collections) : org.hibernate.engine.loading.internal.CollectionLoadContext@5f7ceb7b<rs=HikariProxyResultSet@1403791110 wrapping rs3465: null>
?[0m?[0;34m2023-03-31 16:06:02.841  WARN 29781 --- [io-8080-exec-10] o.h.e.loading.internal.LoadContexts      : HHH000100: Fail-safe cleanup (collections) : org.hibernate.engine.loading.internal.CollectionLoadContext@47dce5c0<rs=HikariProxyResultSet@1258607366 wrapping rs3615: null>
?[0m?[0;34m2023-03-31 16:06:02.841  WARN 29781 --- [io-8080-exec-10] o.h.e.loading.internal.LoadContexts      : HHH000100: Fail-safe cleanup (collections) : org.hibernate.engine.loading.internal.CollectionLoadContext@27431d75<rs=HikariProxyResultSet@1950782343 wrapping rs3891: null>
?[0m?[0;34m2023-03-31 16:06:02.841  WARN 29781 --- [io-8080-exec-10] o.h.e.loading.internal.LoadContexts      : HHH000100: Fail-safe cleanup (collections) : org.hibernate.engine.loading.internal.CollectionLoadContext@3ed4d08c<rs=HikariProxyResultSet@357617801 wrapping rs3829: null>
?[0m?[0;34m2023-03-31 16:06:02.841  WARN 29781 --- [io-8080-exec-10] o.h.e.loading.internal.LoadContexts      : HHH000100: Fail-safe cleanup (collections) : org.hibernate.engine.loading.internal.CollectionLoadContext@6cbd31e<rs=HikariProxyResultSet@141037834 wrapping rs3528: null>
?[0m?[0;34m2023-03-31 16:06:02.841  WARN 29781 --- [io-8080-exec-10] o.h.e.loading.internal.LoadContexts      : HHH000100: Fail-safe cleanup (collections) : org.hibernate.engine.loading.internal.CollectionLoadContext@2619d4e2<rs=HikariProxyResultSet@133581195 wrapping rs3676: null>
?[0m?[0;34m2023-03-31 16:06:02.841  WARN 29781 --- [io-8080-exec-10] o.h.e.loading.internal.LoadContexts      : HHH000100: Fail-safe cleanup (collections) : org.hibernate.engine.loading.internal.CollectionLoadContext@190edde1<rs=HikariProxyResultSet@951859724 wrapping rs3631: null>
?[0m?[0;34m2023-03-31 16:06:02.841  WARN 29781 --- [io-8080-exec-10] o.h.e.loading.internal.LoadContexts      : HHH000100: Fail-safe cleanup (collections) : org.hibernate.engine.loading.internal.CollectionLoadContext@1463efc<rs=HikariProxyResultSet@339377805 wrapping rs3670: null>
?[0m?[0;34m2023-03-31 16:06:02.841  WARN 29781 --- [io-8080-exec-10] o.h.e.loading.internal.LoadContexts      : HHH000100: Fail-safe cleanup (collections) : org.hibernate.engine.loading.internal.CollectionLoadContext@59cd4ee9<rs=HikariProxyResultSet@852486797 wrapping rs3842: null>
?[0m?[0;34m2023-03-31 16:06:02.841  WARN 29781 --- [io-8080-exec-10] o.h.e.loading.internal.LoadContexts      : HHH000100: Fail-safe cleanup (collections) : org.hibernate.engine.loading.internal.CollectionLoadContext@311b2ff6<rs=HikariProxyResultSet@1408895508 wrapping rs3927: null>
?[0m?[0;34m2023-03-31 16:06:02.841  WARN 29781 --- [io-8080-exec-10] o.h.e.loading.internal.LoadContexts      : HHH000100: Fail-safe cleanup (collections) : org.hibernate.engine.loading.internal.CollectionLoadContext@5e950de1<rs=HikariProxyResultSet@534938261 wrapping rs3485: null>
?[0m?[0;34m2023-03-31 16:06:02.841  WARN 29781 --- [io-8080-exec-10] o.h.e.loading.internal.LoadContexts      : HHH000100: Fail-safe cleanup (collections) : org.hibernate.engine.loading.internal.CollectionLoadContext@6e147911<rs=HikariProxyResultSet@688955158 wrapping rs3574: null>
?[0m?[0;34m2023-03-31 16:06:02.841  WARN 29781 --- [io-8080-exec-10] o.h.e.loading.internal.LoadContexts      : HHH000100: Fail-safe cleanup (collections) : org.hibernate.engine.loading.internal.CollectionLoadContext@5d1dd83c<rs=HikariProxyResultSet@1152323737 wrapping rs3474: null>
?[0m?[0;34m2023-03-31 16:06:02.841  WARN 29781 --- [io-8080-exec-10] o.h.e.loading.internal.LoadContexts      : HHH000100: Fail-safe cleanup (collections) : org.hibernate.engine.loading.internal.CollectionLoadContext@351128f6<rs=HikariProxyResultSet@623503513 wrapping rs3671: null>
?[0m?[0;34m2023-03-31 16:06:02.841  WARN 29781 --- [io-8080-exec-10] o.h.e.loading.internal.LoadContexts      : HHH000100: Fail-safe cleanup (collections) : org.hibernate.engine.loading.internal.CollectionLoadContext@439dd1b0<rs=HikariProxyResultSet@1056721049 wrapping rs3885: null>
?[0m?[0;34m2023-03-31 16:06:02.841  WARN 29781 --- [io-8080-exec-10] o.h.e.loading.internal.LoadContexts      : HHH000100: Fail-safe cleanup (collections) : org.hibernate.engine.loading.internal.CollectionLoadContext@e0cf423<rs=HikariProxyResultSet@489362972 wrapping rs3596: null>
?[0m?[0;34m2023-03-31 16:06:02.841  WARN 29781 --- [io-8080-exec-10] o.h.e.loading.internal.LoadContexts      : HHH000100: Fail-safe cleanup (collections) : org.hibernate.engine.loading.internal.CollectionLoadContext@3d6311e6<rs=HikariProxyResultSet@157036318 wrapping rs3894: null>
?[0m?[0;34m2023-03-31 16:06:02.841  WARN 29781 --- [io-8080-exec-10] o.h.e.loading.internal.LoadContexts      : HHH000100: Fail-safe cleanup (collections) : org.hibernate.engine.loading.internal.CollectionLoadContext@189c824<rs=HikariProxyResultSet@971343138 wrapping rs3430: null>
?[0m?[0;34m2023-03-31 16:06:02.841  WARN 29781 --- [io-8080-exec-10] o.h.e.loading.internal.LoadContexts      : HHH000100: Fail-safe cleanup (collections) : org.hibernate.engine.loading.internal.CollectionLoadContext@2c3489f4<rs=HikariProxyResultSet@990389538 wrapping rs3455: null>
?[0m?[0;34m2023-03-31 16:06:02.841  WARN 29781 --- [io-8080-exec-10] o.h.e.loading.internal.LoadContexts      : HHH000100: Fail-safe cleanup (collections) : org.hibernate.engine.loading.internal.CollectionLoadContext@45f0ddbd<rs=HikariProxyResultSet@1232415010 wrapping rs3484: null>
?[0m?[0;34m2023-03-31 16:06:02.841  WARN 29781 --- [io-8080-exec-10] o.h.e.loading.internal.LoadContexts      : HHH000100: Fail-safe cleanup (collections) : org.hibernate.engine.loading.internal.CollectionLoadContext@60b908c4<rs=HikariProxyResultSet@1904897443 wrapping rs3699: null>
?[0m?[0;34m2023-03-31 16:06:02.841  WARN 29781 --- [io-8080-exec-10] o.h.e.loading.internal.LoadContexts      : HHH000100: Fail-safe cleanup (collections) : org.hibernate.engine.loading.internal.CollectionLoadContext@2f3e241f<rs=HikariProxyResultSet@1499180838 wrapping rs3667: null>
?[0m?[0;34m2023-03-31 16:06:02.841  WARN 29781 --- [io-8080-exec-10] o.h.e.loading.internal.LoadContexts      : HHH000100: Fail-safe cleanup (collections) : org.hibernate.engine.loading.internal.CollectionLoadContext@274d7325<rs=HikariProxyResultSet@104534822 wrapping rs3817: null>
?[0m?[0;34m2023-03-31 16:06:02.841  WARN 29781 --- [io-8080-exec-10] o.h.e.loading.internal.LoadContexts      : HHH000100: Fail-safe cleanup (collections) : org.hibernate.engine.loading.internal.CollectionLoadContext@64135f44<rs=HikariProxyResultSet@1989755944 wrapping rs3926: null>
?[0m?[0;34m2023-03-31 16:06:02.841  WARN 29781 --- [io-8080-exec-10] o.h.e.loading.internal.LoadContexts      : HHH000100: Fail-safe cleanup (collections) : org.hibernate.engine.loading.internal.CollectionLoadContext@4c44842a<rs=HikariProxyResultSet@1455915177 wrapping rs3914: null>
?[0m?[0;34m2023-03-31 16:06:02.841  WARN 29781 --- [io-8080-exec-10] o.h.e.loading.internal.LoadContexts      : HHH000100: Fail-safe cleanup (collections) : org.hibernate.engine.loading.internal.CollectionLoadContext@12845f61<rs=HikariProxyResultSet@240513322 wrapping rs3870: null>
?[0m?[0;34m2023-03-31 16:06:02.841  WARN 29781 --- [io-8080-exec-10] o.h.e.loading.internal.LoadContexts      : HHH000100: Fail-safe cleanup (collections) : org.hibernate.engine.loading.internal.CollectionLoadContext@5e1cd24f<rs=HikariProxyResultSet@1422227883 wrapping rs3736: null>
?[0m?[0;34m2023-03-31 16:06:02.841  WARN 29781 --- [io-8080-exec-10] o.h.e.loading.internal.LoadContexts      : HHH000100: Fail-safe cleanup (collections) : org.hibernate.engine.loading.internal.CollectionLoadContext@200b4fb7<rs=HikariProxyResultSet@1881626156 wrapping rs3433: null>
?[0m?[0;34m2023-03-31 16:06:02.841  WARN 29781 --- [io-8080-exec-10] o.h.e.loading.internal.LoadContexts      : HHH000100: Fail-safe cleanup (collections) : org.hibernate.engine.loading.internal.CollectionLoadContext@4886ea48<rs=HikariProxyResultSet@331995184 wrapping rs3734: null>
?[0m?[0;34m2023-03-31 16:06:02.841  WARN 29781 --- [io-8080-exec-10] o.h.e.loading.internal.LoadContexts      : HHH000100: Fail-safe cleanup (collections) : org.hibernate.engine.loading.internal.CollectionLoadContext@78c9cb6e<rs=HikariProxyResultSet@2060590257 wrapping rs3555: null>
?[0m?[0;34m2023-03-31 16:06:02.841  WARN 29781 --- [io-8080-exec-10] o.h.e.loading.internal.LoadContexts      : HHH000100: Fail-safe cleanup (collections) : org.hibernate.engine.loading.internal.CollectionLoadContext@40ffe092<rs=HikariProxyResultSet@199645619 wrapping rs3935: null>
?[0m?[0;34m2023-03-31 16:06:02.841  WARN 29781 --- [io-8080-exec-10] o.h.e.loading.internal.LoadContexts      : HHH000100: Fail-safe cleanup (collections) : org.hibernate.engine.loading.internal.CollectionLoadContext@3a7379cd<rs=HikariProxyResultSet@1294266932 wrapping rs3722: null>
?[0m?[0;34m2023-03-31 16:06:02.841  WARN 29781 --- [io-8080-exec-10] o.h.e.loading.internal.LoadContexts      : HHH000100: Fail-safe cleanup (collections) : org.hibernate.engine.loading.internal.CollectionLoadContext@45d80061<rs=HikariProxyResultSet@905040694 wrapping rs3910: null>
?[0m?[0;34m2023-03-31 16:06:02.841  WARN 29781 --- [io-8080-exec-10] o.h.e.loading.internal.LoadContexts      : HHH000100: Fail-safe cleanup (collections) : org.hibernate.engine.loading.internal.CollectionLoadContext@737c210f<rs=HikariProxyResultSet@2128105528 wrapping rs3577: null>
?[0m?[0;34m2023-03-31 16:06:02.841  WARN 29781 --- [io-8080-exec-10] o.h.e.loading.internal.LoadContexts      : HHH000100: Fail-safe cleanup (collections) : org.hibernate.engine.loading.internal.CollectionLoadContext@4cb8a482<rs=HikariProxyResultSet@128609336 wrapping rs3732: null>
?[0m?[0;34m2023-03-31 16:06:02.841  WARN 29781 --- [io-8080-exec-10] o.h.e.loading.internal.LoadContexts      : HHH000100: Fail-safe cleanup (collections) : org.hibernate.engine.loading.internal.CollectionLoadContext@6da401c9<rs=HikariProxyResultSet@519924921 wrapping rs3782: null>
?[0m?[0;34m2023-03-31 16:06:02.841  WARN 29781 --- [io-8080-exec-10] o.h.e.loading.internal.LoadContexts      : HHH000100: Fail-safe cleanup (collections) : org.hibernate.engine.loading.internal.CollectionLoadContext@68facf14<rs=HikariProxyResultSet@955135161 wrapping rs3898: null>
?[0m?[0;34m2023-03-31 16:06:02.841  WARN 29781 --- [io-8080-exec-10] o.h.e.loading.internal.LoadContexts      : HHH000100: Fail-safe cleanup (collections) : org.hibernate.engine.loading.internal.CollectionLoadContext@7a1cef5d<rs=HikariProxyResultSet@1987009084 wrapping rs3435: null>
?[0m?[0;34m2023-03-31 16:06:02.841  WARN 29781 --- [io-8080-exec-10] o.h.e.loading.internal.LoadContexts      : HHH000100: Fail-safe cleanup (collections) : org.hibernate.engine.loading.internal.CollectionLoadContext@7309d828<rs=HikariProxyResultSet@624981693 wrapping rs3527: null>
?[0m?[0;34m2023-03-31 16:06:02.841  WARN 29781 --- [io-8080-exec-10] o.h.e.loading.internal.LoadContexts      : HHH000100: Fail-safe cleanup (collections) : org.hibernate.engine.loading.internal.CollectionLoadContext@3e6e35c9<rs=HikariProxyResultSet@1847792962 wrapping rs3543: null>
?[0m?[0;34m2023-03-31 16:06:02.842  WARN 29781 --- [io-8080-exec-10] o.h.e.loading.internal.LoadContexts      : HHH000100: Fail-safe cleanup (collections) : org.hibernate.engine.loading.internal.CollectionLoadContext@52cf7f<rs=HikariProxyResultSet@2057883849 wrapping rs3449: null>
?[0m?[0;34m2023-03-31 16:06:02.842  WARN 29781 --- [io-8080-exec-10] o.h.e.loading.internal.LoadContexts      : HHH000100: Fail-safe cleanup (collections) : org.hibernate.engine.loading.internal.CollectionLoadContext@1d29ae2f<rs=HikariProxyResultSet@398609738 wrapping rs3731: null>
?[0m?[0;34m2023-03-31 16:06:02.842  WARN 29781 --- [io-8080-exec-10] o.h.e.loading.internal.LoadContexts      : HHH000100: Fail-safe cleanup (collections) : org.hibernate.engine.loading.internal.CollectionLoadContext@20dcfd3a<rs=HikariProxyResultSet@320199244 wrapping rs3476: null>
?[0m?[0;34m2023-03-31 16:06:02.842  WARN 29781 --- [io-8080-exec-10] o.h.e.loading.internal.LoadContexts      : HHH000100: Fail-safe cleanup (collections) : org.hibernate.engine.loading.internal.CollectionLoadContext@6fd34495<rs=HikariProxyResultSet@1810497100 wrapping rs3682: null>
?[0m?[0;34m2023-03-31 16:06:02.842  WARN 29781 --- [io-8080-exec-10] o.h.e.loading.internal.LoadContexts      : HHH000100: Fail-safe cleanup (collections) : org.hibernate.engine.loading.internal.CollectionLoadContext@796c4727<rs=HikariProxyResultSet@630859598 wrapping rs3757: null>
?[0m?[0;34m2023-03-31 16:06:02.842  WARN 29781 --- [io-8080-exec-10] o.h.e.loading.internal.LoadContexts      : HHH000100: Fail-safe cleanup (collections) : org.hibernate.engine.loading.internal.CollectionLoadContext@2964c6f3<rs=HikariProxyResultSet@843953103 wrapping rs3779: null>
?[0m?[0;34m2023-03-31 16:06:02.842  WARN 29781 --- [io-8080-exec-10] o.h.e.loading.internal.LoadContexts      : HHH000100: Fail-safe cleanup (collections) : org.hibernate.engine.loading.internal.CollectionLoadContext@6e96dbc8<rs=HikariProxyResultSet@446598095 wrapping rs3860: null>
?[0m?[0;34m2023-03-31 16:06:02.842  WARN 29781 --- [io-8080-exec-10] o.h.e.loading.internal.LoadContexts      : HHH000100: Fail-safe cleanup (collections) : org.hibernate.engine.loading.internal.CollectionLoadContext@1b14dd63<rs=HikariProxyResultSet@1421685453 wrapping rs3964: null>
?[0m?[0;34m2023-03-31 16:06:02.842  WARN 29781 --- [io-8080-exec-10] o.h.e.loading.internal.LoadContexts      : HHH000100: Fail-safe cleanup (collections) : org.hibernate.engine.loading.internal.CollectionLoadContext@5ae459<rs=HikariProxyResultSet@404990290 wrapping rs3507: null>
?[0m?[0;34m2023-03-31 16:06:02.842  WARN 29781 --- [io-8080-exec-10] o.h.e.loading.internal.LoadContexts      : HHH000100: Fail-safe cleanup (collections) : org.hibernate.engine.loading.internal.CollectionLoadContext@f06f9ff<rs=HikariProxyResultSet@1413897683 wrapping rs3738: null>
?[0m?[0;34m2023-03-31 16:06:02.842  WARN 29781 --- [io-8080-exec-10] o.h.e.loading.internal.LoadContexts      : HHH000100: Fail-safe cleanup (collections) : org.hibernate.engine.loading.internal.CollectionLoadContext@57163b4c<rs=HikariProxyResultSet@993038037 wrapping rs3601: null>
?[0m?[0;34m2023-03-31 16:06:02.842  WARN 29781 --- [io-8080-exec-10] o.h.e.loading.internal.LoadContexts      : HHH000100: Fail-safe cleanup (collections) : org.hibernate.engine.loading.internal.CollectionLoadContext@6ad41b08<rs=HikariProxyResultSet@1967037915 wrapping rs3966: null>
?[0m?[0;34m2023-03-31 16:06:02.842  WARN 29781 --- [io-8080-exec-10] o.h.e.loading.internal.LoadContexts      : HHH000100: Fail-safe cleanup (collections) : org.hibernate.engine.loading.internal.CollectionLoadContext@3dfb5227<rs=HikariProxyResultSet@931925596 wrapping rs3633: null>
?[0m?[0;34m2023-03-31 16:06:02.842  WARN 29781 --- [io-8080-exec-10] o.h.e.loading.internal.LoadContexts      : HHH000100: Fail-safe cleanup (collections) : org.hibernate.engine.loading.internal.CollectionLoadContext@58a8d66<rs=HikariProxyResultSet@1436735713 wrapping rs3681: null>
?[0m?[0;34m2023-03-31 16:06:02.842  WARN 29781 --- [io-8080-exec-10] o.h.e.loading.internal.LoadContexts      : HHH000100: Fail-safe cleanup (collections) : org.hibernate.engine.loading.internal.CollectionLoadContext@63201ac0<rs=HikariProxyResultSet@1680281059 wrapping rs3458: null>
?[0m?[0;34m2023-03-31 16:06:02.842  WARN 29781 --- [io-8080-exec-10] o.h.e.loading.internal.LoadContexts      : HHH000100: Fail-safe cleanup (collections) : org.hibernate.engine.loading.internal.CollectionLoadContext@296641f7<rs=HikariProxyResultSet@1179924455 wrapping rs3459: null>
?[0m?[0;34m2023-03-31 16:06:02.842  WARN 29781 --- [io-8080-exec-10] o.h.e.loading.internal.LoadContexts      : HHH000100: Fail-safe cleanup (collections) : org.hibernate.engine.loading.internal.CollectionLoadContext@4e6b4496<rs=HikariProxyResultSet@2090146025 wrapping rs3609: null>
?[0m?[0;34m2023-03-31 16:06:02.842  WARN 29781 --- [io-8080-exec-10] o.h.e.loading.internal.LoadContexts      : HHH000100: Fail-safe cleanup (collections) : org.hibernate.engine.loading.internal.CollectionLoadContext@1fdb1180<rs=HikariProxyResultSet@673472745 wrapping rs3847: null>
?[0m?[0;34m2023-03-31 16:06:02.842  WARN 29781 --- [io-8080-exec-10] o.h.e.loading.internal.LoadContexts      : HHH000100: Fail-safe cleanup (collections) : org.hibernate.engine.loading.internal.CollectionLoadContext@7c4efea1<rs=HikariProxyResultSet@300574187 wrapping rs3706: null>
?[0m?[0;34m2023-03-31 16:06:02.842  WARN 29781 --- [io-8080-exec-10] o.h.e.loading.internal.LoadContexts      : HHH000100: Fail-safe cleanup (collections) : org.hibernate.engine.loading.internal.CollectionLoadContext@673c6126<rs=HikariProxyResultSet@2092342892 wrapping rs3657: null>
?[0m?[0;34m2023-03-31 16:06:02.842  WARN 29781 --- [io-8080-exec-10] o.h.e.loading.internal.LoadContexts      : HHH000100: Fail-safe cleanup (collections) : org.hibernate.engine.loading.internal.CollectionLoadContext@7367d6a3<rs=HikariProxyResultSet@1887614959 wrapping rs3810: null>
?[0m?[0;34m2023-03-31 16:06:02.842  WARN 29781 --- [io-8080-exec-10] o.h.e.loading.internal.LoadContexts      : HHH000100: Fail-safe cleanup (collections) : org.hibernate.engine.loading.internal.CollectionLoadContext@34f79e5e<rs=HikariProxyResultSet@1491193460 wrapping rs3774: null>
?[0m?[0;34m2023-03-31 16:06:02.842  WARN 29781 --- [io-8080-exec-10] o.h.e.loading.internal.LoadContexts      : HHH000100: Fail-safe cleanup (collections) : org.hibernate.engine.loading.internal.CollectionLoadContext@3f47c597<rs=HikariProxyResultSet@943228661 wrapping rs3563: null>
?[0m?[0;34m2023-03-31 16:06:02.842  WARN 29781 --- [io-8080-exec-10] o.h.e.loading.internal.LoadContexts      : HHH000100: Fail-safe cleanup (collections) : org.hibernate.engine.loading.internal.CollectionLoadContext@3bf6b608<rs=HikariProxyResultSet@1747456757 wrapping rs3685: null>
?[0m?[0;34m2023-03-31 16:06:02.842  WARN 29781 --- [io-8080-exec-10] o.h.e.loading.internal.LoadContexts      : HHH000100: Fail-safe cleanup (collections) : org.hibernate.engine.loading.internal.CollectionLoadContext@7669ad1b<rs=HikariProxyResultSet@436011894 wrapping rs3771: null>
?[0m?[0;34m2023-03-31 16:06:02.842  WARN 29781 --- [io-8080-exec-10] o.h.e.loading.internal.LoadContexts      : HHH000100: Fail-safe cleanup (collections) : org.hibernate.engine.loading.internal.CollectionLoadContext@7e64c8e6<rs=HikariProxyResultSet@1368681334 wrapping rs3822: null>
?[0m?[0;34m2023-03-31 16:06:02.842  WARN 29781 --- [io-8080-exec-10] o.h.e.loading.internal.LoadContexts      : HHH000100: Fail-safe cleanup (collections) : org.hibernate.engine.loading.internal.CollectionLoadContext@7f8ed1c0<rs=HikariProxyResultSet@5526648 wrapping rs3826: null>
?[0m?[0;34m2023-03-31 16:06:02.842  WARN 29781 --- [io-8080-exec-10] o.h.e.loading.internal.LoadContexts      : HHH000100: Fail-safe cleanup (collections) : org.hibernate.engine.loading.internal.CollectionLoadContext@71467ecf<rs=HikariProxyResultSet@36087807 wrapping rs3492: null>
?[0m?[0;34m2023-03-31 16:06:02.842  WARN 29781 --- [io-8080-exec-10] o.h.e.loading.internal.LoadContexts      : HHH000100: Fail-safe cleanup (collections) : org.hibernate.engine.loading.internal.CollectionLoadContext@4a7c0489<rs=HikariProxyResultSet@904530048 wrapping rs3852: null>
?[0m?[0;34m2023-03-31 16:06:02.842  WARN 29781 --- [io-8080-exec-10] o.h.e.loading.internal.LoadContexts      : HHH000100: Fail-safe cleanup (collections) : org.hibernate.engine.loading.internal.CollectionLoadContext@1207d6d8<rs=HikariProxyResultSet@1113933057 wrapping rs3751: null>
?[0m?[0;34m2023-03-31 16:06:02.842  WARN 29781 --- [io-8080-exec-10] o.h.e.loading.internal.LoadContexts      : HHH000100: Fail-safe cleanup (collections) : org.hibernate.engine.loading.internal.CollectionLoadContext@1b8e0589<rs=HikariProxyResultSet@892362751 wrapping rs3883: null>
?[0m?[0;34m2023-03-31 16:06:02.842  WARN 29781 --- [io-8080-exec-10] o.h.e.loading.internal.LoadContexts      : HHH000100: Fail-safe cleanup (collections) : org.hibernate.engine.loading.internal.CollectionLoadContext@597ca031<rs=HikariProxyResultSet@1202422404 wrapping rs3727: null>
?[0m?[0;34m2023-03-31 16:06:02.842  WARN 29781 --- [io-8080-exec-10] o.h.e.loading.internal.LoadContexts      : HHH000100: Fail-safe cleanup (collections) : org.hibernate.engine.loading.internal.CollectionLoadContext@738eafdb<rs=HikariProxyResultSet@554697735 wrapping rs3783: null>
?[0m?[0;34m2023-03-31 16:06:02.842  WARN 29781 --- [io-8080-exec-10] o.h.e.loading.internal.LoadContexts      : HHH000100: Fail-safe cleanup (collections) : org.hibernate.engine.loading.internal.CollectionLoadContext@5f130664<rs=HikariProxyResultSet@88468616 wrapping rs3711: null>
?[0m?[0;34m2023-03-31 16:06:02.842  WARN 29781 --- [io-8080-exec-10] o.h.e.loading.internal.LoadContexts      : HHH000100: Fail-safe cleanup (collections) : org.hibernate.engine.loading.internal.CollectionLoadContext@345ae242<rs=HikariProxyResultSet@318316680 wrapping rs3965: null>
?[0m?[0;34m2023-03-31 16:06:02.842  WARN 29781 --- [io-8080-exec-10] o.h.e.loading.internal.LoadContexts      : HHH000100: Fail-safe cleanup (collections) : org.hibernate.engine.loading.internal.CollectionLoadContext@81ba1d0<rs=HikariProxyResultSet@527993484 wrapping rs3629: null>
?[0m?[0;34m2023-03-31 16:06:02.842  WARN 29781 --- [io-8080-exec-10] o.h.e.loading.internal.LoadContexts      : HHH000100: Fail-safe cleanup (collections) : org.hibernate.engine.loading.internal.CollectionLoadContext@eed377f<rs=HikariProxyResultSet@945533709 wrapping rs3473: null>
?[0m?[0;34m2023-03-31 16:06:02.842  WARN 29781 --- [io-8080-exec-10] o.h.e.loading.internal.LoadContexts      : HHH000100: Fail-safe cleanup (collections) : org.hibernate.engine.loading.internal.CollectionLoadContext@490a20e0<rs=HikariProxyResultSet@1200828173 wrapping rs3508: null>
?[0m?[0;34m2023-03-31 16:06:02.842  WARN 29781 --- [io-8080-exec-10] o.h.e.loading.internal.LoadContexts      : HHH000100: Fail-safe cleanup (collections) : org.hibernate.engine.loading.internal.CollectionLoadContext@2a219371<rs=HikariProxyResultSet@1844420365 wrapping rs3526: null>
?[0m?[0;34m2023-03-31 16:06:02.842  WARN 29781 --- [io-8080-exec-10] o.h.e.loading.internal.LoadContexts      : HHH000100: Fail-safe cleanup (collections) : org.hibernate.engine.loading.internal.CollectionLoadContext@7f61a2c4<rs=HikariProxyResultSet@676676881 wrapping rs3945: null>
?[0m?[0;34m2023-03-31 16:06:02.842  WARN 29781 --- [io-8080-exec-10] o.h.e.loading.internal.LoadContexts      : HHH000100: Fail-safe cleanup (collections) : org.hibernate.engine.loading.internal.CollectionLoadContext@18d03498<rs=HikariProxyResultSet@1931476499 wrapping rs3594: null>
?[0m?[0;34m2023-03-31 16:06:02.842  WARN 29781 --- [io-8080-exec-10] o.h.e.loading.internal.LoadContexts      : HHH000100: Fail-safe cleanup (collections) : org.hibernate.engine.loading.internal.CollectionLoadContext@c50a42<rs=HikariProxyResultSet@24844948 wrapping rs3573: null>
?[0m?[0;34m2023-03-31 16:06:02.842  WARN 29781 --- [io-8080-exec-10] o.h.e.loading.internal.LoadContexts      : HHH000100: Fail-safe cleanup (collections) : org.hibernate.engine.loading.internal.CollectionLoadContext@2659bb30<rs=HikariProxyResultSet@1112161940 wrapping rs3753: null>
?[0m?[0;34m2023-03-31 16:06:02.842  WARN 29781 --- [io-8080-exec-10] o.h.e.loading.internal.LoadContexts      : HHH000100: Fail-safe cleanup (collections) : org.hibernate.engine.loading.internal.CollectionLoadContext@545c5abd<rs=HikariProxyResultSet@1922301846 wrapping rs3470: null>
?[0m?[0;34m2023-03-31 16:06:02.842  WARN 29781 --- [io-8080-exec-10] o.h.e.loading.internal.LoadContexts      : HHH000100: Fail-safe cleanup (collections) : org.hibernate.engine.loading.internal.CollectionLoadContext@4d31c05a<rs=HikariProxyResultSet@153061399 wrapping rs3674: null>
?[0m?[0;34m2023-03-31 16:06:02.842  WARN 29781 --- [io-8080-exec-10] o.h.e.loading.internal.LoadContexts      : HHH000100: Fail-safe cleanup (collections) : org.hibernate.engine.loading.internal.CollectionLoadContext@650e54a4<rs=HikariProxyResultSet@2085141148 wrapping rs3456: null>
?[0m?[0;34m2023-03-31 16:06:02.842  WARN 29781 --- [io-8080-exec-10] o.h.e.loading.internal.LoadContexts      : HHH000100: Fail-safe cleanup (collections) : org.hibernate.engine.loading.internal.CollectionLoadContext@ee5e30e<rs=HikariProxyResultSet@675398558 wrapping rs3656: null>
?[0m?[0;34m2023-03-31 16:06:02.842  WARN 29781 --- [io-8080-exec-10] o.h.e.loading.internal.LoadContexts      : HHH000100: Fail-safe cleanup (collections) : org.hibernate.engine.loading.internal.CollectionLoadContext@385ad9dd<rs=HikariProxyResultSet@2001727648 wrapping rs3794: null>
?[0m?[0;34m2023-03-31 16:06:02.842  WARN 29781 --- [io-8080-exec-10] o.h.e.loading.internal.LoadContexts      : HHH000100: Fail-safe cleanup (collections) : org.hibernate.engine.loading.internal.CollectionLoadContext@7b2afd9c<rs=HikariProxyResultSet@568150305 wrapping rs3549: null>
?[0m?[0;34m2023-03-31 16:06:02.842  WARN 29781 --- [io-8080-exec-10] o.h.e.loading.internal.LoadContexts      : HHH000100: Fail-safe cleanup (collections) : org.hibernate.engine.loading.internal.CollectionLoadContext@6c962d29<rs=HikariProxyResultSet@1602946466 wrapping rs3647: null>
?[0m?[0;34m2023-03-31 16:06:02.842  WARN 29781 --- [io-8080-exec-10] o.h.e.loading.internal.LoadContexts      : HHH000100: Fail-safe cleanup (collections) : org.hibernate.engine.loading.internal.CollectionLoadContext@4d4a4e26<rs=HikariProxyResultSet@1203735841 wrapping rs3815: null>
?[0m?[0;34m2023-03-31 16:06:02.842  WARN 29781 --- [io-8080-exec-10] o.h.e.loading.internal.LoadContexts      : HHH000100: Fail-safe cleanup (collections) : org.hibernate.engine.loading.internal.CollectionLoadContext@2330e263<rs=HikariProxyResultSet@439802790 wrapping rs3854: null>
?[0m?[0;34m2023-03-31 16:06:02.842  WARN 29781 --- [io-8080-exec-10] o.h.e.loading.internal.LoadContexts      : HHH000100: Fail-safe cleanup (collections) : org.hibernate.engine.loading.internal.CollectionLoadContext@fda2d84<rs=HikariProxyResultSet@1723649063 wrapping rs3494: null>
?[0m?[0;34m2023-03-31 16:06:02.842  WARN 29781 --- [io-8080-exec-10] o.h.e.loading.internal.LoadContexts      : HHH000100: Fail-safe cleanup (collections) : org.hibernate.engine.loading.internal.CollectionLoadContext@52f8a633<rs=HikariProxyResultSet@1852185389 wrapping rs3562: null>
?[0m?[0;34m2023-03-31 16:06:02.842  WARN 29781 --- [io-8080-exec-10] o.h.e.loading.internal.LoadContexts      : HHH000100: Fail-safe cleanup (collections) : org.hibernate.engine.loading.internal.CollectionLoadContext@4ddce934<rs=HikariProxyResultSet@687258800 wrapping rs3768: null>
?[0m?[0;34m2023-03-31 16:06:02.842  WARN 29781 --- [io-8080-exec-10] o.h.e.loading.internal.LoadContexts      : HHH000100: Fail-safe cleanup (collections) : org.hibernate.engine.loading.internal.CollectionLoadContext@69db3916<rs=HikariProxyResultSet@1598320945 wrapping rs3756: null>
?[0m?[0;34m2023-03-31 16:06:02.842  WARN 29781 --- [io-8080-exec-10] o.h.e.loading.internal.LoadContexts      : HHH000100: Fail-safe cleanup (collections) : org.hibernate.engine.loading.internal.CollectionLoadContext@37338fa4<rs=HikariProxyResultSet@129197619 wrapping rs3697: null>
?[0m?[0;34m2023-03-31 16:06:02.842  WARN 29781 --- [io-8080-exec-10] o.h.e.loading.internal.LoadContexts      : HHH000100: Fail-safe cleanup (collections) : org.hibernate.engine.loading.internal.CollectionLoadContext@206d7e4f<rs=HikariProxyResultSet@1848260405 wrapping rs3503: null>
?[0m?[0;34m2023-03-31 16:06:02.842  WARN 29781 --- [io-8080-exec-10] o.h.e.loading.internal.LoadContexts      : HHH000100: Fail-safe cleanup (collections) : org.hibernate.engine.loading.internal.CollectionLoadContext@a52b63f<rs=HikariProxyResultSet@774762551 wrapping rs3564: null>
?[0m?[0;34m2023-03-31 16:06:02.842  WARN 29781 --- [io-8080-exec-10] o.h.e.loading.internal.LoadContexts      : HHH000100: Fail-safe cleanup (collections) : org.hibernate.engine.loading.internal.CollectionLoadContext@3af12dea<rs=HikariProxyResultSet@2141757753 wrapping rs3696: null>
?[0m?[0;34m2023-03-31 16:06:02.842  WARN 29781 --- [io-8080-exec-10] o.h.e.loading.internal.LoadContexts      : HHH000100: Fail-safe cleanup (collections) : org.hibernate.engine.loading.internal.CollectionLoadContext@1114dbbf<rs=HikariProxyResultSet@1910316603 wrapping rs3621: null>
?[0m?[0;34m2023-03-31 16:06:02.842  WARN 29781 --- [io-8080-exec-10] o.h.e.loading.internal.LoadContexts      : HHH000100: Fail-safe cleanup (collections) : org.hibernate.engine.loading.internal.CollectionLoadContext@5a4040d4<rs=HikariProxyResultSet@141460285 wrapping rs3876: null>
?[0m?[0;34m2023-03-31 16:06:02.842  WARN 29781 --- [io-8080-exec-10] o.h.e.loading.internal.LoadContexts      : HHH000100: Fail-safe cleanup (collections) : org.hibernate.engine.loading.internal.CollectionLoadContext@453cf6ed<rs=HikariProxyResultSet@2012157757 wrapping rs3903: null>
?[0m?[0;34m2023-03-31 16:06:02.842  WARN 29781 --- [io-8080-exec-10] o.h.e.loading.internal.LoadContexts      : HHH000100: Fail-safe cleanup (collections) : org.hibernate.engine.loading.internal.CollectionLoadContext@76911ddd<rs=HikariProxyResultSet@644587712 wrapping rs3551: null>
?[0m?[0;34m2023-03-31 16:06:02.842  WARN 29781 --- [io-8080-exec-10] o.h.e.loading.internal.LoadContexts      : HHH000100: Fail-safe cleanup (collections) : org.hibernate.engine.loading.internal.CollectionLoadContext@41eff993<rs=HikariProxyResultSet@699435458 wrapping rs3936: null>
?[0m?[0;34m2023-03-31 16:06:02.842  WARN 29781 --- [io-8080-exec-10] o.h.e.loading.internal.LoadContexts      : HHH000100: Fail-safe cleanup (collections) : org.hibernate.engine.loading.internal.CollectionLoadContext@1971479a<rs=HikariProxyResultSet@715930308 wrapping rs3518: null>
?[0m?[0;34m2023-03-31 16:06:02.842  WARN 29781 --- [io-8080-exec-10] o.h.e.loading.internal.LoadContexts      : HHH000100: Fail-safe cleanup (collections) : org.hibernate.engine.loading.internal.CollectionLoadContext@3b5851c7<rs=HikariProxyResultSet@1751884613 wrapping rs3567: null>
?[0m?[0;34m2023-03-31 16:06:02.842  WARN 29781 --- [io-8080-exec-10] o.h.e.loading.internal.LoadContexts      : HHH000100: Fail-safe cleanup (collections) : org.hibernate.engine.loading.internal.CollectionLoadContext@45d9cc84<rs=HikariProxyResultSet@619022278 wrapping rs3612: null>
?[0m?[0;34m2023-03-31 16:06:02.842  WARN 29781 --- [io-8080-exec-10] o.h.e.loading.internal.LoadContexts      : HHH000100: Fail-safe cleanup (collections) : org.hibernate.engine.loading.internal.CollectionLoadContext@7b4486cd<rs=HikariProxyResultSet@1572549961 wrapping rs3444: null>
?[0m?[0;34m2023-03-31 16:06:02.842  WARN 29781 --- [io-8080-exec-10] o.h.e.loading.internal.LoadContexts      : HHH000100: Fail-safe cleanup (collections) : org.hibernate.engine.loading.internal.CollectionLoadContext@689a43a8<rs=HikariProxyResultSet@1429987657 wrapping rs3464: null>
?[0m?[0;34m2023-03-31 16:06:02.842  WARN 29781 --- [io-8080-exec-10] o.h.e.loading.internal.LoadContexts      : HHH000100: Fail-safe cleanup (collections) : org.hibernate.engine.loading.internal.CollectionLoadContext@1135f115<rs=HikariProxyResultSet@1205578315 wrapping rs3448: null>
?[0m?[0;34m2023-03-31 16:06:02.842  WARN 29781 --- [io-8080-exec-10] o.h.e.loading.internal.LoadContexts      : HHH000100: Fail-safe cleanup (collections) : org.hibernate.engine.loading.internal.CollectionLoadContext@1a03a25b<rs=HikariProxyResultSet@1217544908 wrapping rs3867: null>
?[0m?[0;34m2023-03-31 16:06:02.842  WARN 29781 --- [io-8080-exec-10] o.h.e.loading.internal.LoadContexts      : HHH000100: Fail-safe cleanup (collections) : org.hibernate.engine.loading.internal.CollectionLoadContext@45ae2d38<rs=HikariProxyResultSet@1510230095 wrapping rs3828: null>
?[0m?[0;34m2023-03-31 16:06:02.842  WARN 29781 --- [io-8080-exec-10] o.h.e.loading.internal.LoadContexts      : HHH000100: Fail-safe cleanup (collections) : org.hibernate.engine.loading.internal.CollectionLoadContext@7f93a126<rs=HikariProxyResultSet@395949135 wrapping rs3968: null>
?[0m?[0;34m2023-03-31 16:06:02.842  WARN 29781 --- [io-8080-exec-10] o.h.e.loading.internal.LoadContexts      : HHH000100: Fail-safe cleanup (collections) : org.hibernate.engine.loading.internal.CollectionLoadContext@41905a98<rs=HikariProxyResultSet@1956596049 wrapping rs3692: null>
?[0m?[0;34m2023-03-31 16:06:02.842  WARN 29781 --- [io-8080-exec-10] o.h.e.loading.internal.LoadContexts      : HHH000100: Fail-safe cleanup (collections) : org.hibernate.engine.loading.internal.CollectionLoadContext@4606398b<rs=HikariProxyResultSet@1185076948 wrapping rs3477: null>
?[0m?[0;34m2023-03-31 16:06:02.842  WARN 29781 --- [io-8080-exec-10] o.h.e.loading.internal.LoadContexts      : HHH000100: Fail-safe cleanup (collections) : org.hibernate.engine.loading.internal.CollectionLoadContext@72f50b9e<rs=HikariProxyResultSet@114420565 wrapping rs3624: null>
?[0m?[0;34m2023-03-31 16:06:02.842  WARN 29781 --- [io-8080-exec-10] o.h.e.loading.internal.LoadContexts      : HHH000100: Fail-safe cleanup (collections) : org.hibernate.engine.loading.internal.CollectionLoadContext@100d1e77<rs=HikariProxyResultSet@269311829 wrapping rs3740: null>
?[0m?[0;34m2023-03-31 16:06:02.842  WARN 29781 --- [io-8080-exec-10] o.h.e.loading.internal.LoadContexts      : HHH000100: Fail-safe cleanup (collections) : org.hibernate.engine.loading.internal.CollectionLoadContext@538ad274<rs=HikariProxyResultSet@277112540 wrapping rs3584: null>
?[0m?[0;34m2023-03-31 16:06:02.842  WARN 29781 --- [io-8080-exec-10] o.h.e.loading.internal.LoadContexts      : HHH000100: Fail-safe cleanup (collections) : org.hibernate.engine.loading.internal.CollectionLoadContext@24b773ef<rs=HikariProxyResultSet@923732829 wrapping rs3899: null>
?[0m?[0;34m2023-03-31 16:06:02.842  WARN 29781 --- [io-8080-exec-10] o.h.e.loading.internal.LoadContexts      : HHH000100: Fail-safe cleanup (collections) : org.hibernate.engine.loading.internal.CollectionLoadContext@7e44351c<rs=HikariProxyResultSet@1705635806 wrapping rs3803: null>
?[0m?[0;34m2023-03-31 16:06:02.842  WARN 29781 --- [io-8080-exec-10] o.h.e.loading.internal.LoadContexts      : HHH000100: Fail-safe cleanup (collections) : org.hibernate.engine.loading.internal.CollectionLoadContext@6427205<rs=HikariProxyResultSet@223478879 wrapping rs3566: null>
?[0m?[0;34m2023-03-31 16:06:02.842  WARN 29781 --- [io-8080-exec-10] o.h.e.loading.internal.LoadContexts      : HHH000100: Fail-safe cleanup (collections) : org.hibernate.engine.loading.internal.CollectionLoadContext@35e19cb<rs=HikariProxyResultSet@988630111 wrapping rs3663: null>
?[0m?[0;34m2023-03-31 16:06:02.842  WARN 29781 --- [io-8080-exec-10] o.h.e.loading.internal.LoadContexts      : HHH000100: Fail-safe cleanup (collections) : org.hibernate.engine.loading.internal.CollectionLoadContext@1c693a44<rs=HikariProxyResultSet@1785868641 wrapping rs3501: null>
?[0m?[0;34m2023-03-31 16:06:02.842  WARN 29781 --- [io-8080-exec-10] o.h.e.loading.internal.LoadContexts      : HHH000100: Fail-safe cleanup (collections) : org.hibernate.engine.loading.internal.CollectionLoadContext@435a0000<rs=HikariProxyResultSet@1646110815 wrapping rs3868: null>
?[0m?[0;34m2023-03-31 16:06:02.843  WARN 29781 --- [io-8080-exec-10] o.h.e.loading.internal.LoadContexts      : HHH000100: Fail-safe cleanup (collections) : org.hibernate.engine.loading.internal.CollectionLoadContext@569d9034<rs=HikariProxyResultSet@1003348321 wrapping rs3947: null>
?[0m?[0;34m2023-03-31 16:06:02.843  WARN 29781 --- [io-8080-exec-10] o.h.e.loading.internal.LoadContexts      : HHH000100: Fail-safe cleanup (collections) : org.hibernate.engine.loading.internal.CollectionLoadContext@25fe5b6d<rs=HikariProxyResultSet@1118617316 wrapping rs3749: null>
?[0m?[0;34m2023-03-31 16:06:02.843  WARN 29781 --- [io-8080-exec-10] o.h.e.loading.internal.LoadContexts      : HHH000100: Fail-safe cleanup (collections) : org.hibernate.engine.loading.internal.CollectionLoadContext@7010fe8c<rs=HikariProxyResultSet@102257509 wrapping rs3588: null>
?[0m?[0;34m2023-03-31 16:06:02.843  WARN 29781 --- [io-8080-exec-10] o.h.e.loading.internal.LoadContexts      : HHH000100: Fail-safe cleanup (collections) : org.hibernate.engine.loading.internal.CollectionLoadContext@6359aa8e<rs=HikariProxyResultSet@877201124 wrapping rs3762: null>
?[0m?[0;34m2023-03-31 16:06:02.843  WARN 29781 --- [io-8080-exec-10] o.h.e.loading.internal.LoadContexts      : HHH000100: Fail-safe cleanup (collections) : org.hibernate.engine.loading.internal.CollectionLoadContext@597f8ae1<rs=HikariProxyResultSet@1197678300 wrapping rs3949: null>
?[0m?[0;34m2023-03-31 16:06:02.843  WARN 29781 --- [io-8080-exec-10] o.h.e.loading.internal.LoadContexts      : HHH000100: Fail-safe cleanup (collections) : org.hibernate.engine.loading.internal.CollectionLoadContext@e8d9790<rs=HikariProxyResultSet@1011205868 wrapping rs3544: null>
?[0m?[0;34m2023-03-31 16:06:02.843  WARN 29781 --- [io-8080-exec-10] o.h.e.loading.internal.LoadContexts      : HHH000100: Fail-safe cleanup (collections) : org.hibernate.engine.loading.internal.CollectionLoadContext@799efc53<rs=HikariProxyResultSet@591202028 wrapping rs3777: null>
?[0m?[0;34m2023-03-31 16:06:02.843  WARN 29781 --- [io-8080-exec-10] o.h.e.loading.internal.LoadContexts      : HHH000100: Fail-safe cleanup (collections) : org.hibernate.engine.loading.internal.CollectionLoadContext@573d2434<rs=HikariProxyResultSet@1196871662 wrapping rs3558: null>
?[0m?[0;34m2023-03-31 16:06:02.843  WARN 29781 --- [io-8080-exec-10] o.h.e.loading.internal.LoadContexts      : HHH000100: Fail-safe cleanup (collections) : org.hibernate.engine.loading.internal.CollectionLoadContext@72b094b0<rs=HikariProxyResultSet@1698709744 wrapping rs3677: null>
?[0m?[0;34m2023-03-31 16:06:02.843  WARN 29781 --- [io-8080-exec-10] o.h.e.loading.internal.LoadContexts      : HHH000100: Fail-safe cleanup (collections) : org.hibernate.engine.loading.internal.CollectionLoadContext@1063bc61<rs=HikariProxyResultSet@1346715251 wrapping rs3659: null>
?[0m?[0;34m2023-03-31 16:06:02.843  WARN 29781 --- [io-8080-exec-10] o.h.e.loading.internal.LoadContexts      : HHH000100: Fail-safe cleanup (collections) : org.hibernate.engine.loading.internal.CollectionLoadContext@1e91b65a<rs=HikariProxyResultSet@1457199094 wrapping rs3739: null>
?[0m?[0;34m2023-03-31 16:06:02.843  WARN 29781 --- [io-8080-exec-10] o.h.e.loading.internal.LoadContexts      : HHH000100: Fail-safe cleanup (collections) : org.hibernate.engine.loading.internal.CollectionLoadContext@20b32d38<rs=HikariProxyResultSet@1137144572 wrapping rs3678: null>
?[0m?[0;34m2023-03-31 16:06:02.843  WARN 29781 --- [io-8080-exec-10] o.h.e.loading.internal.LoadContexts      : HHH000100: Fail-safe cleanup (collections) : org.hibernate.engine.loading.internal.CollectionLoadContext@5650288a<rs=HikariProxyResultSet@126709629 wrapping rs3833: null>
?[0m?[0;34m2023-03-31 16:06:02.843  WARN 29781 --- [io-8080-exec-10] o.h.e.loading.internal.LoadContexts      : HHH000100: Fail-safe cleanup (collections) : org.hibernate.engine.loading.internal.CollectionLoadContext@5b5d0695<rs=HikariProxyResultSet@539362302 wrapping rs3702: null>
?[0m?[0;34m2023-03-31 16:06:02.843  WARN 29781 --- [io-8080-exec-10] o.h.e.loading.internal.LoadContexts      : HHH000100: Fail-safe cleanup (collections) : org.hibernate.engine.loading.internal.CollectionLoadContext@48ed48c2<rs=HikariProxyResultSet@1270359296 wrapping rs3585: null>
?[0m?[0;34m2023-03-31 16:06:02.843  WARN 29781 --- [io-8080-exec-10] o.h.e.loading.internal.LoadContexts      : HHH000100: Fail-safe cleanup (collections) : org.hibernate.engine.loading.internal.CollectionLoadContext@718e660a<rs=HikariProxyResultSet@1365680900 wrapping rs3505: null>
?[0m?[0;34m2023-03-31 16:06:02.843  WARN 29781 --- [io-8080-exec-10] o.h.e.loading.internal.LoadContexts      : HHH000100: Fail-safe cleanup (collections) : org.hibernate.engine.loading.internal.CollectionLoadContext@26cd04c9<rs=HikariProxyResultSet@1311812743 wrapping rs3723: null>
?[0m?[0;34m2023-03-31 16:06:02.843  WARN 29781 --- [io-8080-exec-10] o.h.e.loading.internal.LoadContexts      : HHH000100: Fail-safe cleanup (collections) : org.hibernate.engine.loading.internal.CollectionLoadContext@1517c72b<rs=HikariProxyResultSet@997864712 wrapping rs3497: null>
?[0m?[0;34m2023-03-31 16:06:02.843  WARN 29781 --- [io-8080-exec-10] o.h.e.loading.internal.LoadContexts      : HHH000100: Fail-safe cleanup (collections) : org.hibernate.engine.loading.internal.CollectionLoadContext@371e2613<rs=HikariProxyResultSet@1941799176 wrapping rs3855: null>
?[0m?[0;34m2023-03-31 16:06:02.843  WARN 29781 --- [io-8080-exec-10] o.h.e.loading.internal.LoadContexts      : HHH000100: Fail-safe cleanup (collections) : org.hibernate.engine.loading.internal.CollectionLoadContext@35a2a8cc<rs=HikariProxyResultSet@788159881 wrapping rs3872: null>
?[0m?[0;34m2023-03-31 16:06:02.843  WARN 29781 --- [io-8080-exec-10] o.h.e.loading.internal.LoadContexts      : HHH000100: Fail-safe cleanup (collections) : org.hibernate.engine.loading.internal.CollectionLoadContext@7b0709fd<rs=HikariProxyResultSet@1459460368 wrapping rs3818: null>
?[0m?[0;34m2023-03-31 16:06:02.843  WARN 29781 --- [io-8080-exec-10] o.h.e.loading.internal.LoadContexts      : HHH000100: Fail-safe cleanup (collections) : org.hibernate.engine.loading.internal.CollectionLoadContext@5002b729<rs=HikariProxyResultSet@435070353 wrapping rs3884: null>
?[0m?[0;34m2023-03-31 16:06:02.843  WARN 29781 --- [io-8080-exec-10] o.h.e.loading.internal.LoadContexts      : HHH000100: Fail-safe cleanup (collections) : org.hibernate.engine.loading.internal.CollectionLoadContext@16ea2d84<rs=HikariProxyResultSet@1826617874 wrapping rs3839: null>
?[0m?[0;34m2023-03-31 16:06:02.843  WARN 29781 --- [io-8080-exec-10] o.h.e.loading.internal.LoadContexts      : HHH000100: Fail-safe cleanup (collections) : org.hibernate.engine.loading.internal.CollectionLoadContext@362e135d<rs=HikariProxyResultSet@602837651 wrapping rs3737: null>
?[0m?[0;34m2023-03-31 16:06:02.843  WARN 29781 --- [io-8080-exec-10] o.h.e.loading.internal.LoadContexts      : HHH000100: Fail-safe cleanup (collections) : org.hibernate.engine.loading.internal.CollectionLoadContext@7525ac84<rs=HikariProxyResultSet@1221155733 wrapping rs3445: null>
?[0m?[0;34m2023-03-31 16:06:02.843  WARN 29781 --- [io-8080-exec-10] o.h.e.loading.internal.LoadContexts      : HHH000100: Fail-safe cleanup (collections) : org.hibernate.engine.loading.internal.CollectionLoadContext@30dbf6f6<rs=HikariProxyResultSet@319596437 wrapping rs3811: null>
?[0m?[0;34m2023-03-31 16:06:02.843  WARN 29781 --- [io-8080-exec-10] o.h.e.loading.internal.LoadContexts      : HHH000100: Fail-safe cleanup (collections) : org.hibernate.engine.loading.internal.CollectionLoadContext@779a6b64<rs=HikariProxyResultSet@328363159 wrapping rs3442: null>
?[0m?[0;34m2023-03-31 16:06:02.843  WARN 29781 --- [io-8080-exec-10] o.h.e.loading.internal.LoadContexts      : HHH000100: Fail-safe cleanup (collections) : org.hibernate.engine.loading.internal.CollectionLoadContext@31e82a31<rs=HikariProxyResultSet@2047940759 wrapping rs3943: null>
?[0m?[0;34m2023-03-31 16:06:02.843  WARN 29781 --- [io-8080-exec-10] o.h.e.loading.internal.LoadContexts      : HHH000100: Fail-safe cleanup (collections) : org.hibernate.engine.loading.internal.CollectionLoadContext@6971f104<rs=HikariProxyResultSet@102075930 wrapping rs3571: null>
?[0m?[0;34m2023-03-31 16:06:02.843  WARN 29781 --- [io-8080-exec-10] o.h.e.loading.internal.LoadContexts      : HHH000100: Fail-safe cleanup (collections) : org.hibernate.engine.loading.internal.CollectionLoadContext@672d69a<rs=HikariProxyResultSet@568100378 wrapping rs3871: null>
?[0m?[0;34m2023-03-31 16:06:02.843  WARN 29781 --- [io-8080-exec-10] o.h.e.loading.internal.LoadContexts      : HHH000100: Fail-safe cleanup (collections) : org.hibernate.engine.loading.internal.CollectionLoadContext@22175c7b<rs=HikariProxyResultSet@4346652 wrapping rs3765: null>
?[0m?[0;34m2023-03-31 16:06:02.843  WARN 29781 --- [io-8080-exec-10] o.h.e.loading.internal.LoadContexts      : HHH000100: Fail-safe cleanup (collections) : org.hibernate.engine.loading.internal.CollectionLoadContext@525e53aa<rs=HikariProxyResultSet@148807968 wrapping rs3789: null>
?[0m?[0;34m2023-03-31 16:06:02.843  WARN 29781 --- [io-8080-exec-10] o.h.e.loading.internal.LoadContexts      : HHH000100: Fail-safe cleanup (collections) : org.hibernate.engine.loading.internal.CollectionLoadContext@34417134<rs=HikariProxyResultSet@1161413541 wrapping rs3580: null>
?[0m?[0;34m2023-03-31 16:06:02.843  WARN 29781 --- [io-8080-exec-10] o.h.e.loading.internal.LoadContexts      : HHH000100: Fail-safe cleanup (collections) : org.hibernate.engine.loading.internal.CollectionLoadContext@2417a720<rs=HikariProxyResultSet@1170957866 wrapping rs3717: null>
?[0m?[0;34m2023-03-31 16:06:02.843  WARN 29781 --- [io-8080-exec-10] o.h.e.loading.internal.LoadContexts      : HHH000100: Fail-safe cleanup (collections) : org.hibernate.engine.loading.internal.CollectionLoadContext@3cfbd35d<rs=HikariProxyResultSet@922165931 wrapping rs3486: null>
?[0m?[0;34m2023-03-31 16:06:02.843  WARN 29781 --- [io-8080-exec-10] o.h.e.loading.internal.LoadContexts      : HHH000100: Fail-safe cleanup (collections) : org.hibernate.engine.loading.internal.CollectionLoadContext@1c98146b<rs=HikariProxyResultSet@398953647 wrapping rs3654: null>
?[0m?[0;34m2023-03-31 16:06:02.843  WARN 29781 --- [io-8080-exec-10] o.h.e.loading.internal.LoadContexts      : HHH000100: Fail-safe cleanup (collections) : org.hibernate.engine.loading.internal.CollectionLoadContext@23ef1e1d<rs=HikariProxyResultSet@1859396912 wrapping rs3664: null>
?[0m?[0;34m2023-03-31 16:06:02.843  WARN 29781 --- [io-8080-exec-10] o.h.e.loading.internal.LoadContexts      : HHH000100: Fail-safe cleanup (collections) : org.hibernate.engine.loading.internal.CollectionLoadContext@3a5893e7<rs=HikariProxyResultSet@1279145522 wrapping rs3453: null>
?[0m?[0;34m2023-03-31 16:06:02.843  WARN 29781 --- [io-8080-exec-10] o.h.e.loading.internal.LoadContexts      : HHH000100: Fail-safe cleanup (collections) : org.hibernate.engine.loading.internal.CollectionLoadContext@58dbdeca<rs=HikariProxyResultSet@81898163 wrapping rs3637: null>
?[0m?[0;34m2023-03-31 16:06:02.843  WARN 29781 --- [io-8080-exec-10] o.h.e.loading.internal.LoadContexts      : HHH000100: Fail-safe cleanup (collections) : org.hibernate.engine.loading.internal.CollectionLoadContext@4bca2f6<rs=HikariProxyResultSet@107529012 wrapping rs3556: null>
?[0m?[0;34m2023-03-31 16:06:02.843  WARN 29781 --- [io-8080-exec-10] o.h.e.loading.internal.LoadContexts      : HHH000100: Fail-safe cleanup (collections) : org.hibernate.engine.loading.internal.CollectionLoadContext@5ff84b8a<rs=HikariProxyResultSet@227687478 wrapping rs3479: null>
?[0m?[0;34m2023-03-31 16:06:02.843  WARN 29781 --- [io-8080-exec-10] o.h.e.loading.internal.LoadContexts      : HHH000100: Fail-safe cleanup (collections) : org.hibernate.engine.loading.internal.CollectionLoadContext@21412c39<rs=HikariProxyResultSet@1114116795 wrapping rs3522: null>
?[0m?[0;34m2023-03-31 16:06:02.843  WARN 29781 --- [io-8080-exec-10] o.h.e.loading.internal.LoadContexts      : HHH000100: Fail-safe cleanup (collections) : org.hibernate.engine.loading.internal.CollectionLoadContext@27ea8b55<rs=HikariProxyResultSet@1074126652 wrapping rs3590: null>
?[0m?[0;34m2023-03-31 16:06:02.843  WARN 29781 --- [io-8080-exec-10] o.h.e.loading.internal.LoadContexts      : HHH000100: Fail-safe cleanup (collections) : org.hibernate.engine.loading.internal.CollectionLoadContext@46a0264c<rs=HikariProxyResultSet@240836283 wrapping rs3640: null>
?[0m?[0;34m2023-03-31 16:06:02.843  WARN 29781 --- [io-8080-exec-10] o.h.e.loading.internal.LoadContexts      : HHH000100: Fail-safe cleanup (collections) : org.hibernate.engine.loading.internal.CollectionLoadContext@5b999109<rs=HikariProxyResultSet@1923985341 wrapping rs3726: null>
?[0m?[0;34m2023-03-31 16:06:02.843  WARN 29781 --- [io-8080-exec-10] o.h.e.loading.internal.LoadContexts      : HHH000100: Fail-safe cleanup (collections) : org.hibernate.engine.loading.internal.CollectionLoadContext@73914ea7<rs=HikariProxyResultSet@659317822 wrapping rs3758: null>
?[0m?[0;34m2023-03-31 16:06:02.843  WARN 29781 --- [io-8080-exec-10] o.h.e.loading.internal.LoadContexts      : HHH000100: Fail-safe cleanup (collections) : org.hibernate.engine.loading.internal.CollectionLoadContext@d2c3a3<rs=HikariProxyResultSet@325356477 wrapping rs3799: null>
?[0m?[0;34m2023-03-31 16:06:02.843  WARN 29781 --- [io-8080-exec-10] o.h.e.loading.internal.LoadContexts      : HHH000100: Fail-safe cleanup (collections) : org.hibernate.engine.loading.internal.CollectionLoadContext@470717b3<rs=HikariProxyResultSet@313184326 wrapping rs3821: null>
?[0m?[0;34m2023-03-31 16:06:02.843  WARN 29781 --- [io-8080-exec-10] o.h.e.loading.internal.LoadContexts      : HHH000100: Fail-safe cleanup (collections) : org.hibernate.engine.loading.internal.CollectionLoadContext@5001d783<rs=HikariProxyResultSet@260637895 wrapping rs3844: null>
?[0m?[0;34m2023-03-31 16:06:02.843  WARN 29781 --- [io-8080-exec-10] o.h.e.loading.internal.LoadContexts      : HHH000100: Fail-safe cleanup (collections) : org.hibernate.engine.loading.internal.CollectionLoadContext@299c4f52<rs=HikariProxyResultSet@1982472520 wrapping rs3643: null>
?[0m?[0;34m2023-03-31 16:06:02.843  WARN 29781 --- [io-8080-exec-10] o.h.e.loading.internal.LoadContexts      : HHH000100: Fail-safe cleanup (collections) : org.hibernate.engine.loading.internal.CollectionLoadContext@3fc55e19<rs=HikariProxyResultSet@1718161865 wrapping rs3807: null>
?[0m?[0;34m2023-03-31 16:06:02.843  WARN 29781 --- [io-8080-exec-10] o.h.e.loading.internal.LoadContexts      : HHH000100: Fail-safe cleanup (collections) : org.hibernate.engine.loading.internal.CollectionLoadContext@40007cdd<rs=HikariProxyResultSet@1563395658 wrapping rs3642: null>
?[0m?[0;34m2023-03-31 16:06:02.843  WARN 29781 --- [io-8080-exec-10] o.h.e.loading.internal.LoadContexts      : HHH000100: Fail-safe cleanup (collections) : org.hibernate.engine.loading.internal.CollectionLoadContext@1ee31691<rs=HikariProxyResultSet@118425928 wrapping rs3816: null>
?[0m?[0;34m2023-03-31 16:06:02.843  WARN 29781 --- [io-8080-exec-10] o.h.e.loading.internal.LoadContexts      : HHH000100: Fail-safe cleanup (collections) : org.hibernate.engine.loading.internal.CollectionLoadContext@55ce3cc0<rs=HikariProxyResultSet@1539348300 wrapping rs3561: null>
?[0m?[0;34m2023-03-31 16:06:02.843  WARN 29781 --- [io-8080-exec-10] o.h.e.loading.internal.LoadContexts      : HHH000100: Fail-safe cleanup (collections) : org.hibernate.engine.loading.internal.CollectionLoadContext@406e95f6<rs=HikariProxyResultSet@1478605 wrapping rs3814: null>
?[0m?[0;34m2023-03-31 16:06:02.844  WARN 29781 --- [io-8080-exec-10] o.h.e.loading.internal.LoadContexts      : HHH000100: Fail-safe cleanup (collections) : org.hibernate.engine.loading.internal.CollectionLoadContext@34bffb2<rs=HikariProxyResultSet@55334990 wrapping rs3804: null>
?[0m?[0;34m2023-03-31 16:06:02.844  WARN 29781 --- [io-8080-exec-10] o.h.e.loading.internal.LoadContexts      : HHH000100: Fail-safe cleanup (collections) : org.hibernate.engine.loading.internal.CollectionLoadContext@59a36d4<rs=HikariProxyResultSet@610533454 wrapping rs3875: null>
?[0m?[0;34m2023-03-31 16:06:02.844  WARN 29781 --- [io-8080-exec-10] o.h.e.loading.internal.LoadContexts      : HHH000100: Fail-safe cleanup (collections) : org.hibernate.engine.loading.internal.CollectionLoadContext@2196329b<rs=HikariProxyResultSet@275662160 wrapping rs3481: null>
?[0m?[0;34m2023-03-31 16:06:02.844  WARN 29781 --- [io-8080-exec-10] o.h.e.loading.internal.LoadContexts      : HHH000100: Fail-safe cleanup (collections) : org.hibernate.engine.loading.internal.CollectionLoadContext@15e3c27a<rs=HikariProxyResultSet@79456455 wrapping rs3953: null>
?[0m?[0;34m2023-03-31 16:06:02.844  WARN 29781 --- [io-8080-exec-10] o.h.e.loading.internal.LoadContexts      : HHH000100: Fail-safe cleanup (collections) : org.hibernate.engine.loading.internal.CollectionLoadContext@4909191b<rs=HikariProxyResultSet@727894489 wrapping rs3848: null>
?[0m?[0;34m2023-03-31 16:06:02.844  WARN 29781 --- [io-8080-exec-10] o.h.e.loading.internal.LoadContexts      : HHH000100: Fail-safe cleanup (collections) : org.hibernate.engine.loading.internal.CollectionLoadContext@1d71aa78<rs=HikariProxyResultSet@317029978 wrapping rs3542: null>
?[0m?[0;34m2023-03-31 16:06:02.844  WARN 29781 --- [io-8080-exec-10] o.h.e.loading.internal.LoadContexts      : HHH000100: Fail-safe cleanup (collections) : org.hibernate.engine.loading.internal.CollectionLoadContext@d6341a7<rs=HikariProxyResultSet@744528732 wrapping rs3730: null>
?[0m?[0;34m2023-03-31 16:06:02.844  WARN 29781 --- [io-8080-exec-10] o.h.e.loading.internal.LoadContexts      : HHH000100: Fail-safe cleanup (collections) : org.hibernate.engine.loading.internal.CollectionLoadContext@698a263<rs=HikariProxyResultSet@1042798686 wrapping rs3652: null>
?[0m?[0;34m2023-03-31 16:06:02.844  WARN 29781 --- [io-8080-exec-10] o.h.e.loading.internal.LoadContexts      : HHH000100: Fail-safe cleanup (collections) : org.hibernate.engine.loading.internal.CollectionLoadContext@758a26a<rs=HikariProxyResultSet@1426980958 wrapping rs3916: null>
?[0m?[0;34m2023-03-31 16:06:02.844  WARN 29781 --- [io-8080-exec-10] o.h.e.loading.internal.LoadContexts      : HHH000100: Fail-safe cleanup (collections) : org.hibernate.engine.loading.internal.CollectionLoadContext@17eaea93<rs=HikariProxyResultSet@1439530336 wrapping rs3539: null>
?[0m?[0;34m2023-03-31 16:06:02.844  WARN 29781 --- [io-8080-exec-10] o.h.e.loading.internal.LoadContexts      : HHH000100: Fail-safe cleanup (collections) : org.hibernate.engine.loading.internal.CollectionLoadContext@93efb0<rs=HikariProxyResultSet@1152561891 wrapping rs3537: null>
?[0m?[0;34m2023-03-31 16:06:02.844  WARN 29781 --- [io-8080-exec-10] o.h.e.loading.internal.LoadContexts      : HHH000100: Fail-safe cleanup (collections) : org.hibernate.engine.loading.internal.CollectionLoadContext@43dbce7b<rs=HikariProxyResultSet@2014981859 wrapping rs3545: null>
?[0m?[0;34m2023-03-31 16:06:02.844  WARN 29781 --- [io-8080-exec-10] o.h.e.loading.internal.LoadContexts      : HHH000100: Fail-safe cleanup (collections) : org.hibernate.engine.loading.internal.CollectionLoadContext@1527f98<rs=HikariProxyResultSet@331993190 wrapping rs3775: null>
?[0m?[0;34m2023-03-31 16:06:02.844  WARN 29781 --- [io-8080-exec-10] o.h.e.loading.internal.LoadContexts      : HHH000100: Fail-safe cleanup (collections) : org.hibernate.engine.loading.internal.CollectionLoadContext@412ca353<rs=HikariProxyResultSet@870749673 wrapping rs3770: null>
?[0m?[0;34m2023-03-31 16:06:02.844  WARN 29781 --- [io-8080-exec-10] o.h.e.loading.internal.LoadContexts      : HHH000100: Fail-safe cleanup (collections) : org.hibernate.engine.loading.internal.CollectionLoadContext@5edd2aa9<rs=HikariProxyResultSet@1830469484 wrapping rs3595: null>
?[0m?[0;34m2023-03-31 16:06:02.844  WARN 29781 --- [io-8080-exec-10] o.h.e.loading.internal.LoadContexts      : HHH000100: Fail-safe cleanup (collections) : org.hibernate.engine.loading.internal.CollectionLoadContext@43e89f1f<rs=HikariProxyResultSet@1172566892 wrapping rs3840: null>
?[0m?[0;34m2023-03-31 16:06:02.844  WARN 29781 --- [io-8080-exec-10] o.h.e.loading.internal.LoadContexts      : HHH000100: Fail-safe cleanup (collections) : org.hibernate.engine.loading.internal.CollectionLoadContext@51549645<rs=HikariProxyResultSet@43048175 wrapping rs3521: null>
?[0m?[0;34m2023-03-31 16:06:02.844  WARN 29781 --- [io-8080-exec-10] o.h.e.loading.internal.LoadContexts      : HHH000100: Fail-safe cleanup (collections) : org.hibernate.engine.loading.internal.CollectionLoadContext@75468107<rs=HikariProxyResultSet@347989747 wrapping rs3929: null>
?[0m?[0;34m2023-03-31 16:06:02.844  WARN 29781 --- [io-8080-exec-10] o.h.e.loading.internal.LoadContexts      : HHH000100: Fail-safe cleanup (collections) : org.hibernate.engine.loading.internal.CollectionLoadContext@42797564<rs=HikariProxyResultSet@2115154804 wrapping rs3809: null>
?[0m?[0;34m2023-03-31 16:06:02.844  WARN 29781 --- [io-8080-exec-10] o.h.e.loading.internal.LoadContexts      : HHH000100: Fail-safe cleanup (collections) : org.hibernate.engine.loading.internal.CollectionLoadContext@45ee0a53<rs=HikariProxyResultSet@62462070 wrapping rs3752: null>
?[0m?[0;34m2023-03-31 16:06:02.844  WARN 29781 --- [io-8080-exec-10] o.h.e.loading.internal.LoadContexts      : HHH000100: Fail-safe cleanup (collections) : org.hibernate.engine.loading.internal.CollectionLoadContext@307d4a15<rs=HikariProxyResultSet@1567859322 wrapping rs3812: null>
?[0m?[0;34m2023-03-31 16:06:02.844  WARN 29781 --- [io-8080-exec-10] o.h.e.loading.internal.LoadContexts      : HHH000100: Fail-safe cleanup (collections) : org.hibernate.engine.loading.internal.CollectionLoadContext@71f2aba4<rs=HikariProxyResultSet@1380850943 wrapping rs3632: null>
?[0m?[0;34m2023-03-31 16:06:02.844  WARN 29781 --- [io-8080-exec-10] o.h.e.loading.internal.LoadContexts      : HHH000100: Fail-safe cleanup (collections) : org.hibernate.engine.loading.internal.CollectionLoadContext@78a922ab<rs=HikariProxyResultSet@1204693247 wrapping rs3941: null>
?[0m?[0;34m2023-03-31 16:06:02.844  WARN 29781 --- [io-8080-exec-10] o.h.e.loading.internal.LoadContexts      : HHH000100: Fail-safe cleanup (collections) : org.hibernate.engine.loading.internal.CollectionLoadContext@4da0137f<rs=HikariProxyResultSet@1952393092 wrapping rs3493: null>
?[0m?[0;34m2023-03-31 16:06:02.844  WARN 29781 --- [io-8080-exec-10] o.h.e.loading.internal.LoadContexts      : HHH000100: Fail-safe cleanup (collections) : org.hibernate.engine.loading.internal.CollectionLoadContext@17d7d53c<rs=HikariProxyResultSet@796683398 wrapping rs3606: null>
?[0m?[0;34m2023-03-31 16:06:02.844  WARN 29781 --- [io-8080-exec-10] o.h.e.loading.internal.LoadContexts      : HHH000100: Fail-safe cleanup (collections) : org.hibernate.engine.loading.internal.CollectionLoadContext@739cf3e9<rs=HikariProxyResultSet@1506782471 wrapping rs3675: null>
?[0m?[0;34m2023-03-31 16:06:02.844  WARN 29781 --- [io-8080-exec-10] o.h.e.loading.internal.LoadContexts      : HHH000100: Fail-safe cleanup (collections) : org.hibernate.engine.loading.internal.CollectionLoadContext@42912b4b<rs=HikariProxyResultSet@612570375 wrapping rs3805: null>
?[0m?[0;34m2023-03-31 16:06:02.844  WARN 29781 --- [io-8080-exec-10] o.h.e.loading.internal.LoadContexts      : HHH000100: Fail-safe cleanup (collections) : org.hibernate.engine.loading.internal.CollectionLoadContext@fe7f38d<rs=HikariProxyResultSet@1195854474 wrapping rs3933: null>
?[0m?[0;34m2023-03-31 16:06:02.844  WARN 29781 --- [io-8080-exec-10] o.h.e.loading.internal.LoadContexts      : HHH000100: Fail-safe cleanup (collections) : org.hibernate.engine.loading.internal.CollectionLoadContext@2630b978<rs=HikariProxyResultSet@1333137292 wrapping rs3653: null>
?[0m?[0;34m2023-03-31 16:06:02.844  WARN 29781 --- [io-8080-exec-10] o.h.e.loading.internal.LoadContexts      : HHH000100: Fail-safe cleanup (collections) : org.hibernate.engine.loading.internal.CollectionLoadContext@322715ec<rs=HikariProxyResultSet@513698192 wrapping rs3684: null>
?[0m?[0;34m2023-03-31 16:06:02.844  WARN 29781 --- [io-8080-exec-10] o.h.e.loading.internal.LoadContexts      : HHH000100: Fail-safe cleanup (collections) : org.hibernate.engine.loading.internal.CollectionLoadContext@7927bb90<rs=HikariProxyResultSet@918641427 wrapping rs3680: null>
?[0m?[0;34m2023-03-31 16:06:02.844  WARN 29781 --- [io-8080-exec-10] o.h.e.loading.internal.LoadContexts      : HHH000100: Fail-safe cleanup (collections) : org.hibernate.engine.loading.internal.CollectionLoadContext@496c54a2<rs=HikariProxyResultSet@157668373 wrapping rs3483: null>
?[0m?[0;34m2023-03-31 16:06:02.844  WARN 29781 --- [io-8080-exec-10] o.h.e.loading.internal.LoadContexts      : HHH000100: Fail-safe cleanup (collections) : org.hibernate.engine.loading.internal.CollectionLoadContext@6ab4df8e<rs=HikariProxyResultSet@1338439830 wrapping rs3729: null>
?[0m?[0;34m2023-03-31 16:06:02.844  WARN 29781 --- [io-8080-exec-10] o.h.e.loading.internal.LoadContexts      : HHH000100: Fail-safe cleanup (collections) : org.hibernate.engine.loading.internal.CollectionLoadContext@60b62f41<rs=HikariProxyResultSet@610882581 wrapping rs3937: null>
?[0m?[0;34m2023-03-31 16:06:02.844  WARN 29781 --- [io-8080-exec-10] o.h.e.loading.internal.LoadContexts      : HHH000100: Fail-safe cleanup (collections) : org.hibernate.engine.loading.internal.CollectionLoadContext@2409f3fc<rs=HikariProxyResultSet@1008604697 wrapping rs3504: null>
?[0m?[0;34m2023-03-31 16:06:02.844  WARN 29781 --- [io-8080-exec-10] o.h.e.loading.internal.LoadContexts      : HHH000100: Fail-safe cleanup (collections) : org.hibernate.engine.loading.internal.CollectionLoadContext@feb6a9b<rs=HikariProxyResultSet@895883801 wrapping rs3591: null>
?[0m?[0;34m2023-03-31 16:06:02.844  WARN 29781 --- [io-8080-exec-10] o.h.e.loading.internal.LoadContexts      : HHH000100: Fail-safe cleanup (collections) : org.hibernate.engine.loading.internal.CollectionLoadContext@436f9c47<rs=HikariProxyResultSet@433830683 wrapping rs3955: null>
?[0m?[0;34m2023-03-31 16:06:02.844  WARN 29781 --- [io-8080-exec-10] o.h.e.loading.internal.LoadContexts      : HHH000100: Fail-safe cleanup (collections) : org.hibernate.engine.loading.internal.CollectionLoadContext@12f27f4c<rs=HikariProxyResultSet@2122827676 wrapping rs3882: null>
?[0m?[0;34m2023-03-31 16:06:02.844  WARN 29781 --- [io-8080-exec-10] o.h.e.loading.internal.LoadContexts      : HHH000100: Fail-safe cleanup (collections) : org.hibernate.engine.loading.internal.CollectionLoadContext@798ff8fd<rs=HikariProxyResultSet@722461725 wrapping rs3773: null>
?[0m?[0;34m2023-03-31 16:06:02.844  WARN 29781 --- [io-8080-exec-10] o.h.e.loading.internal.LoadContexts      : HHH000100: Fail-safe cleanup (collections) : org.hibernate.engine.loading.internal.CollectionLoadContext@2de4eae5<rs=HikariProxyResultSet@2042443934 wrapping rs3956: null>
?[0m?[0;34m2023-03-31 16:06:02.844  WARN 29781 --- [io-8080-exec-10] o.h.e.loading.internal.LoadContexts      : HHH000100: Fail-safe cleanup (collections) : org.hibernate.engine.loading.internal.CollectionLoadContext@1256c6ba<rs=HikariProxyResultSet@1964723995 wrapping rs3970: null>
?[0m?[0;34m2023-03-31 16:06:02.844  WARN 29781 --- [io-8080-exec-10] o.h.e.loading.internal.LoadContexts      : HHH000100: Fail-safe cleanup (collections) : org.hibernate.engine.loading.internal.CollectionLoadContext@13dfd3a3<rs=HikariProxyResultSet@1935549219 wrapping rs3836: null>
?[0m?[0;34m2023-03-31 16:06:02.844  WARN 29781 --- [io-8080-exec-10] o.h.e.loading.internal.LoadContexts      : HHH000100: Fail-safe cleanup (collections) : org.hibernate.engine.loading.internal.CollectionLoadContext@15119935<rs=HikariProxyResultSet@468080548 wrapping rs3636: null>
?[0m?[0;34m2023-03-31 16:06:02.844  WARN 29781 --- [io-8080-exec-10] o.h.e.loading.internal.LoadContexts      : HHH000100: Fail-safe cleanup (collections) : org.hibernate.engine.loading.internal.CollectionLoadContext@1fa8eab0<rs=HikariProxyResultSet@146457000 wrapping rs3432: null>
?[0m?[0;34m2023-03-31 16:06:02.844  WARN 29781 --- [io-8080-exec-10] o.h.e.loading.internal.LoadContexts      : HHH000100: Fail-safe cleanup (collections) : org.hibernate.engine.loading.internal.CollectionLoadContext@3b6f9ce9<rs=HikariProxyResultSet@529451182 wrapping rs3511: null>
?[0m?[0;34m2023-03-31 16:06:02.844  WARN 29781 --- [io-8080-exec-10] o.h.e.loading.internal.LoadContexts      : HHH000100: Fail-safe cleanup (collections) : org.hibernate.engine.loading.internal.CollectionLoadContext@564002ec<rs=HikariProxyResultSet@137103534 wrapping rs3952: null>
?[0m?[0;34m2023-03-31 16:06:02.844  WARN 29781 --- [io-8080-exec-10] o.h.e.loading.internal.LoadContexts      : HHH000100: Fail-safe cleanup (collections) : org.hibernate.engine.loading.internal.CollectionLoadContext@4f01f120<rs=HikariProxyResultSet@1963236018 wrapping rs3787: null>
?[0m?[0;34m2023-03-31 16:06:02.844  WARN 29781 --- [io-8080-exec-10] o.h.e.loading.internal.LoadContexts      : HHH000100: Fail-safe cleanup (collections) : org.hibernate.engine.loading.internal.CollectionLoadContext@17a46f1a<rs=HikariProxyResultSet@1339433908 wrapping rs3705: null>
?[0m?[0;34m2023-03-31 16:06:02.844  WARN 29781 --- [io-8080-exec-10] o.h.e.loading.internal.LoadContexts      : HHH000100: Fail-safe cleanup (collections) : org.hibernate.engine.loading.internal.CollectionLoadContext@50eb31d3<rs=HikariProxyResultSet@176088246 wrapping rs3716: null>
?[0m?[0;34m2023-03-31 16:06:02.844  WARN 29781 --- [io-8080-exec-10] o.h.e.loading.internal.LoadContexts      : HHH000100: Fail-safe cleanup (collections) : org.hibernate.engine.loading.internal.CollectionLoadContext@66a1e40<rs=HikariProxyResultSet@1555849019 wrapping rs3786: null>
?[0m?[0;34m2023-03-31 16:06:02.844  WARN 29781 --- [io-8080-exec-10] o.h.e.loading.internal.LoadContexts      : HHH000100: Fail-safe cleanup (collections) : org.hibernate.engine.loading.internal.CollectionLoadContext@46a2675c<rs=HikariProxyResultSet@790120509 wrapping rs3747: null>
?[0m?[0;34m2023-03-31 16:06:02.844  WARN 29781 --- [io-8080-exec-10] o.h.e.loading.internal.LoadContexts      : HHH000100: Fail-safe cleanup (collections) : org.hibernate.engine.loading.internal.CollectionLoadContext@724a0c2d<rs=HikariProxyResultSet@646298943 wrapping rs3605: null>
?[0m?[0;34m2023-03-31 16:06:02.844  WARN 29781 --- [io-8080-exec-10] o.h.e.loading.internal.LoadContexts      : HHH000100: Fail-safe cleanup (collections) : org.hibernate.engine.loading.internal.CollectionLoadContext@7ba6ce1e<rs=HikariProxyResultSet@1166249408 wrapping rs3478: null>
?[0m?[0;34m2023-03-31 16:06:02.844  WARN 29781 --- [io-8080-exec-10] o.h.e.loading.internal.LoadContexts      : HHH000100: Fail-safe cleanup (collections) : org.hibernate.engine.loading.internal.CollectionLoadContext@2d685734<rs=HikariProxyResultSet@1262418368 wrapping rs3863: null>
?[0m?[0;34m2023-03-31 16:06:02.844  WARN 29781 --- [io-8080-exec-10] o.h.e.loading.internal.LoadContexts      : HHH000100: Fail-safe cleanup (collections) : org.hibernate.engine.loading.internal.CollectionLoadContext@78a55d42<rs=HikariProxyResultSet@1376827074 wrapping rs3778: null>
?[0m?[0;34m2023-03-31 16:06:02.844  WARN 29781 --- [io-8080-exec-10] o.h.e.loading.internal.LoadContexts      : HHH000100: Fail-safe cleanup (collections) : org.hibernate.engine.loading.internal.CollectionLoadContext@5aac0d1f<rs=HikariProxyResultSet@1972140996 wrapping rs3638: null>
?[0m?[0;34m2023-03-31 16:06:02.844  WARN 29781 --- [io-8080-exec-10] o.h.e.loading.internal.LoadContexts      : HHH000100: Fail-safe cleanup (collections) : org.hibernate.engine.loading.internal.CollectionLoadContext@17b7fe6a<rs=HikariProxyResultSet@2063408713 wrapping rs3575: null>
?[0m?[0;34m2023-03-31 16:06:02.844  WARN 29781 --- [io-8080-exec-10] o.h.e.loading.internal.LoadContexts      : HHH000100: Fail-safe cleanup (collections) : org.hibernate.engine.loading.internal.CollectionLoadContext@7889da5f<rs=HikariProxyResultSet@156246730 wrapping rs3912: null>
?[0m?[0;34m2023-03-31 16:06:02.844  WARN 29781 --- [io-8080-exec-10] o.h.e.loading.internal.LoadContexts      : HHH000100: Fail-safe cleanup (collections) : org.hibernate.engine.loading.internal.CollectionLoadContext@2a14c741<rs=HikariProxyResultSet@1576079179 wrapping rs3565: null>
?[0m?[0;34m2023-03-31 16:06:02.845  WARN 29781 --- [io-8080-exec-10] o.h.e.loading.internal.LoadContexts      : HHH000100: Fail-safe cleanup (collections) : org.hibernate.engine.loading.internal.CollectionLoadContext@106af3e9<rs=HikariProxyResultSet@1917852370 wrapping rs3946: null>
?[0m?[0;34m2023-03-31 16:06:02.845  WARN 29781 --- [io-8080-exec-10] o.h.e.loading.internal.LoadContexts      : HHH000100: Fail-safe cleanup (collections) : org.hibernate.engine.loading.internal.CollectionLoadContext@38860b20<rs=HikariProxyResultSet@1613757267 wrapping rs3905: null>
?[0m?[0;34m2023-03-31 16:06:02.845  WARN 29781 --- [io-8080-exec-10] o.h.e.loading.internal.LoadContexts      : HHH000100: Fail-safe cleanup (collections) : org.hibernate.engine.loading.internal.CollectionLoadContext@e6b754d<rs=HikariProxyResultSet@432377812 wrapping rs3967: null>
?[0m?[0;34m2023-03-31 16:06:02.845  WARN 29781 --- [io-8080-exec-10] o.h.e.loading.internal.LoadContexts      : HHH000100: Fail-safe cleanup (collections) : org.hibernate.engine.loading.internal.CollectionLoadContext@2c9850e<rs=HikariProxyResultSet@1629836889 wrapping rs3954: null>
?[0m?[0;34m2023-03-31 16:06:02.845  WARN 29781 --- [io-8080-exec-10] o.h.e.loading.internal.LoadContexts      : HHH000100: Fail-safe cleanup (collections) : org.hibernate.engine.loading.internal.CollectionLoadContext@45fbcb05<rs=HikariProxyResultSet@189631323 wrapping rs3593: null>
?[0m?[0;34m2023-03-31 16:06:02.845  WARN 29781 --- [io-8080-exec-10] o.h.e.loading.internal.LoadContexts      : HHH000100: Fail-safe cleanup (collections) : org.hibernate.engine.loading.internal.CollectionLoadContext@4d2c0791<rs=HikariProxyResultSet@329678812 wrapping rs3491: null>
?[0m?[0;34m2023-03-31 16:06:02.845  WARN 29781 --- [io-8080-exec-10] o.h.e.loading.internal.LoadContexts      : HHH000100: Fail-safe cleanup (collections) : org.hibernate.engine.loading.internal.CollectionLoadContext@1838c264<rs=HikariProxyResultSet@2134861022 wrapping rs3440: null>
?[0m?[0;34m2023-03-31 16:06:02.845  WARN 29781 --- [io-8080-exec-10] o.h.e.loading.internal.LoadContexts      : HHH000100: Fail-safe cleanup (collections) : org.hibernate.engine.loading.internal.CollectionLoadContext@5697d598<rs=HikariProxyResultSet@1093644510 wrapping rs3921: null>
?[0m?[0;34m2023-03-31 16:06:02.845  WARN 29781 --- [io-8080-exec-10] o.h.e.loading.internal.LoadContexts      : HHH000100: Fail-safe cleanup (collections) : org.hibernate.engine.loading.internal.CollectionLoadContext@4d2f9fac<rs=HikariProxyResultSet@80679392 wrapping rs3668: null>
?[0m?[0;34m2023-03-31 16:06:02.845  WARN 29781 --- [io-8080-exec-10] o.h.e.loading.internal.LoadContexts      : HHH000100: Fail-safe cleanup (collections) : org.hibernate.engine.loading.internal.CollectionLoadContext@60920917<rs=HikariProxyResultSet@1408488928 wrapping rs3748: null>
?[0m?[0;34m2023-03-31 16:06:02.845  WARN 29781 --- [io-8080-exec-10] o.h.e.loading.internal.LoadContexts      : HHH000100: Fail-safe cleanup (collections) : org.hibernate.engine.loading.internal.CollectionLoadContext@3e67dc83<rs=HikariProxyResultSet@1267040865 wrapping rs3856: null>
?[0m?[0;34m2023-03-31 16:06:02.845  WARN 29781 --- [io-8080-exec-10] o.h.e.loading.internal.LoadContexts      : HHH000100: Fail-safe cleanup (collections) : org.hibernate.engine.loading.internal.CollectionLoadContext@56b4f5c2<rs=HikariProxyResultSet@797589347 wrapping rs3600: null>
?[0m?[0;34m2023-03-31 16:06:02.845  WARN 29781 --- [io-8080-exec-10] o.h.e.loading.internal.LoadContexts      : HHH000100: Fail-safe cleanup (collections) : org.hibernate.engine.loading.internal.CollectionLoadContext@6757c247<rs=HikariProxyResultSet@1485515619 wrapping rs3958: null>
?[0m?[0;34m2023-03-31 16:06:02.845  WARN 29781 --- [io-8080-exec-10] o.h.e.loading.internal.LoadContexts      : HHH000100: Fail-safe cleanup (collections) : org.hibernate.engine.loading.internal.CollectionLoadContext@17fdb50b<rs=HikariProxyResultSet@1479890021 wrapping rs3616: null>
?[0m?[0;34m2023-03-31 16:06:02.845  WARN 29781 --- [io-8080-exec-10] o.h.e.loading.internal.LoadContexts      : HHH000100: Fail-safe cleanup (collections) : org.hibernate.engine.loading.internal.CollectionLoadContext@177ee0b3<rs=HikariProxyResultSet@1062513765 wrapping rs3925: null>
?[0m?[0;34m2023-03-31 16:06:02.845  WARN 29781 --- [io-8080-exec-10] o.h.e.loading.internal.LoadContexts      : HHH000100: Fail-safe cleanup (collections) : org.hibernate.engine.loading.internal.CollectionLoadContext@66150d7b<rs=HikariProxyResultSet@818718055 wrapping rs3625: null>
?[0m?[0;34m2023-03-31 16:06:02.845  WARN 29781 --- [io-8080-exec-10] o.h.e.loading.internal.LoadContexts      : HHH000100: Fail-safe cleanup (collections) : org.hibernate.engine.loading.internal.CollectionLoadContext@3f09ae04<rs=HikariProxyResultSet@574992235 wrapping rs3813: null>
?[0m?[0;34m2023-03-31 16:06:02.845  WARN 29781 --- [io-8080-exec-10] o.h.e.loading.internal.LoadContexts      : HHH000100: Fail-safe cleanup (collections) : org.hibernate.engine.loading.internal.CollectionLoadContext@45260103<rs=HikariProxyResultSet@323225709 wrapping rs3795: null>
?[0m?[0;34m2023-03-31 16:06:02.845  WARN 29781 --- [io-8080-exec-10] o.h.e.loading.internal.LoadContexts      : HHH000100: Fail-safe cleanup (collections) : org.hibernate.engine.loading.internal.CollectionLoadContext@253d1a6c<rs=HikariProxyResultSet@356593902 wrapping rs3869: null>
?[0m?[0;34m2023-03-31 16:06:02.845  WARN 29781 --- [io-8080-exec-10] o.h.e.loading.internal.LoadContexts      : HHH000100: Fail-safe cleanup (collections) : org.hibernate.engine.loading.internal.CollectionLoadContext@6b0da565<rs=HikariProxyResultSet@228468208 wrapping rs3930: null>
?[0m?[0;34m2023-03-31 16:06:02.845  WARN 29781 --- [io-8080-exec-10] o.h.e.loading.internal.LoadContexts      : HHH000100: Fail-safe cleanup (collections) : org.hibernate.engine.loading.internal.CollectionLoadContext@19864f8e<rs=HikariProxyResultSet@1268604529 wrapping rs3896: null>
?[0m?[0;34m2023-03-31 16:06:02.845  WARN 29781 --- [io-8080-exec-10] o.h.e.loading.internal.LoadContexts      : HHH000100: Fail-safe cleanup (collections) : org.hibernate.engine.loading.internal.CollectionLoadContext@6c5d7ba4<rs=HikariProxyResultSet@439822066 wrapping rs3755: null>
?[0m?[0;34m2023-03-31 16:06:02.845  WARN 29781 --- [io-8080-exec-10] o.h.e.loading.internal.LoadContexts      : HHH000100: Fail-safe cleanup (collections) : org.hibernate.engine.loading.internal.CollectionLoadContext@21fef239<rs=HikariProxyResultSet@571998962 wrapping rs3806: null>
?[0m?[0;34m2023-03-31 16:06:02.845  WARN 29781 --- [io-8080-exec-10] o.h.e.loading.internal.LoadContexts      : HHH000100: Fail-safe cleanup (collections) : org.hibernate.engine.loading.internal.CollectionLoadContext@275e4dee<rs=HikariProxyResultSet@2073746420 wrapping rs3764: null>
?[0m?[0;34m2023-03-31 16:06:02.845  WARN 29781 --- [io-8080-exec-10] o.h.e.loading.internal.LoadContexts      : HHH000100: Fail-safe cleanup (collections) : org.hibernate.engine.loading.internal.CollectionLoadContext@c8f8cb4<rs=HikariProxyResultSet@908739830 wrapping rs3639: null>
?[0m?[0;34m2023-03-31 16:06:02.845  WARN 29781 --- [io-8080-exec-10] o.h.e.loading.internal.LoadContexts      : HHH000100: Fail-safe cleanup (collections) : org.hibernate.engine.loading.internal.CollectionLoadContext@b0856da<rs=HikariProxyResultSet@819695096 wrapping rs3686: null>
?[0m?[0;34m2023-03-31 16:06:02.845  WARN 29781 --- [io-8080-exec-10] o.h.e.loading.internal.LoadContexts      : HHH000100: Fail-safe cleanup (collections) : org.hibernate.engine.loading.internal.CollectionLoadContext@5d3102b8<rs=HikariProxyResultSet@775273210 wrapping rs3832: null>
?[0m?[0;34m2023-03-31 16:06:02.845  WARN 29781 --- [io-8080-exec-10] o.h.e.loading.internal.LoadContexts      : HHH000100: Fail-safe cleanup (collections) : org.hibernate.engine.loading.internal.CollectionLoadContext@8d505cd<rs=HikariProxyResultSet@936392571 wrapping rs3897: null>
?[0m?[0;34m2023-03-31 16:06:02.845  WARN 29781 --- [io-8080-exec-10] o.h.e.loading.internal.LoadContexts      : HHH000100: Fail-safe cleanup (collections) : org.hibernate.engine.loading.internal.CollectionLoadContext@784fd24f<rs=HikariProxyResultSet@1658673664 wrapping rs3515: null>
?[0m?[0;34m2023-03-31 16:06:02.845  WARN 29781 --- [io-8080-exec-10] o.h.e.loading.internal.LoadContexts      : HHH000100: Fail-safe cleanup (collections) : org.hibernate.engine.loading.internal.CollectionLoadContext@31b8f51a<rs=HikariProxyResultSet@1748857473 wrapping rs3598: null>
?[0m?[0;34m2023-03-31 16:06:02.845  WARN 29781 --- [io-8080-exec-10] o.h.e.loading.internal.LoadContexts      : HHH000100: Fail-safe cleanup (collections) : org.hibernate.engine.loading.internal.CollectionLoadContext@64490557<rs=HikariProxyResultSet@1005350021 wrapping rs3672: null>
?[0m?[0;34m2023-03-31 16:06:02.845  WARN 29781 --- [io-8080-exec-10] o.h.e.loading.internal.LoadContexts      : HHH000100: Fail-safe cleanup (collections) : org.hibernate.engine.loading.internal.CollectionLoadContext@44929f7e<rs=HikariProxyResultSet@1649403142 wrapping rs3523: null>
?[0m?[0;34m2023-03-31 16:06:02.845  WARN 29781 --- [io-8080-exec-10] o.h.e.loading.internal.LoadContexts      : HHH000100: Fail-safe cleanup (collections) : org.hibernate.engine.loading.internal.CollectionLoadContext@42c9e009<rs=HikariProxyResultSet@1852823685 wrapping rs3766: null>
?[0m?[0;34m2023-03-31 16:06:02.845  WARN 29781 --- [io-8080-exec-10] o.h.e.loading.internal.LoadContexts      : HHH000100: Fail-safe cleanup (collections) : org.hibernate.engine.loading.internal.CollectionLoadContext@34afcd6f<rs=HikariProxyResultSet@756190857 wrapping rs3553: null>
?[0m?[0;34m2023-03-31 16:06:02.845  WARN 29781 --- [io-8080-exec-10] o.h.e.loading.internal.LoadContexts      : HHH000100: Fail-safe cleanup (collections) : org.hibernate.engine.loading.internal.CollectionLoadContext@18e00510<rs=HikariProxyResultSet@1926378250 wrapping rs3434: null>
?[0m?[0;34m2023-03-31 16:06:02.845  WARN 29781 --- [io-8080-exec-10] o.h.e.loading.internal.LoadContexts      : HHH000100: Fail-safe cleanup (collections) : org.hibernate.engine.loading.internal.CollectionLoadContext@4859101d<rs=HikariProxyResultSet@1155698700 wrapping rs3541: null>
?[0m?[0;34m2023-03-31 16:06:02.845  WARN 29781 --- [io-8080-exec-10] o.h.e.loading.internal.LoadContexts      : HHH000100: Fail-safe cleanup (collections) : org.hibernate.engine.loading.internal.CollectionLoadContext@451d78b7<rs=HikariProxyResultSet@969629837 wrapping rs3858: null>
?[0m?[0;34m2023-03-31 16:06:02.845  WARN 29781 --- [io-8080-exec-10] o.h.e.loading.internal.LoadContexts      : HHH000100: Fail-safe cleanup (collections) : org.hibernate.engine.loading.internal.CollectionLoadContext@f1311ce<rs=HikariProxyResultSet@235579662 wrapping rs3463: null>
?[0m?[0;34m2023-03-31 16:06:02.845  WARN 29781 --- [io-8080-exec-10] o.h.e.loading.internal.LoadContexts      : HHH000100: Fail-safe cleanup (collections) : org.hibernate.engine.loading.internal.CollectionLoadContext@17435db9<rs=HikariProxyResultSet@2021070868 wrapping rs3510: null>
?[0m?[0;34m2023-03-31 16:06:02.845  WARN 29781 --- [io-8080-exec-10] o.h.e.loading.internal.LoadContexts      : HHH000100: Fail-safe cleanup (collections) : org.hibernate.engine.loading.internal.CollectionLoadContext@171a6eb4<rs=HikariProxyResultSet@1701249173 wrapping rs3569: null>
?[0m?[0;34m2023-03-31 16:06:02.845  WARN 29781 --- [io-8080-exec-10] o.h.e.loading.internal.LoadContexts      : HHH000100: Fail-safe cleanup (collections) : org.hibernate.engine.loading.internal.CollectionLoadContext@39ec7420<rs=HikariProxyResultSet@1848508952 wrapping rs3586: null>
?[0m?[0;34m2023-03-31 16:06:02.845  WARN 29781 --- [io-8080-exec-10] o.h.e.loading.internal.LoadContexts      : HHH000100: Fail-safe cleanup (collections) : org.hibernate.engine.loading.internal.CollectionLoadContext@2ee68fb2<rs=HikariProxyResultSet@2014620184 wrapping rs3597: null>
?[0m?[0;34m2023-03-31 16:06:02.845  WARN 29781 --- [io-8080-exec-10] o.h.e.loading.internal.LoadContexts      : HHH000100: Fail-safe cleanup (collections) : org.hibernate.engine.loading.internal.CollectionLoadContext@23c5a142<rs=HikariProxyResultSet@1319010074 wrapping rs3608: null>
?[0m?[0;34m2023-03-31 16:06:02.845  WARN 29781 --- [io-8080-exec-10] o.h.e.loading.internal.LoadContexts      : HHH000100: Fail-safe cleanup (collections) : org.hibernate.engine.loading.internal.CollectionLoadContext@676e0440<rs=HikariProxyResultSet@693703837 wrapping rs3695: null>
?[0m?[0;34m2023-03-31 16:06:02.845  WARN 29781 --- [io-8080-exec-10] o.h.e.loading.internal.LoadContexts      : HHH000100: Fail-safe cleanup (collections) : org.hibernate.engine.loading.internal.CollectionLoadContext@3d7921f9<rs=HikariProxyResultSet@1003809441 wrapping rs3662: null>
?[0m?[0;34m2023-03-31 16:06:02.845  WARN 29781 --- [io-8080-exec-10] o.h.e.loading.internal.LoadContexts      : HHH000100: Fail-safe cleanup (collections) : org.hibernate.engine.loading.internal.CollectionLoadContext@2778b2fb<rs=HikariProxyResultSet@1294314532 wrapping rs3517: null>
?[0m?[0;34m2023-03-31 16:06:02.845  WARN 29781 --- [io-8080-exec-10] o.h.e.loading.internal.LoadContexts      : HHH000100: Fail-safe cleanup (collections) : org.hibernate.engine.loading.internal.CollectionLoadContext@29b9c8e7<rs=HikariProxyResultSet@1100141096 wrapping rs3714: null>
?[0m?[0;34m2023-03-31 16:06:02.845  WARN 29781 --- [io-8080-exec-10] o.h.e.loading.internal.LoadContexts      : HHH000100: Fail-safe cleanup (collections) : org.hibernate.engine.loading.internal.CollectionLoadContext@3e628594<rs=HikariProxyResultSet@822148906 wrapping rs3516: null>
?[0m?[0;34m2023-03-31 16:06:02.845  WARN 29781 --- [io-8080-exec-10] o.h.e.loading.internal.LoadContexts      : HHH000100: Fail-safe cleanup (collections) : org.hibernate.engine.loading.internal.CollectionLoadContext@4a600d48<rs=HikariProxyResultSet@538555178 wrapping rs3802: null>
?[0m?[0;34m2023-03-31 16:06:02.845  WARN 29781 --- [io-8080-exec-10] o.h.e.loading.internal.LoadContexts      : HHH000100: Fail-safe cleanup (collections) : org.hibernate.engine.loading.internal.CollectionLoadContext@286d9195<rs=HikariProxyResultSet@1344039343 wrapping rs3457: null>
?[0m?[0;34m2023-03-31 16:06:02.845  WARN 29781 --- [io-8080-exec-10] o.h.e.loading.internal.LoadContexts      : HHH000100: Fail-safe cleanup (collections) : org.hibernate.engine.loading.internal.CollectionLoadContext@4f749a8f<rs=HikariProxyResultSet@149007154 wrapping rs3661: null>
?[0m?[0;34m2023-03-31 16:06:02.845  WARN 29781 --- [io-8080-exec-10] o.h.e.loading.internal.LoadContexts      : HHH000100: Fail-safe cleanup (collections) : org.hibernate.engine.loading.internal.CollectionLoadContext@6590e8d0<rs=HikariProxyResultSet@953986100 wrapping rs3948: null>
?[0m?[0;34m2023-03-31 16:06:02.845  WARN 29781 --- [io-8080-exec-10] o.h.e.loading.internal.LoadContexts      : HHH000100: Fail-safe cleanup (collections) : org.hibernate.engine.loading.internal.CollectionLoadContext@2f50a367<rs=HikariProxyResultSet@419713463 wrapping rs3878: null>
?[0m?[0;34m2023-03-31 16:06:02.845  WARN 29781 --- [io-8080-exec-10] o.h.e.loading.internal.LoadContexts      : HHH000100: Fail-safe cleanup (collections) : org.hibernate.engine.loading.internal.CollectionLoadContext@6bf56e21<rs=HikariProxyResultSet@892538682 wrapping rs3443: null>
?[0m?[0;34m2023-03-31 16:06:02.845  WARN 29781 --- [io-8080-exec-10] o.h.e.loading.internal.LoadContexts      : HHH000100: Fail-safe cleanup (collections) : org.hibernate.engine.loading.internal.CollectionLoadContext@3e3132<rs=HikariProxyResultSet@818027322 wrapping rs3834: null>
?[0m?[0;34m2023-03-31 16:06:02.845  WARN 29781 --- [io-8080-exec-10] o.h.e.loading.internal.LoadContexts      : HHH000100: Fail-safe cleanup (collections) : org.hibernate.engine.loading.internal.CollectionLoadContext@620a9f8d<rs=HikariProxyResultSet@1642381372 wrapping rs3892: null>
?[0m?[0;34m2023-03-31 16:06:02.845  WARN 29781 --- [io-8080-exec-10] o.h.e.loading.internal.LoadContexts      : HHH000100: Fail-safe cleanup (collections) : org.hibernate.engine.loading.internal.CollectionLoadContext@486b4330<rs=HikariProxyResultSet@1112352062 wrapping rs3710: null>
?[0m?[0;34m2023-03-31 16:06:02.845  WARN 29781 --- [io-8080-exec-10] o.h.e.loading.internal.LoadContexts      : HHH000100: Fail-safe cleanup (collections) : org.hibernate.engine.loading.internal.CollectionLoadContext@8afa87a<rs=HikariProxyResultSet@1485783358 wrapping rs3719: null>
?[0m?[0;34m2023-03-31 16:06:02.845  WARN 29781 --- [io-8080-exec-10] o.h.e.loading.internal.LoadContexts      : HHH000100: Fail-safe cleanup (collections) : org.hibernate.engine.loading.internal.CollectionLoadContext@7969bffc<rs=HikariProxyResultSet@1281671744 wrapping rs3837: null>
?[0m?[0;34m2023-03-31 16:06:02.845  WARN 29781 --- [io-8080-exec-10] o.h.e.loading.internal.LoadContexts      : HHH000100: Fail-safe cleanup (collections) : org.hibernate.engine.loading.internal.CollectionLoadContext@4fa9b1ab<rs=HikariProxyResultSet@1012690625 wrapping rs3587: null>
?[0m?[0;34m2023-03-31 16:06:02.845  WARN 29781 --- [io-8080-exec-10] o.h.e.loading.internal.LoadContexts      : HHH000100: Fail-safe cleanup (collections) : org.hibernate.engine.loading.internal.CollectionLoadContext@5dc909ad<rs=HikariProxyResultSet@1205571652 wrapping rs3506: null>
?[0m?[0;34m2023-03-31 16:06:02.845  WARN 29781 --- [io-8080-exec-10] o.h.e.loading.internal.LoadContexts      : HHH000100: Fail-safe cleanup (collections) : org.hibernate.engine.loading.internal.CollectionLoadContext@28509616<rs=HikariProxyResultSet@1641454918 wrapping rs3743: null>
?[0m?[0;34m2023-03-31 16:06:02.845  WARN 29781 --- [io-8080-exec-10] o.h.e.loading.internal.LoadContexts      : HHH000100: Fail-safe cleanup (collections) : org.hibernate.engine.loading.internal.CollectionLoadContext@1cf25abf<rs=HikariProxyResultSet@382623046 wrapping rs3853: null>
?[0m?[0;34m2023-03-31 16:06:02.845  WARN 29781 --- [io-8080-exec-10] o.h.e.loading.internal.LoadContexts      : HHH000100: Fail-safe cleanup (collections) : org.hibernate.engine.loading.internal.CollectionLoadContext@1ed49463<rs=HikariProxyResultSet@1263345353 wrapping rs3536: null>
?[0m?[0;34m2023-03-31 16:06:02.845  WARN 29781 --- [io-8080-exec-10] o.h.e.loading.internal.LoadContexts      : HHH000100: Fail-safe cleanup (collections) : org.hibernate.engine.loading.internal.CollectionLoadContext@b457275<rs=HikariProxyResultSet@2104385354 wrapping rs3622: null>
?[0m?[0;34m2023-03-31 16:06:02.845  WARN 29781 --- [io-8080-exec-10] o.h.e.loading.internal.LoadContexts      : HHH000100: Fail-safe cleanup (collections) : org.hibernate.engine.loading.internal.CollectionLoadContext@2709b52d<rs=HikariProxyResultSet@1889926091 wrapping rs3666: null>
?[0m?[0;34m2023-03-31 16:06:02.845  WARN 29781 --- [io-8080-exec-10] o.h.e.loading.internal.LoadContexts      : HHH000100: Fail-safe cleanup (collections) : org.hibernate.engine.loading.internal.CollectionLoadContext@29a024d1<rs=HikariProxyResultSet@926219985 wrapping rs3554: null>
?[0m?[0;34m2023-03-31 16:06:02.845  WARN 29781 --- [io-8080-exec-10] o.h.e.loading.internal.LoadContexts      : HHH000100: Fail-safe cleanup (collections) : org.hibernate.engine.loading.internal.CollectionLoadContext@136dda0a<rs=HikariProxyResultSet@573001425 wrapping rs3886: null>
?[0m?[0;34m2023-03-31 16:06:02.845  WARN 29781 --- [io-8080-exec-10] o.h.e.loading.internal.LoadContexts      : HHH000100: Fail-safe cleanup (collections) : org.hibernate.engine.loading.internal.CollectionLoadContext@339bc4c8<rs=HikariProxyResultSet@367898321 wrapping rs3950: null>
?[0m?[0;34m2023-03-31 16:06:02.845  WARN 29781 --- [io-8080-exec-10] o.h.e.loading.internal.LoadContexts      : HHH000100: Fail-safe cleanup (collections) : org.hibernate.engine.loading.internal.CollectionLoadContext@59d1af4b<rs=HikariProxyResultSet@1929403347 wrapping rs3957: null>
?[0m?[0;34m2023-03-31 16:06:02.845  WARN 29781 --- [io-8080-exec-10] o.h.e.loading.internal.LoadContexts      : HHH000100: Fail-safe cleanup (collections) : org.hibernate.engine.loading.internal.CollectionLoadContext@717f8e0c<rs=HikariProxyResultSet@437967190 wrapping rs3614: null>
?[0m?[0;34m2023-03-31 16:06:02.845  WARN 29781 --- [io-8080-exec-10] o.h.e.loading.internal.LoadContexts      : HHH000100: Fail-safe cleanup (collections) : org.hibernate.engine.loading.internal.CollectionLoadContext@c3fb7a3<rs=HikariProxyResultSet@123855190 wrapping rs3819: null>
?[0m?[0;34m2023-03-31 16:06:02.845  WARN 29781 --- [io-8080-exec-10] o.h.e.loading.internal.LoadContexts      : HHH000100: Fail-safe cleanup (collections) : org.hibernate.engine.loading.internal.CollectionLoadContext@61ef9f68<rs=HikariProxyResultSet@150267738 wrapping rs3519: null>
?[0m?[0;34m2023-03-31 16:06:02.845  WARN 29781 --- [io-8080-exec-10] o.h.e.loading.internal.LoadContexts      : HHH000100: Fail-safe cleanup (collections) : org.hibernate.engine.loading.internal.CollectionLoadContext@3590dfe9<rs=HikariProxyResultSet@326115291 wrapping rs3644: null>
?[0m?[0;34m2023-03-31 16:06:02.845  WARN 29781 --- [io-8080-exec-10] o.h.e.loading.internal.LoadContexts      : HHH000100: Fail-safe cleanup (collections) : org.hibernate.engine.loading.internal.CollectionLoadContext@381238b9<rs=HikariProxyResultSet@1930364762 wrapping rs3744: null>
?[0m?[0;34m2023-03-31 16:06:02.845  WARN 29781 --- [io-8080-exec-10] o.h.e.loading.internal.LoadContexts      : HHH000100: Fail-safe cleanup (collections) : org.hibernate.engine.loading.internal.CollectionLoadContext@49e102b7<rs=HikariProxyResultSet@2046098266 wrapping rs3769: null>
?[0m?[0;34m2023-03-31 16:06:02.845  WARN 29781 --- [io-8080-exec-10] o.h.e.loading.internal.LoadContexts      : HHH000100: Fail-safe cleanup (collections) : org.hibernate.engine.loading.internal.CollectionLoadContext@5468d03c<rs=HikariProxyResultSet@1817975134 wrapping rs3760: null>
?[0m?[0;34m2023-03-31 16:06:02.845  WARN 29781 --- [io-8080-exec-10] o.h.e.loading.internal.LoadContexts      : HHH000100: Fail-safe cleanup (collections) : org.hibernate.engine.loading.internal.CollectionLoadContext@67b422cf<rs=HikariProxyResultSet@142526556 wrapping rs3845: null>
?[0m?[0;34m2023-03-31 16:06:02.845  WARN 29781 --- [io-8080-exec-10] o.h.e.loading.internal.LoadContexts      : HHH000100: Fail-safe cleanup (collections) : org.hibernate.engine.loading.internal.CollectionLoadContext@4e4a1970<rs=HikariProxyResultSet@926638817 wrapping rs3715: null>
?[0m?[0;34m2023-03-31 16:06:02.845  WARN 29781 --- [io-8080-exec-10] o.h.e.loading.internal.LoadContexts      : HHH000100: Fail-safe cleanup (collections) : org.hibernate.engine.loading.internal.CollectionLoadContext@f7f4eb4<rs=HikariProxyResultSet@1977588707 wrapping rs3913: null>
?[0m?[0;34m2023-03-31 16:06:02.845  WARN 29781 --- [io-8080-exec-10] o.h.e.loading.internal.LoadContexts      : HHH000100: Fail-safe cleanup (collections) : org.hibernate.engine.loading.internal.CollectionLoadContext@1d849657<rs=HikariProxyResultSet@854954213 wrapping rs3838: null>
?[0m?[0;34m2023-03-31 16:06:02.845  WARN 29781 --- [io-8080-exec-10] o.h.e.loading.internal.LoadContexts      : HHH000100: Fail-safe cleanup (collections) : org.hibernate.engine.loading.internal.CollectionLoadContext@5b606d72<rs=HikariProxyResultSet@1090948075 wrapping rs3781: null>
?[0m?[0;34m2023-03-31 16:06:02.845  WARN 29781 --- [io-8080-exec-10] o.h.e.loading.internal.LoadContexts      : HHH000100: Fail-safe cleanup (collections) : org.hibernate.engine.loading.internal.CollectionLoadContext@457f7ef7<rs=HikariProxyResultSet@1067676651 wrapping rs3791: null>
?[0m?[0;34m2023-03-31 16:06:02.845  WARN 29781 --- [io-8080-exec-10] o.h.e.loading.internal.LoadContexts      : HHH000100: Fail-safe cleanup (collections) : org.hibernate.engine.loading.internal.CollectionLoadContext@30808202<rs=HikariProxyResultSet@1969173104 wrapping rs3846: null>
?[0m?[0;34m2023-03-31 16:06:02.845  WARN 29781 --- [io-8080-exec-10] o.h.e.loading.internal.LoadContexts      : HHH000100: Fail-safe cleanup (collections) : org.hibernate.engine.loading.internal.CollectionLoadContext@98f9c6b<rs=HikariProxyResultSet@214691569 wrapping rs3524: null>
?[0m?[0;34m2023-03-31 16:06:02.845  WARN 29781 --- [io-8080-exec-10] o.h.e.loading.internal.LoadContexts      : HHH000100: Fail-safe cleanup (collections) : org.hibernate.engine.loading.internal.CollectionLoadContext@51dc6bd5<rs=HikariProxyResultSet@653692915 wrapping rs3648: null>
?[0m?[0;34m2023-03-31 16:06:02.846  WARN 29781 --- [io-8080-exec-10] o.h.e.loading.internal.LoadContexts      : HHH000100: Fail-safe cleanup (collections) : org.hibernate.engine.loading.internal.CollectionLoadContext@6f6a2fdf<rs=HikariProxyResultSet@217619830 wrapping rs3745: null>
?[0m?[0;34m2023-03-31 16:06:02.846  WARN 29781 --- [io-8080-exec-10] o.h.e.loading.internal.LoadContexts      : HHH000100: Fail-safe cleanup (collections) : org.hibernate.engine.loading.internal.CollectionLoadContext@5bce20a2<rs=HikariProxyResultSet@1318998906 wrapping rs3592: null>
?[0m?[0;34m2023-03-31 16:06:02.846  WARN 29781 --- [io-8080-exec-10] o.h.e.loading.internal.LoadContexts      : HHH000100: Fail-safe cleanup (collections) : org.hibernate.engine.loading.internal.CollectionLoadContext@2ed78374<rs=HikariProxyResultSet@753308030 wrapping rs3924: null>
?[0m?[0;34m2023-03-31 16:06:02.846  WARN 29781 --- [io-8080-exec-10] o.h.e.loading.internal.LoadContexts      : HHH000100: Fail-safe cleanup (collections) : org.hibernate.engine.loading.internal.CollectionLoadContext@1ce7c7b8<rs=HikariProxyResultSet@1153802880 wrapping rs3767: null>
?[0m?[0;34m2023-03-31 16:06:02.846  WARN 29781 --- [io-8080-exec-10] o.h.e.loading.internal.LoadContexts      : HHH000100: Fail-safe cleanup (collections) : org.hibernate.engine.loading.internal.CollectionLoadContext@22cd172c<rs=HikariProxyResultSet@1359809797 wrapping rs3460: null>
?[0m?[0;34m2023-03-31 16:06:02.846  WARN 29781 --- [io-8080-exec-10] o.h.e.loading.internal.LoadContexts      : HHH000100: Fail-safe cleanup (collections) : org.hibernate.engine.loading.internal.CollectionLoadContext@82cf8e7<rs=HikariProxyResultSet@724165893 wrapping rs3531: null>
?[0m?[0;34m2023-03-31 16:06:02.846  WARN 29781 --- [io-8080-exec-10] o.h.e.loading.internal.LoadContexts      : HHH000100: Fail-safe cleanup (collections) : org.hibernate.engine.loading.internal.CollectionLoadContext@1a7206b5<rs=HikariProxyResultSet@1895477767 wrapping rs3698: null>
?[0m?[0;34m2023-03-31 16:06:02.846  WARN 29781 --- [io-8080-exec-10] o.h.e.loading.internal.LoadContexts      : HHH000100: Fail-safe cleanup (collections) : org.hibernate.engine.loading.internal.CollectionLoadContext@380ad844<rs=HikariProxyResultSet@18186759 wrapping rs3920: null>
?[0m?[0;34m2023-03-31 16:06:02.846  WARN 29781 --- [io-8080-exec-10] o.h.e.loading.internal.LoadContexts      : HHH000100: Fail-safe cleanup (collections) : org.hibernate.engine.loading.internal.CollectionLoadContext@72b4cc1e<rs=HikariProxyResultSet@910049033 wrapping rs3746: null>
?[0m?[0;34m2023-03-31 16:06:02.846  WARN 29781 --- [io-8080-exec-10] o.h.e.loading.internal.LoadContexts      : HHH000100: Fail-safe cleanup (collections) : org.hibernate.engine.loading.internal.CollectionLoadContext@1db0e96f<rs=HikariProxyResultSet@18542345 wrapping rs3780: null>
?[0m?[0;34m2023-03-31 16:06:02.846  WARN 29781 --- [io-8080-exec-10] o.h.e.loading.internal.LoadContexts      : HHH000100: Fail-safe cleanup (collections) : org.hibernate.engine.loading.internal.CollectionLoadContext@177d13c2<rs=HikariProxyResultSet@1082256395 wrapping rs3613: null>
?[0m?[0;34m2023-03-31 16:06:02.846  WARN 29781 --- [io-8080-exec-10] o.h.e.loading.internal.LoadContexts      : HHH000100: Fail-safe cleanup (collections) : org.hibernate.engine.loading.internal.CollectionLoadContext@795b2191<rs=HikariProxyResultSet@808785931 wrapping rs3889: null>
?[0m?[0;34m2023-03-31 16:06:02.846  WARN 29781 --- [io-8080-exec-10] o.h.e.loading.internal.LoadContexts      : HHH000100: Fail-safe cleanup (collections) : org.hibernate.engine.loading.internal.CollectionLoadContext@2d5bd698<rs=HikariProxyResultSet@1866477837 wrapping rs3466: null>
?[0m?[0;34m2023-03-31 16:06:02.846  WARN 29781 --- [io-8080-exec-10] o.h.e.loading.internal.LoadContexts      : HHH000100: Fail-safe cleanup (collections) : org.hibernate.engine.loading.internal.CollectionLoadContext@37bab9cd<rs=HikariProxyResultSet@360729232 wrapping rs3687: null>
?[0m?[0;34m2023-03-31 16:06:02.846  WARN 29781 --- [io-8080-exec-10] o.h.e.loading.internal.LoadContexts      : HHH000100: Fail-safe cleanup (collections) : org.hibernate.engine.loading.internal.CollectionLoadContext@48a65ffb<rs=HikariProxyResultSet@1701787409 wrapping rs3452: null>
?[0m?[0;34m2023-03-31 16:06:02.846  WARN 29781 --- [io-8080-exec-10] o.h.e.loading.internal.LoadContexts      : HHH000100: Fail-safe cleanup (collections) : org.hibernate.engine.loading.internal.CollectionLoadContext@68d1b8d7<rs=HikariProxyResultSet@1077759761 wrapping rs3559: null>
?[0m?[0;34m2023-03-31 16:06:02.846  WARN 29781 --- [io-8080-exec-10] o.h.e.loading.internal.LoadContexts      : HHH000100: Fail-safe cleanup (collections) : org.hibernate.engine.loading.internal.CollectionLoadContext@1bcd5c43<rs=HikariProxyResultSet@1831689872 wrapping rs3865: null>
?[0m?[0;34m2023-03-31 16:06:02.846  WARN 29781 --- [io-8080-exec-10] o.h.e.loading.internal.LoadContexts      : HHH000100: Fail-safe cleanup (collections) : org.hibernate.engine.loading.internal.CollectionLoadContext@795bfa26<rs=HikariProxyResultSet@626497684 wrapping rs3831: null>
?[0m?[0;34m2023-03-31 16:06:02.846  WARN 29781 --- [io-8080-exec-10] o.h.e.loading.internal.LoadContexts      : HHH000100: Fail-safe cleanup (collections) : org.hibernate.engine.loading.internal.CollectionLoadContext@3f83b71<rs=HikariProxyResultSet@345650840 wrapping rs3866: null>
?[0m?[0;34m2023-03-31 16:06:02.846  WARN 29781 --- [io-8080-exec-10] o.h.e.loading.internal.LoadContexts      : HHH000100: Fail-safe cleanup (collections) : org.hibernate.engine.loading.internal.CollectionLoadContext@668a2cd9<rs=HikariProxyResultSet@340092189 wrapping rs3570: null>
?[0m?[0;34m2023-03-31 16:06:02.846  WARN 29781 --- [io-8080-exec-10] o.h.e.loading.internal.LoadContexts      : HHH000100: Fail-safe cleanup (collections) : org.hibernate.engine.loading.internal.CollectionLoadContext@17d44b0f<rs=HikariProxyResultSet@1822864927 wrapping rs3471: null>
?[0m?[0;34m2023-03-31 16:06:02.846  WARN 29781 --- [io-8080-exec-10] o.h.e.loading.internal.LoadContexts      : HHH000100: Fail-safe cleanup (collections) : org.hibernate.engine.loading.internal.CollectionLoadContext@31780919<rs=HikariProxyResultSet@2051501228 wrapping rs3650: null>
?[0m?[0;34m2023-03-31 16:06:02.846  WARN 29781 --- [io-8080-exec-10] o.h.e.loading.internal.LoadContexts      : HHH000100: Fail-safe cleanup (collections) : org.hibernate.engine.loading.internal.CollectionLoadContext@73999ff4<rs=HikariProxyResultSet@750960812 wrapping rs3915: null>
?[0m?[0;34m2023-03-31 16:06:02.846  WARN 29781 --- [io-8080-exec-10] o.h.e.loading.internal.LoadContexts      : HHH000100: Fail-safe cleanup (collections) : org.hibernate.engine.loading.internal.CollectionLoadContext@444289ba<rs=HikariProxyResultSet@1674368559 wrapping rs3635: null>
?[0m?[0;34m2023-03-31 16:06:02.846  WARN 29781 --- [io-8080-exec-10] o.h.e.loading.internal.LoadContexts      : HHH000100: Fail-safe cleanup (collections) : org.hibernate.engine.loading.internal.CollectionLoadContext@717b2e0e<rs=HikariProxyResultSet@988729903 wrapping rs3690: null>
?[0m?[0;34m2023-03-31 16:06:02.846  WARN 29781 --- [io-8080-exec-10] o.h.e.loading.internal.LoadContexts      : HHH000100: Fail-safe cleanup (collections) : org.hibernate.engine.loading.internal.CollectionLoadContext@bad1f9<rs=HikariProxyResultSet@69257138 wrapping rs3693: null>
?[0m?[0;34m2023-03-31 16:06:02.846  WARN 29781 --- [io-8080-exec-10] o.h.e.loading.internal.LoadContexts      : HHH000100: Fail-safe cleanup (collections) : org.hibernate.engine.loading.internal.CollectionLoadContext@3fe39825<rs=HikariProxyResultSet@1966712117 wrapping rs3859: null>
?[0m?[0;34m2023-03-31 16:06:02.846  WARN 29781 --- [io-8080-exec-10] o.h.e.loading.internal.LoadContexts      : HHH000100: Fail-safe cleanup (collections) : org.hibernate.engine.loading.internal.CollectionLoadContext@6f3cd93a<rs=HikariProxyResultSet@817275318 wrapping rs3529: null>
?[0m?[0;34m2023-03-31 16:06:02.846  WARN 29781 --- [io-8080-exec-10] o.h.e.loading.internal.LoadContexts      : HHH000100: Fail-safe cleanup (collections) : org.hibernate.engine.loading.internal.CollectionLoadContext@479f818d<rs=HikariProxyResultSet@1640060729 wrapping rs3472: null>
?[0m?[0;34m2023-03-31 16:06:02.846  WARN 29781 --- [io-8080-exec-10] o.h.e.loading.internal.LoadContexts      : HHH000100: Fail-safe cleanup (collections) : org.hibernate.engine.loading.internal.CollectionLoadContext@11fcb59e<rs=HikariProxyResultSet@360535865 wrapping rs3700: null>
?[0m?[0;34m2023-03-31 16:06:02.846  WARN 29781 --- [io-8080-exec-10] o.h.e.loading.internal.LoadContexts      : HHH000100: Fail-safe cleanup (collections) : org.hibernate.engine.loading.internal.CollectionLoadContext@327d3534<rs=HikariProxyResultSet@707696441 wrapping rs3728: null>
?[0m?[0;34m2023-03-31 16:06:02.846  WARN 29781 --- [io-8080-exec-10] o.h.e.loading.internal.LoadContexts      : HHH000100: Fail-safe cleanup (collections) : org.hibernate.engine.loading.internal.CollectionLoadContext@3b01cf48<rs=HikariProxyResultSet@836904761 wrapping rs3901: null>
?[0m?[0;34m2023-03-31 16:06:02.846  WARN 29781 --- [io-8080-exec-10] o.h.e.loading.internal.LoadContexts      : HHH000100: Fail-safe cleanup (collections) : org.hibernate.engine.loading.internal.CollectionLoadContext@a9a24c<rs=HikariProxyResultSet@1147084093 wrapping rs3520: null>
?[0m?[0;34m2023-03-31 16:06:02.846  WARN 29781 --- [io-8080-exec-10] o.h.e.loading.internal.LoadContexts      : HHH000100: Fail-safe cleanup (collections) : org.hibernate.engine.loading.internal.CollectionLoadContext@748da782<rs=HikariProxyResultSet@276592441 wrapping rs3917: null>
?[0m?[0;34m2023-03-31 16:06:02.846  WARN 29781 --- [io-8080-exec-10] o.h.e.loading.internal.LoadContexts      : HHH000100: Fail-safe cleanup (collections) : org.hibernate.engine.loading.internal.CollectionLoadContext@2f82f8b2<rs=HikariProxyResultSet@467201599 wrapping rs3649: null>
?[0m?[0;34m2023-03-31 16:06:02.846  WARN 29781 --- [io-8080-exec-10] o.h.e.loading.internal.LoadContexts      : HHH000100: Fail-safe cleanup (collections) : org.hibernate.engine.loading.internal.CollectionLoadContext@1a4c0985<rs=HikariProxyResultSet@663207745 wrapping rs3959: null>
?[0m?[0;34m2023-03-31 16:06:02.846  WARN 29781 --- [io-8080-exec-10] o.h.e.loading.internal.LoadContexts      : HHH000100: Fail-safe cleanup (collections) : org.hibernate.engine.loading.internal.CollectionLoadContext@573a6342<rs=HikariProxyResultSet@1121052610 wrapping rs3843: null>
?[0m?[0;34m2023-03-31 16:06:02.846  WARN 29781 --- [io-8080-exec-10] o.h.e.loading.internal.LoadContexts      : HHH000100: Fail-safe cleanup (collections) : org.hibernate.engine.loading.internal.CollectionLoadContext@4e126f90<rs=HikariProxyResultSet@884900931 wrapping rs3971: null>
?[0m?[0;34m2023-03-31 16:06:02.846  WARN 29781 --- [io-8080-exec-10] o.h.e.loading.internal.LoadContexts      : HHH000100: Fail-safe cleanup (collections) : org.hibernate.engine.loading.internal.CollectionLoadContext@766d5988<rs=HikariProxyResultSet@74882631 wrapping rs3488: null>
?[0m?[0;34m2023-03-31 16:06:02.846  WARN 29781 --- [io-8080-exec-10] o.h.e.loading.internal.LoadContexts      : HHH000100: Fail-safe cleanup (collections) : org.hibernate.engine.loading.internal.CollectionLoadContext@c9766e1<rs=HikariProxyResultSet@710627403 wrapping rs3548: null>
?[0m?[0;34m2023-03-31 16:06:02.846  WARN 29781 --- [io-8080-exec-10] o.h.e.loading.internal.LoadContexts      : HHH000100: Fail-safe cleanup (collections) : org.hibernate.engine.loading.internal.CollectionLoadContext@8333442<rs=HikariProxyResultSet@436754765 wrapping rs3895: null>
?[0m?[0;34m2023-03-31 16:06:02.846  WARN 29781 --- [io-8080-exec-10] o.h.e.loading.internal.LoadContexts      : HHH000100: Fail-safe cleanup (collections) : org.hibernate.engine.loading.internal.CollectionLoadContext@5500a43b<rs=HikariProxyResultSet@1672602062 wrapping rs3928: null>
?[0m?[0;34m2023-03-31 16:06:02.846  WARN 29781 --- [io-8080-exec-10] o.h.e.loading.internal.LoadContexts      : HHH000100: Fail-safe cleanup (collections) : org.hibernate.engine.loading.internal.CollectionLoadContext@493d060a<rs=HikariProxyResultSet@1980198737 wrapping rs3922: null>
?[0m?[0;34m2023-03-31 16:06:02.846  WARN 29781 --- [io-8080-exec-10] o.h.e.loading.internal.LoadContexts      : HHH000100: Fail-safe cleanup (collections) : org.hibernate.engine.loading.internal.CollectionLoadContext@7e2ac1a2<rs=HikariProxyResultSet@1695505491 wrapping rs3617: null>
?[0m?[0;34m2023-03-31 16:06:02.846  WARN 29781 --- [io-8080-exec-10] o.h.e.loading.internal.LoadContexts      : HHH000100: Fail-safe cleanup (collections) : org.hibernate.engine.loading.internal.CollectionLoadContext@6faa6b01<rs=HikariProxyResultSet@443998291 wrapping rs3797: null>
?[0m?[0;34m2023-03-31 16:06:02.846  WARN 29781 --- [io-8080-exec-10] o.h.e.loading.internal.LoadContexts      : HHH000100: Fail-safe cleanup (collections) : org.hibernate.engine.loading.internal.CollectionLoadContext@3f5b2bb3<rs=HikariProxyResultSet@893731923 wrapping rs3942: null>
?[0m?[0;34m2023-03-31 16:06:02.846  WARN 29781 --- [io-8080-exec-10] o.h.e.loading.internal.LoadContexts      : HHH000100: Fail-safe cleanup (collections) : org.hibernate.engine.loading.internal.CollectionLoadContext@1ef77704<rs=HikariProxyResultSet@1497533910 wrapping rs3589: null>
?[0m?[0;34m2023-03-31 16:06:02.846  WARN 29781 --- [io-8080-exec-10] o.h.e.loading.internal.LoadContexts      : HHH000100: Fail-safe cleanup (collections) : org.hibernate.engine.loading.internal.CollectionLoadContext@367892a9<rs=HikariProxyResultSet@1728672343 wrapping rs3502: null>
?[0m?[0;34m2023-03-31 16:06:02.846  WARN 29781 --- [io-8080-exec-10] o.h.e.loading.internal.LoadContexts      : HHH000100: Fail-safe cleanup (collections) : org.hibernate.engine.loading.internal.CollectionLoadContext@a360504<rs=HikariProxyResultSet@1804741465 wrapping rs3708: null>
?[0m?[0;34m2023-03-31 16:06:02.846  WARN 29781 --- [io-8080-exec-10] o.h.e.loading.internal.LoadContexts      : HHH000100: Fail-safe cleanup (collections) : org.hibernate.engine.loading.internal.CollectionLoadContext@6cd6a142<rs=HikariProxyResultSet@434488540 wrapping rs3759: null>
?[0m?[0;34m2023-03-31 16:06:02.846  WARN 29781 --- [io-8080-exec-10] o.h.e.loading.internal.LoadContexts      : HHH000100: Fail-safe cleanup (collections) : org.hibernate.engine.loading.internal.CollectionLoadContext@49bcb48b<rs=HikariProxyResultSet@421592413 wrapping rs3599: null>
?[0m?[0;34m2023-03-31 16:06:02.846  WARN 29781 --- [io-8080-exec-10] o.h.e.loading.internal.LoadContexts      : HHH000100: Fail-safe cleanup (collections) : org.hibernate.engine.loading.internal.CollectionLoadContext@3ba38acf<rs=HikariProxyResultSet@358347230 wrapping rs3454: null>
?[0m?[0;34m2023-03-31 16:06:02.846  WARN 29781 --- [io-8080-exec-10] o.h.e.loading.internal.LoadContexts      : HHH000100: Fail-safe cleanup (collections) : org.hibernate.engine.loading.internal.CollectionLoadContext@187a69a<rs=HikariProxyResultSet@903269725 wrapping rs3691: null>
?[0m?[0;34m2023-03-31 16:06:02.846  WARN 29781 --- [io-8080-exec-10] o.h.e.loading.internal.LoadContexts      : HHH000100: Fail-safe cleanup (collections) : org.hibernate.engine.loading.internal.CollectionLoadContext@5882db59<rs=HikariProxyResultSet@1165038562 wrapping rs3500: null>
?[0m?[0;34m2023-03-31 16:06:02.846  WARN 29781 --- [io-8080-exec-10] o.h.e.loading.internal.LoadContexts      : HHH000100: Fail-safe cleanup (collections) : org.hibernate.engine.loading.internal.CollectionLoadContext@7436242e<rs=HikariProxyResultSet@1737648227 wrapping rs3450: null>
?[0m?[0;34m2023-03-31 16:06:02.846  WARN 29781 --- [io-8080-exec-10] o.h.e.loading.internal.LoadContexts      : HHH000100: Fail-safe cleanup (collections) : org.hibernate.engine.loading.internal.CollectionLoadContext@53643d95<rs=HikariProxyResultSet@1071153251 wrapping rs3709: null>
?[0m?[0;34m2023-03-31 16:06:02.846  WARN 29781 --- [io-8080-exec-10] o.h.e.loading.internal.LoadContexts      : HHH000100: Fail-safe cleanup (collections) : org.hibernate.engine.loading.internal.CollectionLoadContext@6f6bf215<rs=HikariProxyResultSet@1830323299 wrapping rs3793: null>
?[0m?[0;34m2023-03-31 16:06:02.846  WARN 29781 --- [io-8080-exec-10] o.h.e.loading.internal.LoadContexts      : HHH000100: Fail-safe cleanup (collections) : org.hibernate.engine.loading.internal.CollectionLoadContext@217da4b2<rs=HikariProxyResultSet@2053799906 wrapping rs3808: null>
?[0m?[0;34m2023-03-31 16:06:02.846  WARN 29781 --- [io-8080-exec-10] o.h.e.loading.internal.LoadContexts      : HHH000100: Fail-safe cleanup (collections) : org.hibernate.engine.loading.internal.CollectionLoadContext@642ff3e7<rs=HikariProxyResultSet@1936284642 wrapping rs3961: null>
?[0m?[0;34m2023-03-31 16:06:02.846  WARN 29781 --- [io-8080-exec-10] o.h.e.loading.internal.LoadContexts      : HHH000100: Fail-safe cleanup (collections) : org.hibernate.engine.loading.internal.CollectionLoadContext@16d5f262<rs=HikariProxyResultSet@1187486440 wrapping rs3568: null>
?[0m?[0;34m2023-03-31 16:06:02.846  WARN 29781 --- [io-8080-exec-10] o.h.e.loading.internal.LoadContexts      : HHH000100: Fail-safe cleanup (collections) : org.hibernate.engine.loading.internal.CollectionLoadContext@269e41f7<rs=HikariProxyResultSet@1321451756 wrapping rs3437: null>
?[0m?[0;34m2023-03-31 16:06:02.846  WARN 29781 --- [io-8080-exec-10] o.h.e.loading.internal.LoadContexts      : HHH000100: Fail-safe cleanup (collections) : org.hibernate.engine.loading.internal.CollectionLoadContext@6a8a29a2<rs=HikariProxyResultSet@1853668588 wrapping rs3602: null>
?[0m?[0;34m2023-03-31 16:06:02.846  WARN 29781 --- [io-8080-exec-10] o.h.e.loading.internal.LoadContexts      : HHH000100: Fail-safe cleanup (collections) : org.hibernate.engine.loading.internal.CollectionLoadContext@71a15fdf<rs=HikariProxyResultSet@502261996 wrapping rs3658: null>
?[0m?[0;34m2023-03-31 16:06:02.846  WARN 29781 --- [io-8080-exec-10] o.h.e.loading.internal.LoadContexts      : HHH000100: Fail-safe cleanup (collections) : org.hibernate.engine.loading.internal.CollectionLoadContext@48dee56b<rs=HikariProxyResultSet@1362207085 wrapping rs3784: null>
?[0m?[0;34m2023-03-31 16:06:02.846  WARN 29781 --- [io-8080-exec-10] o.h.e.loading.internal.LoadContexts      : HHH000100: Fail-safe cleanup (collections) : org.hibernate.engine.loading.internal.CollectionLoadContext@1c9b947e<rs=HikariProxyResultSet@406742768 wrapping rs3552: null>
?[0m?[0;34m2023-03-31 16:06:02.846  WARN 29781 --- [io-8080-exec-10] o.h.e.loading.internal.LoadContexts      : HHH000100: Fail-safe cleanup (collections) : org.hibernate.engine.loading.internal.CollectionLoadContext@27676976<rs=HikariProxyResultSet@982652785 wrapping rs3918: null>
?[0m?[0;34m2023-03-31 16:06:02.846  WARN 29781 --- [io-8080-exec-10] o.h.e.loading.internal.LoadContexts      : HHH000100: Fail-safe cleanup (collections) : org.hibernate.engine.loading.internal.CollectionLoadContext@5cc395e2<rs=HikariProxyResultSet@2137438323 wrapping rs3535: null>
?[0m?[0;34m2023-03-31 16:06:02.846  WARN 29781 --- [io-8080-exec-10] o.h.e.loading.internal.LoadContexts      : HHH000100: Fail-safe cleanup (collections) : org.hibernate.engine.loading.internal.CollectionLoadContext@6309c6ac<rs=HikariProxyResultSet@771582196 wrapping rs3857: null>
?[0m?[0;34m2023-03-31 16:06:02.846  WARN 29781 --- [io-8080-exec-10] o.h.e.loading.internal.LoadContexts      : HHH000100: Fail-safe cleanup (collections) : org.hibernate.engine.loading.internal.CollectionLoadContext@23f186d7<rs=HikariProxyResultSet@1795777014 wrapping rs3641: null>
?[0m?[0;34m2023-03-31 16:06:02.846  WARN 29781 --- [io-8080-exec-10] o.h.e.loading.internal.LoadContexts      : HHH000100: Fail-safe cleanup (collections) : org.hibernate.engine.loading.internal.CollectionLoadContext@3fc17706<rs=HikariProxyResultSet@759379446 wrapping rs3733: null>
?[0m?[0;34m2023-03-31 16:06:02.846  WARN 29781 --- [io-8080-exec-10] o.h.e.loading.internal.LoadContexts      : HHH000100: Fail-safe cleanup (collections) : org.hibernate.engine.loading.internal.CollectionLoadContext@7f6d9999<rs=HikariProxyResultSet@2055688952 wrapping rs3701: null>
?[0m?[0;34m2023-03-31 16:06:02.846  WARN 29781 --- [io-8080-exec-10] o.h.e.loading.internal.LoadContexts      : HHH000100: Fail-safe cleanup (collections) : org.hibernate.engine.loading.internal.CollectionLoadContext@52fc1c7e<rs=HikariProxyResultSet@1812760570 wrapping rs3512: null>
?[0m?[0;34m2023-03-31 16:06:02.846  WARN 29781 --- [io-8080-exec-10] o.h.e.loading.internal.LoadContexts      : HHH000100: Fail-safe cleanup (collections) : org.hibernate.engine.loading.internal.CollectionLoadContext@7d94efc8<rs=HikariProxyResultSet@89965691 wrapping rs3579: null>
?[0m?[0;34m2023-03-31 16:06:02.846  WARN 29781 --- [io-8080-exec-10] o.h.e.loading.internal.LoadContexts      : HHH000100: Fail-safe cleanup (collections) : org.hibernate.engine.loading.internal.CollectionLoadContext@49d9ce3b<rs=HikariProxyResultSet@702402812 wrapping rs3880: null>
?[0m?[0;34m2023-03-31 16:06:02.846  WARN 29781 --- [io-8080-exec-10] o.h.e.loading.internal.LoadContexts      : HHH000100: Fail-safe cleanup (collections) : org.hibernate.engine.loading.internal.CollectionLoadContext@5aeb27c8<rs=HikariProxyResultSet@899515773 wrapping rs3534: null>
?[0m?[0;34m2023-03-31 16:06:02.846  WARN 29781 --- [io-8080-exec-10] o.h.e.loading.internal.LoadContexts      : HHH000100: Fail-safe cleanup (collections) : org.hibernate.engine.loading.internal.CollectionLoadContext@6846df07<rs=HikariProxyResultSet@766132992 wrapping rs3721: null>
?[0m?[0;34m2023-03-31 16:06:02.846  WARN 29781 --- [io-8080-exec-10] o.h.e.loading.internal.LoadContexts      : HHH000100: Fail-safe cleanup (collections) : org.hibernate.engine.loading.internal.CollectionLoadContext@32f68768<rs=HikariProxyResultSet@673530753 wrapping rs3469: null>
?[0m?[0;34m2023-03-31 16:06:02.846  WARN 29781 --- [io-8080-exec-10] o.h.e.loading.internal.LoadContexts      : HHH000100: Fail-safe cleanup (collections) : org.hibernate.engine.loading.internal.CollectionLoadContext@35592f1b<rs=HikariProxyResultSet@875704322 wrapping rs3546: null>
?[0m?[0;34m2023-03-31 16:06:02.846  WARN 29781 --- [io-8080-exec-10] o.h.e.loading.internal.LoadContexts      : HHH000100: Fail-safe cleanup (collections) : org.hibernate.engine.loading.internal.CollectionLoadContext@368f8b1f<rs=HikariProxyResultSet@398563330 wrapping rs3713: null>
?[0m?[0;34m2023-03-31 16:06:02.846  WARN 29781 --- [io-8080-exec-10] o.h.e.loading.internal.LoadContexts      : HHH000100: Fail-safe cleanup (collections) : org.hibernate.engine.loading.internal.CollectionLoadContext@68efc42e<rs=HikariProxyResultSet@2025940228 wrapping rs3439: null>
?[0m?[0;34m2023-03-31 16:06:02.846  WARN 29781 --- [io-8080-exec-10] o.h.e.loading.internal.LoadContexts      : HHH000100: Fail-safe cleanup (collections) : org.hibernate.engine.loading.internal.CollectionLoadContext@6e24c39c<rs=HikariProxyResultSet@683495684 wrapping rs3820: null>
?[0m?[0;34m2023-03-31 16:06:02.846  WARN 29781 --- [io-8080-exec-10] o.h.e.loading.internal.LoadContexts      : HHH000100: Fail-safe cleanup (collections) : org.hibernate.engine.loading.internal.CollectionLoadContext@127918b4<rs=HikariProxyResultSet@1692251654 wrapping rs3451: null>
?[0m?[0;34m2023-03-31 16:06:02.846  WARN 29781 --- [io-8080-exec-10] o.h.e.loading.internal.LoadContexts      : HHH000100: Fail-safe cleanup (collections) : org.hibernate.engine.loading.internal.CollectionLoadContext@5864be97<rs=HikariProxyResultSet@476815491 wrapping rs3830: null>
?[0m?[0;34m2023-03-31 16:06:02.846  WARN 29781 --- [io-8080-exec-10] o.h.e.loading.internal.LoadContexts      : HHH000100: Fail-safe cleanup (collections) : org.hibernate.engine.loading.internal.CollectionLoadContext@4ebcdf01<rs=HikariProxyResultSet@1452118663 wrapping rs3881: null>
?[0m?[0;34m2023-03-31 16:06:02.846  WARN 29781 --- [io-8080-exec-10] o.h.e.loading.internal.LoadContexts      : HHH000100: Fail-safe cleanup (collections) : org.hibernate.engine.loading.internal.CollectionLoadContext@6ccdd69<rs=HikariProxyResultSet@1753033609 wrapping rs3447: null>
?[0m?[0;34m2023-03-31 16:06:02.846  WARN 29781 --- [io-8080-exec-10] o.h.e.loading.internal.LoadContexts      : HHH000100: Fail-safe cleanup (collections) : org.hibernate.engine.loading.internal.CollectionLoadContext@5caac9bc<rs=HikariProxyResultSet@517536778 wrapping rs3607: null>
?[0m?[0;34m2023-03-31 16:06:02.846  WARN 29781 --- [io-8080-exec-10] o.h.e.loading.internal.LoadContexts      : HHH000100: Fail-safe cleanup (collections) : org.hibernate.engine.loading.internal.CollectionLoadContext@21c754b8<rs=HikariProxyResultSet@1992928516 wrapping rs3906: null>
?[0m?[0;34m2023-03-31 16:06:02.847  WARN 29781 --- [io-8080-exec-10] o.h.e.loading.internal.LoadContexts      : HHH000100: Fail-safe cleanup (collections) : org.hibernate.engine.loading.internal.CollectionLoadContext@9abd356<rs=HikariProxyResultSet@870037893 wrapping rs3932: null>
?[0m?[0;34m2023-03-31 16:06:02.847  WARN 29781 --- [io-8080-exec-10] o.h.e.loading.internal.LoadContexts      : HHH000100: Fail-safe cleanup (collections) : org.hibernate.engine.loading.internal.CollectionLoadContext@696c709f<rs=HikariProxyResultSet@639885443 wrapping rs3939: null>
?[0m?[0;34m2023-03-31 16:06:02.847  WARN 29781 --- [io-8080-exec-10] o.h.e.loading.internal.LoadContexts      : HHH000100: Fail-safe cleanup (collections) : org.hibernate.engine.loading.internal.CollectionLoadContext@6381b327<rs=HikariProxyResultSet@1298579982 wrapping rs3888: null>
?[0m?[0;34m2023-03-31 16:06:02.847  WARN 29781 --- [io-8080-exec-10] o.h.e.loading.internal.LoadContexts      : HHH000100: Fail-safe cleanup (collections) : org.hibernate.engine.loading.internal.CollectionLoadContext@7878497b<rs=HikariProxyResultSet@1162062866 wrapping rs3496: null>
?[0m?[0;34m2023-03-31 16:06:02.847  WARN 29781 --- [io-8080-exec-10] o.h.e.loading.internal.LoadContexts      : HHH000100: Fail-safe cleanup (collections) : org.hibernate.engine.loading.internal.CollectionLoadContext@2f9e0441<rs=HikariProxyResultSet@782493843 wrapping rs3703: null>
?[0m?[0;34m2023-03-31 16:06:02.847  WARN 29781 --- [io-8080-exec-10] o.h.e.loading.internal.LoadContexts      : HHH000100: Fail-safe cleanup (collections) : org.hibernate.engine.loading.internal.CollectionLoadContext@257c61a5<rs=HikariProxyResultSet@2107480340 wrapping rs3578: null>
?[0m?[0;34m2023-03-31 16:06:02.847  WARN 29781 --- [io-8080-exec-10] o.h.e.loading.internal.LoadContexts      : HHH000100: Fail-safe cleanup (collections) : org.hibernate.engine.loading.internal.CollectionLoadContext@4b0af6a6<rs=HikariProxyResultSet@1355438485 wrapping rs3623: null>
?[0m?[0;34m2023-03-31 16:06:02.847  WARN 29781 --- [io-8080-exec-10] o.h.e.loading.internal.LoadContexts      : HHH000100: Fail-safe cleanup (collections) : org.hibernate.engine.loading.internal.CollectionLoadContext@71035d2d<rs=HikariProxyResultSet@952993302 wrapping rs3550: null>
?[0m?[0;34m2023-03-31 16:06:02.847  WARN 29781 --- [io-8080-exec-10] o.h.e.loading.internal.LoadContexts      : HHH000100: Fail-safe cleanup (collections) : org.hibernate.engine.loading.internal.CollectionLoadContext@2e60e340<rs=HikariProxyResultSet@1457574164 wrapping rs3887: null>
?[0m?[0;34m2023-03-31 16:06:02.847  WARN 29781 --- [io-8080-exec-10] o.h.e.loading.internal.LoadContexts      : HHH000100: Fail-safe cleanup (collections) : org.hibernate.engine.loading.internal.CollectionLoadContext@68d7ce60<rs=HikariProxyResultSet@197115672 wrapping rs3704: null>
?[0m?[0;34m2023-03-31 16:06:02.847  WARN 29781 --- [io-8080-exec-10] o.h.e.loading.internal.LoadContexts      : HHH000100: Fail-safe cleanup (collections) : org.hibernate.engine.loading.internal.CollectionLoadContext@7474ba1a<rs=HikariProxyResultSet@1448037402 wrapping rs3603: null>
?[0m?[0;34m2023-03-31 16:06:02.847  WARN 29781 --- [io-8080-exec-10] o.h.e.loading.internal.LoadContexts      : HHH000100: Fail-safe cleanup (collections) : org.hibernate.engine.loading.internal.CollectionLoadContext@1ff56b8c<rs=HikariProxyResultSet@1686758555 wrapping rs3438: null>
?[0m?[0;34m2023-03-31 16:06:02.847  WARN 29781 --- [io-8080-exec-10] o.h.e.loading.internal.LoadContexts      : HHH000100: Fail-safe cleanup (collections) : org.hibernate.engine.loading.internal.CollectionLoadContext@3626f1d1<rs=HikariProxyResultSet@940820764 wrapping rs3824: null>
?[0m?[0;34m2023-03-31 16:06:02.847  WARN 29781 --- [io-8080-exec-10] o.h.e.loading.internal.LoadContexts      : HHH000100: Fail-safe cleanup (collections) : org.hibernate.engine.loading.internal.CollectionLoadContext@60548dbb<rs=HikariProxyResultSet@909902237 wrapping rs3718: null>
?[0m?[0;34m2023-03-31 16:06:02.847  WARN 29781 --- [io-8080-exec-10] o.h.e.loading.internal.LoadContexts      : HHH000100: Fail-safe cleanup (collections) : org.hibernate.engine.loading.internal.CollectionLoadContext@31214fc1<rs=HikariProxyResultSet@72630943 wrapping rs3487: null>
?[0m?[0;34m2023-03-31 16:06:02.847  WARN 29781 --- [io-8080-exec-10] o.h.e.loading.internal.LoadContexts      : HHH000100: Fail-safe cleanup (collections) : org.hibernate.engine.loading.internal.CollectionLoadContext@53cfb62<rs=HikariProxyResultSet@1390867619 wrapping rs3604: null>
?[0m?[0;34m2023-03-31 16:06:02.847  WARN 29781 --- [io-8080-exec-10] o.h.e.loading.internal.LoadContexts      : HHH000100: Fail-safe cleanup (collections) : org.hibernate.engine.loading.internal.CollectionLoadContext@4152a6d<rs=HikariProxyResultSet@2034310565 wrapping rs3446: null>
?[0m?[0;34m2023-03-31 16:06:02.847  WARN 29781 --- [io-8080-exec-10] o.h.e.loading.internal.LoadContexts      : HHH000100: Fail-safe cleanup (collections) : org.hibernate.engine.loading.internal.CollectionLoadContext@40e85601<rs=HikariProxyResultSet@1948959141 wrapping rs3509: null>
?[0m?[0;34m2023-03-31 16:06:02.847  WARN 29781 --- [io-8080-exec-10] o.h.e.loading.internal.LoadContexts      : HHH000100: Fail-safe cleanup (collections) : org.hibernate.engine.loading.internal.CollectionLoadContext@7b0c469a<rs=HikariProxyResultSet@412371623 wrapping rs3514: null>
?[0m?[0;34m2023-03-31 16:06:02.847  WARN 29781 --- [io-8080-exec-10] o.h.e.loading.internal.LoadContexts      : HHH000100: Fail-safe cleanup (collections) : org.hibernate.engine.loading.internal.CollectionLoadContext@19095572<rs=HikariProxyResultSet@1831133355 wrapping rs3902: null>
?[0m?[0;34m2023-03-31 16:06:02.847  WARN 29781 --- [io-8080-exec-10] o.h.e.loading.internal.LoadContexts      : HHH000100: Fail-safe cleanup (collections) : org.hibernate.engine.loading.internal.CollectionLoadContext@3462527c<rs=HikariProxyResultSet@383700655 wrapping rs3525: null>
?[0m?[0;34m2023-03-31 16:06:02.847  WARN 29781 --- [io-8080-exec-10] o.h.e.loading.internal.LoadContexts      : HHH000100: Fail-safe cleanup (collections) : org.hibernate.engine.loading.internal.CollectionLoadContext@363852af<rs=HikariProxyResultSet@1463450287 wrapping rs3581: null>
?[0m?[0;34m2023-03-31 16:06:02.847  WARN 29781 --- [io-8080-exec-10] o.h.e.loading.internal.LoadContexts      : HHH000100: Fail-safe cleanup (collections) : org.hibernate.engine.loading.internal.CollectionLoadContext@2f99fa64<rs=HikariProxyResultSet@1203740464 wrapping rs3611: null>
?[0m?[0;34m2023-03-31 16:06:02.847  WARN 29781 --- [io-8080-exec-10] o.h.e.loading.internal.LoadContexts      : HHH000100: Fail-safe cleanup (collections) : org.hibernate.engine.loading.internal.CollectionLoadContext@7c688820<rs=HikariProxyResultSet@1886201519 wrapping rs3651: null>
?[0m?[0;34m2023-03-31 16:06:02.847  WARN 29781 --- [io-8080-exec-10] o.h.e.loading.internal.LoadContexts      : HHH000100: Fail-safe cleanup (collections) : org.hibernate.engine.loading.internal.CollectionLoadContext@5abfd463<rs=HikariProxyResultSet@2147363761 wrapping rs3800: null>
?[0m?[0;34m2023-03-31 16:06:02.847  WARN 29781 --- [io-8080-exec-10] o.h.e.loading.internal.LoadContexts      : HHH000100: Fail-safe cleanup (collections) : org.hibernate.engine.loading.internal.CollectionLoadContext@2ee648b1<rs=HikariProxyResultSet@1043067575 wrapping rs3547: null>
?[0m?[0;34m2023-03-31 16:06:02.847  WARN 29781 --- [io-8080-exec-10] o.h.e.loading.internal.LoadContexts      : HHH000100: Fail-safe cleanup (collections) : org.hibernate.engine.loading.internal.CollectionLoadContext@4eccddd3<rs=HikariProxyResultSet@1450020922 wrapping rs3533: null>
?[0m?[0;34m2023-03-31 16:06:02.847  WARN 29781 --- [io-8080-exec-10] o.h.e.loading.internal.LoadContexts      : HHH000100: Fail-safe cleanup (collections) : org.hibernate.engine.loading.internal.CollectionLoadContext@765d75a2<rs=HikariProxyResultSet@504688827 wrapping rs3788: null>
?[0m?[0;34m2023-03-31 16:06:02.847  WARN 29781 --- [io-8080-exec-10] o.h.e.loading.internal.LoadContexts      : HHH000100: Fail-safe cleanup (collections) : org.hibernate.engine.loading.internal.CollectionLoadContext@5265bbc6<rs=HikariProxyResultSet@343473468 wrapping rs3707: null>
?[0m?[0;34m2023-03-31 16:06:02.847  WARN 29781 --- [io-8080-exec-10] o.h.e.loading.internal.LoadContexts      : HHH000100: Fail-safe cleanup (collections) : org.hibernate.engine.loading.internal.CollectionLoadContext@4edac2fb<rs=HikariProxyResultSet@2144919997 wrapping rs3620: null>
?[0m?[0;34m2023-03-31 16:06:02.847  WARN 29781 --- [io-8080-exec-10] o.h.e.loading.internal.LoadContexts      : HHH000100: Fail-safe cleanup (collections) : org.hibernate.engine.loading.internal.CollectionLoadContext@66d0bcb6<rs=HikariProxyResultSet@1252356412 wrapping rs3850: null>
?[0m?[0;34m2023-03-31 16:06:02.847  WARN 29781 --- [io-8080-exec-10] o.h.e.loading.internal.LoadContexts      : HHH000100: Fail-safe cleanup (collections) : org.hibernate.engine.loading.internal.CollectionLoadContext@7b3d35ab<rs=HikariProxyResultSet@1074390719 wrapping rs3785: null>
?[0m?[0;34m2023-03-31 16:06:02.847  WARN 29781 --- [io-8080-exec-10] o.h.e.loading.internal.LoadContexts      : HHH000100: Fail-safe cleanup (collections) : org.hibernate.engine.loading.internal.CollectionLoadContext@4791a81<rs=HikariProxyResultSet@1717632832 wrapping rs3873: null>
?[0m?[0;34m2023-03-31 16:06:02.847  WARN 29781 --- [io-8080-exec-10] o.h.e.loading.internal.LoadContexts      : HHH000100: Fail-safe cleanup (collections) : org.hibernate.engine.loading.internal.CollectionLoadContext@1caccdef<rs=HikariProxyResultSet@19784899 wrapping rs3688: null>
?[0m?[0;34m2023-03-31 16:06:02.847  WARN 29781 --- [io-8080-exec-10] o.h.e.loading.internal.LoadContexts      : HHH000100: Fail-safe cleanup (collections) : org.hibernate.engine.loading.internal.CollectionLoadContext@7ffaf7c0<rs=HikariProxyResultSet@139535813 wrapping rs3938: null>
?[0m?[0;34m2023-03-31 16:06:02.847  WARN 29781 --- [io-8080-exec-10] o.h.e.loading.internal.LoadContexts      : HHH000100: Fail-safe cleanup (collections) : org.hibernate.engine.loading.internal.CollectionLoadContext@6d7805f9<rs=HikariProxyResultSet@1690678475 wrapping rs3890: null>
?[0m?[0;34m2023-03-31 16:06:02.847  WARN 29781 --- [io-8080-exec-10] o.h.e.loading.internal.LoadContexts      : HHH000100: Fail-safe cleanup (collections) : org.hibernate.engine.loading.internal.CollectionLoadContext@2119b7c5<rs=HikariProxyResultSet@1190062670 wrapping rs3931: null>
?[0m?[0;34m2023-03-31 16:06:02.847  WARN 29781 --- [io-8080-exec-10] o.h.e.loading.internal.LoadContexts      : HHH000100: Fail-safe cleanup (collections) : org.hibernate.engine.loading.internal.CollectionLoadContext@5ba0d5bc<rs=HikariProxyResultSet@785881807 wrapping rs3468: null>
?[0m?[0;34m2023-03-31 16:06:02.847  WARN 29781 --- [io-8080-exec-10] o.h.e.loading.internal.LoadContexts      : HHH000100: Fail-safe cleanup (collections) : org.hibernate.engine.loading.internal.CollectionLoadContext@734c7dff<rs=HikariProxyResultSet@1165578959 wrapping rs3499: null>
?[0m?[0;34m2023-03-31 16:06:02.847  WARN 29781 --- [io-8080-exec-10] o.h.e.loading.internal.LoadContexts      : HHH000100: Fail-safe cleanup (collections) : org.hibernate.engine.loading.internal.CollectionLoadContext@5eb6e9a2<rs=HikariProxyResultSet@970778577 wrapping rs3742: null>
?[0m?[0;34m2023-03-31 16:06:02.847  WARN 29781 --- [io-8080-exec-10] o.h.e.loading.internal.LoadContexts      : HHH000100: Fail-safe cleanup (collections) : org.hibernate.engine.loading.internal.CollectionLoadContext@327dca2e<rs=HikariProxyResultSet@2612306 wrapping rs3673: null>
?[0m?[0;34m2023-03-31 16:06:02.847  WARN 29781 --- [io-8080-exec-10] o.h.e.loading.internal.LoadContexts      : HHH000100: Fail-safe cleanup (collections) : org.hibernate.engine.loading.internal.CollectionLoadContext@6fade4e8<rs=HikariProxyResultSet@1699390675 wrapping rs3583: null>
?[0m?[0;34m2023-03-31 16:06:02.847  WARN 29781 --- [io-8080-exec-10] o.h.e.loading.internal.LoadContexts      : HHH000100: Fail-safe cleanup (collections) : org.hibernate.engine.loading.internal.CollectionLoadContext@7f1ecf67<rs=HikariProxyResultSet@1883146580 wrapping rs3461: null>
?[0m?[0;34m2023-03-31 16:06:02.847  WARN 29781 --- [io-8080-exec-10] o.h.e.loading.internal.LoadContexts      : HHH000100: Fail-safe cleanup (collections) : org.hibernate.engine.loading.internal.CollectionLoadContext@168cc2df<rs=HikariProxyResultSet@1710877270 wrapping rs3582: null>
?[0m?[0;34m2023-03-31 16:06:02.847  WARN 29781 --- [io-8080-exec-10] o.h.e.loading.internal.LoadContexts      : HHH000100: Fail-safe cleanup (collections) : org.hibernate.engine.loading.internal.CollectionLoadContext@4afc569a<rs=HikariProxyResultSet@1246931671 wrapping rs3841: null>
?[0m?[0;34m2023-03-31 16:06:02.847  WARN 29781 --- [io-8080-exec-10] o.h.e.loading.internal.LoadContexts      : HHH000100: Fail-safe cleanup (collections) : org.hibernate.engine.loading.internal.CollectionLoadContext@4a767189<rs=HikariProxyResultSet@446487771 wrapping rs3825: null>
?[0m?[0;34m2023-03-31 16:06:02.847  WARN 29781 --- [io-8080-exec-10] o.h.e.loading.internal.LoadContexts      : HHH000100: Fail-safe cleanup (collections) : org.hibernate.engine.loading.internal.CollectionLoadContext@439aea57<rs=HikariProxyResultSet@1845475676 wrapping rs3669: null>
?[0m?[0;34m2023-03-31 16:06:02.847  WARN 29781 --- [io-8080-exec-10] o.h.e.loading.internal.LoadContexts      : HHH000100: Fail-safe cleanup (collections) : org.hibernate.engine.loading.internal.CollectionLoadContext@337052c1<rs=HikariProxyResultSet@764250589 wrapping rs3660: null>
?[0m?[0;34m2023-03-31 16:06:02.847  WARN 29781 --- [io-8080-exec-10] o.h.e.loading.internal.LoadContexts      : HHH000100: Fail-safe cleanup (collections) : org.hibernate.engine.loading.internal.CollectionLoadContext@1b908ab3<rs=HikariProxyResultSet@158399328 wrapping rs3630: null>
?[0m?[0;34m2023-03-31 16:06:02.847  WARN 29781 --- [io-8080-exec-10] o.h.e.loading.internal.LoadContexts      : HHH000100: Fail-safe cleanup (collections) : org.hibernate.engine.loading.internal.CollectionLoadContext@62934a71<rs=HikariProxyResultSet@108430692 wrapping rs3655: null>
?[0m?[0;34m2023-03-31 16:06:02.847  WARN 29781 --- [io-8080-exec-10] o.h.e.loading.internal.LoadContexts      : HHH000100: Fail-safe cleanup (collections) : org.hibernate.engine.loading.internal.CollectionLoadContext@764fcc26<rs=HikariProxyResultSet@1456847333 wrapping rs3694: null>
?[0m?[0;34m2023-03-31 16:06:02.847  WARN 29781 --- [io-8080-exec-10] o.h.e.loading.internal.LoadContexts      : HHH000100: Fail-safe cleanup (collections) : org.hibernate.engine.loading.internal.CollectionLoadContext@47986e74<rs=HikariProxyResultSet@739846629 wrapping rs3741: null>
?[0m?[0;34m2023-03-31 16:06:02.847  WARN 29781 --- [io-8080-exec-10] o.h.e.loading.internal.LoadContexts      : HHH000100: Fail-safe cleanup (collections) : org.hibernate.engine.loading.internal.CollectionLoadContext@58c2a126<rs=HikariProxyResultSet@1066272487 wrapping rs3761: null>
?[0m?[0;34m2023-03-31 16:06:02.847  WARN 29781 --- [io-8080-exec-10] o.h.e.loading.internal.LoadContexts      : HHH000100: Fail-safe cleanup (collections) : org.hibernate.engine.loading.internal.CollectionLoadContext@207aa88d<rs=HikariProxyResultSet@1976430698 wrapping rs3772: null>
?[0m?[0;34m2023-03-31 16:06:02.847  WARN 29781 --- [io-8080-exec-10] o.h.e.loading.internal.LoadContexts      : HHH000100: Fail-safe cleanup (collections) : org.hibernate.engine.loading.internal.CollectionLoadContext@28dc7e58<rs=HikariProxyResultSet@1742776555 wrapping rs3475: null>
?[0m?[0;34m2023-03-31 16:06:02.847  WARN 29781 --- [io-8080-exec-10] o.h.e.loading.internal.LoadContexts      : HHH000100: Fail-safe cleanup (collections) : org.hibernate.engine.loading.internal.CollectionLoadContext@2c334ef9<rs=HikariProxyResultSet@332732651 wrapping rs3634: null>
?[0m?[0;34m2023-03-31 16:06:02.847  WARN 29781 --- [io-8080-exec-10] o.h.e.loading.internal.LoadContexts      : HHH000100: Fail-safe cleanup (collections) : org.hibernate.engine.loading.internal.CollectionLoadContext@61b501c8<rs=HikariProxyResultSet@438131947 wrapping rs3801: null>
?[0m?[0;34m2023-03-31 16:06:02.847  WARN 29781 --- [io-8080-exec-10] o.h.e.loading.internal.LoadContexts      : HHH000100: Fail-safe cleanup (collections) : org.hibernate.engine.loading.internal.CollectionLoadContext@147ee3b3<rs=HikariProxyResultSet@2125219317 wrapping rs3679: null>
?[0m?[0;34m2023-03-31 16:06:02.847  WARN 29781 --- [io-8080-exec-10] o.h.e.loading.internal.LoadContexts      : HHH000100: Fail-safe cleanup (collections) : org.hibernate.engine.loading.internal.CollectionLoadContext@5f1b71da<rs=HikariProxyResultSet@711763703 wrapping rs3572: null>
?[0m?[0;34m2023-03-31 16:06:02.847  WARN 29781 --- [io-8080-exec-10] o.h.e.loading.internal.LoadContexts      : HHH000100: Fail-safe cleanup (collections) : org.hibernate.engine.loading.internal.CollectionLoadContext@6969b846<rs=HikariProxyResultSet@128398458 wrapping rs3665: null>
?[0m?[0;34m2023-03-31 16:06:02.847  WARN 29781 --- [io-8080-exec-10] o.h.e.loading.internal.LoadContexts      : HHH000100: Fail-safe cleanup (collections) : org.hibernate.engine.loading.internal.CollectionLoadContext@209b4fe2<rs=HikariProxyResultSet@2111285370 wrapping rs3962: null>
?[0m?[0;34m2023-03-31 16:06:02.847  WARN 29781 --- [io-8080-exec-10] o.h.e.loading.internal.LoadContexts      : HHH000100: Fail-safe cleanup (collections) : org.hibernate.engine.loading.internal.CollectionLoadContext@431b5339<rs=HikariProxyResultSet@390941439 wrapping rs3576: null>
?[0m?[0;34m2023-03-31 16:06:02.847  WARN 29781 --- [io-8080-exec-10] o.h.e.loading.internal.LoadContexts      : HHH000100: Fail-safe cleanup (collections) : org.hibernate.engine.loading.internal.CollectionLoadContext@470a7f21<rs=HikariProxyResultSet@1760570111 wrapping rs3790: null>
?[0m?[0;34m2023-03-31 16:06:02.847  WARN 29781 --- [io-8080-exec-10] o.h.e.loading.internal.LoadContexts      : HHH000100: Fail-safe cleanup (collections) : org.hibernate.engine.loading.internal.CollectionLoadContext@6385540e<rs=HikariProxyResultSet@1139419008 wrapping rs3792: null>
?[0m?[0;34m2023-03-31 16:06:02.847  WARN 29781 --- [io-8080-exec-10] o.h.e.loading.internal.LoadContexts      : HHH000100: Fail-safe cleanup (collections) : org.hibernate.engine.loading.internal.CollectionLoadContext@199be3c3<rs=HikariProxyResultSet@2029846787 wrapping rs3969: null>
?[0m?[0;34m2023-03-31 16:06:02.847  WARN 29781 --- [io-8080-exec-10] o.h.e.loading.internal.LoadContexts      : HHH000100: Fail-safe cleanup (collections) : org.hibernate.engine.loading.internal.CollectionLoadContext@e952<rs=HikariProxyResultSet@2007472903 wrapping rs3724: null>
?[0m?[0;34m2023-03-31 16:06:02.847  WARN 29781 --- [io-8080-exec-10] o.h.e.loading.internal.LoadContexts      : HHH000100: Fail-safe cleanup (collections) : org.hibernate.engine.loading.internal.CollectionLoadContext@14e77d04<rs=HikariProxyResultSet@246813455 wrapping rs3462: null>
?[0m?[0;34m2023-03-31 16:06:02.847  WARN 29781 --- [io-8080-exec-10] o.h.e.loading.internal.LoadContexts      : HHH000100: Fail-safe cleanup (collections) : org.hibernate.engine.loading.internal.CollectionLoadContext@5d8b6eb2<rs=HikariProxyResultSet@1118994578 wrapping rs3557: null>
?[0m?[0;34m2023-03-31 16:06:02.847  WARN 29781 --- [io-8080-exec-10] o.h.e.loading.internal.LoadContexts      : HHH000100: Fail-safe cleanup (collections) : org.hibernate.engine.loading.internal.CollectionLoadContext@1b480b3b<rs=HikariProxyResultSet@1740759315 wrapping rs3725: null>
?[0m?[0;34m2023-03-31 16:06:02.847  WARN 29781 --- [io-8080-exec-10] o.h.e.loading.internal.LoadContexts      : HHH000100: Fail-safe cleanup (collections) : org.hibernate.engine.loading.internal.CollectionLoadContext@1c852b79<rs=HikariProxyResultSet@1526377618 wrapping rs3754: null>
?[0m?[0;34m2023-03-31 16:06:02.847  WARN 29781 --- [io-8080-exec-10] o.h.e.loading.internal.LoadContexts      : HHH000100: Fail-safe cleanup (collections) : org.hibernate.engine.loading.internal.CollectionLoadContext@33257ab0<rs=HikariProxyResultSet@705120789 wrapping rs3619: null>
?[0m?[0;34m2023-03-31 16:06:02.847  WARN 29781 --- [io-8080-exec-10] o.h.e.loading.internal.LoadContexts      : HHH000100: Fail-safe cleanup (collections) : org.hibernate.engine.loading.internal.CollectionLoadContext@355d6c98<rs=HikariProxyResultSet@1414260374 wrapping rs3864: null>
?[0m?[0;34m2023-03-31 16:06:02.847  WARN 29781 --- [io-8080-exec-10] o.h.e.loading.internal.LoadContexts      : HHH000100: Fail-safe cleanup (collections) : org.hibernate.engine.loading.internal.CollectionLoadContext@6e97a8db<rs=HikariProxyResultSet@2064555033 wrapping rs3735: null>
?[0m?[0;34m2023-03-31 16:06:02.847  WARN 29781 --- [io-8080-exec-10] o.h.e.loading.internal.LoadContexts      : HHH000100: Fail-safe cleanup (collections) : org.hibernate.engine.loading.internal.CollectionLoadContext@5b7c8893<rs=HikariProxyResultSet@1615519898 wrapping rs3513: null>
?[0m?[0;34m2023-03-31 16:06:02.847  WARN 29781 --- [io-8080-exec-10] o.h.e.loading.internal.LoadContexts      : HHH000100: Fail-safe cleanup (collections) : org.hibernate.engine.loading.internal.CollectionLoadContext@431499b6<rs=HikariProxyResultSet@1918766492 wrapping rs3431: null>
?[0m?[0;34m2023-03-31 16:06:02.847  WARN 29781 --- [io-8080-exec-10] o.h.e.loading.internal.LoadContexts      : HHH000100: Fail-safe cleanup (collections) : org.hibernate.engine.loading.internal.CollectionLoadContext@1df304e0<rs=HikariProxyResultSet@652078621 wrapping rs3796: null>
?[0m?[0;34m2023-03-31 16:06:02.847  WARN 29781 --- [io-8080-exec-10] o.h.e.loading.internal.LoadContexts      : HHH000100: Fail-safe cleanup (collections) : org.hibernate.engine.loading.internal.CollectionLoadContext@4e71b6f5<rs=HikariProxyResultSet@2085035549 wrapping rs3835: null>
?[0m?[0;34m2023-03-31 16:06:02.847  WARN 29781 --- [io-8080-exec-10] o.h.e.loading.internal.LoadContexts      : HHH000100: Fail-safe cleanup (collections) : org.hibernate.engine.loading.internal.CollectionLoadContext@717687b8<rs=HikariProxyResultSet@773106463 wrapping rs3776: null>
?[0m?[0;34m2023-03-31 16:06:02.847  WARN 29781 --- [io-8080-exec-10] o.h.e.loading.internal.LoadContexts      : HHH000100: Fail-safe cleanup (collections) : org.hibernate.engine.loading.internal.CollectionLoadContext@16486909<rs=HikariProxyResultSet@1666653346 wrapping rs3626: null>
?[0m?[0;34m2023-03-31 16:06:02.847  WARN 29781 --- [io-8080-exec-10] o.h.e.loading.internal.LoadContexts      : HHH000100: Fail-safe cleanup (collections) : org.hibernate.engine.loading.internal.CollectionLoadContext@1399bb24<rs=HikariProxyResultSet@386103587 wrapping rs3827: null>
?[0m?[0;34m2023-03-31 16:06:02.847  WARN 29781 --- [io-8080-exec-10] o.h.e.loading.internal.LoadContexts      : HHH000100: Fail-safe cleanup (collections) : org.hibernate.engine.loading.internal.CollectionLoadContext@501c61bc<rs=HikariProxyResultSet@274272547 wrapping rs3940: null>
?[0m?[0;34m2023-03-31 16:06:02.847  WARN 29781 --- [io-8080-exec-10] o.h.e.loading.internal.LoadContexts      : HHH000100: Fail-safe cleanup (collections) : org.hibernate.engine.loading.internal.CollectionLoadContext@15126740<rs=HikariProxyResultSet@1780016298 wrapping rs3482: null>
?[0m?[0;34m2023-03-31 16:06:02.847  WARN 29781 --- [io-8080-exec-10] o.h.e.loading.internal.LoadContexts      : HHH000100: Fail-safe cleanup (collections) : org.hibernate.engine.loading.internal.CollectionLoadContext@404744ca<rs=HikariProxyResultSet@433877420 wrapping rs3904: null>
?[0m?[0;34m2023-03-31 16:06:02.847  WARN 29781 --- [io-8080-exec-10] o.h.e.loading.internal.LoadContexts      : HHH000100: Fail-safe cleanup (collections) : org.hibernate.engine.loading.internal.CollectionLoadContext@1ed9977d<rs=HikariProxyResultSet@38223671 wrapping rs3490: null>
?[0m?[0;34m2023-03-31 16:06:02.847  WARN 29781 --- [io-8080-exec-10] o.h.e.loading.internal.LoadContexts      : HHH000100: Fail-safe cleanup (collections) : org.hibernate.engine.loading.internal.CollectionLoadContext@2d7b149b<rs=HikariProxyResultSet@1861855031 wrapping rs3712: null>
?[0m?[0;34m2023-03-31 16:06:02.847  WARN 29781 --- [io-8080-exec-10] o.h.e.loading.internal.LoadContexts      : HHH000100: Fail-safe cleanup (collections) : org.hibernate.engine.loading.internal.CollectionLoadContext@2bd55e13<rs=HikariProxyResultSet@605716537 wrapping rs3763: null>
?[0m?[0;34m2023-03-31 16:06:02.847  WARN 29781 --- [io-8080-exec-10] o.h.e.loading.internal.LoadContexts      : HHH000100: Fail-safe cleanup (collections) : org.hibernate.engine.loading.internal.CollectionLoadContext@51ce3eb7<rs=HikariProxyResultSet@289218238 wrapping rs3689: null>
?[0m?[0;34m2023-03-31 16:06:02.848  WARN 29781 --- [io-8080-exec-10] o.h.e.loading.internal.LoadContexts      : HHH000100: Fail-safe cleanup (collections) : org.hibernate.engine.loading.internal.CollectionLoadContext@3fe398c<rs=HikariProxyResultSet@1400098881 wrapping rs3934: null>
?[0m?[0;34m2023-03-31 16:06:02.848  WARN 29781 --- [io-8080-exec-10] o.h.e.loading.internal.LoadContexts      : HHH000100: Fail-safe cleanup (collections) : org.hibernate.engine.loading.internal.CollectionLoadContext@76d43aa4<rs=HikariProxyResultSet@643317954 wrapping rs3532: null>
?[0m?[0;34m2023-03-31 16:06:02.848  WARN 29781 --- [io-8080-exec-10] o.h.e.loading.internal.LoadContexts      : HHH000100: Fail-safe cleanup (collections) : org.hibernate.engine.loading.internal.CollectionLoadContext@77f0d7ab<rs=HikariProxyResultSet@147957446 wrapping rs3560: null>
?[0m?[0;34m2023-03-31 16:06:02.848  WARN 29781 --- [io-8080-exec-10] o.h.e.loading.internal.LoadContexts      : HHH000100: Fail-safe cleanup (collections) : org.hibernate.engine.loading.internal.CollectionLoadContext@576b6464<rs=HikariProxyResultSet@1628206024 wrapping rs3436: null>
?[0m?[0;34m2023-03-31 16:06:02.848  WARN 29781 --- [io-8080-exec-10] o.h.e.loading.internal.LoadContexts      : HHH000100: Fail-safe cleanup (collections) : org.hibernate.engine.loading.internal.CollectionLoadContext@252b155c<rs=HikariProxyResultSet@1111097546 wrapping rs3646: null>
?[0m?[0;34m2023-03-31 16:06:02.848  WARN 29781 --- [io-8080-exec-10] o.h.e.loading.internal.LoadContexts      : HHH000100: Fail-safe cleanup (collections) : org.hibernate.engine.loading.internal.CollectionLoadContext@72fd1a47<rs=HikariProxyResultSet@311148238 wrapping rs3610: null>
?[0m?[0;34m2023-03-31 16:06:02.848  WARN 29781 --- [io-8080-exec-10] o.h.e.loading.internal.LoadContexts      : HHH000100: Fail-safe cleanup (collections) : org.hibernate.engine.loading.internal.CollectionLoadContext@341d63c<rs=HikariProxyResultSet@142082895 wrapping rs3750: null>
?[0m?[0;34m2023-03-31 16:06:02.848  WARN 29781 --- [io-8080-exec-10] o.h.e.loading.internal.LoadContexts      : HHH000100: Fail-safe cleanup (collections) : org.hibernate.engine.loading.internal.CollectionLoadContext@f85ca74<rs=HikariProxyResultSet@234190800 wrapping rs3879: null>
?[0m?[0;34m2023-03-31 16:06:02.848  WARN 29781 --- [io-8080-exec-10] o.h.e.loading.internal.LoadContexts      : HHH000100: Fail-safe cleanup (collections) : org.hibernate.engine.loading.internal.CollectionLoadContext@72f9bf2d<rs=HikariProxyResultSet@824048721 wrapping rs3540: null>
?[0m?[0;34m2023-03-31 16:06:02.848  WARN 29781 --- [io-8080-exec-10] o.h.e.loading.internal.LoadContexts      : HHH000100: Fail-safe cleanup (collections) : org.hibernate.engine.loading.internal.CollectionLoadContext@684cac17<rs=HikariProxyResultSet@30853459 wrapping rs3851: null>
?[0m?[0;34m2023-03-31 16:06:02.848  WARN 29781 --- [io-8080-exec-10] o.h.e.loading.internal.LoadContexts      : HHH000100: Fail-safe cleanup (collections) : org.hibernate.engine.loading.internal.CollectionLoadContext@65316714<rs=HikariProxyResultSet@1807792596 wrapping rs3900: null>
?[0m?[0;34m2023-03-31 16:06:02.848  WARN 29781 --- [io-8080-exec-10] o.h.e.loading.internal.LoadContexts      : HHH000100: Fail-safe cleanup (collections) : org.hibernate.engine.loading.internal.CollectionLoadContext@44c6c7ac<rs=HikariProxyResultSet@357617366 wrapping rs3720: null>
?[0m?[0;34m2023-03-31 16:06:02.848  WARN 29781 --- [io-8080-exec-10] o.h.e.loading.internal.LoadContexts      : HHH000100: Fail-safe cleanup (collections) : org.hibernate.engine.loading.internal.CollectionLoadContext@7bf908ce<rs=HikariProxyResultSet@206748503 wrapping rs3441: null>
?[0m?[0;34m2023-03-31 16:06:02.848  WARN 29781 --- [io-8080-exec-10] o.h.e.loading.internal.LoadContexts      : HHH000100: Fail-safe cleanup (collections) : org.hibernate.engine.loading.internal.CollectionLoadContext@76d82fb2<rs=HikariProxyResultSet@741622744 wrapping rs3874: null>
?[0m?[0;34m2023-03-31 16:06:02.848  WARN 29781 --- [io-8080-exec-10] o.h.e.loading.internal.LoadContexts      : HHH000100: Fail-safe cleanup (collections) : org.hibernate.engine.loading.internal.CollectionLoadContext@18bfffba<rs=HikariProxyResultSet@888376022 wrapping rs3907: null>
?[0m?[0;34m2023-03-31 16:06:02.848  WARN 29781 --- [io-8080-exec-10] o.h.e.loading.internal.LoadContexts      : HHH000100: Fail-safe cleanup (collections) : org.hibernate.engine.loading.internal.CollectionLoadContext@6ab6b0a6<rs=HikariProxyResultSet@1076625755 wrapping rs3823: null>
?[0m?[0;34m2023-03-31 16:06:02.848  WARN 29781 --- [io-8080-exec-10] o.h.e.loading.internal.LoadContexts      : HHH000100: Fail-safe cleanup (collections) : org.hibernate.engine.loading.internal.CollectionLoadContext@593a7a46<rs=HikariProxyResultSet@1664151133 wrapping rs3538: null>
?[0m?[0;34m2023-03-31 16:06:02.848  WARN 29781 --- [io-8080-exec-10] o.h.e.loading.internal.LoadContexts      : HHH000100: Fail-safe cleanup (collections) : org.hibernate.engine.loading.internal.CollectionLoadContext@6ea86b6c<rs=HikariProxyResultSet@342975069 wrapping rs3908: null>
?[0m?[0;34m2023-03-31 16:06:02.848  WARN 29781 --- [io-8080-exec-10] o.h.e.loading.internal.LoadContexts      : HHH000100: Fail-safe cleanup (collections) : org.hibernate.engine.loading.internal.CollectionLoadContext@98d0b2c<rs=HikariProxyResultSet@212390880 wrapping rs3683: null>
?[0m?[0;34m2023-03-31 16:06:02.848  WARN 29781 --- [io-8080-exec-10] o.h.e.loading.internal.LoadContexts      : HHH000100: Fail-safe cleanup (collections) : org.hibernate.engine.loading.internal.CollectionLoadContext@5661b93b<rs=HikariProxyResultSet@1680046177 wrapping rs3944: null>
?[0m?[0;34m2023-03-31 16:06:02.848  WARN 29781 --- [io-8080-exec-10] o.h.e.loading.internal.LoadContexts      : HHH000100: Fail-safe cleanup (collections) : org.hibernate.engine.loading.internal.CollectionLoadContext@5c0301fb<rs=HikariProxyResultSet@1637448672 wrapping rs3972: null>
?[0m?[0;34m2023-03-31 16:06:02.848  WARN 29781 --- [io-8080-exec-10] o.h.e.loading.internal.LoadContexts      : HHH000100: Fail-safe cleanup (collections) : org.hibernate.engine.loading.internal.CollectionLoadContext@71ddf21c<rs=HikariProxyResultSet@1290272099 wrapping rs3618: null>
?[0m?[0;34m2023-03-31 16:06:02.848  WARN 29781 --- [io-8080-exec-10] o.h.e.loading.internal.LoadContexts      : HHH000100: Fail-safe cleanup (collections) : org.hibernate.engine.loading.internal.CollectionLoadContext@10684360<rs=HikariProxyResultSet@1598686563 wrapping rs3909: null>
?[0m?[0;34m2023-03-31 16:06:02.848  WARN 29781 --- [io-8080-exec-10] o.h.e.loading.internal.LoadContexts      : HHH000100: Fail-safe cleanup (collections) : org.hibernate.engine.loading.internal.CollectionLoadContext@4b1b8837<rs=HikariProxyResultSet@13411046 wrapping rs3495: null>
?[0m?[0;34m2023-03-31 16:06:02.848  WARN 29781 --- [io-8080-exec-10] o.h.e.loading.internal.LoadContexts      : HHH000100: Fail-safe cleanup (collections) : org.hibernate.engine.loading.internal.CollectionLoadContext@f534476<rs=HikariProxyResultSet@2054289255 wrapping rs3960: null>
?[0m?[0;34m2023-03-31 16:06:02.848  WARN 29781 --- [io-8080-exec-10] o.h.e.loading.internal.LoadContexts      : HHH000100: Fail-safe cleanup (collections) : org.hibernate.engine.loading.internal.CollectionLoadContext@11800a92<rs=HikariProxyResultSet@378073064 wrapping rs3530: null>
?[0m?[0;34m2023-03-31 16:06:02.848  WARN 29781 --- [io-8080-exec-10] o.h.e.loading.internal.LoadContexts      : HHH000100: Fail-safe cleanup (collections) : org.hibernate.engine.loading.internal.CollectionLoadContext@43a13881<rs=HikariProxyResultSet@95370603 wrapping rs3645: null>
?[0m?[0;34m2023-03-31 16:06:02.848  WARN 29781 --- [io-8080-exec-10] o.h.e.loading.internal.LoadContexts      : HHH000100: Fail-safe cleanup (collections) : org.hibernate.engine.loading.internal.CollectionLoadContext@54ec5af2<rs=HikariProxyResultSet@855648111 wrapping rs3862: null>
?[0m?[0;34m2023-03-31 16:06:02.848  WARN 29781 --- [io-8080-exec-10] o.h.e.loading.internal.LoadContexts      : HHH000100: Fail-safe cleanup (collections) : org.hibernate.engine.loading.internal.CollectionLoadContext@4189d4ed<rs=HikariProxyResultSet@2023290993 wrapping rs3467: null>
?[0m?[0;34m2023-03-31 16:06:02.848  WARN 29781 --- [io-8080-exec-10] o.h.e.loading.internal.LoadContexts      : HHH000100: Fail-safe cleanup (collections) : org.hibernate.engine.loading.internal.CollectionLoadContext@504c92d4<rs=HikariProxyResultSet@1627688178 wrapping rs3489: null>
?[0m?[0;34m2023-03-31 16:06:02.848  WARN 29781 --- [io-8080-exec-10] o.h.e.loading.internal.LoadContexts      : HHH000100: Fail-safe cleanup (collections) : org.hibernate.engine.loading.internal.CollectionLoadContext@1a63cd6c<rs=HikariProxyResultSet@1388663921 wrapping rs3498: null>
?[0m?[0;34m2023-03-31 16:06:02.848  WARN 29781 --- [io-8080-exec-10] o.h.e.loading.internal.LoadContexts      : HHH000100: Fail-safe cleanup (collections) : org.hibernate.engine.loading.internal.CollectionLoadContext@2c6e3f18<rs=HikariProxyResultSet@1347771892 wrapping rs3951: null>
?[0m?[0;34m2023-03-31 16:06:02.848  WARN 29781 --- [io-8080-exec-10] o.h.e.loading.internal.LoadContexts      : HHH000100: Fail-safe cleanup (collections) : org.hibernate.engine.loading.internal.CollectionLoadContext@234fa8c4<rs=HikariProxyResultSet@1063617141 wrapping rs3861: null>
?[0m?[0;34m2023-03-31 16:06:02.848  WARN 29781 --- [io-8080-exec-10] o.h.e.loading.internal.LoadContexts      : HHH000100: Fail-safe cleanup (collections) : org.hibernate.engine.loading.internal.CollectionLoadContext@17a1444b<rs=HikariProxyResultSet@843516533 wrapping rs3877: null>
?[0m?[0;34m2023-03-31 16:06:02.848  WARN 29781 --- [io-8080-exec-10] o.h.e.loading.internal.LoadContexts      : HHH000100: Fail-safe cleanup (collections) : org.hibernate.engine.loading.internal.CollectionLoadContext@13ade37e<rs=HikariProxyResultSet@1497928567 wrapping rs3628: null>
?[0m?[0;34m2023-03-31 16:06:02.848  WARN 29781 --- [io-8080-exec-10] o.h.e.loading.internal.LoadContexts      : HHH000100: Fail-safe cleanup (collections) : org.hibernate.engine.loading.internal.CollectionLoadContext@4e6688ec<rs=HikariProxyResultSet@1907420918 wrapping rs3911: null>
?[0m?[0;34m2023-03-31 16:06:02.848  WARN 29781 --- [io-8080-exec-10] o.h.e.loading.internal.LoadContexts      : HHH000100: Fail-safe cleanup (collections) : org.hibernate.engine.loading.internal.CollectionLoadContext@1031006c<rs=HikariProxyResultSet@1149300728 wrapping rs3923: null>
?[0m?[0;34m2023-03-31 16:06:02.848  WARN 29781 --- [io-8080-exec-10] o.h.e.loading.internal.LoadContexts      : HHH000100: Fail-safe cleanup (collections) : org.hibernate.engine.loading.internal.CollectionLoadContext@daf9d3d<rs=HikariProxyResultSet@1495928316 wrapping rs3963: null>
?[0m?[0;34m2023-03-31 16:06:02.848  WARN 29781 --- [io-8080-exec-10] o.h.e.loading.internal.LoadContexts      : HHH000100: Fail-safe cleanup (collections) : org.hibernate.engine.loading.internal.CollectionLoadContext@716539e5<rs=HikariProxyResultSet@1798110974 wrapping rs3919: null>
?[0m?[0;34m2023-03-31 16:06:02.848  WARN 29781 --- [io-8080-exec-10] o.h.e.loading.internal.LoadContexts      : HHH000100: Fail-safe cleanup (collections) : org.hibernate.engine.loading.internal.CollectionLoadContext@b3efecd<rs=HikariProxyResultSet@64086911 wrapping rs3798: null>
?[0m?[0;34m2023-03-31 16:06:02.848 DEBUG 29781 --- [io-8080-exec-10] o.s.web.servlet.DispatcherServlet        : Completed 200 OK
?[0m?[0;34m2023-03-31 16:06:02.848 DEBUG 29781 --- [io-8080-exec-10] w.c.HttpSessionSecurityContextRepository : Stored SecurityContextImpl [Authentication=UsernamePasswordAuthenticationToken [Principal=recipes.UserDetailsImpl@8318d1e, Credentials=[PROTECTED], Authenticated=true, Details=WebAuthenticationDetails [RemoteIpAddress=127.0.0.1, SessionId=null], Granted Authorities=[ROLE_USER]]] to HttpSession [org.apache.catalina.session.StandardSessionFacade@5f842e88]
?[0m?[0;34m2023-03-31 16:06:02.848 DEBUG 29781 --- [io-8080-exec-10] s.s.w.c.SecurityContextPersistenceFilter : Cleared SecurityContextHolder to complete request
?[1;31m
Start test 37?[0m
?[0m?[0;34m2023-03-31 16:06:02.859 DEBUG 29781 --- [nio-8080-exec-1] o.s.security.web.FilterChainProxy        : Securing GET /api/recipe/search/?category=should_return_empty_array_1
?[0m?[0;34m2023-03-31 16:06:02.859 DEBUG 29781 --- [nio-8080-exec-1] s.s.w.c.SecurityContextPersistenceFilter : Set SecurityContextHolder to empty SecurityContext
?[0m?[0;34m2023-03-31 16:06:02.859 DEBUG 29781 --- [nio-8080-exec-1] tor$SharedEntityManagerInvocationHandler : Creating new EntityManager for shared EntityManager invocation
?[0m?[0;34m2023-03-31 16:06:02.942 DEBUG 29781 --- [nio-8080-exec-1] o.s.s.a.dao.DaoAuthenticationProvider    : Authenticated user
?[0m?[0;34m2023-03-31 16:06:02.942 DEBUG 29781 --- [nio-8080-exec-1] o.s.s.w.a.www.BasicAuthenticationFilter  : Set SecurityContextHolder to UsernamePasswordAuthenticationToken [Principal=recipes.UserDetailsImpl@54a73355, Credentials=[PROTECTED], Authenticated=true, Details=WebAuthenticationDetails [RemoteIpAddress=127.0.0.1, SessionId=null], Granted Authorities=[ROLE_USER]]
?[0m?[0;34m2023-03-31 16:06:02.942 DEBUG 29781 --- [nio-8080-exec-1] w.c.HttpSessionSecurityContextRepository : Created HttpSession as SecurityContext is non-default
?[0m?[0;34m2023-03-31 16:06:02.943 DEBUG 29781 --- [nio-8080-exec-1] w.c.HttpSessionSecurityContextRepository : Stored SecurityContextImpl [Authentication=UsernamePasswordAuthenticationToken [Principal=recipes.UserDetailsImpl@54a73355, Credentials=[PROTECTED], Authenticated=true, Details=WebAuthenticationDetails [RemoteIpAddress=127.0.0.1, SessionId=null], Granted Authorities=[ROLE_USER]]] to HttpSession [org.apache.catalina.session.StandardSessionFacade@7fd71b1b]
?[0m?[0;34m2023-03-31 16:06:02.943 DEBUG 29781 --- [nio-8080-exec-1] o.s.s.w.a.i.FilterSecurityInterceptor    : Authorized filter invocation [GET /api/recipe/search/?category=should_return_empty_array_1] with attributes [hasRole('ROLE_USER')]
?[0m?[0;34m2023-03-31 16:06:02.943 DEBUG 29781 --- [nio-8080-exec-1] o.s.security.web.FilterChainProxy        : Secured GET /api/recipe/search/?category=should_return_empty_array_1
?[0m?[0;34m2023-03-31 16:06:02.943 DEBUG 29781 --- [nio-8080-exec-1] o.s.web.servlet.DispatcherServlet        : GET "/api/recipe/search/?category=should_return_empty_array_1", parameters={masked}
?[0m?[0;34m2023-03-31 16:06:02.943 DEBUG 29781 --- [nio-8080-exec-1] s.w.s.m.m.a.RequestMappingHandlerMapping : Mapped to recipes.RecipesController#getCategoryListRecipes(String, String)
?[0m?[0;34m2023-03-31 16:06:02.943 DEBUG 29781 --- [nio-8080-exec-1] o.j.s.OpenEntityManagerInViewInterceptor : Opening JPA EntityManager in OpenEntityManagerInViewInterceptor
?[0m?[0;34m2023-03-31 16:06:02.944 DEBUG 29781 --- [nio-8080-exec-1] m.m.a.RequestResponseBodyMethodProcessor : Using 'application/json', given [*/*] and supported [application/json, application/*+json, application/json, application/*+json]
?[0m?[0;34m2023-03-31 16:06:02.945 DEBUG 29781 --- [nio-8080-exec-1] m.m.a.RequestResponseBodyMethodProcessor : Writing [[]]
?[0m?[0;34m2023-03-31 16:06:02.945 DEBUG 29781 --- [nio-8080-exec-1] w.c.HttpSessionSecurityContextRepository : Stored SecurityContextImpl [Authentication=UsernamePasswordAuthenticationToken [Principal=recipes.UserDetailsImpl@54a73355, Credentials=[PROTECTED], Authenticated=true, Details=WebAuthenticationDetails [RemoteIpAddress=127.0.0.1, SessionId=null], Granted Authorities=[ROLE_USER]]] to HttpSession [org.apache.catalina.session.StandardSessionFacade@7fd71b1b]
?[0m?[0;34m2023-03-31 16:06:02.945 DEBUG 29781 --- [nio-8080-exec-1] o.j.s.OpenEntityManagerInViewInterceptor : Closing JPA EntityManager in OpenEntityManagerInViewInterceptor
?[0m?[0;34m2023-03-31 16:06:02.945 DEBUG 29781 --- [nio-8080-exec-1] o.s.web.servlet.DispatcherServlet        : Completed 200 OK
?[0m?[0;34m2023-03-31 16:06:02.945 DEBUG 29781 --- [nio-8080-exec-1] w.c.HttpSessionSecurityContextRepository : Stored SecurityContextImpl [Authentication=UsernamePasswordAuthenticationToken [Principal=recipes.UserDetailsImpl@54a73355, Credentials=[PROTECTED], Authenticated=true, Details=WebAuthenticationDetails [RemoteIpAddress=127.0.0.1, SessionId=null], Granted Authorities=[ROLE_USER]]] to HttpSession [org.apache.catalina.session.StandardSessionFacade@7fd71b1b]
?[0m?[0;34m2023-03-31 16:06:02.945 DEBUG 29781 --- [nio-8080-exec-1] s.s.w.c.SecurityContextPersistenceFilter : Cleared SecurityContextHolder to complete request
?[1;31m
Start test 38?[0m
?[0m?[0;34m2023-03-31 16:06:02.949 DEBUG 29781 --- [nio-8080-exec-2] o.s.security.web.FilterChainProxy        : Securing GET /api/recipe/search/?name=should_return_empty_array_2
?[0m?[0;34m2023-03-31 16:06:02.949 DEBUG 29781 --- [nio-8080-exec-2] s.s.w.c.SecurityContextPersistenceFilter : Set SecurityContextHolder to empty SecurityContext
?[0m?[0;34m2023-03-31 16:06:02.949 DEBUG 29781 --- [nio-8080-exec-2] tor$SharedEntityManagerInvocationHandler : Creating new EntityManager for shared EntityManager invocation
?[0m?[0;34m2023-03-31 16:06:03.030 DEBUG 29781 --- [nio-8080-exec-2] o.s.s.a.dao.DaoAuthenticationProvider    : Authenticated user
?[0m?[0;34m2023-03-31 16:06:03.030 DEBUG 29781 --- [nio-8080-exec-2] o.s.s.w.a.www.BasicAuthenticationFilter  : Set SecurityContextHolder to UsernamePasswordAuthenticationToken [Principal=recipes.UserDetailsImpl@559760de, Credentials=[PROTECTED], Authenticated=true, Details=WebAuthenticationDetails [RemoteIpAddress=127.0.0.1, SessionId=null], Granted Authorities=[ROLE_USER]]
?[0m?[0;34m2023-03-31 16:06:03.030 DEBUG 29781 --- [nio-8080-exec-2] w.c.HttpSessionSecurityContextRepository : Created HttpSession as SecurityContext is non-default
?[0m?[0;34m2023-03-31 16:06:03.030 DEBUG 29781 --- [nio-8080-exec-2] w.c.HttpSessionSecurityContextRepository : Stored SecurityContextImpl [Authentication=UsernamePasswordAuthenticationToken [Principal=recipes.UserDetailsImpl@559760de, Credentials=[PROTECTED], Authenticated=true, Details=WebAuthenticationDetails [RemoteIpAddress=127.0.0.1, SessionId=null], Granted Authorities=[ROLE_USER]]] to HttpSession [org.apache.catalina.session.StandardSessionFacade@1236f7ad]
?[0m?[0;34m2023-03-31 16:06:03.030 DEBUG 29781 --- [nio-8080-exec-2] o.s.s.w.a.i.FilterSecurityInterceptor    : Authorized filter invocation [GET /api/recipe/search/?name=should_return_empty_array_2] with attributes [hasRole('ROLE_USER')]
?[0m?[0;34m2023-03-31 16:06:03.030 DEBUG 29781 --- [nio-8080-exec-2] o.s.security.web.FilterChainProxy        : Secured GET /api/recipe/search/?name=should_return_empty_array_2
?[0m?[0;34m2023-03-31 16:06:03.030 DEBUG 29781 --- [nio-8080-exec-2] o.s.web.servlet.DispatcherServlet        : GET "/api/recipe/search/?name=should_return_empty_array_2", parameters={masked}
?[0m?[0;34m2023-03-31 16:06:03.031 DEBUG 29781 --- [nio-8080-exec-2] s.w.s.m.m.a.RequestMappingHandlerMapping : Mapped to recipes.RecipesController#getCategoryListRecipes(String, String)
?[0m?[0;34m2023-03-31 16:06:03.031 DEBUG 29781 --- [nio-8080-exec-2] o.j.s.OpenEntityManagerInViewInterceptor : Opening JPA EntityManager in OpenEntityManagerInViewInterceptor
?[0m?[0;34m2023-03-31 16:06:03.032 DEBUG 29781 --- [nio-8080-exec-2] m.m.a.RequestResponseBodyMethodProcessor : Using 'application/json', given [*/*] and supported [application/json, application/*+json, application/json, application/*+json]
?[0m?[0;34m2023-03-31 16:06:03.032 DEBUG 29781 --- [nio-8080-exec-2] m.m.a.RequestResponseBodyMethodProcessor : Writing [[]]
?[0m?[0;34m2023-03-31 16:06:03.032 DEBUG 29781 --- [nio-8080-exec-2] w.c.HttpSessionSecurityContextRepository : Stored SecurityContextImpl [Authentication=UsernamePasswordAuthenticationToken [Principal=recipes.UserDetailsImpl@559760de, Credentials=[PROTECTED], Authenticated=true, Details=WebAuthenticationDetails [RemoteIpAddress=127.0.0.1, SessionId=null], Granted Authorities=[ROLE_USER]]] to HttpSession [org.apache.catalina.session.StandardSessionFacade@1236f7ad]
?[0m?[0;34m2023-03-31 16:06:03.032 DEBUG 29781 --- [nio-8080-exec-2] o.j.s.OpenEntityManagerInViewInterceptor : Closing JPA EntityManager in OpenEntityManagerInViewInterceptor
?[0m?[0;34m2023-03-31 16:06:03.032 DEBUG 29781 --- [nio-8080-exec-2] o.s.web.servlet.DispatcherServlet        : Completed 200 OK
?[0m?[0;34m2023-03-31 16:06:03.032 DEBUG 29781 --- [nio-8080-exec-2] w.c.HttpSessionSecurityContextRepository : Stored SecurityContextImpl [Authentication=UsernamePasswordAuthenticationToken [Principal=recipes.UserDetailsImpl@559760de, Credentials=[PROTECTED], Authenticated=true, Details=WebAuthenticationDetails [RemoteIpAddress=127.0.0.1, SessionId=null], Granted Authorities=[ROLE_USER]]] to HttpSession [org.apache.catalina.session.StandardSessionFacade@1236f7ad]
?[0m?[0;34m2023-03-31 16:06:03.032 DEBUG 29781 --- [nio-8080-exec-2] s.s.w.c.SecurityContextPersistenceFilter : Cleared SecurityContextHolder to complete request
?[1;31m
Start test 39?[0m
?[0m?[0;34m2023-03-31 16:06:03.036 DEBUG 29781 --- [nio-8080-exec-3] o.s.security.web.FilterChainProxy        : Securing GET /api/recipe/search/
?[0m?[0;34m2023-03-31 16:06:03.036 DEBUG 29781 --- [nio-8080-exec-3] s.s.w.c.SecurityContextPersistenceFilter : Set SecurityContextHolder to empty SecurityContext
?[0m?[0;34m2023-03-31 16:06:03.036 DEBUG 29781 --- [nio-8080-exec-3] tor$SharedEntityManagerInvocationHandler : Creating new EntityManager for shared EntityManager invocation
?[0m?[0;34m2023-03-31 16:06:03.118 DEBUG 29781 --- [nio-8080-exec-3] o.s.s.a.dao.DaoAuthenticationProvider    : Authenticated user
?[0m?[0;34m2023-03-31 16:06:03.119 DEBUG 29781 --- [nio-8080-exec-3] o.s.s.w.a.www.BasicAuthenticationFilter  : Set SecurityContextHolder to UsernamePasswordAuthenticationToken [Principal=recipes.UserDetailsImpl@223caacc, Credentials=[PROTECTED], Authenticated=true, Details=WebAuthenticationDetails [RemoteIpAddress=127.0.0.1, SessionId=null], Granted Authorities=[ROLE_USER]]
?[0m?[0;34m2023-03-31 16:06:03.119 DEBUG 29781 --- [nio-8080-exec-3] w.c.HttpSessionSecurityContextRepository : Created HttpSession as SecurityContext is non-default
?[0m?[0;34m2023-03-31 16:06:03.119 DEBUG 29781 --- [nio-8080-exec-3] w.c.HttpSessionSecurityContextRepository : Stored SecurityContextImpl [Authentication=UsernamePasswordAuthenticationToken [Principal=recipes.UserDetailsImpl@223caacc, Credentials=[PROTECTED], Authenticated=true, Details=WebAuthenticationDetails [RemoteIpAddress=127.0.0.1, SessionId=null], Granted Authorities=[ROLE_USER]]] to HttpSession [org.apache.catalina.session.StandardSessionFacade@24fa9479]
?[0m?[0;34m2023-03-31 16:06:03.119 DEBUG 29781 --- [nio-8080-exec-3] o.s.s.w.a.i.FilterSecurityInterceptor    : Authorized filter invocation [GET /api/recipe/search/] with attributes [hasRole('ROLE_USER')]
?[0m?[0;34m2023-03-31 16:06:03.119 DEBUG 29781 --- [nio-8080-exec-3] o.s.security.web.FilterChainProxy        : Secured GET /api/recipe/search/
?[0m?[0;34m2023-03-31 16:06:03.119 DEBUG 29781 --- [nio-8080-exec-3] o.s.web.servlet.DispatcherServlet        : GET "/api/recipe/search/", parameters={}
?[0m?[0;34m2023-03-31 16:06:03.119 DEBUG 29781 --- [nio-8080-exec-3] s.w.s.m.m.a.RequestMappingHandlerMapping : Mapped to recipes.RecipesController#getCategoryListRecipes(String, String)
?[0m?[0;34m2023-03-31 16:06:03.119 DEBUG 29781 --- [nio-8080-exec-3] o.j.s.OpenEntityManagerInViewInterceptor : Opening JPA EntityManager in OpenEntityManagerInViewInterceptor
?[0m?[0;34m2023-03-31 16:06:03.120 DEBUG 29781 --- [nio-8080-exec-3] w.c.HttpSessionSecurityContextRepository : Stored SecurityContextImpl [Authentication=UsernamePasswordAuthenticationToken [Principal=recipes.UserDetailsImpl@223caacc, Credentials=[PROTECTED], Authenticated=true, Details=WebAuthenticationDetails [RemoteIpAddress=127.0.0.1, SessionId=null], Granted Authorities=[ROLE_USER]]] to HttpSession [org.apache.catalina.session.StandardSessionFacade@24fa9479]
?[0m?[0;34m2023-03-31 16:06:03.120 DEBUG 29781 --- [nio-8080-exec-3] .w.s.m.a.ResponseStatusExceptionResolver : Resolved [org.springframework.web.server.ResponseStatusException: 400 BAD_REQUEST]
?[0m?[0;34m2023-03-31 16:06:03.120 DEBUG 29781 --- [nio-8080-exec-3] o.j.s.OpenEntityManagerInViewInterceptor : Closing JPA EntityManager in OpenEntityManagerInViewInterceptor
?[0m?[0;34m2023-03-31 16:06:03.120 DEBUG 29781 --- [nio-8080-exec-3] o.s.web.servlet.DispatcherServlet        : Completed 400 BAD_REQUEST
?[0m?[0;34m2023-03-31 16:06:03.120 DEBUG 29781 --- [nio-8080-exec-3] w.c.HttpSessionSecurityContextRepository : Stored SecurityContextImpl [Authentication=UsernamePasswordAuthenticationToken [Principal=recipes.UserDetailsImpl@223caacc, Credentials=[PROTECTED], Authenticated=true, Details=WebAuthenticationDetails [RemoteIpAddress=127.0.0.1, SessionId=null], Granted Authorities=[ROLE_USER]]] to HttpSession [org.apache.catalina.session.StandardSessionFacade@24fa9479]
?[0m?[0;34m2023-03-31 16:06:03.120 DEBUG 29781 --- [nio-8080-exec-3] s.s.w.c.SecurityContextPersistenceFilter : Cleared SecurityContextHolder to complete request
?[0m?[0;34m2023-03-31 16:06:03.120 DEBUG 29781 --- [nio-8080-exec-3] o.s.security.web.FilterChainProxy        : Securing GET /error
?[0m?[0;34m2023-03-31 16:06:03.120 DEBUG 29781 --- [nio-8080-exec-3] w.c.HttpSessionSecurityContextRepository : Retrieved SecurityContextImpl [Authentication=UsernamePasswordAuthenticationToken [Principal=recipes.UserDetailsImpl@223caacc, Credentials=[PROTECTED], Authenticated=true, Details=WebAuthenticationDetails [RemoteIpAddress=127.0.0.1, SessionId=null], Granted Authorities=[ROLE_USER]]]
?[0m?[0;34m2023-03-31 16:06:03.120 DEBUG 29781 --- [nio-8080-exec-3] s.s.w.c.SecurityContextPersistenceFilter : Set SecurityContextHolder to SecurityContextImpl [Authentication=UsernamePasswordAuthenticationToken [Principal=recipes.UserDetailsImpl@223caacc, Credentials=[PROTECTED], Authenticated=true, Details=WebAuthenticationDetails [RemoteIpAddress=127.0.0.1, SessionId=null], Granted Authorities=[ROLE_USER]]]
?[0m?[0;34m2023-03-31 16:06:03.120 DEBUG 29781 --- [nio-8080-exec-3] o.s.security.web.FilterChainProxy        : Secured GET /error
?[0m?[0;34m2023-03-31 16:06:03.121 DEBUG 29781 --- [nio-8080-exec-3] o.s.web.servlet.DispatcherServlet        : "ERROR" dispatch for GET "/error", parameters={}
?[0m?[0;34m2023-03-31 16:06:03.121 DEBUG 29781 --- [nio-8080-exec-3] s.w.s.m.m.a.RequestMappingHandlerMapping : Mapped to org.springframework.boot.autoconfigure.web.servlet.error.BasicErrorController#error(HttpServletRequest)
?[0m?[0;34m2023-03-31 16:06:03.121 DEBUG 29781 --- [nio-8080-exec-3] o.j.s.OpenEntityManagerInViewInterceptor : Opening JPA EntityManager in OpenEntityManagerInViewInterceptor
?[0m?[0;34m2023-03-31 16:06:03.121 DEBUG 29781 --- [nio-8080-exec-3] o.s.w.s.m.m.a.HttpEntityMethodProcessor  : Using 'application/json', given [*/*] and supported [application/json, application/*+json, application/json, application/*+json]
?[0m?[0;34m2023-03-31 16:06:03.121 DEBUG 29781 --- [nio-8080-exec-3] o.s.w.s.m.m.a.HttpEntityMethodProcessor  : Writing [{timestamp=Fri Mar 31 16:06:03 EEST 2023, status=400, error=Bad Request, path=/api/recipe/search/}]
?[0m?[0;34m2023-03-31 16:06:03.122 DEBUG 29781 --- [nio-8080-exec-3] o.j.s.OpenEntityManagerInViewInterceptor : Closing JPA EntityManager in OpenEntityManagerInViewInterceptor
?[0m?[0;34m2023-03-31 16:06:03.122 DEBUG 29781 --- [nio-8080-exec-3] o.s.web.servlet.DispatcherServlet        : Exiting from "ERROR" dispatch, status 400
?[0m?[0;34m2023-03-31 16:06:03.122 DEBUG 29781 --- [nio-8080-exec-3] s.s.w.c.SecurityContextPersistenceFilter : Cleared SecurityContextHolder to complete request
?[1;31m
Start test 40?[0m
?[0m?[0;34m2023-03-31 16:06:03.125 DEBUG 29781 --- [nio-8080-exec-5] o.s.security.web.FilterChainProxy        : Securing GET /api/recipe/search/?key0=value0
?[0m?[0;34m2023-03-31 16:06:03.125 DEBUG 29781 --- [nio-8080-exec-5] s.s.w.c.SecurityContextPersistenceFilter : Set SecurityContextHolder to empty SecurityContext
?[0m?[0;34m2023-03-31 16:06:03.125 DEBUG 29781 --- [nio-8080-exec-5] tor$SharedEntityManagerInvocationHandler : Creating new EntityManager for shared EntityManager invocation
?[0m?[0;34m2023-03-31 16:06:03.207 DEBUG 29781 --- [nio-8080-exec-5] o.s.s.a.dao.DaoAuthenticationProvider    : Authenticated user
?[0m?[0;34m2023-03-31 16:06:03.207 DEBUG 29781 --- [nio-8080-exec-5] o.s.s.w.a.www.BasicAuthenticationFilter  : Set SecurityContextHolder to UsernamePasswordAuthenticationToken [Principal=recipes.UserDetailsImpl@476bdcb7, Credentials=[PROTECTED], Authenticated=true, Details=WebAuthenticationDetails [RemoteIpAddress=127.0.0.1, SessionId=null], Granted Authorities=[ROLE_USER]]
?[0m?[0;34m2023-03-31 16:06:03.207 DEBUG 29781 --- [nio-8080-exec-5] w.c.HttpSessionSecurityContextRepository : Created HttpSession as SecurityContext is non-default
?[0m?[0;34m2023-03-31 16:06:03.207 DEBUG 29781 --- [nio-8080-exec-5] w.c.HttpSessionSecurityContextRepository : Stored SecurityContextImpl [Authentication=UsernamePasswordAuthenticationToken [Principal=recipes.UserDetailsImpl@476bdcb7, Credentials=[PROTECTED], Authenticated=true, Details=WebAuthenticationDetails [RemoteIpAddress=127.0.0.1, SessionId=null], Granted Authorities=[ROLE_USER]]] to HttpSession [org.apache.catalina.session.StandardSessionFacade@5be47816]
?[0m?[0;34m2023-03-31 16:06:03.207 DEBUG 29781 --- [nio-8080-exec-5] o.s.s.w.a.i.FilterSecurityInterceptor    : Authorized filter invocation [GET /api/recipe/search/?key0=value0] with attributes [hasRole('ROLE_USER')]
?[0m?[0;34m2023-03-31 16:06:03.207 DEBUG 29781 --- [nio-8080-exec-5] o.s.security.web.FilterChainProxy        : Secured GET /api/recipe/search/?key0=value0
?[0m?[0;34m2023-03-31 16:06:03.207 DEBUG 29781 --- [nio-8080-exec-5] o.s.web.servlet.DispatcherServlet        : GET "/api/recipe/search/?key0=value0", parameters={masked}
?[0m?[0;34m2023-03-31 16:06:03.208 DEBUG 29781 --- [nio-8080-exec-5] s.w.s.m.m.a.RequestMappingHandlerMapping : Mapped to recipes.RecipesController#getCategoryListRecipes(String, String)
?[0m?[0;34m2023-03-31 16:06:03.208 DEBUG 29781 --- [nio-8080-exec-5] o.j.s.OpenEntityManagerInViewInterceptor : Opening JPA EntityManager in OpenEntityManagerInViewInterceptor
?[0m?[0;34m2023-03-31 16:06:03.208 DEBUG 29781 --- [nio-8080-exec-5] w.c.HttpSessionSecurityContextRepository : Stored SecurityContextImpl [Authentication=UsernamePasswordAuthenticationToken [Principal=recipes.UserDetailsImpl@476bdcb7, Credentials=[PROTECTED], Authenticated=true, Details=WebAuthenticationDetails [RemoteIpAddress=127.0.0.1, SessionId=null], Granted Authorities=[ROLE_USER]]] to HttpSession [org.apache.catalina.session.StandardSessionFacade@5be47816]
?[0m?[0;34m2023-03-31 16:06:03.208 DEBUG 29781 --- [nio-8080-exec-5] .w.s.m.a.ResponseStatusExceptionResolver : Resolved [org.springframework.web.server.ResponseStatusException: 400 BAD_REQUEST]
?[0m?[0;34m2023-03-31 16:06:03.208 DEBUG 29781 --- [nio-8080-exec-5] o.j.s.OpenEntityManagerInViewInterceptor : Closing JPA EntityManager in OpenEntityManagerInViewInterceptor
?[0m?[0;34m2023-03-31 16:06:03.208 DEBUG 29781 --- [nio-8080-exec-5] o.s.web.servlet.DispatcherServlet        : Completed 400 BAD_REQUEST
?[0m?[0;34m2023-03-31 16:06:03.208 DEBUG 29781 --- [nio-8080-exec-5] w.c.HttpSessionSecurityContextRepository : Stored SecurityContextImpl [Authentication=UsernamePasswordAuthenticationToken [Principal=recipes.UserDetailsImpl@476bdcb7, Credentials=[PROTECTED], Authenticated=true, Details=WebAuthenticationDetails [RemoteIpAddress=127.0.0.1, SessionId=null], Granted Authorities=[ROLE_USER]]] to HttpSession [org.apache.catalina.session.StandardSessionFacade@5be47816]
?[0m?[0;34m2023-03-31 16:06:03.209 DEBUG 29781 --- [nio-8080-exec-5] s.s.w.c.SecurityContextPersistenceFilter : Cleared SecurityContextHolder to complete request
?[0m?[0;34m2023-03-31 16:06:03.209 DEBUG 29781 --- [nio-8080-exec-5] o.s.security.web.FilterChainProxy        : Securing GET /error?key0=value0
?[0m?[0;34m2023-03-31 16:06:03.209 DEBUG 29781 --- [nio-8080-exec-5] w.c.HttpSessionSecurityContextRepository : Retrieved SecurityContextImpl [Authentication=UsernamePasswordAuthenticationToken [Principal=recipes.UserDetailsImpl@476bdcb7, Credentials=[PROTECTED], Authenticated=true, Details=WebAuthenticationDetails [RemoteIpAddress=127.0.0.1, SessionId=null], Granted Authorities=[ROLE_USER]]]
?[0m?[0;34m2023-03-31 16:06:03.209 DEBUG 29781 --- [nio-8080-exec-5] s.s.w.c.SecurityContextPersistenceFilter : Set SecurityContextHolder to SecurityContextImpl [Authentication=UsernamePasswordAuthenticationToken [Principal=recipes.UserDetailsImpl@476bdcb7, Credentials=[PROTECTED], Authenticated=true, Details=WebAuthenticationDetails [RemoteIpAddress=127.0.0.1, SessionId=null], Granted Authorities=[ROLE_USER]]]
?[0m?[0;34m2023-03-31 16:06:03.209 DEBUG 29781 --- [nio-8080-exec-5] o.s.security.web.FilterChainProxy        : Secured GET /error?key0=value0
?[0m?[0;34m2023-03-31 16:06:03.209 DEBUG 29781 --- [nio-8080-exec-5] o.s.web.servlet.DispatcherServlet        : "ERROR" dispatch for GET "/error?key0=value0", parameters={masked}
?[0m?[0;34m2023-03-31 16:06:03.209 DEBUG 29781 --- [nio-8080-exec-5] s.w.s.m.m.a.RequestMappingHandlerMapping : Mapped to org.springframework.boot.autoconfigure.web.servlet.error.BasicErrorController#error(HttpServletRequest)
?[0m?[0;34m2023-03-31 16:06:03.209 DEBUG 29781 --- [nio-8080-exec-5] o.j.s.OpenEntityManagerInViewInterceptor : Opening JPA EntityManager in OpenEntityManagerInViewInterceptor
?[0m?[0;34m2023-03-31 16:06:03.209 DEBUG 29781 --- [nio-8080-exec-5] o.s.w.s.m.m.a.HttpEntityMethodProcessor  : Using 'application/json', given [*/*] and supported [application/json, application/*+json, application/json, application/*+json]
?[0m?[0;34m2023-03-31 16:06:03.209 DEBUG 29781 --- [nio-8080-exec-5] o.s.w.s.m.m.a.HttpEntityMethodProcessor  : Writing [{timestamp=Fri Mar 31 16:06:03 EEST 2023, status=400, error=Bad Request, path=/api/recipe/search/}]
?[0m?[0;34m2023-03-31 16:06:03.210 DEBUG 29781 --- [nio-8080-exec-5] o.j.s.OpenEntityManagerInViewInterceptor : Closing JPA EntityManager in OpenEntityManagerInViewInterceptor
?[0m?[0;34m2023-03-31 16:06:03.210 DEBUG 29781 --- [nio-8080-exec-5] o.s.web.servlet.DispatcherServlet        : Exiting from "ERROR" dispatch, status 400
?[0m?[0;34m2023-03-31 16:06:03.210 DEBUG 29781 --- [nio-8080-exec-5] s.s.w.c.SecurityContextPersistenceFilter : Cleared SecurityContextHolder to complete request
?[1;31m
Start test 41?[0m
?[0m?[0;34m2023-03-31 16:06:03.212 DEBUG 29781 --- [nio-8080-exec-7] o.s.security.web.FilterChainProxy        : Securing GET /api/recipe/search/?key0=value0&key1=value1
?[0m?[0;34m2023-03-31 16:06:03.213 DEBUG 29781 --- [nio-8080-exec-7] s.s.w.c.SecurityContextPersistenceFilter : Set SecurityContextHolder to empty SecurityContext
?[0m?[0;34m2023-03-31 16:06:03.213 DEBUG 29781 --- [nio-8080-exec-7] tor$SharedEntityManagerInvocationHandler : Creating new EntityManager for shared EntityManager invocation
?[0m?[0;34m2023-03-31 16:06:03.295 DEBUG 29781 --- [nio-8080-exec-7] o.s.s.a.dao.DaoAuthenticationProvider    : Authenticated user
?[0m?[0;34m2023-03-31 16:06:03.295 DEBUG 29781 --- [nio-8080-exec-7] o.s.s.w.a.www.BasicAuthenticationFilter  : Set SecurityContextHolder to UsernamePasswordAuthenticationToken [Principal=recipes.UserDetailsImpl@368575eb, Credentials=[PROTECTED], Authenticated=true, Details=WebAuthenticationDetails [RemoteIpAddress=127.0.0.1, SessionId=null], Granted Authorities=[ROLE_USER]]
?[0m?[0;34m2023-03-31 16:06:03.295 DEBUG 29781 --- [nio-8080-exec-7] w.c.HttpSessionSecurityContextRepository : Created HttpSession as SecurityContext is non-default
?[0m?[0;34m2023-03-31 16:06:03.295 DEBUG 29781 --- [nio-8080-exec-7] w.c.HttpSessionSecurityContextRepository : Stored SecurityContextImpl [Authentication=UsernamePasswordAuthenticationToken [Principal=recipes.UserDetailsImpl@368575eb, Credentials=[PROTECTED], Authenticated=true, Details=WebAuthenticationDetails [RemoteIpAddress=127.0.0.1, SessionId=null], Granted Authorities=[ROLE_USER]]] to HttpSession [org.apache.catalina.session.StandardSessionFacade@5c4187c4]
?[0m?[0;34m2023-03-31 16:06:03.295 DEBUG 29781 --- [nio-8080-exec-7] o.s.s.w.a.i.FilterSecurityInterceptor    : Authorized filter invocation [GET /api/recipe/search/?key0=value0&key1=value1] with attributes [hasRole('ROLE_USER')]
?[0m?[0;34m2023-03-31 16:06:03.295 DEBUG 29781 --- [nio-8080-exec-7] o.s.security.web.FilterChainProxy        : Secured GET /api/recipe/search/?key0=value0&key1=value1
?[0m?[0;34m2023-03-31 16:06:03.295 DEBUG 29781 --- [nio-8080-exec-7] o.s.web.servlet.DispatcherServlet        : GET "/api/recipe/search/?key0=value0&key1=value1", parameters={masked}
?[0m?[0;34m2023-03-31 16:06:03.296 DEBUG 29781 --- [nio-8080-exec-7] s.w.s.m.m.a.RequestMappingHandlerMapping : Mapped to recipes.RecipesController#getCategoryListRecipes(String, String)
?[0m?[0;34m2023-03-31 16:06:03.296 DEBUG 29781 --- [nio-8080-exec-7] o.j.s.OpenEntityManagerInViewInterceptor : Opening JPA EntityManager in OpenEntityManagerInViewInterceptor
?[0m?[0;34m2023-03-31 16:06:03.296 DEBUG 29781 --- [nio-8080-exec-7] w.c.HttpSessionSecurityContextRepository : Stored SecurityContextImpl [Authentication=UsernamePasswordAuthenticationToken [Principal=recipes.UserDetailsImpl@368575eb, Credentials=[PROTECTED], Authenticated=true, Details=WebAuthenticationDetails [RemoteIpAddress=127.0.0.1, SessionId=null], Granted Authorities=[ROLE_USER]]] to HttpSession [org.apache.catalina.session.StandardSessionFacade@5c4187c4]
?[0m?[0;34m2023-03-31 16:06:03.296 DEBUG 29781 --- [nio-8080-exec-7] .w.s.m.a.ResponseStatusExceptionResolver : Resolved [org.springframework.web.server.ResponseStatusException: 400 BAD_REQUEST]
?[0m?[0;34m2023-03-31 16:06:03.296 DEBUG 29781 --- [nio-8080-exec-7] o.j.s.OpenEntityManagerInViewInterceptor : Closing JPA EntityManager in OpenEntityManagerInViewInterceptor
?[0m?[0;34m2023-03-31 16:06:03.296 DEBUG 29781 --- [nio-8080-exec-7] o.s.web.servlet.DispatcherServlet        : Completed 400 BAD_REQUEST
?[0m?[0;34m2023-03-31 16:06:03.296 DEBUG 29781 --- [nio-8080-exec-7] w.c.HttpSessionSecurityContextRepository : Stored SecurityContextImpl [Authentication=UsernamePasswordAuthenticationToken [Principal=recipes.UserDetailsImpl@368575eb, Credentials=[PROTECTED], Authenticated=true, Details=WebAuthenticationDetails [RemoteIpAddress=127.0.0.1, SessionId=null], Granted Authorities=[ROLE_USER]]] to HttpSession [org.apache.catalina.session.StandardSessionFacade@5c4187c4]
?[0m?[0;34m2023-03-31 16:06:03.296 DEBUG 29781 --- [nio-8080-exec-7] s.s.w.c.SecurityContextPersistenceFilter : Cleared SecurityContextHolder to complete request
?[0m?[0;34m2023-03-31 16:06:03.297 DEBUG 29781 --- [nio-8080-exec-7] o.s.security.web.FilterChainProxy        : Securing GET /error?key0=value0&key1=value1
?[0m?[0;34m2023-03-31 16:06:03.297 DEBUG 29781 --- [nio-8080-exec-7] w.c.HttpSessionSecurityContextRepository : Retrieved SecurityContextImpl [Authentication=UsernamePasswordAuthenticationToken [Principal=recipes.UserDetailsImpl@368575eb, Credentials=[PROTECTED], Authenticated=true, Details=WebAuthenticationDetails [RemoteIpAddress=127.0.0.1, SessionId=null], Granted Authorities=[ROLE_USER]]]
?[0m?[0;34m2023-03-31 16:06:03.297 DEBUG 29781 --- [nio-8080-exec-7] s.s.w.c.SecurityContextPersistenceFilter : Set SecurityContextHolder to SecurityContextImpl [Authentication=UsernamePasswordAuthenticationToken [Principal=recipes.UserDetailsImpl@368575eb, Credentials=[PROTECTED], Authenticated=true, Details=WebAuthenticationDetails [RemoteIpAddress=127.0.0.1, SessionId=null], Granted Authorities=[ROLE_USER]]]
?[0m?[0;34m2023-03-31 16:06:03.297 DEBUG 29781 --- [nio-8080-exec-7] o.s.security.web.FilterChainProxy        : Secured GET /error?key0=value0&key1=value1
?[0m?[0;34m2023-03-31 16:06:03.297 DEBUG 29781 --- [nio-8080-exec-7] o.s.web.servlet.DispatcherServlet        : "ERROR" dispatch for GET "/error?key0=value0&key1=value1", parameters={masked}
?[0m?[0;34m2023-03-31 16:06:03.297 DEBUG 29781 --- [nio-8080-exec-7] s.w.s.m.m.a.RequestMappingHandlerMapping : Mapped to org.springframework.boot.autoconfigure.web.servlet.error.BasicErrorController#error(HttpServletRequest)
?[0m?[0;34m2023-03-31 16:06:03.297 DEBUG 29781 --- [nio-8080-exec-7] o.j.s.OpenEntityManagerInViewInterceptor : Opening JPA EntityManager in OpenEntityManagerInViewInterceptor
?[0m?[0;34m2023-03-31 16:06:03.297 DEBUG 29781 --- [nio-8080-exec-7] o.s.w.s.m.m.a.HttpEntityMethodProcessor  : Using 'application/json', given [*/*] and supported [application/json, application/*+json, application/json, application/*+json]
?[0m?[0;34m2023-03-31 16:06:03.297 DEBUG 29781 --- [nio-8080-exec-7] o.s.w.s.m.m.a.HttpEntityMethodProcessor  : Writing [{timestamp=Fri Mar 31 16:06:03 EEST 2023, status=400, error=Bad Request, path=/api/recipe/search/}]
?[0m?[0;34m2023-03-31 16:06:03.297 DEBUG 29781 --- [nio-8080-exec-7] o.j.s.OpenEntityManagerInViewInterceptor : Closing JPA EntityManager in OpenEntityManagerInViewInterceptor
?[0m?[0;34m2023-03-31 16:06:03.297 DEBUG 29781 --- [nio-8080-exec-7] o.s.web.servlet.DispatcherServlet        : Exiting from "ERROR" dispatch, status 400
?[0m?[0;34m2023-03-31 16:06:03.298 DEBUG 29781 --- [nio-8080-exec-7] s.s.w.c.SecurityContextPersistenceFilter : Cleared SecurityContextHolder to complete request
?[1;31m
Start test 42?[0m
?[0;34m2023-03-31 16:06:03.300 DEBUG 29781 --- [io-8080-exec-11] o.s.security.web.FilterChainProxy        : Securing GET /api/recipe/search/?key0=value0&key1=value1&key2=value2&key3=value3&key4=value4
?[0m?[0;34m2023-03-31 16:06:03.300 DEBUG 29781 --- [io-8080-exec-11] s.s.w.c.SecurityContextPersistenceFilter : Set SecurityContextHolder to empty SecurityContext
?[0m?[0;34m2023-03-31 16:06:03.301 DEBUG 29781 --- [io-8080-exec-11] tor$SharedEntityManagerInvocationHandler : Creating new EntityManager for shared EntityManager invocation
?[0m?[0;34m2023-03-31 16:06:03.383 DEBUG 29781 --- [io-8080-exec-11] o.s.s.a.dao.DaoAuthenticationProvider    : Authenticated user
?[0m?[0;34m2023-03-31 16:06:03.383 DEBUG 29781 --- [io-8080-exec-11] o.s.s.w.a.www.BasicAuthenticationFilter  : Set SecurityContextHolder to UsernamePasswordAuthenticationToken [Principal=recipes.UserDetailsImpl@78b3872a, Credentials=[PROTECTED], Authenticated=true, Details=WebAuthenticationDetails [RemoteIpAddress=127.0.0.1, SessionId=null], Granted Authorities=[ROLE_USER]]
?[0m?[0;34m2023-03-31 16:06:03.383 DEBUG 29781 --- [io-8080-exec-11] w.c.HttpSessionSecurityContextRepository : Created HttpSession as SecurityContext is non-default
?[0m?[0;34m2023-03-31 16:06:03.383 DEBUG 29781 --- [io-8080-exec-11] w.c.HttpSessionSecurityContextRepository : Stored SecurityContextImpl [Authentication=UsernamePasswordAuthenticationToken [Principal=recipes.UserDetailsImpl@78b3872a, Credentials=[PROTECTED], Authenticated=true, Details=WebAuthenticationDetails [RemoteIpAddress=127.0.0.1, SessionId=null], Granted Authorities=[ROLE_USER]]] to HttpSession [org.apache.catalina.session.StandardSessionFacade@34133d4e]
?[0m?[0;34m2023-03-31 16:06:03.383 DEBUG 29781 --- [io-8080-exec-11] o.s.s.w.a.i.FilterSecurityInterceptor    : Authorized filter invocation [GET /api/recipe/search/?key0=value0&key1=value1&key2=value2&key3=value3&key4=value4] with attributes [hasRole('ROLE_USER')]
?[0m?[0;34m2023-03-31 16:06:03.383 DEBUG 29781 --- [io-8080-exec-11] o.s.security.web.FilterChainProxy        : Secured GET /api/recipe/search/?key0=value0&key1=value1&key2=value2&key3=value3&key4=value4
?[0m?[0;34m2023-03-31 16:06:03.384 DEBUG 29781 --- [io-8080-exec-11] o.s.web.servlet.DispatcherServlet        : GET "/api/recipe/search/?key0=value0&key1=value1&key2=value2&key3=value3&key4=value4", parameters={masked}
?[0m?[0;34m2023-03-31 16:06:03.384 DEBUG 29781 --- [io-8080-exec-11] s.w.s.m.m.a.RequestMappingHandlerMapping : Mapped to recipes.RecipesController#getCategoryListRecipes(String, String)
?[0m?[0;34m2023-03-31 16:06:03.384 DEBUG 29781 --- [io-8080-exec-11] o.j.s.OpenEntityManagerInViewInterceptor : Opening JPA EntityManager in OpenEntityManagerInViewInterceptor
?[0m?[0;34m2023-03-31 16:06:03.385 DEBUG 29781 --- [io-8080-exec-11] w.c.HttpSessionSecurityContextRepository : Stored SecurityContextImpl [Authentication=UsernamePasswordAuthenticationToken [Principal=recipes.UserDetailsImpl@78b3872a, Credentials=[PROTECTED], Authenticated=true, Details=WebAuthenticationDetails [RemoteIpAddress=127.0.0.1, SessionId=null], Granted Authorities=[ROLE_USER]]] to HttpSession [org.apache.catalina.session.StandardSessionFacade@34133d4e]
?[0m?[0;34m2023-03-31 16:06:03.385 DEBUG 29781 --- [io-8080-exec-11] .w.s.m.a.ResponseStatusExceptionResolver : Resolved [org.springframework.web.server.ResponseStatusException: 400 BAD_REQUEST]
?[0m?[0;34m2023-03-31 16:06:03.385 DEBUG 29781 --- [io-8080-exec-11] o.j.s.OpenEntityManagerInViewInterceptor : Closing JPA EntityManager in OpenEntityManagerInViewInterceptor
?[0m?[0;34m2023-03-31 16:06:03.385 DEBUG 29781 --- [io-8080-exec-11] o.s.web.servlet.DispatcherServlet        : Completed 400 BAD_REQUEST
?[0m?[0;34m2023-03-31 16:06:03.385 DEBUG 29781 --- [io-8080-exec-11] w.c.HttpSessionSecurityContextRepository : Stored SecurityContextImpl [Authentication=UsernamePasswordAuthenticationToken [Principal=recipes.UserDetailsImpl@78b3872a, Credentials=[PROTECTED], Authenticated=true, Details=WebAuthenticationDetails [RemoteIpAddress=127.0.0.1, SessionId=null], Granted Authorities=[ROLE_USER]]] to HttpSession [org.apache.catalina.session.StandardSessionFacade@34133d4e]
?[0m?[0;34m2023-03-31 16:06:03.385 DEBUG 29781 --- [io-8080-exec-11] s.s.w.c.SecurityContextPersistenceFilter : Cleared SecurityContextHolder to complete request
?[0m?[0;34m2023-03-31 16:06:03.386 DEBUG 29781 --- [io-8080-exec-11] o.s.security.web.FilterChainProxy        : Securing GET /error?key0=value0&key1=value1&key2=value2&key3=value3&key4=value4
?[0m?[0;34m2023-03-31 16:06:03.386 DEBUG 29781 --- [io-8080-exec-11] w.c.HttpSessionSecurityContextRepository : Retrieved SecurityContextImpl [Authentication=UsernamePasswordAuthenticationToken [Principal=recipes.UserDetailsImpl@78b3872a, Credentials=[PROTECTED], Authenticated=true, Details=WebAuthenticationDetails [RemoteIpAddress=127.0.0.1, SessionId=null], Granted Authorities=[ROLE_USER]]]
?[0m?[0;34m2023-03-31 16:06:03.386 DEBUG 29781 --- [io-8080-exec-11] s.s.w.c.SecurityContextPersistenceFilter : Set SecurityContextHolder to SecurityContextImpl [Authentication=UsernamePasswordAuthenticationToken [Principal=recipes.UserDetailsImpl@78b3872a, Credentials=[PROTECTED], Authenticated=true, Details=WebAuthenticationDetails [RemoteIpAddress=127.0.0.1, SessionId=null], Granted Authorities=[ROLE_USER]]]
?[0m?[0;34m2023-03-31 16:06:03.386 DEBUG 29781 --- [io-8080-exec-11] o.s.security.web.FilterChainProxy        : Secured GET /error?key0=value0&key1=value1&key2=value2&key3=value3&key4=value4
?[0m?[0;34m2023-03-31 16:06:03.386 DEBUG 29781 --- [io-8080-exec-11] o.s.web.servlet.DispatcherServlet        : "ERROR" dispatch for GET "/error?key0=value0&key1=value1&key2=value2&key3=value3&key4=value4", parameters={masked}
?[0m?[0;34m2023-03-31 16:06:03.386 DEBUG 29781 --- [io-8080-exec-11] s.w.s.m.m.a.RequestMappingHandlerMapping : Mapped to org.springframework.boot.autoconfigure.web.servlet.error.BasicErrorController#error(HttpServletRequest)
?[0m?[0;34m2023-03-31 16:06:03.386 DEBUG 29781 --- [io-8080-exec-11] o.j.s.OpenEntityManagerInViewInterceptor : Opening JPA EntityManager in OpenEntityManagerInViewInterceptor
?[0m?[0;34m2023-03-31 16:06:03.386 DEBUG 29781 --- [io-8080-exec-11] o.s.w.s.m.m.a.HttpEntityMethodProcessor  : Using 'application/json', given [*/*] and supported [application/json, application/*+json, application/json, application/*+json]
?[0m?[0;34m2023-03-31 16:06:03.387 DEBUG 29781 --- [io-8080-exec-11] o.s.w.s.m.m.a.HttpEntityMethodProcessor  : Writing [{timestamp=Fri Mar 31 16:06:03 EEST 2023, status=400, error=Bad Request, path=/api/recipe/search/}]
?[0m?[0;34m2023-03-31 16:06:03.387 DEBUG 29781 --- [io-8080-exec-11] o.j.s.OpenEntityManagerInViewInterceptor : Closing JPA EntityManager in OpenEntityManagerInViewInterceptor
?[0m?[0;34m2023-03-31 16:06:03.387 DEBUG 29781 --- [io-8080-exec-11] o.s.web.servlet.DispatcherServlet        : Exiting from "ERROR" dispatch, status 400
?[0m?[0;34m2023-03-31 16:06:03.387 DEBUG 29781 --- [io-8080-exec-11] s.s.w.c.SecurityContextPersistenceFilter : Cleared SecurityContextHolder to complete request
?[1;31m
Start test 43?[0m
?[0m?[0;34m2023-03-31 16:06:03.390 DEBUG 29781 --- [nio-8080-exec-8] o.s.security.web.FilterChainProxy        : Securing POST /api/recipe/new
?[0m?[0;34m2023-03-31 16:06:03.390 DEBUG 29781 --- [nio-8080-exec-8] s.s.w.c.SecurityContextPersistenceFilter : Set SecurityContextHolder to empty SecurityContext
?[0m?[0;34m2023-03-31 16:06:03.391 DEBUG 29781 --- [nio-8080-exec-8] tor$SharedEntityManagerInvocationHandler : Creating new EntityManager for shared EntityManager invocation
?[0m?[0;34m2023-03-31 16:06:03.473 DEBUG 29781 --- [nio-8080-exec-8] o.s.s.a.dao.DaoAuthenticationProvider    : Authenticated user
?[0m?[0;34m2023-03-31 16:06:03.473 DEBUG 29781 --- [nio-8080-exec-8] o.s.s.w.a.www.BasicAuthenticationFilter  : Set SecurityContextHolder to UsernamePasswordAuthenticationToken [Principal=recipes.UserDetailsImpl@4df0fdc4, Credentials=[PROTECTED], Authenticated=true, Details=WebAuthenticationDetails [RemoteIpAddress=127.0.0.1, SessionId=null], Granted Authorities=[ROLE_USER]]
?[0m?[0;34m2023-03-31 16:06:03.473 DEBUG 29781 --- [nio-8080-exec-8] w.c.HttpSessionSecurityContextRepository : Created HttpSession as SecurityContext is non-default
?[0m?[0;34m2023-03-31 16:06:03.473 DEBUG 29781 --- [nio-8080-exec-8] w.c.HttpSessionSecurityContextRepository : Stored SecurityContextImpl [Authentication=UsernamePasswordAuthenticationToken [Principal=recipes.UserDetailsImpl@4df0fdc4, Credentials=[PROTECTED], Authenticated=true, Details=WebAuthenticationDetails [RemoteIpAddress=127.0.0.1, SessionId=null], Granted Authorities=[ROLE_USER]]] to HttpSession [org.apache.catalina.session.StandardSessionFacade@ba8cf4c]
?[0m?[0;34m2023-03-31 16:06:03.474 DEBUG 29781 --- [nio-8080-exec-8] s.w.s.m.m.a.RequestMappingHandlerMapping : Mapped to recipes.RecipesController#setRecipe(Recipe, UserDetails)
?[0m?[0;34m2023-03-31 16:06:03.474 DEBUG 29781 --- [nio-8080-exec-8] s.w.s.m.m.a.RequestMappingHandlerMapping : Mapped to recipes.RecipesController#setRecipe(Recipe, UserDetails)
?[0m?[0;34m2023-03-31 16:06:03.474 DEBUG 29781 --- [nio-8080-exec-8] o.s.s.w.a.i.FilterSecurityInterceptor    : Authorized filter invocation [POST /api/recipe/new] with attributes [hasRole('ROLE_USER')]
?[0m?[0;34m2023-03-31 16:06:03.474 DEBUG 29781 --- [nio-8080-exec-8] o.s.security.web.FilterChainProxy        : Secured POST /api/recipe/new
?[0m?[0;34m2023-03-31 16:06:03.474 DEBUG 29781 --- [nio-8080-exec-8] o.s.web.servlet.DispatcherServlet        : POST "/api/recipe/new", parameters={}
?[0m?[0;34m2023-03-31 16:06:03.474 DEBUG 29781 --- [nio-8080-exec-8] s.w.s.m.m.a.RequestMappingHandlerMapping : Mapped to recipes.RecipesController#setRecipe(Recipe, UserDetails)
?[0m?[0;34m2023-03-31 16:06:03.474 DEBUG 29781 --- [nio-8080-exec-8] o.j.s.OpenEntityManagerInViewInterceptor : Opening JPA EntityManager in OpenEntityManagerInViewInterceptor
?[0m?[0;34m2023-03-31 16:06:03.475 DEBUG 29781 --- [nio-8080-exec-8] m.m.a.RequestResponseBodyMethodProcessor : Read "application/json;charset=UTF-8" to [Recipe(id=0, name=null, category=beverage, date=null, description=Light, aromatic and refreshing bev (truncated)...]
?[0m?[0;34m2023-03-31 16:06:03.479 DEBUG 29781 --- [nio-8080-exec-8] w.c.HttpSessionSecurityContextRepository : Stored SecurityContextImpl [Authentication=UsernamePasswordAuthenticationToken [Principal=recipes.UserDetailsImpl@4df0fdc4, Credentials=[PROTECTED], Authenticated=true, Details=WebAuthenticationDetails [RemoteIpAddress=127.0.0.1, SessionId=null], Granted Authorities=[ROLE_USER]]] to HttpSession [org.apache.catalina.session.StandardSessionFacade@ba8cf4c]
?[0m?[0;34m2023-03-31 16:06:03.479  WARN 29781 --- [nio-8080-exec-8] .w.s.m.s.DefaultHandlerExceptionResolver : Resolved [org.springframework.web.bind.MethodArgumentNotValidException: Validation failed for argument [0] in java.util.Map<java.lang.String, java.lang.Long> recipes.RecipesController.setRecipe(recipes.Recipe,org.springframework.security.core.userdetails.UserDetails) with 2 errors: [Field error in object 'recipe' on field 'name': rejected value [null]; codes [NotBlank.recipe.name,NotBlank.name,NotBlank.java.lang.String,NotBlank]; arguments [org.springframework.context.support.DefaultMessageSourceResolvable: codes [recipe.name,name]; arguments []; default message [name]]; default message [must not be blank]] [Field error in object 'recipe' on field 'name': rejected value [null]; codes [NotNull.recipe.name,NotNull.name,NotNull.java.lang.String,NotNull]; arguments [org.springframework.context.support.DefaultMessageSourceResolvable: codes [recipe.name,name]; arguments []; default message [name]]; default message [must not be null]] ]
?[0m?[0;34m2023-03-31 16:06:03.479 DEBUG 29781 --- [nio-8080-exec-8] o.j.s.OpenEntityManagerInViewInterceptor : Closing JPA EntityManager in OpenEntityManagerInViewInterceptor
?[0m?[0;34m2023-03-31 16:06:03.479 DEBUG 29781 --- [nio-8080-exec-8] o.s.web.servlet.DispatcherServlet        : Completed 400 BAD_REQUEST
?[0m?[0;34m2023-03-31 16:06:03.479 DEBUG 29781 --- [nio-8080-exec-8] w.c.HttpSessionSecurityContextRepository : Stored SecurityContextImpl [Authentication=UsernamePasswordAuthenticationToken [Principal=recipes.UserDetailsImpl@4df0fdc4, Credentials=[PROTECTED], Authenticated=true, Details=WebAuthenticationDetails [RemoteIpAddress=127.0.0.1, SessionId=null], Granted Authorities=[ROLE_USER]]] to HttpSession [org.apache.catalina.session.StandardSessionFacade@ba8cf4c]
?[0m?[0;34m2023-03-31 16:06:03.479 DEBUG 29781 --- [nio-8080-exec-8] s.s.w.c.SecurityContextPersistenceFilter : Cleared SecurityContextHolder to complete request
?[0m?[0;34m2023-03-31 16:06:03.480 DEBUG 29781 --- [nio-8080-exec-8] o.s.security.web.FilterChainProxy        : Securing POST /error
?[0m?[0;34m2023-03-31 16:06:03.480 DEBUG 29781 --- [nio-8080-exec-8] w.c.HttpSessionSecurityContextRepository : Retrieved SecurityContextImpl [Authentication=UsernamePasswordAuthenticationToken [Principal=recipes.UserDetailsImpl@4df0fdc4, Credentials=[PROTECTED], Authenticated=true, Details=WebAuthenticationDetails [RemoteIpAddress=127.0.0.1, SessionId=null], Granted Authorities=[ROLE_USER]]]
?[0m?[0;34m2023-03-31 16:06:03.480 DEBUG 29781 --- [nio-8080-exec-8] s.s.w.c.SecurityContextPersistenceFilter : Set SecurityContextHolder to SecurityContextImpl [Authentication=UsernamePasswordAuthenticationToken [Principal=recipes.UserDetailsImpl@4df0fdc4, Credentials=[PROTECTED], Authenticated=true, Details=WebAuthenticationDetails [RemoteIpAddress=127.0.0.1, SessionId=null], Granted Authorities=[ROLE_USER]]]
?[0m?[0;34m2023-03-31 16:06:03.480 DEBUG 29781 --- [nio-8080-exec-8] o.s.security.web.FilterChainProxy        : Secured POST /error
?[0m?[0;34m2023-03-31 16:06:03.480 DEBUG 29781 --- [nio-8080-exec-8] o.s.web.servlet.DispatcherServlet        : "ERROR" dispatch for POST "/error", parameters={}
?[0m?[0;34m2023-03-31 16:06:03.480 DEBUG 29781 --- [nio-8080-exec-8] s.w.s.m.m.a.RequestMappingHandlerMapping : Mapped to org.springframework.boot.autoconfigure.web.servlet.error.BasicErrorController#error(HttpServletRequest)
?[0m?[0;34m2023-03-31 16:06:03.480 DEBUG 29781 --- [nio-8080-exec-8] o.j.s.OpenEntityManagerInViewInterceptor : Opening JPA EntityManager in OpenEntityManagerInViewInterceptor
?[0m?[0;34m2023-03-31 16:06:03.480 DEBUG 29781 --- [nio-8080-exec-8] o.s.w.s.m.m.a.HttpEntityMethodProcessor  : Using 'application/json', given [*/*] and supported [application/json, application/*+json, application/json, application/*+json]
?[0m?[0;34m2023-03-31 16:06:03.481 DEBUG 29781 --- [nio-8080-exec-8] o.s.w.s.m.m.a.HttpEntityMethodProcessor  : Writing [{timestamp=Fri Mar 31 16:06:03 EEST 2023, status=400, error=Bad Request, path=/api/recipe/new}]
?[0m?[0;34m2023-03-31 16:06:03.481 DEBUG 29781 --- [nio-8080-exec-8] o.j.s.OpenEntityManagerInViewInterceptor : Closing JPA EntityManager in OpenEntityManagerInViewInterceptor
?[0m?[0;34m2023-03-31 16:06:03.481 DEBUG 29781 --- [nio-8080-exec-8] o.s.web.servlet.DispatcherServlet        : Exiting from "ERROR" dispatch, status 400
?[0m?[0;34m2023-03-31 16:06:03.481 DEBUG 29781 --- [nio-8080-exec-8] s.s.w.c.SecurityContextPersistenceFilter : Cleared SecurityContextHolder to complete request
?[1;31m
Start test 44?[0m
?[0m?[0;34m2023-03-31 16:06:03.484 DEBUG 29781 --- [nio-8080-exec-9] o.s.security.web.FilterChainProxy        : Securing POST /api/recipe/new
?[0m?[0;34m2023-03-31 16:06:03.484 DEBUG 29781 --- [nio-8080-exec-9] s.s.w.c.SecurityContextPersistenceFilter : Set SecurityContextHolder to empty SecurityContext
?[0m?[0;34m2023-03-31 16:06:03.484 DEBUG 29781 --- [nio-8080-exec-9] tor$SharedEntityManagerInvocationHandler : Creating new EntityManager for shared EntityManager invocation
?[0m?[0;34m2023-03-31 16:06:03.566 DEBUG 29781 --- [nio-8080-exec-9] o.s.s.a.dao.DaoAuthenticationProvider    : Authenticated user
?[0m?[0;34m2023-03-31 16:06:03.566 DEBUG 29781 --- [nio-8080-exec-9] o.s.s.w.a.www.BasicAuthenticationFilter  : Set SecurityContextHolder to UsernamePasswordAuthenticationToken [Principal=recipes.UserDetailsImpl@3795aa0a, Credentials=[PROTECTED], Authenticated=true, Details=WebAuthenticationDetails [RemoteIpAddress=127.0.0.1, SessionId=null], Granted Authorities=[ROLE_USER]]
?[0m?[0;34m2023-03-31 16:06:03.566 DEBUG 29781 --- [nio-8080-exec-9] w.c.HttpSessionSecurityContextRepository : Created HttpSession as SecurityContext is non-default
?[0m?[0;34m2023-03-31 16:06:03.566 DEBUG 29781 --- [nio-8080-exec-9] w.c.HttpSessionSecurityContextRepository : Stored SecurityContextImpl [Authentication=UsernamePasswordAuthenticationToken [Principal=recipes.UserDetailsImpl@3795aa0a, Credentials=[PROTECTED], Authenticated=true, Details=WebAuthenticationDetails [RemoteIpAddress=127.0.0.1, SessionId=null], Granted Authorities=[ROLE_USER]]] to HttpSession [org.apache.catalina.session.StandardSessionFacade@4416fe91]
?[0m?[0;34m2023-03-31 16:06:03.566 DEBUG 29781 --- [nio-8080-exec-9] s.w.s.m.m.a.RequestMappingHandlerMapping : Mapped to recipes.RecipesController#setRecipe(Recipe, UserDetails)
?[0m?[0;34m2023-03-31 16:06:03.566 DEBUG 29781 --- [nio-8080-exec-9] s.w.s.m.m.a.RequestMappingHandlerMapping : Mapped to recipes.RecipesController#setRecipe(Recipe, UserDetails)
?[0m?[0;34m2023-03-31 16:06:03.566 DEBUG 29781 --- [nio-8080-exec-9] o.s.s.w.a.i.FilterSecurityInterceptor    : Authorized filter invocation [POST /api/recipe/new] with attributes [hasRole('ROLE_USER')]
?[0m?[0;34m2023-03-31 16:06:03.566 DEBUG 29781 --- [nio-8080-exec-9] o.s.security.web.FilterChainProxy        : Secured POST /api/recipe/new
?[0m?[0;34m2023-03-31 16:06:03.566 DEBUG 29781 --- [nio-8080-exec-9] o.s.web.servlet.DispatcherServlet        : POST "/api/recipe/new", parameters={}
?[0m?[0;34m2023-03-31 16:06:03.567 DEBUG 29781 --- [nio-8080-exec-9] s.w.s.m.m.a.RequestMappingHandlerMapping : Mapped to recipes.RecipesController#setRecipe(Recipe, UserDetails)
?[0m?[0;34m2023-03-31 16:06:03.567 DEBUG 29781 --- [nio-8080-exec-9] o.j.s.OpenEntityManagerInViewInterceptor : Opening JPA EntityManager in OpenEntityManagerInViewInterceptor
?[0m?[0;34m2023-03-31 16:06:03.567 DEBUG 29781 --- [nio-8080-exec-9] m.m.a.RequestResponseBodyMethodProcessor : Read "application/json;charset=UTF-8" to [Recipe(id=0, name=Fresh Mint Tea, category=null, date=null, description=Light, aromatic and refreshi (truncated)...]
?[0m?[0;34m2023-03-31 16:06:03.567 DEBUG 29781 --- [nio-8080-exec-9] w.c.HttpSessionSecurityContextRepository : Stored SecurityContextImpl [Authentication=UsernamePasswordAuthenticationToken [Principal=recipes.UserDetailsImpl@3795aa0a, Credentials=[PROTECTED], Authenticated=true, Details=WebAuthenticationDetails [RemoteIpAddress=127.0.0.1, SessionId=null], Granted Authorities=[ROLE_USER]]] to HttpSession [org.apache.catalina.session.StandardSessionFacade@4416fe91]
?[0m?[0;34m2023-03-31 16:06:03.567  WARN 29781 --- [nio-8080-exec-9] .w.s.m.s.DefaultHandlerExceptionResolver : Resolved [org.springframework.web.bind.MethodArgumentNotValidException: Validation failed for argument [0] in java.util.Map<java.lang.String, java.lang.Long> recipes.RecipesController.setRecipe(recipes.Recipe,org.springframework.security.core.userdetails.UserDetails) with 2 errors: [Field error in object 'recipe' on field 'category': rejected value [null]; codes [NotNull.recipe.category,NotNull.category,NotNull.java.lang.String,NotNull]; arguments [org.springframework.context.support.DefaultMessageSourceResolvable: codes [recipe.category,category]; arguments []; default message [category]]; default message [must not be null]] [Field error in object 'recipe' on field 'category': rejected value [null]; codes [NotBlank.recipe.category,NotBlank.category,NotBlank.java.lang.String,NotBlank]; arguments [org.springframework.context.support.DefaultMessageSourceResolvable: codes [recipe.category,category]; arguments []; default message [category]]; default message [must not be blank]] ]
?[0m?[0;34m2023-03-31 16:06:03.568 DEBUG 29781 --- [nio-8080-exec-9] o.j.s.OpenEntityManagerInViewInterceptor : Closing JPA EntityManager in OpenEntityManagerInViewInterceptor
?[0m?[0;34m2023-03-31 16:06:03.568 DEBUG 29781 --- [nio-8080-exec-9] o.s.web.servlet.DispatcherServlet        : Completed 400 BAD_REQUEST
?[0m?[0;34m2023-03-31 16:06:03.568 DEBUG 29781 --- [nio-8080-exec-9] w.c.HttpSessionSecurityContextRepository : Stored SecurityContextImpl [Authentication=UsernamePasswordAuthenticationToken [Principal=recipes.UserDetailsImpl@3795aa0a, Credentials=[PROTECTED], Authenticated=true, Details=WebAuthenticationDetails [RemoteIpAddress=127.0.0.1, SessionId=null], Granted Authorities=[ROLE_USER]]] to HttpSession [org.apache.catalina.session.StandardSessionFacade@4416fe91]
?[0m?[0;34m2023-03-31 16:06:03.568 DEBUG 29781 --- [nio-8080-exec-9] s.s.w.c.SecurityContextPersistenceFilter : Cleared SecurityContextHolder to complete request
?[0m?[0;34m2023-03-31 16:06:03.568 DEBUG 29781 --- [nio-8080-exec-9] o.s.security.web.FilterChainProxy        : Securing POST /error
?[0m?[0;34m2023-03-31 16:06:03.568 DEBUG 29781 --- [nio-8080-exec-9] w.c.HttpSessionSecurityContextRepository : Retrieved SecurityContextImpl [Authentication=UsernamePasswordAuthenticationToken [Principal=recipes.UserDetailsImpl@3795aa0a, Credentials=[PROTECTED], Authenticated=true, Details=WebAuthenticationDetails [RemoteIpAddress=127.0.0.1, SessionId=null], Granted Authorities=[ROLE_USER]]]
?[0m?[0;34m2023-03-31 16:06:03.568 DEBUG 29781 --- [nio-8080-exec-9] s.s.w.c.SecurityContextPersistenceFilter : Set SecurityContextHolder to SecurityContextImpl [Authentication=UsernamePasswordAuthenticationToken [Principal=recipes.UserDetailsImpl@3795aa0a, Credentials=[PROTECTED], Authenticated=true, Details=WebAuthenticationDetails [RemoteIpAddress=127.0.0.1, SessionId=null], Granted Authorities=[ROLE_USER]]]
?[0m?[0;34m2023-03-31 16:06:03.568 DEBUG 29781 --- [nio-8080-exec-9] o.s.security.web.FilterChainProxy        : Secured POST /error
?[0m?[0;34m2023-03-31 16:06:03.568 DEBUG 29781 --- [nio-8080-exec-9] o.s.web.servlet.DispatcherServlet        : "ERROR" dispatch for POST "/error", parameters={}
?[0m?[0;34m2023-03-31 16:06:03.568 DEBUG 29781 --- [nio-8080-exec-9] s.w.s.m.m.a.RequestMappingHandlerMapping : Mapped to org.springframework.boot.autoconfigure.web.servlet.error.BasicErrorController#error(HttpServletRequest)
?[0m?[0;34m2023-03-31 16:06:03.568 DEBUG 29781 --- [nio-8080-exec-9] o.j.s.OpenEntityManagerInViewInterceptor : Opening JPA EntityManager in OpenEntityManagerInViewInterceptor
?[0m?[0;34m2023-03-31 16:06:03.569 DEBUG 29781 --- [nio-8080-exec-9] o.s.w.s.m.m.a.HttpEntityMethodProcessor  : Using 'application/json', given [*/*] and supported [application/json, application/*+json, application/json, application/*+json]
?[0m?[0;34m2023-03-31 16:06:03.569 DEBUG 29781 --- [nio-8080-exec-9] o.s.w.s.m.m.a.HttpEntityMethodProcessor  : Writing [{timestamp=Fri Mar 31 16:06:03 EEST 2023, status=400, error=Bad Request, path=/api/recipe/new}]
?[0m?[0;34m2023-03-31 16:06:03.569 DEBUG 29781 --- [nio-8080-exec-9] o.j.s.OpenEntityManagerInViewInterceptor : Closing JPA EntityManager in OpenEntityManagerInViewInterceptor
?[0m?[0;34m2023-03-31 16:06:03.569 DEBUG 29781 --- [nio-8080-exec-9] o.s.web.servlet.DispatcherServlet        : Exiting from "ERROR" dispatch, status 400
?[0m?[0;34m2023-03-31 16:06:03.569 DEBUG 29781 --- [nio-8080-exec-9] s.s.w.c.SecurityContextPersistenceFilter : Cleared SecurityContextHolder to complete request
?[1;31m
Start test 45?[0m
?[0;34m2023-03-31 16:06:03.572 DEBUG 29781 --- [io-8080-exec-12] o.s.security.web.FilterChainProxy        : Securing POST /api/recipe/new
?[0m?[0;34m2023-03-31 16:06:03.572 DEBUG 29781 --- [io-8080-exec-12] s.s.w.c.SecurityContextPersistenceFilter : Set SecurityContextHolder to empty SecurityContext
?[0m?[0;34m2023-03-31 16:06:03.572 DEBUG 29781 --- [io-8080-exec-12] tor$SharedEntityManagerInvocationHandler : Creating new EntityManager for shared EntityManager invocation
?[0m?[0;34m2023-03-31 16:06:03.654 DEBUG 29781 --- [io-8080-exec-12] o.s.s.a.dao.DaoAuthenticationProvider    : Authenticated user
?[0m?[0;34m2023-03-31 16:06:03.654 DEBUG 29781 --- [io-8080-exec-12] o.s.s.w.a.www.BasicAuthenticationFilter  : Set SecurityContextHolder to UsernamePasswordAuthenticationToken [Principal=recipes.UserDetailsImpl@496e3772, Credentials=[PROTECTED], Authenticated=true, Details=WebAuthenticationDetails [RemoteIpAddress=127.0.0.1, SessionId=null], Granted Authorities=[ROLE_USER]]
?[0m?[0;34m2023-03-31 16:06:03.654 DEBUG 29781 --- [io-8080-exec-12] w.c.HttpSessionSecurityContextRepository : Created HttpSession as SecurityContext is non-default
?[0m?[0;34m2023-03-31 16:06:03.654 DEBUG 29781 --- [io-8080-exec-12] w.c.HttpSessionSecurityContextRepository : Stored SecurityContextImpl [Authentication=UsernamePasswordAuthenticationToken [Principal=recipes.UserDetailsImpl@496e3772, Credentials=[PROTECTED], Authenticated=true, Details=WebAuthenticationDetails [RemoteIpAddress=127.0.0.1, SessionId=null], Granted Authorities=[ROLE_USER]]] to HttpSession [org.apache.catalina.session.StandardSessionFacade@1eafbcfe]
?[0m?[0;34m2023-03-31 16:06:03.654 DEBUG 29781 --- [io-8080-exec-12] s.w.s.m.m.a.RequestMappingHandlerMapping : Mapped to recipes.RecipesController#setRecipe(Recipe, UserDetails)
?[0m?[0;34m2023-03-31 16:06:03.654 DEBUG 29781 --- [io-8080-exec-12] s.w.s.m.m.a.RequestMappingHandlerMapping : Mapped to recipes.RecipesController#setRecipe(Recipe, UserDetails)
?[0m?[0;34m2023-03-31 16:06:03.655 DEBUG 29781 --- [io-8080-exec-12] o.s.s.w.a.i.FilterSecurityInterceptor    : Authorized filter invocation [POST /api/recipe/new] with attributes [hasRole('ROLE_USER')]
?[0m?[0;34m2023-03-31 16:06:03.655 DEBUG 29781 --- [io-8080-exec-12] o.s.security.web.FilterChainProxy        : Secured POST /api/recipe/new
?[0m?[0;34m2023-03-31 16:06:03.655 DEBUG 29781 --- [io-8080-exec-12] o.s.web.servlet.DispatcherServlet        : POST "/api/recipe/new", parameters={}
?[0m?[0;34m2023-03-31 16:06:03.655 DEBUG 29781 --- [io-8080-exec-12] s.w.s.m.m.a.RequestMappingHandlerMapping : Mapped to recipes.RecipesController#setRecipe(Recipe, UserDetails)
?[0m?[0;34m2023-03-31 16:06:03.655 DEBUG 29781 --- [io-8080-exec-12] o.j.s.OpenEntityManagerInViewInterceptor : Opening JPA EntityManager in OpenEntityManagerInViewInterceptor
?[0m?[0;34m2023-03-31 16:06:03.655 DEBUG 29781 --- [io-8080-exec-12] m.m.a.RequestResponseBodyMethodProcessor : Read "application/json;charset=UTF-8" to [Recipe(id=0, name=Warming Ginger Tea, category=beverage, date=null, description=null, ingredients=[1 (truncated)...]
?[0m?[0;34m2023-03-31 16:06:03.656 DEBUG 29781 --- [io-8080-exec-12] w.c.HttpSessionSecurityContextRepository : Stored SecurityContextImpl [Authentication=UsernamePasswordAuthenticationToken [Principal=recipes.UserDetailsImpl@496e3772, Credentials=[PROTECTED], Authenticated=true, Details=WebAuthenticationDetails [RemoteIpAddress=127.0.0.1, SessionId=null], Granted Authorities=[ROLE_USER]]] to HttpSession [org.apache.catalina.session.StandardSessionFacade@1eafbcfe]
?[0m?[0;34m2023-03-31 16:06:03.656  WARN 29781 --- [io-8080-exec-12] .w.s.m.s.DefaultHandlerExceptionResolver : Resolved [org.springframework.web.bind.MethodArgumentNotValidException: Validation failed for argument [0] in java.util.Map<java.lang.String, java.lang.Long> recipes.RecipesController.setRecipe(recipes.Recipe,org.springframework.security.core.userdetails.UserDetails) with 2 errors: [Field error in object 'recipe' on field 'description': rejected value [null]; codes [NotNull.recipe.description,NotNull.description,NotNull.java.lang.String,NotNull]; arguments [org.springframework.context.support.DefaultMessageSourceResolvable: codes [recipe.description,description]; arguments []; default message [description]]; default message [must not be null]] [Field error in object 'recipe' on field 'description': rejected value [null]; codes [NotBlank.recipe.description,NotBlank.description,NotBlank.java.lang.String,NotBlank]; arguments [org.springframework.context.support.DefaultMessageSourceResolvable: codes [recipe.description,description]; arguments []; default message [description]]; default message [must not be blank]] ]
?[0m?[0;34m2023-03-31 16:06:03.656 DEBUG 29781 --- [io-8080-exec-12] o.j.s.OpenEntityManagerInViewInterceptor : Closing JPA EntityManager in OpenEntityManagerInViewInterceptor
?[0m?[0;34m2023-03-31 16:06:03.656 DEBUG 29781 --- [io-8080-exec-12] o.s.web.servlet.DispatcherServlet        : Completed 400 BAD_REQUEST
?[0m?[0;34m2023-03-31 16:06:03.656 DEBUG 29781 --- [io-8080-exec-12] w.c.HttpSessionSecurityContextRepository : Stored SecurityContextImpl [Authentication=UsernamePasswordAuthenticationToken [Principal=recipes.UserDetailsImpl@496e3772, Credentials=[PROTECTED], Authenticated=true, Details=WebAuthenticationDetails [RemoteIpAddress=127.0.0.1, SessionId=null], Granted Authorities=[ROLE_USER]]] to HttpSession [org.apache.catalina.session.StandardSessionFacade@1eafbcfe]
?[0m?[0;34m2023-03-31 16:06:03.656 DEBUG 29781 --- [io-8080-exec-12] s.s.w.c.SecurityContextPersistenceFilter : Cleared SecurityContextHolder to complete request
?[0m?[0;34m2023-03-31 16:06:03.656 DEBUG 29781 --- [io-8080-exec-12] o.s.security.web.FilterChainProxy        : Securing POST /error
?[0m?[0;34m2023-03-31 16:06:03.656 DEBUG 29781 --- [io-8080-exec-12] w.c.HttpSessionSecurityContextRepository : Retrieved SecurityContextImpl [Authentication=UsernamePasswordAuthenticationToken [Principal=recipes.UserDetailsImpl@496e3772, Credentials=[PROTECTED], Authenticated=true, Details=WebAuthenticationDetails [RemoteIpAddress=127.0.0.1, SessionId=null], Granted Authorities=[ROLE_USER]]]
?[0m?[0;34m2023-03-31 16:06:03.656 DEBUG 29781 --- [io-8080-exec-12] s.s.w.c.SecurityContextPersistenceFilter : Set SecurityContextHolder to SecurityContextImpl [Authentication=UsernamePasswordAuthenticationToken [Principal=recipes.UserDetailsImpl@496e3772, Credentials=[PROTECTED], Authenticated=true, Details=WebAuthenticationDetails [RemoteIpAddress=127.0.0.1, SessionId=null], Granted Authorities=[ROLE_USER]]]
?[0m?[0;34m2023-03-31 16:06:03.656 DEBUG 29781 --- [io-8080-exec-12] o.s.security.web.FilterChainProxy        : Secured POST /error
?[0m?[0;34m2023-03-31 16:06:03.656 DEBUG 29781 --- [io-8080-exec-12] o.s.web.servlet.DispatcherServlet        : "ERROR" dispatch for POST "/error", parameters={}
?[0m?[0;34m2023-03-31 16:06:03.657 DEBUG 29781 --- [io-8080-exec-12] s.w.s.m.m.a.RequestMappingHandlerMapping : Mapped to org.springframework.boot.autoconfigure.web.servlet.error.BasicErrorController#error(HttpServletRequest)
?[0m?[0;34m2023-03-31 16:06:03.657 DEBUG 29781 --- [io-8080-exec-12] o.j.s.OpenEntityManagerInViewInterceptor : Opening JPA EntityManager in OpenEntityManagerInViewInterceptor
?[0m?[0;34m2023-03-31 16:06:03.657 DEBUG 29781 --- [io-8080-exec-12] o.s.w.s.m.m.a.HttpEntityMethodProcessor  : Using 'application/json', given [*/*] and supported [application/json, application/*+json, application/json, application/*+json]
?[0m?[0;34m2023-03-31 16:06:03.657 DEBUG 29781 --- [io-8080-exec-12] o.s.w.s.m.m.a.HttpEntityMethodProcessor  : Writing [{timestamp=Fri Mar 31 16:06:03 EEST 2023, status=400, error=Bad Request, path=/api/recipe/new}]
?[0m?[0;34m2023-03-31 16:06:03.657 DEBUG 29781 --- [io-8080-exec-12] o.j.s.OpenEntityManagerInViewInterceptor : Closing JPA EntityManager in OpenEntityManagerInViewInterceptor
?[0m?[0;34m2023-03-31 16:06:03.657 DEBUG 29781 --- [io-8080-exec-12] o.s.web.servlet.DispatcherServlet        : Exiting from "ERROR" dispatch, status 400
?[0m?[0;34m2023-03-31 16:06:03.657 DEBUG 29781 --- [io-8080-exec-12] s.s.w.c.SecurityContextPersistenceFilter : Cleared SecurityContextHolder to complete request
?[1;31m
Start test 46?[0m
?[0m?[0;34m2023-03-31 16:06:03.660 DEBUG 29781 --- [nio-8080-exec-4] o.s.security.web.FilterChainProxy        : Securing POST /api/recipe/new
?[0m?[0;34m2023-03-31 16:06:03.660 DEBUG 29781 --- [nio-8080-exec-4] s.s.w.c.SecurityContextPersistenceFilter : Set SecurityContextHolder to empty SecurityContext
?[0m?[0;34m2023-03-31 16:06:03.660 DEBUG 29781 --- [nio-8080-exec-4] tor$SharedEntityManagerInvocationHandler : Creating new EntityManager for shared EntityManager invocation
?[0m?[0;34m2023-03-31 16:06:03.743 DEBUG 29781 --- [nio-8080-exec-4] o.s.s.a.dao.DaoAuthenticationProvider    : Authenticated user
?[0m?[0;34m2023-03-31 16:06:03.743 DEBUG 29781 --- [nio-8080-exec-4] o.s.s.w.a.www.BasicAuthenticationFilter  : Set SecurityContextHolder to UsernamePasswordAuthenticationToken [Principal=recipes.UserDetailsImpl@3df84df3, Credentials=[PROTECTED], Authenticated=true, Details=WebAuthenticationDetails [RemoteIpAddress=127.0.0.1, SessionId=null], Granted Authorities=[ROLE_USER]]
?[0m?[0;34m2023-03-31 16:06:03.743 DEBUG 29781 --- [nio-8080-exec-4] w.c.HttpSessionSecurityContextRepository : Created HttpSession as SecurityContext is non-default
?[0m?[0;34m2023-03-31 16:06:03.743 DEBUG 29781 --- [nio-8080-exec-4] w.c.HttpSessionSecurityContextRepository : Stored SecurityContextImpl [Authentication=UsernamePasswordAuthenticationToken [Principal=recipes.UserDetailsImpl@3df84df3, Credentials=[PROTECTED], Authenticated=true, Details=WebAuthenticationDetails [RemoteIpAddress=127.0.0.1, SessionId=null], Granted Authorities=[ROLE_USER]]] to HttpSession [org.apache.catalina.session.StandardSessionFacade@53b804c1]
?[0m?[0;34m2023-03-31 16:06:03.743 DEBUG 29781 --- [nio-8080-exec-4] s.w.s.m.m.a.RequestMappingHandlerMapping : Mapped to recipes.RecipesController#setRecipe(Recipe, UserDetails)
?[0m?[0;34m2023-03-31 16:06:03.743 DEBUG 29781 --- [nio-8080-exec-4] s.w.s.m.m.a.RequestMappingHandlerMapping : Mapped to recipes.RecipesController#setRecipe(Recipe, UserDetails)
?[0m?[0;34m2023-03-31 16:06:03.744 DEBUG 29781 --- [nio-8080-exec-4] o.s.s.w.a.i.FilterSecurityInterceptor    : Authorized filter invocation [POST /api/recipe/new] with attributes [hasRole('ROLE_USER')]
?[0m?[0;34m2023-03-31 16:06:03.744 DEBUG 29781 --- [nio-8080-exec-4] o.s.security.web.FilterChainProxy        : Secured POST /api/recipe/new
?[0m?[0;34m2023-03-31 16:06:03.744 DEBUG 29781 --- [nio-8080-exec-4] o.s.web.servlet.DispatcherServlet        : POST "/api/recipe/new", parameters={}
?[0m?[0;34m2023-03-31 16:06:03.744 DEBUG 29781 --- [nio-8080-exec-4] s.w.s.m.m.a.RequestMappingHandlerMapping : Mapped to recipes.RecipesController#setRecipe(Recipe, UserDetails)
?[0m?[0;34m2023-03-31 16:06:03.744 DEBUG 29781 --- [nio-8080-exec-4] o.j.s.OpenEntityManagerInViewInterceptor : Opening JPA EntityManager in OpenEntityManagerInViewInterceptor
?[0m?[0;34m2023-03-31 16:06:03.744 DEBUG 29781 --- [nio-8080-exec-4] m.m.a.RequestResponseBodyMethodProcessor : Read "application/json;charset=UTF-8" to [Recipe(id=0, name=Fresh Mint Tea, category=beverage, date=null, description=Light, aromatic and refr (truncated)...]
?[0m?[0;34m2023-03-31 16:06:03.745 DEBUG 29781 --- [nio-8080-exec-4] w.c.HttpSessionSecurityContextRepository : Stored SecurityContextImpl [Authentication=UsernamePasswordAuthenticationToken [Principal=recipes.UserDetailsImpl@3df84df3, Credentials=[PROTECTED], Authenticated=true, Details=WebAuthenticationDetails [RemoteIpAddress=127.0.0.1, SessionId=null], Granted Authorities=[ROLE_USER]]] to HttpSession [org.apache.catalina.session.StandardSessionFacade@53b804c1]
?[0m?[0;34m2023-03-31 16:06:03.745  WARN 29781 --- [nio-8080-exec-4] .w.s.m.s.DefaultHandlerExceptionResolver : Resolved [org.springframework.web.bind.MethodArgumentNotValidException: Validation failed for argument [0] in java.util.Map<java.lang.String, java.lang.Long> recipes.RecipesController.setRecipe(recipes.Recipe,org.springframework.security.core.userdetails.UserDetails): [Field error in object 'recipe' on field 'ingredients': rejected value [null]; codes [NotNull.recipe.ingredients,NotNull.ingredients,NotNull.java.util.List,NotNull]; arguments [org.springframework.context.support.DefaultMessageSourceResolvable: codes [recipe.ingredients,ingredients]; arguments []; default message [ingredients]]; default message [must not be null]] ]
?[0m?[0;34m2023-03-31 16:06:03.745 DEBUG 29781 --- [nio-8080-exec-4] o.j.s.OpenEntityManagerInViewInterceptor : Closing JPA EntityManager in OpenEntityManagerInViewInterceptor
?[0m?[0;34m2023-03-31 16:06:03.745 DEBUG 29781 --- [nio-8080-exec-4] o.s.web.servlet.DispatcherServlet        : Completed 400 BAD_REQUEST
?[0m?[0;34m2023-03-31 16:06:03.745 DEBUG 29781 --- [nio-8080-exec-4] w.c.HttpSessionSecurityContextRepository : Stored SecurityContextImpl [Authentication=UsernamePasswordAuthenticationToken [Principal=recipes.UserDetailsImpl@3df84df3, Credentials=[PROTECTED], Authenticated=true, Details=WebAuthenticationDetails [RemoteIpAddress=127.0.0.1, SessionId=null], Granted Authorities=[ROLE_USER]]] to HttpSession [org.apache.catalina.session.StandardSessionFacade@53b804c1]
?[0m?[0;34m2023-03-31 16:06:03.745 DEBUG 29781 --- [nio-8080-exec-4] s.s.w.c.SecurityContextPersistenceFilter : Cleared SecurityContextHolder to complete request
?[0m?[0;34m2023-03-31 16:06:03.745 DEBUG 29781 --- [nio-8080-exec-4] o.s.security.web.FilterChainProxy        : Securing POST /error
?[0m?[0;34m2023-03-31 16:06:03.745 DEBUG 29781 --- [nio-8080-exec-4] w.c.HttpSessionSecurityContextRepository : Retrieved SecurityContextImpl [Authentication=UsernamePasswordAuthenticationToken [Principal=recipes.UserDetailsImpl@3df84df3, Credentials=[PROTECTED], Authenticated=true, Details=WebAuthenticationDetails [RemoteIpAddress=127.0.0.1, SessionId=null], Granted Authorities=[ROLE_USER]]]
?[0m?[0;34m2023-03-31 16:06:03.745 DEBUG 29781 --- [nio-8080-exec-4] s.s.w.c.SecurityContextPersistenceFilter : Set SecurityContextHolder to SecurityContextImpl [Authentication=UsernamePasswordAuthenticationToken [Principal=recipes.UserDetailsImpl@3df84df3, Credentials=[PROTECTED], Authenticated=true, Details=WebAuthenticationDetails [RemoteIpAddress=127.0.0.1, SessionId=null], Granted Authorities=[ROLE_USER]]]
?[0m?[0;34m2023-03-31 16:06:03.745 DEBUG 29781 --- [nio-8080-exec-4] o.s.security.web.FilterChainProxy        : Secured POST /error
?[0m?[0;34m2023-03-31 16:06:03.745 DEBUG 29781 --- [nio-8080-exec-4] o.s.web.servlet.DispatcherServlet        : "ERROR" dispatch for POST "/error", parameters={}
?[0m?[0;34m2023-03-31 16:06:03.745 DEBUG 29781 --- [nio-8080-exec-4] s.w.s.m.m.a.RequestMappingHandlerMapping : Mapped to org.springframework.boot.autoconfigure.web.servlet.error.BasicErrorController#error(HttpServletRequest)
?[0m?[0;34m2023-03-31 16:06:03.745 DEBUG 29781 --- [nio-8080-exec-4] o.j.s.OpenEntityManagerInViewInterceptor : Opening JPA EntityManager in OpenEntityManagerInViewInterceptor
?[0m?[0;34m2023-03-31 16:06:03.746 DEBUG 29781 --- [nio-8080-exec-4] o.s.w.s.m.m.a.HttpEntityMethodProcessor  : Using 'application/json', given [*/*] and supported [application/json, application/*+json, application/json, application/*+json]
?[0m?[0;34m2023-03-31 16:06:03.746 DEBUG 29781 --- [nio-8080-exec-4] o.s.w.s.m.m.a.HttpEntityMethodProcessor  : Writing [{timestamp=Fri Mar 31 16:06:03 EEST 2023, status=400, error=Bad Request, path=/api/recipe/new}]
?[0m?[0;34m2023-03-31 16:06:03.746 DEBUG 29781 --- [nio-8080-exec-4] o.j.s.OpenEntityManagerInViewInterceptor : Closing JPA EntityManager in OpenEntityManagerInViewInterceptor
?[0m?[0;34m2023-03-31 16:06:03.746 DEBUG 29781 --- [nio-8080-exec-4] o.s.web.servlet.DispatcherServlet        : Exiting from "ERROR" dispatch, status 400
?[0m?[0;34m2023-03-31 16:06:03.746 DEBUG 29781 --- [nio-8080-exec-4] s.s.w.c.SecurityContextPersistenceFilter : Cleared SecurityContextHolder to complete request
?[1;31m
Start test 47?[0m
?[0m?[0;34m2023-03-31 16:06:03.749 DEBUG 29781 --- [nio-8080-exec-6] o.s.security.web.FilterChainProxy        : Securing POST /api/recipe/new
?[0m?[0;34m2023-03-31 16:06:03.749 DEBUG 29781 --- [nio-8080-exec-6] s.s.w.c.SecurityContextPersistenceFilter : Set SecurityContextHolder to empty SecurityContext
?[0m?[0;34m2023-03-31 16:06:03.749 DEBUG 29781 --- [nio-8080-exec-6] tor$SharedEntityManagerInvocationHandler : Creating new EntityManager for shared EntityManager invocation
?[0m?[0;34m2023-03-31 16:06:03.831 DEBUG 29781 --- [nio-8080-exec-6] o.s.s.a.dao.DaoAuthenticationProvider    : Authenticated user
?[0m?[0;34m2023-03-31 16:06:03.831 DEBUG 29781 --- [nio-8080-exec-6] o.s.s.w.a.www.BasicAuthenticationFilter  : Set SecurityContextHolder to UsernamePasswordAuthenticationToken [Principal=recipes.UserDetailsImpl@52b13f31, Credentials=[PROTECTED], Authenticated=true, Details=WebAuthenticationDetails [RemoteIpAddress=127.0.0.1, SessionId=null], Granted Authorities=[ROLE_USER]]
?[0m?[0;34m2023-03-31 16:06:03.832 DEBUG 29781 --- [nio-8080-exec-6] w.c.HttpSessionSecurityContextRepository : Created HttpSession as SecurityContext is non-default
?[0m?[0;34m2023-03-31 16:06:03.832 DEBUG 29781 --- [nio-8080-exec-6] w.c.HttpSessionSecurityContextRepository : Stored SecurityContextImpl [Authentication=UsernamePasswordAuthenticationToken [Principal=recipes.UserDetailsImpl@52b13f31, Credentials=[PROTECTED], Authenticated=true, Details=WebAuthenticationDetails [RemoteIpAddress=127.0.0.1, SessionId=null], Granted Authorities=[ROLE_USER]]] to HttpSession [org.apache.catalina.session.StandardSessionFacade@42685fd7]
?[0m?[0;34m2023-03-31 16:06:03.832 DEBUG 29781 --- [nio-8080-exec-6] s.w.s.m.m.a.RequestMappingHandlerMapping : Mapped to recipes.RecipesController#setRecipe(Recipe, UserDetails)
?[0m?[0;34m2023-03-31 16:06:03.832 DEBUG 29781 --- [nio-8080-exec-6] s.w.s.m.m.a.RequestMappingHandlerMapping : Mapped to recipes.RecipesController#setRecipe(Recipe, UserDetails)
?[0m?[0;34m2023-03-31 16:06:03.832 DEBUG 29781 --- [nio-8080-exec-6] o.s.s.w.a.i.FilterSecurityInterceptor    : Authorized filter invocation [POST /api/recipe/new] with attributes [hasRole('ROLE_USER')]
?[0m?[0;34m2023-03-31 16:06:03.832 DEBUG 29781 --- [nio-8080-exec-6] o.s.security.web.FilterChainProxy        : Secured POST /api/recipe/new
?[0m?[0;34m2023-03-31 16:06:03.832 DEBUG 29781 --- [nio-8080-exec-6] o.s.web.servlet.DispatcherServlet        : POST "/api/recipe/new", parameters={}
?[0m?[0;34m2023-03-31 16:06:03.832 DEBUG 29781 --- [nio-8080-exec-6] s.w.s.m.m.a.RequestMappingHandlerMapping : Mapped to recipes.RecipesController#setRecipe(Recipe, UserDetails)
?[0m?[0;34m2023-03-31 16:06:03.832 DEBUG 29781 --- [nio-8080-exec-6] o.j.s.OpenEntityManagerInViewInterceptor : Opening JPA EntityManager in OpenEntityManagerInViewInterceptor
?[0m?[0;34m2023-03-31 16:06:03.833 DEBUG 29781 --- [nio-8080-exec-6] m.m.a.RequestResponseBodyMethodProcessor : Read "application/json;charset=UTF-8" to [Recipe(id=0, name=Warming Ginger Tea, category=beverage, date=null, description=Ginger tea is a warm (truncated)...]
?[0m?[0;34m2023-03-31 16:06:03.833 DEBUG 29781 --- [nio-8080-exec-6] w.c.HttpSessionSecurityContextRepository : Stored SecurityContextImpl [Authentication=UsernamePasswordAuthenticationToken [Principal=recipes.UserDetailsImpl@52b13f31, Credentials=[PROTECTED], Authenticated=true, Details=WebAuthenticationDetails [RemoteIpAddress=127.0.0.1, SessionId=null], Granted Authorities=[ROLE_USER]]] to HttpSession [org.apache.catalina.session.StandardSessionFacade@42685fd7]
?[0m?[0;34m2023-03-31 16:06:03.833  WARN 29781 --- [nio-8080-exec-6] .w.s.m.s.DefaultHandlerExceptionResolver : Resolved [org.springframework.web.bind.MethodArgumentNotValidException: Validation failed for argument [0] in java.util.Map<java.lang.String, java.lang.Long> recipes.RecipesController.setRecipe(recipes.Recipe,org.springframework.security.core.userdetails.UserDetails): [Field error in object 'recipe' on field 'directions': rejected value [null]; codes [NotNull.recipe.directions,NotNull.directions,NotNull.java.util.List,NotNull]; arguments [org.springframework.context.support.DefaultMessageSourceResolvable: codes [recipe.directions,directions]; arguments []; default message [directions]]; default message [must not be null]] ]
?[0m?[0;34m2023-03-31 16:06:03.833 DEBUG 29781 --- [nio-8080-exec-6] o.j.s.OpenEntityManagerInViewInterceptor : Closing JPA EntityManager in OpenEntityManagerInViewInterceptor
?[0m?[0;34m2023-03-31 16:06:03.833 DEBUG 29781 --- [nio-8080-exec-6] o.s.web.servlet.DispatcherServlet        : Completed 400 BAD_REQUEST
?[0m?[0;34m2023-03-31 16:06:03.833 DEBUG 29781 --- [nio-8080-exec-6] w.c.HttpSessionSecurityContextRepository : Stored SecurityContextImpl [Authentication=UsernamePasswordAuthenticationToken [Principal=recipes.UserDetailsImpl@52b13f31, Credentials=[PROTECTED], Authenticated=true, Details=WebAuthenticationDetails [RemoteIpAddress=127.0.0.1, SessionId=null], Granted Authorities=[ROLE_USER]]] to HttpSession [org.apache.catalina.session.StandardSessionFacade@42685fd7]
?[0m?[0;34m2023-03-31 16:06:03.833 DEBUG 29781 --- [nio-8080-exec-6] s.s.w.c.SecurityContextPersistenceFilter : Cleared SecurityContextHolder to complete request
?[0m?[0;34m2023-03-31 16:06:03.833 DEBUG 29781 --- [nio-8080-exec-6] o.s.security.web.FilterChainProxy        : Securing POST /error
?[0m?[0;34m2023-03-31 16:06:03.834 DEBUG 29781 --- [nio-8080-exec-6] w.c.HttpSessionSecurityContextRepository : Retrieved SecurityContextImpl [Authentication=UsernamePasswordAuthenticationToken [Principal=recipes.UserDetailsImpl@52b13f31, Credentials=[PROTECTED], Authenticated=true, Details=WebAuthenticationDetails [RemoteIpAddress=127.0.0.1, SessionId=null], Granted Authorities=[ROLE_USER]]]
?[0m?[0;34m2023-03-31 16:06:03.834 DEBUG 29781 --- [nio-8080-exec-6] s.s.w.c.SecurityContextPersistenceFilter : Set SecurityContextHolder to SecurityContextImpl [Authentication=UsernamePasswordAuthenticationToken [Principal=recipes.UserDetailsImpl@52b13f31, Credentials=[PROTECTED], Authenticated=true, Details=WebAuthenticationDetails [RemoteIpAddress=127.0.0.1, SessionId=null], Granted Authorities=[ROLE_USER]]]
?[0m?[0;34m2023-03-31 16:06:03.834 DEBUG 29781 --- [nio-8080-exec-6] o.s.security.web.FilterChainProxy        : Secured POST /error
?[0m?[0;34m2023-03-31 16:06:03.834 DEBUG 29781 --- [nio-8080-exec-6] o.s.web.servlet.DispatcherServlet        : "ERROR" dispatch for POST "/error", parameters={}
?[0m?[0;34m2023-03-31 16:06:03.834 DEBUG 29781 --- [nio-8080-exec-6] s.w.s.m.m.a.RequestMappingHandlerMapping : Mapped to org.springframework.boot.autoconfigure.web.servlet.error.BasicErrorController#error(HttpServletRequest)
?[0m?[0;34m2023-03-31 16:06:03.834 DEBUG 29781 --- [nio-8080-exec-6] o.j.s.OpenEntityManagerInViewInterceptor : Opening JPA EntityManager in OpenEntityManagerInViewInterceptor
?[0m?[0;34m2023-03-31 16:06:03.834 DEBUG 29781 --- [nio-8080-exec-6] o.s.w.s.m.m.a.HttpEntityMethodProcessor  : Using 'application/json', given [*/*] and supported [application/json, application/*+json, application/json, application/*+json]
?[0m?[0;34m2023-03-31 16:06:03.834 DEBUG 29781 --- [nio-8080-exec-6] o.s.w.s.m.m.a.HttpEntityMethodProcessor  : Writing [{timestamp=Fri Mar 31 16:06:03 EEST 2023, status=400, error=Bad Request, path=/api/recipe/new}]
?[0m?[0;34m2023-03-31 16:06:03.834 DEBUG 29781 --- [nio-8080-exec-6] o.j.s.OpenEntityManagerInViewInterceptor : Closing JPA EntityManager in OpenEntityManagerInViewInterceptor
?[0m?[0;34m2023-03-31 16:06:03.834 DEBUG 29781 --- [nio-8080-exec-6] o.s.web.servlet.DispatcherServlet        : Exiting from "ERROR" dispatch, status 400
?[0m?[0;34m2023-03-31 16:06:03.834 DEBUG 29781 --- [nio-8080-exec-6] s.s.w.c.SecurityContextPersistenceFilter : Cleared SecurityContextHolder to complete request
?[1;31m
Start test 48?[0m
?[0m?[0;34m2023-03-31 16:06:03.838 DEBUG 29781 --- [io-8080-exec-10] o.s.security.web.FilterChainProxy        : Securing POST /api/recipe/new
?[0m?[0;34m2023-03-31 16:06:03.838 DEBUG 29781 --- [io-8080-exec-10] s.s.w.c.SecurityContextPersistenceFilter : Set SecurityContextHolder to empty SecurityContext
?[0m?[0;34m2023-03-31 16:06:03.838 DEBUG 29781 --- [io-8080-exec-10] tor$SharedEntityManagerInvocationHandler : Creating new EntityManager for shared EntityManager invocation
?[0m?[0;34m2023-03-31 16:06:03.920 DEBUG 29781 --- [io-8080-exec-10] o.s.s.a.dao.DaoAuthenticationProvider    : Authenticated user
?[0m?[0;34m2023-03-31 16:06:03.920 DEBUG 29781 --- [io-8080-exec-10] o.s.s.w.a.www.BasicAuthenticationFilter  : Set SecurityContextHolder to UsernamePasswordAuthenticationToken [Principal=recipes.UserDetailsImpl@70aa0eda, Credentials=[PROTECTED], Authenticated=true, Details=WebAuthenticationDetails [RemoteIpAddress=127.0.0.1, SessionId=null], Granted Authorities=[ROLE_USER]]
?[0m?[0;34m2023-03-31 16:06:03.920 DEBUG 29781 --- [io-8080-exec-10] w.c.HttpSessionSecurityContextRepository : Created HttpSession as SecurityContext is non-default
?[0m?[0;34m2023-03-31 16:06:03.920 DEBUG 29781 --- [io-8080-exec-10] w.c.HttpSessionSecurityContextRepository : Stored SecurityContextImpl [Authentication=UsernamePasswordAuthenticationToken [Principal=recipes.UserDetailsImpl@70aa0eda, Credentials=[PROTECTED], Authenticated=true, Details=WebAuthenticationDetails [RemoteIpAddress=127.0.0.1, SessionId=null], Granted Authorities=[ROLE_USER]]] to HttpSession [org.apache.catalina.session.StandardSessionFacade@e93ab3f]
?[0m?[0;34m2023-03-31 16:06:03.921 DEBUG 29781 --- [io-8080-exec-10] s.w.s.m.m.a.RequestMappingHandlerMapping : Mapped to recipes.RecipesController#setRecipe(Recipe, UserDetails)
?[0m?[0;34m2023-03-31 16:06:03.921 DEBUG 29781 --- [io-8080-exec-10] s.w.s.m.m.a.RequestMappingHandlerMapping : Mapped to recipes.RecipesController#setRecipe(Recipe, UserDetails)
?[0m?[0;34m2023-03-31 16:06:03.921 DEBUG 29781 --- [io-8080-exec-10] o.s.s.w.a.i.FilterSecurityInterceptor    : Authorized filter invocation [POST /api/recipe/new] with attributes [hasRole('ROLE_USER')]
?[0m?[0;34m2023-03-31 16:06:03.921 DEBUG 29781 --- [io-8080-exec-10] o.s.security.web.FilterChainProxy        : Secured POST /api/recipe/new
?[0m?[0;34m2023-03-31 16:06:03.921 DEBUG 29781 --- [io-8080-exec-10] o.s.web.servlet.DispatcherServlet        : POST "/api/recipe/new", parameters={}
?[0m?[0;34m2023-03-31 16:06:03.921 DEBUG 29781 --- [io-8080-exec-10] s.w.s.m.m.a.RequestMappingHandlerMapping : Mapped to recipes.RecipesController#setRecipe(Recipe, UserDetails)
?[0m?[0;34m2023-03-31 16:06:03.921 DEBUG 29781 --- [io-8080-exec-10] o.j.s.OpenEntityManagerInViewInterceptor : Opening JPA EntityManager in OpenEntityManagerInViewInterceptor
?[0m?[0;34m2023-03-31 16:06:03.922 DEBUG 29781 --- [io-8080-exec-10] m.m.a.RequestResponseBodyMethodProcessor : Read "application/json;charset=UTF-8" to [Recipe(id=0, name=  , category=beverage, date=null, description=Light, aromatic and refreshing bever (truncated)...]
?[0m?[0;34m2023-03-31 16:06:03.922 DEBUG 29781 --- [io-8080-exec-10] w.c.HttpSessionSecurityContextRepository : Stored SecurityContextImpl [Authentication=UsernamePasswordAuthenticationToken [Principal=recipes.UserDetailsImpl@70aa0eda, Credentials=[PROTECTED], Authenticated=true, Details=WebAuthenticationDetails [RemoteIpAddress=127.0.0.1, SessionId=null], Granted Authorities=[ROLE_USER]]] to HttpSession [org.apache.catalina.session.StandardSessionFacade@e93ab3f]
?[0m?[0;34m2023-03-31 16:06:03.922  WARN 29781 --- [io-8080-exec-10] .w.s.m.s.DefaultHandlerExceptionResolver : Resolved [org.springframework.web.bind.MethodArgumentNotValidException: Validation failed for argument [0] in java.util.Map<java.lang.String, java.lang.Long> recipes.RecipesController.setRecipe(recipes.Recipe,org.springframework.security.core.userdetails.UserDetails): [Field error in object 'recipe' on field 'name': rejected value [  ]; codes [NotBlank.recipe.name,NotBlank.name,NotBlank.java.lang.String,NotBlank]; arguments [org.springframework.context.support.DefaultMessageSourceResolvable: codes [recipe.name,name]; arguments []; default message [name]]; default message [must not be blank]] ]
?[0m?[0;34m2023-03-31 16:06:03.922 DEBUG 29781 --- [io-8080-exec-10] o.j.s.OpenEntityManagerInViewInterceptor : Closing JPA EntityManager in OpenEntityManagerInViewInterceptor
?[0m?[0;34m2023-03-31 16:06:03.922 DEBUG 29781 --- [io-8080-exec-10] o.s.web.servlet.DispatcherServlet        : Completed 400 BAD_REQUEST
?[0m?[0;34m2023-03-31 16:06:03.922 DEBUG 29781 --- [io-8080-exec-10] w.c.HttpSessionSecurityContextRepository : Stored SecurityContextImpl [Authentication=UsernamePasswordAuthenticationToken [Principal=recipes.UserDetailsImpl@70aa0eda, Credentials=[PROTECTED], Authenticated=true, Details=WebAuthenticationDetails [RemoteIpAddress=127.0.0.1, SessionId=null], Granted Authorities=[ROLE_USER]]] to HttpSession [org.apache.catalina.session.StandardSessionFacade@e93ab3f]
?[0m?[0;34m2023-03-31 16:06:03.922 DEBUG 29781 --- [io-8080-exec-10] s.s.w.c.SecurityContextPersistenceFilter : Cleared SecurityContextHolder to complete request
?[0m?[0;34m2023-03-31 16:06:03.922 DEBUG 29781 --- [io-8080-exec-10] o.s.security.web.FilterChainProxy        : Securing POST /error
?[0m?[0;34m2023-03-31 16:06:03.922 DEBUG 29781 --- [io-8080-exec-10] w.c.HttpSessionSecurityContextRepository : Retrieved SecurityContextImpl [Authentication=UsernamePasswordAuthenticationToken [Principal=recipes.UserDetailsImpl@70aa0eda, Credentials=[PROTECTED], Authenticated=true, Details=WebAuthenticationDetails [RemoteIpAddress=127.0.0.1, SessionId=null], Granted Authorities=[ROLE_USER]]]
?[0m?[0;34m2023-03-31 16:06:03.922 DEBUG 29781 --- [io-8080-exec-10] s.s.w.c.SecurityContextPersistenceFilter : Set SecurityContextHolder to SecurityContextImpl [Authentication=UsernamePasswordAuthenticationToken [Principal=recipes.UserDetailsImpl@70aa0eda, Credentials=[PROTECTED], Authenticated=true, Details=WebAuthenticationDetails [RemoteIpAddress=127.0.0.1, SessionId=null], Granted Authorities=[ROLE_USER]]]
?[0m?[0;34m2023-03-31 16:06:03.922 DEBUG 29781 --- [io-8080-exec-10] o.s.security.web.FilterChainProxy        : Secured POST /error
?[0m?[0;34m2023-03-31 16:06:03.922 DEBUG 29781 --- [io-8080-exec-10] o.s.web.servlet.DispatcherServlet        : "ERROR" dispatch for POST "/error", parameters={}
?[0m?[0;34m2023-03-31 16:06:03.923 DEBUG 29781 --- [io-8080-exec-10] s.w.s.m.m.a.RequestMappingHandlerMapping : Mapped to org.springframework.boot.autoconfigure.web.servlet.error.BasicErrorController#error(HttpServletRequest)
?[0m?[0;34m2023-03-31 16:06:03.923 DEBUG 29781 --- [io-8080-exec-10] o.j.s.OpenEntityManagerInViewInterceptor : Opening JPA EntityManager in OpenEntityManagerInViewInterceptor
?[0m?[0;34m2023-03-31 16:06:03.923 DEBUG 29781 --- [io-8080-exec-10] o.s.w.s.m.m.a.HttpEntityMethodProcessor  : Using 'application/json', given [*/*] and supported [application/json, application/*+json, application/json, application/*+json]
?[0m?[0;34m2023-03-31 16:06:03.923 DEBUG 29781 --- [io-8080-exec-10] o.s.w.s.m.m.a.HttpEntityMethodProcessor  : Writing [{timestamp=Fri Mar 31 16:06:03 EEST 2023, status=400, error=Bad Request, path=/api/recipe/new}]
?[0m?[0;34m2023-03-31 16:06:03.923 DEBUG 29781 --- [io-8080-exec-10] o.j.s.OpenEntityManagerInViewInterceptor : Closing JPA EntityManager in OpenEntityManagerInViewInterceptor
?[0m?[0;34m2023-03-31 16:06:03.923 DEBUG 29781 --- [io-8080-exec-10] o.s.web.servlet.DispatcherServlet        : Exiting from "ERROR" dispatch, status 400
?[0m?[0;34m2023-03-31 16:06:03.923 DEBUG 29781 --- [io-8080-exec-10] s.s.w.c.SecurityContextPersistenceFilter : Cleared SecurityContextHolder to complete request
?[1;31m
Start test 49?[0m
?[0m?[0;34m2023-03-31 16:06:03.926 DEBUG 29781 --- [nio-8080-exec-1] o.s.security.web.FilterChainProxy        : Securing POST /api/recipe/new
?[0m?[0;34m2023-03-31 16:06:03.926 DEBUG 29781 --- [nio-8080-exec-1] s.s.w.c.SecurityContextPersistenceFilter : Set SecurityContextHolder to empty SecurityContext
?[0m?[0;34m2023-03-31 16:06:03.926 DEBUG 29781 --- [nio-8080-exec-1] tor$SharedEntityManagerInvocationHandler : Creating new EntityManager for shared EntityManager invocation
?[0m?[0;34m2023-03-31 16:06:04.008 DEBUG 29781 --- [nio-8080-exec-1] o.s.s.a.dao.DaoAuthenticationProvider    : Authenticated user
?[0m?[0;34m2023-03-31 16:06:04.008 DEBUG 29781 --- [nio-8080-exec-1] o.s.s.w.a.www.BasicAuthenticationFilter  : Set SecurityContextHolder to UsernamePasswordAuthenticationToken [Principal=recipes.UserDetailsImpl@4659c7e0, Credentials=[PROTECTED], Authenticated=true, Details=WebAuthenticationDetails [RemoteIpAddress=127.0.0.1, SessionId=null], Granted Authorities=[ROLE_USER]]
?[0m?[0;34m2023-03-31 16:06:04.008 DEBUG 29781 --- [nio-8080-exec-1] w.c.HttpSessionSecurityContextRepository : Created HttpSession as SecurityContext is non-default
?[0m?[0;34m2023-03-31 16:06:04.008 DEBUG 29781 --- [nio-8080-exec-1] w.c.HttpSessionSecurityContextRepository : Stored SecurityContextImpl [Authentication=UsernamePasswordAuthenticationToken [Principal=recipes.UserDetailsImpl@4659c7e0, Credentials=[PROTECTED], Authenticated=true, Details=WebAuthenticationDetails [RemoteIpAddress=127.0.0.1, SessionId=null], Granted Authorities=[ROLE_USER]]] to HttpSession [org.apache.catalina.session.StandardSessionFacade@473807bd]
?[0m?[0;34m2023-03-31 16:06:04.008 DEBUG 29781 --- [nio-8080-exec-1] s.w.s.m.m.a.RequestMappingHandlerMapping : Mapped to recipes.RecipesController#setRecipe(Recipe, UserDetails)
?[0m?[0;34m2023-03-31 16:06:04.008 DEBUG 29781 --- [nio-8080-exec-1] s.w.s.m.m.a.RequestMappingHandlerMapping : Mapped to recipes.RecipesController#setRecipe(Recipe, UserDetails)
?[0m?[0;34m2023-03-31 16:06:04.008 DEBUG 29781 --- [nio-8080-exec-1] o.s.s.w.a.i.FilterSecurityInterceptor    : Authorized filter invocation [POST /api/recipe/new] with attributes [hasRole('ROLE_USER')]
?[0m?[0;34m2023-03-31 16:06:04.008 DEBUG 29781 --- [nio-8080-exec-1] o.s.security.web.FilterChainProxy        : Secured POST /api/recipe/new
?[0m?[0;34m2023-03-31 16:06:04.008 DEBUG 29781 --- [nio-8080-exec-1] o.s.web.servlet.DispatcherServlet        : POST "/api/recipe/new", parameters={}
?[0m?[0;34m2023-03-31 16:06:04.008 DEBUG 29781 --- [nio-8080-exec-1] s.w.s.m.m.a.RequestMappingHandlerMapping : Mapped to recipes.RecipesController#setRecipe(Recipe, UserDetails)
?[0m?[0;34m2023-03-31 16:06:04.008 DEBUG 29781 --- [nio-8080-exec-1] o.j.s.OpenEntityManagerInViewInterceptor : Opening JPA EntityManager in OpenEntityManagerInViewInterceptor
?[0m?[0;34m2023-03-31 16:06:04.009 DEBUG 29781 --- [nio-8080-exec-1] m.m.a.RequestResponseBodyMethodProcessor : Read "application/json;charset=UTF-8" to [Recipe(id=0, name=Fresh Mint Tea, category=  , date=null, description=Light, aromatic and refreshing (truncated)...]
?[0m?[0;34m2023-03-31 16:06:04.009 DEBUG 29781 --- [nio-8080-exec-1] w.c.HttpSessionSecurityContextRepository : Stored SecurityContextImpl [Authentication=UsernamePasswordAuthenticationToken [Principal=recipes.UserDetailsImpl@4659c7e0, Credentials=[PROTECTED], Authenticated=true, Details=WebAuthenticationDetails [RemoteIpAddress=127.0.0.1, SessionId=null], Granted Authorities=[ROLE_USER]]] to HttpSession [org.apache.catalina.session.StandardSessionFacade@473807bd]
?[0m?[0;34m2023-03-31 16:06:04.009  WARN 29781 --- [nio-8080-exec-1] .w.s.m.s.DefaultHandlerExceptionResolver : Resolved [org.springframework.web.bind.MethodArgumentNotValidException: Validation failed for argument [0] in java.util.Map<java.lang.String, java.lang.Long> recipes.RecipesController.setRecipe(recipes.Recipe,org.springframework.security.core.userdetails.UserDetails): [Field error in object 'recipe' on field 'category': rejected value [  ]; codes [NotBlank.recipe.category,NotBlank.category,NotBlank.java.lang.String,NotBlank]; arguments [org.springframework.context.support.DefaultMessageSourceResolvable: codes [recipe.category,category]; arguments []; default message [category]]; default message [must not be blank]] ]
?[0m?[0;34m2023-03-31 16:06:04.009 DEBUG 29781 --- [nio-8080-exec-1] o.j.s.OpenEntityManagerInViewInterceptor : Closing JPA EntityManager in OpenEntityManagerInViewInterceptor
?[0m?[0;34m2023-03-31 16:06:04.009 DEBUG 29781 --- [nio-8080-exec-1] o.s.web.servlet.DispatcherServlet        : Completed 400 BAD_REQUEST
?[0m?[0;34m2023-03-31 16:06:04.010 DEBUG 29781 --- [nio-8080-exec-1] w.c.HttpSessionSecurityContextRepository : Stored SecurityContextImpl [Authentication=UsernamePasswordAuthenticationToken [Principal=recipes.UserDetailsImpl@4659c7e0, Credentials=[PROTECTED], Authenticated=true, Details=WebAuthenticationDetails [RemoteIpAddress=127.0.0.1, SessionId=null], Granted Authorities=[ROLE_USER]]] to HttpSession [org.apache.catalina.session.StandardSessionFacade@473807bd]
?[0m?[0;34m2023-03-31 16:06:04.010 DEBUG 29781 --- [nio-8080-exec-1] s.s.w.c.SecurityContextPersistenceFilter : Cleared SecurityContextHolder to complete request
?[0m?[0;34m2023-03-31 16:06:04.010 DEBUG 29781 --- [nio-8080-exec-1] o.s.security.web.FilterChainProxy        : Securing POST /error
?[0m?[0;34m2023-03-31 16:06:04.010 DEBUG 29781 --- [nio-8080-exec-1] w.c.HttpSessionSecurityContextRepository : Retrieved SecurityContextImpl [Authentication=UsernamePasswordAuthenticationToken [Principal=recipes.UserDetailsImpl@4659c7e0, Credentials=[PROTECTED], Authenticated=true, Details=WebAuthenticationDetails [RemoteIpAddress=127.0.0.1, SessionId=null], Granted Authorities=[ROLE_USER]]]
?[0m?[0;34m2023-03-31 16:06:04.010 DEBUG 29781 --- [nio-8080-exec-1] s.s.w.c.SecurityContextPersistenceFilter : Set SecurityContextHolder to SecurityContextImpl [Authentication=UsernamePasswordAuthenticationToken [Principal=recipes.UserDetailsImpl@4659c7e0, Credentials=[PROTECTED], Authenticated=true, Details=WebAuthenticationDetails [RemoteIpAddress=127.0.0.1, SessionId=null], Granted Authorities=[ROLE_USER]]]
?[0m?[0;34m2023-03-31 16:06:04.010 DEBUG 29781 --- [nio-8080-exec-1] o.s.security.web.FilterChainProxy        : Secured POST /error
?[0m?[0;34m2023-03-31 16:06:04.010 DEBUG 29781 --- [nio-8080-exec-1] o.s.web.servlet.DispatcherServlet        : "ERROR" dispatch for POST "/error", parameters={}
?[0m?[0;34m2023-03-31 16:06:04.010 DEBUG 29781 --- [nio-8080-exec-1] s.w.s.m.m.a.RequestMappingHandlerMapping : Mapped to org.springframework.boot.autoconfigure.web.servlet.error.BasicErrorController#error(HttpServletRequest)
?[0m?[0;34m2023-03-31 16:06:04.010 DEBUG 29781 --- [nio-8080-exec-1] o.j.s.OpenEntityManagerInViewInterceptor : Opening JPA EntityManager in OpenEntityManagerInViewInterceptor
?[0m?[0;34m2023-03-31 16:06:04.010 DEBUG 29781 --- [nio-8080-exec-1] o.s.w.s.m.m.a.HttpEntityMethodProcessor  : Using 'application/json', given [*/*] and supported [application/json, application/*+json, application/json, application/*+json]
?[0m?[0;34m2023-03-31 16:06:04.010 DEBUG 29781 --- [nio-8080-exec-1] o.s.w.s.m.m.a.HttpEntityMethodProcessor  : Writing [{timestamp=Fri Mar 31 16:06:04 EEST 2023, status=400, error=Bad Request, path=/api/recipe/new}]
?[0m?[0;34m2023-03-31 16:06:04.011 DEBUG 29781 --- [nio-8080-exec-1] o.j.s.OpenEntityManagerInViewInterceptor : Closing JPA EntityManager in OpenEntityManagerInViewInterceptor
?[0m?[0;34m2023-03-31 16:06:04.011 DEBUG 29781 --- [nio-8080-exec-1] o.s.web.servlet.DispatcherServlet        : Exiting from "ERROR" dispatch, status 400
?[0m?[0;34m2023-03-31 16:06:04.011 DEBUG 29781 --- [nio-8080-exec-1] s.s.w.c.SecurityContextPersistenceFilter : Cleared SecurityContextHolder to complete request
?[1;31m
Start test 50?[0m
?[0m?[0;34m2023-03-31 16:06:04.014 DEBUG 29781 --- [nio-8080-exec-2] o.s.security.web.FilterChainProxy        : Securing POST /api/recipe/new
?[0m?[0;34m2023-03-31 16:06:04.014 DEBUG 29781 --- [nio-8080-exec-2] s.s.w.c.SecurityContextPersistenceFilter : Set SecurityContextHolder to empty SecurityContext
?[0m?[0;34m2023-03-31 16:06:04.014 DEBUG 29781 --- [nio-8080-exec-2] tor$SharedEntityManagerInvocationHandler : Creating new EntityManager for shared EntityManager invocation
?[0m?[0;34m2023-03-31 16:06:04.096 DEBUG 29781 --- [nio-8080-exec-2] o.s.s.a.dao.DaoAuthenticationProvider    : Authenticated user
?[0m?[0;34m2023-03-31 16:06:04.096 DEBUG 29781 --- [nio-8080-exec-2] o.s.s.w.a.www.BasicAuthenticationFilter  : Set SecurityContextHolder to UsernamePasswordAuthenticationToken [Principal=recipes.UserDetailsImpl@7395d80b, Credentials=[PROTECTED], Authenticated=true, Details=WebAuthenticationDetails [RemoteIpAddress=127.0.0.1, SessionId=null], Granted Authorities=[ROLE_USER]]
?[0m?[0;34m2023-03-31 16:06:04.096 DEBUG 29781 --- [nio-8080-exec-2] w.c.HttpSessionSecurityContextRepository : Created HttpSession as SecurityContext is non-default
?[0m?[0;34m2023-03-31 16:06:04.096 DEBUG 29781 --- [nio-8080-exec-2] w.c.HttpSessionSecurityContextRepository : Stored SecurityContextImpl [Authentication=UsernamePasswordAuthenticationToken [Principal=recipes.UserDetailsImpl@7395d80b, Credentials=[PROTECTED], Authenticated=true, Details=WebAuthenticationDetails [RemoteIpAddress=127.0.0.1, SessionId=null], Granted Authorities=[ROLE_USER]]] to HttpSession [org.apache.catalina.session.StandardSessionFacade@1b73c5dd]
?[0m?[0;34m2023-03-31 16:06:04.096 DEBUG 29781 --- [nio-8080-exec-2] s.w.s.m.m.a.RequestMappingHandlerMapping : Mapped to recipes.RecipesController#setRecipe(Recipe, UserDetails)
?[0m?[0;34m2023-03-31 16:06:04.096 DEBUG 29781 --- [nio-8080-exec-2] s.w.s.m.m.a.RequestMappingHandlerMapping : Mapped to recipes.RecipesController#setRecipe(Recipe, UserDetails)
?[0m?[0;34m2023-03-31 16:06:04.096 DEBUG 29781 --- [nio-8080-exec-2] o.s.s.w.a.i.FilterSecurityInterceptor    : Authorized filter invocation [POST /api/recipe/new] with attributes [hasRole('ROLE_USER')]
?[0m?[0;34m2023-03-31 16:06:04.096 DEBUG 29781 --- [nio-8080-exec-2] o.s.security.web.FilterChainProxy        : Secured POST /api/recipe/new
?[0m?[0;34m2023-03-31 16:06:04.096 DEBUG 29781 --- [nio-8080-exec-2] o.s.web.servlet.DispatcherServlet        : POST "/api/recipe/new", parameters={}
?[0m?[0;34m2023-03-31 16:06:04.097 DEBUG 29781 --- [nio-8080-exec-2] s.w.s.m.m.a.RequestMappingHandlerMapping : Mapped to recipes.RecipesController#setRecipe(Recipe, UserDetails)
?[0m?[0;34m2023-03-31 16:06:04.097 DEBUG 29781 --- [nio-8080-exec-2] o.j.s.OpenEntityManagerInViewInterceptor : Opening JPA EntityManager in OpenEntityManagerInViewInterceptor
?[0m?[0;34m2023-03-31 16:06:04.097 DEBUG 29781 --- [nio-8080-exec-2] m.m.a.RequestResponseBodyMethodProcessor : Read "application/json;charset=UTF-8" to [Recipe(id=0, name=Warming Ginger Tea, category=beverage, date=null, description=  , ingredients=[1 i (truncated)...]
?[0m?[0;34m2023-03-31 16:06:04.098 DEBUG 29781 --- [nio-8080-exec-2] w.c.HttpSessionSecurityContextRepository : Stored SecurityContextImpl [Authentication=UsernamePasswordAuthenticationToken [Principal=recipes.UserDetailsImpl@7395d80b, Credentials=[PROTECTED], Authenticated=true, Details=WebAuthenticationDetails [RemoteIpAddress=127.0.0.1, SessionId=null], Granted Authorities=[ROLE_USER]]] to HttpSession [org.apache.catalina.session.StandardSessionFacade@1b73c5dd]
?[0m?[0;34m2023-03-31 16:06:04.098  WARN 29781 --- [nio-8080-exec-2] .w.s.m.s.DefaultHandlerExceptionResolver : Resolved [org.springframework.web.bind.MethodArgumentNotValidException: Validation failed for argument [0] in java.util.Map<java.lang.String, java.lang.Long> recipes.RecipesController.setRecipe(recipes.Recipe,org.springframework.security.core.userdetails.UserDetails): [Field error in object 'recipe' on field 'description': rejected value [  ]; codes [NotBlank.recipe.description,NotBlank.description,NotBlank.java.lang.String,NotBlank]; arguments [org.springframework.context.support.DefaultMessageSourceResolvable: codes [recipe.description,description]; arguments []; default message [description]]; default message [must not be blank]] ]
?[0m?[0;34m2023-03-31 16:06:04.098 DEBUG 29781 --- [nio-8080-exec-2] o.j.s.OpenEntityManagerInViewInterceptor : Closing JPA EntityManager in OpenEntityManagerInViewInterceptor
?[0m?[0;34m2023-03-31 16:06:04.098 DEBUG 29781 --- [nio-8080-exec-2] o.s.web.servlet.DispatcherServlet        : Completed 400 BAD_REQUEST
?[0m?[0;34m2023-03-31 16:06:04.098 DEBUG 29781 --- [nio-8080-exec-2] w.c.HttpSessionSecurityContextRepository : Stored SecurityContextImpl [Authentication=UsernamePasswordAuthenticationToken [Principal=recipes.UserDetailsImpl@7395d80b, Credentials=[PROTECTED], Authenticated=true, Details=WebAuthenticationDetails [RemoteIpAddress=127.0.0.1, SessionId=null], Granted Authorities=[ROLE_USER]]] to HttpSession [org.apache.catalina.session.StandardSessionFacade@1b73c5dd]
?[0m?[0;34m2023-03-31 16:06:04.098 DEBUG 29781 --- [nio-8080-exec-2] s.s.w.c.SecurityContextPersistenceFilter : Cleared SecurityContextHolder to complete request
?[0m?[0;34m2023-03-31 16:06:04.098 DEBUG 29781 --- [nio-8080-exec-2] o.s.security.web.FilterChainProxy        : Securing POST /error
?[0m?[0;34m2023-03-31 16:06:04.098 DEBUG 29781 --- [nio-8080-exec-2] w.c.HttpSessionSecurityContextRepository : Retrieved SecurityContextImpl [Authentication=UsernamePasswordAuthenticationToken [Principal=recipes.UserDetailsImpl@7395d80b, Credentials=[PROTECTED], Authenticated=true, Details=WebAuthenticationDetails [RemoteIpAddress=127.0.0.1, SessionId=null], Granted Authorities=[ROLE_USER]]]
?[0m?[0;34m2023-03-31 16:06:04.098 DEBUG 29781 --- [nio-8080-exec-2] s.s.w.c.SecurityContextPersistenceFilter : Set SecurityContextHolder to SecurityContextImpl [Authentication=UsernamePasswordAuthenticationToken [Principal=recipes.UserDetailsImpl@7395d80b, Credentials=[PROTECTED], Authenticated=true, Details=WebAuthenticationDetails [RemoteIpAddress=127.0.0.1, SessionId=null], Granted Authorities=[ROLE_USER]]]
?[0m?[0;34m2023-03-31 16:06:04.098 DEBUG 29781 --- [nio-8080-exec-2] o.s.security.web.FilterChainProxy        : Secured POST /error
?[0m?[0;34m2023-03-31 16:06:04.098 DEBUG 29781 --- [nio-8080-exec-2] o.s.web.servlet.DispatcherServlet        : "ERROR" dispatch for POST "/error", parameters={}
?[0m?[0;34m2023-03-31 16:06:04.098 DEBUG 29781 --- [nio-8080-exec-2] s.w.s.m.m.a.RequestMappingHandlerMapping : Mapped to org.springframework.boot.autoconfigure.web.servlet.error.BasicErrorController#error(HttpServletRequest)
?[0m?[0;34m2023-03-31 16:06:04.098 DEBUG 29781 --- [nio-8080-exec-2] o.j.s.OpenEntityManagerInViewInterceptor : Opening JPA EntityManager in OpenEntityManagerInViewInterceptor
?[0m?[0;34m2023-03-31 16:06:04.098 DEBUG 29781 --- [nio-8080-exec-2] o.s.w.s.m.m.a.HttpEntityMethodProcessor  : Using 'application/json', given [*/*] and supported [application/json, application/*+json, application/json, application/*+json]
?[0m?[0;34m2023-03-31 16:06:04.098 DEBUG 29781 --- [nio-8080-exec-2] o.s.w.s.m.m.a.HttpEntityMethodProcessor  : Writing [{timestamp=Fri Mar 31 16:06:04 EEST 2023, status=400, error=Bad Request, path=/api/recipe/new}]
?[0m?[0;34m2023-03-31 16:06:04.099 DEBUG 29781 --- [nio-8080-exec-2] o.j.s.OpenEntityManagerInViewInterceptor : Closing JPA EntityManager in OpenEntityManagerInViewInterceptor
?[0m?[0;34m2023-03-31 16:06:04.099 DEBUG 29781 --- [nio-8080-exec-2] o.s.web.servlet.DispatcherServlet        : Exiting from "ERROR" dispatch, status 400
?[0m?[0;34m2023-03-31 16:06:04.099 DEBUG 29781 --- [nio-8080-exec-2] s.s.w.c.SecurityContextPersistenceFilter : Cleared SecurityContextHolder to complete request
?[1;31m
Start test 51?[0m
?[0m?[0;34m2023-03-31 16:06:04.102 DEBUG 29781 --- [nio-8080-exec-3] o.s.security.web.FilterChainProxy        : Securing POST /api/recipe/new
?[0m?[0;34m2023-03-31 16:06:04.102 DEBUG 29781 --- [nio-8080-exec-3] s.s.w.c.SecurityContextPersistenceFilter : Set SecurityContextHolder to empty SecurityContext
?[0m?[0;34m2023-03-31 16:06:04.102 DEBUG 29781 --- [nio-8080-exec-3] tor$SharedEntityManagerInvocationHandler : Creating new EntityManager for shared EntityManager invocation
?[0m?[0;34m2023-03-31 16:06:04.184 DEBUG 29781 --- [nio-8080-exec-3] o.s.s.a.dao.DaoAuthenticationProvider    : Authenticated user
?[0m?[0;34m2023-03-31 16:06:04.184 DEBUG 29781 --- [nio-8080-exec-3] o.s.s.w.a.www.BasicAuthenticationFilter  : Set SecurityContextHolder to UsernamePasswordAuthenticationToken [Principal=recipes.UserDetailsImpl@348e271a, Credentials=[PROTECTED], Authenticated=true, Details=WebAuthenticationDetails [RemoteIpAddress=127.0.0.1, SessionId=null], Granted Authorities=[ROLE_USER]]
?[0m?[0;34m2023-03-31 16:06:04.184 DEBUG 29781 --- [nio-8080-exec-3] w.c.HttpSessionSecurityContextRepository : Created HttpSession as SecurityContext is non-default
?[0m?[0;34m2023-03-31 16:06:04.185 DEBUG 29781 --- [nio-8080-exec-3] w.c.HttpSessionSecurityContextRepository : Stored SecurityContextImpl [Authentication=UsernamePasswordAuthenticationToken [Principal=recipes.UserDetailsImpl@348e271a, Credentials=[PROTECTED], Authenticated=true, Details=WebAuthenticationDetails [RemoteIpAddress=127.0.0.1, SessionId=null], Granted Authorities=[ROLE_USER]]] to HttpSession [org.apache.catalina.session.StandardSessionFacade@4e55e7f8]
?[0m?[0;34m2023-03-31 16:06:04.185 DEBUG 29781 --- [nio-8080-exec-3] s.w.s.m.m.a.RequestMappingHandlerMapping : Mapped to recipes.RecipesController#setRecipe(Recipe, UserDetails)
?[0m?[0;34m2023-03-31 16:06:04.185 DEBUG 29781 --- [nio-8080-exec-3] s.w.s.m.m.a.RequestMappingHandlerMapping : Mapped to recipes.RecipesController#setRecipe(Recipe, UserDetails)
?[0m?[0;34m2023-03-31 16:06:04.185 DEBUG 29781 --- [nio-8080-exec-3] o.s.s.w.a.i.FilterSecurityInterceptor    : Authorized filter invocation [POST /api/recipe/new] with attributes [hasRole('ROLE_USER')]
?[0m?[0;34m2023-03-31 16:06:04.185 DEBUG 29781 --- [nio-8080-exec-3] o.s.security.web.FilterChainProxy        : Secured POST /api/recipe/new
?[0m?[0;34m2023-03-31 16:06:04.185 DEBUG 29781 --- [nio-8080-exec-3] o.s.web.servlet.DispatcherServlet        : POST "/api/recipe/new", parameters={}
?[0m?[0;34m2023-03-31 16:06:04.185 DEBUG 29781 --- [nio-8080-exec-3] s.w.s.m.m.a.RequestMappingHandlerMapping : Mapped to recipes.RecipesController#setRecipe(Recipe, UserDetails)
?[0m?[0;34m2023-03-31 16:06:04.185 DEBUG 29781 --- [nio-8080-exec-3] o.j.s.OpenEntityManagerInViewInterceptor : Opening JPA EntityManager in OpenEntityManagerInViewInterceptor
?[0m?[0;34m2023-03-31 16:06:04.186 DEBUG 29781 --- [nio-8080-exec-3] m.m.a.RequestResponseBodyMethodProcessor : Read "application/json;charset=UTF-8" to [Recipe(id=0, name=Fresh Mint Tea, category=beverage, date=null, description=Light, aromatic and refr (truncated)...]
?[0m?[0;34m2023-03-31 16:06:04.186 DEBUG 29781 --- [nio-8080-exec-3] w.c.HttpSessionSecurityContextRepository : Stored SecurityContextImpl [Authentication=UsernamePasswordAuthenticationToken [Principal=recipes.UserDetailsImpl@348e271a, Credentials=[PROTECTED], Authenticated=true, Details=WebAuthenticationDetails [RemoteIpAddress=127.0.0.1, SessionId=null], Granted Authorities=[ROLE_USER]]] to HttpSession [org.apache.catalina.session.StandardSessionFacade@4e55e7f8]
?[0m?[0;34m2023-03-31 16:06:04.186  WARN 29781 --- [nio-8080-exec-3] .w.s.m.s.DefaultHandlerExceptionResolver : Resolved [org.springframework.web.bind.MethodArgumentNotValidException: Validation failed for argument [0] in java.util.Map<java.lang.String, java.lang.Long> recipes.RecipesController.setRecipe(recipes.Recipe,org.springframework.security.core.userdetails.UserDetails): [Field error in object 'recipe' on field 'ingredients': rejected value [[]]; codes [Size.recipe.ingredients,Size.ingredients,Size.java.util.List,Size]; arguments [org.springframework.context.support.DefaultMessageSourceResolvable: codes [recipe.ingredients,ingredients]; arguments []; default message [ingredients],2147483647,1]; default message [Provide at least 1 ingredient]] ]
?[0m?[0;34m2023-03-31 16:06:04.186 DEBUG 29781 --- [nio-8080-exec-3] o.j.s.OpenEntityManagerInViewInterceptor : Closing JPA EntityManager in OpenEntityManagerInViewInterceptor
?[0m?[0;34m2023-03-31 16:06:04.186 DEBUG 29781 --- [nio-8080-exec-3] o.s.web.servlet.DispatcherServlet        : Completed 400 BAD_REQUEST
?[0m?[0;34m2023-03-31 16:06:04.186 DEBUG 29781 --- [nio-8080-exec-3] w.c.HttpSessionSecurityContextRepository : Stored SecurityContextImpl [Authentication=UsernamePasswordAuthenticationToken [Principal=recipes.UserDetailsImpl@348e271a, Credentials=[PROTECTED], Authenticated=true, Details=WebAuthenticationDetails [RemoteIpAddress=127.0.0.1, SessionId=null], Granted Authorities=[ROLE_USER]]] to HttpSession [org.apache.catalina.session.StandardSessionFacade@4e55e7f8]
?[0m?[0;34m2023-03-31 16:06:04.186 DEBUG 29781 --- [nio-8080-exec-3] s.s.w.c.SecurityContextPersistenceFilter : Cleared SecurityContextHolder to complete request
?[0m?[0;34m2023-03-31 16:06:04.186 DEBUG 29781 --- [nio-8080-exec-3] o.s.security.web.FilterChainProxy        : Securing POST /error
?[0m?[0;34m2023-03-31 16:06:04.186 DEBUG 29781 --- [nio-8080-exec-3] w.c.HttpSessionSecurityContextRepository : Retrieved SecurityContextImpl [Authentication=UsernamePasswordAuthenticationToken [Principal=recipes.UserDetailsImpl@348e271a, Credentials=[PROTECTED], Authenticated=true, Details=WebAuthenticationDetails [RemoteIpAddress=127.0.0.1, SessionId=null], Granted Authorities=[ROLE_USER]]]
?[0m?[0;34m2023-03-31 16:06:04.186 DEBUG 29781 --- [nio-8080-exec-3] s.s.w.c.SecurityContextPersistenceFilter : Set SecurityContextHolder to SecurityContextImpl [Authentication=UsernamePasswordAuthenticationToken [Principal=recipes.UserDetailsImpl@348e271a, Credentials=[PROTECTED], Authenticated=true, Details=WebAuthenticationDetails [RemoteIpAddress=127.0.0.1, SessionId=null], Granted Authorities=[ROLE_USER]]]
?[0m?[0;34m2023-03-31 16:06:04.186 DEBUG 29781 --- [nio-8080-exec-3] o.s.security.web.FilterChainProxy        : Secured POST /error
?[0m?[0;34m2023-03-31 16:06:04.187 DEBUG 29781 --- [nio-8080-exec-3] o.s.web.servlet.DispatcherServlet        : "ERROR" dispatch for POST "/error", parameters={}
?[0m?[0;34m2023-03-31 16:06:04.187 DEBUG 29781 --- [nio-8080-exec-3] s.w.s.m.m.a.RequestMappingHandlerMapping : Mapped to org.springframework.boot.autoconfigure.web.servlet.error.BasicErrorController#error(HttpServletRequest)
?[0m?[0;34m2023-03-31 16:06:04.187 DEBUG 29781 --- [nio-8080-exec-3] o.j.s.OpenEntityManagerInViewInterceptor : Opening JPA EntityManager in OpenEntityManagerInViewInterceptor
?[0m?[0;34m2023-03-31 16:06:04.187 DEBUG 29781 --- [nio-8080-exec-3] o.s.w.s.m.m.a.HttpEntityMethodProcessor  : Using 'application/json', given [*/*] and supported [application/json, application/*+json, application/json, application/*+json]
?[0m?[0;34m2023-03-31 16:06:04.187 DEBUG 29781 --- [nio-8080-exec-3] o.s.w.s.m.m.a.HttpEntityMethodProcessor  : Writing [{timestamp=Fri Mar 31 16:06:04 EEST 2023, status=400, error=Bad Request, path=/api/recipe/new}]
?[0m?[0;34m2023-03-31 16:06:04.187 DEBUG 29781 --- [nio-8080-exec-3] o.j.s.OpenEntityManagerInViewInterceptor : Closing JPA EntityManager in OpenEntityManagerInViewInterceptor
?[0m?[0;34m2023-03-31 16:06:04.187 DEBUG 29781 --- [nio-8080-exec-3] o.s.web.servlet.DispatcherServlet        : Exiting from "ERROR" dispatch, status 400
?[0m?[0;34m2023-03-31 16:06:04.187 DEBUG 29781 --- [nio-8080-exec-3] s.s.w.c.SecurityContextPersistenceFilter : Cleared SecurityContextHolder to complete request
?[1;31m
Start test 52?[0m
?[0m?[0;34m2023-03-31 16:06:04.190 DEBUG 29781 --- [nio-8080-exec-5] o.s.security.web.FilterChainProxy        : Securing POST /api/recipe/new
?[0m?[0;34m2023-03-31 16:06:04.190 DEBUG 29781 --- [nio-8080-exec-5] s.s.w.c.SecurityContextPersistenceFilter : Set SecurityContextHolder to empty SecurityContext
?[0m?[0;34m2023-03-31 16:06:04.190 DEBUG 29781 --- [nio-8080-exec-5] tor$SharedEntityManagerInvocationHandler : Creating new EntityManager for shared EntityManager invocation
?[0m?[0;34m2023-03-31 16:06:04.272 DEBUG 29781 --- [nio-8080-exec-5] o.s.s.a.dao.DaoAuthenticationProvider    : Authenticated user
?[0m?[0;34m2023-03-31 16:06:04.272 DEBUG 29781 --- [nio-8080-exec-5] o.s.s.w.a.www.BasicAuthenticationFilter  : Set SecurityContextHolder to UsernamePasswordAuthenticationToken [Principal=recipes.UserDetailsImpl@4f2aeb2e, Credentials=[PROTECTED], Authenticated=true, Details=WebAuthenticationDetails [RemoteIpAddress=127.0.0.1, SessionId=null], Granted Authorities=[ROLE_USER]]
?[0m?[0;34m2023-03-31 16:06:04.273 DEBUG 29781 --- [nio-8080-exec-5] w.c.HttpSessionSecurityContextRepository : Created HttpSession as SecurityContext is non-default
?[0m?[0;34m2023-03-31 16:06:04.273 DEBUG 29781 --- [nio-8080-exec-5] w.c.HttpSessionSecurityContextRepository : Stored SecurityContextImpl [Authentication=UsernamePasswordAuthenticationToken [Principal=recipes.UserDetailsImpl@4f2aeb2e, Credentials=[PROTECTED], Authenticated=true, Details=WebAuthenticationDetails [RemoteIpAddress=127.0.0.1, SessionId=null], Granted Authorities=[ROLE_USER]]] to HttpSession [org.apache.catalina.session.StandardSessionFacade@27228647]
?[0m?[0;34m2023-03-31 16:06:04.273 DEBUG 29781 --- [nio-8080-exec-5] s.w.s.m.m.a.RequestMappingHandlerMapping : Mapped to recipes.RecipesController#setRecipe(Recipe, UserDetails)
?[0m?[0;34m2023-03-31 16:06:04.273 DEBUG 29781 --- [nio-8080-exec-5] s.w.s.m.m.a.RequestMappingHandlerMapping : Mapped to recipes.RecipesController#setRecipe(Recipe, UserDetails)
?[0m?[0;34m2023-03-31 16:06:04.273 DEBUG 29781 --- [nio-8080-exec-5] o.s.s.w.a.i.FilterSecurityInterceptor    : Authorized filter invocation [POST /api/recipe/new] with attributes [hasRole('ROLE_USER')]
?[0m?[0;34m2023-03-31 16:06:04.273 DEBUG 29781 --- [nio-8080-exec-5] o.s.security.web.FilterChainProxy        : Secured POST /api/recipe/new
?[0m?[0;34m2023-03-31 16:06:04.273 DEBUG 29781 --- [nio-8080-exec-5] o.s.web.servlet.DispatcherServlet        : POST "/api/recipe/new", parameters={}
?[0m?[0;34m2023-03-31 16:06:04.273 DEBUG 29781 --- [nio-8080-exec-5] s.w.s.m.m.a.RequestMappingHandlerMapping : Mapped to recipes.RecipesController#setRecipe(Recipe, UserDetails)
?[0m?[0;34m2023-03-31 16:06:04.273 DEBUG 29781 --- [nio-8080-exec-5] o.j.s.OpenEntityManagerInViewInterceptor : Opening JPA EntityManager in OpenEntityManagerInViewInterceptor
?[0m?[0;34m2023-03-31 16:06:04.274 DEBUG 29781 --- [nio-8080-exec-5] m.m.a.RequestResponseBodyMethodProcessor : Read "application/json;charset=UTF-8" to [Recipe(id=0, name=Warming Ginger Tea, category=beverage, date=null, description=Ginger tea is a warm (truncated)...]
?[0m?[0;34m2023-03-31 16:06:04.274 DEBUG 29781 --- [nio-8080-exec-5] w.c.HttpSessionSecurityContextRepository : Stored SecurityContextImpl [Authentication=UsernamePasswordAuthenticationToken [Principal=recipes.UserDetailsImpl@4f2aeb2e, Credentials=[PROTECTED], Authenticated=true, Details=WebAuthenticationDetails [RemoteIpAddress=127.0.0.1, SessionId=null], Granted Authorities=[ROLE_USER]]] to HttpSession [org.apache.catalina.session.StandardSessionFacade@27228647]
?[0m?[0;34m2023-03-31 16:06:04.274  WARN 29781 --- [nio-8080-exec-5] .w.s.m.s.DefaultHandlerExceptionResolver : Resolved [org.springframework.web.bind.MethodArgumentNotValidException: Validation failed for argument [0] in java.util.Map<java.lang.String, java.lang.Long> recipes.RecipesController.setRecipe(recipes.Recipe,org.springframework.security.core.userdetails.UserDetails): [Field error in object 'recipe' on field 'directions': rejected value [[]]; codes [Size.recipe.directions,Size.directions,Size.java.util.List,Size]; arguments [org.springframework.context.support.DefaultMessageSourceResolvable: codes [recipe.directions,directions]; arguments []; default message [directions],2147483647,1]; default message [Provide at least 1 direction]] ]
?[0m?[0;34m2023-03-31 16:06:04.274 DEBUG 29781 --- [nio-8080-exec-5] o.j.s.OpenEntityManagerInViewInterceptor : Closing JPA EntityManager in OpenEntityManagerInViewInterceptor
?[0m?[0;34m2023-03-31 16:06:04.274 DEBUG 29781 --- [nio-8080-exec-5] o.s.web.servlet.DispatcherServlet        : Completed 400 BAD_REQUEST
?[0m?[0;34m2023-03-31 16:06:04.274 DEBUG 29781 --- [nio-8080-exec-5] w.c.HttpSessionSecurityContextRepository : Stored SecurityContextImpl [Authentication=UsernamePasswordAuthenticationToken [Principal=recipes.UserDetailsImpl@4f2aeb2e, Credentials=[PROTECTED], Authenticated=true, Details=WebAuthenticationDetails [RemoteIpAddress=127.0.0.1, SessionId=null], Granted Authorities=[ROLE_USER]]] to HttpSession [org.apache.catalina.session.StandardSessionFacade@27228647]
?[0m?[0;34m2023-03-31 16:06:04.274 DEBUG 29781 --- [nio-8080-exec-5] s.s.w.c.SecurityContextPersistenceFilter : Cleared SecurityContextHolder to complete request
?[0m?[0;34m2023-03-31 16:06:04.274 DEBUG 29781 --- [nio-8080-exec-5] o.s.security.web.FilterChainProxy        : Securing POST /error
?[0m?[0;34m2023-03-31 16:06:04.274 DEBUG 29781 --- [nio-8080-exec-5] w.c.HttpSessionSecurityContextRepository : Retrieved SecurityContextImpl [Authentication=UsernamePasswordAuthenticationToken [Principal=recipes.UserDetailsImpl@4f2aeb2e, Credentials=[PROTECTED], Authenticated=true, Details=WebAuthenticationDetails [RemoteIpAddress=127.0.0.1, SessionId=null], Granted Authorities=[ROLE_USER]]]
?[0m?[0;34m2023-03-31 16:06:04.274 DEBUG 29781 --- [nio-8080-exec-5] s.s.w.c.SecurityContextPersistenceFilter : Set SecurityContextHolder to SecurityContextImpl [Authentication=UsernamePasswordAuthenticationToken [Principal=recipes.UserDetailsImpl@4f2aeb2e, Credentials=[PROTECTED], Authenticated=true, Details=WebAuthenticationDetails [RemoteIpAddress=127.0.0.1, SessionId=null], Granted Authorities=[ROLE_USER]]]
?[0m?[0;34m2023-03-31 16:06:04.275 DEBUG 29781 --- [nio-8080-exec-5] o.s.security.web.FilterChainProxy        : Secured POST /error
?[0m?[0;34m2023-03-31 16:06:04.275 DEBUG 29781 --- [nio-8080-exec-5] o.s.web.servlet.DispatcherServlet        : "ERROR" dispatch for POST "/error", parameters={}
?[0m?[0;34m2023-03-31 16:06:04.275 DEBUG 29781 --- [nio-8080-exec-5] s.w.s.m.m.a.RequestMappingHandlerMapping : Mapped to org.springframework.boot.autoconfigure.web.servlet.error.BasicErrorController#error(HttpServletRequest)
?[0m?[0;34m2023-03-31 16:06:04.275 DEBUG 29781 --- [nio-8080-exec-5] o.j.s.OpenEntityManagerInViewInterceptor : Opening JPA EntityManager in OpenEntityManagerInViewInterceptor
?[0m?[0;34m2023-03-31 16:06:04.275 DEBUG 29781 --- [nio-8080-exec-5] o.s.w.s.m.m.a.HttpEntityMethodProcessor  : Using 'application/json', given [*/*] and supported [application/json, application/*+json, application/json, application/*+json]
?[0m?[0;34m2023-03-31 16:06:04.275 DEBUG 29781 --- [nio-8080-exec-5] o.s.w.s.m.m.a.HttpEntityMethodProcessor  : Writing [{timestamp=Fri Mar 31 16:06:04 EEST 2023, status=400, error=Bad Request, path=/api/recipe/new}]
?[0m?[0;34m2023-03-31 16:06:04.275 DEBUG 29781 --- [nio-8080-exec-5] o.j.s.OpenEntityManagerInViewInterceptor : Closing JPA EntityManager in OpenEntityManagerInViewInterceptor
?[0m?[0;34m2023-03-31 16:06:04.275 DEBUG 29781 --- [nio-8080-exec-5] o.s.web.servlet.DispatcherServlet        : Exiting from "ERROR" dispatch, status 400
?[0m?[0;34m2023-03-31 16:06:04.275 DEBUG 29781 --- [nio-8080-exec-5] s.s.w.c.SecurityContextPersistenceFilter : Cleared SecurityContextHolder to complete request
?[1;31m
Start test 53?[0m
?[0m?[0;34m2023-03-31 16:06:04.278 DEBUG 29781 --- [nio-8080-exec-7] o.s.security.web.FilterChainProxy        : Securing PUT /api/recipe/2
?[0m?[0;34m2023-03-31 16:06:04.278 DEBUG 29781 --- [nio-8080-exec-7] s.s.w.c.SecurityContextPersistenceFilter : Set SecurityContextHolder to empty SecurityContext
?[0m?[0;34m2023-03-31 16:06:04.278 DEBUG 29781 --- [nio-8080-exec-7] tor$SharedEntityManagerInvocationHandler : Creating new EntityManager for shared EntityManager invocation
?[0m?[0;34m2023-03-31 16:06:04.361 DEBUG 29781 --- [nio-8080-exec-7] o.s.s.a.dao.DaoAuthenticationProvider    : Authenticated user
?[0m?[0;34m2023-03-31 16:06:04.361 DEBUG 29781 --- [nio-8080-exec-7] o.s.s.w.a.www.BasicAuthenticationFilter  : Set SecurityContextHolder to UsernamePasswordAuthenticationToken [Principal=recipes.UserDetailsImpl@1e7acde3, Credentials=[PROTECTED], Authenticated=true, Details=WebAuthenticationDetails [RemoteIpAddress=127.0.0.1, SessionId=null], Granted Authorities=[ROLE_USER]]
?[0m?[0;34m2023-03-31 16:06:04.361 DEBUG 29781 --- [nio-8080-exec-7] w.c.HttpSessionSecurityContextRepository : Created HttpSession as SecurityContext is non-default
?[0m?[0;34m2023-03-31 16:06:04.361 DEBUG 29781 --- [nio-8080-exec-7] w.c.HttpSessionSecurityContextRepository : Stored SecurityContextImpl [Authentication=UsernamePasswordAuthenticationToken [Principal=recipes.UserDetailsImpl@1e7acde3, Credentials=[PROTECTED], Authenticated=true, Details=WebAuthenticationDetails [RemoteIpAddress=127.0.0.1, SessionId=null], Granted Authorities=[ROLE_USER]]] to HttpSession [org.apache.catalina.session.StandardSessionFacade@3843ea11]
?[0m?[0;34m2023-03-31 16:06:04.361 DEBUG 29781 --- [nio-8080-exec-7] o.s.s.w.a.i.FilterSecurityInterceptor    : Authorized filter invocation [PUT /api/recipe/2] with attributes [hasRole('ROLE_USER')]
?[0m?[0;34m2023-03-31 16:06:04.361 DEBUG 29781 --- [nio-8080-exec-7] o.s.security.web.FilterChainProxy        : Secured PUT /api/recipe/2
?[0m?[0;34m2023-03-31 16:06:04.361 DEBUG 29781 --- [nio-8080-exec-7] o.s.web.servlet.DispatcherServlet        : PUT "/api/recipe/2", parameters={}
?[0m?[0;34m2023-03-31 16:06:04.361 DEBUG 29781 --- [nio-8080-exec-7] s.w.s.m.m.a.RequestMappingHandlerMapping : Mapped to recipes.RecipesController#updateRecipe(long, Recipe, UserDetails)
?[0m?[0;34m2023-03-31 16:06:04.361 DEBUG 29781 --- [nio-8080-exec-7] o.j.s.OpenEntityManagerInViewInterceptor : Opening JPA EntityManager in OpenEntityManagerInViewInterceptor
?[0m?[0;34m2023-03-31 16:06:04.362 DEBUG 29781 --- [nio-8080-exec-7] m.m.a.RequestResponseBodyMethodProcessor : Read "application/json;charset=UTF-8" to [Recipe(id=0, name=null, category=beverage, date=null, description=Light, aromatic and refreshing bev (truncated)...]
?[0m?[0;34m2023-03-31 16:06:04.362 DEBUG 29781 --- [nio-8080-exec-7] w.c.HttpSessionSecurityContextRepository : Stored SecurityContextImpl [Authentication=UsernamePasswordAuthenticationToken [Principal=recipes.UserDetailsImpl@1e7acde3, Credentials=[PROTECTED], Authenticated=true, Details=WebAuthenticationDetails [RemoteIpAddress=127.0.0.1, SessionId=null], Granted Authorities=[ROLE_USER]]] to HttpSession [org.apache.catalina.session.StandardSessionFacade@3843ea11]
?[0m?[0;34m2023-03-31 16:06:04.362  WARN 29781 --- [nio-8080-exec-7] .w.s.m.s.DefaultHandlerExceptionResolver : Resolved [org.springframework.web.bind.MethodArgumentNotValidException: Validation failed for argument [1] in void recipes.RecipesController.updateRecipe(long,recipes.Recipe,org.springframework.security.core.userdetails.UserDetails) with 2 errors: [Field error in object 'recipe' on field 'name': rejected value [null]; codes [NotBlank.recipe.name,NotBlank.name,NotBlank.java.lang.String,NotBlank]; arguments [org.springframework.context.support.DefaultMessageSourceResolvable: codes [recipe.name,name]; arguments []; default message [name]]; default message [must not be blank]] [Field error in object 'recipe' on field 'name': rejected value [null]; codes [NotNull.recipe.name,NotNull.name,NotNull.java.lang.String,NotNull]; arguments [org.springframework.context.support.DefaultMessageSourceResolvable: codes [recipe.name,name]; arguments []; default message [name]]; default message [must not be null]] ]
?[0m?[0;34m2023-03-31 16:06:04.362 DEBUG 29781 --- [nio-8080-exec-7] o.j.s.OpenEntityManagerInViewInterceptor : Closing JPA EntityManager in OpenEntityManagerInViewInterceptor
?[0m?[0;34m2023-03-31 16:06:04.362 DEBUG 29781 --- [nio-8080-exec-7] o.s.web.servlet.DispatcherServlet        : Completed 400 BAD_REQUEST
?[0m?[0;34m2023-03-31 16:06:04.362 DEBUG 29781 --- [nio-8080-exec-7] w.c.HttpSessionSecurityContextRepository : Stored SecurityContextImpl [Authentication=UsernamePasswordAuthenticationToken [Principal=recipes.UserDetailsImpl@1e7acde3, Credentials=[PROTECTED], Authenticated=true, Details=WebAuthenticationDetails [RemoteIpAddress=127.0.0.1, SessionId=null], Granted Authorities=[ROLE_USER]]] to HttpSession [org.apache.catalina.session.StandardSessionFacade@3843ea11]
?[0m?[0;34m2023-03-31 16:06:04.362 DEBUG 29781 --- [nio-8080-exec-7] s.s.w.c.SecurityContextPersistenceFilter : Cleared SecurityContextHolder to complete request
?[0m?[0;34m2023-03-31 16:06:04.362 DEBUG 29781 --- [nio-8080-exec-7] o.s.security.web.FilterChainProxy        : Securing PUT /error
?[0m?[0;34m2023-03-31 16:06:04.363 DEBUG 29781 --- [nio-8080-exec-7] w.c.HttpSessionSecurityContextRepository : Retrieved SecurityContextImpl [Authentication=UsernamePasswordAuthenticationToken [Principal=recipes.UserDetailsImpl@1e7acde3, Credentials=[PROTECTED], Authenticated=true, Details=WebAuthenticationDetails [RemoteIpAddress=127.0.0.1, SessionId=null], Granted Authorities=[ROLE_USER]]]
?[0m?[0;34m2023-03-31 16:06:04.363 DEBUG 29781 --- [nio-8080-exec-7] s.s.w.c.SecurityContextPersistenceFilter : Set SecurityContextHolder to SecurityContextImpl [Authentication=UsernamePasswordAuthenticationToken [Principal=recipes.UserDetailsImpl@1e7acde3, Credentials=[PROTECTED], Authenticated=true, Details=WebAuthenticationDetails [RemoteIpAddress=127.0.0.1, SessionId=null], Granted Authorities=[ROLE_USER]]]
?[0m?[0;34m2023-03-31 16:06:04.363 DEBUG 29781 --- [nio-8080-exec-7] o.s.security.web.FilterChainProxy        : Secured PUT /error
?[0m?[0;34m2023-03-31 16:06:04.363 DEBUG 29781 --- [nio-8080-exec-7] o.s.web.servlet.DispatcherServlet        : "ERROR" dispatch for PUT "/error", parameters={}
?[0m?[0;34m2023-03-31 16:06:04.363 DEBUG 29781 --- [nio-8080-exec-7] s.w.s.m.m.a.RequestMappingHandlerMapping : Mapped to org.springframework.boot.autoconfigure.web.servlet.error.BasicErrorController#error(HttpServletRequest)
?[0m?[0;34m2023-03-31 16:06:04.363 DEBUG 29781 --- [nio-8080-exec-7] o.j.s.OpenEntityManagerInViewInterceptor : Opening JPA EntityManager in OpenEntityManagerInViewInterceptor
?[0m?[0;34m2023-03-31 16:06:04.363 DEBUG 29781 --- [nio-8080-exec-7] o.s.w.s.m.m.a.HttpEntityMethodProcessor  : Using 'application/json', given [*/*] and supported [application/json, application/*+json, application/json, application/*+json]
?[0m?[0;34m2023-03-31 16:06:04.363 DEBUG 29781 --- [nio-8080-exec-7] o.s.w.s.m.m.a.HttpEntityMethodProcessor  : Writing [{timestamp=Fri Mar 31 16:06:04 EEST 2023, status=400, error=Bad Request, path=/api/recipe/2}]
?[0m?[0;34m2023-03-31 16:06:04.363 DEBUG 29781 --- [nio-8080-exec-7] o.j.s.OpenEntityManagerInViewInterceptor : Closing JPA EntityManager in OpenEntityManagerInViewInterceptor
?[0m?[0;34m2023-03-31 16:06:04.363 DEBUG 29781 --- [nio-8080-exec-7] o.s.web.servlet.DispatcherServlet        : Exiting from "ERROR" dispatch, status 400
?[0m?[0;34m2023-03-31 16:06:04.363 DEBUG 29781 --- [nio-8080-exec-7] s.s.w.c.SecurityContextPersistenceFilter : Cleared SecurityContextHolder to complete request
?[1;31m
Start test 54?[0m
?[0m?[0;34m2023-03-31 16:06:04.366 DEBUG 29781 --- [io-8080-exec-11] o.s.security.web.FilterChainProxy        : Securing PUT /api/recipe/2
?[0m?[0;34m2023-03-31 16:06:04.366 DEBUG 29781 --- [io-8080-exec-11] s.s.w.c.SecurityContextPersistenceFilter : Set SecurityContextHolder to empty SecurityContext
?[0m?[0;34m2023-03-31 16:06:04.366 DEBUG 29781 --- [io-8080-exec-11] tor$SharedEntityManagerInvocationHandler : Creating new EntityManager for shared EntityManager invocation
?[0m?[0;34m2023-03-31 16:06:04.448 DEBUG 29781 --- [io-8080-exec-11] o.s.s.a.dao.DaoAuthenticationProvider    : Authenticated user
?[0m?[0;34m2023-03-31 16:06:04.448 DEBUG 29781 --- [io-8080-exec-11] o.s.s.w.a.www.BasicAuthenticationFilter  : Set SecurityContextHolder to UsernamePasswordAuthenticationToken [Principal=recipes.UserDetailsImpl@67e144c1, Credentials=[PROTECTED], Authenticated=true, Details=WebAuthenticationDetails [RemoteIpAddress=127.0.0.1, SessionId=null], Granted Authorities=[ROLE_USER]]
?[0m?[0;34m2023-03-31 16:06:04.449 DEBUG 29781 --- [io-8080-exec-11] w.c.HttpSessionSecurityContextRepository : Created HttpSession as SecurityContext is non-default
?[0m?[0;34m2023-03-31 16:06:04.449 DEBUG 29781 --- [io-8080-exec-11] w.c.HttpSessionSecurityContextRepository : Stored SecurityContextImpl [Authentication=UsernamePasswordAuthenticationToken [Principal=recipes.UserDetailsImpl@67e144c1, Credentials=[PROTECTED], Authenticated=true, Details=WebAuthenticationDetails [RemoteIpAddress=127.0.0.1, SessionId=null], Granted Authorities=[ROLE_USER]]] to HttpSession [org.apache.catalina.session.StandardSessionFacade@69be8c25]
?[0m?[0;34m2023-03-31 16:06:04.449 DEBUG 29781 --- [io-8080-exec-11] o.s.s.w.a.i.FilterSecurityInterceptor    : Authorized filter invocation [PUT /api/recipe/2] with attributes [hasRole('ROLE_USER')]
?[0m?[0;34m2023-03-31 16:06:04.449 DEBUG 29781 --- [io-8080-exec-11] o.s.security.web.FilterChainProxy        : Secured PUT /api/recipe/2
?[0m?[0;34m2023-03-31 16:06:04.449 DEBUG 29781 --- [io-8080-exec-11] o.s.web.servlet.DispatcherServlet        : PUT "/api/recipe/2", parameters={}
?[0m?[0;34m2023-03-31 16:06:04.449 DEBUG 29781 --- [io-8080-exec-11] s.w.s.m.m.a.RequestMappingHandlerMapping : Mapped to recipes.RecipesController#updateRecipe(long, Recipe, UserDetails)
?[0m?[0;34m2023-03-31 16:06:04.449 DEBUG 29781 --- [io-8080-exec-11] o.j.s.OpenEntityManagerInViewInterceptor : Opening JPA EntityManager in OpenEntityManagerInViewInterceptor
?[0m?[0;34m2023-03-31 16:06:04.449 DEBUG 29781 --- [io-8080-exec-11] m.m.a.RequestResponseBodyMethodProcessor : Read "application/json;charset=UTF-8" to [Recipe(id=0, name=Fresh Mint Tea, category=null, date=null, description=Light, aromatic and refreshi (truncated)...]
?[0m?[0;34m2023-03-31 16:06:04.450 DEBUG 29781 --- [io-8080-exec-11] w.c.HttpSessionSecurityContextRepository : Stored SecurityContextImpl [Authentication=UsernamePasswordAuthenticationToken [Principal=recipes.UserDetailsImpl@67e144c1, Credentials=[PROTECTED], Authenticated=true, Details=WebAuthenticationDetails [RemoteIpAddress=127.0.0.1, SessionId=null], Granted Authorities=[ROLE_USER]]] to HttpSession [org.apache.catalina.session.StandardSessionFacade@69be8c25]
?[0m?[0;34m2023-03-31 16:06:04.450  WARN 29781 --- [io-8080-exec-11] .w.s.m.s.DefaultHandlerExceptionResolver : Resolved [org.springframework.web.bind.MethodArgumentNotValidException: Validation failed for argument [1] in void recipes.RecipesController.updateRecipe(long,recipes.Recipe,org.springframework.security.core.userdetails.UserDetails) with 2 errors: [Field error in object 'recipe' on field 'category': rejected value [null]; codes [NotBlank.recipe.category,NotBlank.category,NotBlank.java.lang.String,NotBlank]; arguments [org.springframework.context.support.DefaultMessageSourceResolvable: codes [recipe.category,category]; arguments []; default message [category]]; default message [must not be blank]] [Field error in object 'recipe' on field 'category': rejected value [null]; codes [NotNull.recipe.category,NotNull.category,NotNull.java.lang.String,NotNull]; arguments [org.springframework.context.support.DefaultMessageSourceResolvable: codes [recipe.category,category]; arguments []; default message [category]]; default message [must not be null]] ]
?[0m?[0;34m2023-03-31 16:06:04.450 DEBUG 29781 --- [io-8080-exec-11] o.j.s.OpenEntityManagerInViewInterceptor : Closing JPA EntityManager in OpenEntityManagerInViewInterceptor
?[0m?[0;34m2023-03-31 16:06:04.450 DEBUG 29781 --- [io-8080-exec-11] o.s.web.servlet.DispatcherServlet        : Completed 400 BAD_REQUEST
?[0m?[0;34m2023-03-31 16:06:04.450 DEBUG 29781 --- [io-8080-exec-11] w.c.HttpSessionSecurityContextRepository : Stored SecurityContextImpl [Authentication=UsernamePasswordAuthenticationToken [Principal=recipes.UserDetailsImpl@67e144c1, Credentials=[PROTECTED], Authenticated=true, Details=WebAuthenticationDetails [RemoteIpAddress=127.0.0.1, SessionId=null], Granted Authorities=[ROLE_USER]]] to HttpSession [org.apache.catalina.session.StandardSessionFacade@69be8c25]
?[0m?[0;34m2023-03-31 16:06:04.450 DEBUG 29781 --- [io-8080-exec-11] s.s.w.c.SecurityContextPersistenceFilter : Cleared SecurityContextHolder to complete request
?[0m?[0;34m2023-03-31 16:06:04.450 DEBUG 29781 --- [io-8080-exec-11] o.s.security.web.FilterChainProxy        : Securing PUT /error
?[0m?[0;34m2023-03-31 16:06:04.450 DEBUG 29781 --- [io-8080-exec-11] w.c.HttpSessionSecurityContextRepository : Retrieved SecurityContextImpl [Authentication=UsernamePasswordAuthenticationToken [Principal=recipes.UserDetailsImpl@67e144c1, Credentials=[PROTECTED], Authenticated=true, Details=WebAuthenticationDetails [RemoteIpAddress=127.0.0.1, SessionId=null], Granted Authorities=[ROLE_USER]]]
?[0m?[0;34m2023-03-31 16:06:04.450 DEBUG 29781 --- [io-8080-exec-11] s.s.w.c.SecurityContextPersistenceFilter : Set SecurityContextHolder to SecurityContextImpl [Authentication=UsernamePasswordAuthenticationToken [Principal=recipes.UserDetailsImpl@67e144c1, Credentials=[PROTECTED], Authenticated=true, Details=WebAuthenticationDetails [RemoteIpAddress=127.0.0.1, SessionId=null], Granted Authorities=[ROLE_USER]]]
?[0m?[0;34m2023-03-31 16:06:04.450 DEBUG 29781 --- [io-8080-exec-11] o.s.security.web.FilterChainProxy        : Secured PUT /error
?[0m?[0;34m2023-03-31 16:06:04.450 DEBUG 29781 --- [io-8080-exec-11] o.s.web.servlet.DispatcherServlet        : "ERROR" dispatch for PUT "/error", parameters={}
?[0m?[0;34m2023-03-31 16:06:04.450 DEBUG 29781 --- [io-8080-exec-11] s.w.s.m.m.a.RequestMappingHandlerMapping : Mapped to org.springframework.boot.autoconfigure.web.servlet.error.BasicErrorController#error(HttpServletRequest)
?[0m?[0;34m2023-03-31 16:06:04.450 DEBUG 29781 --- [io-8080-exec-11] o.j.s.OpenEntityManagerInViewInterceptor : Opening JPA EntityManager in OpenEntityManagerInViewInterceptor
?[0m?[0;34m2023-03-31 16:06:04.451 DEBUG 29781 --- [io-8080-exec-11] o.s.w.s.m.m.a.HttpEntityMethodProcessor  : Using 'application/json', given [*/*] and supported [application/json, application/*+json, application/json, application/*+json]
?[0m?[0;34m2023-03-31 16:06:04.451 DEBUG 29781 --- [io-8080-exec-11] o.s.w.s.m.m.a.HttpEntityMethodProcessor  : Writing [{timestamp=Fri Mar 31 16:06:04 EEST 2023, status=400, error=Bad Request, path=/api/recipe/2}]
?[0m?[0;34m2023-03-31 16:06:04.451 DEBUG 29781 --- [io-8080-exec-11] o.j.s.OpenEntityManagerInViewInterceptor : Closing JPA EntityManager in OpenEntityManagerInViewInterceptor
?[0m?[0;34m2023-03-31 16:06:04.451 DEBUG 29781 --- [io-8080-exec-11] o.s.web.servlet.DispatcherServlet        : Exiting from "ERROR" dispatch, status 400
?[0m?[0;34m2023-03-31 16:06:04.451 DEBUG 29781 --- [io-8080-exec-11] s.s.w.c.SecurityContextPersistenceFilter : Cleared SecurityContextHolder to complete request
?[1;31m
Start test 55?[0m
?[0m?[0;34m2023-03-31 16:06:04.454 DEBUG 29781 --- [nio-8080-exec-8] o.s.security.web.FilterChainProxy        : Securing PUT /api/recipe/2
?[0m?[0;34m2023-03-31 16:06:04.454 DEBUG 29781 --- [nio-8080-exec-8] s.s.w.c.SecurityContextPersistenceFilter : Set SecurityContextHolder to empty SecurityContext
?[0m?[0;34m2023-03-31 16:06:04.454 DEBUG 29781 --- [nio-8080-exec-8] tor$SharedEntityManagerInvocationHandler : Creating new EntityManager for shared EntityManager invocation
?[0m?[0;34m2023-03-31 16:06:04.538 DEBUG 29781 --- [nio-8080-exec-8] o.s.s.a.dao.DaoAuthenticationProvider    : Authenticated user
?[0m?[0;34m2023-03-31 16:06:04.538 DEBUG 29781 --- [nio-8080-exec-8] o.s.s.w.a.www.BasicAuthenticationFilter  : Set SecurityContextHolder to UsernamePasswordAuthenticationToken [Principal=recipes.UserDetailsImpl@340d5788, Credentials=[PROTECTED], Authenticated=true, Details=WebAuthenticationDetails [RemoteIpAddress=127.0.0.1, SessionId=null], Granted Authorities=[ROLE_USER]]
?[0m?[0;34m2023-03-31 16:06:04.538 DEBUG 29781 --- [nio-8080-exec-8] w.c.HttpSessionSecurityContextRepository : Created HttpSession as SecurityContext is non-default
?[0m?[0;34m2023-03-31 16:06:04.538 DEBUG 29781 --- [nio-8080-exec-8] w.c.HttpSessionSecurityContextRepository : Stored SecurityContextImpl [Authentication=UsernamePasswordAuthenticationToken [Principal=recipes.UserDetailsImpl@340d5788, Credentials=[PROTECTED], Authenticated=true, Details=WebAuthenticationDetails [RemoteIpAddress=127.0.0.1, SessionId=null], Granted Authorities=[ROLE_USER]]] to HttpSession [org.apache.catalina.session.StandardSessionFacade@25859d55]
?[0m?[0;34m2023-03-31 16:06:04.538 DEBUG 29781 --- [nio-8080-exec-8] o.s.s.w.a.i.FilterSecurityInterceptor    : Authorized filter invocation [PUT /api/recipe/2] with attributes [hasRole('ROLE_USER')]
?[0m?[0;34m2023-03-31 16:06:04.539 DEBUG 29781 --- [nio-8080-exec-8] o.s.security.web.FilterChainProxy        : Secured PUT /api/recipe/2
?[0m?[0;34m2023-03-31 16:06:04.539 DEBUG 29781 --- [nio-8080-exec-8] o.s.web.servlet.DispatcherServlet        : PUT "/api/recipe/2", parameters={}
?[0m?[0;34m2023-03-31 16:06:04.539 DEBUG 29781 --- [nio-8080-exec-8] s.w.s.m.m.a.RequestMappingHandlerMapping : Mapped to recipes.RecipesController#updateRecipe(long, Recipe, UserDetails)
?[0m?[0;34m2023-03-31 16:06:04.539 DEBUG 29781 --- [nio-8080-exec-8] o.j.s.OpenEntityManagerInViewInterceptor : Opening JPA EntityManager in OpenEntityManagerInViewInterceptor
?[0m?[0;34m2023-03-31 16:06:04.539 DEBUG 29781 --- [nio-8080-exec-8] m.m.a.RequestResponseBodyMethodProcessor : Read "application/json;charset=UTF-8" to [Recipe(id=0, name=Warming Ginger Tea, category=beverage, date=null, description=null, ingredients=[1 (truncated)...]
?[0m?[0;34m2023-03-31 16:06:04.540 DEBUG 29781 --- [nio-8080-exec-8] w.c.HttpSessionSecurityContextRepository : Stored SecurityContextImpl [Authentication=UsernamePasswordAuthenticationToken [Principal=recipes.UserDetailsImpl@340d5788, Credentials=[PROTECTED], Authenticated=true, Details=WebAuthenticationDetails [RemoteIpAddress=127.0.0.1, SessionId=null], Granted Authorities=[ROLE_USER]]] to HttpSession [org.apache.catalina.session.StandardSessionFacade@25859d55]
?[0m?[0;34m2023-03-31 16:06:04.540  WARN 29781 --- [nio-8080-exec-8] .w.s.m.s.DefaultHandlerExceptionResolver : Resolved [org.springframework.web.bind.MethodArgumentNotValidException: Validation failed for argument [1] in void recipes.RecipesController.updateRecipe(long,recipes.Recipe,org.springframework.security.core.userdetails.UserDetails) with 2 errors: [Field error in object 'recipe' on field 'description': rejected value [null]; codes [NotBlank.recipe.description,NotBlank.description,NotBlank.java.lang.String,NotBlank]; arguments [org.springframework.context.support.DefaultMessageSourceResolvable: codes [recipe.description,description]; arguments []; default message [description]]; default message [must not be blank]] [Field error in object 'recipe' on field 'description': rejected value [null]; codes [NotNull.recipe.description,NotNull.description,NotNull.java.lang.String,NotNull]; arguments [org.springframework.context.support.DefaultMessageSourceResolvable: codes [recipe.description,description]; arguments []; default message [description]]; default message [must not be null]] ]
?[0m?[0;34m2023-03-31 16:06:04.540 DEBUG 29781 --- [nio-8080-exec-8] o.j.s.OpenEntityManagerInViewInterceptor : Closing JPA EntityManager in OpenEntityManagerInViewInterceptor
?[0m?[0;34m2023-03-31 16:06:04.540 DEBUG 29781 --- [nio-8080-exec-8] o.s.web.servlet.DispatcherServlet        : Completed 400 BAD_REQUEST
?[0m?[0;34m2023-03-31 16:06:04.540 DEBUG 29781 --- [nio-8080-exec-8] w.c.HttpSessionSecurityContextRepository : Stored SecurityContextImpl [Authentication=UsernamePasswordAuthenticationToken [Principal=recipes.UserDetailsImpl@340d5788, Credentials=[PROTECTED], Authenticated=true, Details=WebAuthenticationDetails [RemoteIpAddress=127.0.0.1, SessionId=null], Granted Authorities=[ROLE_USER]]] to HttpSession [org.apache.catalina.session.StandardSessionFacade@25859d55]
?[0m?[0;34m2023-03-31 16:06:04.540 DEBUG 29781 --- [nio-8080-exec-8] s.s.w.c.SecurityContextPersistenceFilter : Cleared SecurityContextHolder to complete request
?[0m?[0;34m2023-03-31 16:06:04.540 DEBUG 29781 --- [nio-8080-exec-8] o.s.security.web.FilterChainProxy        : Securing PUT /error
?[0m?[0;34m2023-03-31 16:06:04.540 DEBUG 29781 --- [nio-8080-exec-8] w.c.HttpSessionSecurityContextRepository : Retrieved SecurityContextImpl [Authentication=UsernamePasswordAuthenticationToken [Principal=recipes.UserDetailsImpl@340d5788, Credentials=[PROTECTED], Authenticated=true, Details=WebAuthenticationDetails [RemoteIpAddress=127.0.0.1, SessionId=null], Granted Authorities=[ROLE_USER]]]
?[0m?[0;34m2023-03-31 16:06:04.540 DEBUG 29781 --- [nio-8080-exec-8] s.s.w.c.SecurityContextPersistenceFilter : Set SecurityContextHolder to SecurityContextImpl [Authentication=UsernamePasswordAuthenticationToken [Principal=recipes.UserDetailsImpl@340d5788, Credentials=[PROTECTED], Authenticated=true, Details=WebAuthenticationDetails [RemoteIpAddress=127.0.0.1, SessionId=null], Granted Authorities=[ROLE_USER]]]
?[0m?[0;34m2023-03-31 16:06:04.540 DEBUG 29781 --- [nio-8080-exec-8] o.s.security.web.FilterChainProxy        : Secured PUT /error
?[0m?[0;34m2023-03-31 16:06:04.540 DEBUG 29781 --- [nio-8080-exec-8] o.s.web.servlet.DispatcherServlet        : "ERROR" dispatch for PUT "/error", parameters={}
?[0m?[0;34m2023-03-31 16:06:04.540 DEBUG 29781 --- [nio-8080-exec-8] s.w.s.m.m.a.RequestMappingHandlerMapping : Mapped to org.springframework.boot.autoconfigure.web.servlet.error.BasicErrorController#error(HttpServletRequest)
?[0m?[0;34m2023-03-31 16:06:04.541 DEBUG 29781 --- [nio-8080-exec-8] o.j.s.OpenEntityManagerInViewInterceptor : Opening JPA EntityManager in OpenEntityManagerInViewInterceptor
?[0m?[0;34m2023-03-31 16:06:04.541 DEBUG 29781 --- [nio-8080-exec-8] o.s.w.s.m.m.a.HttpEntityMethodProcessor  : Using 'application/json', given [*/*] and supported [application/json, application/*+json, application/json, application/*+json]
?[0m?[0;34m2023-03-31 16:06:04.541 DEBUG 29781 --- [nio-8080-exec-8] o.s.w.s.m.m.a.HttpEntityMethodProcessor  : Writing [{timestamp=Fri Mar 31 16:06:04 EEST 2023, status=400, error=Bad Request, path=/api/recipe/2}]
?[0m?[0;34m2023-03-31 16:06:04.541 DEBUG 29781 --- [nio-8080-exec-8] o.j.s.OpenEntityManagerInViewInterceptor : Closing JPA EntityManager in OpenEntityManagerInViewInterceptor
?[0m?[0;34m2023-03-31 16:06:04.541 DEBUG 29781 --- [nio-8080-exec-8] o.s.web.servlet.DispatcherServlet        : Exiting from "ERROR" dispatch, status 400
?[0m?[0;34m2023-03-31 16:06:04.541 DEBUG 29781 --- [nio-8080-exec-8] s.s.w.c.SecurityContextPersistenceFilter : Cleared SecurityContextHolder to complete request
?[1;31m
Start test 56?[0m
?[0m?[0;34m2023-03-31 16:06:04.544 DEBUG 29781 --- [io-8080-exec-10] o.s.security.web.FilterChainProxy        : Securing PUT /api/recipe/2
?[0m?[0;34m2023-03-31 16:06:04.544 DEBUG 29781 --- [io-8080-exec-10] s.s.w.c.SecurityContextPersistenceFilter : Set SecurityContextHolder to empty SecurityContext
?[0m?[0;34m2023-03-31 16:06:04.544 DEBUG 29781 --- [io-8080-exec-10] tor$SharedEntityManagerInvocationHandler : Creating new EntityManager for shared EntityManager invocation
?[0m?[0;34m2023-03-31 16:06:04.626 DEBUG 29781 --- [io-8080-exec-10] o.s.s.a.dao.DaoAuthenticationProvider    : Authenticated user
?[0m?[0;34m2023-03-31 16:06:04.626 DEBUG 29781 --- [io-8080-exec-10] o.s.s.w.a.www.BasicAuthenticationFilter  : Set SecurityContextHolder to UsernamePasswordAuthenticationToken [Principal=recipes.UserDetailsImpl@5df6e5a9, Credentials=[PROTECTED], Authenticated=true, Details=WebAuthenticationDetails [RemoteIpAddress=127.0.0.1, SessionId=null], Granted Authorities=[ROLE_USER]]
?[0m?[0;34m2023-03-31 16:06:04.626 DEBUG 29781 --- [io-8080-exec-10] w.c.HttpSessionSecurityContextRepository : Created HttpSession as SecurityContext is non-default
?[0m?[0;34m2023-03-31 16:06:04.626 DEBUG 29781 --- [io-8080-exec-10] w.c.HttpSessionSecurityContextRepository : Stored SecurityContextImpl [Authentication=UsernamePasswordAuthenticationToken [Principal=recipes.UserDetailsImpl@5df6e5a9, Credentials=[PROTECTED], Authenticated=true, Details=WebAuthenticationDetails [RemoteIpAddress=127.0.0.1, SessionId=null], Granted Authorities=[ROLE_USER]]] to HttpSession [org.apache.catalina.session.StandardSessionFacade@1a5a629f]
?[0m?[0;34m2023-03-31 16:06:04.626 DEBUG 29781 --- [io-8080-exec-10] o.s.s.w.a.i.FilterSecurityInterceptor    : Authorized filter invocation [PUT /api/recipe/2] with attributes [hasRole('ROLE_USER')]
?[0m?[0;34m2023-03-31 16:06:04.626 DEBUG 29781 --- [io-8080-exec-10] o.s.security.web.FilterChainProxy        : Secured PUT /api/recipe/2
?[0m?[0;34m2023-03-31 16:06:04.626 DEBUG 29781 --- [io-8080-exec-10] o.s.web.servlet.DispatcherServlet        : PUT "/api/recipe/2", parameters={}
?[0m?[0;34m2023-03-31 16:06:04.627 DEBUG 29781 --- [io-8080-exec-10] s.w.s.m.m.a.RequestMappingHandlerMapping : Mapped to recipes.RecipesController#updateRecipe(long, Recipe, UserDetails)
?[0m?[0;34m2023-03-31 16:06:04.627 DEBUG 29781 --- [io-8080-exec-10] o.j.s.OpenEntityManagerInViewInterceptor : Opening JPA EntityManager in OpenEntityManagerInViewInterceptor
?[0m?[0;34m2023-03-31 16:06:04.627 DEBUG 29781 --- [io-8080-exec-10] m.m.a.RequestResponseBodyMethodProcessor : Read "application/json;charset=UTF-8" to [Recipe(id=0, name=Fresh Mint Tea, category=beverage, date=null, description=Light, aromatic and refr (truncated)...]
?[0m?[0;34m2023-03-31 16:06:04.627 DEBUG 29781 --- [io-8080-exec-10] w.c.HttpSessionSecurityContextRepository : Stored SecurityContextImpl [Authentication=UsernamePasswordAuthenticationToken [Principal=recipes.UserDetailsImpl@5df6e5a9, Credentials=[PROTECTED], Authenticated=true, Details=WebAuthenticationDetails [RemoteIpAddress=127.0.0.1, SessionId=null], Granted Authorities=[ROLE_USER]]] to HttpSession [org.apache.catalina.session.StandardSessionFacade@1a5a629f]
?[0m?[0;34m2023-03-31 16:06:04.627  WARN 29781 --- [io-8080-exec-10] .w.s.m.s.DefaultHandlerExceptionResolver : Resolved [org.springframework.web.bind.MethodArgumentNotValidException: Validation failed for argument [1] in void recipes.RecipesController.updateRecipe(long,recipes.Recipe,org.springframework.security.core.userdetails.UserDetails): [Field error in object 'recipe' on field 'ingredients': rejected value [null]; codes [NotNull.recipe.ingredients,NotNull.ingredients,NotNull.java.util.List,NotNull]; arguments [org.springframework.context.support.DefaultMessageSourceResolvable: codes [recipe.ingredients,ingredients]; arguments []; default message [ingredients]]; default message [must not be null]] ]
?[0m?[0;34m2023-03-31 16:06:04.627 DEBUG 29781 --- [io-8080-exec-10] o.j.s.OpenEntityManagerInViewInterceptor : Closing JPA EntityManager in OpenEntityManagerInViewInterceptor
?[0m?[0;34m2023-03-31 16:06:04.627 DEBUG 29781 --- [io-8080-exec-10] o.s.web.servlet.DispatcherServlet        : Completed 400 BAD_REQUEST
?[0m?[0;34m2023-03-31 16:06:04.627 DEBUG 29781 --- [io-8080-exec-10] w.c.HttpSessionSecurityContextRepository : Stored SecurityContextImpl [Authentication=UsernamePasswordAuthenticationToken [Principal=recipes.UserDetailsImpl@5df6e5a9, Credentials=[PROTECTED], Authenticated=true, Details=WebAuthenticationDetails [RemoteIpAddress=127.0.0.1, SessionId=null], Granted Authorities=[ROLE_USER]]] to HttpSession [org.apache.catalina.session.StandardSessionFacade@1a5a629f]
?[0m?[0;34m2023-03-31 16:06:04.627 DEBUG 29781 --- [io-8080-exec-10] s.s.w.c.SecurityContextPersistenceFilter : Cleared SecurityContextHolder to complete request
?[0m?[0;34m2023-03-31 16:06:04.628 DEBUG 29781 --- [io-8080-exec-10] o.s.security.web.FilterChainProxy        : Securing PUT /error
?[0m?[0;34m2023-03-31 16:06:04.628 DEBUG 29781 --- [io-8080-exec-10] w.c.HttpSessionSecurityContextRepository : Retrieved SecurityContextImpl [Authentication=UsernamePasswordAuthenticationToken [Principal=recipes.UserDetailsImpl@5df6e5a9, Credentials=[PROTECTED], Authenticated=true, Details=WebAuthenticationDetails [RemoteIpAddress=127.0.0.1, SessionId=null], Granted Authorities=[ROLE_USER]]]
?[0m?[0;34m2023-03-31 16:06:04.628 DEBUG 29781 --- [io-8080-exec-10] s.s.w.c.SecurityContextPersistenceFilter : Set SecurityContextHolder to SecurityContextImpl [Authentication=UsernamePasswordAuthenticationToken [Principal=recipes.UserDetailsImpl@5df6e5a9, Credentials=[PROTECTED], Authenticated=true, Details=WebAuthenticationDetails [RemoteIpAddress=127.0.0.1, SessionId=null], Granted Authorities=[ROLE_USER]]]
?[0m?[0;34m2023-03-31 16:06:04.628 DEBUG 29781 --- [io-8080-exec-10] o.s.security.web.FilterChainProxy        : Secured PUT /error
?[0m?[0;34m2023-03-31 16:06:04.628 DEBUG 29781 --- [io-8080-exec-10] o.s.web.servlet.DispatcherServlet        : "ERROR" dispatch for PUT "/error", parameters={}
?[0m?[0;34m2023-03-31 16:06:04.628 DEBUG 29781 --- [io-8080-exec-10] s.w.s.m.m.a.RequestMappingHandlerMapping : Mapped to org.springframework.boot.autoconfigure.web.servlet.error.BasicErrorController#error(HttpServletRequest)
?[0m?[0;34m2023-03-31 16:06:04.628 DEBUG 29781 --- [io-8080-exec-10] o.j.s.OpenEntityManagerInViewInterceptor : Opening JPA EntityManager in OpenEntityManagerInViewInterceptor
?[0m?[0;34m2023-03-31 16:06:04.628 DEBUG 29781 --- [io-8080-exec-10] o.s.w.s.m.m.a.HttpEntityMethodProcessor  : Using 'application/json', given [*/*] and supported [application/json, application/*+json, application/json, application/*+json]
?[0m?[0;34m2023-03-31 16:06:04.628 DEBUG 29781 --- [io-8080-exec-10] o.s.w.s.m.m.a.HttpEntityMethodProcessor  : Writing [{timestamp=Fri Mar 31 16:06:04 EEST 2023, status=400, error=Bad Request, path=/api/recipe/2}]
?[0m?[0;34m2023-03-31 16:06:04.628 DEBUG 29781 --- [io-8080-exec-10] o.j.s.OpenEntityManagerInViewInterceptor : Closing JPA EntityManager in OpenEntityManagerInViewInterceptor
?[0m?[0;34m2023-03-31 16:06:04.628 DEBUG 29781 --- [io-8080-exec-10] o.s.web.servlet.DispatcherServlet        : Exiting from "ERROR" dispatch, status 400
?[0m?[0;34m2023-03-31 16:06:04.628 DEBUG 29781 --- [io-8080-exec-10] s.s.w.c.SecurityContextPersistenceFilter : Cleared SecurityContextHolder to complete request
?[1;31m
Start test 57?[0m
?[0m?[0;34m2023-03-31 16:06:04.631 DEBUG 29781 --- [nio-8080-exec-1] o.s.security.web.FilterChainProxy        : Securing PUT /api/recipe/2
?[0m?[0;34m2023-03-31 16:06:04.631 DEBUG 29781 --- [nio-8080-exec-1] s.s.w.c.SecurityContextPersistenceFilter : Set SecurityContextHolder to empty SecurityContext
?[0m?[0;34m2023-03-31 16:06:04.631 DEBUG 29781 --- [nio-8080-exec-1] tor$SharedEntityManagerInvocationHandler : Creating new EntityManager for shared EntityManager invocation
?[0m?[0;34m2023-03-31 16:06:04.714 DEBUG 29781 --- [nio-8080-exec-1] o.s.s.a.dao.DaoAuthenticationProvider    : Authenticated user
?[0m?[0;34m2023-03-31 16:06:04.714 DEBUG 29781 --- [nio-8080-exec-1] o.s.s.w.a.www.BasicAuthenticationFilter  : Set SecurityContextHolder to UsernamePasswordAuthenticationToken [Principal=recipes.UserDetailsImpl@6ceb8208, Credentials=[PROTECTED], Authenticated=true, Details=WebAuthenticationDetails [RemoteIpAddress=127.0.0.1, SessionId=null], Granted Authorities=[ROLE_USER]]
?[0m?[0;34m2023-03-31 16:06:04.714 DEBUG 29781 --- [nio-8080-exec-1] w.c.HttpSessionSecurityContextRepository : Created HttpSession as SecurityContext is non-default
?[0m?[0;34m2023-03-31 16:06:04.714 DEBUG 29781 --- [nio-8080-exec-1] w.c.HttpSessionSecurityContextRepository : Stored SecurityContextImpl [Authentication=UsernamePasswordAuthenticationToken [Principal=recipes.UserDetailsImpl@6ceb8208, Credentials=[PROTECTED], Authenticated=true, Details=WebAuthenticationDetails [RemoteIpAddress=127.0.0.1, SessionId=null], Granted Authorities=[ROLE_USER]]] to HttpSession [org.apache.catalina.session.StandardSessionFacade@2ea90036]
?[0m?[0;34m2023-03-31 16:06:04.714 DEBUG 29781 --- [nio-8080-exec-1] o.s.s.w.a.i.FilterSecurityInterceptor    : Authorized filter invocation [PUT /api/recipe/2] with attributes [hasRole('ROLE_USER')]
?[0m?[0;34m2023-03-31 16:06:04.714 DEBUG 29781 --- [nio-8080-exec-1] o.s.security.web.FilterChainProxy        : Secured PUT /api/recipe/2
?[0m?[0;34m2023-03-31 16:06:04.714 DEBUG 29781 --- [nio-8080-exec-1] o.s.web.servlet.DispatcherServlet        : PUT "/api/recipe/2", parameters={}
?[0m?[0;34m2023-03-31 16:06:04.714 DEBUG 29781 --- [nio-8080-exec-1] s.w.s.m.m.a.RequestMappingHandlerMapping : Mapped to recipes.RecipesController#updateRecipe(long, Recipe, UserDetails)
?[0m?[0;34m2023-03-31 16:06:04.714 DEBUG 29781 --- [nio-8080-exec-1] o.j.s.OpenEntityManagerInViewInterceptor : Opening JPA EntityManager in OpenEntityManagerInViewInterceptor
?[0m?[0;34m2023-03-31 16:06:04.715 DEBUG 29781 --- [nio-8080-exec-1] m.m.a.RequestResponseBodyMethodProcessor : Read "application/json;charset=UTF-8" to [Recipe(id=0, name=Warming Ginger Tea, category=beverage, date=null, description=Ginger tea is a warm (truncated)...]
?[0m?[0;34m2023-03-31 16:06:04.715 DEBUG 29781 --- [nio-8080-exec-1] w.c.HttpSessionSecurityContextRepository : Stored SecurityContextImpl [Authentication=UsernamePasswordAuthenticationToken [Principal=recipes.UserDetailsImpl@6ceb8208, Credentials=[PROTECTED], Authenticated=true, Details=WebAuthenticationDetails [RemoteIpAddress=127.0.0.1, SessionId=null], Granted Authorities=[ROLE_USER]]] to HttpSession [org.apache.catalina.session.StandardSessionFacade@2ea90036]
?[0m?[0;34m2023-03-31 16:06:04.715  WARN 29781 --- [nio-8080-exec-1] .w.s.m.s.DefaultHandlerExceptionResolver : Resolved [org.springframework.web.bind.MethodArgumentNotValidException: Validation failed for argument [1] in void recipes.RecipesController.updateRecipe(long,recipes.Recipe,org.springframework.security.core.userdetails.UserDetails): [Field error in object 'recipe' on field 'directions': rejected value [null]; codes [NotNull.recipe.directions,NotNull.directions,NotNull.java.util.List,NotNull]; arguments [org.springframework.context.support.DefaultMessageSourceResolvable: codes [recipe.directions,directions]; arguments []; default message [directions]]; default message [must not be null]] ]
?[0m?[0;34m2023-03-31 16:06:04.715 DEBUG 29781 --- [nio-8080-exec-1] o.j.s.OpenEntityManagerInViewInterceptor : Closing JPA EntityManager in OpenEntityManagerInViewInterceptor
?[0m?[0;34m2023-03-31 16:06:04.715 DEBUG 29781 --- [nio-8080-exec-1] o.s.web.servlet.DispatcherServlet        : Completed 400 BAD_REQUEST
?[0m?[0;34m2023-03-31 16:06:04.715 DEBUG 29781 --- [nio-8080-exec-1] w.c.HttpSessionSecurityContextRepository : Stored SecurityContextImpl [Authentication=UsernamePasswordAuthenticationToken [Principal=recipes.UserDetailsImpl@6ceb8208, Credentials=[PROTECTED], Authenticated=true, Details=WebAuthenticationDetails [RemoteIpAddress=127.0.0.1, SessionId=null], Granted Authorities=[ROLE_USER]]] to HttpSession [org.apache.catalina.session.StandardSessionFacade@2ea90036]
?[0m?[0;34m2023-03-31 16:06:04.715 DEBUG 29781 --- [nio-8080-exec-1] s.s.w.c.SecurityContextPersistenceFilter : Cleared SecurityContextHolder to complete request
?[0m?[0;34m2023-03-31 16:06:04.715 DEBUG 29781 --- [nio-8080-exec-1] o.s.security.web.FilterChainProxy        : Securing PUT /error
?[0m?[0;34m2023-03-31 16:06:04.715 DEBUG 29781 --- [nio-8080-exec-1] w.c.HttpSessionSecurityContextRepository : Retrieved SecurityContextImpl [Authentication=UsernamePasswordAuthenticationToken [Principal=recipes.UserDetailsImpl@6ceb8208, Credentials=[PROTECTED], Authenticated=true, Details=WebAuthenticationDetails [RemoteIpAddress=127.0.0.1, SessionId=null], Granted Authorities=[ROLE_USER]]]
?[0m?[0;34m2023-03-31 16:06:04.715 DEBUG 29781 --- [nio-8080-exec-1] s.s.w.c.SecurityContextPersistenceFilter : Set SecurityContextHolder to SecurityContextImpl [Authentication=UsernamePasswordAuthenticationToken [Principal=recipes.UserDetailsImpl@6ceb8208, Credentials=[PROTECTED], Authenticated=true, Details=WebAuthenticationDetails [RemoteIpAddress=127.0.0.1, SessionId=null], Granted Authorities=[ROLE_USER]]]
?[0m?[0;34m2023-03-31 16:06:04.715 DEBUG 29781 --- [nio-8080-exec-1] o.s.security.web.FilterChainProxy        : Secured PUT /error
?[0m?[0;34m2023-03-31 16:06:04.715 DEBUG 29781 --- [nio-8080-exec-1] o.s.web.servlet.DispatcherServlet        : "ERROR" dispatch for PUT "/error", parameters={}
?[0m?[0;34m2023-03-31 16:06:04.716 DEBUG 29781 --- [nio-8080-exec-1] s.w.s.m.m.a.RequestMappingHandlerMapping : Mapped to org.springframework.boot.autoconfigure.web.servlet.error.BasicErrorController#error(HttpServletRequest)
?[0m?[0;34m2023-03-31 16:06:04.716 DEBUG 29781 --- [nio-8080-exec-1] o.j.s.OpenEntityManagerInViewInterceptor : Opening JPA EntityManager in OpenEntityManagerInViewInterceptor
?[0m?[0;34m2023-03-31 16:06:04.716 DEBUG 29781 --- [nio-8080-exec-1] o.s.w.s.m.m.a.HttpEntityMethodProcessor  : Using 'application/json', given [*/*] and supported [application/json, application/*+json, application/json, application/*+json]
?[0m?[0;34m2023-03-31 16:06:04.716 DEBUG 29781 --- [nio-8080-exec-1] o.s.w.s.m.m.a.HttpEntityMethodProcessor  : Writing [{timestamp=Fri Mar 31 16:06:04 EEST 2023, status=400, error=Bad Request, path=/api/recipe/2}]
?[0m?[0;34m2023-03-31 16:06:04.716 DEBUG 29781 --- [nio-8080-exec-1] o.j.s.OpenEntityManagerInViewInterceptor : Closing JPA EntityManager in OpenEntityManagerInViewInterceptor
?[0m?[0;34m2023-03-31 16:06:04.716 DEBUG 29781 --- [nio-8080-exec-1] o.s.web.servlet.DispatcherServlet        : Exiting from "ERROR" dispatch, status 400
?[0m?[0;34m2023-03-31 16:06:04.716 DEBUG 29781 --- [nio-8080-exec-1] s.s.w.c.SecurityContextPersistenceFilter : Cleared SecurityContextHolder to complete request
?[1;31m
Start test 58?[0m
?[0m?[0;34m2023-03-31 16:06:04.719 DEBUG 29781 --- [nio-8080-exec-2] o.s.security.web.FilterChainProxy        : Securing PUT /api/recipe/2
?[0m?[0;34m2023-03-31 16:06:04.719 DEBUG 29781 --- [nio-8080-exec-2] s.s.w.c.SecurityContextPersistenceFilter : Set SecurityContextHolder to empty SecurityContext
?[0m?[0;34m2023-03-31 16:06:04.719 DEBUG 29781 --- [nio-8080-exec-2] tor$SharedEntityManagerInvocationHandler : Creating new EntityManager for shared EntityManager invocation
?[0m?[0;34m2023-03-31 16:06:04.801 DEBUG 29781 --- [nio-8080-exec-2] o.s.s.a.dao.DaoAuthenticationProvider    : Authenticated user
?[0m?[0;34m2023-03-31 16:06:04.801 DEBUG 29781 --- [nio-8080-exec-2] o.s.s.w.a.www.BasicAuthenticationFilter  : Set SecurityContextHolder to UsernamePasswordAuthenticationToken [Principal=recipes.UserDetailsImpl@c2862d9, Credentials=[PROTECTED], Authenticated=true, Details=WebAuthenticationDetails [RemoteIpAddress=127.0.0.1, SessionId=null], Granted Authorities=[ROLE_USER]]
?[0m?[0;34m2023-03-31 16:06:04.802 DEBUG 29781 --- [nio-8080-exec-2] w.c.HttpSessionSecurityContextRepository : Created HttpSession as SecurityContext is non-default
?[0m?[0;34m2023-03-31 16:06:04.802 DEBUG 29781 --- [nio-8080-exec-2] w.c.HttpSessionSecurityContextRepository : Stored SecurityContextImpl [Authentication=UsernamePasswordAuthenticationToken [Principal=recipes.UserDetailsImpl@c2862d9, Credentials=[PROTECTED], Authenticated=true, Details=WebAuthenticationDetails [RemoteIpAddress=127.0.0.1, SessionId=null], Granted Authorities=[ROLE_USER]]] to HttpSession [org.apache.catalina.session.StandardSessionFacade@6a368549]
?[0m?[0;34m2023-03-31 16:06:04.802 DEBUG 29781 --- [nio-8080-exec-2] o.s.s.w.a.i.FilterSecurityInterceptor    : Authorized filter invocation [PUT /api/recipe/2] with attributes [hasRole('ROLE_USER')]
?[0m?[0;34m2023-03-31 16:06:04.802 DEBUG 29781 --- [nio-8080-exec-2] o.s.security.web.FilterChainProxy        : Secured PUT /api/recipe/2
?[0m?[0;34m2023-03-31 16:06:04.802 DEBUG 29781 --- [nio-8080-exec-2] o.s.web.servlet.DispatcherServlet        : PUT "/api/recipe/2", parameters={}
?[0m?[0;34m2023-03-31 16:06:04.802 DEBUG 29781 --- [nio-8080-exec-2] s.w.s.m.m.a.RequestMappingHandlerMapping : Mapped to recipes.RecipesController#updateRecipe(long, Recipe, UserDetails)
?[0m?[0;34m2023-03-31 16:06:04.802 DEBUG 29781 --- [nio-8080-exec-2] o.j.s.OpenEntityManagerInViewInterceptor : Opening JPA EntityManager in OpenEntityManagerInViewInterceptor
?[0m?[0;34m2023-03-31 16:06:04.803 DEBUG 29781 --- [nio-8080-exec-2] m.m.a.RequestResponseBodyMethodProcessor : Read "application/json;charset=UTF-8" to [Recipe(id=0, name=  , category=beverage, date=null, description=Light, aromatic and refreshing bever (truncated)...]
?[0m?[0;34m2023-03-31 16:06:04.803 DEBUG 29781 --- [nio-8080-exec-2] w.c.HttpSessionSecurityContextRepository : Stored SecurityContextImpl [Authentication=UsernamePasswordAuthenticationToken [Principal=recipes.UserDetailsImpl@c2862d9, Credentials=[PROTECTED], Authenticated=true, Details=WebAuthenticationDetails [RemoteIpAddress=127.0.0.1, SessionId=null], Granted Authorities=[ROLE_USER]]] to HttpSession [org.apache.catalina.session.StandardSessionFacade@6a368549]
?[0m?[0;34m2023-03-31 16:06:04.803  WARN 29781 --- [nio-8080-exec-2] .w.s.m.s.DefaultHandlerExceptionResolver : Resolved [org.springframework.web.bind.MethodArgumentNotValidException: Validation failed for argument [1] in void recipes.RecipesController.updateRecipe(long,recipes.Recipe,org.springframework.security.core.userdetails.UserDetails): [Field error in object 'recipe' on field 'name': rejected value [  ]; codes [NotBlank.recipe.name,NotBlank.name,NotBlank.java.lang.String,NotBlank]; arguments [org.springframework.context.support.DefaultMessageSourceResolvable: codes [recipe.name,name]; arguments []; default message [name]]; default message [must not be blank]] ]
?[0m?[0;34m2023-03-31 16:06:04.803 DEBUG 29781 --- [nio-8080-exec-2] o.j.s.OpenEntityManagerInViewInterceptor : Closing JPA EntityManager in OpenEntityManagerInViewInterceptor
?[0m?[0;34m2023-03-31 16:06:04.803 DEBUG 29781 --- [nio-8080-exec-2] o.s.web.servlet.DispatcherServlet        : Completed 400 BAD_REQUEST
?[0m?[0;34m2023-03-31 16:06:04.803 DEBUG 29781 --- [nio-8080-exec-2] w.c.HttpSessionSecurityContextRepository : Stored SecurityContextImpl [Authentication=UsernamePasswordAuthenticationToken [Principal=recipes.UserDetailsImpl@c2862d9, Credentials=[PROTECTED], Authenticated=true, Details=WebAuthenticationDetails [RemoteIpAddress=127.0.0.1, SessionId=null], Granted Authorities=[ROLE_USER]]] to HttpSession [org.apache.catalina.session.StandardSessionFacade@6a368549]
?[0m?[0;34m2023-03-31 16:06:04.803 DEBUG 29781 --- [nio-8080-exec-2] s.s.w.c.SecurityContextPersistenceFilter : Cleared SecurityContextHolder to complete request
?[0m?[0;34m2023-03-31 16:06:04.803 DEBUG 29781 --- [nio-8080-exec-2] o.s.security.web.FilterChainProxy        : Securing PUT /error
?[0m?[0;34m2023-03-31 16:06:04.803 DEBUG 29781 --- [nio-8080-exec-2] w.c.HttpSessionSecurityContextRepository : Retrieved SecurityContextImpl [Authentication=UsernamePasswordAuthenticationToken [Principal=recipes.UserDetailsImpl@c2862d9, Credentials=[PROTECTED], Authenticated=true, Details=WebAuthenticationDetails [RemoteIpAddress=127.0.0.1, SessionId=null], Granted Authorities=[ROLE_USER]]]
?[0m?[0;34m2023-03-31 16:06:04.803 DEBUG 29781 --- [nio-8080-exec-2] s.s.w.c.SecurityContextPersistenceFilter : Set SecurityContextHolder to SecurityContextImpl [Authentication=UsernamePasswordAuthenticationToken [Principal=recipes.UserDetailsImpl@c2862d9, Credentials=[PROTECTED], Authenticated=true, Details=WebAuthenticationDetails [RemoteIpAddress=127.0.0.1, SessionId=null], Granted Authorities=[ROLE_USER]]]
?[0m?[0;34m2023-03-31 16:06:04.803 DEBUG 29781 --- [nio-8080-exec-2] o.s.security.web.FilterChainProxy        : Secured PUT /error
?[0m?[0;34m2023-03-31 16:06:04.803 DEBUG 29781 --- [nio-8080-exec-2] o.s.web.servlet.DispatcherServlet        : "ERROR" dispatch for PUT "/error", parameters={}
?[0m?[0;34m2023-03-31 16:06:04.804 DEBUG 29781 --- [nio-8080-exec-2] s.w.s.m.m.a.RequestMappingHandlerMapping : Mapped to org.springframework.boot.autoconfigure.web.servlet.error.BasicErrorController#error(HttpServletRequest)
?[0m?[0;34m2023-03-31 16:06:04.804 DEBUG 29781 --- [nio-8080-exec-2] o.j.s.OpenEntityManagerInViewInterceptor : Opening JPA EntityManager in OpenEntityManagerInViewInterceptor
?[0m?[0;34m2023-03-31 16:06:04.804 DEBUG 29781 --- [nio-8080-exec-2] o.s.w.s.m.m.a.HttpEntityMethodProcessor  : Using 'application/json', given [*/*] and supported [application/json, application/*+json, application/json, application/*+json]
?[0m?[0;34m2023-03-31 16:06:04.804 DEBUG 29781 --- [nio-8080-exec-2] o.s.w.s.m.m.a.HttpEntityMethodProcessor  : Writing [{timestamp=Fri Mar 31 16:06:04 EEST 2023, status=400, error=Bad Request, path=/api/recipe/2}]
?[0m?[0;34m2023-03-31 16:06:04.804 DEBUG 29781 --- [nio-8080-exec-2] o.j.s.OpenEntityManagerInViewInterceptor : Closing JPA EntityManager in OpenEntityManagerInViewInterceptor
?[0m?[0;34m2023-03-31 16:06:04.804 DEBUG 29781 --- [nio-8080-exec-2] o.s.web.servlet.DispatcherServlet        : Exiting from "ERROR" dispatch, status 400
?[0m?[0;34m2023-03-31 16:06:04.804 DEBUG 29781 --- [nio-8080-exec-2] s.s.w.c.SecurityContextPersistenceFilter : Cleared SecurityContextHolder to complete request
?[1;31m
Start test 59?[0m
?[0m?[0;34m2023-03-31 16:06:04.807 DEBUG 29781 --- [nio-8080-exec-3] o.s.security.web.FilterChainProxy        : Securing PUT /api/recipe/2
?[0m?[0;34m2023-03-31 16:06:04.807 DEBUG 29781 --- [nio-8080-exec-3] s.s.w.c.SecurityContextPersistenceFilter : Set SecurityContextHolder to empty SecurityContext
?[0m?[0;34m2023-03-31 16:06:04.807 DEBUG 29781 --- [nio-8080-exec-3] tor$SharedEntityManagerInvocationHandler : Creating new EntityManager for shared EntityManager invocation
?[0m?[0;34m2023-03-31 16:06:04.889 DEBUG 29781 --- [nio-8080-exec-3] o.s.s.a.dao.DaoAuthenticationProvider    : Authenticated user
?[0m?[0;34m2023-03-31 16:06:04.889 DEBUG 29781 --- [nio-8080-exec-3] o.s.s.w.a.www.BasicAuthenticationFilter  : Set SecurityContextHolder to UsernamePasswordAuthenticationToken [Principal=recipes.UserDetailsImpl@700cbed4, Credentials=[PROTECTED], Authenticated=true, Details=WebAuthenticationDetails [RemoteIpAddress=127.0.0.1, SessionId=null], Granted Authorities=[ROLE_USER]]
?[0m?[0;34m2023-03-31 16:06:04.889 DEBUG 29781 --- [nio-8080-exec-3] w.c.HttpSessionSecurityContextRepository : Created HttpSession as SecurityContext is non-default
?[0m?[0;34m2023-03-31 16:06:04.889 DEBUG 29781 --- [nio-8080-exec-3] w.c.HttpSessionSecurityContextRepository : Stored SecurityContextImpl [Authentication=UsernamePasswordAuthenticationToken [Principal=recipes.UserDetailsImpl@700cbed4, Credentials=[PROTECTED], Authenticated=true, Details=WebAuthenticationDetails [RemoteIpAddress=127.0.0.1, SessionId=null], Granted Authorities=[ROLE_USER]]] to HttpSession [org.apache.catalina.session.StandardSessionFacade@2ebf655e]
?[0m?[0;34m2023-03-31 16:06:04.889 DEBUG 29781 --- [nio-8080-exec-3] o.s.s.w.a.i.FilterSecurityInterceptor    : Authorized filter invocation [PUT /api/recipe/2] with attributes [hasRole('ROLE_USER')]
?[0m?[0;34m2023-03-31 16:06:04.889 DEBUG 29781 --- [nio-8080-exec-3] o.s.security.web.FilterChainProxy        : Secured PUT /api/recipe/2
?[0m?[0;34m2023-03-31 16:06:04.889 DEBUG 29781 --- [nio-8080-exec-3] o.s.web.servlet.DispatcherServlet        : PUT "/api/recipe/2", parameters={}
?[0m?[0;34m2023-03-31 16:06:04.890 DEBUG 29781 --- [nio-8080-exec-3] s.w.s.m.m.a.RequestMappingHandlerMapping : Mapped to recipes.RecipesController#updateRecipe(long, Recipe, UserDetails)
?[0m?[0;34m2023-03-31 16:06:04.890 DEBUG 29781 --- [nio-8080-exec-3] o.j.s.OpenEntityManagerInViewInterceptor : Opening JPA EntityManager in OpenEntityManagerInViewInterceptor
?[0m?[0;34m2023-03-31 16:06:04.890 DEBUG 29781 --- [nio-8080-exec-3] m.m.a.RequestResponseBodyMethodProcessor : Read "application/json;charset=UTF-8" to [Recipe(id=0, name=Fresh Mint Tea, category=  , date=null, description=Light, aromatic and refreshing (truncated)...]
?[0m?[0;34m2023-03-31 16:06:04.890 DEBUG 29781 --- [nio-8080-exec-3] w.c.HttpSessionSecurityContextRepository : Stored SecurityContextImpl [Authentication=UsernamePasswordAuthenticationToken [Principal=recipes.UserDetailsImpl@700cbed4, Credentials=[PROTECTED], Authenticated=true, Details=WebAuthenticationDetails [RemoteIpAddress=127.0.0.1, SessionId=null], Granted Authorities=[ROLE_USER]]] to HttpSession [org.apache.catalina.session.StandardSessionFacade@2ebf655e]
?[0m?[0;34m2023-03-31 16:06:04.890  WARN 29781 --- [nio-8080-exec-3] .w.s.m.s.DefaultHandlerExceptionResolver : Resolved [org.springframework.web.bind.MethodArgumentNotValidException: Validation failed for argument [1] in void recipes.RecipesController.updateRecipe(long,recipes.Recipe,org.springframework.security.core.userdetails.UserDetails): [Field error in object 'recipe' on field 'category': rejected value [  ]; codes [NotBlank.recipe.category,NotBlank.category,NotBlank.java.lang.String,NotBlank]; arguments [org.springframework.context.support.DefaultMessageSourceResolvable: codes [recipe.category,category]; arguments []; default message [category]]; default message [must not be blank]] ]
?[0m?[0;34m2023-03-31 16:06:04.891 DEBUG 29781 --- [nio-8080-exec-3] o.j.s.OpenEntityManagerInViewInterceptor : Closing JPA EntityManager in OpenEntityManagerInViewInterceptor
?[0m?[0;34m2023-03-31 16:06:04.891 DEBUG 29781 --- [nio-8080-exec-3] o.s.web.servlet.DispatcherServlet        : Completed 400 BAD_REQUEST
?[0m?[0;34m2023-03-31 16:06:04.891 DEBUG 29781 --- [nio-8080-exec-3] w.c.HttpSessionSecurityContextRepository : Stored SecurityContextImpl [Authentication=UsernamePasswordAuthenticationToken [Principal=recipes.UserDetailsImpl@700cbed4, Credentials=[PROTECTED], Authenticated=true, Details=WebAuthenticationDetails [RemoteIpAddress=127.0.0.1, SessionId=null], Granted Authorities=[ROLE_USER]]] to HttpSession [org.apache.catalina.session.StandardSessionFacade@2ebf655e]
?[0m?[0;34m2023-03-31 16:06:04.891 DEBUG 29781 --- [nio-8080-exec-3] s.s.w.c.SecurityContextPersistenceFilter : Cleared SecurityContextHolder to complete request
?[0m?[0;34m2023-03-31 16:06:04.891 DEBUG 29781 --- [nio-8080-exec-3] o.s.security.web.FilterChainProxy        : Securing PUT /error
?[0m?[0;34m2023-03-31 16:06:04.891 DEBUG 29781 --- [nio-8080-exec-3] w.c.HttpSessionSecurityContextRepository : Retrieved SecurityContextImpl [Authentication=UsernamePasswordAuthenticationToken [Principal=recipes.UserDetailsImpl@700cbed4, Credentials=[PROTECTED], Authenticated=true, Details=WebAuthenticationDetails [RemoteIpAddress=127.0.0.1, SessionId=null], Granted Authorities=[ROLE_USER]]]
?[0m?[0;34m2023-03-31 16:06:04.891 DEBUG 29781 --- [nio-8080-exec-3] s.s.w.c.SecurityContextPersistenceFilter : Set SecurityContextHolder to SecurityContextImpl [Authentication=UsernamePasswordAuthenticationToken [Principal=recipes.UserDetailsImpl@700cbed4, Credentials=[PROTECTED], Authenticated=true, Details=WebAuthenticationDetails [RemoteIpAddress=127.0.0.1, SessionId=null], Granted Authorities=[ROLE_USER]]]
?[0m?[0;34m2023-03-31 16:06:04.891 DEBUG 29781 --- [nio-8080-exec-3] o.s.security.web.FilterChainProxy        : Secured PUT /error
?[0m?[0;34m2023-03-31 16:06:04.891 DEBUG 29781 --- [nio-8080-exec-3] o.s.web.servlet.DispatcherServlet        : "ERROR" dispatch for PUT "/error", parameters={}
?[0m?[0;34m2023-03-31 16:06:04.891 DEBUG 29781 --- [nio-8080-exec-3] s.w.s.m.m.a.RequestMappingHandlerMapping : Mapped to org.springframework.boot.autoconfigure.web.servlet.error.BasicErrorController#error(HttpServletRequest)
?[0m?[0;34m2023-03-31 16:06:04.891 DEBUG 29781 --- [nio-8080-exec-3] o.j.s.OpenEntityManagerInViewInterceptor : Opening JPA EntityManager in OpenEntityManagerInViewInterceptor
?[0m?[0;34m2023-03-31 16:06:04.891 DEBUG 29781 --- [nio-8080-exec-3] o.s.w.s.m.m.a.HttpEntityMethodProcessor  : Using 'application/json', given [*/*] and supported [application/json, application/*+json, application/json, application/*+json]
?[0m?[0;34m2023-03-31 16:06:04.891 DEBUG 29781 --- [nio-8080-exec-3] o.s.w.s.m.m.a.HttpEntityMethodProcessor  : Writing [{timestamp=Fri Mar 31 16:06:04 EEST 2023, status=400, error=Bad Request, path=/api/recipe/2}]
?[0m?[0;34m2023-03-31 16:06:04.892 DEBUG 29781 --- [nio-8080-exec-3] o.j.s.OpenEntityManagerInViewInterceptor : Closing JPA EntityManager in OpenEntityManagerInViewInterceptor
?[0m?[0;34m2023-03-31 16:06:04.892 DEBUG 29781 --- [nio-8080-exec-3] o.s.web.servlet.DispatcherServlet        : Exiting from "ERROR" dispatch, status 400
?[0m?[0;34m2023-03-31 16:06:04.892 DEBUG 29781 --- [nio-8080-exec-3] s.s.w.c.SecurityContextPersistenceFilter : Cleared SecurityContextHolder to complete request
?[1;31m
Start test 60?[0m
?[0m?[0;34m2023-03-31 16:06:04.895 DEBUG 29781 --- [nio-8080-exec-5] o.s.security.web.FilterChainProxy        : Securing PUT /api/recipe/2
?[0m?[0;34m2023-03-31 16:06:04.895 DEBUG 29781 --- [nio-8080-exec-5] s.s.w.c.SecurityContextPersistenceFilter : Set SecurityContextHolder to empty SecurityContext
?[0m?[0;34m2023-03-31 16:06:04.895 DEBUG 29781 --- [nio-8080-exec-5] tor$SharedEntityManagerInvocationHandler : Creating new EntityManager for shared EntityManager invocation
?[0m?[0;34m2023-03-31 16:06:04.977 DEBUG 29781 --- [nio-8080-exec-5] o.s.s.a.dao.DaoAuthenticationProvider    : Authenticated user
?[0m?[0;34m2023-03-31 16:06:04.977 DEBUG 29781 --- [nio-8080-exec-5] o.s.s.w.a.www.BasicAuthenticationFilter  : Set SecurityContextHolder to UsernamePasswordAuthenticationToken [Principal=recipes.UserDetailsImpl@1ab5f1eb, Credentials=[PROTECTED], Authenticated=true, Details=WebAuthenticationDetails [RemoteIpAddress=127.0.0.1, SessionId=null], Granted Authorities=[ROLE_USER]]
?[0m?[0;34m2023-03-31 16:06:04.977 DEBUG 29781 --- [nio-8080-exec-5] w.c.HttpSessionSecurityContextRepository : Created HttpSession as SecurityContext is non-default
?[0m?[0;34m2023-03-31 16:06:04.977 DEBUG 29781 --- [nio-8080-exec-5] w.c.HttpSessionSecurityContextRepository : Stored SecurityContextImpl [Authentication=UsernamePasswordAuthenticationToken [Principal=recipes.UserDetailsImpl@1ab5f1eb, Credentials=[PROTECTED], Authenticated=true, Details=WebAuthenticationDetails [RemoteIpAddress=127.0.0.1, SessionId=null], Granted Authorities=[ROLE_USER]]] to HttpSession [org.apache.catalina.session.StandardSessionFacade@5ee3322e]
?[0m?[0;34m2023-03-31 16:06:04.977 DEBUG 29781 --- [nio-8080-exec-5] o.s.s.w.a.i.FilterSecurityInterceptor    : Authorized filter invocation [PUT /api/recipe/2] with attributes [hasRole('ROLE_USER')]
?[0m?[0;34m2023-03-31 16:06:04.977 DEBUG 29781 --- [nio-8080-exec-5] o.s.security.web.FilterChainProxy        : Secured PUT /api/recipe/2
?[0m?[0;34m2023-03-31 16:06:04.978 DEBUG 29781 --- [nio-8080-exec-5] o.s.web.servlet.DispatcherServlet        : PUT "/api/recipe/2", parameters={}
?[0m?[0;34m2023-03-31 16:06:04.978 DEBUG 29781 --- [nio-8080-exec-5] s.w.s.m.m.a.RequestMappingHandlerMapping : Mapped to recipes.RecipesController#updateRecipe(long, Recipe, UserDetails)
?[0m?[0;34m2023-03-31 16:06:04.978 DEBUG 29781 --- [nio-8080-exec-5] o.j.s.OpenEntityManagerInViewInterceptor : Opening JPA EntityManager in OpenEntityManagerInViewInterceptor
?[0m?[0;34m2023-03-31 16:06:04.978 DEBUG 29781 --- [nio-8080-exec-5] m.m.a.RequestResponseBodyMethodProcessor : Read "application/json;charset=UTF-8" to [Recipe(id=0, name=Warming Ginger Tea, category=beverage, date=null, description=  , ingredients=[1 i (truncated)...]
?[0m?[0;34m2023-03-31 16:06:04.979 DEBUG 29781 --- [nio-8080-exec-5] w.c.HttpSessionSecurityContextRepository : Stored SecurityContextImpl [Authentication=UsernamePasswordAuthenticationToken [Principal=recipes.UserDetailsImpl@1ab5f1eb, Credentials=[PROTECTED], Authenticated=true, Details=WebAuthenticationDetails [RemoteIpAddress=127.0.0.1, SessionId=null], Granted Authorities=[ROLE_USER]]] to HttpSession [org.apache.catalina.session.StandardSessionFacade@5ee3322e]
?[0m?[0;34m2023-03-31 16:06:04.979  WARN 29781 --- [nio-8080-exec-5] .w.s.m.s.DefaultHandlerExceptionResolver : Resolved [org.springframework.web.bind.MethodArgumentNotValidException: Validation failed for argument [1] in void recipes.RecipesController.updateRecipe(long,recipes.Recipe,org.springframework.security.core.userdetails.UserDetails): [Field error in object 'recipe' on field 'description': rejected value [  ]; codes [NotBlank.recipe.description,NotBlank.description,NotBlank.java.lang.String,NotBlank]; arguments [org.springframework.context.support.DefaultMessageSourceResolvable: codes [recipe.description,description]; arguments []; default message [description]]; default message [must not be blank]] ]
?[0m?[0;34m2023-03-31 16:06:04.979 DEBUG 29781 --- [nio-8080-exec-5] o.j.s.OpenEntityManagerInViewInterceptor : Closing JPA EntityManager in OpenEntityManagerInViewInterceptor
?[0m?[0;34m2023-03-31 16:06:04.979 DEBUG 29781 --- [nio-8080-exec-5] o.s.web.servlet.DispatcherServlet        : Completed 400 BAD_REQUEST
?[0m?[0;34m2023-03-31 16:06:04.979 DEBUG 29781 --- [nio-8080-exec-5] w.c.HttpSessionSecurityContextRepository : Stored SecurityContextImpl [Authentication=UsernamePasswordAuthenticationToken [Principal=recipes.UserDetailsImpl@1ab5f1eb, Credentials=[PROTECTED], Authenticated=true, Details=WebAuthenticationDetails [RemoteIpAddress=127.0.0.1, SessionId=null], Granted Authorities=[ROLE_USER]]] to HttpSession [org.apache.catalina.session.StandardSessionFacade@5ee3322e]
?[0m?[0;34m2023-03-31 16:06:04.979 DEBUG 29781 --- [nio-8080-exec-5] s.s.w.c.SecurityContextPersistenceFilter : Cleared SecurityContextHolder to complete request
?[0m?[0;34m2023-03-31 16:06:04.979 DEBUG 29781 --- [nio-8080-exec-5] o.s.security.web.FilterChainProxy        : Securing PUT /error
?[0m?[0;34m2023-03-31 16:06:04.979 DEBUG 29781 --- [nio-8080-exec-5] w.c.HttpSessionSecurityContextRepository : Retrieved SecurityContextImpl [Authentication=UsernamePasswordAuthenticationToken [Principal=recipes.UserDetailsImpl@1ab5f1eb, Credentials=[PROTECTED], Authenticated=true, Details=WebAuthenticationDetails [RemoteIpAddress=127.0.0.1, SessionId=null], Granted Authorities=[ROLE_USER]]]
?[0m?[0;34m2023-03-31 16:06:04.979 DEBUG 29781 --- [nio-8080-exec-5] s.s.w.c.SecurityContextPersistenceFilter : Set SecurityContextHolder to SecurityContextImpl [Authentication=UsernamePasswordAuthenticationToken [Principal=recipes.UserDetailsImpl@1ab5f1eb, Credentials=[PROTECTED], Authenticated=true, Details=WebAuthenticationDetails [RemoteIpAddress=127.0.0.1, SessionId=null], Granted Authorities=[ROLE_USER]]]
?[0m?[0;34m2023-03-31 16:06:04.979 DEBUG 29781 --- [nio-8080-exec-5] o.s.security.web.FilterChainProxy        : Secured PUT /error
?[0m?[0;34m2023-03-31 16:06:04.979 DEBUG 29781 --- [nio-8080-exec-5] o.s.web.servlet.DispatcherServlet        : "ERROR" dispatch for PUT "/error", parameters={}
?[0m?[0;34m2023-03-31 16:06:04.979 DEBUG 29781 --- [nio-8080-exec-5] s.w.s.m.m.a.RequestMappingHandlerMapping : Mapped to org.springframework.boot.autoconfigure.web.servlet.error.BasicErrorController#error(HttpServletRequest)
?[0m?[0;34m2023-03-31 16:06:04.979 DEBUG 29781 --- [nio-8080-exec-5] o.j.s.OpenEntityManagerInViewInterceptor : Opening JPA EntityManager in OpenEntityManagerInViewInterceptor
?[0m?[0;34m2023-03-31 16:06:04.979 DEBUG 29781 --- [nio-8080-exec-5] o.s.w.s.m.m.a.HttpEntityMethodProcessor  : Using 'application/json', given [*/*] and supported [application/json, application/*+json, application/json, application/*+json]
?[0m?[0;34m2023-03-31 16:06:04.979 DEBUG 29781 --- [nio-8080-exec-5] o.s.w.s.m.m.a.HttpEntityMethodProcessor  : Writing [{timestamp=Fri Mar 31 16:06:04 EEST 2023, status=400, error=Bad Request, path=/api/recipe/2}]
?[0m?[0;34m2023-03-31 16:06:04.980 DEBUG 29781 --- [nio-8080-exec-5] o.j.s.OpenEntityManagerInViewInterceptor : Closing JPA EntityManager in OpenEntityManagerInViewInterceptor
?[0m?[0;34m2023-03-31 16:06:04.980 DEBUG 29781 --- [nio-8080-exec-5] o.s.web.servlet.DispatcherServlet        : Exiting from "ERROR" dispatch, status 400
?[0m?[0;34m2023-03-31 16:06:04.980 DEBUG 29781 --- [nio-8080-exec-5] s.s.w.c.SecurityContextPersistenceFilter : Cleared SecurityContextHolder to complete request
?[1;31m
Start test 61?[0m
?[0m?[0;34m2023-03-31 16:06:04.983 DEBUG 29781 --- [nio-8080-exec-7] o.s.security.web.FilterChainProxy        : Securing PUT /api/recipe/2
?[0m?[0;34m2023-03-31 16:06:04.983 DEBUG 29781 --- [nio-8080-exec-7] s.s.w.c.SecurityContextPersistenceFilter : Set SecurityContextHolder to empty SecurityContext
?[0m?[0;34m2023-03-31 16:06:04.983 DEBUG 29781 --- [nio-8080-exec-7] tor$SharedEntityManagerInvocationHandler : Creating new EntityManager for shared EntityManager invocation
?[0m?[0;34m2023-03-31 16:06:05.065 DEBUG 29781 --- [nio-8080-exec-7] o.s.s.a.dao.DaoAuthenticationProvider    : Authenticated user
?[0m?[0;34m2023-03-31 16:06:05.065 DEBUG 29781 --- [nio-8080-exec-7] o.s.s.w.a.www.BasicAuthenticationFilter  : Set SecurityContextHolder to UsernamePasswordAuthenticationToken [Principal=recipes.UserDetailsImpl@574faff9, Credentials=[PROTECTED], Authenticated=true, Details=WebAuthenticationDetails [RemoteIpAddress=127.0.0.1, SessionId=null], Granted Authorities=[ROLE_USER]]
?[0m?[0;34m2023-03-31 16:06:05.065 DEBUG 29781 --- [nio-8080-exec-7] w.c.HttpSessionSecurityContextRepository : Created HttpSession as SecurityContext is non-default
?[0m?[0;34m2023-03-31 16:06:05.065 DEBUG 29781 --- [nio-8080-exec-7] w.c.HttpSessionSecurityContextRepository : Stored SecurityContextImpl [Authentication=UsernamePasswordAuthenticationToken [Principal=recipes.UserDetailsImpl@574faff9, Credentials=[PROTECTED], Authenticated=true, Details=WebAuthenticationDetails [RemoteIpAddress=127.0.0.1, SessionId=null], Granted Authorities=[ROLE_USER]]] to HttpSession [org.apache.catalina.session.StandardSessionFacade@7057e7bb]
?[0m?[0;34m2023-03-31 16:06:05.065 DEBUG 29781 --- [nio-8080-exec-7] o.s.s.w.a.i.FilterSecurityInterceptor    : Authorized filter invocation [PUT /api/recipe/2] with attributes [hasRole('ROLE_USER')]
?[0m?[0;34m2023-03-31 16:06:05.065 DEBUG 29781 --- [nio-8080-exec-7] o.s.security.web.FilterChainProxy        : Secured PUT /api/recipe/2
?[0m?[0;34m2023-03-31 16:06:05.065 DEBUG 29781 --- [nio-8080-exec-7] o.s.web.servlet.DispatcherServlet        : PUT "/api/recipe/2", parameters={}
?[0m?[0;34m2023-03-31 16:06:05.066 DEBUG 29781 --- [nio-8080-exec-7] s.w.s.m.m.a.RequestMappingHandlerMapping : Mapped to recipes.RecipesController#updateRecipe(long, Recipe, UserDetails)
?[0m?[0;34m2023-03-31 16:06:05.066 DEBUG 29781 --- [nio-8080-exec-7] o.j.s.OpenEntityManagerInViewInterceptor : Opening JPA EntityManager in OpenEntityManagerInViewInterceptor
?[0m?[0;34m2023-03-31 16:06:05.066 DEBUG 29781 --- [nio-8080-exec-7] m.m.a.RequestResponseBodyMethodProcessor : Read "application/json;charset=UTF-8" to [Recipe(id=0, name=Fresh Mint Tea, category=beverage, date=null, description=Light, aromatic and refr (truncated)...]
?[0m?[0;34m2023-03-31 16:06:05.066 DEBUG 29781 --- [nio-8080-exec-7] w.c.HttpSessionSecurityContextRepository : Stored SecurityContextImpl [Authentication=UsernamePasswordAuthenticationToken [Principal=recipes.UserDetailsImpl@574faff9, Credentials=[PROTECTED], Authenticated=true, Details=WebAuthenticationDetails [RemoteIpAddress=127.0.0.1, SessionId=null], Granted Authorities=[ROLE_USER]]] to HttpSession [org.apache.catalina.session.StandardSessionFacade@7057e7bb]
?[0m?[0;34m2023-03-31 16:06:05.066  WARN 29781 --- [nio-8080-exec-7] .w.s.m.s.DefaultHandlerExceptionResolver : Resolved [org.springframework.web.bind.MethodArgumentNotValidException: Validation failed for argument [1] in void recipes.RecipesController.updateRecipe(long,recipes.Recipe,org.springframework.security.core.userdetails.UserDetails): [Field error in object 'recipe' on field 'ingredients': rejected value [[]]; codes [Size.recipe.ingredients,Size.ingredients,Size.java.util.List,Size]; arguments [org.springframework.context.support.DefaultMessageSourceResolvable: codes [recipe.ingredients,ingredients]; arguments []; default message [ingredients],2147483647,1]; default message [Provide at least 1 ingredient]] ]
?[0m?[0;34m2023-03-31 16:06:05.066 DEBUG 29781 --- [nio-8080-exec-7] o.j.s.OpenEntityManagerInViewInterceptor : Closing JPA EntityManager in OpenEntityManagerInViewInterceptor
?[0m?[0;34m2023-03-31 16:06:05.066 DEBUG 29781 --- [nio-8080-exec-7] o.s.web.servlet.DispatcherServlet        : Completed 400 BAD_REQUEST
?[0m?[0;34m2023-03-31 16:06:05.067 DEBUG 29781 --- [nio-8080-exec-7] w.c.HttpSessionSecurityContextRepository : Stored SecurityContextImpl [Authentication=UsernamePasswordAuthenticationToken [Principal=recipes.UserDetailsImpl@574faff9, Credentials=[PROTECTED], Authenticated=true, Details=WebAuthenticationDetails [RemoteIpAddress=127.0.0.1, SessionId=null], Granted Authorities=[ROLE_USER]]] to HttpSession [org.apache.catalina.session.StandardSessionFacade@7057e7bb]
?[0m?[0;34m2023-03-31 16:06:05.067 DEBUG 29781 --- [nio-8080-exec-7] s.s.w.c.SecurityContextPersistenceFilter : Cleared SecurityContextHolder to complete request
?[0m?[0;34m2023-03-31 16:06:05.067 DEBUG 29781 --- [nio-8080-exec-7] o.s.security.web.FilterChainProxy        : Securing PUT /error
?[0m?[0;34m2023-03-31 16:06:05.067 DEBUG 29781 --- [nio-8080-exec-7] w.c.HttpSessionSecurityContextRepository : Retrieved SecurityContextImpl [Authentication=UsernamePasswordAuthenticationToken [Principal=recipes.UserDetailsImpl@574faff9, Credentials=[PROTECTED], Authenticated=true, Details=WebAuthenticationDetails [RemoteIpAddress=127.0.0.1, SessionId=null], Granted Authorities=[ROLE_USER]]]
?[0m?[0;34m2023-03-31 16:06:05.067 DEBUG 29781 --- [nio-8080-exec-7] s.s.w.c.SecurityContextPersistenceFilter : Set SecurityContextHolder to SecurityContextImpl [Authentication=UsernamePasswordAuthenticationToken [Principal=recipes.UserDetailsImpl@574faff9, Credentials=[PROTECTED], Authenticated=true, Details=WebAuthenticationDetails [RemoteIpAddress=127.0.0.1, SessionId=null], Granted Authorities=[ROLE_USER]]]
?[0m?[0;34m2023-03-31 16:06:05.067 DEBUG 29781 --- [nio-8080-exec-7] o.s.security.web.FilterChainProxy        : Secured PUT /error
?[0m?[0;34m2023-03-31 16:06:05.067 DEBUG 29781 --- [nio-8080-exec-7] o.s.web.servlet.DispatcherServlet        : "ERROR" dispatch for PUT "/error", parameters={}
?[0m?[0;34m2023-03-31 16:06:05.067 DEBUG 29781 --- [nio-8080-exec-7] s.w.s.m.m.a.RequestMappingHandlerMapping : Mapped to org.springframework.boot.autoconfigure.web.servlet.error.BasicErrorController#error(HttpServletRequest)
?[0m?[0;34m2023-03-31 16:06:05.067 DEBUG 29781 --- [nio-8080-exec-7] o.j.s.OpenEntityManagerInViewInterceptor : Opening JPA EntityManager in OpenEntityManagerInViewInterceptor
?[0m?[0;34m2023-03-31 16:06:05.068 DEBUG 29781 --- [nio-8080-exec-7] o.s.w.s.m.m.a.HttpEntityMethodProcessor  : Using 'application/json', given [*/*] and supported [application/json, application/*+json, application/json, application/*+json]
?[0m?[0;34m2023-03-31 16:06:05.068 DEBUG 29781 --- [nio-8080-exec-7] o.s.w.s.m.m.a.HttpEntityMethodProcessor  : Writing [{timestamp=Fri Mar 31 16:06:05 EEST 2023, status=400, error=Bad Request, path=/api/recipe/2}]
?[0m?[0;34m2023-03-31 16:06:05.068 DEBUG 29781 --- [nio-8080-exec-7] o.j.s.OpenEntityManagerInViewInterceptor : Closing JPA EntityManager in OpenEntityManagerInViewInterceptor
?[0m?[0;34m2023-03-31 16:06:05.068 DEBUG 29781 --- [nio-8080-exec-7] o.s.web.servlet.DispatcherServlet        : Exiting from "ERROR" dispatch, status 400
?[0m?[0;34m2023-03-31 16:06:05.068 DEBUG 29781 --- [nio-8080-exec-7] s.s.w.c.SecurityContextPersistenceFilter : Cleared SecurityContextHolder to complete request
?[1;31m
Start test 62?[0m
?[0m?[0;34m2023-03-31 16:06:05.071 DEBUG 29781 --- [io-8080-exec-11] o.s.security.web.FilterChainProxy        : Securing PUT /api/recipe/2
?[0m?[0;34m2023-03-31 16:06:05.071 DEBUG 29781 --- [io-8080-exec-11] s.s.w.c.SecurityContextPersistenceFilter : Set SecurityContextHolder to empty SecurityContext
?[0m?[0;34m2023-03-31 16:06:05.071 DEBUG 29781 --- [io-8080-exec-11] tor$SharedEntityManagerInvocationHandler : Creating new EntityManager for shared EntityManager invocation
?[0m?[0;34m2023-03-31 16:06:05.154 DEBUG 29781 --- [io-8080-exec-11] o.s.s.a.dao.DaoAuthenticationProvider    : Authenticated user
?[0m?[0;34m2023-03-31 16:06:05.154 DEBUG 29781 --- [io-8080-exec-11] o.s.s.w.a.www.BasicAuthenticationFilter  : Set SecurityContextHolder to UsernamePasswordAuthenticationToken [Principal=recipes.UserDetailsImpl@13f2770c, Credentials=[PROTECTED], Authenticated=true, Details=WebAuthenticationDetails [RemoteIpAddress=127.0.0.1, SessionId=null], Granted Authorities=[ROLE_USER]]
?[0m?[0;34m2023-03-31 16:06:05.154 DEBUG 29781 --- [io-8080-exec-11] w.c.HttpSessionSecurityContextRepository : Created HttpSession as SecurityContext is non-default
?[0m?[0;34m2023-03-31 16:06:05.154 DEBUG 29781 --- [io-8080-exec-11] w.c.HttpSessionSecurityContextRepository : Stored SecurityContextImpl [Authentication=UsernamePasswordAuthenticationToken [Principal=recipes.UserDetailsImpl@13f2770c, Credentials=[PROTECTED], Authenticated=true, Details=WebAuthenticationDetails [RemoteIpAddress=127.0.0.1, SessionId=null], Granted Authorities=[ROLE_USER]]] to HttpSession [org.apache.catalina.session.StandardSessionFacade@6336592c]
?[0m?[0;34m2023-03-31 16:06:05.154 DEBUG 29781 --- [io-8080-exec-11] o.s.s.w.a.i.FilterSecurityInterceptor    : Authorized filter invocation [PUT /api/recipe/2] with attributes [hasRole('ROLE_USER')]
?[0m?[0;34m2023-03-31 16:06:05.154 DEBUG 29781 --- [io-8080-exec-11] o.s.security.web.FilterChainProxy        : Secured PUT /api/recipe/2
?[0m?[0;34m2023-03-31 16:06:05.154 DEBUG 29781 --- [io-8080-exec-11] o.s.web.servlet.DispatcherServlet        : PUT "/api/recipe/2", parameters={}
?[0m?[0;34m2023-03-31 16:06:05.154 DEBUG 29781 --- [io-8080-exec-11] s.w.s.m.m.a.RequestMappingHandlerMapping : Mapped to recipes.RecipesController#updateRecipe(long, Recipe, UserDetails)
?[0m?[0;34m2023-03-31 16:06:05.154 DEBUG 29781 --- [io-8080-exec-11] o.j.s.OpenEntityManagerInViewInterceptor : Opening JPA EntityManager in OpenEntityManagerInViewInterceptor
?[0m?[0;34m2023-03-31 16:06:05.155 DEBUG 29781 --- [io-8080-exec-11] m.m.a.RequestResponseBodyMethodProcessor : Read "application/json;charset=UTF-8" to [Recipe(id=0, name=Warming Ginger Tea, category=beverage, date=null, description=Ginger tea is a warm (truncated)...]
?[0m?[0;34m2023-03-31 16:06:05.155 DEBUG 29781 --- [io-8080-exec-11] w.c.HttpSessionSecurityContextRepository : Stored SecurityContextImpl [Authentication=UsernamePasswordAuthenticationToken [Principal=recipes.UserDetailsImpl@13f2770c, Credentials=[PROTECTED], Authenticated=true, Details=WebAuthenticationDetails [RemoteIpAddress=127.0.0.1, SessionId=null], Granted Authorities=[ROLE_USER]]] to HttpSession [org.apache.catalina.session.StandardSessionFacade@6336592c]
?[0m?[0;34m2023-03-31 16:06:05.155  WARN 29781 --- [io-8080-exec-11] .w.s.m.s.DefaultHandlerExceptionResolver : Resolved [org.springframework.web.bind.MethodArgumentNotValidException: Validation failed for argument [1] in void recipes.RecipesController.updateRecipe(long,recipes.Recipe,org.springframework.security.core.userdetails.UserDetails): [Field error in object 'recipe' on field 'directions': rejected value [[]]; codes [Size.recipe.directions,Size.directions,Size.java.util.List,Size]; arguments [org.springframework.context.support.DefaultMessageSourceResolvable: codes [recipe.directions,directions]; arguments []; default message [directions],2147483647,1]; default message [Provide at least 1 direction]] ]
?[0m?[0;34m2023-03-31 16:06:05.155 DEBUG 29781 --- [io-8080-exec-11] o.j.s.OpenEntityManagerInViewInterceptor : Closing JPA EntityManager in OpenEntityManagerInViewInterceptor
?[0m?[0;34m2023-03-31 16:06:05.155 DEBUG 29781 --- [io-8080-exec-11] o.s.web.servlet.DispatcherServlet        : Completed 400 BAD_REQUEST
?[0m?[0;34m2023-03-31 16:06:05.155 DEBUG 29781 --- [io-8080-exec-11] w.c.HttpSessionSecurityContextRepository : Stored SecurityContextImpl [Authentication=UsernamePasswordAuthenticationToken [Principal=recipes.UserDetailsImpl@13f2770c, Credentials=[PROTECTED], Authenticated=true, Details=WebAuthenticationDetails [RemoteIpAddress=127.0.0.1, SessionId=null], Granted Authorities=[ROLE_USER]]] to HttpSession [org.apache.catalina.session.StandardSessionFacade@6336592c]
?[0m?[0;34m2023-03-31 16:06:05.155 DEBUG 29781 --- [io-8080-exec-11] s.s.w.c.SecurityContextPersistenceFilter : Cleared SecurityContextHolder to complete request
?[0m?[0;34m2023-03-31 16:06:05.155 DEBUG 29781 --- [io-8080-exec-11] o.s.security.web.FilterChainProxy        : Securing PUT /error
?[0m?[0;34m2023-03-31 16:06:05.155 DEBUG 29781 --- [io-8080-exec-11] w.c.HttpSessionSecurityContextRepository : Retrieved SecurityContextImpl [Authentication=UsernamePasswordAuthenticationToken [Principal=recipes.UserDetailsImpl@13f2770c, Credentials=[PROTECTED], Authenticated=true, Details=WebAuthenticationDetails [RemoteIpAddress=127.0.0.1, SessionId=null], Granted Authorities=[ROLE_USER]]]
?[0m?[0;34m2023-03-31 16:06:05.155 DEBUG 29781 --- [io-8080-exec-11] s.s.w.c.SecurityContextPersistenceFilter : Set SecurityContextHolder to SecurityContextImpl [Authentication=UsernamePasswordAuthenticationToken [Principal=recipes.UserDetailsImpl@13f2770c, Credentials=[PROTECTED], Authenticated=true, Details=WebAuthenticationDetails [RemoteIpAddress=127.0.0.1, SessionId=null], Granted Authorities=[ROLE_USER]]]
?[0m?[0;34m2023-03-31 16:06:05.155 DEBUG 29781 --- [io-8080-exec-11] o.s.security.web.FilterChainProxy        : Secured PUT /error
?[0m?[0;34m2023-03-31 16:06:05.155 DEBUG 29781 --- [io-8080-exec-11] o.s.web.servlet.DispatcherServlet        : "ERROR" dispatch for PUT "/error", parameters={}
?[0m?[0;34m2023-03-31 16:06:05.156 DEBUG 29781 --- [io-8080-exec-11] s.w.s.m.m.a.RequestMappingHandlerMapping : Mapped to org.springframework.boot.autoconfigure.web.servlet.error.BasicErrorController#error(HttpServletRequest)
?[0m?[0;34m2023-03-31 16:06:05.156 DEBUG 29781 --- [io-8080-exec-11] o.j.s.OpenEntityManagerInViewInterceptor : Opening JPA EntityManager in OpenEntityManagerInViewInterceptor
?[0m?[0;34m2023-03-31 16:06:05.156 DEBUG 29781 --- [io-8080-exec-11] o.s.w.s.m.m.a.HttpEntityMethodProcessor  : Using 'application/json', given [*/*] and supported [application/json, application/*+json, application/json, application/*+json]
?[0m?[0;34m2023-03-31 16:06:05.156 DEBUG 29781 --- [io-8080-exec-11] o.s.w.s.m.m.a.HttpEntityMethodProcessor  : Writing [{timestamp=Fri Mar 31 16:06:05 EEST 2023, status=400, error=Bad Request, path=/api/recipe/2}]
?[0m?[0;34m2023-03-31 16:06:05.156 DEBUG 29781 --- [io-8080-exec-11] o.j.s.OpenEntityManagerInViewInterceptor : Closing JPA EntityManager in OpenEntityManagerInViewInterceptor
?[0m?[0;34m2023-03-31 16:06:05.156 DEBUG 29781 --- [io-8080-exec-11] o.s.web.servlet.DispatcherServlet        : Exiting from "ERROR" dispatch, status 400
?[0m?[0;34m2023-03-31 16:06:05.156 DEBUG 29781 --- [io-8080-exec-11] s.s.w.c.SecurityContextPersistenceFilter : Cleared SecurityContextHolder to complete request
?[1;31m
Start test 63?[0m
?[0m?[0;34m2023-03-31 16:06:05.159 DEBUG 29781 --- [io-8080-exec-12] o.s.security.web.FilterChainProxy        : Securing POST /actuator/shutdown
?[0m?[0;34m2023-03-31 16:06:05.159 DEBUG 29781 --- [io-8080-exec-12] s.s.w.c.SecurityContextPersistenceFilter : Set SecurityContextHolder to empty SecurityContext
?[0m?[0;34m2023-03-31 16:06:05.159 DEBUG 29781 --- [io-8080-exec-12] o.s.s.w.a.AnonymousAuthenticationFilter  : Set SecurityContextHolder to anonymous SecurityContext
?[0m?[0;34m2023-03-31 16:06:05.159 DEBUG 29781 --- [io-8080-exec-12] s.b.a.e.w.s.WebMvcEndpointHandlerMapping : Mapped to Actuator web endpoint 'shutdown'
?[0m?[0;34m2023-03-31 16:06:05.160 DEBUG 29781 --- [io-8080-exec-12] s.b.a.e.w.s.WebMvcEndpointHandlerMapping : Mapped to Actuator web endpoint 'shutdown'
?[0m?[0;34m2023-03-31 16:06:05.160 DEBUG 29781 --- [io-8080-exec-12] o.s.s.w.a.i.FilterSecurityInterceptor    : Authorized filter invocation [POST /actuator/shutdown] with attributes [permitAll]
?[0m?[0;34m2023-03-31 16:06:05.160 DEBUG 29781 --- [io-8080-exec-12] o.s.security.web.FilterChainProxy        : Secured POST /actuator/shutdown
?[0m?[0;34m2023-03-31 16:06:05.160 DEBUG 29781 --- [io-8080-exec-12] o.s.web.servlet.DispatcherServlet        : POST "/actuator/shutdown", parameters={}
?[0m?[0;34m2023-03-31 16:06:05.160 DEBUG 29781 --- [io-8080-exec-12] s.b.a.e.w.s.WebMvcEndpointHandlerMapping : Mapped to Actuator web endpoint 'shutdown'
?[0m?[0;34m2023-03-31 16:06:05.160 DEBUG 29781 --- [io-8080-exec-12] m.m.a.RequestResponseBodyMethodProcessor : Read "application/json;charset=UTF-8" to []
?[0m?[0;34m2023-03-31 16:06:05.161 DEBUG 29781 --- [io-8080-exec-12] m.m.a.RequestResponseBodyMethodProcessor : Using 'application/vnd.spring-boot.actuator.v3+json', given [*/*] and supported [application/vnd.spring-boot.actuator.v3+json, application/vnd.spring-boot.actuator.v2+json, application/json]
?[0m?[0;34m2023-03-31 16:06:05.161 DEBUG 29781 --- [io-8080-exec-12] m.m.a.RequestResponseBodyMethodProcessor : Writing [{message=Shutting down, bye...}]
?[0m?[0;34m2023-03-31 16:06:05.161 DEBUG 29781 --- [io-8080-exec-12] w.c.HttpSessionSecurityContextRepository : Did not store anonymous SecurityContext
?[0m?[0;34m2023-03-31 16:06:05.161 DEBUG 29781 --- [io-8080-exec-12] o.s.web.servlet.DispatcherServlet        : Completed 200 OK
?[0m?[0;34m2023-03-31 16:06:05.161 DEBUG 29781 --- [io-8080-exec-12] w.c.HttpSessionSecurityContextRepository : Did not store anonymous SecurityContext
?[0m?[0;34m2023-03-31 16:06:05.161 DEBUG 29781 --- [io-8080-exec-12] s.s.w.c.SecurityContextPersistenceFilter : Cleared SecurityContextHolder to complete request
?[0;34m2023-03-31 16:06:05.666 DEBUG 29781 --- [       Thread-7] o.s.b.a.ApplicationAvailabilityBean      : Application availability state ReadinessState changed from ACCEPTING_TRAFFIC to REFUSING_TRAFFIC
?[0m?[0;34m2023-03-31 16:06:05.666 DEBUG 29781 --- [       Thread-7] ConfigServletWebServerApplicationContext : Closing org.springframework.boot.web.servlet.context.AnnotationConfigServletWebServerApplicationContext@69c7fb94, started on Fri Mar 31 16:05:59 EEST 2023
?[0m?[0;34m2023-03-31 16:06:05.668 DEBUG 29781 --- [       Thread-7] o.s.c.support.DefaultLifecycleProcessor  : Stopping beans in phase 2147483647
?[0m?[0;34m2023-03-31 16:06:05.668 DEBUG 29781 --- [       Thread-7] o.s.c.support.DefaultLifecycleProcessor  : Bean 'webServerGracefulShutdown' completed its stop procedure
?[0m?[0;34m2023-03-31 16:06:05.668 DEBUG 29781 --- [       Thread-7] o.s.c.support.DefaultLifecycleProcessor  : Stopping beans in phase 2147483646
?[0m?[0;34m2023-03-31 16:06:05.681 DEBUG 29781 --- [       Thread-7] o.s.c.support.DefaultLifecycleProcessor  : Bean 'webServerStartStop' completed its stop procedure
?[0m?[0;34m2023-03-31 16:06:05.681 DEBUG 29781 --- [       Thread-7] o.s.s.concurrent.ThreadPoolTaskExecutor  : Shutting down ExecutorService 'applicationTaskExecutor'
?[0m?[0;34m2023-03-31 16:06:05.682  INFO 29781 --- [       Thread-7] j.LocalContainerEntityManagerFactoryBean : Closing JPA EntityManagerFactory for persistence unit 'default'
?[0m?[0;34m2023-03-31 16:06:05.682  INFO 29781 --- [       Thread-7] com.zaxxer.hikari.HikariDataSource       : HikariPool-2 - Shutdown initiated...
?[0m?[0;34m2023-03-31 16:06:05.763  INFO 29781 --- [       Thread-7] com.zaxxer.hikari.HikariDataSource       : HikariPool-2 - Shutdown completed.
?[0;34m
?[0m?[0;34m  .   ____          _            __ _ _
?[0m?[0;34m /\\ / ___'_ __ _ _(_)_ __  __ _ \ \ \ \
?[0m?[0;34m( ( )\___ | '_ | '_| | '_ \/ _` | \ \ \ \
?[0m?[0;34m \\/  ___)| |_)| | | | | || (_| |  ) ) ) )
?[0m?[0;34m  '  |____| .__|_| |_|_| |_\__, | / / / /
?[0m?[0;34m =========|_|==============|___/=/_/_/_/
?[0m?[0;34m :: Spring Boot ::                (v2.5.6)
?[0m?[0;34m
?[0m?[0;34m2023-03-31 16:06:15.476  INFO 29781 --- [    Test worker] recipes.RecipesApplication               : Starting RecipesApplication using Java 17.0.5 on MacBook-Air-Nikos.local with PID 29781 (started by nikosgalinos in /Users/nikosgalinos/Portfolio_Projects/Recipes/Recipes/task)
?[0m?[0;34m2023-03-31 16:06:15.476  INFO 29781 --- [    Test worker] recipes.RecipesApplication               : No active profile set, falling back to default profiles: default
?[0m?[0;34m2023-03-31 16:06:15.476 DEBUG 29781 --- [    Test worker] o.s.boot.SpringApplication               : Loading source class recipes.RecipesApplication
?[0m?[0;34m2023-03-31 16:06:15.477 DEBUG 29781 --- [    Test worker] ConfigServletWebServerApplicationContext : Refreshing org.springframework.boot.web.servlet.context.AnnotationConfigServletWebServerApplicationContext@63f08f9f
?[0m?[0;34m2023-03-31 16:06:15.477 DEBUG 29781 --- [    Test worker] o.s.b.f.s.DefaultListableBeanFactory     : Creating shared instance of singleton bean 'org.springframework.context.annotation.internalConfigurationAnnotationProcessor'
?[0m?[0;34m2023-03-31 16:06:15.477 DEBUG 29781 --- [    Test worker] o.s.b.f.s.DefaultListableBeanFactory     : Creating shared instance of singleton bean 'org.springframework.boot.autoconfigure.internalCachingMetadataReaderFactory'
?[0m?[0;34m2023-03-31 16:06:15.481 DEBUG 29781 --- [    Test worker] o.s.c.a.ClassPathBeanDefinitionScanner   : Ignored because not a concrete top-level class: file [/Users/nikosgalinos/Portfolio_Projects/Recipes/Recipes/task/build/classes/java/main/recipes/RecipeRepository.class]
?[0m?[0;34m2023-03-31 16:06:15.481 DEBUG 29781 --- [    Test worker] o.s.c.a.ClassPathBeanDefinitionScanner   : Identified candidate component class: file [/Users/nikosgalinos/Portfolio_Projects/Recipes/Recipes/task/build/classes/java/main/recipes/RecipeService.class]
?[0m?[0;34m2023-03-31 16:06:15.481 DEBUG 29781 --- [    Test worker] o.s.c.a.ClassPathBeanDefinitionScanner   : Identified candidate component class: file [/Users/nikosgalinos/Portfolio_Projects/Recipes/Recipes/task/build/classes/java/main/recipes/RecipesController.class]
?[0m?[0;34m2023-03-31 16:06:15.481 DEBUG 29781 --- [    Test worker] o.s.c.a.ClassPathBeanDefinitionScanner   : Identified candidate component class: file [/Users/nikosgalinos/Portfolio_Projects/Recipes/Recipes/task/build/classes/java/main/recipes/RegistrationController.class]
?[0m?[0;34m2023-03-31 16:06:15.482 DEBUG 29781 --- [    Test worker] o.s.c.a.ClassPathBeanDefinitionScanner   : Identified candidate component class: file [/Users/nikosgalinos/Portfolio_Projects/Recipes/Recipes/task/build/classes/java/main/recipes/UserDetailsServiceImpl.class]
?[0m?[0;34m2023-03-31 16:06:15.482 DEBUG 29781 --- [    Test worker] o.s.c.a.ClassPathBeanDefinitionScanner   : Ignored because not a concrete top-level class: file [/Users/nikosgalinos/Portfolio_Projects/Recipes/Recipes/task/build/classes/java/main/recipes/UserRepository.class]
?[0m?[0;34m2023-03-31 16:06:15.482 DEBUG 29781 --- [    Test worker] o.s.c.a.ClassPathBeanDefinitionScanner   : Identified candidate component class: file [/Users/nikosgalinos/Portfolio_Projects/Recipes/Recipes/task/build/classes/java/main/recipes/UserService.class]
?[0m?[0;34m2023-03-31 16:06:15.482 DEBUG 29781 --- [    Test worker] o.s.c.a.ClassPathBeanDefinitionScanner   : Identified candidate component class: file [/Users/nikosgalinos/Portfolio_Projects/Recipes/Recipes/task/build/classes/java/main/recipes/WebSecurityConfigurerImpl.class]
?[0m?[0;34m2023-03-31 16:06:15.562  INFO 29781 --- [    Test worker] .s.d.r.c.RepositoryConfigurationDelegate : Bootstrapping Spring Data JPA repositories in DEFAULT mode.
?[0m?[0;34m2023-03-31 16:06:15.562 DEBUG 29781 --- [    Test worker] o.s.b.f.s.DefaultListableBeanFactory     : Creating shared instance of singleton bean 'org.springframework.boot.autoconfigure.AutoConfigurationPackages'
?[0m?[0;34m2023-03-31 16:06:15.562 DEBUG 29781 --- [    Test worker] o.s.b.a.AutoConfigurationPackages        : @EnableAutoConfiguration was declared on a class in the package 'recipes'. Automatic @Repository and @Entity scanning is enabled.
?[0m?[0;34m2023-03-31 16:06:15.562 DEBUG 29781 --- [    Test worker] .s.d.r.c.RepositoryConfigurationDelegate : Scanning for JPA repositories in packages recipes.
?[0m?[0;34m2023-03-31 16:06:15.563 DEBUG 29781 --- [    Test worker] o.s.d.r.c.RepositoryComponentProvider    : Identified candidate component class: file [/Users/nikosgalinos/Portfolio_Projects/Recipes/Recipes/task/build/classes/java/main/recipes/RecipeRepository.class]
?[0m?[0;34m2023-03-31 16:06:15.563 DEBUG 29781 --- [    Test worker] o.s.d.r.c.RepositoryComponentProvider    : Identified candidate component class: file [/Users/nikosgalinos/Portfolio_Projects/Recipes/Recipes/task/build/classes/java/main/recipes/UserRepository.class]
?[0m?[0;34m2023-03-31 16:06:15.565 DEBUG 29781 --- [    Test worker] ssPathScanningCandidateComponentProvider : Identified candidate component class: file [/Users/nikosgalinos/Portfolio_Projects/Recipes/Recipes/task/build/classes/java/main/recipes/UserDetailsImpl.class]
?[0m?[0;34m2023-03-31 16:06:15.565 DEBUG 29781 --- [    Test worker] ssPathScanningCandidateComponentProvider : Identified candidate component class: file [/Users/nikosgalinos/Portfolio_Projects/Recipes/Recipes/task/build/classes/java/main/recipes/UserDetailsServiceImpl.class]
?[0m?[0;34m2023-03-31 16:06:15.565 DEBUG 29781 --- [    Test worker] ssPathScanningCandidateComponentProvider : Identified candidate component class: file [/Users/nikosgalinos/Portfolio_Projects/Recipes/Recipes/task/build/classes/java/main/recipes/WebSecurityConfigurerImpl.class]
?[0m?[0;34m2023-03-31 16:06:15.565  INFO 29781 --- [    Test worker] .s.d.r.c.RepositoryConfigurationDelegate : Finished Spring Data repository scanning in 3 ms. Found 2 JPA repository interfaces.
?[0m?[0;34m2023-03-31 16:06:15.576 DEBUG 29781 --- [    Test worker] o.s.b.f.s.DefaultListableBeanFactory     : Creating shared instance of singleton bean 'propertySourcesPlaceholderConfigurer'
?[0m?[0;34m2023-03-31 16:06:15.576 DEBUG 29781 --- [    Test worker] o.s.b.f.s.DefaultListableBeanFactory     : Creating shared instance of singleton bean 'emBeanDefinitionRegistrarPostProcessor'
?[0m?[0;34m2023-03-31 16:06:15.576 DEBUG 29781 --- [    Test worker] o.s.b.f.s.DefaultListableBeanFactory     : Creating shared instance of singleton bean 'org.springframework.boot.sql.init.dependency.DatabaseInitializationDependencyConfigurer$DependsOnDatabaseInitializationPostProcessor'
?[0m?[0;34m2023-03-31 16:06:15.580 DEBUG 29781 --- [    Test worker] o.s.b.f.s.DefaultListableBeanFactory     : Creating shared instance of singleton bean 'org.springframework.context.event.internalEventListenerProcessor'
?[0m?[0;34m2023-03-31 16:06:15.580 DEBUG 29781 --- [    Test worker] o.s.b.f.s.DefaultListableBeanFactory     : Creating shared instance of singleton bean 'conversionServicePostProcessor'
?[0m?[0;34m2023-03-31 16:06:15.580 DEBUG 29781 --- [    Test worker] o.s.b.f.s.DefaultListableBeanFactory     : Creating shared instance of singleton bean 'preserveErrorControllerTargetClassPostProcessor'
?[0m?[0;34m2023-03-31 16:06:15.580 DEBUG 29781 --- [    Test worker] o.s.b.f.s.DefaultListableBeanFactory     : Creating shared instance of singleton bean 'org.springframework.context.event.internalEventListenerFactory'
?[0m?[0;34m2023-03-31 16:06:15.580 DEBUG 29781 --- [    Test worker] o.s.b.f.s.DefaultListableBeanFactory     : Creating shared instance of singleton bean 'org.springframework.transaction.config.internalTransactionalEventListenerFactory'
?[0m?[0;34m2023-03-31 16:06:15.580 DEBUG 29781 --- [    Test worker] o.s.b.f.s.DefaultListableBeanFactory     : Creating shared instance of singleton bean 'org.springframework.context.annotation.internalAutowiredAnnotationProcessor'
?[0m?[0;34m2023-03-31 16:06:15.581 DEBUG 29781 --- [    Test worker] o.s.b.f.s.DefaultListableBeanFactory     : Creating shared instance of singleton bean 'org.springframework.context.annotation.internalCommonAnnotationProcessor'
?[0m?[0;34m2023-03-31 16:06:15.581 DEBUG 29781 --- [    Test worker] o.s.b.f.s.DefaultListableBeanFactory     : Creating shared instance of singleton bean 'org.springframework.context.annotation.internalPersistenceAnnotationProcessor'
?[0m?[0;34m2023-03-31 16:06:15.581 DEBUG 29781 --- [    Test worker] o.s.b.f.s.DefaultListableBeanFactory     : Creating shared instance of singleton bean 'org.springframework.boot.context.properties.ConfigurationPropertiesBindingPostProcessor'
?[0m?[0;34m2023-03-31 16:06:15.581 DEBUG 29781 --- [    Test worker] o.s.b.f.s.DefaultListableBeanFactory     : Creating shared instance of singleton bean 'org.springframework.boot.context.internalConfigurationPropertiesBinder'
?[0m?[0;34m2023-03-31 16:06:15.581 DEBUG 29781 --- [    Test worker] o.s.b.f.s.DefaultListableBeanFactory     : Creating shared instance of singleton bean 'org.springframework.boot.context.internalConfigurationPropertiesBinderFactory'
?[0m?[0;34m2023-03-31 16:06:15.581 DEBUG 29781 --- [    Test worker] o.s.b.f.s.DefaultListableBeanFactory     : Creating shared instance of singleton bean 'methodValidationPostProcessor'
?[0m?[0;34m2023-03-31 16:06:15.581 DEBUG 29781 --- [    Test worker] o.s.b.f.s.DefaultListableBeanFactory     : Autowiring by type from bean name 'methodValidationPostProcessor' via factory method to bean named 'environment'
?[0m?[0;34m2023-03-31 16:06:15.581 DEBUG 29781 --- [    Test worker] o.s.b.f.s.DefaultListableBeanFactory     : Creating shared instance of singleton bean 'org.springframework.boot.context.properties.EnableConfigurationPropertiesRegistrar.methodValidationExcludeFilter'
?[0m?[0;34m2023-03-31 16:06:15.582 DEBUG 29781 --- [    Test worker] o.s.b.f.s.DefaultListableBeanFactory     : Creating shared instance of singleton bean 'org.springframework.aop.config.internalAutoProxyCreator'
?[0m?[0;34m2023-03-31 16:06:15.584 DEBUG 29781 --- [    Test worker] o.s.b.f.s.DefaultListableBeanFactory     : Creating shared instance of singleton bean 'persistenceExceptionTranslationPostProcessor'
?[0m?[0;34m2023-03-31 16:06:15.585 DEBUG 29781 --- [    Test worker] o.s.b.f.s.DefaultListableBeanFactory     : Autowiring by type from bean name 'persistenceExceptionTranslationPostProcessor' via factory method to bean named 'environment'
?[0m?[0;34m2023-03-31 16:06:15.585 DEBUG 29781 --- [    Test worker] o.s.b.f.s.DefaultListableBeanFactory     : Creating shared instance of singleton bean 'webServerFactoryCustomizerBeanPostProcessor'
?[0m?[0;34m2023-03-31 16:06:15.585 DEBUG 29781 --- [    Test worker] o.s.b.f.s.DefaultListableBeanFactory     : Creating shared instance of singleton bean 'errorPageRegistrarBeanPostProcessor'
?[0m?[0;34m2023-03-31 16:06:15.585 DEBUG 29781 --- [    Test worker] o.s.b.f.s.DefaultListableBeanFactory     : Creating shared instance of singleton bean 'healthEndpointGroupsBeanPostProcessor'
?[0m?[0;34m2023-03-31 16:06:15.585 DEBUG 29781 --- [    Test worker] o.s.b.f.s.DefaultListableBeanFactory     : Creating shared instance of singleton bean 'org.springframework.transaction.config.internalTransactionAdvisor'
?[0m?[0;34m2023-03-31 16:06:15.585 DEBUG 29781 --- [    Test worker] o.s.b.f.s.DefaultListableBeanFactory     : Creating shared instance of singleton bean 'org.springframework.transaction.annotation.ProxyTransactionManagementConfiguration'
?[0m?[0;34m2023-03-31 16:06:15.587 DEBUG 29781 --- [    Test worker] o.s.b.f.s.DefaultListableBeanFactory     : Creating shared instance of singleton bean 'transactionAttributeSource'
?[0m?[0;34m2023-03-31 16:06:15.588 DEBUG 29781 --- [    Test worker] o.s.b.f.s.DefaultListableBeanFactory     : Creating shared instance of singleton bean 'transactionInterceptor'
?[0m?[0;34m2023-03-31 16:06:15.588 DEBUG 29781 --- [    Test worker] o.s.b.f.s.DefaultListableBeanFactory     : Autowiring by type from bean name 'transactionInterceptor' via factory method to bean named 'transactionAttributeSource'
?[0m?[0;34m2023-03-31 16:06:15.588 DEBUG 29781 --- [    Test worker] o.s.b.f.s.DefaultListableBeanFactory     : Autowiring by type from bean name 'org.springframework.transaction.config.internalTransactionAdvisor' via factory method to bean named 'transactionAttributeSource'
?[0m?[0;34m2023-03-31 16:06:15.588 DEBUG 29781 --- [    Test worker] o.s.b.f.s.DefaultListableBeanFactory     : Autowiring by type from bean name 'org.springframework.transaction.config.internalTransactionAdvisor' via factory method to bean named 'transactionInterceptor'
?[0m?[0;34m2023-03-31 16:06:15.588 DEBUG 29781 --- [    Test worker] o.s.b.f.s.DefaultListableBeanFactory     : Creating shared instance of singleton bean 'meterRegistryPostProcessor'
?[0m?[0;34m2023-03-31 16:06:15.588 DEBUG 29781 --- [    Test worker] o.s.b.f.s.DefaultListableBeanFactory     : Autowiring by type from bean name 'meterRegistryPostProcessor' via factory method to bean named 'org.springframework.boot.web.servlet.context.AnnotationConfigServletWebServerApplicationContext@63f08f9f'
?[0m?[0;34m2023-03-31 16:06:15.589 DEBUG 29781 --- [    Test worker] o.s.b.f.s.DefaultListableBeanFactory     : Creating shared instance of singleton bean 'metricsRepositoryMethodInvocationListenerBeanPostProcessor'
?[0m?[0;34m2023-03-31 16:06:15.589 DEBUG 29781 --- [    Test worker] o.s.b.f.s.DefaultListableBeanFactory     : Creating shared instance of singleton bean 'projectingArgumentResolverBeanPostProcessor'
?[0m?[0;34m2023-03-31 16:06:15.589 DEBUG 29781 --- [    Test worker] o.s.u.c.s.UiApplicationContextUtils      : Unable to locate ThemeSource with name 'themeSource': using default [org.springframework.ui.context.support.ResourceBundleThemeSource@68ecc60e]
?[0m?[0;34m2023-03-31 16:06:15.589 DEBUG 29781 --- [    Test worker] o.s.b.f.s.DefaultListableBeanFactory     : Creating shared instance of singleton bean 'tomcatServletWebServerFactory'
?[0m?[0;34m2023-03-31 16:06:15.589 DEBUG 29781 --- [    Test worker] o.s.b.f.s.DefaultListableBeanFactory     : Creating shared instance of singleton bean 'org.springframework.boot.autoconfigure.web.servlet.ServletWebServerFactoryConfiguration$EmbeddedTomcat'
?[0m?[0;34m2023-03-31 16:06:15.590 DEBUG 29781 --- [    Test worker] o.s.b.f.s.DefaultListableBeanFactory     : Creating shared instance of singleton bean 'websocketServletWebServerCustomizer'
?[0m?[0;34m2023-03-31 16:06:15.590 DEBUG 29781 --- [    Test worker] o.s.b.f.s.DefaultListableBeanFactory     : Creating shared instance of singleton bean 'org.springframework.boot.autoconfigure.websocket.servlet.WebSocketServletAutoConfiguration$TomcatWebSocketConfiguration'
?[0m?[0;34m2023-03-31 16:06:15.590 DEBUG 29781 --- [    Test worker] o.s.b.f.s.DefaultListableBeanFactory     : Creating shared instance of singleton bean 'servletWebServerFactoryCustomizer'
?[0m?[0;34m2023-03-31 16:06:15.590 DEBUG 29781 --- [    Test worker] o.s.b.f.s.DefaultListableBeanFactory     : Creating shared instance of singleton bean 'org.springframework.boot.autoconfigure.web.servlet.ServletWebServerFactoryAutoConfiguration'
?[0m?[0;34m2023-03-31 16:06:15.590 DEBUG 29781 --- [    Test worker] o.s.b.f.s.DefaultListableBeanFactory     : Creating shared instance of singleton bean 'server-org.springframework.boot.autoconfigure.web.ServerProperties'
?[0m?[0;34m2023-03-31 16:06:15.590 DEBUG 29781 --- [    Test worker] o.s.b.f.s.DefaultListableBeanFactory     : Creating shared instance of singleton bean 'org.springframework.boot.context.properties.BoundConfigurationProperties'
?[0m?[0;34m2023-03-31 16:06:15.591 DEBUG 29781 --- [    Test worker] o.s.b.f.s.DefaultListableBeanFactory     : Autowiring by type from bean name 'servletWebServerFactoryCustomizer' via factory method to bean named 'server-org.springframework.boot.autoconfigure.web.ServerProperties'
?[0m?[0;34m2023-03-31 16:06:15.592 DEBUG 29781 --- [    Test worker] o.s.b.f.s.DefaultListableBeanFactory     : Creating shared instance of singleton bean 'tomcatServletWebServerFactoryCustomizer'
?[0m?[0;34m2023-03-31 16:06:15.592 DEBUG 29781 --- [    Test worker] o.s.b.f.s.DefaultListableBeanFactory     : Autowiring by type from bean name 'tomcatServletWebServerFactoryCustomizer' via factory method to bean named 'server-org.springframework.boot.autoconfigure.web.ServerProperties'
?[0m?[0;34m2023-03-31 16:06:15.592 DEBUG 29781 --- [    Test worker] o.s.b.f.s.DefaultListableBeanFactory     : Creating shared instance of singleton bean 'tomcatWebServerFactoryCustomizer'
?[0m?[0;34m2023-03-31 16:06:15.592 DEBUG 29781 --- [    Test worker] o.s.b.f.s.DefaultListableBeanFactory     : Creating shared instance of singleton bean 'org.springframework.boot.autoconfigure.web.embedded.EmbeddedWebServerFactoryCustomizerAutoConfiguration$TomcatWebServerFactoryCustomizerConfiguration'
?[0m?[0;34m2023-03-31 16:06:15.592 DEBUG 29781 --- [    Test worker] o.s.b.f.s.DefaultListableBeanFactory     : Autowiring by type from bean name 'tomcatWebServerFactoryCustomizer' via factory method to bean named 'environment'
?[0m?[0;34m2023-03-31 16:06:15.592 DEBUG 29781 --- [    Test worker] o.s.b.f.s.DefaultListableBeanFactory     : Autowiring by type from bean name 'tomcatWebServerFactoryCustomizer' via factory method to bean named 'server-org.springframework.boot.autoconfigure.web.ServerProperties'
?[0m?[0;34m2023-03-31 16:06:15.592 DEBUG 29781 --- [    Test worker] o.s.b.f.s.DefaultListableBeanFactory     : Creating shared instance of singleton bean 'localeCharsetMappingsCustomizer'
?[0m?[0;34m2023-03-31 16:06:15.592 DEBUG 29781 --- [    Test worker] o.s.b.f.s.DefaultListableBeanFactory     : Creating shared instance of singleton bean 'org.springframework.boot.autoconfigure.web.servlet.HttpEncodingAutoConfiguration'
?[0m?[0;34m2023-03-31 16:06:15.593 DEBUG 29781 --- [    Test worker] o.s.b.f.s.DefaultListableBeanFactory     : Autowiring by type from bean name 'org.springframework.boot.autoconfigure.web.servlet.HttpEncodingAutoConfiguration' via constructor to bean named 'server-org.springframework.boot.autoconfigure.web.ServerProperties'
?[0m?[0;34m2023-03-31 16:06:15.593 DEBUG 29781 --- [    Test worker] o.s.b.f.s.DefaultListableBeanFactory     : Creating shared instance of singleton bean 'errorPageCustomizer'
?[0m?[0;34m2023-03-31 16:06:15.593 DEBUG 29781 --- [    Test worker] o.s.b.f.s.DefaultListableBeanFactory     : Creating shared instance of singleton bean 'org.springframework.boot.autoconfigure.web.servlet.error.ErrorMvcAutoConfiguration'
?[0m?[0;34m2023-03-31 16:06:15.594 DEBUG 29781 --- [    Test worker] o.s.b.f.s.DefaultListableBeanFactory     : Autowiring by type from bean name 'org.springframework.boot.autoconfigure.web.servlet.error.ErrorMvcAutoConfiguration' via constructor to bean named 'server-org.springframework.boot.autoconfigure.web.ServerProperties'
?[0m?[0;34m2023-03-31 16:06:15.594 DEBUG 29781 --- [    Test worker] o.s.b.f.s.DefaultListableBeanFactory     : Creating shared instance of singleton bean 'dispatcherServletRegistration'
?[0m?[0;34m2023-03-31 16:06:15.594 DEBUG 29781 --- [    Test worker] o.s.b.f.s.DefaultListableBeanFactory     : Creating shared instance of singleton bean 'org.springframework.boot.autoconfigure.web.servlet.DispatcherServletAutoConfiguration$DispatcherServletRegistrationConfiguration'
?[0m?[0;34m2023-03-31 16:06:15.594 DEBUG 29781 --- [    Test worker] o.s.b.f.s.DefaultListableBeanFactory     : Creating shared instance of singleton bean 'dispatcherServlet'
?[0m?[0;34m2023-03-31 16:06:15.594 DEBUG 29781 --- [    Test worker] o.s.b.f.s.DefaultListableBeanFactory     : Creating shared instance of singleton bean 'org.springframework.boot.autoconfigure.web.servlet.DispatcherServletAutoConfiguration$DispatcherServletConfiguration'
?[0m?[0;34m2023-03-31 16:06:15.594 DEBUG 29781 --- [    Test worker] o.s.b.f.s.DefaultListableBeanFactory     : Creating shared instance of singleton bean 'spring.mvc-org.springframework.boot.autoconfigure.web.servlet.WebMvcProperties'
?[0m?[0;34m2023-03-31 16:06:15.595 DEBUG 29781 --- [    Test worker] o.s.b.f.s.DefaultListableBeanFactory     : Autowiring by type from bean name 'dispatcherServlet' via factory method to bean named 'spring.mvc-org.springframework.boot.autoconfigure.web.servlet.WebMvcProperties'
?[0m?[0;34m2023-03-31 16:06:15.596 DEBUG 29781 --- [    Test worker] o.s.b.f.s.DefaultListableBeanFactory     : Autowiring by type from bean name 'dispatcherServletRegistration' via factory method to bean named 'dispatcherServlet'
?[0m?[0;34m2023-03-31 16:06:15.596 DEBUG 29781 --- [    Test worker] o.s.b.f.s.DefaultListableBeanFactory     : Autowiring by type from bean name 'dispatcherServletRegistration' via factory method to bean named 'spring.mvc-org.springframework.boot.autoconfigure.web.servlet.WebMvcProperties'
?[0m?[0;34m2023-03-31 16:06:15.596 DEBUG 29781 --- [    Test worker] o.s.b.f.s.DefaultListableBeanFactory     : Creating shared instance of singleton bean 'multipartConfigElement'
?[0m?[0;34m2023-03-31 16:06:15.596 DEBUG 29781 --- [    Test worker] o.s.b.f.s.DefaultListableBeanFactory     : Creating shared instance of singleton bean 'org.springframework.boot.autoconfigure.web.servlet.MultipartAutoConfiguration'
?[0m?[0;34m2023-03-31 16:06:15.596 DEBUG 29781 --- [    Test worker] o.s.b.f.s.DefaultListableBeanFactory     : Creating shared instance of singleton bean 'spring.servlet.multipart-org.springframework.boot.autoconfigure.web.servlet.MultipartProperties'
?[0m?[0;34m2023-03-31 16:06:15.597 DEBUG 29781 --- [    Test worker] o.s.b.f.s.DefaultListableBeanFactory     : Autowiring by type from bean name 'org.springframework.boot.autoconfigure.web.servlet.MultipartAutoConfiguration' via constructor to bean named 'spring.servlet.multipart-org.springframework.boot.autoconfigure.web.servlet.MultipartProperties'
?[0m?[0;34m2023-03-31 16:06:15.597 DEBUG 29781 --- [    Test worker] o.s.b.f.s.DefaultListableBeanFactory     : Autowiring by type from bean name 'errorPageCustomizer' via factory method to bean named 'dispatcherServletRegistration'
?[0m?[0;34m2023-03-31 16:06:15.598 DEBUG 29781 --- [    Test worker] .s.b.w.e.t.TomcatServletWebServerFactory : Code archive: /Users/nikosgalinos/.gradle/caches/modules-2/files-2.1/org.springframework.boot/spring-boot/2.5.6/d8c6b97fd3182fb6d7d06ebf710cd9ccabc83b89/spring-boot-2.5.6.jar
?[0m?[0;34m2023-03-31 16:06:15.598 DEBUG 29781 --- [    Test worker] .s.b.w.e.t.TomcatServletWebServerFactory : Code archive: /Users/nikosgalinos/.gradle/caches/modules-2/files-2.1/org.springframework.boot/spring-boot/2.5.6/d8c6b97fd3182fb6d7d06ebf710cd9ccabc83b89/spring-boot-2.5.6.jar
?[0m?[0;34m2023-03-31 16:06:15.598 DEBUG 29781 --- [    Test worker] .s.b.w.e.t.TomcatServletWebServerFactory : None of the document roots [src/main/webapp, public, static] point to a directory and will be ignored.
?[0m?[0;34m2023-03-31 16:06:15.599  INFO 29781 --- [    Test worker] o.s.b.w.embedded.tomcat.TomcatWebServer  : Tomcat initialized with port(s): 8080 (http)
?[0m?[0;34m2023-03-31 16:06:15.599  INFO 29781 --- [    Test worker] o.apache.catalina.core.StandardService   : Starting service [Tomcat]
?[0m?[0;34m2023-03-31 16:06:15.599  INFO 29781 --- [    Test worker] org.apache.catalina.core.StandardEngine  : Starting Servlet engine: [Apache Tomcat/9.0.54]
?[0m?[0;34m2023-03-31 16:06:15.610  INFO 29781 --- [    Test worker] o.a.c.c.C.[Tomcat].[localhost].[/]       : Initializing Spring embedded WebApplicationContext
?[0m?[0;34m2023-03-31 16:06:15.610 DEBUG 29781 --- [    Test worker] w.s.c.ServletWebServerApplicationContext : Published root WebApplicationContext as ServletContext attribute with name [org.springframework.web.context.WebApplicationContext.ROOT]
?[0m?[0;34m2023-03-31 16:06:15.610  INFO 29781 --- [    Test worker] w.s.c.ServletWebServerApplicationContext : Root WebApplicationContext: initialization completed in 133 ms
?[0m?[0;34m2023-03-31 16:06:15.611 DEBUG 29781 --- [    Test worker] o.s.b.f.s.DefaultListableBeanFactory     : Creating shared instance of singleton bean 'webMvcMetricsFilter'
?[0m?[0;34m2023-03-31 16:06:15.611 DEBUG 29781 --- [    Test worker] o.s.b.f.s.DefaultListableBeanFactory     : Creating shared instance of singleton bean 'org.springframework.boot.actuate.autoconfigure.metrics.web.servlet.WebMvcMetricsAutoConfiguration'
?[0m?[0;34m2023-03-31 16:06:15.611 DEBUG 29781 --- [    Test worker] o.s.b.f.s.DefaultListableBeanFactory     : Creating shared instance of singleton bean 'management.metrics-org.springframework.boot.actuate.autoconfigure.metrics.MetricsProperties'
?[0m?[0;34m2023-03-31 16:06:15.612 DEBUG 29781 --- [    Test worker] o.s.b.f.s.DefaultListableBeanFactory     : Autowiring by type from bean name 'org.springframework.boot.actuate.autoconfigure.metrics.web.servlet.WebMvcMetricsAutoConfiguration' via constructor to bean named 'management.metrics-org.springframework.boot.actuate.autoconfigure.metrics.MetricsProperties'
?[0m?[0;34m2023-03-31 16:06:15.613 DEBUG 29781 --- [    Test worker] o.s.b.f.s.DefaultListableBeanFactory     : Creating shared instance of singleton bean 'simpleMeterRegistry'
?[0m?[0;34m2023-03-31 16:06:15.613 DEBUG 29781 --- [    Test worker] o.s.b.f.s.DefaultListableBeanFactory     : Creating shared instance of singleton bean 'org.springframework.boot.actuate.autoconfigure.metrics.export.simple.SimpleMetricsExportAutoConfiguration'
?[0m?[0;34m2023-03-31 16:06:15.613 DEBUG 29781 --- [    Test worker] o.s.b.f.s.DefaultListableBeanFactory     : Creating shared instance of singleton bean 'simpleConfig'
?[0m?[0;34m2023-03-31 16:06:15.613 DEBUG 29781 --- [    Test worker] o.s.b.f.s.DefaultListableBeanFactory     : Creating shared instance of singleton bean 'management.metrics.export.simple-org.springframework.boot.actuate.autoconfigure.metrics.export.simple.SimpleProperties'
?[0m?[0;34m2023-03-31 16:06:15.613 DEBUG 29781 --- [    Test worker] o.s.b.f.s.DefaultListableBeanFactory     : Autowiring by type from bean name 'simpleConfig' via factory method to bean named 'management.metrics.export.simple-org.springframework.boot.actuate.autoconfigure.metrics.export.simple.SimpleProperties'
?[0m?[0;34m2023-03-31 16:06:15.614 DEBUG 29781 --- [    Test worker] o.s.b.f.s.DefaultListableBeanFactory     : Creating shared instance of singleton bean 'micrometerClock'
?[0m?[0;34m2023-03-31 16:06:15.614 DEBUG 29781 --- [    Test worker] o.s.b.f.s.DefaultListableBeanFactory     : Creating shared instance of singleton bean 'org.springframework.boot.actuate.autoconfigure.metrics.MetricsAutoConfiguration'
?[0m?[0;34m2023-03-31 16:06:15.614 DEBUG 29781 --- [    Test worker] o.s.b.f.s.DefaultListableBeanFactory     : Autowiring by type from bean name 'simpleMeterRegistry' via factory method to bean named 'simpleConfig'
?[0m?[0;34m2023-03-31 16:06:15.614 DEBUG 29781 --- [    Test worker] o.s.b.f.s.DefaultListableBeanFactory     : Autowiring by type from bean name 'simpleMeterRegistry' via factory method to bean named 'micrometerClock'
?[0m?[0;34m2023-03-31 16:06:15.615 DEBUG 29781 --- [    Test worker] o.s.b.f.s.DefaultListableBeanFactory     : Creating shared instance of singleton bean 'propertiesMeterFilter'
?[0m?[0;34m2023-03-31 16:06:15.615 DEBUG 29781 --- [    Test worker] o.s.b.f.s.DefaultListableBeanFactory     : Autowiring by type from bean name 'propertiesMeterFilter' via factory method to bean named 'management.metrics-org.springframework.boot.actuate.autoconfigure.metrics.MetricsProperties'
?[0m?[0;34m2023-03-31 16:06:15.616 DEBUG 29781 --- [    Test worker] o.s.b.f.s.DefaultListableBeanFactory     : Creating shared instance of singleton bean 'metricsHttpClientUriTagFilter'
?[0m?[0;34m2023-03-31 16:06:15.616 DEBUG 29781 --- [    Test worker] o.s.b.f.s.DefaultListableBeanFactory     : Creating shared instance of singleton bean 'org.springframework.boot.actuate.autoconfigure.metrics.web.client.HttpClientMetricsAutoConfiguration'
?[0m?[0;34m2023-03-31 16:06:15.616 DEBUG 29781 --- [    Test worker] o.s.b.f.s.DefaultListableBeanFactory     : Autowiring by type from bean name 'metricsHttpClientUriTagFilter' via factory method to bean named 'management.metrics-org.springframework.boot.actuate.autoconfigure.metrics.MetricsProperties'
?[0m?[0;34m2023-03-31 16:06:15.617 DEBUG 29781 --- [    Test worker] o.s.b.f.s.DefaultListableBeanFactory     : Creating shared instance of singleton bean 'metricsHttpServerUriTagFilter'
?[0m?[0;34m2023-03-31 16:06:15.618 DEBUG 29781 --- [    Test worker] o.s.b.f.s.DefaultListableBeanFactory     : Creating shared instance of singleton bean 'jvmGcMetrics'
?[0m?[0;34m2023-03-31 16:06:15.618 DEBUG 29781 --- [    Test worker] o.s.b.f.s.DefaultListableBeanFactory     : Creating shared instance of singleton bean 'org.springframework.boot.actuate.autoconfigure.metrics.JvmMetricsAutoConfiguration'
?[0m?[0;34m2023-03-31 16:06:15.618 DEBUG 29781 --- [    Test worker] o.s.b.f.s.DefaultListableBeanFactory     : Creating shared instance of singleton bean 'jvmMemoryMetrics'
?[0m?[0;34m2023-03-31 16:06:15.618 DEBUG 29781 --- [    Test worker] o.s.b.f.s.DefaultListableBeanFactory     : Creating shared instance of singleton bean 'jvmThreadMetrics'
?[0m?[0;34m2023-03-31 16:06:15.618 DEBUG 29781 --- [    Test worker] o.s.b.f.s.DefaultListableBeanFactory     : Creating shared instance of singleton bean 'classLoaderMetrics'
?[0m?[0;34m2023-03-31 16:06:15.619 DEBUG 29781 --- [    Test worker] o.s.b.f.s.DefaultListableBeanFactory     : Creating shared instance of singleton bean 'logbackMetrics'
?[0m?[0;34m2023-03-31 16:06:15.619 DEBUG 29781 --- [    Test worker] o.s.b.f.s.DefaultListableBeanFactory     : Creating shared instance of singleton bean 'org.springframework.boot.actuate.autoconfigure.metrics.LogbackMetricsAutoConfiguration'
?[0m?[0;34m2023-03-31 16:06:15.619 DEBUG 29781 --- [    Test worker] o.s.b.f.s.DefaultListableBeanFactory     : Creating shared instance of singleton bean 'uptimeMetrics'
?[0m?[0;34m2023-03-31 16:06:15.619 DEBUG 29781 --- [    Test worker] o.s.b.f.s.DefaultListableBeanFactory     : Creating shared instance of singleton bean 'org.springframework.boot.actuate.autoconfigure.metrics.SystemMetricsAutoConfiguration'
?[0m?[0;34m2023-03-31 16:06:15.619 DEBUG 29781 --- [    Test worker] o.s.b.f.s.DefaultListableBeanFactory     : Creating shared instance of singleton bean 'processorMetrics'
?[0m?[0;34m2023-03-31 16:06:15.619 DEBUG 29781 --- [    Test worker] o.s.b.f.s.DefaultListableBeanFactory     : Creating shared instance of singleton bean 'fileDescriptorMetrics'
?[0m?[0;34m2023-03-31 16:06:15.620 DEBUG 29781 --- [    Test worker] o.s.b.f.s.DefaultListableBeanFactory     : Creating shared instance of singleton bean 'webMvcTagsProvider'
?[0m?[0;34m2023-03-31 16:06:15.621 DEBUG 29781 --- [    Test worker] o.s.b.f.s.DefaultListableBeanFactory     : Autowiring by type from bean name 'webMvcMetricsFilter' via factory method to bean named 'simpleMeterRegistry'
?[0m?[0;34m2023-03-31 16:06:15.621 DEBUG 29781 --- [    Test worker] o.s.b.f.s.DefaultListableBeanFactory     : Autowiring by type from bean name 'webMvcMetricsFilter' via factory method to bean named 'webMvcTagsProvider'
?[0m?[0;34m2023-03-31 16:06:15.621 DEBUG 29781 --- [    Test worker] o.s.b.f.s.DefaultListableBeanFactory     : Creating shared instance of singleton bean 'h2Console'
?[0m?[0;34m2023-03-31 16:06:15.621 DEBUG 29781 --- [    Test worker] o.s.b.f.s.DefaultListableBeanFactory     : Creating shared instance of singleton bean 'org.springframework.boot.autoconfigure.h2.H2ConsoleAutoConfiguration'
?[0m?[0;34m2023-03-31 16:06:15.621 DEBUG 29781 --- [    Test worker] o.s.b.f.s.DefaultListableBeanFactory     : Creating shared instance of singleton bean 'spring.h2.console-org.springframework.boot.autoconfigure.h2.H2ConsoleProperties'
?[0m?[0;34m2023-03-31 16:06:15.622 DEBUG 29781 --- [    Test worker] o.s.b.f.s.DefaultListableBeanFactory     : Autowiring by type from bean name 'h2Console' via factory method to bean named 'spring.h2.console-org.springframework.boot.autoconfigure.h2.H2ConsoleProperties'
?[0m?[0;34m2023-03-31 16:06:15.622 DEBUG 29781 --- [    Test worker] o.s.b.f.s.DefaultListableBeanFactory     : Creating shared instance of singleton bean 'dataSource'
?[0m?[0;34m2023-03-31 16:06:15.622 DEBUG 29781 --- [    Test worker] o.s.b.f.s.DefaultListableBeanFactory     : Creating shared instance of singleton bean 'org.springframework.boot.autoconfigure.jdbc.DataSourceConfiguration$Hikari'
?[0m?[0;34m2023-03-31 16:06:15.622 DEBUG 29781 --- [    Test worker] o.s.b.f.s.DefaultListableBeanFactory     : Creating shared instance of singleton bean 'spring.datasource-org.springframework.boot.autoconfigure.jdbc.DataSourceProperties'
?[0m?[0;34m2023-03-31 16:06:15.623 DEBUG 29781 --- [    Test worker] o.s.b.f.s.DefaultListableBeanFactory     : Autowiring by type from bean name 'dataSource' via factory method to bean named 'spring.datasource-org.springframework.boot.autoconfigure.jdbc.DataSourceProperties'
?[0m?[0;34m2023-03-31 16:06:15.625  INFO 29781 --- [    Test worker] com.zaxxer.hikari.HikariDataSource       : HikariPool-3 - Starting...
?[0m?[0;34m2023-03-31 16:06:15.628  INFO 29781 --- [    Test worker] com.zaxxer.hikari.HikariDataSource       : HikariPool-3 - Start completed.
?[0m?[0;34m2023-03-31 16:06:15.629  INFO 29781 --- [    Test worker] o.s.b.a.h2.H2ConsoleAutoConfiguration    : H2 console available at '/h2-console'. Database available at 'jdbc:h2:file:../recipes_db'
?[0m?[0;34m2023-03-31 16:06:15.629 DEBUG 29781 --- [    Test worker] o.s.b.f.s.DefaultListableBeanFactory     : Creating shared instance of singleton bean 'securityFilterChainRegistration'
?[0m?[0;34m2023-03-31 16:06:15.629 DEBUG 29781 --- [    Test worker] o.s.b.f.s.DefaultListableBeanFactory     : Creating shared instance of singleton bean 'org.springframework.boot.autoconfigure.security.servlet.SecurityFilterAutoConfiguration'
?[0m?[0;34m2023-03-31 16:06:15.629 DEBUG 29781 --- [    Test worker] o.s.b.f.s.DefaultListableBeanFactory     : Creating shared instance of singleton bean 'spring.security-org.springframework.boot.autoconfigure.security.SecurityProperties'
?[0m?[0;34m2023-03-31 16:06:15.630 DEBUG 29781 --- [    Test worker] o.s.b.f.s.DefaultListableBeanFactory     : Autowiring by type from bean name 'securityFilterChainRegistration' via factory method to bean named 'spring.security-org.springframework.boot.autoconfigure.security.SecurityProperties'
?[0m?[0;34m2023-03-31 16:06:15.630 DEBUG 29781 --- [    Test worker] o.s.b.f.s.DefaultListableBeanFactory     : Creating shared instance of singleton bean 'servletEndpointRegistrar'
?[0m?[0;34m2023-03-31 16:06:15.630 DEBUG 29781 --- [    Test worker] o.s.b.f.s.DefaultListableBeanFactory     : Creating shared instance of singleton bean 'org.springframework.boot.actuate.autoconfigure.endpoint.web.ServletEndpointManagementContextConfiguration$WebMvcServletEndpointManagementContextConfiguration'
?[0m?[0;34m2023-03-31 16:06:15.630 DEBUG 29781 --- [    Test worker] o.s.b.f.s.DefaultListableBeanFactory     : Creating shared instance of singleton bean 'management.endpoints.web-org.springframework.boot.actuate.autoconfigure.endpoint.web.WebEndpointProperties'
?[0m?[0;34m2023-03-31 16:06:15.631 DEBUG 29781 --- [    Test worker] o.s.b.f.s.DefaultListableBeanFactory     : Creating shared instance of singleton bean 'servletEndpointDiscoverer'
?[0m?[0;34m2023-03-31 16:06:15.631 DEBUG 29781 --- [    Test worker] o.s.b.f.s.DefaultListableBeanFactory     : Creating shared instance of singleton bean 'org.springframework.boot.actuate.autoconfigure.endpoint.web.WebEndpointAutoConfiguration$WebEndpointServletConfiguration'
?[0m?[0;34m2023-03-31 16:06:15.631 DEBUG 29781 --- [    Test worker] o.s.b.f.s.DefaultListableBeanFactory     : Autowiring by type from bean name 'servletEndpointDiscoverer' via factory method to bean named 'org.springframework.boot.web.servlet.context.AnnotationConfigServletWebServerApplicationContext@63f08f9f'
?[0m?[0;34m2023-03-31 16:06:15.632 DEBUG 29781 --- [    Test worker] o.s.b.f.s.DefaultListableBeanFactory     : Creating shared instance of singleton bean 'webEndpointPathMapper'
?[0m?[0;34m2023-03-31 16:06:15.632 DEBUG 29781 --- [    Test worker] o.s.b.f.s.DefaultListableBeanFactory     : Creating shared instance of singleton bean 'org.springframework.boot.actuate.autoconfigure.endpoint.web.WebEndpointAutoConfiguration'
?[0m?[0;34m2023-03-31 16:06:15.632 DEBUG 29781 --- [    Test worker] o.s.b.f.s.DefaultListableBeanFactory     : Autowiring by type from bean name 'org.springframework.boot.actuate.autoconfigure.endpoint.web.WebEndpointAutoConfiguration' via constructor to bean named 'org.springframework.boot.web.servlet.context.AnnotationConfigServletWebServerApplicationContext@63f08f9f'
?[0m?[0;34m2023-03-31 16:06:15.632 DEBUG 29781 --- [    Test worker] o.s.b.f.s.DefaultListableBeanFactory     : Autowiring by type from bean name 'org.springframework.boot.actuate.autoconfigure.endpoint.web.WebEndpointAutoConfiguration' via constructor to bean named 'management.endpoints.web-org.springframework.boot.actuate.autoconfigure.endpoint.web.WebEndpointProperties'
?[0m?[0;34m2023-03-31 16:06:15.632 DEBUG 29781 --- [    Test worker] o.s.b.f.s.DefaultListableBeanFactory     : Creating shared instance of singleton bean 'servletExposeExcludePropertyEndpointFilter'
?[0m?[0;34m2023-03-31 16:06:15.632 DEBUG 29781 --- [    Test worker] o.s.b.f.s.DefaultListableBeanFactory     : Creating shared instance of singleton bean 'org.springframework.boot.actuate.autoconfigure.endpoint.web.ServletEndpointManagementContextConfiguration'
?[0m?[0;34m2023-03-31 16:06:15.632 DEBUG 29781 --- [    Test worker] o.s.b.f.s.DefaultListableBeanFactory     : Autowiring by type from bean name 'servletExposeExcludePropertyEndpointFilter' via factory method to bean named 'management.endpoints.web-org.springframework.boot.actuate.autoconfigure.endpoint.web.WebEndpointProperties'
?[0m?[0;34m2023-03-31 16:06:15.633 DEBUG 29781 --- [    Test worker] o.s.b.f.s.DefaultListableBeanFactory     : Autowiring by type from bean name 'servletEndpointRegistrar' via factory method to bean named 'management.endpoints.web-org.springframework.boot.actuate.autoconfigure.endpoint.web.WebEndpointProperties'
?[0m?[0;34m2023-03-31 16:06:15.633 DEBUG 29781 --- [    Test worker] o.s.b.f.s.DefaultListableBeanFactory     : Autowiring by type from bean name 'servletEndpointRegistrar' via factory method to bean named 'servletEndpointDiscoverer'
?[0m?[0;34m2023-03-31 16:06:15.633 DEBUG 29781 --- [    Test worker] o.s.b.f.s.DefaultListableBeanFactory     : Autowiring by type from bean name 'servletEndpointRegistrar' via factory method to bean named 'dispatcherServletRegistration'
?[0m?[0;34m2023-03-31 16:06:15.635 DEBUG 29781 --- [    Test worker] o.s.b.f.s.DefaultListableBeanFactory     : Creating shared instance of singleton bean 'requestContextFilter'
?[0m?[0;34m2023-03-31 16:06:15.636 DEBUG 29781 --- [    Test worker] o.s.b.f.s.DefaultListableBeanFactory     : Creating shared instance of singleton bean 'formContentFilter'
?[0m?[0;34m2023-03-31 16:06:15.636 DEBUG 29781 --- [    Test worker] o.s.b.f.s.DefaultListableBeanFactory     : Creating shared instance of singleton bean 'org.springframework.boot.autoconfigure.web.servlet.WebMvcAutoConfiguration'
?[0m?[0;34m2023-03-31 16:06:15.637 DEBUG 29781 --- [    Test worker] o.s.b.f.s.DefaultListableBeanFactory     : Creating shared instance of singleton bean 'characterEncodingFilter'
?[0m?[0;34m2023-03-31 16:06:15.638 DEBUG 29781 --- [    Test worker] o.s.b.w.s.ServletContextInitializerBeans : Mapping filters: filterRegistrationBean urls=[/*] order=-2147483647, springSecurityFilterChain urls=[/*] order=-100, characterEncodingFilter urls=[/*] order=-2147483648, formContentFilter urls=[/*] order=-9900, requestContextFilter urls=[/*] order=-105
?[0m?[0;34m2023-03-31 16:06:15.638 DEBUG 29781 --- [    Test worker] o.s.b.w.s.ServletContextInitializerBeans : Mapping servlets: dispatcherServlet urls=[/], webServlet urls=[/h2-console/*]
?[0m?[0;34m2023-03-31 16:06:15.639 DEBUG 29781 --- [    Test worker] o.s.b.a.m.w.servlet.WebMvcMetricsFilter  : Filter 'webMvcMetricsFilter' configured for use
?[0m?[0;34m2023-03-31 16:06:15.639 DEBUG 29781 --- [    Test worker] o.s.b.w.s.f.OrderedRequestContextFilter  : Filter 'requestContextFilter' configured for use
?[0m?[0;34m2023-03-31 16:06:15.639 DEBUG 29781 --- [    Test worker] s.b.w.s.f.OrderedCharacterEncodingFilter : Filter 'characterEncodingFilter' configured for use
?[0m?[0;34m2023-03-31 16:06:15.639 DEBUG 29781 --- [    Test worker] .DelegatingFilterProxyRegistrationBean$1 : Filter 'springSecurityFilterChain' configured for use
?[0m?[0;34m2023-03-31 16:06:15.639 DEBUG 29781 --- [    Test worker] o.s.b.w.s.f.OrderedFormContentFilter     : Filter 'formContentFilter' configured for use
?[0m?[0;34m2023-03-31 16:06:15.640 DEBUG 29781 --- [    Test worker] o.s.b.f.s.DefaultListableBeanFactory     : Creating shared instance of singleton bean 'dataSourceScriptDatabaseInitializer'
?[0m?[0;34m2023-03-31 16:06:15.640 DEBUG 29781 --- [    Test worker] o.s.b.f.s.DefaultListableBeanFactory     : Creating shared instance of singleton bean 'org.springframework.boot.autoconfigure.sql.init.DataSourceInitializationConfiguration'
?[0m?[0;34m2023-03-31 16:06:15.640 DEBUG 29781 --- [    Test worker] o.s.b.f.s.DefaultListableBeanFactory     : Creating shared instance of singleton bean 'spring.sql.init-org.springframework.boot.autoconfigure.sql.init.SqlInitializationProperties'
?[0m?[0;34m2023-03-31 16:06:15.641 DEBUG 29781 --- [    Test worker] o.s.b.f.s.DefaultListableBeanFactory     : Autowiring by type from bean name 'dataSourceScriptDatabaseInitializer' via factory method to bean named 'dataSource'
?[0m?[0;34m2023-03-31 16:06:15.641 DEBUG 29781 --- [    Test worker] o.s.b.f.s.DefaultListableBeanFactory     : Autowiring by type from bean name 'dataSourceScriptDatabaseInitializer' via factory method to bean named 'spring.sql.init-org.springframework.boot.autoconfigure.sql.init.SqlInitializationProperties'
?[0m?[0;34m2023-03-31 16:06:15.641 DEBUG 29781 --- [    Test worker] o.s.b.f.s.DefaultListableBeanFactory     : Creating shared instance of singleton bean 'entityManagerFactory'
?[0m?[0;34m2023-03-31 16:06:15.641 DEBUG 29781 --- [    Test worker] o.s.b.f.s.DefaultListableBeanFactory     : Creating shared instance of singleton bean 'org.springframework.boot.autoconfigure.orm.jpa.HibernateJpaConfiguration'
?[0m?[0;34m2023-03-31 16:06:15.642 DEBUG 29781 --- [    Test worker] o.s.b.f.s.DefaultListableBeanFactory     : Creating shared instance of singleton bean 'spring.jpa-org.springframework.boot.autoconfigure.orm.jpa.JpaProperties'
?[0m?[0;34m2023-03-31 16:06:15.643 DEBUG 29781 --- [    Test worker] o.s.b.f.s.DefaultListableBeanFactory     : Creating shared instance of singleton bean 'spring.jpa.hibernate-org.springframework.boot.autoconfigure.orm.jpa.HibernateProperties'
?[0m?[0;34m2023-03-31 16:06:15.644 DEBUG 29781 --- [    Test worker] o.s.b.f.s.DefaultListableBeanFactory     : Autowiring by type from bean name 'org.springframework.boot.autoconfigure.orm.jpa.HibernateJpaConfiguration' via constructor to bean named 'dataSource'
?[0m?[0;34m2023-03-31 16:06:15.644 DEBUG 29781 --- [    Test worker] o.s.b.f.s.DefaultListableBeanFactory     : Autowiring by type from bean name 'org.springframework.boot.autoconfigure.orm.jpa.HibernateJpaConfiguration' via constructor to bean named 'spring.jpa-org.springframework.boot.autoconfigure.orm.jpa.JpaProperties'
?[0m?[0;34m2023-03-31 16:06:15.644 DEBUG 29781 --- [    Test worker] o.s.b.f.s.DefaultListableBeanFactory     : Autowiring by type from bean name 'org.springframework.boot.autoconfigure.orm.jpa.HibernateJpaConfiguration' via constructor to bean named 'org.springframework.beans.factory.support.DefaultListableBeanFactory@57dd4bc9'
?[0m?[0;34m2023-03-31 16:06:15.644 DEBUG 29781 --- [    Test worker] o.s.b.f.s.DefaultListableBeanFactory     : Autowiring by type from bean name 'org.springframework.boot.autoconfigure.orm.jpa.HibernateJpaConfiguration' via constructor to bean named 'spring.jpa.hibernate-org.springframework.boot.autoconfigure.orm.jpa.HibernateProperties'
?[0m?[0;34m2023-03-31 16:06:15.644 DEBUG 29781 --- [    Test worker] o.s.b.f.s.DefaultListableBeanFactory     : Creating shared instance of singleton bean 'hikariPoolDataSourceMetadataProvider'
?[0m?[0;34m2023-03-31 16:06:15.644 DEBUG 29781 --- [    Test worker] o.s.b.f.s.DefaultListableBeanFactory     : Creating shared instance of singleton bean 'org.springframework.boot.autoconfigure.jdbc.metadata.DataSourcePoolMetadataProvidersConfiguration$HikariPoolDataSourceMetadataProviderConfiguration'
?[0m?[0;34m2023-03-31 16:06:15.645 DEBUG 29781 --- [    Test worker] o.s.b.f.s.DefaultListableBeanFactory     : Creating shared instance of singleton bean 'entityManagerFactoryBuilder'
?[0m?[0;34m2023-03-31 16:06:15.645 DEBUG 29781 --- [    Test worker] o.s.b.f.s.DefaultListableBeanFactory     : Creating shared instance of singleton bean 'jpaVendorAdapter'
?[0m?[0;34m2023-03-31 16:06:15.645 DEBUG 29781 --- [    Test worker] o.s.b.f.s.DefaultListableBeanFactory     : Autowiring by type from bean name 'entityManagerFactoryBuilder' via factory method to bean named 'jpaVendorAdapter'
?[0m?[0;34m2023-03-31 16:06:15.645 DEBUG 29781 --- [    Test worker] o.s.b.f.s.DefaultListableBeanFactory     : Autowiring by type from bean name 'entityManagerFactory' via factory method to bean named 'entityManagerFactoryBuilder'
?[0m?[0;34m2023-03-31 16:06:15.646 DEBUG 29781 --- [    Test worker] j.LocalContainerEntityManagerFactoryBean : Building JPA container EntityManagerFactory for persistence unit 'default'
?[0m?[0;34m2023-03-31 16:06:15.646  INFO 29781 --- [    Test worker] o.hibernate.jpa.internal.util.LogHelper  : HHH000204: Processing PersistenceUnitInfo [name: default]
?[0m?[0;34m2023-03-31 16:06:15.652  INFO 29781 --- [    Test worker] org.hibernate.dialect.Dialect            : HHH000400: Using dialect: org.hibernate.dialect.H2Dialect
?[0m?[0;34m2023-03-31 16:06:15.693  INFO 29781 --- [    Test worker] o.h.e.t.j.p.i.JtaPlatformInitiator       : HHH000490: Using JtaPlatform implementation: [org.hibernate.engine.transaction.jta.platform.internal.NoJtaPlatform]
?[0m?[0;34m2023-03-31 16:06:15.694  INFO 29781 --- [    Test worker] j.LocalContainerEntityManagerFactoryBean : Initialized JPA EntityManagerFactory for persistence unit 'default'
?[0m?[0;34m2023-03-31 16:06:15.694 DEBUG 29781 --- [    Test worker] o.s.b.f.s.DefaultListableBeanFactory     : Creating shared instance of singleton bean 'recipesApplication'
?[0m?[0;34m2023-03-31 16:06:15.694 DEBUG 29781 --- [    Test worker] o.s.b.f.s.DefaultListableBeanFactory     : Creating shared instance of singleton bean 'recipeService'
?[0m?[0;34m2023-03-31 16:06:15.694 DEBUG 29781 --- [    Test worker] o.s.b.f.s.DefaultListableBeanFactory     : Creating shared instance of singleton bean 'recipeRepository'
?[0m?[0;34m2023-03-31 16:06:15.705 DEBUG 29781 --- [    Test worker] o.s.b.f.s.DefaultListableBeanFactory     : Creating shared instance of singleton bean 'jpaMappingContext'
?[0m?[0;34m2023-03-31 16:06:15.705 DEBUG 29781 --- [    Test worker] .c.JpaMetamodelMappingContextFactoryBean : Initializing JpaMetamodelMappingContext…
?[0m?[0;34m2023-03-31 16:06:15.705 DEBUG 29781 --- [    Test worker] .c.JpaMetamodelMappingContextFactoryBean : Finished initializing JpaMetamodelMappingContext!
?[0m?[0;34m2023-03-31 16:06:15.706 DEBUG 29781 --- [    Test worker] tor$SharedEntityManagerInvocationHandler : Creating new EntityManager for shared EntityManager invocation
?[0m?[0;34m2023-03-31 16:06:15.706 DEBUG 29781 --- [    Test worker] o.s.b.f.s.DefaultListableBeanFactory     : Creating shared instance of singleton bean 'metricsRepositoryMethodInvocationListener'
?[0m?[0;34m2023-03-31 16:06:15.706 DEBUG 29781 --- [    Test worker] o.s.b.f.s.DefaultListableBeanFactory     : Creating shared instance of singleton bean 'org.springframework.boot.actuate.autoconfigure.metrics.data.RepositoryMetricsAutoConfiguration'
?[0m?[0;34m2023-03-31 16:06:15.706 DEBUG 29781 --- [    Test worker] o.s.b.f.s.DefaultListableBeanFactory     : Autowiring by type from bean name 'org.springframework.boot.actuate.autoconfigure.metrics.data.RepositoryMetricsAutoConfiguration' via constructor to bean named 'management.metrics-org.springframework.boot.actuate.autoconfigure.metrics.MetricsProperties'
?[0m?[0;34m2023-03-31 16:06:15.707 DEBUG 29781 --- [    Test worker] o.s.b.f.s.DefaultListableBeanFactory     : Creating shared instance of singleton bean 'repositoryTagsProvider'
?[0m?[0;34m2023-03-31 16:06:15.707 DEBUG 29781 --- [    Test worker] o.s.b.f.s.DefaultListableBeanFactory     : Autowiring by type from bean name 'metricsRepositoryMethodInvocationListener' via factory method to bean named 'repositoryTagsProvider'
?[0m?[0;34m2023-03-31 16:06:15.709 DEBUG 29781 --- [    Test worker] o.s.d.r.c.s.RepositoryFactorySupport     : Initializing repository instance for recipes.RecipeRepository…
?[0m?[0;34m2023-03-31 16:06:15.710 DEBUG 29781 --- [    Test worker] tor$SharedEntityManagerInvocationHandler : Creating new EntityManager for shared EntityManager invocation
?[0m?[0;34m2023-03-31 16:06:15.712 DEBUG 29781 --- [    Test worker] o.s.d.jpa.repository.query.NamedQuery    : Looking up named query Recipe.findByNameContainsIgnoreCaseOrderByDateDesc
?[0m?[0;34m2023-03-31 16:06:15.712 DEBUG 29781 --- [    Test worker] o.s.d.jpa.repository.query.NamedQuery    : Did not find named query Recipe.findByNameContainsIgnoreCaseOrderByDateDesc
?[0m?[0;34m2023-03-31 16:06:15.712 DEBUG 29781 --- [    Test worker] tor$SharedEntityManagerInvocationHandler : Creating new EntityManager for shared EntityManager invocation
?[0m?[0;34m2023-03-31 16:06:15.712 DEBUG 29781 --- [    Test worker] o.s.d.jpa.repository.query.NamedQuery    : Looking up named query Recipe.findByCategoryIgnoreCaseOrderByDateDesc
?[0m?[0;34m2023-03-31 16:06:15.712 DEBUG 29781 --- [    Test worker] o.s.d.jpa.repository.query.NamedQuery    : Did not find named query Recipe.findByCategoryIgnoreCaseOrderByDateDesc
?[0m?[0;34m2023-03-31 16:06:15.713 DEBUG 29781 --- [    Test worker] tor$SharedEntityManagerInvocationHandler : Creating new EntityManager for shared EntityManager invocation
?[0m?[0;34m2023-03-31 16:06:15.713 DEBUG 29781 --- [    Test worker] o.s.d.r.c.s.RepositoryFactorySupport     : Finished creation of repository instance for {}.
?[0m?[0;34m2023-03-31 16:06:15.713 DEBUG 29781 --- [    Test worker] o.s.b.f.s.DefaultListableBeanFactory     : Autowiring by type from bean name 'recipeService' via constructor to bean named 'recipeRepository'
?[0m?[0;34m2023-03-31 16:06:15.714 DEBUG 29781 --- [    Test worker] o.s.b.f.s.DefaultListableBeanFactory     : Creating shared instance of singleton bean 'recipesController'
?[0m?[0;34m2023-03-31 16:06:15.714 DEBUG 29781 --- [    Test worker] o.s.b.f.s.DefaultListableBeanFactory     : Creating shared instance of singleton bean 'userService'
?[0m?[0;34m2023-03-31 16:06:15.714 DEBUG 29781 --- [    Test worker] o.s.b.f.s.DefaultListableBeanFactory     : Creating shared instance of singleton bean 'userRepository'
?[0m?[0;34m2023-03-31 16:06:15.717 DEBUG 29781 --- [    Test worker] tor$SharedEntityManagerInvocationHandler : Creating new EntityManager for shared EntityManager invocation
?[0m?[0;34m2023-03-31 16:06:15.717 DEBUG 29781 --- [    Test worker] o.s.d.r.c.s.RepositoryFactorySupport     : Initializing repository instance for recipes.UserRepository…
?[0m?[0;34m2023-03-31 16:06:15.718 DEBUG 29781 --- [    Test worker] tor$SharedEntityManagerInvocationHandler : Creating new EntityManager for shared EntityManager invocation
?[0m?[0;34m2023-03-31 16:06:15.719 DEBUG 29781 --- [    Test worker] o.s.d.jpa.repository.query.NamedQuery    : Looking up named query User.findByEmail
?[0m?[0;34m2023-03-31 16:06:15.720 DEBUG 29781 --- [    Test worker] o.s.d.jpa.repository.query.NamedQuery    : Did not find named query User.findByEmail
?[0m?[0;34m2023-03-31 16:06:15.720 DEBUG 29781 --- [    Test worker] tor$SharedEntityManagerInvocationHandler : Creating new EntityManager for shared EntityManager invocation
?[0m?[0;34m2023-03-31 16:06:15.720 DEBUG 29781 --- [    Test worker] o.s.d.r.c.s.RepositoryFactorySupport     : Finished creation of repository instance for {}.
?[0m?[0;34m2023-03-31 16:06:15.720 DEBUG 29781 --- [    Test worker] o.s.b.f.s.DefaultListableBeanFactory     : Autowiring by type from bean name 'userService' via constructor to bean named 'userRepository'
?[0m?[0;34m2023-03-31 16:06:15.727 DEBUG 29781 --- [    Test worker] o.s.b.f.s.DefaultListableBeanFactory     : Creating shared instance of singleton bean 'registrationController'
?[0m?[0;34m2023-03-31 16:06:15.727 DEBUG 29781 --- [    Test worker] o.s.b.f.s.DefaultListableBeanFactory     : Creating shared instance of singleton bean 'getEncoder'
?[0m?[0;34m2023-03-31 16:06:15.728 DEBUG 29781 --- [    Test worker] o.s.b.f.s.DefaultListableBeanFactory     : Creating shared instance of singleton bean 'webSecurityConfigurerImpl'
?[0m?[0;34m2023-03-31 16:06:15.729 DEBUG 29781 --- [    Test worker] o.s.b.f.s.DefaultListableBeanFactory     : Creating shared instance of singleton bean 'objectPostProcessor'
?[0m?[0;34m2023-03-31 16:06:15.729 DEBUG 29781 --- [    Test worker] o.s.b.f.s.DefaultListableBeanFactory     : Creating shared instance of singleton bean 'org.springframework.security.config.annotation.configuration.ObjectPostProcessorConfiguration'
?[0m?[0;34m2023-03-31 16:06:15.730 DEBUG 29781 --- [    Test worker] o.s.b.f.s.DefaultListableBeanFactory     : Autowiring by type from bean name 'objectPostProcessor' via factory method to bean named 'org.springframework.beans.factory.support.DefaultListableBeanFactory@57dd4bc9'
?[0m?[0;34m2023-03-31 16:06:15.730 DEBUG 29781 --- [    Test worker] o.s.b.f.s.DefaultListableBeanFactory     : Creating shared instance of singleton bean 'mvcContentNegotiationManager'
?[0m?[0;34m2023-03-31 16:06:15.730 DEBUG 29781 --- [    Test worker] o.s.b.f.s.DefaultListableBeanFactory     : Creating shared instance of singleton bean 'org.springframework.boot.autoconfigure.web.servlet.WebMvcAutoConfiguration$EnableWebMvcConfiguration'
?[0m?[0;34m2023-03-31 16:06:15.730 DEBUG 29781 --- [    Test worker] o.s.b.f.s.DefaultListableBeanFactory     : Creating shared instance of singleton bean 'spring.resources-org.springframework.boot.autoconfigure.web.ResourceProperties'
?[0m?[0;34m2023-03-31 16:06:15.731 DEBUG 29781 --- [    Test worker] o.s.b.f.s.DefaultListableBeanFactory     : Creating shared instance of singleton bean 'spring.web-org.springframework.boot.autoconfigure.web.WebProperties'
?[0m?[0;34m2023-03-31 16:06:15.731 DEBUG 29781 --- [    Test worker] o.s.b.f.s.DefaultListableBeanFactory     : Autowiring by type from bean name 'org.springframework.boot.autoconfigure.web.servlet.WebMvcAutoConfiguration$EnableWebMvcConfiguration' via constructor to bean named 'spring.resources-org.springframework.boot.autoconfigure.web.ResourceProperties'
?[0m?[0;34m2023-03-31 16:06:15.731 DEBUG 29781 --- [    Test worker] o.s.b.f.s.DefaultListableBeanFactory     : Autowiring by type from bean name 'org.springframework.boot.autoconfigure.web.servlet.WebMvcAutoConfiguration$EnableWebMvcConfiguration' via constructor to bean named 'spring.mvc-org.springframework.boot.autoconfigure.web.servlet.WebMvcProperties'
?[0m?[0;34m2023-03-31 16:06:15.731 DEBUG 29781 --- [    Test worker] o.s.b.f.s.DefaultListableBeanFactory     : Autowiring by type from bean name 'org.springframework.boot.autoconfigure.web.servlet.WebMvcAutoConfiguration$EnableWebMvcConfiguration' via constructor to bean named 'spring.web-org.springframework.boot.autoconfigure.web.WebProperties'
?[0m?[0;34m2023-03-31 16:06:15.731 DEBUG 29781 --- [    Test worker] o.s.b.f.s.DefaultListableBeanFactory     : Autowiring by type from bean name 'org.springframework.boot.autoconfigure.web.servlet.WebMvcAutoConfiguration$EnableWebMvcConfiguration' via constructor to bean named 'org.springframework.beans.factory.support.DefaultListableBeanFactory@57dd4bc9'
?[0m?[0;34m2023-03-31 16:06:15.734 DEBUG 29781 --- [    Test worker] o.s.b.f.s.DefaultListableBeanFactory     : Creating shared instance of singleton bean 'org.springframework.security.config.annotation.web.configuration.WebMvcSecurityConfiguration'
?[0m?[0;34m2023-03-31 16:06:15.734 DEBUG 29781 --- [    Test worker] o.s.b.f.s.DefaultListableBeanFactory     : Creating shared instance of singleton bean 'org.springframework.boot.autoconfigure.web.servlet.WebMvcAutoConfiguration$WebMvcAutoConfigurationAdapter'
?[0m?[0;34m2023-03-31 16:06:15.734 DEBUG 29781 --- [    Test worker] o.s.b.f.s.DefaultListableBeanFactory     : Autowiring by type from bean name 'org.springframework.boot.autoconfigure.web.servlet.WebMvcAutoConfiguration$WebMvcAutoConfigurationAdapter' via constructor to bean named 'spring.resources-org.springframework.boot.autoconfigure.web.ResourceProperties'
?[0m?[0;34m2023-03-31 16:06:15.734 DEBUG 29781 --- [    Test worker] o.s.b.f.s.DefaultListableBeanFactory     : Autowiring by type from bean name 'org.springframework.boot.autoconfigure.web.servlet.WebMvcAutoConfiguration$WebMvcAutoConfigurationAdapter' via constructor to bean named 'spring.web-org.springframework.boot.autoconfigure.web.WebProperties'
?[0m?[0;34m2023-03-31 16:06:15.734 DEBUG 29781 --- [    Test worker] o.s.b.f.s.DefaultListableBeanFactory     : Autowiring by type from bean name 'org.springframework.boot.autoconfigure.web.servlet.WebMvcAutoConfiguration$WebMvcAutoConfigurationAdapter' via constructor to bean named 'spring.mvc-org.springframework.boot.autoconfigure.web.servlet.WebMvcProperties'
?[0m?[0;34m2023-03-31 16:06:15.734 DEBUG 29781 --- [    Test worker] o.s.b.f.s.DefaultListableBeanFactory     : Autowiring by type from bean name 'org.springframework.boot.autoconfigure.web.servlet.WebMvcAutoConfiguration$WebMvcAutoConfigurationAdapter' via constructor to bean named 'org.springframework.beans.factory.support.DefaultListableBeanFactory@57dd4bc9'
?[0m?[0;34m2023-03-31 16:06:15.735 DEBUG 29781 --- [    Test worker] o.s.b.f.s.DefaultListableBeanFactory     : Creating shared instance of singleton bean 'openEntityManagerInViewInterceptorConfigurer'
?[0m?[0;34m2023-03-31 16:06:15.735 DEBUG 29781 --- [    Test worker] o.s.b.f.s.DefaultListableBeanFactory     : Creating shared instance of singleton bean 'org.springframework.boot.autoconfigure.orm.jpa.JpaBaseConfiguration$JpaWebConfiguration'
?[0m?[0;34m2023-03-31 16:06:15.735 DEBUG 29781 --- [    Test worker] o.s.b.f.s.DefaultListableBeanFactory     : Autowiring by type from bean name 'org.springframework.boot.autoconfigure.orm.jpa.JpaBaseConfiguration$JpaWebConfiguration' via constructor to bean named 'spring.jpa-org.springframework.boot.autoconfigure.orm.jpa.JpaProperties'
?[0m?[0;34m2023-03-31 16:06:15.735 DEBUG 29781 --- [    Test worker] o.s.b.f.s.DefaultListableBeanFactory     : Creating shared instance of singleton bean 'openEntityManagerInViewInterceptor'
?[0m?[0;34m2023-03-31 16:06:15.736  WARN 29781 --- [    Test worker] JpaBaseConfiguration$JpaWebConfiguration : spring.jpa.open-in-view is enabled by default. Therefore, database queries may be performed during view rendering. Explicitly configure spring.jpa.open-in-view to disable this warning
?[0m?[0;34m2023-03-31 16:06:15.736 DEBUG 29781 --- [    Test worker] o.s.b.f.s.DefaultListableBeanFactory     : Autowiring by type from bean name 'openEntityManagerInViewInterceptorConfigurer' via factory method to bean named 'openEntityManagerInViewInterceptor'
?[0m?[0;34m2023-03-31 16:06:15.736 DEBUG 29781 --- [    Test worker] o.s.b.f.s.DefaultListableBeanFactory     : Creating shared instance of singleton bean 'metricsWebMvcConfigurer'
?[0m?[0;34m2023-03-31 16:06:15.736 DEBUG 29781 --- [    Test worker] o.s.b.f.s.DefaultListableBeanFactory     : Autowiring by type from bean name 'metricsWebMvcConfigurer' via factory method to bean named 'simpleMeterRegistry'
?[0m?[0;34m2023-03-31 16:06:15.736 DEBUG 29781 --- [    Test worker] o.s.b.f.s.DefaultListableBeanFactory     : Autowiring by type from bean name 'metricsWebMvcConfigurer' via factory method to bean named 'webMvcTagsProvider'
?[0m?[0;34m2023-03-31 16:06:15.736 DEBUG 29781 --- [    Test worker] o.s.b.f.s.DefaultListableBeanFactory     : Creating shared instance of singleton bean 'org.springframework.data.web.config.SpringDataWebConfiguration'
?[0m?[0;34m2023-03-31 16:06:15.736 DEBUG 29781 --- [    Test worker] o.s.b.f.s.DefaultListableBeanFactory     : Autowiring by type from bean name 'org.springframework.data.web.config.SpringDataWebConfiguration' via constructor to bean named 'org.springframework.boot.web.servlet.context.AnnotationConfigServletWebServerApplicationContext@63f08f9f'
?[0m?[0;34m2023-03-31 16:06:15.738 DEBUG 29781 --- [    Test worker] o.s.b.f.s.DefaultListableBeanFactory     : Creating shared instance of singleton bean 'org.springframework.security.config.annotation.authentication.configuration.AuthenticationConfiguration'
?[0m?[0;34m2023-03-31 16:06:15.739 DEBUG 29781 --- [    Test worker] o.s.b.f.s.DefaultListableBeanFactory     : Creating shared instance of singleton bean 'enableGlobalAuthenticationAutowiredConfigurer'
?[0m?[0;34m2023-03-31 16:06:15.739 DEBUG 29781 --- [    Test worker] o.s.b.f.s.DefaultListableBeanFactory     : Autowiring by type from bean name 'enableGlobalAuthenticationAutowiredConfigurer' via factory method to bean named 'org.springframework.boot.web.servlet.context.AnnotationConfigServletWebServerApplicationContext@63f08f9f'
?[0m?[0;34m2023-03-31 16:06:15.739 DEBUG 29781 --- [    Test worker] o.s.b.f.s.DefaultListableBeanFactory     : Creating shared instance of singleton bean 'initializeUserDetailsBeanManagerConfigurer'
?[0m?[0;34m2023-03-31 16:06:15.739 DEBUG 29781 --- [    Test worker] o.s.b.f.s.DefaultListableBeanFactory     : Autowiring by type from bean name 'initializeUserDetailsBeanManagerConfigurer' via factory method to bean named 'org.springframework.boot.web.servlet.context.AnnotationConfigServletWebServerApplicationContext@63f08f9f'
?[0m?[0;34m2023-03-31 16:06:15.739 DEBUG 29781 --- [    Test worker] o.s.b.f.s.DefaultListableBeanFactory     : Creating shared instance of singleton bean 'initializeAuthenticationProviderBeanManagerConfigurer'
?[0m?[0;34m2023-03-31 16:06:15.739 DEBUG 29781 --- [    Test worker] o.s.b.f.s.DefaultListableBeanFactory     : Autowiring by type from bean name 'initializeAuthenticationProviderBeanManagerConfigurer' via factory method to bean named 'org.springframework.boot.web.servlet.context.AnnotationConfigServletWebServerApplicationContext@63f08f9f'
?[0m?[0;34m2023-03-31 16:06:15.740 DEBUG 29781 --- [    Test worker] o.s.b.f.s.DefaultListableBeanFactory     : Creating shared instance of singleton bean 'userDetailsServiceImpl'
?[0m?[0;34m2023-03-31 16:06:15.743 DEBUG 29781 --- [    Test worker] o.s.b.f.s.DefaultListableBeanFactory     : Creating shared instance of singleton bean 'authenticationManagerBuilder'
?[0m?[0;34m2023-03-31 16:06:15.743 DEBUG 29781 --- [    Test worker] o.s.b.f.s.DefaultListableBeanFactory     : Autowiring by type from bean name 'authenticationManagerBuilder' via factory method to bean named 'objectPostProcessor'
?[0m?[0;34m2023-03-31 16:06:15.743 DEBUG 29781 --- [    Test worker] o.s.b.f.s.DefaultListableBeanFactory     : Autowiring by type from bean name 'authenticationManagerBuilder' via factory method to bean named 'org.springframework.boot.web.servlet.context.AnnotationConfigServletWebServerApplicationContext@63f08f9f'
?[0m?[0;34m2023-03-31 16:06:15.743 DEBUG 29781 --- [    Test worker] o.s.b.f.s.DefaultListableBeanFactory     : Creating shared instance of singleton bean 'authenticationEventPublisher'
?[0m?[0;34m2023-03-31 16:06:15.743 DEBUG 29781 --- [    Test worker] o.s.b.f.s.DefaultListableBeanFactory     : Creating shared instance of singleton bean 'org.springframework.boot.autoconfigure.security.servlet.SecurityAutoConfiguration'
?[0m?[0;34m2023-03-31 16:06:15.743 DEBUG 29781 --- [    Test worker] o.s.b.f.s.DefaultListableBeanFactory     : Autowiring by type from bean name 'authenticationEventPublisher' via factory method to bean named 'org.springframework.boot.web.servlet.context.AnnotationConfigServletWebServerApplicationContext@63f08f9f'
?[0m?[0;34m2023-03-31 16:06:15.744 DEBUG 29781 --- [    Test worker] o.s.b.f.s.DefaultListableBeanFactory     : Creating shared instance of singleton bean 'org.springframework.security.config.annotation.web.configuration.WebSecurityConfiguration'
?[0m?[0;34m2023-03-31 16:06:15.746 DEBUG 29781 --- [    Test worker] o.s.b.f.s.DefaultListableBeanFactory     : Creating shared instance of singleton bean 'autowiredWebSecurityConfigurersIgnoreParents'
?[0m?[0;34m2023-03-31 16:06:15.746 DEBUG 29781 --- [    Test worker] o.s.b.f.s.DefaultListableBeanFactory     : Autowiring by type from bean name 'autowiredWebSecurityConfigurersIgnoreParents' via factory method to bean named 'org.springframework.beans.factory.support.DefaultListableBeanFactory@57dd4bc9'
?[0m?[0;34m2023-03-31 16:06:15.747 DEBUG 29781 --- [    Test worker] o.s.b.f.s.DefaultListableBeanFactory     : Creating shared instance of singleton bean 'delegatingApplicationListener'
?[0m?[0;34m2023-03-31 16:06:15.747 DEBUG 29781 --- [    Test worker] o.s.b.f.s.DefaultListableBeanFactory     : Creating shared instance of singleton bean 'springSecurityFilterChain'
?[0m?[0;34m2023-03-31 16:06:15.748 DEBUG 29781 --- [    Test worker] o.s.b.f.s.DefaultListableBeanFactory     : Creating shared instance of singleton bean 'mvcHandlerMappingIntrospector'
?[0m?[0;34m2023-03-31 16:06:15.748 DEBUG 29781 --- [    Test worker] o.s.b.f.s.DefaultListableBeanFactory     : Creating shared instance of singleton bean 'requestMappingHandlerMapping'
?[0m?[0;34m2023-03-31 16:06:15.748 DEBUG 29781 --- [    Test worker] o.s.b.f.s.DefaultListableBeanFactory     : Creating shared instance of singleton bean 'mvcConversionService'
?[0m?[0;34m2023-03-31 16:06:15.749 DEBUG 29781 --- [    Test worker] o.s.b.f.s.DefaultListableBeanFactory     : Creating shared instance of singleton bean 'mvcResourceUrlProvider'
?[0m?[0;34m2023-03-31 16:06:15.750 DEBUG 29781 --- [    Test worker] o.s.b.f.s.DefaultListableBeanFactory     : Autowiring by type from bean name 'requestMappingHandlerMapping' via factory method to bean named 'mvcContentNegotiationManager'
?[0m?[0;34m2023-03-31 16:06:15.750 DEBUG 29781 --- [    Test worker] o.s.b.f.s.DefaultListableBeanFactory     : Autowiring by type from bean name 'requestMappingHandlerMapping' via factory method to bean named 'mvcConversionService'
?[0m?[0;34m2023-03-31 16:06:15.750 DEBUG 29781 --- [    Test worker] o.s.b.f.s.DefaultListableBeanFactory     : Autowiring by type from bean name 'requestMappingHandlerMapping' via factory method to bean named 'mvcResourceUrlProvider'
?[0m?[0;34m2023-03-31 16:06:15.750 DEBUG 29781 --- [    Test worker] o.s.b.f.s.DefaultListableBeanFactory     : Autowiring by type from bean name 'requestMappingHandlerMapping' via factory method to bean named 'mvcContentNegotiationManager'
?[0m?[0;34m2023-03-31 16:06:15.750 DEBUG 29781 --- [    Test worker] o.s.b.f.s.DefaultListableBeanFactory     : Autowiring by type from bean name 'requestMappingHandlerMapping' via factory method to bean named 'mvcConversionService'
?[0m?[0;34m2023-03-31 16:06:15.750 DEBUG 29781 --- [    Test worker] o.s.b.f.s.DefaultListableBeanFactory     : Autowiring by type from bean name 'requestMappingHandlerMapping' via factory method to bean named 'mvcResourceUrlProvider'
?[0m?[0;34m2023-03-31 16:06:15.753 DEBUG 29781 --- [    Test worker] s.w.s.m.m.a.RequestMappingHandlerMapping : 8 mappings in 'requestMappingHandlerMapping'
?[0m?[0;34m2023-03-31 16:06:15.754 DEBUG 29781 --- [    Test worker] o.s.b.f.s.DefaultListableBeanFactory     : Creating shared instance of singleton bean 'welcomePageHandlerMapping'
?[0m?[0;34m2023-03-31 16:06:15.754 DEBUG 29781 --- [    Test worker] o.s.b.f.s.DefaultListableBeanFactory     : Autowiring by type from bean name 'welcomePageHandlerMapping' via factory method to bean named 'org.springframework.boot.web.servlet.context.AnnotationConfigServletWebServerApplicationContext@63f08f9f'
?[0m?[0;34m2023-03-31 16:06:15.754 DEBUG 29781 --- [    Test worker] o.s.b.f.s.DefaultListableBeanFactory     : Autowiring by type from bean name 'welcomePageHandlerMapping' via factory method to bean named 'mvcConversionService'
?[0m?[0;34m2023-03-31 16:06:15.754 DEBUG 29781 --- [    Test worker] o.s.b.f.s.DefaultListableBeanFactory     : Autowiring by type from bean name 'welcomePageHandlerMapping' via factory method to bean named 'mvcResourceUrlProvider'
?[0m?[0;34m2023-03-31 16:06:15.755 DEBUG 29781 --- [    Test worker] o.s.b.f.s.DefaultListableBeanFactory     : Creating shared instance of singleton bean 'viewControllerHandlerMapping'
?[0m?[0;34m2023-03-31 16:06:15.755 DEBUG 29781 --- [    Test worker] o.s.b.f.s.DefaultListableBeanFactory     : Autowiring by type from bean name 'viewControllerHandlerMapping' via factory method to bean named 'mvcConversionService'
?[0m?[0;34m2023-03-31 16:06:15.755 DEBUG 29781 --- [    Test worker] o.s.b.f.s.DefaultListableBeanFactory     : Autowiring by type from bean name 'viewControllerHandlerMapping' via factory method to bean named 'mvcResourceUrlProvider'
?[0m?[0;34m2023-03-31 16:06:15.755 DEBUG 29781 --- [    Test worker] o.s.b.f.s.DefaultListableBeanFactory     : Creating shared instance of singleton bean 'beanNameHandlerMapping'
?[0m?[0;34m2023-03-31 16:06:15.755 DEBUG 29781 --- [    Test worker] o.s.b.f.s.DefaultListableBeanFactory     : Autowiring by type from bean name 'beanNameHandlerMapping' via factory method to bean named 'mvcConversionService'
?[0m?[0;34m2023-03-31 16:06:15.755 DEBUG 29781 --- [    Test worker] o.s.b.f.s.DefaultListableBeanFactory     : Autowiring by type from bean name 'beanNameHandlerMapping' via factory method to bean named 'mvcResourceUrlProvider'
?[0m?[0;34m2023-03-31 16:06:15.756 DEBUG 29781 --- [    Test worker] o.s.b.f.s.DefaultListableBeanFactory     : Creating shared instance of singleton bean 'routerFunctionMapping'
?[0m?[0;34m2023-03-31 16:06:15.756 DEBUG 29781 --- [    Test worker] o.s.b.f.s.DefaultListableBeanFactory     : Autowiring by type from bean name 'routerFunctionMapping' via factory method to bean named 'mvcConversionService'
?[0m?[0;34m2023-03-31 16:06:15.756 DEBUG 29781 --- [    Test worker] o.s.b.f.s.DefaultListableBeanFactory     : Autowiring by type from bean name 'routerFunctionMapping' via factory method to bean named 'mvcResourceUrlProvider'
?[0m?[0;34m2023-03-31 16:06:15.756 DEBUG 29781 --- [    Test worker] o.s.b.f.s.DefaultListableBeanFactory     : Creating shared instance of singleton bean 'messageConverters'
?[0m?[0;34m2023-03-31 16:06:15.756 DEBUG 29781 --- [    Test worker] o.s.b.f.s.DefaultListableBeanFactory     : Creating shared instance of singleton bean 'org.springframework.boot.autoconfigure.http.HttpMessageConvertersAutoConfiguration'
?[0m?[0;34m2023-03-31 16:06:15.756 DEBUG 29781 --- [    Test worker] o.s.b.f.s.DefaultListableBeanFactory     : Creating shared instance of singleton bean 'stringHttpMessageConverter'
?[0m?[0;34m2023-03-31 16:06:15.757 DEBUG 29781 --- [    Test worker] o.s.b.f.s.DefaultListableBeanFactory     : Creating shared instance of singleton bean 'org.springframework.boot.autoconfigure.http.HttpMessageConvertersAutoConfiguration$StringHttpMessageConverterConfiguration'
?[0m?[0;34m2023-03-31 16:06:15.757 DEBUG 29781 --- [    Test worker] o.s.b.f.s.DefaultListableBeanFactory     : Autowiring by type from bean name 'stringHttpMessageConverter' via factory method to bean named 'environment'
?[0m?[0;34m2023-03-31 16:06:15.757 DEBUG 29781 --- [    Test worker] o.s.b.f.s.DefaultListableBeanFactory     : Creating shared instance of singleton bean 'mappingJackson2HttpMessageConverter'
?[0m?[0;34m2023-03-31 16:06:15.757 DEBUG 29781 --- [    Test worker] o.s.b.f.s.DefaultListableBeanFactory     : Creating shared instance of singleton bean 'org.springframework.boot.autoconfigure.http.JacksonHttpMessageConvertersConfiguration$MappingJackson2HttpMessageConverterConfiguration'
?[0m?[0;34m2023-03-31 16:06:15.757 DEBUG 29781 --- [    Test worker] o.s.b.f.s.DefaultListableBeanFactory     : Creating shared instance of singleton bean 'jacksonObjectMapper'
?[0m?[0;34m2023-03-31 16:06:15.758 DEBUG 29781 --- [    Test worker] o.s.b.f.s.DefaultListableBeanFactory     : Creating shared instance of singleton bean 'org.springframework.boot.autoconfigure.jackson.JacksonAutoConfiguration$JacksonObjectMapperConfiguration'
?[0m?[0;34m2023-03-31 16:06:15.758 DEBUG 29781 --- [    Test worker] o.s.b.f.s.DefaultListableBeanFactory     : Creating shared instance of singleton bean 'org.springframework.boot.autoconfigure.jackson.JacksonAutoConfiguration$JacksonObjectMapperBuilderConfiguration'
?[0m?[0;34m2023-03-31 16:06:15.758 DEBUG 29781 --- [    Test worker] o.s.b.f.s.DefaultListableBeanFactory     : Creating shared instance of singleton bean 'standardJacksonObjectMapperBuilderCustomizer'
?[0m?[0;34m2023-03-31 16:06:15.758 DEBUG 29781 --- [    Test worker] o.s.b.f.s.DefaultListableBeanFactory     : Creating shared instance of singleton bean 'org.springframework.boot.autoconfigure.jackson.JacksonAutoConfiguration$Jackson2ObjectMapperBuilderCustomizerConfiguration'
?[0m?[0;34m2023-03-31 16:06:15.758 DEBUG 29781 --- [    Test worker] o.s.b.f.s.DefaultListableBeanFactory     : Creating shared instance of singleton bean 'spring.jackson-org.springframework.boot.autoconfigure.jackson.JacksonProperties'
?[0m?[0;34m2023-03-31 16:06:15.759 DEBUG 29781 --- [    Test worker] o.s.b.f.s.DefaultListableBeanFactory     : Autowiring by type from bean name 'standardJacksonObjectMapperBuilderCustomizer' via factory method to bean named 'org.springframework.boot.web.servlet.context.AnnotationConfigServletWebServerApplicationContext@63f08f9f'
?[0m?[0;34m2023-03-31 16:06:15.759 DEBUG 29781 --- [    Test worker] o.s.b.f.s.DefaultListableBeanFactory     : Autowiring by type from bean name 'standardJacksonObjectMapperBuilderCustomizer' via factory method to bean named 'spring.jackson-org.springframework.boot.autoconfigure.jackson.JacksonProperties'
?[0m?[0;34m2023-03-31 16:06:15.759 DEBUG 29781 --- [    Test worker] o.s.b.f.s.DefaultListableBeanFactory     : Autowiring by type from bean name 'jacksonObjectMapperBuilder' via factory method to bean named 'org.springframework.boot.web.servlet.context.AnnotationConfigServletWebServerApplicationContext@63f08f9f'
?[0m?[0;34m2023-03-31 16:06:15.759 DEBUG 29781 --- [    Test worker] o.s.b.f.s.DefaultListableBeanFactory     : Autowiring by type from bean name 'jacksonObjectMapperBuilder' via factory method to bean named 'standardJacksonObjectMapperBuilderCustomizer'
?[0m?[0;34m2023-03-31 16:06:15.759 DEBUG 29781 --- [    Test worker] o.s.b.f.s.DefaultListableBeanFactory     : Creating shared instance of singleton bean 'parameterNamesModule'
?[0m?[0;34m2023-03-31 16:06:15.759 DEBUG 29781 --- [    Test worker] o.s.b.f.s.DefaultListableBeanFactory     : Creating shared instance of singleton bean 'org.springframework.boot.autoconfigure.jackson.JacksonAutoConfiguration$ParameterNamesModuleConfiguration'
?[0m?[0;34m2023-03-31 16:06:15.759 DEBUG 29781 --- [    Test worker] o.s.b.f.s.DefaultListableBeanFactory     : Creating shared instance of singleton bean 'jsonComponentModule'
?[0m?[0;34m2023-03-31 16:06:15.759 DEBUG 29781 --- [    Test worker] o.s.b.f.s.DefaultListableBeanFactory     : Creating shared instance of singleton bean 'org.springframework.boot.autoconfigure.jackson.JacksonAutoConfiguration'
?[0m?[0;34m2023-03-31 16:06:15.760 DEBUG 29781 --- [    Test worker] o.s.b.f.s.DefaultListableBeanFactory     : Creating shared instance of singleton bean 'jacksonGeoModule'
?[0m?[0;34m2023-03-31 16:06:15.761 DEBUG 29781 --- [    Test worker] o.s.b.f.s.DefaultListableBeanFactory     : Creating shared instance of singleton bean 'org.springframework.data.web.config.SpringDataJacksonConfiguration'
?[0m?[0;34m2023-03-31 16:06:15.761 DEBUG 29781 --- [    Test worker] o.s.b.f.s.DefaultListableBeanFactory     : Autowiring by type from bean name 'jacksonObjectMapper' via factory method to bean named 'jacksonObjectMapperBuilder'
?[0m?[0;34m2023-03-31 16:06:15.763 DEBUG 29781 --- [    Test worker] o.s.b.f.s.DefaultListableBeanFactory     : Autowiring by type from bean name 'mappingJackson2HttpMessageConverter' via factory method to bean named 'jacksonObjectMapper'
?[0m?[0;34m2023-03-31 16:06:15.765 DEBUG 29781 --- [    Test worker] o.s.b.f.s.DefaultListableBeanFactory     : Creating shared instance of singleton bean 'resourceHandlerMapping'
?[0m?[0;34m2023-03-31 16:06:15.765 DEBUG 29781 --- [    Test worker] o.s.b.f.s.DefaultListableBeanFactory     : Autowiring by type from bean name 'resourceHandlerMapping' via factory method to bean named 'mvcContentNegotiationManager'
?[0m?[0;34m2023-03-31 16:06:15.765 DEBUG 29781 --- [    Test worker] o.s.b.f.s.DefaultListableBeanFactory     : Autowiring by type from bean name 'resourceHandlerMapping' via factory method to bean named 'mvcConversionService'
?[0m?[0;34m2023-03-31 16:06:15.765 DEBUG 29781 --- [    Test worker] o.s.b.f.s.DefaultListableBeanFactory     : Autowiring by type from bean name 'resourceHandlerMapping' via factory method to bean named 'mvcResourceUrlProvider'
?[0m?[0;34m2023-03-31 16:06:15.766 DEBUG 29781 --- [    Test worker] o.s.w.s.handler.SimpleUrlHandlerMapping  : Patterns [/webjars/**, /**] in 'resourceHandlerMapping'
?[0m?[0;34m2023-03-31 16:06:15.766 DEBUG 29781 --- [    Test worker] o.s.b.f.s.DefaultListableBeanFactory     : Creating shared instance of singleton bean 'defaultServletHandlerMapping'
?[0m?[0;34m2023-03-31 16:06:15.767 DEBUG 29781 --- [    Test worker] o.s.b.f.s.DefaultListableBeanFactory     : Creating shared instance of singleton bean 'webEndpointServletHandlerMapping'
?[0m?[0;34m2023-03-31 16:06:15.767 DEBUG 29781 --- [    Test worker] o.s.b.f.s.DefaultListableBeanFactory     : Creating shared instance of singleton bean 'org.springframework.boot.actuate.autoconfigure.endpoint.web.servlet.WebMvcEndpointManagementContextConfiguration'
?[0m?[0;34m2023-03-31 16:06:15.767 DEBUG 29781 --- [    Test worker] o.s.b.f.s.DefaultListableBeanFactory     : Creating shared instance of singleton bean 'webEndpointDiscoverer'
?[0m?[0;34m2023-03-31 16:06:15.767 DEBUG 29781 --- [    Test worker] o.s.b.f.s.DefaultListableBeanFactory     : Creating shared instance of singleton bean 'endpointOperationParameterMapper'
?[0m?[0;34m2023-03-31 16:06:15.767 DEBUG 29781 --- [    Test worker] o.s.b.f.s.DefaultListableBeanFactory     : Creating shared instance of singleton bean 'org.springframework.boot.actuate.autoconfigure.endpoint.EndpointAutoConfiguration'
?[0m?[0;34m2023-03-31 16:06:15.767 DEBUG 29781 --- [    Test worker] o.s.b.f.s.DefaultListableBeanFactory     : Creating shared instance of singleton bean 'endpointMediaTypes'
?[0m?[0;34m2023-03-31 16:06:15.767 DEBUG 29781 --- [    Test worker] o.s.b.f.s.DefaultListableBeanFactory     : Autowiring by type from bean name 'webEndpointDiscoverer' via factory method to bean named 'endpointOperationParameterMapper'
?[0m?[0;34m2023-03-31 16:06:15.767 DEBUG 29781 --- [    Test worker] o.s.b.f.s.DefaultListableBeanFactory     : Autowiring by type from bean name 'webEndpointDiscoverer' via factory method to bean named 'endpointMediaTypes'
?[0m?[0;34m2023-03-31 16:06:15.768 DEBUG 29781 --- [    Test worker] o.s.b.f.s.DefaultListableBeanFactory     : Creating shared instance of singleton bean 'endpointCachingOperationInvokerAdvisor'
?[0m?[0;34m2023-03-31 16:06:15.768 DEBUG 29781 --- [    Test worker] o.s.b.f.s.DefaultListableBeanFactory     : Autowiring by type from bean name 'endpointCachingOperationInvokerAdvisor' via factory method to bean named 'environment'
?[0m?[0;34m2023-03-31 16:06:15.768 DEBUG 29781 --- [    Test worker] o.s.b.f.s.DefaultListableBeanFactory     : Creating shared instance of singleton bean 'webExposeExcludePropertyEndpointFilter'
?[0m?[0;34m2023-03-31 16:06:15.768 DEBUG 29781 --- [    Test worker] o.s.b.f.s.DefaultListableBeanFactory     : Creating shared instance of singleton bean 'controllerEndpointDiscoverer'
?[0m?[0;34m2023-03-31 16:06:15.768 DEBUG 29781 --- [    Test worker] o.s.b.f.s.DefaultListableBeanFactory     : Creating shared instance of singleton bean 'controllerExposeExcludePropertyEndpointFilter'
?[0m?[0;34m2023-03-31 16:06:15.769 DEBUG 29781 --- [    Test worker] o.s.b.f.s.DefaultListableBeanFactory     : Creating shared instance of singleton bean 'management.endpoints.web.cors-org.springframework.boot.actuate.autoconfigure.endpoint.web.CorsEndpointProperties'
?[0m?[0;34m2023-03-31 16:06:15.769 DEBUG 29781 --- [    Test worker] o.s.b.f.s.DefaultListableBeanFactory     : Autowiring by type from bean name 'webEndpointServletHandlerMapping' via factory method to bean named 'webEndpointDiscoverer'
?[0m?[0;34m2023-03-31 16:06:15.769 DEBUG 29781 --- [    Test worker] o.s.b.f.s.DefaultListableBeanFactory     : Autowiring by type from bean name 'webEndpointServletHandlerMapping' via factory method to bean named 'servletEndpointDiscoverer'
?[0m?[0;34m2023-03-31 16:06:15.769 DEBUG 29781 --- [    Test worker] o.s.b.f.s.DefaultListableBeanFactory     : Autowiring by type from bean name 'webEndpointServletHandlerMapping' via factory method to bean named 'controllerEndpointDiscoverer'
?[0m?[0;34m2023-03-31 16:06:15.769 DEBUG 29781 --- [    Test worker] o.s.b.f.s.DefaultListableBeanFactory     : Autowiring by type from bean name 'webEndpointServletHandlerMapping' via factory method to bean named 'endpointMediaTypes'
?[0m?[0;34m2023-03-31 16:06:15.769 DEBUG 29781 --- [    Test worker] o.s.b.f.s.DefaultListableBeanFactory     : Autowiring by type from bean name 'webEndpointServletHandlerMapping' via factory method to bean named 'management.endpoints.web.cors-org.springframework.boot.actuate.autoconfigure.endpoint.web.CorsEndpointProperties'
?[0m?[0;34m2023-03-31 16:06:15.769 DEBUG 29781 --- [    Test worker] o.s.b.f.s.DefaultListableBeanFactory     : Autowiring by type from bean name 'webEndpointServletHandlerMapping' via factory method to bean named 'management.endpoints.web-org.springframework.boot.actuate.autoconfigure.endpoint.web.WebEndpointProperties'
?[0m?[0;34m2023-03-31 16:06:15.769 DEBUG 29781 --- [    Test worker] o.s.b.f.s.DefaultListableBeanFactory     : Autowiring by type from bean name 'webEndpointServletHandlerMapping' via factory method to bean named 'environment'
?[0m?[0;34m2023-03-31 16:06:15.771 DEBUG 29781 --- [    Test worker] o.s.b.f.s.DefaultListableBeanFactory     : Creating shared instance of singleton bean 'cachesEndpoint'
?[0m?[0;34m2023-03-31 16:06:15.771 DEBUG 29781 --- [    Test worker] o.s.b.f.s.DefaultListableBeanFactory     : Creating shared instance of singleton bean 'org.springframework.boot.actuate.autoconfigure.cache.CachesEndpointAutoConfiguration'
?[0m?[0;34m2023-03-31 16:06:15.772 DEBUG 29781 --- [    Test worker] o.s.b.f.s.DefaultListableBeanFactory     : Creating shared instance of singleton bean 'healthEndpoint'
?[0m?[0;34m2023-03-31 16:06:15.772 DEBUG 29781 --- [    Test worker] o.s.b.f.s.DefaultListableBeanFactory     : Creating shared instance of singleton bean 'org.springframework.boot.actuate.autoconfigure.health.HealthEndpointConfiguration'
?[0m?[0;34m2023-03-31 16:06:15.772 DEBUG 29781 --- [    Test worker] o.s.b.f.s.DefaultListableBeanFactory     : Creating shared instance of singleton bean 'healthContributorRegistry'
?[0m?[0;34m2023-03-31 16:06:15.772 DEBUG 29781 --- [    Test worker] o.s.b.f.s.DefaultListableBeanFactory     : Creating shared instance of singleton bean 'healthEndpointGroups'
?[0m?[0;34m2023-03-31 16:06:15.772 DEBUG 29781 --- [    Test worker] o.s.b.f.s.DefaultListableBeanFactory     : Creating shared instance of singleton bean 'management.endpoint.health-org.springframework.boot.actuate.autoconfigure.health.HealthEndpointProperties'
?[0m?[0;34m2023-03-31 16:06:15.773 DEBUG 29781 --- [    Test worker] o.s.b.f.s.DefaultListableBeanFactory     : Autowiring by type from bean name 'healthEndpointGroups' via factory method to bean named 'org.springframework.boot.web.servlet.context.AnnotationConfigServletWebServerApplicationContext@63f08f9f'
?[0m?[0;34m2023-03-31 16:06:15.773 DEBUG 29781 --- [    Test worker] o.s.b.f.s.DefaultListableBeanFactory     : Autowiring by type from bean name 'healthEndpointGroups' via factory method to bean named 'management.endpoint.health-org.springframework.boot.actuate.autoconfigure.health.HealthEndpointProperties'
?[0m?[0;34m2023-03-31 16:06:15.773 DEBUG 29781 --- [    Test worker] o.s.b.f.s.DefaultListableBeanFactory     : Creating shared instance of singleton bean 'healthStatusAggregator'
?[0m?[0;34m2023-03-31 16:06:15.773 DEBUG 29781 --- [    Test worker] o.s.b.f.s.DefaultListableBeanFactory     : Autowiring by type from bean name 'healthStatusAggregator' via factory method to bean named 'management.endpoint.health-org.springframework.boot.actuate.autoconfigure.health.HealthEndpointProperties'
?[0m?[0;34m2023-03-31 16:06:15.773 DEBUG 29781 --- [    Test worker] o.s.b.f.s.DefaultListableBeanFactory     : Creating shared instance of singleton bean 'healthHttpCodeStatusMapper'
?[0m?[0;34m2023-03-31 16:06:15.773 DEBUG 29781 --- [    Test worker] o.s.b.f.s.DefaultListableBeanFactory     : Autowiring by type from bean name 'healthHttpCodeStatusMapper' via factory method to bean named 'management.endpoint.health-org.springframework.boot.actuate.autoconfigure.health.HealthEndpointProperties'
?[0m?[0;34m2023-03-31 16:06:15.774 DEBUG 29781 --- [    Test worker] o.s.b.f.s.DefaultListableBeanFactory     : Autowiring by type from bean name 'healthContributorRegistry' via factory method to bean named 'org.springframework.boot.web.servlet.context.AnnotationConfigServletWebServerApplicationContext@63f08f9f'
?[0m?[0;34m2023-03-31 16:06:15.774 DEBUG 29781 --- [    Test worker] o.s.b.f.s.DefaultListableBeanFactory     : Autowiring by type from bean name 'healthContributorRegistry' via factory method to bean named 'healthEndpointGroups'
?[0m?[0;34m2023-03-31 16:06:15.774 DEBUG 29781 --- [    Test worker] o.s.b.f.s.DefaultListableBeanFactory     : Creating shared instance of singleton bean 'diskSpaceHealthIndicator'
?[0m?[0;34m2023-03-31 16:06:15.774 DEBUG 29781 --- [    Test worker] o.s.b.f.s.DefaultListableBeanFactory     : Creating shared instance of singleton bean 'org.springframework.boot.actuate.autoconfigure.system.DiskSpaceHealthContributorAutoConfiguration'
?[0m?[0;34m2023-03-31 16:06:15.774 DEBUG 29781 --- [    Test worker] o.s.b.f.s.DefaultListableBeanFactory     : Creating shared instance of singleton bean 'management.health.diskspace-org.springframework.boot.actuate.autoconfigure.system.DiskSpaceHealthIndicatorProperties'
?[0m?[0;34m2023-03-31 16:06:15.774 DEBUG 29781 --- [    Test worker] o.s.b.f.s.DefaultListableBeanFactory     : Autowiring by type from bean name 'diskSpaceHealthIndicator' via factory method to bean named 'management.health.diskspace-org.springframework.boot.actuate.autoconfigure.system.DiskSpaceHealthIndicatorProperties'
?[0m?[0;34m2023-03-31 16:06:15.774 DEBUG 29781 --- [    Test worker] o.s.b.f.s.DefaultListableBeanFactory     : Creating shared instance of singleton bean 'pingHealthContributor'
?[0m?[0;34m2023-03-31 16:06:15.774 DEBUG 29781 --- [    Test worker] o.s.b.f.s.DefaultListableBeanFactory     : Creating shared instance of singleton bean 'org.springframework.boot.actuate.autoconfigure.health.HealthContributorAutoConfiguration'
?[0m?[0;34m2023-03-31 16:06:15.774 DEBUG 29781 --- [    Test worker] o.s.b.f.s.DefaultListableBeanFactory     : Creating shared instance of singleton bean 'dbHealthContributor'
?[0m?[0;34m2023-03-31 16:06:15.774 DEBUG 29781 --- [    Test worker] o.s.b.f.s.DefaultListableBeanFactory     : Creating shared instance of singleton bean 'org.springframework.boot.actuate.autoconfigure.jdbc.DataSourceHealthContributorAutoConfiguration'
?[0m?[0;34m2023-03-31 16:06:15.775 DEBUG 29781 --- [    Test worker] o.s.b.f.s.DefaultListableBeanFactory     : Creating shared instance of singleton bean 'management.health.db-org.springframework.boot.actuate.autoconfigure.jdbc.DataSourceHealthIndicatorProperties'
?[0m?[0;34m2023-03-31 16:06:15.775 DEBUG 29781 --- [    Test worker] o.s.b.f.s.DefaultListableBeanFactory     : Autowiring by type from bean name 'dbHealthContributor' via factory method to bean named 'dataSource'
?[0m?[0;34m2023-03-31 16:06:15.775 DEBUG 29781 --- [    Test worker] o.s.b.f.s.DefaultListableBeanFactory     : Autowiring by type from bean name 'dbHealthContributor' via factory method to bean named 'management.health.db-org.springframework.boot.actuate.autoconfigure.jdbc.DataSourceHealthIndicatorProperties'
?[0m?[0;34m2023-03-31 16:06:15.776 DEBUG 29781 --- [    Test worker] o.s.b.f.s.DefaultListableBeanFactory     : Autowiring by type from bean name 'healthEndpoint' via factory method to bean named 'healthContributorRegistry'
?[0m?[0;34m2023-03-31 16:06:15.776 DEBUG 29781 --- [    Test worker] o.s.b.f.s.DefaultListableBeanFactory     : Autowiring by type from bean name 'healthEndpoint' via factory method to bean named 'healthEndpointGroups'
?[0m?[0;34m2023-03-31 16:06:15.776 DEBUG 29781 --- [    Test worker] o.s.b.f.s.DefaultListableBeanFactory     : Creating shared instance of singleton bean 'configurationPropertiesReportEndpoint'
?[0m?[0;34m2023-03-31 16:06:15.776 DEBUG 29781 --- [    Test worker] o.s.b.f.s.DefaultListableBeanFactory     : Creating shared instance of singleton bean 'org.springframework.boot.actuate.autoconfigure.context.properties.ConfigurationPropertiesReportEndpointAutoConfiguration'
?[0m?[0;34m2023-03-31 16:06:15.776 DEBUG 29781 --- [    Test worker] o.s.b.f.s.DefaultListableBeanFactory     : Creating shared instance of singleton bean 'management.endpoint.configprops-org.springframework.boot.actuate.autoconfigure.context.properties.ConfigurationPropertiesReportEndpointProperties'
?[0m?[0;34m2023-03-31 16:06:15.776 DEBUG 29781 --- [    Test worker] o.s.b.f.s.DefaultListableBeanFactory     : Autowiring by type from bean name 'configurationPropertiesReportEndpoint' via factory method to bean named 'management.endpoint.configprops-org.springframework.boot.actuate.autoconfigure.context.properties.ConfigurationPropertiesReportEndpointProperties'
?[0m?[0;34m2023-03-31 16:06:15.777 DEBUG 29781 --- [    Test worker] o.s.b.f.s.DefaultListableBeanFactory     : Creating shared instance of singleton bean 'environmentEndpoint'
?[0m?[0;34m2023-03-31 16:06:15.777 DEBUG 29781 --- [    Test worker] o.s.b.f.s.DefaultListableBeanFactory     : Creating shared instance of singleton bean 'org.springframework.boot.actuate.autoconfigure.env.EnvironmentEndpointAutoConfiguration'
?[0m?[0;34m2023-03-31 16:06:15.777 DEBUG 29781 --- [    Test worker] o.s.b.f.s.DefaultListableBeanFactory     : Creating shared instance of singleton bean 'management.endpoint.env-org.springframework.boot.actuate.autoconfigure.env.EnvironmentEndpointProperties'
?[0m?[0;34m2023-03-31 16:06:15.777 DEBUG 29781 --- [    Test worker] o.s.b.f.s.DefaultListableBeanFactory     : Autowiring by type from bean name 'environmentEndpoint' via factory method to bean named 'environment'
?[0m?[0;34m2023-03-31 16:06:15.777 DEBUG 29781 --- [    Test worker] o.s.b.f.s.DefaultListableBeanFactory     : Autowiring by type from bean name 'environmentEndpoint' via factory method to bean named 'management.endpoint.env-org.springframework.boot.actuate.autoconfigure.env.EnvironmentEndpointProperties'
?[0m?[0;34m2023-03-31 16:06:15.777 DEBUG 29781 --- [    Test worker] o.s.b.f.s.DefaultListableBeanFactory     : Creating shared instance of singleton bean 'beansEndpoint'
?[0m?[0;34m2023-03-31 16:06:15.777 DEBUG 29781 --- [    Test worker] o.s.b.f.s.DefaultListableBeanFactory     : Creating shared instance of singleton bean 'org.springframework.boot.actuate.autoconfigure.beans.BeansEndpointAutoConfiguration'
?[0m?[0;34m2023-03-31 16:06:15.777 DEBUG 29781 --- [    Test worker] o.s.b.f.s.DefaultListableBeanFactory     : Autowiring by type from bean name 'beansEndpoint' via factory method to bean named 'org.springframework.boot.web.servlet.context.AnnotationConfigServletWebServerApplicationContext@63f08f9f'
?[0m?[0;34m2023-03-31 16:06:15.778 DEBUG 29781 --- [    Test worker] o.s.b.f.s.DefaultListableBeanFactory     : Creating shared instance of singleton bean 'cachesEndpointWebExtension'
?[0m?[0;34m2023-03-31 16:06:15.778 DEBUG 29781 --- [    Test worker] o.s.b.f.s.DefaultListableBeanFactory     : Autowiring by type from bean name 'cachesEndpointWebExtension' via factory method to bean named 'cachesEndpoint'
?[0m?[0;34m2023-03-31 16:06:15.779 DEBUG 29781 --- [    Test worker] o.s.b.f.s.DefaultListableBeanFactory     : Creating shared instance of singleton bean 'healthEndpointWebExtension'
?[0m?[0;34m2023-03-31 16:06:15.779 DEBUG 29781 --- [    Test worker] o.s.b.f.s.DefaultListableBeanFactory     : Creating shared instance of singleton bean 'org.springframework.boot.actuate.autoconfigure.health.HealthEndpointWebExtensionConfiguration'
?[0m?[0;34m2023-03-31 16:06:15.779 DEBUG 29781 --- [    Test worker] o.s.b.f.s.DefaultListableBeanFactory     : Autowiring by type from bean name 'healthEndpointWebExtension' via factory method to bean named 'healthContributorRegistry'
?[0m?[0;34m2023-03-31 16:06:15.779 DEBUG 29781 --- [    Test worker] o.s.b.f.s.DefaultListableBeanFactory     : Autowiring by type from bean name 'healthEndpointWebExtension' via factory method to bean named 'healthEndpointGroups'
?[0m?[0;34m2023-03-31 16:06:15.779 DEBUG 29781 --- [    Test worker] o.s.b.f.s.DefaultListableBeanFactory     : Creating shared instance of singleton bean 'infoEndpoint'
?[0m?[0;34m2023-03-31 16:06:15.779 DEBUG 29781 --- [    Test worker] o.s.b.f.s.DefaultListableBeanFactory     : Creating shared instance of singleton bean 'org.springframework.boot.actuate.autoconfigure.info.InfoEndpointAutoConfiguration'
?[0m?[0;34m2023-03-31 16:06:15.780 DEBUG 29781 --- [    Test worker] o.s.b.f.s.DefaultListableBeanFactory     : Creating shared instance of singleton bean 'envInfoContributor'
?[0m?[0;34m2023-03-31 16:06:15.780 DEBUG 29781 --- [    Test worker] o.s.b.f.s.DefaultListableBeanFactory     : Creating shared instance of singleton bean 'org.springframework.boot.actuate.autoconfigure.info.InfoContributorAutoConfiguration'
?[0m?[0;34m2023-03-31 16:06:15.780 DEBUG 29781 --- [    Test worker] o.s.b.f.s.DefaultListableBeanFactory     : Autowiring by type from bean name 'envInfoContributor' via factory method to bean named 'environment'
?[0m?[0;34m2023-03-31 16:06:15.780 DEBUG 29781 --- [    Test worker] o.s.b.f.s.DefaultListableBeanFactory     : Creating shared instance of singleton bean 'conditionsReportEndpoint'
?[0m?[0;34m2023-03-31 16:06:15.780 DEBUG 29781 --- [    Test worker] o.s.b.f.s.DefaultListableBeanFactory     : Creating shared instance of singleton bean 'org.springframework.boot.actuate.autoconfigure.condition.ConditionsReportEndpointAutoConfiguration'
?[0m?[0;34m2023-03-31 16:06:15.780 DEBUG 29781 --- [    Test worker] o.s.b.f.s.DefaultListableBeanFactory     : Autowiring by type from bean name 'conditionsReportEndpoint' via factory method to bean named 'org.springframework.boot.web.servlet.context.AnnotationConfigServletWebServerApplicationContext@63f08f9f'
?[0m?[0;34m2023-03-31 16:06:15.780 DEBUG 29781 --- [    Test worker] o.s.b.f.s.DefaultListableBeanFactory     : Creating shared instance of singleton bean 'shutdownEndpoint'
?[0m?[0;34m2023-03-31 16:06:15.780 DEBUG 29781 --- [    Test worker] o.s.b.f.s.DefaultListableBeanFactory     : Creating shared instance of singleton bean 'org.springframework.boot.actuate.autoconfigure.context.ShutdownEndpointAutoConfiguration'
?[0m?[0;34m2023-03-31 16:06:15.781 DEBUG 29781 --- [    Test worker] o.s.b.f.s.DefaultListableBeanFactory     : Creating shared instance of singleton bean 'configurationPropertiesReportEndpointWebExtension'
?[0m?[0;34m2023-03-31 16:06:15.781 DEBUG 29781 --- [    Test worker] o.s.b.f.s.DefaultListableBeanFactory     : Autowiring by type from bean name 'configurationPropertiesReportEndpointWebExtension' via factory method to bean named 'configurationPropertiesReportEndpoint'
?[0m?[0;34m2023-03-31 16:06:15.781 DEBUG 29781 --- [    Test worker] o.s.b.f.s.DefaultListableBeanFactory     : Creating shared instance of singleton bean 'environmentEndpointWebExtension'
?[0m?[0;34m2023-03-31 16:06:15.781 DEBUG 29781 --- [    Test worker] o.s.b.f.s.DefaultListableBeanFactory     : Autowiring by type from bean name 'environmentEndpointWebExtension' via factory method to bean named 'environmentEndpoint'
?[0m?[0;34m2023-03-31 16:06:15.782 DEBUG 29781 --- [    Test worker] o.s.b.f.s.DefaultListableBeanFactory     : Creating shared instance of singleton bean 'loggersEndpoint'
?[0m?[0;34m2023-03-31 16:06:15.782 DEBUG 29781 --- [    Test worker] o.s.b.f.s.DefaultListableBeanFactory     : Creating shared instance of singleton bean 'org.springframework.boot.actuate.autoconfigure.logging.LoggersEndpointAutoConfiguration'
?[0m?[0;34m2023-03-31 16:06:15.782 DEBUG 29781 --- [    Test worker] o.s.b.f.s.DefaultListableBeanFactory     : Autowiring by type from bean name 'loggersEndpoint' via factory method to bean named 'springBootLoggingSystem'
?[0m?[0;34m2023-03-31 16:06:15.782 DEBUG 29781 --- [    Test worker] o.s.b.f.s.DefaultListableBeanFactory     : Creating shared instance of singleton bean 'heapDumpWebEndpoint'
?[0m?[0;34m2023-03-31 16:06:15.782 DEBUG 29781 --- [    Test worker] o.s.b.f.s.DefaultListableBeanFactory     : Creating shared instance of singleton bean 'org.springframework.boot.actuate.autoconfigure.management.HeapDumpWebEndpointAutoConfiguration'
?[0m?[0;34m2023-03-31 16:06:15.782 DEBUG 29781 --- [    Test worker] o.s.b.f.s.DefaultListableBeanFactory     : Creating shared instance of singleton bean 'dumpEndpoint'
?[0m?[0;34m2023-03-31 16:06:15.782 DEBUG 29781 --- [    Test worker] o.s.b.f.s.DefaultListableBeanFactory     : Creating shared instance of singleton bean 'org.springframework.boot.actuate.autoconfigure.management.ThreadDumpEndpointAutoConfiguration'
?[0m?[0;34m2023-03-31 16:06:15.783 DEBUG 29781 --- [    Test worker] o.s.b.f.s.DefaultListableBeanFactory     : Creating shared instance of singleton bean 'metricsEndpoint'
?[0m?[0;34m2023-03-31 16:06:15.783 DEBUG 29781 --- [    Test worker] o.s.b.f.s.DefaultListableBeanFactory     : Creating shared instance of singleton bean 'org.springframework.boot.actuate.autoconfigure.metrics.MetricsEndpointAutoConfiguration'
?[0m?[0;34m2023-03-31 16:06:15.783 DEBUG 29781 --- [    Test worker] o.s.b.f.s.DefaultListableBeanFactory     : Autowiring by type from bean name 'metricsEndpoint' via factory method to bean named 'simpleMeterRegistry'
?[0m?[0;34m2023-03-31 16:06:15.783 DEBUG 29781 --- [    Test worker] o.s.b.f.s.DefaultListableBeanFactory     : Creating shared instance of singleton bean 'scheduledTasksEndpoint'
?[0m?[0;34m2023-03-31 16:06:15.783 DEBUG 29781 --- [    Test worker] o.s.b.f.s.DefaultListableBeanFactory     : Creating shared instance of singleton bean 'org.springframework.boot.actuate.autoconfigure.scheduling.ScheduledTasksEndpointAutoConfiguration'
?[0m?[0;34m2023-03-31 16:06:15.784 DEBUG 29781 --- [    Test worker] o.s.b.f.s.DefaultListableBeanFactory     : Creating shared instance of singleton bean 'mappingsEndpoint'
?[0m?[0;34m2023-03-31 16:06:15.784 DEBUG 29781 --- [    Test worker] o.s.b.f.s.DefaultListableBeanFactory     : Creating shared instance of singleton bean 'org.springframework.boot.actuate.autoconfigure.web.mappings.MappingsEndpointAutoConfiguration'
?[0m?[0;34m2023-03-31 16:06:15.784 DEBUG 29781 --- [    Test worker] o.s.b.f.s.DefaultListableBeanFactory     : Autowiring by type from bean name 'mappingsEndpoint' via factory method to bean named 'org.springframework.boot.web.servlet.context.AnnotationConfigServletWebServerApplicationContext@63f08f9f'
?[0m?[0;34m2023-03-31 16:06:15.784 DEBUG 29781 --- [    Test worker] o.s.b.f.s.DefaultListableBeanFactory     : Creating shared instance of singleton bean 'dispatcherServletMappingDescriptionProvider'
?[0m?[0;34m2023-03-31 16:06:15.784 DEBUG 29781 --- [    Test worker] o.s.b.f.s.DefaultListableBeanFactory     : Creating shared instance of singleton bean 'org.springframework.boot.actuate.autoconfigure.web.mappings.MappingsEndpointAutoConfiguration$ServletWebConfiguration$SpringMvcConfiguration'
?[0m?[0;34m2023-03-31 16:06:15.784 DEBUG 29781 --- [    Test worker] o.s.b.f.s.DefaultListableBeanFactory     : Creating shared instance of singleton bean 'servletMappingDescriptionProvider'
?[0m?[0;34m2023-03-31 16:06:15.784 DEBUG 29781 --- [    Test worker] o.s.b.f.s.DefaultListableBeanFactory     : Creating shared instance of singleton bean 'org.springframework.boot.actuate.autoconfigure.web.mappings.MappingsEndpointAutoConfiguration$ServletWebConfiguration'
?[0m?[0;34m2023-03-31 16:06:15.785 DEBUG 29781 --- [    Test worker] o.s.b.f.s.DefaultListableBeanFactory     : Creating shared instance of singleton bean 'filterMappingDescriptionProvider'
?[0m?[0;34m2023-03-31 16:06:15.787  INFO 29781 --- [    Test worker] o.s.b.a.e.web.EndpointLinksResolver      : Exposing 14 endpoint(s) beneath base path '/actuator'
?[0m?[0;34m2023-03-31 16:06:15.788 DEBUG 29781 --- [    Test worker] o.s.b.f.s.DefaultListableBeanFactory     : Creating shared instance of singleton bean 'controllerEndpointHandlerMapping'
?[0m?[0;34m2023-03-31 16:06:15.788 DEBUG 29781 --- [    Test worker] o.s.b.f.s.DefaultListableBeanFactory     : Autowiring by type from bean name 'controllerEndpointHandlerMapping' via factory method to bean named 'controllerEndpointDiscoverer'
?[0m?[0;34m2023-03-31 16:06:15.788 DEBUG 29781 --- [    Test worker] o.s.b.f.s.DefaultListableBeanFactory     : Autowiring by type from bean name 'controllerEndpointHandlerMapping' via factory method to bean named 'management.endpoints.web.cors-org.springframework.boot.actuate.autoconfigure.endpoint.web.CorsEndpointProperties'
?[0m?[0;34m2023-03-31 16:06:15.788 DEBUG 29781 --- [    Test worker] o.s.b.f.s.DefaultListableBeanFactory     : Autowiring by type from bean name 'controllerEndpointHandlerMapping' via factory method to bean named 'management.endpoints.web-org.springframework.boot.actuate.autoconfigure.endpoint.web.WebEndpointProperties'
?[0m?[0;34m2023-03-31 16:06:15.790 DEBUG 29781 --- [    Test worker] edFilterInvocationSecurityMetadataSource : Adding web access control expression [permitAll] for Mvc [pattern='/api/register', POST]
?[0m?[0;34m2023-03-31 16:06:15.790 DEBUG 29781 --- [    Test worker] edFilterInvocationSecurityMetadataSource : Adding web access control expression [permitAll] for Mvc [pattern='/actuator/shutdown', POST]
?[0m?[0;34m2023-03-31 16:06:15.790 DEBUG 29781 --- [    Test worker] edFilterInvocationSecurityMetadataSource : Adding web access control expression [hasRole('ROLE_USER')] for any request
?[0m?[0;34m2023-03-31 16:06:15.791  INFO 29781 --- [    Test worker] o.s.s.web.DefaultSecurityFilterChain     : Will secure any request with [org.springframework.security.web.context.request.async.WebAsyncManagerIntegrationFilter@36cbe0fe, org.springframework.security.web.context.SecurityContextPersistenceFilter@2e856aa4, org.springframework.security.web.header.HeaderWriterFilter@7c3c6564, org.springframework.security.web.authentication.logout.LogoutFilter@46199519, org.springframework.security.web.authentication.www.BasicAuthenticationFilter@192f807, org.springframework.security.web.savedrequest.RequestCacheAwareFilter@428169d, org.springframework.security.web.servletapi.SecurityContextHolderAwareRequestFilter@1b204439, org.springframework.security.web.authentication.AnonymousAuthenticationFilter@712a5de4, org.springframework.security.web.session.SessionManagementFilter@7655dc27, org.springframework.security.web.access.ExceptionTranslationFilter@30b35687, org.springframework.security.web.access.intercept.FilterSecurityInterceptor@3aafa1c1]
?[0m?[0;34m2023-03-31 16:06:15.791 DEBUG 29781 --- [    Test worker] o.s.b.f.s.DefaultListableBeanFactory     : Creating shared instance of singleton bean 'webSecurityExpressionHandler'
?[0m?[0;34m2023-03-31 16:06:15.791 DEBUG 29781 --- [    Test worker] o.s.b.f.s.DefaultListableBeanFactory     : Creating shared instance of singleton bean 'privilegeEvaluator'
?[0m?[0;34m2023-03-31 16:06:15.791 DEBUG 29781 --- [    Test worker] o.s.b.f.s.DefaultListableBeanFactory     : Creating shared instance of singleton bean 'requestDataValueProcessor'
?[0m?[0;34m2023-03-31 16:06:15.792 DEBUG 29781 --- [    Test worker] o.s.b.f.s.DefaultListableBeanFactory     : Creating shared instance of singleton bean 'org.springframework.security.config.annotation.web.configuration.HttpSecurityConfiguration'
?[0m?[0;34m2023-03-31 16:06:15.792 DEBUG 29781 --- [    Test worker] o.s.b.f.s.DefaultListableBeanFactory     : Creating shared instance of singleton bean 'org.springframework.boot.autoconfigure.context.PropertyPlaceholderAutoConfiguration'
?[0m?[0;34m2023-03-31 16:06:15.792 DEBUG 29781 --- [    Test worker] o.s.b.f.s.DefaultListableBeanFactory     : Creating shared instance of singleton bean 'org.springframework.boot.autoconfigure.websocket.servlet.WebSocketServletAutoConfiguration'
?[0m?[0;34m2023-03-31 16:06:15.792 DEBUG 29781 --- [    Test worker] o.s.b.f.s.DefaultListableBeanFactory     : Creating shared instance of singleton bean 'org.springframework.boot.autoconfigure.web.servlet.DispatcherServletAutoConfiguration'
?[0m?[0;34m2023-03-31 16:06:15.792 DEBUG 29781 --- [    Test worker] o.s.b.f.s.DefaultListableBeanFactory     : Creating shared instance of singleton bean 'org.springframework.boot.autoconfigure.task.TaskExecutionAutoConfiguration'
?[0m?[0;34m2023-03-31 16:06:15.792 DEBUG 29781 --- [    Test worker] o.s.b.f.s.DefaultListableBeanFactory     : Creating shared instance of singleton bean 'taskExecutorBuilder'
?[0m?[0;34m2023-03-31 16:06:15.793 DEBUG 29781 --- [    Test worker] o.s.b.f.s.DefaultListableBeanFactory     : Creating shared instance of singleton bean 'spring.task.execution-org.springframework.boot.autoconfigure.task.TaskExecutionProperties'
?[0m?[0;34m2023-03-31 16:06:15.793 DEBUG 29781 --- [    Test worker] o.s.b.f.s.DefaultListableBeanFactory     : Autowiring by type from bean name 'taskExecutorBuilder' via factory method to bean named 'spring.task.execution-org.springframework.boot.autoconfigure.task.TaskExecutionProperties'
?[0m?[0;34m2023-03-31 16:06:15.793 DEBUG 29781 --- [    Test worker] o.s.b.f.s.DefaultListableBeanFactory     : Creating shared instance of singleton bean 'org.springframework.boot.autoconfigure.validation.ValidationAutoConfiguration'
?[0m?[0;34m2023-03-31 16:06:15.793 DEBUG 29781 --- [    Test worker] o.s.b.f.s.DefaultListableBeanFactory     : Creating shared instance of singleton bean 'defaultValidator'
?[0m?[0;34m2023-03-31 16:06:15.795 DEBUG 29781 --- [    Test worker] o.s.b.f.s.DefaultListableBeanFactory     : Creating shared instance of singleton bean 'org.springframework.boot.autoconfigure.web.servlet.error.ErrorMvcAutoConfiguration$WhitelabelErrorViewConfiguration'
?[0m?[0;34m2023-03-31 16:06:15.795 DEBUG 29781 --- [    Test worker] o.s.b.f.s.DefaultListableBeanFactory     : Creating shared instance of singleton bean 'error'
?[0m?[0;34m2023-03-31 16:06:15.795 DEBUG 29781 --- [    Test worker] o.s.b.f.s.DefaultListableBeanFactory     : Creating shared instance of singleton bean 'beanNameViewResolver'
?[0m?[0;34m2023-03-31 16:06:15.795 DEBUG 29781 --- [    Test worker] o.s.b.f.s.DefaultListableBeanFactory     : Creating shared instance of singleton bean 'org.springframework.boot.autoconfigure.web.servlet.error.ErrorMvcAutoConfiguration$DefaultErrorViewResolverConfiguration'
?[0m?[0;34m2023-03-31 16:06:15.795 DEBUG 29781 --- [    Test worker] o.s.b.f.s.DefaultListableBeanFactory     : Autowiring by type from bean name 'org.springframework.boot.autoconfigure.web.servlet.error.ErrorMvcAutoConfiguration$DefaultErrorViewResolverConfiguration' via constructor to bean named 'org.springframework.boot.web.servlet.context.AnnotationConfigServletWebServerApplicationContext@63f08f9f'
?[0m?[0;34m2023-03-31 16:06:15.795 DEBUG 29781 --- [    Test worker] o.s.b.f.s.DefaultListableBeanFactory     : Autowiring by type from bean name 'org.springframework.boot.autoconfigure.web.servlet.error.ErrorMvcAutoConfiguration$DefaultErrorViewResolverConfiguration' via constructor to bean named 'spring.resources-org.springframework.boot.autoconfigure.web.ResourceProperties'
?[0m?[0;34m2023-03-31 16:06:15.795 DEBUG 29781 --- [    Test worker] o.s.b.f.s.DefaultListableBeanFactory     : Autowiring by type from bean name 'org.springframework.boot.autoconfigure.web.servlet.error.ErrorMvcAutoConfiguration$DefaultErrorViewResolverConfiguration' via constructor to bean named 'spring.web-org.springframework.boot.autoconfigure.web.WebProperties'
?[0m?[0;34m2023-03-31 16:06:15.796 DEBUG 29781 --- [    Test worker] o.s.b.f.s.DefaultListableBeanFactory     : Creating shared instance of singleton bean 'conventionErrorViewResolver'
?[0m?[0;34m2023-03-31 16:06:15.796 DEBUG 29781 --- [    Test worker] o.s.b.f.s.DefaultListableBeanFactory     : Creating shared instance of singleton bean 'errorAttributes'
?[0m?[0;34m2023-03-31 16:06:15.796 DEBUG 29781 --- [    Test worker] o.s.b.f.s.DefaultListableBeanFactory     : Creating shared instance of singleton bean 'basicErrorController'
?[0m?[0;34m2023-03-31 16:06:15.796 DEBUG 29781 --- [    Test worker] o.s.b.f.s.DefaultListableBeanFactory     : Autowiring by type from bean name 'basicErrorController' via factory method to bean named 'errorAttributes'
?[0m?[0;34m2023-03-31 16:06:15.796 DEBUG 29781 --- [    Test worker] o.s.b.f.s.DefaultListableBeanFactory     : Creating shared instance of singleton bean 'requestMappingHandlerAdapter'
?[0m?[0;34m2023-03-31 16:06:15.797 DEBUG 29781 --- [    Test worker] o.s.b.f.s.DefaultListableBeanFactory     : Creating shared instance of singleton bean 'mvcValidator'
?[0m?[0;34m2023-03-31 16:06:15.797 DEBUG 29781 --- [    Test worker] o.s.b.f.s.DefaultListableBeanFactory     : Autowiring by type from bean name 'requestMappingHandlerAdapter' via factory method to bean named 'mvcContentNegotiationManager'
?[0m?[0;34m2023-03-31 16:06:15.797 DEBUG 29781 --- [    Test worker] o.s.b.f.s.DefaultListableBeanFactory     : Autowiring by type from bean name 'requestMappingHandlerAdapter' via factory method to bean named 'mvcConversionService'
?[0m?[0;34m2023-03-31 16:06:15.797 DEBUG 29781 --- [    Test worker] o.s.b.f.s.DefaultListableBeanFactory     : Autowiring by type from bean name 'requestMappingHandlerAdapter' via factory method to bean named 'mvcValidator'
?[0m?[0;34m2023-03-31 16:06:15.797 DEBUG 29781 --- [    Test worker] o.s.b.f.s.DefaultListableBeanFactory     : Autowiring by type from bean name 'requestMappingHandlerAdapter' via factory method to bean named 'mvcContentNegotiationManager'
?[0m?[0;34m2023-03-31 16:06:15.797 DEBUG 29781 --- [    Test worker] o.s.b.f.s.DefaultListableBeanFactory     : Autowiring by type from bean name 'requestMappingHandlerAdapter' via factory method to bean named 'mvcConversionService'
?[0m?[0;34m2023-03-31 16:06:15.797 DEBUG 29781 --- [    Test worker] o.s.b.f.s.DefaultListableBeanFactory     : Autowiring by type from bean name 'requestMappingHandlerAdapter' via factory method to bean named 'mvcValidator'
?[0m?[0;34m2023-03-31 16:06:15.798 DEBUG 29781 --- [    Test worker] o.s.b.f.s.DefaultListableBeanFactory     : Creating shared instance of singleton bean 'sortResolver'
?[0m?[0;34m2023-03-31 16:06:15.798 DEBUG 29781 --- [    Test worker] o.s.b.f.s.DefaultListableBeanFactory     : Creating shared instance of singleton bean 'sortCustomizer'
?[0m?[0;34m2023-03-31 16:06:15.798 DEBUG 29781 --- [    Test worker] o.s.b.f.s.DefaultListableBeanFactory     : Creating shared instance of singleton bean 'org.springframework.boot.autoconfigure.data.web.SpringDataWebAutoConfiguration'
?[0m?[0;34m2023-03-31 16:06:15.798 DEBUG 29781 --- [    Test worker] o.s.b.f.s.DefaultListableBeanFactory     : Creating shared instance of singleton bean 'spring.data.web-org.springframework.boot.autoconfigure.data.web.SpringDataWebProperties'
?[0m?[0;34m2023-03-31 16:06:15.798 DEBUG 29781 --- [    Test worker] o.s.b.f.s.DefaultListableBeanFactory     : Autowiring by type from bean name 'org.springframework.boot.autoconfigure.data.web.SpringDataWebAutoConfiguration' via constructor to bean named 'spring.data.web-org.springframework.boot.autoconfigure.data.web.SpringDataWebProperties'
?[0m?[0;34m2023-03-31 16:06:15.798 DEBUG 29781 --- [    Test worker] o.s.b.f.s.DefaultListableBeanFactory     : Creating shared instance of singleton bean 'pageableResolver'
?[0m?[0;34m2023-03-31 16:06:15.799 DEBUG 29781 --- [    Test worker] o.s.b.f.s.DefaultListableBeanFactory     : Creating shared instance of singleton bean 'pageableCustomizer'
?[0m?[0;34m2023-03-31 16:06:15.799 DEBUG 29781 --- [    Test worker] o.s.b.f.s.DefaultListableBeanFactory     : Creating shared instance of singleton bean 'applicationTaskExecutor'
?[0m?[0;34m2023-03-31 16:06:15.800 DEBUG 29781 --- [    Test worker] o.s.b.f.s.DefaultListableBeanFactory     : Autowiring by type from bean name 'applicationTaskExecutor' via factory method to bean named 'taskExecutorBuilder'
?[0m?[0;34m2023-03-31 16:06:15.800 DEBUG 29781 --- [    Test worker] o.s.s.concurrent.ThreadPoolTaskExecutor  : Initializing ExecutorService 'applicationTaskExecutor'
?[0m?[0;34m2023-03-31 16:06:15.801 DEBUG 29781 --- [    Test worker] s.w.s.m.m.a.RequestMappingHandlerAdapter : ControllerAdvice beans: 0 @ModelAttribute, 0 @InitBinder, 1 RequestBodyAdvice, 1 ResponseBodyAdvice
?[0m?[0;34m2023-03-31 16:06:15.801 DEBUG 29781 --- [    Test worker] o.s.b.f.s.DefaultListableBeanFactory     : Creating shared instance of singleton bean 'localeResolver'
?[0m?[0;34m2023-03-31 16:06:15.801 DEBUG 29781 --- [    Test worker] o.s.b.f.s.DefaultListableBeanFactory     : Creating shared instance of singleton bean 'themeResolver'
?[0m?[0;34m2023-03-31 16:06:15.802 DEBUG 29781 --- [    Test worker] o.s.b.f.s.DefaultListableBeanFactory     : Creating shared instance of singleton bean 'flashMapManager'
?[0m?[0;34m2023-03-31 16:06:15.802 DEBUG 29781 --- [    Test worker] o.s.b.f.s.DefaultListableBeanFactory     : Creating shared instance of singleton bean 'mvcPatternParser'
?[0m?[0;34m2023-03-31 16:06:15.802 DEBUG 29781 --- [    Test worker] o.s.b.f.s.DefaultListableBeanFactory     : Creating shared instance of singleton bean 'mvcUrlPathHelper'
?[0m?[0;34m2023-03-31 16:06:15.802 DEBUG 29781 --- [    Test worker] o.s.b.f.s.DefaultListableBeanFactory     : Creating shared instance of singleton bean 'mvcPathMatcher'
?[0m?[0;34m2023-03-31 16:06:15.802 DEBUG 29781 --- [    Test worker] o.s.b.f.s.DefaultListableBeanFactory     : Creating shared instance of singleton bean 'handlerFunctionAdapter'
?[0m?[0;34m2023-03-31 16:06:15.802 DEBUG 29781 --- [    Test worker] o.s.b.f.s.DefaultListableBeanFactory     : Creating shared instance of singleton bean 'mvcUriComponentsContributor'
?[0m?[0;34m2023-03-31 16:06:15.803 DEBUG 29781 --- [    Test worker] o.s.b.f.s.DefaultListableBeanFactory     : Autowiring by type from bean name 'mvcUriComponentsContributor' via factory method to bean named 'mvcConversionService'
?[0m?[0;34m2023-03-31 16:06:15.803 DEBUG 29781 --- [    Test worker] o.s.b.f.s.DefaultListableBeanFactory     : Autowiring by type from bean name 'mvcUriComponentsContributor' via factory method to bean named 'requestMappingHandlerAdapter'
?[0m?[0;34m2023-03-31 16:06:15.803 DEBUG 29781 --- [    Test worker] o.s.b.f.s.DefaultListableBeanFactory     : Creating shared instance of singleton bean 'httpRequestHandlerAdapter'
?[0m?[0;34m2023-03-31 16:06:15.803 DEBUG 29781 --- [    Test worker] o.s.b.f.s.DefaultListableBeanFactory     : Creating shared instance of singleton bean 'simpleControllerHandlerAdapter'
?[0m?[0;34m2023-03-31 16:06:15.803 DEBUG 29781 --- [    Test worker] o.s.b.f.s.DefaultListableBeanFactory     : Creating shared instance of singleton bean 'handlerExceptionResolver'
?[0m?[0;34m2023-03-31 16:06:15.803 DEBUG 29781 --- [    Test worker] o.s.b.f.s.DefaultListableBeanFactory     : Autowiring by type from bean name 'handlerExceptionResolver' via factory method to bean named 'mvcContentNegotiationManager'
?[0m?[0;34m2023-03-31 16:06:15.804 DEBUG 29781 --- [    Test worker] .m.m.a.ExceptionHandlerExceptionResolver : ControllerAdvice beans: 0 @ExceptionHandler, 1 ResponseBodyAdvice
?[0m?[0;34m2023-03-31 16:06:15.804 DEBUG 29781 --- [    Test worker] o.s.b.f.s.DefaultListableBeanFactory     : Creating shared instance of singleton bean 'mvcViewResolver'
?[0m?[0;34m2023-03-31 16:06:15.804 DEBUG 29781 --- [    Test worker] o.s.b.f.s.DefaultListableBeanFactory     : Autowiring by type from bean name 'mvcViewResolver' via factory method to bean named 'mvcContentNegotiationManager'
?[0m?[0;34m2023-03-31 16:06:15.805 DEBUG 29781 --- [    Test worker] o.s.b.f.s.DefaultListableBeanFactory     : Creating shared instance of singleton bean 'viewNameTranslator'
?[0m?[0;34m2023-03-31 16:06:15.805 DEBUG 29781 --- [    Test worker] o.s.b.f.s.DefaultListableBeanFactory     : Creating shared instance of singleton bean 'defaultViewResolver'
?[0m?[0;34m2023-03-31 16:06:15.805 DEBUG 29781 --- [    Test worker] o.s.b.f.s.DefaultListableBeanFactory     : Creating shared instance of singleton bean 'viewResolver'
?[0m?[0;34m2023-03-31 16:06:15.805 DEBUG 29781 --- [    Test worker] o.s.b.f.s.DefaultListableBeanFactory     : Autowiring by type from bean name 'viewResolver' via factory method to bean named 'org.springframework.beans.factory.support.DefaultListableBeanFactory@57dd4bc9'
?[0m?[0;34m2023-03-31 16:06:15.805 DEBUG 29781 --- [    Test worker] o.s.b.f.s.DefaultListableBeanFactory     : Creating shared instance of singleton bean 'org.springframework.boot.actuate.autoconfigure.audit.AuditEventsEndpointAutoConfiguration'
?[0m?[0;34m2023-03-31 16:06:15.806 DEBUG 29781 --- [    Test worker] o.s.b.f.s.DefaultListableBeanFactory     : Creating shared instance of singleton bean 'org.springframework.boot.autoconfigure.availability.ApplicationAvailabilityAutoConfiguration'
?[0m?[0;34m2023-03-31 16:06:15.806 DEBUG 29781 --- [    Test worker] o.s.b.f.s.DefaultListableBeanFactory     : Creating shared instance of singleton bean 'applicationAvailability'
?[0m?[0;34m2023-03-31 16:06:15.806 DEBUG 29781 --- [    Test worker] o.s.b.f.s.DefaultListableBeanFactory     : Creating shared instance of singleton bean 'org.springframework.boot.actuate.autoconfigure.availability.AvailabilityHealthContributorAutoConfiguration'
?[0m?[0;34m2023-03-31 16:06:15.806 DEBUG 29781 --- [    Test worker] o.s.b.f.s.DefaultListableBeanFactory     : Creating shared instance of singleton bean 'org.springframework.boot.autoconfigure.transaction.jta.JtaAutoConfiguration'
?[0m?[0;34m2023-03-31 16:06:15.806 DEBUG 29781 --- [    Test worker] o.s.b.f.s.DefaultListableBeanFactory     : Creating shared instance of singleton bean 'org.springframework.boot.autoconfigure.jdbc.DataSourceJmxConfiguration$Hikari'
?[0m?[0;34m2023-03-31 16:06:15.806 DEBUG 29781 --- [    Test worker] o.s.b.f.s.DefaultListableBeanFactory     : Autowiring by type from bean name 'org.springframework.boot.autoconfigure.jdbc.DataSourceJmxConfiguration$Hikari' via constructor to bean named 'dataSource'
?[0m?[0;34m2023-03-31 16:06:15.806 DEBUG 29781 --- [    Test worker] o.s.b.f.s.DefaultListableBeanFactory     : Creating shared instance of singleton bean 'org.springframework.boot.autoconfigure.jdbc.DataSourceJmxConfiguration'
?[0m?[0;34m2023-03-31 16:06:15.806 DEBUG 29781 --- [    Test worker] o.s.b.f.s.DefaultListableBeanFactory     : Creating shared instance of singleton bean 'org.springframework.boot.autoconfigure.jdbc.DataSourceAutoConfiguration$PooledDataSourceConfiguration'
?[0m?[0;34m2023-03-31 16:06:15.806 DEBUG 29781 --- [    Test worker] o.s.b.f.s.DefaultListableBeanFactory     : Creating shared instance of singleton bean 'org.springframework.boot.autoconfigure.jdbc.metadata.DataSourcePoolMetadataProvidersConfiguration'
?[0m?[0;34m2023-03-31 16:06:15.806 DEBUG 29781 --- [    Test worker] o.s.b.f.s.DefaultListableBeanFactory     : Creating shared instance of singleton bean 'org.springframework.boot.autoconfigure.jdbc.DataSourceAutoConfiguration'
?[0m?[0;34m2023-03-31 16:06:15.807 DEBUG 29781 --- [    Test worker] o.s.b.f.s.DefaultListableBeanFactory     : Creating shared instance of singleton bean 'transactionManager'
?[0m?[0;34m2023-03-31 16:06:15.807 DEBUG 29781 --- [    Test worker] o.s.b.f.s.DefaultListableBeanFactory     : Creating shared instance of singleton bean 'platformTransactionManagerCustomizers'
?[0m?[0;34m2023-03-31 16:06:15.807 DEBUG 29781 --- [    Test worker] o.s.b.f.s.DefaultListableBeanFactory     : Creating shared instance of singleton bean 'org.springframework.boot.autoconfigure.transaction.TransactionAutoConfiguration'
?[0m?[0;34m2023-03-31 16:06:15.807 DEBUG 29781 --- [    Test worker] o.s.b.f.s.DefaultListableBeanFactory     : Creating shared instance of singleton bean 'spring.transaction-org.springframework.boot.autoconfigure.transaction.TransactionProperties'
?[0m?[0;34m2023-03-31 16:06:15.808 DEBUG 29781 --- [    Test worker] o.s.b.f.s.DefaultListableBeanFactory     : Creating shared instance of singleton bean 'org.springframework.boot.autoconfigure.orm.jpa.HibernateJpaAutoConfiguration'
?[0m?[0;34m2023-03-31 16:06:15.808 DEBUG 29781 --- [    Test worker] o.s.b.f.s.DefaultListableBeanFactory     : Creating shared instance of singleton bean 'org.springframework.boot.actuate.autoconfigure.web.servlet.ServletManagementContextAutoConfiguration'
?[0m?[0;34m2023-03-31 16:06:15.808 DEBUG 29781 --- [    Test worker] o.s.b.f.s.DefaultListableBeanFactory     : Creating shared instance of singleton bean 'servletWebChildContextFactory'
?[0m?[0;34m2023-03-31 16:06:15.808 DEBUG 29781 --- [    Test worker] o.s.b.f.s.DefaultListableBeanFactory     : Creating shared instance of singleton bean 'managementServletContext'
?[0m?[0;34m2023-03-31 16:06:15.808 DEBUG 29781 --- [    Test worker] o.s.b.f.s.DefaultListableBeanFactory     : Autowiring by type from bean name 'managementServletContext' via factory method to bean named 'management.endpoints.web-org.springframework.boot.actuate.autoconfigure.endpoint.web.WebEndpointProperties'
?[0m?[0;34m2023-03-31 16:06:15.808 DEBUG 29781 --- [    Test worker] o.s.b.f.s.DefaultListableBeanFactory     : Creating shared instance of singleton bean 'org.springframework.boot.actuate.autoconfigure.health.HealthEndpointAutoConfiguration'
?[0m?[0;34m2023-03-31 16:06:15.808 DEBUG 29781 --- [    Test worker] o.s.b.f.s.DefaultListableBeanFactory     : Creating shared instance of singleton bean 'org.springframework.boot.autoconfigure.info.ProjectInfoAutoConfiguration'
?[0m?[0;34m2023-03-31 16:06:15.808 DEBUG 29781 --- [    Test worker] o.s.b.f.s.DefaultListableBeanFactory     : Creating shared instance of singleton bean 'spring.info-org.springframework.boot.autoconfigure.info.ProjectInfoProperties'
?[0m?[0;34m2023-03-31 16:06:15.808 DEBUG 29781 --- [    Test worker] o.s.b.f.s.DefaultListableBeanFactory     : Autowiring by type from bean name 'org.springframework.boot.autoconfigure.info.ProjectInfoAutoConfiguration' via constructor to bean named 'spring.info-org.springframework.boot.autoconfigure.info.ProjectInfoProperties'
?[0m?[0;34m2023-03-31 16:06:15.808 DEBUG 29781 --- [    Test worker] o.s.b.f.s.DefaultListableBeanFactory     : Creating shared instance of singleton bean 'management.info-org.springframework.boot.actuate.autoconfigure.info.InfoContributorProperties'
?[0m?[0;34m2023-03-31 16:06:15.809 DEBUG 29781 --- [    Test worker] o.s.b.f.s.DefaultListableBeanFactory     : Creating shared instance of singleton bean 'pathMappedEndpoints'
?[0m?[0;34m2023-03-31 16:06:15.809 DEBUG 29781 --- [    Test worker] o.s.b.f.s.DefaultListableBeanFactory     : Autowiring by type from bean name 'pathMappedEndpoints' via factory method to bean named 'servletEndpointDiscoverer'
?[0m?[0;34m2023-03-31 16:06:15.809 DEBUG 29781 --- [    Test worker] o.s.b.f.s.DefaultListableBeanFactory     : Autowiring by type from bean name 'pathMappedEndpoints' via factory method to bean named 'webEndpointDiscoverer'
?[0m?[0;34m2023-03-31 16:06:15.809 DEBUG 29781 --- [    Test worker] o.s.b.f.s.DefaultListableBeanFactory     : Autowiring by type from bean name 'pathMappedEndpoints' via factory method to bean named 'controllerEndpointDiscoverer'
?[0m?[0;34m2023-03-31 16:06:15.809 DEBUG 29781 --- [    Test worker] o.s.b.f.s.DefaultListableBeanFactory     : Creating shared instance of singleton bean 'org.springframework.boot.actuate.autoconfigure.logging.LogFileWebEndpointAutoConfiguration'
?[0m?[0;34m2023-03-31 16:06:15.809 DEBUG 29781 --- [    Test worker] o.s.b.f.s.DefaultListableBeanFactory     : Creating shared instance of singleton bean 'management.endpoint.logfile-org.springframework.boot.actuate.autoconfigure.logging.LogFileWebEndpointProperties'
?[0m?[0;34m2023-03-31 16:06:15.809 DEBUG 29781 --- [    Test worker] o.s.b.f.s.DefaultListableBeanFactory     : Creating shared instance of singleton bean 'org.springframework.boot.actuate.autoconfigure.metrics.CompositeMeterRegistryAutoConfiguration'
?[0m?[0;34m2023-03-31 16:06:15.809 DEBUG 29781 --- [    Test worker] o.s.b.f.s.DefaultListableBeanFactory     : Creating shared instance of singleton bean 'org.springframework.boot.actuate.autoconfigure.metrics.integration.IntegrationMetricsAutoConfiguration'
?[0m?[0;34m2023-03-31 16:06:15.809 DEBUG 29781 --- [    Test worker] o.s.b.f.s.DefaultListableBeanFactory     : Creating shared instance of singleton bean 'org.springframework.boot.actuate.autoconfigure.metrics.jdbc.DataSourcePoolMetricsAutoConfiguration$HikariDataSourceMetricsConfiguration'
?[0m?[0;34m2023-03-31 16:06:15.809 DEBUG 29781 --- [    Test worker] o.s.b.f.s.DefaultListableBeanFactory     : Autowiring by type from bean name 'org.springframework.boot.actuate.autoconfigure.metrics.jdbc.DataSourcePoolMetricsAutoConfiguration$HikariDataSourceMetricsConfiguration' via constructor to bean named 'simpleMeterRegistry'
?[0m?[0;34m2023-03-31 16:06:15.810 DEBUG 29781 --- [    Test worker] o.s.b.f.s.DefaultListableBeanFactory     : Creating shared instance of singleton bean 'org.springframework.boot.actuate.autoconfigure.metrics.jdbc.DataSourcePoolMetricsAutoConfiguration$DataSourcePoolMetadataMetricsConfiguration'
?[0m?[0;34m2023-03-31 16:06:15.811 DEBUG 29781 --- [    Test worker] o.s.b.f.s.DefaultListableBeanFactory     : Creating shared instance of singleton bean 'org.springframework.boot.actuate.autoconfigure.metrics.jdbc.DataSourcePoolMetricsAutoConfiguration'
?[0m?[0;34m2023-03-31 16:06:15.811 DEBUG 29781 --- [    Test worker] o.s.b.f.s.DefaultListableBeanFactory     : Creating shared instance of singleton bean 'org.springframework.boot.autoconfigure.gson.GsonAutoConfiguration'
?[0m?[0;34m2023-03-31 16:06:15.811 DEBUG 29781 --- [    Test worker] o.s.b.f.s.DefaultListableBeanFactory     : Creating shared instance of singleton bean 'gsonBuilder'
?[0m?[0;34m2023-03-31 16:06:15.811 DEBUG 29781 --- [    Test worker] o.s.b.f.s.DefaultListableBeanFactory     : Creating shared instance of singleton bean 'standardGsonBuilderCustomizer'
?[0m?[0;34m2023-03-31 16:06:15.811 DEBUG 29781 --- [    Test worker] o.s.b.f.s.DefaultListableBeanFactory     : Creating shared instance of singleton bean 'spring.gson-org.springframework.boot.autoconfigure.gson.GsonProperties'
?[0m?[0;34m2023-03-31 16:06:15.812 DEBUG 29781 --- [    Test worker] o.s.b.f.s.DefaultListableBeanFactory     : Autowiring by type from bean name 'standardGsonBuilderCustomizer' via factory method to bean named 'spring.gson-org.springframework.boot.autoconfigure.gson.GsonProperties'
?[0m?[0;34m2023-03-31 16:06:15.812 DEBUG 29781 --- [    Test worker] o.s.b.f.s.DefaultListableBeanFactory     : Autowiring by type from bean name 'gsonBuilder' via factory method to bean named 'standardGsonBuilderCustomizer'
?[0m?[0;34m2023-03-31 16:06:15.812 DEBUG 29781 --- [    Test worker] o.s.b.f.s.DefaultListableBeanFactory     : Creating shared instance of singleton bean 'gson'
?[0m?[0;34m2023-03-31 16:06:15.812 DEBUG 29781 --- [    Test worker] o.s.b.f.s.DefaultListableBeanFactory     : Autowiring by type from bean name 'gson' via factory method to bean named 'gsonBuilder'
?[0m?[0;34m2023-03-31 16:06:15.812 DEBUG 29781 --- [    Test worker] o.s.b.f.s.DefaultListableBeanFactory     : Creating shared instance of singleton bean 'org.springframework.boot.autoconfigure.http.JacksonHttpMessageConvertersConfiguration'
?[0m?[0;34m2023-03-31 16:06:15.813 DEBUG 29781 --- [    Test worker] o.s.b.f.s.DefaultListableBeanFactory     : Creating shared instance of singleton bean 'org.springframework.boot.autoconfigure.http.GsonHttpMessageConvertersConfiguration'
?[0m?[0;34m2023-03-31 16:06:15.813 DEBUG 29781 --- [    Test worker] o.s.b.f.s.DefaultListableBeanFactory     : Creating shared instance of singleton bean 'org.springframework.boot.autoconfigure.web.client.RestTemplateAutoConfiguration'
?[0m?[0;34m2023-03-31 16:06:15.813 DEBUG 29781 --- [    Test worker] o.s.b.f.s.DefaultListableBeanFactory     : Creating shared instance of singleton bean 'org.springframework.boot.actuate.autoconfigure.metrics.web.client.RestTemplateMetricsConfiguration'
?[0m?[0;34m2023-03-31 16:06:15.813 DEBUG 29781 --- [    Test worker] o.s.b.f.s.DefaultListableBeanFactory     : Creating shared instance of singleton bean 'restTemplateExchangeTagsProvider'
?[0m?[0;34m2023-03-31 16:06:15.813 DEBUG 29781 --- [    Test worker] o.s.b.f.s.DefaultListableBeanFactory     : Creating shared instance of singleton bean 'metricsRestTemplateCustomizer'
?[0m?[0;34m2023-03-31 16:06:15.813 DEBUG 29781 --- [    Test worker] o.s.b.f.s.DefaultListableBeanFactory     : Autowiring by type from bean name 'metricsRestTemplateCustomizer' via factory method to bean named 'simpleMeterRegistry'
?[0m?[0;34m2023-03-31 16:06:15.813 DEBUG 29781 --- [    Test worker] o.s.b.f.s.DefaultListableBeanFactory     : Autowiring by type from bean name 'metricsRestTemplateCustomizer' via factory method to bean named 'restTemplateExchangeTagsProvider'
?[0m?[0;34m2023-03-31 16:06:15.813 DEBUG 29781 --- [    Test worker] o.s.b.f.s.DefaultListableBeanFactory     : Autowiring by type from bean name 'metricsRestTemplateCustomizer' via factory method to bean named 'management.metrics-org.springframework.boot.actuate.autoconfigure.metrics.MetricsProperties'
?[0m?[0;34m2023-03-31 16:06:15.813 DEBUG 29781 --- [    Test worker] o.s.b.f.s.DefaultListableBeanFactory     : Creating shared instance of singleton bean 'org.springframework.boot.actuate.autoconfigure.metrics.web.tomcat.TomcatMetricsAutoConfiguration'
?[0m?[0;34m2023-03-31 16:06:15.813 DEBUG 29781 --- [    Test worker] o.s.b.f.s.DefaultListableBeanFactory     : Creating shared instance of singleton bean 'tomcatMetricsBinder'
?[0m?[0;34m2023-03-31 16:06:15.813 DEBUG 29781 --- [    Test worker] o.s.b.f.s.DefaultListableBeanFactory     : Autowiring by type from bean name 'tomcatMetricsBinder' via factory method to bean named 'simpleMeterRegistry'
?[0m?[0;34m2023-03-31 16:06:15.813 DEBUG 29781 --- [    Test worker] o.s.b.f.s.DefaultListableBeanFactory     : Creating shared instance of singleton bean 'org.springframework.boot.actuate.autoconfigure.trace.http.HttpTraceEndpointAutoConfiguration'
?[0m?[0;34m2023-03-31 16:06:15.813 DEBUG 29781 --- [    Test worker] o.s.b.f.s.DefaultListableBeanFactory     : Creating shared instance of singleton bean 'org.springframework.boot.autoconfigure.aop.AopAutoConfiguration$AspectJAutoProxyingConfiguration$CglibAutoProxyConfiguration'
?[0m?[0;34m2023-03-31 16:06:15.813 DEBUG 29781 --- [    Test worker] o.s.b.f.s.DefaultListableBeanFactory     : Creating shared instance of singleton bean 'org.springframework.boot.autoconfigure.aop.AopAutoConfiguration$AspectJAutoProxyingConfiguration'
?[0m?[0;34m2023-03-31 16:06:15.813 DEBUG 29781 --- [    Test worker] o.s.b.f.s.DefaultListableBeanFactory     : Creating shared instance of singleton bean 'org.springframework.boot.autoconfigure.aop.AopAutoConfiguration'
?[0m?[0;34m2023-03-31 16:06:15.814 DEBUG 29781 --- [    Test worker] o.s.b.f.s.DefaultListableBeanFactory     : Creating shared instance of singleton bean 'org.springframework.boot.autoconfigure.context.ConfigurationPropertiesAutoConfiguration'
?[0m?[0;34m2023-03-31 16:06:15.814 DEBUG 29781 --- [    Test worker] o.s.b.f.s.DefaultListableBeanFactory     : Creating shared instance of singleton bean 'org.springframework.boot.autoconfigure.context.LifecycleAutoConfiguration'
?[0m?[0;34m2023-03-31 16:06:15.814 DEBUG 29781 --- [    Test worker] o.s.b.f.s.DefaultListableBeanFactory     : Creating shared instance of singleton bean 'lifecycleProcessor'
?[0m?[0;34m2023-03-31 16:06:15.814 DEBUG 29781 --- [    Test worker] o.s.b.f.s.DefaultListableBeanFactory     : Creating shared instance of singleton bean 'spring.lifecycle-org.springframework.boot.autoconfigure.context.LifecycleProperties'
?[0m?[0;34m2023-03-31 16:06:15.814 DEBUG 29781 --- [    Test worker] o.s.b.f.s.DefaultListableBeanFactory     : Autowiring by type from bean name 'lifecycleProcessor' via factory method to bean named 'spring.lifecycle-org.springframework.boot.autoconfigure.context.LifecycleProperties'
?[0m?[0;34m2023-03-31 16:06:15.814 DEBUG 29781 --- [    Test worker] o.s.b.f.s.DefaultListableBeanFactory     : Creating shared instance of singleton bean 'org.springframework.boot.autoconfigure.dao.PersistenceExceptionTranslationAutoConfiguration'
?[0m?[0;34m2023-03-31 16:06:15.814 DEBUG 29781 --- [    Test worker] o.s.b.f.s.DefaultListableBeanFactory     : Creating shared instance of singleton bean 'org.springframework.boot.autoconfigure.data.jpa.JpaRepositoriesAutoConfiguration'
?[0m?[0;34m2023-03-31 16:06:15.814 DEBUG 29781 --- [    Test worker] o.s.b.f.s.DefaultListableBeanFactory     : Creating shared instance of singleton bean 'org.springframework.data.jpa.util.JpaMetamodelCacheCleanup'
?[0m?[0;34m2023-03-31 16:06:15.814 DEBUG 29781 --- [    Test worker] o.s.b.f.s.DefaultListableBeanFactory     : Creating shared instance of singleton bean 'org.springframework.data.jpa.repository.support.JpaEvaluationContextExtension'
?[0m?[0;34m2023-03-31 16:06:15.815 DEBUG 29781 --- [    Test worker] o.s.b.f.s.DefaultListableBeanFactory     : Creating shared instance of singleton bean 'org.springframework.data.web.config.ProjectingArgumentResolverRegistrar'
?[0m?[0;34m2023-03-31 16:06:15.815 DEBUG 29781 --- [    Test worker] o.s.b.f.s.DefaultListableBeanFactory     : Creating shared instance of singleton bean 'org.springframework.boot.autoconfigure.jdbc.JdbcTemplateConfiguration'
?[0m?[0;34m2023-03-31 16:06:15.815 DEBUG 29781 --- [    Test worker] o.s.b.f.s.DefaultListableBeanFactory     : Creating shared instance of singleton bean 'jdbcTemplate'
?[0m?[0;34m2023-03-31 16:06:15.815 DEBUG 29781 --- [    Test worker] o.s.b.f.s.DefaultListableBeanFactory     : Creating shared instance of singleton bean 'spring.jdbc-org.springframework.boot.autoconfigure.jdbc.JdbcProperties'
?[0m?[0;34m2023-03-31 16:06:15.815 DEBUG 29781 --- [    Test worker] o.s.b.f.s.DefaultListableBeanFactory     : Autowiring by type from bean name 'jdbcTemplate' via factory method to bean named 'dataSource'
?[0m?[0;34m2023-03-31 16:06:15.815 DEBUG 29781 --- [    Test worker] o.s.b.f.s.DefaultListableBeanFactory     : Autowiring by type from bean name 'jdbcTemplate' via factory method to bean named 'spring.jdbc-org.springframework.boot.autoconfigure.jdbc.JdbcProperties'
?[0m?[0;34m2023-03-31 16:06:15.817 DEBUG 29781 --- [    Test worker] o.s.b.f.s.DefaultListableBeanFactory     : Creating shared instance of singleton bean 'org.springframework.boot.autoconfigure.jdbc.NamedParameterJdbcTemplateConfiguration'
?[0m?[0;34m2023-03-31 16:06:15.817 DEBUG 29781 --- [    Test worker] o.s.b.f.s.DefaultListableBeanFactory     : Creating shared instance of singleton bean 'namedParameterJdbcTemplate'
?[0m?[0;34m2023-03-31 16:06:15.817 DEBUG 29781 --- [    Test worker] o.s.b.f.s.DefaultListableBeanFactory     : Autowiring by type from bean name 'namedParameterJdbcTemplate' via factory method to bean named 'jdbcTemplate'
?[0m?[0;34m2023-03-31 16:06:15.818 DEBUG 29781 --- [    Test worker] o.s.b.f.s.DefaultListableBeanFactory     : Creating shared instance of singleton bean 'org.springframework.boot.autoconfigure.jdbc.JdbcTemplateAutoConfiguration'
?[0m?[0;34m2023-03-31 16:06:15.818 DEBUG 29781 --- [    Test worker] o.s.b.f.s.DefaultListableBeanFactory     : Creating shared instance of singleton bean 'org.springframework.boot.autoconfigure.sql.init.SqlInitializationAutoConfiguration'
?[0m?[0;34m2023-03-31 16:06:15.818 DEBUG 29781 --- [    Test worker] o.s.b.f.s.DefaultListableBeanFactory     : Creating shared instance of singleton bean 'org.springframework.boot.autoconfigure.task.TaskSchedulingAutoConfiguration'
?[0m?[0;34m2023-03-31 16:06:15.818 DEBUG 29781 --- [    Test worker] o.s.b.f.s.DefaultListableBeanFactory     : Creating shared instance of singleton bean 'scheduledBeanLazyInitializationExcludeFilter'
?[0m?[0;34m2023-03-31 16:06:15.818 DEBUG 29781 --- [    Test worker] o.s.b.f.s.DefaultListableBeanFactory     : Creating shared instance of singleton bean 'taskSchedulerBuilder'
?[0m?[0;34m2023-03-31 16:06:15.818 DEBUG 29781 --- [    Test worker] o.s.b.f.s.DefaultListableBeanFactory     : Creating shared instance of singleton bean 'spring.task.scheduling-org.springframework.boot.autoconfigure.task.TaskSchedulingProperties'
?[0m?[0;34m2023-03-31 16:06:15.819 DEBUG 29781 --- [    Test worker] o.s.b.f.s.DefaultListableBeanFactory     : Autowiring by type from bean name 'taskSchedulerBuilder' via factory method to bean named 'spring.task.scheduling-org.springframework.boot.autoconfigure.task.TaskSchedulingProperties'
?[0m?[0;34m2023-03-31 16:06:15.819 DEBUG 29781 --- [    Test worker] o.s.b.f.s.DefaultListableBeanFactory     : Creating shared instance of singleton bean 'org.springframework.boot.autoconfigure.jdbc.DataSourceTransactionManagerAutoConfiguration$JdbcTransactionManagerConfiguration'
?[0m?[0;34m2023-03-31 16:06:15.819 DEBUG 29781 --- [    Test worker] o.s.b.f.s.DefaultListableBeanFactory     : Creating shared instance of singleton bean 'org.springframework.boot.autoconfigure.jdbc.DataSourceTransactionManagerAutoConfiguration'
?[0m?[0;34m2023-03-31 16:06:15.819 DEBUG 29781 --- [    Test worker] o.s.b.f.s.DefaultListableBeanFactory     : Creating shared instance of singleton bean 'org.springframework.boot.autoconfigure.transaction.TransactionAutoConfiguration$EnableTransactionManagementConfiguration$CglibAutoProxyConfiguration'
?[0m?[0;34m2023-03-31 16:06:15.819 DEBUG 29781 --- [    Test worker] o.s.b.f.s.DefaultListableBeanFactory     : Creating shared instance of singleton bean 'org.springframework.boot.autoconfigure.transaction.TransactionAutoConfiguration$EnableTransactionManagementConfiguration'
?[0m?[0;34m2023-03-31 16:06:15.819 DEBUG 29781 --- [    Test worker] o.s.b.f.s.DefaultListableBeanFactory     : Creating shared instance of singleton bean 'org.springframework.boot.autoconfigure.transaction.TransactionAutoConfiguration$TransactionTemplateConfiguration'
?[0m?[0;34m2023-03-31 16:06:15.819 DEBUG 29781 --- [    Test worker] o.s.b.f.s.DefaultListableBeanFactory     : Creating shared instance of singleton bean 'transactionTemplate'
?[0m?[0;34m2023-03-31 16:06:15.819 DEBUG 29781 --- [    Test worker] o.s.b.f.s.DefaultListableBeanFactory     : Autowiring by type from bean name 'transactionTemplate' via factory method to bean named 'transactionManager'
?[0m?[0;34m2023-03-31 16:06:15.820 DEBUG 29781 --- [    Test worker] o.s.b.f.s.DefaultListableBeanFactory     : Creating shared instance of singleton bean 'org.springframework.boot.autoconfigure.web.embedded.EmbeddedWebServerFactoryCustomizerAutoConfiguration'
?[0m?[0;34m2023-03-31 16:06:15.820 DEBUG 29781 --- [    Test worker] o.s.b.f.s.DefaultListableBeanFactory     : Creating shared instance of singleton bean 'multipartResolver'
?[0m?[0;34m2023-03-31 16:06:15.820 DEBUG 29781 --- [    Test worker] o.s.b.f.s.DefaultListableBeanFactory     : Creating shared instance of singleton bean 'org.springframework.boot.actuate.autoconfigure.security.servlet.SecurityRequestMatchersManagementContextConfiguration$MvcRequestMatcherConfiguration'
?[0m?[0;34m2023-03-31 16:06:15.820 DEBUG 29781 --- [    Test worker] o.s.b.f.s.DefaultListableBeanFactory     : Creating shared instance of singleton bean 'requestMatcherProvider'
?[0m?[0;34m2023-03-31 16:06:15.820 DEBUG 29781 --- [    Test worker] o.s.b.f.s.DefaultListableBeanFactory     : Autowiring by type from bean name 'requestMatcherProvider' via factory method to bean named 'dispatcherServletRegistration'
?[0m?[0;34m2023-03-31 16:06:15.820 DEBUG 29781 --- [    Test worker] o.s.b.f.s.DefaultListableBeanFactory     : Creating shared instance of singleton bean 'org.springframework.boot.actuate.autoconfigure.security.servlet.SecurityRequestMatchersManagementContextConfiguration'
?[0m?[0;34m2023-03-31 16:06:15.820 DEBUG 29781 --- [    Test worker] o.s.b.f.s.DefaultListableBeanFactory     : Creating shared instance of singleton bean 'org.springframework.boot.actuate.autoconfigure.web.server.ManagementContextAutoConfiguration$SameManagementContextConfiguration$EnableSameManagementContextConfiguration'
?[0m?[0;34m2023-03-31 16:06:15.820 DEBUG 29781 --- [    Test worker] o.s.b.f.s.DefaultListableBeanFactory     : Creating shared instance of singleton bean 'org.springframework.boot.actuate.autoconfigure.web.server.ManagementContextAutoConfiguration$SameManagementContextConfiguration'
?[0m?[0;34m2023-03-31 16:06:15.820 DEBUG 29781 --- [    Test worker] o.s.b.f.s.DefaultListableBeanFactory     : Autowiring by type from bean name 'org.springframework.boot.actuate.autoconfigure.web.server.ManagementContextAutoConfiguration$SameManagementContextConfiguration' via constructor to bean named 'environment'
?[0m?[0;34m2023-03-31 16:06:15.820 DEBUG 29781 --- [    Test worker] o.s.b.f.s.DefaultListableBeanFactory     : Creating shared instance of singleton bean 'org.springframework.boot.actuate.autoconfigure.web.server.ManagementContextAutoConfiguration'
?[0m?[0;34m2023-03-31 16:06:15.820 DEBUG 29781 --- [    Test worker] o.s.b.f.s.DefaultListableBeanFactory     : Creating shared instance of singleton bean 'management.server-org.springframework.boot.actuate.autoconfigure.web.server.ManagementServerProperties'
?[0m?[0;34m2023-03-31 16:06:15.824 DEBUG 29781 --- [    Test worker] o.s.c.support.DefaultLifecycleProcessor  : Starting beans in phase 2147483646
?[0m?[0;34m2023-03-31 16:06:15.825  INFO 29781 --- [    Test worker] o.s.b.w.embedded.tomcat.TomcatWebServer  : Tomcat started on port(s): 8080 (http) with context path ''
?[0m?[0;34m2023-03-31 16:06:15.825 DEBUG 29781 --- [    Test worker] o.s.c.support.DefaultLifecycleProcessor  : Successfully started bean 'webServerStartStop'
?[0m?[0;34m2023-03-31 16:06:15.825 DEBUG 29781 --- [    Test worker] o.s.c.support.DefaultLifecycleProcessor  : Starting beans in phase 2147483647
?[0m?[0;34m2023-03-31 16:06:15.825 DEBUG 29781 --- [    Test worker] o.s.c.support.DefaultLifecycleProcessor  : Successfully started bean 'webServerGracefulShutdown'
?[0m?[0;34m2023-03-31 16:06:15.829 DEBUG 29781 --- [    Test worker] ConditionEvaluationReportLoggingListener : 
?[0m?[0;34m
?[0m?[0;34m
?[0m?[0;34m============================
?[0m?[0;34mCONDITIONS EVALUATION REPORT
?[0m?[0;34m============================
?[0m?[0;34m
?[0m?[0;34m
?[0m?[0;34mPositive matches:
?[0m?[0;34m-----------------
?[0m?[0;34m
?[0m?[0;34m   AopAutoConfiguration matched:
?[0m?[0;34m      - @ConditionalOnProperty (spring.aop.auto=true) matched (OnPropertyCondition)
?[0m?[0;34m
?[0m?[0;34m   AopAutoConfiguration.AspectJAutoProxyingConfiguration matched:
?[0m?[0;34m      - @ConditionalOnClass found required class 'org.aspectj.weaver.Advice' (OnClassCondition)
?[0m?[0;34m
?[0m?[0;34m   AopAutoConfiguration.AspectJAutoProxyingConfiguration.CglibAutoProxyConfiguration matched:
?[0m?[0;34m      - @ConditionalOnProperty (spring.aop.proxy-target-class=true) matched (OnPropertyCondition)
?[0m?[0;34m
?[0m?[0;34m   AuditEventsEndpointAutoConfiguration matched:
?[0m?[0;34m      - @ConditionalOnAvailableEndpoint no property management.endpoint.auditevents.enabled found so using endpoint default; @ConditionalOnAvailableEndpoint marked as exposed by a 'management.endpoints.web.exposure' property (OnAvailableEndpointCondition)
?[0m?[0;34m
?[0m?[0;34m   BeansEndpointAutoConfiguration matched:
?[0m?[0;34m      - @ConditionalOnAvailableEndpoint no property management.endpoint.beans.enabled found so using endpoint default; @ConditionalOnAvailableEndpoint marked as exposed by a 'management.endpoints.web.exposure' property (OnAvailableEndpointCondition)
?[0m?[0;34m
?[0m?[0;34m   BeansEndpointAutoConfiguration#beansEndpoint matched:
?[0m?[0;34m      - @ConditionalOnMissingBean (types: org.springframework.boot.actuate.beans.BeansEndpoint; SearchStrategy: all) did not find any beans (OnBeanCondition)
?[0m?[0;34m
?[0m?[0;34m   CacheMeterBinderProvidersConfiguration matched:
?[0m?[0;34m      - @ConditionalOnClass found required class 'io.micrometer.core.instrument.binder.MeterBinder' (OnClassCondition)
?[0m?[0;34m
?[0m?[0;34m   CachesEndpointAutoConfiguration matched:
?[0m?[0;34m      - @ConditionalOnClass found required class 'org.springframework.cache.CacheManager' (OnClassCondition)
?[0m?[0;34m      - @ConditionalOnAvailableEndpoint no property management.endpoint.caches.enabled found so using endpoint default; @ConditionalOnAvailableEndpoint marked as exposed by a 'management.endpoints.web.exposure' property (OnAvailableEndpointCondition)
?[0m?[0;34m
?[0m?[0;34m   CachesEndpointAutoConfiguration#cachesEndpoint matched:
?[0m?[0;34m      - @ConditionalOnMissingBean (types: org.springframework.boot.actuate.cache.CachesEndpoint; SearchStrategy: all) did not find any beans (OnBeanCondition)
?[0m?[0;34m
?[0m?[0;34m   CachesEndpointAutoConfiguration#cachesEndpointWebExtension matched:
?[0m?[0;34m      - @ConditionalOnBean (types: org.springframework.boot.actuate.cache.CachesEndpoint; SearchStrategy: all) found bean 'cachesEndpoint'; @ConditionalOnMissingBean (types: org.springframework.boot.actuate.cache.CachesEndpointWebExtension; SearchStrategy: all) did not find any beans (OnBeanCondition)
?[0m?[0;34m
?[0m?[0;34m   CompositeMeterRegistryAutoConfiguration matched:
?[0m?[0;34m      - @ConditionalOnClass found required class 'io.micrometer.core.instrument.composite.CompositeMeterRegistry' (OnClassCondition)
?[0m?[0;34m
?[0m?[0;34m   ConditionsReportEndpointAutoConfiguration matched:
?[0m?[0;34m      - @ConditionalOnAvailableEndpoint no property management.endpoint.conditions.enabled found so using endpoint default; @ConditionalOnAvailableEndpoint marked as exposed by a 'management.endpoints.web.exposure' property (OnAvailableEndpointCondition)
?[0m?[0;34m
?[0m?[0;34m   ConditionsReportEndpointAutoConfiguration#conditionsReportEndpoint matched:
?[0m?[0;34m      - @ConditionalOnMissingBean (types: org.springframework.boot.actuate.autoconfigure.condition.ConditionsReportEndpoint; SearchStrategy: current) did not find any beans (OnBeanCondition)
?[0m?[0;34m
?[0m?[0;34m   ConfigurationPropertiesReportEndpointAutoConfiguration matched:
?[0m?[0;34m      - @ConditionalOnAvailableEndpoint no property management.endpoint.configprops.enabled found so using endpoint default; @ConditionalOnAvailableEndpoint marked as exposed by a 'management.endpoints.web.exposure' property (OnAvailableEndpointCondition)
?[0m?[0;34m
?[0m?[0;34m   ConfigurationPropertiesReportEndpointAutoConfiguration#configurationPropertiesReportEndpoint matched:
?[0m?[0;34m      - @ConditionalOnMissingBean (types: org.springframework.boot.actuate.context.properties.ConfigurationPropertiesReportEndpoint; SearchStrategy: all) did not find any beans (OnBeanCondition)
?[0m?[0;34m
?[0m?[0;34m   ConfigurationPropertiesReportEndpointAutoConfiguration#configurationPropertiesReportEndpointWebExtension matched:
?[0m?[0;34m      - @ConditionalOnBean (types: org.springframework.boot.actuate.context.properties.ConfigurationPropertiesReportEndpoint; SearchStrategy: all) found bean 'configurationPropertiesReportEndpoint'; @ConditionalOnMissingBean (types: org.springframework.boot.actuate.context.properties.ConfigurationPropertiesReportEndpointWebExtension; SearchStrategy: all) did not find any beans (OnBeanCondition)
?[0m?[0;34m
?[0m?[0;34m   DataSourceAutoConfiguration matched:
?[0m?[0;34m      - @ConditionalOnClass found required classes 'javax.sql.DataSource', 'org.springframework.jdbc.datasource.embedded.EmbeddedDatabaseType' (OnClassCondition)
?[0m?[0;34m      - @ConditionalOnMissingBean (types: io.r2dbc.spi.ConnectionFactory; SearchStrategy: all) did not find any beans (OnBeanCondition)
?[0m?[0;34m
?[0m?[0;34m   DataSourceAutoConfiguration.PooledDataSourceConfiguration matched:
?[0m?[0;34m      - AnyNestedCondition 1 matched 1 did not; NestedCondition on DataSourceAutoConfiguration.PooledDataSourceCondition.PooledDataSourceAvailable PooledDataSource found supported DataSource; NestedCondition on DataSourceAutoConfiguration.PooledDataSourceCondition.ExplicitType @ConditionalOnProperty (spring.datasource.type) did not find property 'type' (DataSourceAutoConfiguration.PooledDataSourceCondition)
?[0m?[0;34m      - @ConditionalOnMissingBean (types: javax.sql.DataSource,javax.sql.XADataSource; SearchStrategy: all) did not find any beans (OnBeanCondition)
?[0m?[0;34m
?[0m?[0;34m   DataSourceConfiguration.Hikari matched:
?[0m?[0;34m      - @ConditionalOnClass found required class 'com.zaxxer.hikari.HikariDataSource' (OnClassCondition)
?[0m?[0;34m      - @ConditionalOnProperty (spring.datasource.type=com.zaxxer.hikari.HikariDataSource) matched (OnPropertyCondition)
?[0m?[0;34m      - @ConditionalOnMissingBean (types: javax.sql.DataSource; SearchStrategy: all) did not find any beans (OnBeanCondition)
?[0m?[0;34m
?[0m?[0;34m   DataSourceHealthContributorAutoConfiguration matched:
?[0m?[0;34m      - @ConditionalOnClass found required classes 'org.springframework.jdbc.core.JdbcTemplate', 'org.springframework.jdbc.datasource.lookup.AbstractRoutingDataSource' (OnClassCondition)
?[0m?[0;34m      - @ConditionalOnEnabledHealthIndicator management.health.defaults.enabled is considered true (OnEnabledHealthIndicatorCondition)
?[0m?[0;34m      - @ConditionalOnBean (types: javax.sql.DataSource; SearchStrategy: all) found bean 'dataSource' (OnBeanCondition)
?[0m?[0;34m
?[0m?[0;34m   DataSourceHealthContributorAutoConfiguration#dbHealthContributor matched:
?[0m?[0;34m      - @ConditionalOnMissingBean (names: dbHealthIndicator,dbHealthContributor; SearchStrategy: all) did not find any beans (OnBeanCondition)
?[0m?[0;34m
?[0m?[0;34m   DataSourceInitializationConfiguration matched:
?[0m?[0;34m      - @ConditionalOnClass found required class 'org.springframework.jdbc.datasource.init.DatabasePopulator' (OnClassCondition)
?[0m?[0;34m      - @ConditionalOnSingleCandidate (types: javax.sql.DataSource; SearchStrategy: all) found a primary bean from beans 'dataSource'; @ConditionalOnMissingBean (types: org.springframework.boot.sql.init.AbstractScriptDatabaseInitializer; SearchStrategy: all) did not find any beans (OnBeanCondition)
?[0m?[0;34m
?[0m?[0;34m   DataSourceJmxConfiguration matched:
?[0m?[0;34m      - @ConditionalOnProperty (spring.jmx.enabled=true) matched (OnPropertyCondition)
?[0m?[0;34m
?[0m?[0;34m   DataSourceJmxConfiguration.Hikari matched:
?[0m?[0;34m      - @ConditionalOnClass found required class 'com.zaxxer.hikari.HikariDataSource' (OnClassCondition)
?[0m?[0;34m      - @ConditionalOnSingleCandidate (types: javax.sql.DataSource; SearchStrategy: all) found a primary bean from beans 'dataSource' (OnBeanCondition)
?[0m?[0;34m
?[0m?[0;34m   DataSourcePoolMetadataProvidersConfiguration.HikariPoolDataSourceMetadataProviderConfiguration matched:
?[0m?[0;34m      - @ConditionalOnClass found required class 'com.zaxxer.hikari.HikariDataSource' (OnClassCondition)
?[0m?[0;34m
?[0m?[0;34m   DataSourcePoolMetricsAutoConfiguration matched:
?[0m?[0;34m      - @ConditionalOnClass found required classes 'javax.sql.DataSource', 'io.micrometer.core.instrument.MeterRegistry' (OnClassCondition)
?[0m?[0;34m      - @ConditionalOnBean (types: javax.sql.DataSource,io.micrometer.core.instrument.MeterRegistry; SearchStrategy: all) found beans 'simpleMeterRegistry', 'dataSource' (OnBeanCondition)
?[0m?[0;34m
?[0m?[0;34m   DataSourcePoolMetricsAutoConfiguration.DataSourcePoolMetadataMetricsConfiguration matched:
?[0m?[0;34m      - @ConditionalOnBean (types: org.springframework.boot.jdbc.metadata.DataSourcePoolMetadataProvider; SearchStrategy: all) found bean 'hikariPoolDataSourceMetadataProvider' (OnBeanCondition)
?[0m?[0;34m
?[0m?[0;34m   DataSourcePoolMetricsAutoConfiguration.HikariDataSourceMetricsConfiguration matched:
?[0m?[0;34m      - @ConditionalOnClass found required class 'com.zaxxer.hikari.HikariDataSource' (OnClassCondition)
?[0m?[0;34m
?[0m?[0;34m   DataSourceTransactionManagerAutoConfiguration matched:
?[0m?[0;34m      - @ConditionalOnClass found required classes 'org.springframework.jdbc.core.JdbcTemplate', 'org.springframework.transaction.TransactionManager' (OnClassCondition)
?[0m?[0;34m
?[0m?[0;34m   DataSourceTransactionManagerAutoConfiguration.JdbcTransactionManagerConfiguration matched:
?[0m?[0;34m      - @ConditionalOnSingleCandidate (types: javax.sql.DataSource; SearchStrategy: all) found a primary bean from beans 'dataSource' (OnBeanCondition)
?[0m?[0;34m
?[0m?[0;34m   DiskSpaceHealthContributorAutoConfiguration matched:
?[0m?[0;34m      - @ConditionalOnEnabledHealthIndicator management.health.defaults.enabled is considered true (OnEnabledHealthIndicatorCondition)
?[0m?[0;34m
?[0m?[0;34m   DiskSpaceHealthContributorAutoConfiguration#diskSpaceHealthIndicator matched:
?[0m?[0;34m      - @ConditionalOnMissingBean (names: diskSpaceHealthIndicator; SearchStrategy: all) did not find any beans (OnBeanCondition)
?[0m?[0;34m
?[0m?[0;34m   DispatcherServletAutoConfiguration matched:
?[0m?[0;34m      - @ConditionalOnClass found required class 'org.springframework.web.servlet.DispatcherServlet' (OnClassCondition)
?[0m?[0;34m      - found 'session' scope (OnWebApplicationCondition)
?[0m?[0;34m
?[0m?[0;34m   DispatcherServletAutoConfiguration.DispatcherServletConfiguration matched:
?[0m?[0;34m      - @ConditionalOnClass found required class 'javax.servlet.ServletRegistration' (OnClassCondition)
?[0m?[0;34m      - Default DispatcherServlet did not find dispatcher servlet beans (DispatcherServletAutoConfiguration.DefaultDispatcherServletCondition)
?[0m?[0;34m
?[0m?[0;34m   DispatcherServletAutoConfiguration.DispatcherServletRegistrationConfiguration matched:
?[0m?[0;34m      - @ConditionalOnClass found required class 'javax.servlet.ServletRegistration' (OnClassCondition)
?[0m?[0;34m      - DispatcherServlet Registration did not find servlet registration bean (DispatcherServletAutoConfiguration.DispatcherServletRegistrationCondition)
?[0m?[0;34m
?[0m?[0;34m   DispatcherServletAutoConfiguration.DispatcherServletRegistrationConfiguration#dispatcherServletRegistration matched:
?[0m?[0;34m      - @ConditionalOnBean (names: dispatcherServlet types: org.springframework.web.servlet.DispatcherServlet; SearchStrategy: all) found bean 'dispatcherServlet' (OnBeanCondition)
?[0m?[0;34m
?[0m?[0;34m   EmbeddedWebServerFactoryCustomizerAutoConfiguration matched:
?[0m?[0;34m      - @ConditionalOnWebApplication (required) found 'session' scope (OnWebApplicationCondition)
?[0m?[0;34m
?[0m?[0;34m   EmbeddedWebServerFactoryCustomizerAutoConfiguration.TomcatWebServerFactoryCustomizerConfiguration matched:
?[0m?[0;34m      - @ConditionalOnClass found required classes 'org.apache.catalina.startup.Tomcat', 'org.apache.coyote.UpgradeProtocol' (OnClassCondition)
?[0m?[0;34m
?[0m?[0;34m   EndpointAutoConfiguration#endpointCachingOperationInvokerAdvisor matched:
?[0m?[0;34m      - @ConditionalOnMissingBean (types: org.springframework.boot.actuate.endpoint.invoker.cache.CachingOperationInvokerAdvisor; SearchStrategy: all) did not find any beans (OnBeanCondition)
?[0m?[0;34m
?[0m?[0;34m   EndpointAutoConfiguration#endpointOperationParameterMapper matched:
?[0m?[0;34m      - @ConditionalOnMissingBean (types: org.springframework.boot.actuate.endpoint.invoke.ParameterValueMapper; SearchStrategy: all) did not find any beans (OnBeanCondition)
?[0m?[0;34m
?[0m?[0;34m   EnvironmentEndpointAutoConfiguration matched:
?[0m?[0;34m      - @ConditionalOnAvailableEndpoint no property management.endpoint.env.enabled found so using endpoint default; @ConditionalOnAvailableEndpoint marked as exposed by a 'management.endpoints.web.exposure' property (OnAvailableEndpointCondition)
?[0m?[0;34m
?[0m?[0;34m   EnvironmentEndpointAutoConfiguration#environmentEndpoint matched:
?[0m?[0;34m      - @ConditionalOnMissingBean (types: org.springframework.boot.actuate.env.EnvironmentEndpoint; SearchStrategy: all) did not find any beans (OnBeanCondition)
?[0m?[0;34m
?[0m?[0;34m   EnvironmentEndpointAutoConfiguration#environmentEndpointWebExtension matched:
?[0m?[0;34m      - @ConditionalOnBean (types: org.springframework.boot.actuate.env.EnvironmentEndpoint; SearchStrategy: all) found bean 'environmentEndpoint'; @ConditionalOnMissingBean (types: org.springframework.boot.actuate.env.EnvironmentEndpointWebExtension; SearchStrategy: all) did not find any beans (OnBeanCondition)
?[0m?[0;34m
?[0m?[0;34m   ErrorMvcAutoConfiguration matched:
?[0m?[0;34m      - @ConditionalOnClass found required classes 'javax.servlet.Servlet', 'org.springframework.web.servlet.DispatcherServlet' (OnClassCondition)
?[0m?[0;34m      - found 'session' scope (OnWebApplicationCondition)
?[0m?[0;34m
?[0m?[0;34m   ErrorMvcAutoConfiguration#basicErrorController matched:
?[0m?[0;34m      - @ConditionalOnMissingBean (types: org.springframework.boot.web.servlet.error.ErrorController; SearchStrategy: current) did not find any beans (OnBeanCondition)
?[0m?[0;34m
?[0m?[0;34m   ErrorMvcAutoConfiguration#errorAttributes matched:
?[0m?[0;34m      - @ConditionalOnMissingBean (types: org.springframework.boot.web.servlet.error.ErrorAttributes; SearchStrategy: current) did not find any beans (OnBeanCondition)
?[0m?[0;34m
?[0m?[0;34m   ErrorMvcAutoConfiguration.DefaultErrorViewResolverConfiguration#conventionErrorViewResolver matched:
?[0m?[0;34m      - @ConditionalOnBean (types: org.springframework.web.servlet.DispatcherServlet; SearchStrategy: all) found bean 'dispatcherServlet'; @ConditionalOnMissingBean (types: org.springframework.boot.autoconfigure.web.servlet.error.ErrorViewResolver; SearchStrategy: all) did not find any beans (OnBeanCondition)
?[0m?[0;34m
?[0m?[0;34m   ErrorMvcAutoConfiguration.WhitelabelErrorViewConfiguration matched:
?[0m?[0;34m      - @ConditionalOnProperty (server.error.whitelabel.enabled) matched (OnPropertyCondition)
?[0m?[0;34m      - ErrorTemplate Missing did not find error template view (ErrorMvcAutoConfiguration.ErrorTemplateMissingCondition)
?[0m?[0;34m
?[0m?[0;34m   ErrorMvcAutoConfiguration.WhitelabelErrorViewConfiguration#beanNameViewResolver matched:
?[0m?[0;34m      - @ConditionalOnMissingBean (types: org.springframework.web.servlet.view.BeanNameViewResolver; SearchStrategy: all) did not find any beans (OnBeanCondition)
?[0m?[0;34m
?[0m?[0;34m   ErrorMvcAutoConfiguration.WhitelabelErrorViewConfiguration#defaultErrorView matched:
?[0m?[0;34m      - @ConditionalOnMissingBean (names: error; SearchStrategy: all) did not find any beans (OnBeanCondition)
?[0m?[0;34m
?[0m?[0;34m   GenericCacheConfiguration matched:
?[0m?[0;34m      - Cache org.springframework.boot.autoconfigure.cache.GenericCacheConfiguration automatic cache type (CacheCondition)
?[0m?[0;34m
?[0m?[0;34m   GsonAutoConfiguration matched:
?[0m?[0;34m      - @ConditionalOnClass found required class 'com.google.gson.Gson' (OnClassCondition)
?[0m?[0;34m
?[0m?[0;34m   GsonAutoConfiguration#gson matched:
?[0m?[0;34m      - @ConditionalOnMissingBean (types: com.google.gson.Gson; SearchStrategy: all) did not find any beans (OnBeanCondition)
?[0m?[0;34m
?[0m?[0;34m   GsonAutoConfiguration#gsonBuilder matched:
?[0m?[0;34m      - @ConditionalOnMissingBean (types: com.google.gson.GsonBuilder; SearchStrategy: all) did not find any beans (OnBeanCondition)
?[0m?[0;34m
?[0m?[0;34m   GsonHttpMessageConvertersConfiguration matched:
?[0m?[0;34m      - @ConditionalOnClass found required class 'com.google.gson.Gson' (OnClassCondition)
?[0m?[0;34m
?[0m?[0;34m   H2ConsoleAutoConfiguration matched:
?[0m?[0;34m      - @ConditionalOnClass found required class 'org.h2.server.web.WebServlet' (OnClassCondition)
?[0m?[0;34m      - found 'session' scope (OnWebApplicationCondition)
?[0m?[0;34m      - @ConditionalOnProperty (spring.h2.console.enabled=true) matched (OnPropertyCondition)
?[0m?[0;34m
?[0m?[0;34m   HealthContributorAutoConfiguration#pingHealthContributor matched:
?[0m?[0;34m      - @ConditionalOnEnabledHealthIndicator management.health.defaults.enabled is considered true (OnEnabledHealthIndicatorCondition)
?[0m?[0;34m
?[0m?[0;34m   HealthEndpointAutoConfiguration matched:
?[0m?[0;34m      - @ConditionalOnAvailableEndpoint no property management.endpoint.health.enabled found so using endpoint default; @ConditionalOnAvailableEndpoint marked as exposed by a 'management.endpoints.web.exposure' property (OnAvailableEndpointCondition)
?[0m?[0;34m
?[0m?[0;34m   HealthEndpointConfiguration#healthContributorRegistry matched:
?[0m?[0;34m      - @ConditionalOnMissingBean (types: org.springframework.boot.actuate.health.HealthContributorRegistry; SearchStrategy: all) did not find any beans (OnBeanCondition)
?[0m?[0;34m
?[0m?[0;34m   HealthEndpointConfiguration#healthEndpoint matched:
?[0m?[0;34m      - @ConditionalOnMissingBean (types: org.springframework.boot.actuate.health.HealthEndpoint; SearchStrategy: all) did not find any beans (OnBeanCondition)
?[0m?[0;34m
?[0m?[0;34m   HealthEndpointConfiguration#healthEndpointGroups matched:
?[0m?[0;34m      - @ConditionalOnMissingBean (types: org.springframework.boot.actuate.health.HealthEndpointGroups; SearchStrategy: all) did not find any beans (OnBeanCondition)
?[0m?[0;34m
?[0m?[0;34m   HealthEndpointConfiguration#healthHttpCodeStatusMapper matched:
?[0m?[0;34m      - @ConditionalOnMissingBean (types: org.springframework.boot.actuate.health.HttpCodeStatusMapper; SearchStrategy: all) did not find any beans (OnBeanCondition)
?[0m?[0;34m
?[0m?[0;34m   HealthEndpointConfiguration#healthStatusAggregator matched:
?[0m?[0;34m      - @ConditionalOnMissingBean (types: org.springframework.boot.actuate.health.StatusAggregator; SearchStrategy: all) did not find any beans (OnBeanCondition)
?[0m?[0;34m
?[0m?[0;34m   HealthEndpointWebExtensionConfiguration matched:
?[0m?[0;34m      - found 'session' scope (OnWebApplicationCondition)
?[0m?[0;34m      - @ConditionalOnBean (types: org.springframework.boot.actuate.health.HealthEndpoint; SearchStrategy: all) found bean 'healthEndpoint' (OnBeanCondition)
?[0m?[0;34m
?[0m?[0;34m   HealthEndpointWebExtensionConfiguration#healthEndpointWebExtension matched:
?[0m?[0;34m      - @ConditionalOnBean (types: org.springframework.boot.actuate.health.HealthEndpoint; SearchStrategy: all) found bean 'healthEndpoint'; @ConditionalOnMissingBean (types: org.springframework.boot.actuate.health.HealthEndpointWebExtension; SearchStrategy: all) did not find any beans (OnBeanCondition)
?[0m?[0;34m
?[0m?[0;34m   HeapDumpWebEndpointAutoConfiguration matched:
?[0m?[0;34m      - @ConditionalOnAvailableEndpoint no property management.endpoint.heapdump.enabled found so using endpoint default; @ConditionalOnAvailableEndpoint marked as exposed by a 'management.endpoints.web.exposure' property (OnAvailableEndpointCondition)
?[0m?[0;34m
?[0m?[0;34m   HeapDumpWebEndpointAutoConfiguration#heapDumpWebEndpoint matched:
?[0m?[0;34m      - @ConditionalOnMissingBean (types: org.springframework.boot.actuate.management.HeapDumpWebEndpoint; SearchStrategy: all) did not find any beans (OnBeanCondition)
?[0m?[0;34m
?[0m?[0;34m   HibernateJpaAutoConfiguration matched:
?[0m?[0;34m      - @ConditionalOnClass found required classes 'org.springframework.orm.jpa.LocalContainerEntityManagerFactoryBean', 'javax.persistence.EntityManager', 'org.hibernate.engine.spi.SessionImplementor' (OnClassCondition)
?[0m?[0;34m
?[0m?[0;34m   HibernateJpaConfiguration matched:
?[0m?[0;34m      - @ConditionalOnSingleCandidate (types: javax.sql.DataSource; SearchStrategy: all) found a primary bean from beans 'dataSource' (OnBeanCondition)
?[0m?[0;34m
?[0m?[0;34m   HttpClientMetricsAutoConfiguration matched:
?[0m?[0;34m      - @ConditionalOnClass found required class 'io.micrometer.core.instrument.MeterRegistry' (OnClassCondition)
?[0m?[0;34m      - @ConditionalOnBean (types: io.micrometer.core.instrument.MeterRegistry; SearchStrategy: all) found bean 'simpleMeterRegistry' (OnBeanCondition)
?[0m?[0;34m
?[0m?[0;34m   HttpEncodingAutoConfiguration matched:
?[0m?[0;34m      - @ConditionalOnClass found required class 'org.springframework.web.filter.CharacterEncodingFilter' (OnClassCondition)
?[0m?[0;34m      - found 'session' scope (OnWebApplicationCondition)
?[0m?[0;34m      - @ConditionalOnProperty (server.servlet.encoding.enabled) matched (OnPropertyCondition)
?[0m?[0;34m
?[0m?[0;34m   HttpEncodingAutoConfiguration#characterEncodingFilter matched:
?[0m?[0;34m      - @ConditionalOnMissingBean (types: org.springframework.web.filter.CharacterEncodingFilter; SearchStrategy: all) did not find any beans (OnBeanCondition)
?[0m?[0;34m
?[0m?[0;34m   HttpMessageConvertersAutoConfiguration matched:
?[0m?[0;34m      - @ConditionalOnClass found required class 'org.springframework.http.converter.HttpMessageConverter' (OnClassCondition)
?[0m?[0;34m      - NoneNestedConditions 0 matched 1 did not; NestedCondition on HttpMessageConvertersAutoConfiguration.NotReactiveWebApplicationCondition.ReactiveWebApplication did not find reactive web application classes (HttpMessageConvertersAutoConfiguration.NotReactiveWebApplicationCondition)
?[0m?[0;34m
?[0m?[0;34m   HttpMessageConvertersAutoConfiguration#messageConverters matched:
?[0m?[0;34m      - @ConditionalOnMissingBean (types: org.springframework.boot.autoconfigure.http.HttpMessageConverters; SearchStrategy: all) did not find any beans (OnBeanCondition)
?[0m?[0;34m
?[0m?[0;34m   HttpMessageConvertersAutoConfiguration.StringHttpMessageConverterConfiguration matched:
?[0m?[0;34m      - @ConditionalOnClass found required class 'org.springframework.http.converter.StringHttpMessageConverter' (OnClassCondition)
?[0m?[0;34m
?[0m?[0;34m   HttpMessageConvertersAutoConfiguration.StringHttpMessageConverterConfiguration#stringHttpMessageConverter matched:
?[0m?[0;34m      - @ConditionalOnMissingBean (types: org.springframework.http.converter.StringHttpMessageConverter; SearchStrategy: all) did not find any beans (OnBeanCondition)
?[0m?[0;34m
?[0m?[0;34m   HttpTraceEndpointAutoConfiguration matched:
?[0m?[0;34m      - @ConditionalOnAvailableEndpoint no property management.endpoint.httptrace.enabled found so using endpoint default; @ConditionalOnAvailableEndpoint marked as exposed by a 'management.endpoints.web.exposure' property (OnAvailableEndpointCondition)
?[0m?[0;34m
?[0m?[0;34m   InfoContributorAutoConfiguration#envInfoContributor matched:
?[0m?[0;34m      - @ConditionalOnEnabledInfoContributor management.info.defaults.enabled is considered true (OnEnabledInfoContributorCondition)
?[0m?[0;34m
?[0m?[0;34m   InfoEndpointAutoConfiguration matched:
?[0m?[0;34m      - @ConditionalOnAvailableEndpoint no property management.endpoint.info.enabled found so using endpoint default; @ConditionalOnAvailableEndpoint marked as exposed by a 'management.endpoints.web.exposure' property (OnAvailableEndpointCondition)
?[0m?[0;34m
?[0m?[0;34m   InfoEndpointAutoConfiguration#infoEndpoint matched:
?[0m?[0;34m      - @ConditionalOnMissingBean (types: org.springframework.boot.actuate.info.InfoEndpoint; SearchStrategy: all) did not find any beans (OnBeanCondition)
?[0m?[0;34m
?[0m?[0;34m   JacksonAutoConfiguration matched:
?[0m?[0;34m      - @ConditionalOnClass found required class 'com.fasterxml.jackson.databind.ObjectMapper' (OnClassCondition)
?[0m?[0;34m
?[0m?[0;34m   JacksonAutoConfiguration.Jackson2ObjectMapperBuilderCustomizerConfiguration matched:
?[0m?[0;34m      - @ConditionalOnClass found required class 'org.springframework.http.converter.json.Jackson2ObjectMapperBuilder' (OnClassCondition)
?[0m?[0;34m
?[0m?[0;34m   JacksonAutoConfiguration.JacksonObjectMapperBuilderConfiguration matched:
?[0m?[0;34m      - @ConditionalOnClass found required class 'org.springframework.http.converter.json.Jackson2ObjectMapperBuilder' (OnClassCondition)
?[0m?[0;34m
?[0m?[0;34m   JacksonAutoConfiguration.JacksonObjectMapperBuilderConfiguration#jacksonObjectMapperBuilder matched:
?[0m?[0;34m      - @ConditionalOnMissingBean (types: org.springframework.http.converter.json.Jackson2ObjectMapperBuilder; SearchStrategy: all) did not find any beans (OnBeanCondition)
?[0m?[0;34m
?[0m?[0;34m   JacksonAutoConfiguration.JacksonObjectMapperConfiguration matched:
?[0m?[0;34m      - @ConditionalOnClass found required class 'org.springframework.http.converter.json.Jackson2ObjectMapperBuilder' (OnClassCondition)
?[0m?[0;34m
?[0m?[0;34m   JacksonAutoConfiguration.JacksonObjectMapperConfiguration#jacksonObjectMapper matched:
?[0m?[0;34m      - @ConditionalOnMissingBean (types: com.fasterxml.jackson.databind.ObjectMapper; SearchStrategy: all) did not find any beans (OnBeanCondition)
?[0m?[0;34m
?[0m?[0;34m   JacksonAutoConfiguration.ParameterNamesModuleConfiguration matched:
?[0m?[0;34m      - @ConditionalOnClass found required class 'com.fasterxml.jackson.module.paramnames.ParameterNamesModule' (OnClassCondition)
?[0m?[0;34m
?[0m?[0;34m   JacksonAutoConfiguration.ParameterNamesModuleConfiguration#parameterNamesModule matched:
?[0m?[0;34m      - @ConditionalOnMissingBean (types: com.fasterxml.jackson.module.paramnames.ParameterNamesModule; SearchStrategy: all) did not find any beans (OnBeanCondition)
?[0m?[0;34m
?[0m?[0;34m   JacksonHttpMessageConvertersConfiguration.MappingJackson2HttpMessageConverterConfiguration matched:
?[0m?[0;34m      - @ConditionalOnClass found required class 'com.fasterxml.jackson.databind.ObjectMapper' (OnClassCondition)
?[0m?[0;34m      - @ConditionalOnProperty (spring.mvc.converters.preferred-json-mapper=jackson) matched (OnPropertyCondition)
?[0m?[0;34m      - @ConditionalOnBean (types: com.fasterxml.jackson.databind.ObjectMapper; SearchStrategy: all) found bean 'jacksonObjectMapper' (OnBeanCondition)
?[0m?[0;34m
?[0m?[0;34m   JacksonHttpMessageConvertersConfiguration.MappingJackson2HttpMessageConverterConfiguration#mappingJackson2HttpMessageConverter matched:
?[0m?[0;34m      - @ConditionalOnMissingBean (types: org.springframework.http.converter.json.MappingJackson2HttpMessageConverter ignored: org.springframework.hateoas.server.mvc.TypeConstrainedMappingJackson2HttpMessageConverter,org.springframework.data.rest.webmvc.alps.AlpsJsonHttpMessageConverter; SearchStrategy: all) did not find any beans (OnBeanCondition)
?[0m?[0;34m
?[0m?[0;34m   JdbcTemplateAutoConfiguration matched:
?[0m?[0;34m      - @ConditionalOnClass found required classes 'javax.sql.DataSource', 'org.springframework.jdbc.core.JdbcTemplate' (OnClassCondition)
?[0m?[0;34m      - @ConditionalOnSingleCandidate (types: javax.sql.DataSource; SearchStrategy: all) found a primary bean from beans 'dataSource' (OnBeanCondition)
?[0m?[0;34m
?[0m?[0;34m   JdbcTemplateConfiguration matched:
?[0m?[0;34m      - @ConditionalOnMissingBean (types: org.springframework.jdbc.core.JdbcOperations; SearchStrategy: all) did not find any beans (OnBeanCondition)
?[0m?[0;34m
?[0m?[0;34m   JpaBaseConfiguration#entityManagerFactory matched:
?[0m?[0;34m      - @ConditionalOnMissingBean (types: org.springframework.orm.jpa.LocalContainerEntityManagerFactoryBean,javax.persistence.EntityManagerFactory; SearchStrategy: all) did not find any beans (OnBeanCondition)
?[0m?[0;34m
?[0m?[0;34m   JpaBaseConfiguration#entityManagerFactoryBuilder matched:
?[0m?[0;34m      - @ConditionalOnMissingBean (types: org.springframework.boot.orm.jpa.EntityManagerFactoryBuilder; SearchStrategy: all) did not find any beans (OnBeanCondition)
?[0m?[0;34m
?[0m?[0;34m   JpaBaseConfiguration#jpaVendorAdapter matched:
?[0m?[0;34m      - @ConditionalOnMissingBean (types: org.springframework.orm.jpa.JpaVendorAdapter; SearchStrategy: all) did not find any beans (OnBeanCondition)
?[0m?[0;34m
?[0m?[0;34m   JpaBaseConfiguration#transactionManager matched:
?[0m?[0;34m      - @ConditionalOnMissingBean (types: org.springframework.transaction.TransactionManager; SearchStrategy: all) did not find any beans (OnBeanCondition)
?[0m?[0;34m
?[0m?[0;34m   JpaBaseConfiguration.JpaWebConfiguration matched:
?[0m?[0;34m      - @ConditionalOnClass found required class 'org.springframework.web.servlet.config.annotation.WebMvcConfigurer' (OnClassCondition)
?[0m?[0;34m      - found 'session' scope (OnWebApplicationCondition)
?[0m?[0;34m      - @ConditionalOnProperty (spring.jpa.open-in-view=true) matched (OnPropertyCondition)
?[0m?[0;34m      - @ConditionalOnMissingBean (types: org.springframework.orm.jpa.support.OpenEntityManagerInViewInterceptor,org.springframework.orm.jpa.support.OpenEntityManagerInViewFilter; SearchStrategy: all) did not find any beans (OnBeanCondition)
?[0m?[0;34m
?[0m?[0;34m   JpaRepositoriesAutoConfiguration matched:
?[0m?[0;34m      - @ConditionalOnClass found required class 'org.springframework.data.jpa.repository.JpaRepository' (OnClassCondition)
?[0m?[0;34m      - @ConditionalOnProperty (spring.data.jpa.repositories.enabled=true) matched (OnPropertyCondition)
?[0m?[0;34m      - @ConditionalOnBean (types: javax.sql.DataSource; SearchStrategy: all) found bean 'dataSource'; @ConditionalOnMissingBean (types: org.springframework.data.jpa.repository.support.JpaRepositoryFactoryBean,org.springframework.data.jpa.repository.config.JpaRepositoryConfigExtension; SearchStrategy: all) did not find any beans (OnBeanCondition)
?[0m?[0;34m
?[0m?[0;34m   JtaAutoConfiguration matched:
?[0m?[0;34m      - @ConditionalOnClass found required class 'javax.transaction.Transaction' (OnClassCondition)
?[0m?[0;34m      - @ConditionalOnProperty (spring.jta.enabled) matched (OnPropertyCondition)
?[0m?[0;34m
?[0m?[0;34m   JvmMetricsAutoConfiguration matched:
?[0m?[0;34m      - @ConditionalOnClass found required class 'io.micrometer.core.instrument.MeterRegistry' (OnClassCondition)
?[0m?[0;34m      - @ConditionalOnBean (types: io.micrometer.core.instrument.MeterRegistry; SearchStrategy: all) found bean 'simpleMeterRegistry' (OnBeanCondition)
?[0m?[0;34m
?[0m?[0;34m   JvmMetricsAutoConfiguration#classLoaderMetrics matched:
?[0m?[0;34m      - @ConditionalOnMissingBean (types: io.micrometer.core.instrument.binder.jvm.ClassLoaderMetrics; SearchStrategy: all) did not find any beans (OnBeanCondition)
?[0m?[0;34m
?[0m?[0;34m   JvmMetricsAutoConfiguration#jvmGcMetrics matched:
?[0m?[0;34m      - @ConditionalOnMissingBean (types: io.micrometer.core.instrument.binder.jvm.JvmGcMetrics; SearchStrategy: all) did not find any beans (OnBeanCondition)
?[0m?[0;34m
?[0m?[0;34m   JvmMetricsAutoConfiguration#jvmMemoryMetrics matched:
?[0m?[0;34m      - @ConditionalOnMissingBean (types: io.micrometer.core.instrument.binder.jvm.JvmMemoryMetrics; SearchStrategy: all) did not find any beans (OnBeanCondition)
?[0m?[0;34m
?[0m?[0;34m   JvmMetricsAutoConfiguration#jvmThreadMetrics matched:
?[0m?[0;34m      - @ConditionalOnMissingBean (types: io.micrometer.core.instrument.binder.jvm.JvmThreadMetrics; SearchStrategy: all) did not find any beans (OnBeanCondition)
?[0m?[0;34m
?[0m?[0;34m   LifecycleAutoConfiguration#defaultLifecycleProcessor matched:
?[0m?[0;34m      - @ConditionalOnMissingBean (names: lifecycleProcessor; SearchStrategy: current) did not find any beans (OnBeanCondition)
?[0m?[0;34m
?[0m?[0;34m   LogFileWebEndpointAutoConfiguration matched:
?[0m?[0;34m      - @ConditionalOnAvailableEndpoint no property management.endpoint.logfile.enabled found so using endpoint default; @ConditionalOnAvailableEndpoint marked as exposed by a 'management.endpoints.web.exposure' property (OnAvailableEndpointCondition)
?[0m?[0;34m
?[0m?[0;34m   LogbackMetricsAutoConfiguration matched:
?[0m?[0;34m      - @ConditionalOnClass found required classes 'io.micrometer.core.instrument.MeterRegistry', 'ch.qos.logback.classic.LoggerContext', 'org.slf4j.LoggerFactory' (OnClassCondition)
?[0m?[0;34m      - LogbackLoggingCondition ILoggerFactory is a Logback LoggerContext (LogbackMetricsAutoConfiguration.LogbackLoggingCondition)
?[0m?[0;34m      - @ConditionalOnBean (types: io.micrometer.core.instrument.MeterRegistry; SearchStrategy: all) found bean 'simpleMeterRegistry' (OnBeanCondition)
?[0m?[0;34m
?[0m?[0;34m   LogbackMetricsAutoConfiguration#logbackMetrics matched:
?[0m?[0;34m      - @ConditionalOnMissingBean (types: io.micrometer.core.instrument.binder.logging.LogbackMetrics; SearchStrategy: all) did not find any beans (OnBeanCondition)
?[0m?[0;34m
?[0m?[0;34m   LoggersEndpointAutoConfiguration matched:
?[0m?[0;34m      - @ConditionalOnAvailableEndpoint no property management.endpoint.loggers.enabled found so using endpoint default; @ConditionalOnAvailableEndpoint marked as exposed by a 'management.endpoints.web.exposure' property (OnAvailableEndpointCondition)
?[0m?[0;34m
?[0m?[0;34m   LoggersEndpointAutoConfiguration#loggersEndpoint matched:
?[0m?[0;34m      - Logging System enabled (LoggersEndpointAutoConfiguration.OnEnabledLoggingSystemCondition)
?[0m?[0;34m      - @ConditionalOnBean (types: org.springframework.boot.logging.LoggingSystem; SearchStrategy: all) found bean 'springBootLoggingSystem'; @ConditionalOnMissingBean (types: org.springframework.boot.actuate.logging.LoggersEndpoint; SearchStrategy: all) did not find any beans (OnBeanCondition)
?[0m?[0;34m
?[0m?[0;34m   ManagementContextAutoConfiguration.SameManagementContextConfiguration matched:
?[0m?[0;34m      - Management Port actual port type (SAME) matched required type (OnManagementPortCondition)
?[0m?[0;34m
?[0m?[0;34m   MappingsEndpointAutoConfiguration matched:
?[0m?[0;34m      - @ConditionalOnAvailableEndpoint no property management.endpoint.mappings.enabled found so using endpoint default; @ConditionalOnAvailableEndpoint marked as exposed by a 'management.endpoints.web.exposure' property (OnAvailableEndpointCondition)
?[0m?[0;34m
?[0m?[0;34m   MappingsEndpointAutoConfiguration.ServletWebConfiguration matched:
?[0m?[0;34m      - found 'session' scope (OnWebApplicationCondition)
?[0m?[0;34m
?[0m?[0;34m   MappingsEndpointAutoConfiguration.ServletWebConfiguration.SpringMvcConfiguration matched:
?[0m?[0;34m      - @ConditionalOnClass found required class 'org.springframework.web.servlet.DispatcherServlet' (OnClassCondition)
?[0m?[0;34m      - @ConditionalOnBean (types: org.springframework.web.servlet.DispatcherServlet; SearchStrategy: all) found bean 'dispatcherServlet' (OnBeanCondition)
?[0m?[0;34m
?[0m?[0;34m   MetricsAutoConfiguration matched:
?[0m?[0;34m      - @ConditionalOnClass found required class 'io.micrometer.core.annotation.Timed' (OnClassCondition)
?[0m?[0;34m
?[0m?[0;34m   MetricsAutoConfiguration#micrometerClock matched:
?[0m?[0;34m      - @ConditionalOnMissingBean (types: io.micrometer.core.instrument.Clock; SearchStrategy: all) did not find any beans (OnBeanCondition)
?[0m?[0;34m
?[0m?[0;34m   MetricsEndpointAutoConfiguration matched:
?[0m?[0;34m      - @ConditionalOnClass found required class 'io.micrometer.core.annotation.Timed' (OnClassCondition)
?[0m?[0;34m      - @ConditionalOnAvailableEndpoint no property management.endpoint.metrics.enabled found so using endpoint default; @ConditionalOnAvailableEndpoint marked as exposed by a 'management.endpoints.web.exposure' property (OnAvailableEndpointCondition)
?[0m?[0;34m
?[0m?[0;34m   MetricsEndpointAutoConfiguration#metricsEndpoint matched:
?[0m?[0;34m      - @ConditionalOnBean (types: io.micrometer.core.instrument.MeterRegistry; SearchStrategy: all) found bean 'simpleMeterRegistry'; @ConditionalOnMissingBean (types: org.springframework.boot.actuate.metrics.MetricsEndpoint; SearchStrategy: all) did not find any beans (OnBeanCondition)
?[0m?[0;34m
?[0m?[0;34m   MultipartAutoConfiguration matched:
?[0m?[0;34m      - @ConditionalOnClass found required classes 'javax.servlet.Servlet', 'org.springframework.web.multipart.support.StandardServletMultipartResolver', 'javax.servlet.MultipartConfigElement' (OnClassCondition)
?[0m?[0;34m      - found 'session' scope (OnWebApplicationCondition)
?[0m?[0;34m      - @ConditionalOnProperty (spring.servlet.multipart.enabled) matched (OnPropertyCondition)
?[0m?[0;34m
?[0m?[0;34m   MultipartAutoConfiguration#multipartConfigElement matched:
?[0m?[0;34m      - @ConditionalOnMissingBean (types: javax.servlet.MultipartConfigElement,org.springframework.web.multipart.commons.CommonsMultipartResolver; SearchStrategy: all) did not find any beans (OnBeanCondition)
?[0m?[0;34m
?[0m?[0;34m   MultipartAutoConfiguration#multipartResolver matched:
?[0m?[0;34m      - @ConditionalOnMissingBean (types: org.springframework.web.multipart.MultipartResolver; SearchStrategy: all) did not find any beans (OnBeanCondition)
?[0m?[0;34m
?[0m?[0;34m   NamedParameterJdbcTemplateConfiguration matched:
?[0m?[0;34m      - @ConditionalOnSingleCandidate (types: org.springframework.jdbc.core.JdbcTemplate; SearchStrategy: all) found a primary bean from beans 'jdbcTemplate'; @ConditionalOnMissingBean (types: org.springframework.jdbc.core.namedparam.NamedParameterJdbcOperations; SearchStrategy: all) did not find any beans (OnBeanCondition)
?[0m?[0;34m
?[0m?[0;34m   NoOpCacheConfiguration matched:
?[0m?[0;34m      - Cache org.springframework.boot.autoconfigure.cache.NoOpCacheConfiguration automatic cache type (CacheCondition)
?[0m?[0;34m
?[0m?[0;34m   PersistenceExceptionTranslationAutoConfiguration matched:
?[0m?[0;34m      - @ConditionalOnClass found required class 'org.springframework.dao.annotation.PersistenceExceptionTranslationPostProcessor' (OnClassCondition)
?[0m?[0;34m
?[0m?[0;34m   PersistenceExceptionTranslationAutoConfiguration#persistenceExceptionTranslationPostProcessor matched:
?[0m?[0;34m      - @ConditionalOnProperty (spring.dao.exceptiontranslation.enabled) matched (OnPropertyCondition)
?[0m?[0;34m      - @ConditionalOnMissingBean (types: org.springframework.dao.annotation.PersistenceExceptionTranslationPostProcessor; SearchStrategy: all) did not find any beans (OnBeanCondition)
?[0m?[0;34m
?[0m?[0;34m   PropertyPlaceholderAutoConfiguration#propertySourcesPlaceholderConfigurer matched:
?[0m?[0;34m      - @ConditionalOnMissingBean (types: org.springframework.context.support.PropertySourcesPlaceholderConfigurer; SearchStrategy: current) did not find any beans (OnBeanCondition)
?[0m?[0;34m
?[0m?[0;34m   RepositoryMetricsAutoConfiguration matched:
?[0m?[0;34m      - @ConditionalOnClass found required class 'org.springframework.data.repository.Repository' (OnClassCondition)
?[0m?[0;34m      - @ConditionalOnBean (types: io.micrometer.core.instrument.MeterRegistry; SearchStrategy: all) found bean 'simpleMeterRegistry' (OnBeanCondition)
?[0m?[0;34m
?[0m?[0;34m   RepositoryMetricsAutoConfiguration#metricsRepositoryMethodInvocationListener matched:
?[0m?[0;34m      - @ConditionalOnMissingBean (types: org.springframework.boot.actuate.metrics.data.MetricsRepositoryMethodInvocationListener; SearchStrategy: all) did not find any beans (OnBeanCondition)
?[0m?[0;34m
?[0m?[0;34m   RepositoryMetricsAutoConfiguration#repositoryTagsProvider matched:
?[0m?[0;34m      - @ConditionalOnMissingBean (types: org.springframework.boot.actuate.metrics.data.RepositoryTagsProvider; SearchStrategy: all) did not find any beans (OnBeanCondition)
?[0m?[0;34m
?[0m?[0;34m   RestTemplateAutoConfiguration matched:
?[0m?[0;34m      - @ConditionalOnClass found required class 'org.springframework.web.client.RestTemplate' (OnClassCondition)
?[0m?[0;34m      - NoneNestedConditions 0 matched 1 did not; NestedCondition on RestTemplateAutoConfiguration.NotReactiveWebApplicationCondition.ReactiveWebApplication did not find reactive web application classes (RestTemplateAutoConfiguration.NotReactiveWebApplicationCondition)
?[0m?[0;34m
?[0m?[0;34m   RestTemplateAutoConfiguration#restTemplateBuilder matched:
?[0m?[0;34m      - @ConditionalOnMissingBean (types: org.springframework.boot.web.client.RestTemplateBuilder; SearchStrategy: all) did not find any beans (OnBeanCondition)
?[0m?[0;34m
?[0m?[0;34m   RestTemplateAutoConfiguration#restTemplateBuilderConfigurer matched:
?[0m?[0;34m      - @ConditionalOnMissingBean (types: org.springframework.boot.autoconfigure.web.client.RestTemplateBuilderConfigurer; SearchStrategy: all) did not find any beans (OnBeanCondition)
?[0m?[0;34m
?[0m?[0;34m   RestTemplateMetricsConfiguration matched:
?[0m?[0;34m      - @ConditionalOnClass found required class 'org.springframework.web.client.RestTemplate' (OnClassCondition)
?[0m?[0;34m      - @ConditionalOnBean (types: org.springframework.boot.web.client.RestTemplateBuilder; SearchStrategy: all) found bean 'restTemplateBuilder' (OnBeanCondition)
?[0m?[0;34m
?[0m?[0;34m   RestTemplateMetricsConfiguration#restTemplateExchangeTagsProvider matched:
?[0m?[0;34m      - @ConditionalOnMissingBean (types: org.springframework.boot.actuate.metrics.web.client.RestTemplateExchangeTagsProvider; SearchStrategy: all) did not find any beans (OnBeanCondition)
?[0m?[0;34m
?[0m?[0;34m   ScheduledTasksEndpointAutoConfiguration matched:
?[0m?[0;34m      - @ConditionalOnAvailableEndpoint no property management.endpoint.scheduledtasks.enabled found so using endpoint default; @ConditionalOnAvailableEndpoint marked as exposed by a 'management.endpoints.web.exposure' property (OnAvailableEndpointCondition)
?[0m?[0;34m
?[0m?[0;34m   ScheduledTasksEndpointAutoConfiguration#scheduledTasksEndpoint matched:
?[0m?[0;34m      - @ConditionalOnMissingBean (types: org.springframework.boot.actuate.scheduling.ScheduledTasksEndpoint; SearchStrategy: all) did not find any beans (OnBeanCondition)
?[0m?[0;34m
?[0m?[0;34m   SecurityAutoConfiguration matched:
?[0m?[0;34m      - @ConditionalOnClass found required class 'org.springframework.security.authentication.DefaultAuthenticationEventPublisher' (OnClassCondition)
?[0m?[0;34m
?[0m?[0;34m   SecurityAutoConfiguration#authenticationEventPublisher matched:
?[0m?[0;34m      - @ConditionalOnMissingBean (types: org.springframework.security.authentication.AuthenticationEventPublisher; SearchStrategy: all) did not find any beans (OnBeanCondition)
?[0m?[0;34m
?[0m?[0;34m   SecurityFilterAutoConfiguration matched:
?[0m?[0;34m      - @ConditionalOnClass found required classes 'org.springframework.security.web.context.AbstractSecurityWebApplicationInitializer', 'org.springframework.security.config.http.SessionCreationPolicy' (OnClassCondition)
?[0m?[0;34m      - found 'session' scope (OnWebApplicationCondition)
?[0m?[0;34m
?[0m?[0;34m   SecurityFilterAutoConfiguration#securityFilterChainRegistration matched:
?[0m?[0;34m      - @ConditionalOnBean (names: springSecurityFilterChain; SearchStrategy: all) found bean 'springSecurityFilterChain' (OnBeanCondition)
?[0m?[0;34m
?[0m?[0;34m   SecurityRequestMatchersManagementContextConfiguration matched:
?[0m?[0;34m      - @ConditionalOnClass found required class 'org.springframework.security.web.util.matcher.RequestMatcher' (OnClassCondition)
?[0m?[0;34m      - found 'session' scope (OnWebApplicationCondition)
?[0m?[0;34m
?[0m?[0;34m   SecurityRequestMatchersManagementContextConfiguration.MvcRequestMatcherConfiguration matched:
?[0m?[0;34m      - @ConditionalOnClass found required class 'org.springframework.web.servlet.DispatcherServlet' (OnClassCondition)
?[0m?[0;34m      - @ConditionalOnBean (types: org.springframework.boot.autoconfigure.web.servlet.DispatcherServletPath; SearchStrategy: all) found bean 'dispatcherServletRegistration' (OnBeanCondition)
?[0m?[0;34m
?[0m?[0;34m   SecurityRequestMatchersManagementContextConfiguration.MvcRequestMatcherConfiguration#requestMatcherProvider matched:
?[0m?[0;34m      - @ConditionalOnClass found required class 'org.springframework.web.servlet.DispatcherServlet' (OnClassCondition)
?[0m?[0;34m      - @ConditionalOnMissingBean (types: org.springframework.boot.autoconfigure.security.servlet.RequestMatcherProvider; SearchStrategy: all) did not find any beans (OnBeanCondition)
?[0m?[0;34m
?[0m?[0;34m   ServletEndpointManagementContextConfiguration matched:
?[0m?[0;34m      - found 'session' scope (OnWebApplicationCondition)
?[0m?[0;34m
?[0m?[0;34m   ServletEndpointManagementContextConfiguration.WebMvcServletEndpointManagementContextConfiguration matched:
?[0m?[0;34m      - @ConditionalOnClass found required class 'org.springframework.web.servlet.DispatcherServlet' (OnClassCondition)
?[0m?[0;34m
?[0m?[0;34m   ServletManagementContextAutoConfiguration matched:
?[0m?[0;34m      - @ConditionalOnClass found required class 'javax.servlet.Servlet' (OnClassCondition)
?[0m?[0;34m      - found 'session' scope (OnWebApplicationCondition)
?[0m?[0;34m
?[0m?[0;34m   ServletWebServerFactoryAutoConfiguration matched:
?[0m?[0;34m      - @ConditionalOnClass found required class 'javax.servlet.ServletRequest' (OnClassCondition)
?[0m?[0;34m      - found 'session' scope (OnWebApplicationCondition)
?[0m?[0;34m
?[0m?[0;34m   ServletWebServerFactoryAutoConfiguration#tomcatServletWebServerFactoryCustomizer matched:
?[0m?[0;34m      - @ConditionalOnClass found required class 'org.apache.catalina.startup.Tomcat' (OnClassCondition)
?[0m?[0;34m
?[0m?[0;34m   ServletWebServerFactoryConfiguration.EmbeddedTomcat matched:
?[0m?[0;34m      - @ConditionalOnClass found required classes 'javax.servlet.Servlet', 'org.apache.catalina.startup.Tomcat', 'org.apache.coyote.UpgradeProtocol' (OnClassCondition)
?[0m?[0;34m      - @ConditionalOnMissingBean (types: org.springframework.boot.web.servlet.server.ServletWebServerFactory; SearchStrategy: current) did not find any beans (OnBeanCondition)
?[0m?[0;34m
?[0m?[0;34m   ShutdownEndpointAutoConfiguration matched:
?[0m?[0;34m      - @ConditionalOnAvailableEndpoint found property management.endpoint.shutdown.enabled with value true; @ConditionalOnAvailableEndpoint marked as exposed by a 'management.endpoints.web.exposure' property (OnAvailableEndpointCondition)
?[0m?[0;34m
?[0m?[0;34m   ShutdownEndpointAutoConfiguration#shutdownEndpoint matched:
?[0m?[0;34m      - @ConditionalOnMissingBean (types: org.springframework.boot.actuate.context.ShutdownEndpoint; SearchStrategy: all) did not find any beans (OnBeanCondition)
?[0m?[0;34m
?[0m?[0;34m   SimpleCacheConfiguration matched:
?[0m?[0;34m      - Cache org.springframework.boot.autoconfigure.cache.SimpleCacheConfiguration automatic cache type (CacheCondition)
?[0m?[0;34m
?[0m?[0;34m   SimpleMetricsExportAutoConfiguration matched:
?[0m?[0;34m      - @ConditionalOnEnabledMetricsExport management.metrics.export.defaults.enabled is considered true (OnMetricsExportEnabledCondition)
?[0m?[0;34m      - @ConditionalOnBean (types: io.micrometer.core.instrument.Clock; SearchStrategy: all) found bean 'micrometerClock'; @ConditionalOnMissingBean (types: io.micrometer.core.instrument.MeterRegistry; SearchStrategy: all) did not find any beans (OnBeanCondition)
?[0m?[0;34m
?[0m?[0;34m   SimpleMetricsExportAutoConfiguration#simpleConfig matched:
?[0m?[0;34m      - @ConditionalOnMissingBean (types: io.micrometer.core.instrument.simple.SimpleConfig; SearchStrategy: all) did not find any beans (OnBeanCondition)
?[0m?[0;34m
?[0m?[0;34m   SpringDataWebAutoConfiguration matched:
?[0m?[0;34m      - @ConditionalOnClass found required classes 'org.springframework.data.web.PageableHandlerMethodArgumentResolver', 'org.springframework.web.servlet.config.annotation.WebMvcConfigurer' (OnClassCondition)
?[0m?[0;34m      - found 'session' scope (OnWebApplicationCondition)
?[0m?[0;34m      - @ConditionalOnMissingBean (types: org.springframework.data.web.PageableHandlerMethodArgumentResolver; SearchStrategy: all) did not find any beans (OnBeanCondition)
?[0m?[0;34m
?[0m?[0;34m   SpringDataWebAutoConfiguration#pageableCustomizer matched:
?[0m?[0;34m      - @ConditionalOnMissingBean (types: org.springframework.data.web.config.PageableHandlerMethodArgumentResolverCustomizer; SearchStrategy: all) did not find any beans (OnBeanCondition)
?[0m?[0;34m
?[0m?[0;34m   SpringDataWebAutoConfiguration#sortCustomizer matched:
?[0m?[0;34m      - @ConditionalOnMissingBean (types: org.springframework.data.web.config.SortHandlerMethodArgumentResolverCustomizer; SearchStrategy: all) did not find any beans (OnBeanCondition)
?[0m?[0;34m
?[0m?[0;34m   SqlInitializationAutoConfiguration matched:
?[0m?[0;34m      - @ConditionalOnProperty (spring.sql.init.enabled) matched (OnPropertyCondition)
?[0m?[0;34m      - NoneNestedConditions 0 matched 1 did not; NestedCondition on SqlInitializationAutoConfiguration.SqlInitializationModeCondition.ModeIsNever @ConditionalOnProperty (spring.sql.init.mode=never) did not find property 'mode' (SqlInitializationAutoConfiguration.SqlInitializationModeCondition)
?[0m?[0;34m      - @ConditionalOnMissingBean (types: org.springframework.boot.sql.init.AbstractScriptDatabaseInitializer; SearchStrategy: all) did not find any beans (OnBeanCondition)
?[0m?[0;34m
?[0m?[0;34m   SystemMetricsAutoConfiguration matched:
?[0m?[0;34m      - @ConditionalOnClass found required class 'io.micrometer.core.instrument.MeterRegistry' (OnClassCondition)
?[0m?[0;34m      - @ConditionalOnBean (types: io.micrometer.core.instrument.MeterRegistry; SearchStrategy: all) found bean 'simpleMeterRegistry' (OnBeanCondition)
?[0m?[0;34m
?[0m?[0;34m   SystemMetricsAutoConfiguration#fileDescriptorMetrics matched:
?[0m?[0;34m      - @ConditionalOnMissingBean (types: io.micrometer.core.instrument.binder.system.FileDescriptorMetrics; SearchStrategy: all) did not find any beans (OnBeanCondition)
?[0m?[0;34m
?[0m?[0;34m   SystemMetricsAutoConfiguration#processorMetrics matched:
?[0m?[0;34m      - @ConditionalOnMissingBean (types: io.micrometer.core.instrument.binder.system.ProcessorMetrics; SearchStrategy: all) did not find any beans (OnBeanCondition)
?[0m?[0;34m
?[0m?[0;34m   SystemMetricsAutoConfiguration#uptimeMetrics matched:
?[0m?[0;34m      - @ConditionalOnMissingBean (types: io.micrometer.core.instrument.binder.system.UptimeMetrics; SearchStrategy: all) did not find any beans (OnBeanCondition)
?[0m?[0;34m
?[0m?[0;34m   TaskExecutionAutoConfiguration matched:
?[0m?[0;34m      - @ConditionalOnClass found required class 'org.springframework.scheduling.concurrent.ThreadPoolTaskExecutor' (OnClassCondition)
?[0m?[0;34m
?[0m?[0;34m   TaskExecutionAutoConfiguration#applicationTaskExecutor matched:
?[0m?[0;34m      - @ConditionalOnMissingBean (types: java.util.concurrent.Executor; SearchStrategy: all) did not find any beans (OnBeanCondition)
?[0m?[0;34m
?[0m?[0;34m   TaskExecutionAutoConfiguration#taskExecutorBuilder matched:
?[0m?[0;34m      - @ConditionalOnMissingBean (types: org.springframework.boot.task.TaskExecutorBuilder; SearchStrategy: all) did not find any beans (OnBeanCondition)
?[0m?[0;34m
?[0m?[0;34m   TaskSchedulingAutoConfiguration matched:
?[0m?[0;34m      - @ConditionalOnClass found required class 'org.springframework.scheduling.concurrent.ThreadPoolTaskScheduler' (OnClassCondition)
?[0m?[0;34m
?[0m?[0;34m   TaskSchedulingAutoConfiguration#taskSchedulerBuilder matched:
?[0m?[0;34m      - @ConditionalOnMissingBean (types: org.springframework.boot.task.TaskSchedulerBuilder; SearchStrategy: all) did not find any beans (OnBeanCondition)
?[0m?[0;34m
?[0m?[0;34m   ThreadDumpEndpointAutoConfiguration matched:
?[0m?[0;34m      - @ConditionalOnAvailableEndpoint no property management.endpoint.threaddump.enabled found so using endpoint default; @ConditionalOnAvailableEndpoint marked as exposed by a 'management.endpoints.web.exposure' property (OnAvailableEndpointCondition)
?[0m?[0;34m
?[0m?[0;34m   ThreadDumpEndpointAutoConfiguration#dumpEndpoint matched:
?[0m?[0;34m      - @ConditionalOnMissingBean (types: org.springframework.boot.actuate.management.ThreadDumpEndpoint; SearchStrategy: all) did not find any beans (OnBeanCondition)
?[0m?[0;34m
?[0m?[0;34m   TomcatMetricsAutoConfiguration matched:
?[0m?[0;34m      - @ConditionalOnClass found required classes 'io.micrometer.core.instrument.binder.tomcat.TomcatMetrics', 'org.apache.catalina.Manager' (OnClassCondition)
?[0m?[0;34m      - @ConditionalOnWebApplication (required) found 'session' scope (OnWebApplicationCondition)
?[0m?[0;34m
?[0m?[0;34m   TomcatMetricsAutoConfiguration#tomcatMetricsBinder matched:
?[0m?[0;34m      - @ConditionalOnBean (types: io.micrometer.core.instrument.MeterRegistry; SearchStrategy: all) found bean 'simpleMeterRegistry'; @ConditionalOnMissingBean (types: io.micrometer.core.instrument.binder.tomcat.TomcatMetrics,org.springframework.boot.actuate.metrics.web.tomcat.TomcatMetricsBinder; SearchStrategy: all) did not find any beans (OnBeanCondition)
?[0m?[0;34m
?[0m?[0;34m   TransactionAutoConfiguration matched:
?[0m?[0;34m      - @ConditionalOnClass found required class 'org.springframework.transaction.PlatformTransactionManager' (OnClassCondition)
?[0m?[0;34m
?[0m?[0;34m   TransactionAutoConfiguration#platformTransactionManagerCustomizers matched:
?[0m?[0;34m      - @ConditionalOnMissingBean (types: org.springframework.boot.autoconfigure.transaction.TransactionManagerCustomizers; SearchStrategy: all) did not find any beans (OnBeanCondition)
?[0m?[0;34m
?[0m?[0;34m   TransactionAutoConfiguration.EnableTransactionManagementConfiguration matched:
?[0m?[0;34m      - @ConditionalOnBean (types: org.springframework.transaction.TransactionManager; SearchStrategy: all) found bean 'transactionManager'; @ConditionalOnMissingBean (types: org.springframework.transaction.annotation.AbstractTransactionManagementConfiguration; SearchStrategy: all) did not find any beans (OnBeanCondition)
?[0m?[0;34m
?[0m?[0;34m   TransactionAutoConfiguration.EnableTransactionManagementConfiguration.CglibAutoProxyConfiguration matched:
?[0m?[0;34m      - @ConditionalOnProperty (spring.aop.proxy-target-class=true) matched (OnPropertyCondition)
?[0m?[0;34m
?[0m?[0;34m   TransactionAutoConfiguration.TransactionTemplateConfiguration matched:
?[0m?[0;34m      - @ConditionalOnSingleCandidate (types: org.springframework.transaction.PlatformTransactionManager; SearchStrategy: all) found a primary bean from beans 'transactionManager' (OnBeanCondition)
?[0m?[0;34m
?[0m?[0;34m   TransactionAutoConfiguration.TransactionTemplateConfiguration#transactionTemplate matched:
?[0m?[0;34m      - @ConditionalOnMissingBean (types: org.springframework.transaction.support.TransactionOperations; SearchStrategy: all) did not find any beans (OnBeanCondition)
?[0m?[0;34m
?[0m?[0;34m   ValidationAutoConfiguration matched:
?[0m?[0;34m      - @ConditionalOnClass found required class 'javax.validation.executable.ExecutableValidator' (OnClassCondition)
?[0m?[0;34m      - @ConditionalOnResource found location classpath:META-INF/services/javax.validation.spi.ValidationProvider (OnResourceCondition)
?[0m?[0;34m
?[0m?[0;34m   ValidationAutoConfiguration#defaultValidator matched:
?[0m?[0;34m      - @ConditionalOnMissingBean (types: javax.validation.Validator; SearchStrategy: all) did not find any beans (OnBeanCondition)
?[0m?[0;34m
?[0m?[0;34m   ValidationAutoConfiguration#methodValidationPostProcessor matched:
?[0m?[0;34m      - @ConditionalOnMissingBean (types: org.springframework.validation.beanvalidation.MethodValidationPostProcessor; SearchStrategy: all) did not find any beans (OnBeanCondition)
?[0m?[0;34m
?[0m?[0;34m   WebEndpointAutoConfiguration matched:
?[0m?[0;34m      - @ConditionalOnWebApplication (required) found 'session' scope (OnWebApplicationCondition)
?[0m?[0;34m
?[0m?[0;34m   WebEndpointAutoConfiguration#controllerEndpointDiscoverer matched:
?[0m?[0;34m      - @ConditionalOnMissingBean (types: org.springframework.boot.actuate.endpoint.web.annotation.ControllerEndpointsSupplier; SearchStrategy: all) did not find any beans (OnBeanCondition)
?[0m?[0;34m
?[0m?[0;34m   WebEndpointAutoConfiguration#endpointMediaTypes matched:
?[0m?[0;34m      - @ConditionalOnMissingBean (types: org.springframework.boot.actuate.endpoint.web.EndpointMediaTypes; SearchStrategy: all) did not find any beans (OnBeanCondition)
?[0m?[0;34m
?[0m?[0;34m   WebEndpointAutoConfiguration#pathMappedEndpoints matched:
?[0m?[0;34m      - @ConditionalOnMissingBean (types: org.springframework.boot.actuate.endpoint.web.PathMappedEndpoints; SearchStrategy: all) did not find any beans (OnBeanCondition)
?[0m?[0;34m
?[0m?[0;34m   WebEndpointAutoConfiguration#webEndpointDiscoverer matched:
?[0m?[0;34m      - @ConditionalOnMissingBean (types: org.springframework.boot.actuate.endpoint.web.WebEndpointsSupplier; SearchStrategy: all) did not find any beans (OnBeanCondition)
?[0m?[0;34m
?[0m?[0;34m   WebEndpointAutoConfiguration.WebEndpointServletConfiguration matched:
?[0m?[0;34m      - found 'session' scope (OnWebApplicationCondition)
?[0m?[0;34m
?[0m?[0;34m   WebEndpointAutoConfiguration.WebEndpointServletConfiguration#servletEndpointDiscoverer matched:
?[0m?[0;34m      - @ConditionalOnMissingBean (types: org.springframework.boot.actuate.endpoint.web.annotation.ServletEndpointsSupplier; SearchStrategy: all) did not find any beans (OnBeanCondition)
?[0m?[0;34m
?[0m?[0;34m   WebMvcAutoConfiguration matched:
?[0m?[0;34m      - @ConditionalOnClass found required classes 'javax.servlet.Servlet', 'org.springframework.web.servlet.DispatcherServlet', 'org.springframework.web.servlet.config.annotation.WebMvcConfigurer' (OnClassCondition)
?[0m?[0;34m      - found 'session' scope (OnWebApplicationCondition)
?[0m?[0;34m      - @ConditionalOnMissingBean (types: org.springframework.web.servlet.config.annotation.WebMvcConfigurationSupport; SearchStrategy: all) did not find any beans (OnBeanCondition)
?[0m?[0;34m
?[0m?[0;34m   WebMvcAutoConfiguration#formContentFilter matched:
?[0m?[0;34m      - @ConditionalOnProperty (spring.mvc.formcontent.filter.enabled) matched (OnPropertyCondition)
?[0m?[0;34m      - @ConditionalOnMissingBean (types: org.springframework.web.filter.FormContentFilter; SearchStrategy: all) did not find any beans (OnBeanCondition)
?[0m?[0;34m
?[0m?[0;34m   WebMvcAutoConfiguration.EnableWebMvcConfiguration#flashMapManager matched:
?[0m?[0;34m      - @ConditionalOnMissingBean (names: flashMapManager; SearchStrategy: all) did not find any beans (OnBeanCondition)
?[0m?[0;34m
?[0m?[0;34m   WebMvcAutoConfiguration.EnableWebMvcConfiguration#localeResolver matched:
?[0m?[0;34m      - @ConditionalOnMissingBean (names: localeResolver; SearchStrategy: all) did not find any beans (OnBeanCondition)
?[0m?[0;34m
?[0m?[0;34m   WebMvcAutoConfiguration.EnableWebMvcConfiguration#themeResolver matched:
?[0m?[0;34m      - @ConditionalOnMissingBean (names: themeResolver; SearchStrategy: all) did not find any beans (OnBeanCondition)
?[0m?[0;34m
?[0m?[0;34m   WebMvcAutoConfiguration.WebMvcAutoConfigurationAdapter#defaultViewResolver matched:
?[0m?[0;34m      - @ConditionalOnMissingBean (types: org.springframework.web.servlet.view.InternalResourceViewResolver; SearchStrategy: all) did not find any beans (OnBeanCondition)
?[0m?[0;34m
?[0m?[0;34m   WebMvcAutoConfiguration.WebMvcAutoConfigurationAdapter#requestContextFilter matched:
?[0m?[0;34m      - @ConditionalOnMissingBean (types: org.springframework.web.context.request.RequestContextListener,org.springframework.web.filter.RequestContextFilter; SearchStrategy: all) did not find any beans (OnBeanCondition)
?[0m?[0;34m
?[0m?[0;34m   WebMvcAutoConfiguration.WebMvcAutoConfigurationAdapter#viewResolver matched:
?[0m?[0;34m      - @ConditionalOnBean (types: org.springframework.web.servlet.ViewResolver; SearchStrategy: all) found beans 'defaultViewResolver', 'beanNameViewResolver', 'mvcViewResolver'; @ConditionalOnMissingBean (names: viewResolver types: org.springframework.web.servlet.view.ContentNegotiatingViewResolver; SearchStrategy: all) did not find any beans (OnBeanCondition)
?[0m?[0;34m
?[0m?[0;34m   WebMvcEndpointManagementContextConfiguration matched:
?[0m?[0;34m      - @ConditionalOnClass found required class 'org.springframework.web.servlet.DispatcherServlet' (OnClassCondition)
?[0m?[0;34m      - found 'session' scope (OnWebApplicationCondition)
?[0m?[0;34m      - @ConditionalOnBean (types: org.springframework.web.servlet.DispatcherServlet,org.springframework.boot.actuate.endpoint.web.WebEndpointsSupplier; SearchStrategy: all) found beans 'webEndpointDiscoverer', 'dispatcherServlet' (OnBeanCondition)
?[0m?[0;34m
?[0m?[0;34m   WebMvcEndpointManagementContextConfiguration#controllerEndpointHandlerMapping matched:
?[0m?[0;34m      - @ConditionalOnMissingBean (types: org.springframework.boot.actuate.endpoint.web.servlet.ControllerEndpointHandlerMapping; SearchStrategy: all) did not find any beans (OnBeanCondition)
?[0m?[0;34m
?[0m?[0;34m   WebMvcEndpointManagementContextConfiguration#webEndpointServletHandlerMapping matched:
?[0m?[0;34m      - @ConditionalOnMissingBean (types: org.springframework.boot.actuate.endpoint.web.servlet.WebMvcEndpointHandlerMapping; SearchStrategy: all) did not find any beans (OnBeanCondition)
?[0m?[0;34m
?[0m?[0;34m   WebMvcMetricsAutoConfiguration matched:
?[0m?[0;34m      - @ConditionalOnClass found required class 'org.springframework.web.servlet.DispatcherServlet' (OnClassCondition)
?[0m?[0;34m      - found 'session' scope (OnWebApplicationCondition)
?[0m?[0;34m      - @ConditionalOnBean (types: io.micrometer.core.instrument.MeterRegistry; SearchStrategy: all) found bean 'simpleMeterRegistry' (OnBeanCondition)
?[0m?[0;34m
?[0m?[0;34m   WebMvcMetricsAutoConfiguration#webMvcTagsProvider matched:
?[0m?[0;34m      - @ConditionalOnMissingBean (types: org.springframework.boot.actuate.metrics.web.servlet.WebMvcTagsProvider; SearchStrategy: all) did not find any beans (OnBeanCondition)
?[0m?[0;34m
?[0m?[0;34m   WebSocketServletAutoConfiguration matched:
?[0m?[0;34m      - @ConditionalOnClass found required classes 'javax.servlet.Servlet', 'javax.websocket.server.ServerContainer' (OnClassCondition)
?[0m?[0;34m      - found 'session' scope (OnWebApplicationCondition)
?[0m?[0;34m
?[0m?[0;34m   WebSocketServletAutoConfiguration.TomcatWebSocketConfiguration matched:
?[0m?[0;34m      - @ConditionalOnClass found required classes 'org.apache.catalina.startup.Tomcat', 'org.apache.tomcat.websocket.server.WsSci' (OnClassCondition)
?[0m?[0;34m
?[0m?[0;34m   WebSocketServletAutoConfiguration.TomcatWebSocketConfiguration#websocketServletWebServerCustomizer matched:
?[0m?[0;34m      - @ConditionalOnMissingBean (names: websocketServletWebServerCustomizer; SearchStrategy: all) did not find any beans (OnBeanCondition)
?[0m?[0;34m
?[0m?[0;34m
?[0m?[0;34mNegative matches:
?[0m?[0;34m-----------------
?[0m?[0;34m
?[0m?[0;34m   ActiveMQAutoConfiguration:
?[0m?[0;34m      Did not match:
?[0m?[0;34m         - @ConditionalOnClass did not find required class 'javax.jms.ConnectionFactory' (OnClassCondition)
?[0m?[0;34m
?[0m?[0;34m   AopAutoConfiguration.AspectJAutoProxyingConfiguration.JdkDynamicAutoProxyConfiguration:
?[0m?[0;34m      Did not match:
?[0m?[0;34m         - @ConditionalOnProperty (spring.aop.proxy-target-class=false) did not find property 'proxy-target-class' (OnPropertyCondition)
?[0m?[0;34m
?[0m?[0;34m   AopAutoConfiguration.ClassProxyingConfiguration:
?[0m?[0;34m      Did not match:
?[0m?[0;34m         - @ConditionalOnMissingClass found unwanted class 'org.aspectj.weaver.Advice' (OnClassCondition)
?[0m?[0;34m
?[0m?[0;34m   AppOpticsMetricsExportAutoConfiguration:
?[0m?[0;34m      Did not match:
?[0m?[0;34m         - @ConditionalOnClass did not find required class 'io.micrometer.appoptics.AppOpticsMeterRegistry' (OnClassCondition)
?[0m?[0;34m
?[0m?[0;34m   ArtemisAutoConfiguration:
?[0m?[0;34m      Did not match:
?[0m?[0;34m         - @ConditionalOnClass did not find required class 'javax.jms.ConnectionFactory' (OnClassCondition)
?[0m?[0;34m
?[0m?[0;34m   AtlasMetricsExportAutoConfiguration:
?[0m?[0;34m      Did not match:
?[0m?[0;34m         - @ConditionalOnClass did not find required class 'io.micrometer.atlas.AtlasMeterRegistry' (OnClassCondition)
?[0m?[0;34m
?[0m?[0;34m   AtomikosJtaConfiguration:
?[0m?[0;34m      Did not match:
?[0m?[0;34m         - @ConditionalOnClass did not find required class 'com.atomikos.icatch.jta.UserTransactionManager' (OnClassCondition)
?[0m?[0;34m
?[0m?[0;34m   AuditAutoConfiguration:
?[0m?[0;34m      Did not match:
?[0m?[0;34m         - @ConditionalOnBean (types: org.springframework.boot.actuate.audit.AuditEventRepository; SearchStrategy: all) did not find any beans of type org.springframework.boot.actuate.audit.AuditEventRepository (OnBeanCondition)
?[0m?[0;34m      Matched:
?[0m?[0;34m         - @ConditionalOnProperty (management.auditevents.enabled) matched (OnPropertyCondition)
?[0m?[0;34m
?[0m?[0;34m   AuditEventsEndpointAutoConfiguration#auditEventsEndpoint:
?[0m?[0;34m      Did not match:
?[0m?[0;34m         - @ConditionalOnBean (types: org.springframework.boot.actuate.audit.AuditEventRepository; SearchStrategy: all) did not find any beans of type org.springframework.boot.actuate.audit.AuditEventRepository (OnBeanCondition)
?[0m?[0;34m
?[0m?[0;34m   AvailabilityHealthContributorAutoConfiguration#livenessStateHealthIndicator:
?[0m?[0;34m      Did not match:
?[0m?[0;34m         - @ConditionalOnProperty (management.health.livenessstate.enabled=true) did not find property 'enabled' (OnPropertyCondition)
?[0m?[0;34m
?[0m?[0;34m   AvailabilityHealthContributorAutoConfiguration#readinessStateHealthIndicator:
?[0m?[0;34m      Did not match:
?[0m?[0;34m         - @ConditionalOnProperty (management.health.readinessstate.enabled=true) did not find property 'enabled' (OnPropertyCondition)
?[0m?[0;34m
?[0m?[0;34m   AvailabilityProbesAutoConfiguration:
?[0m?[0;34m      Did not match:
?[0m?[0;34m         - Probes availability not running on a supported cloud platform (AvailabilityProbesAutoConfiguration.ProbesCondition)
?[0m?[0;34m
?[0m?[0;34m   BatchAutoConfiguration:
?[0m?[0;34m      Did not match:
?[0m?[0;34m         - @ConditionalOnClass did not find required class 'org.springframework.batch.core.launch.JobLauncher' (OnClassCondition)
?[0m?[0;34m
?[0m?[0;34m   CacheAutoConfiguration:
?[0m?[0;34m      Did not match:
?[0m?[0;34m         - @ConditionalOnBean (types: org.springframework.cache.interceptor.CacheAspectSupport; SearchStrategy: all) did not find any beans of type org.springframework.cache.interceptor.CacheAspectSupport (OnBeanCondition)
?[0m?[0;34m      Matched:
?[0m?[0;34m         - @ConditionalOnClass found required class 'org.springframework.cache.CacheManager' (OnClassCondition)
?[0m?[0;34m
?[0m?[0;34m   CacheAutoConfiguration.CacheManagerEntityManagerFactoryDependsOnPostProcessor:
?[0m?[0;34m      Did not match:
?[0m?[0;34m         - Ancestor org.springframework.boot.autoconfigure.cache.CacheAutoConfiguration did not match (ConditionEvaluationReport.AncestorsMatchedCondition)
?[0m?[0;34m      Matched:
?[0m?[0;34m         - @ConditionalOnClass found required class 'org.springframework.orm.jpa.LocalContainerEntityManagerFactoryBean' (OnClassCondition)
?[0m?[0;34m
?[0m?[0;34m   CacheMeterBinderProvidersConfiguration.CaffeineCacheMeterBinderProviderConfiguration:
?[0m?[0;34m      Did not match:
?[0m?[0;34m         - @ConditionalOnClass did not find required classes 'org.springframework.cache.caffeine.CaffeineCache', 'com.github.benmanes.caffeine.cache.Cache' (OnClassCondition)
?[0m?[0;34m
?[0m?[0;34m   CacheMeterBinderProvidersConfiguration.EhCache2CacheMeterBinderProviderConfiguration:
?[0m?[0;34m      Did not match:
?[0m?[0;34m         - @ConditionalOnClass did not find required classes 'org.springframework.cache.ehcache.EhCacheCache', 'net.sf.ehcache.Ehcache' (OnClassCondition)
?[0m?[0;34m
?[0m?[0;34m   CacheMeterBinderProvidersConfiguration.HazelcastCacheMeterBinderProviderConfiguration:
?[0m?[0;34m      Did not match:
?[0m?[0;34m         - @ConditionalOnClass did not find required classes 'com.hazelcast.spring.cache.HazelcastCache', 'com.hazelcast.core.Hazelcast' (OnClassCondition)
?[0m?[0;34m
?[0m?[0;34m   CacheMeterBinderProvidersConfiguration.JCacheCacheMeterBinderProviderConfiguration:
?[0m?[0;34m      Did not match:
?[0m?[0;34m         - @ConditionalOnClass did not find required classes 'org.springframework.cache.jcache.JCacheCache', 'javax.cache.CacheManager' (OnClassCondition)
?[0m?[0;34m
?[0m?[0;34m   CacheMeterBinderProvidersConfiguration.RedisCacheMeterBinderProviderConfiguration:
?[0m?[0;34m      Did not match:
?[0m?[0;34m         - @ConditionalOnClass did not find required class 'org.springframework.data.redis.cache.RedisCache' (OnClassCondition)
?[0m?[0;34m
?[0m?[0;34m   CacheMetricsAutoConfiguration:
?[0m?[0;34m      Did not match:
?[0m?[0;34m         - @ConditionalOnBean (types: org.springframework.cache.CacheManager; SearchStrategy: all) did not find any beans of type org.springframework.cache.CacheManager (OnBeanCondition)
?[0m?[0;34m
?[0m?[0;34m   CaffeineCacheConfiguration:
?[0m?[0;34m      Did not match:
?[0m?[0;34m         - @ConditionalOnClass did not find required class 'com.github.benmanes.caffeine.cache.Caffeine' (OnClassCondition)
?[0m?[0;34m
?[0m?[0;34m   CassandraAutoConfiguration:
?[0m?[0;34m      Did not match:
?[0m?[0;34m         - @ConditionalOnClass did not find required class 'com.datastax.oss.driver.api.core.CqlSession' (OnClassCondition)
?[0m?[0;34m
?[0m?[0;34m   CassandraDataAutoConfiguration:
?[0m?[0;34m      Did not match:
?[0m?[0;34m         - @ConditionalOnClass did not find required class 'com.datastax.oss.driver.api.core.CqlSession' (OnClassCondition)
?[0m?[0;34m
?[0m?[0;34m   CassandraHealthContributorAutoConfiguration:
?[0m?[0;34m      Did not match:
?[0m?[0;34m         - @ConditionalOnClass did not find required class 'com.datastax.oss.driver.api.core.CqlSession' (OnClassCondition)
?[0m?[0;34m
?[0m?[0;34m   CassandraReactiveDataAutoConfiguration:
?[0m?[0;34m      Did not match:
?[0m?[0;34m         - @ConditionalOnClass did not find required class 'com.datastax.oss.driver.api.core.CqlSession' (OnClassCondition)
?[0m?[0;34m
?[0m?[0;34m   CassandraReactiveHealthContributorAutoConfiguration:
?[0m?[0;34m      Did not match:
?[0m?[0;34m         - @ConditionalOnClass did not find required class 'com.datastax.oss.driver.api.core.CqlSession' (OnClassCondition)
?[0m?[0;34m
?[0m?[0;34m   CassandraReactiveRepositoriesAutoConfiguration:
?[0m?[0;34m      Did not match:
?[0m?[0;34m         - @ConditionalOnClass did not find required class 'org.springframework.data.cassandra.ReactiveSession' (OnClassCondition)
?[0m?[0;34m
?[0m?[0;34m   CassandraRepositoriesAutoConfiguration:
?[0m?[0;34m      Did not match:
?[0m?[0;34m         - @ConditionalOnClass did not find required class 'com.datastax.oss.driver.api.core.CqlSession' (OnClassCondition)
?[0m?[0;34m
?[0m?[0;34m   ClientHttpConnectorAutoConfiguration:
?[0m?[0;34m      Did not match:
?[0m?[0;34m         - @ConditionalOnClass did not find required class 'org.springframework.web.reactive.function.client.WebClient' (OnClassCondition)
?[0m?[0;34m
?[0m?[0;34m   CloudFoundryActuatorAutoConfiguration:
?[0m?[0;34m      Did not match:
?[0m?[0;34m         - @ConditionalOnCloudPlatform did not find CLOUD_FOUNDRY (OnCloudPlatformCondition)
?[0m?[0;34m      Matched:
?[0m?[0;34m         - @ConditionalOnClass found required class 'org.springframework.web.servlet.DispatcherServlet' (OnClassCondition)
?[0m?[0;34m         - found 'session' scope (OnWebApplicationCondition)
?[0m?[0;34m         - @ConditionalOnProperty (management.cloudfoundry.enabled) matched (OnPropertyCondition)
?[0m?[0;34m
?[0m?[0;34m   CodecsAutoConfiguration:
?[0m?[0;34m      Did not match:
?[0m?[0;34m         - @ConditionalOnClass did not find required class 'org.springframework.web.reactive.function.client.WebClient' (OnClassCondition)
?[0m?[0;34m
?[0m?[0;34m   CompositeMeterRegistryConfiguration:
?[0m?[0;34m      Did not match:
?[0m?[0;34m         - NoneNestedConditions 1 matched 1 did not; NestedCondition on CompositeMeterRegistryConfiguration.MultipleNonPrimaryMeterRegistriesCondition.SingleInjectableMeterRegistry @ConditionalOnSingleCandidate (types: io.micrometer.core.instrument.MeterRegistry; SearchStrategy: all) found a primary bean from beans 'simpleMeterRegistry'; NestedCondition on CompositeMeterRegistryConfiguration.MultipleNonPrimaryMeterRegistriesCondition.NoMeterRegistryCondition @ConditionalOnMissingBean (types: io.micrometer.core.instrument.MeterRegistry; SearchStrategy: all) found beans of type 'io.micrometer.core.instrument.MeterRegistry' simpleMeterRegistry (CompositeMeterRegistryConfiguration.MultipleNonPrimaryMeterRegistriesCondition)
?[0m?[0;34m
?[0m?[0;34m   ConnectionFactoryHealthContributorAutoConfiguration:
?[0m?[0;34m      Did not match:
?[0m?[0;34m         - @ConditionalOnClass did not find required class 'io.r2dbc.spi.ConnectionFactory' (OnClassCondition)
?[0m?[0;34m
?[0m?[0;34m   ConnectionPoolMetricsAutoConfiguration:
?[0m?[0;34m      Did not match:
?[0m?[0;34m         - @ConditionalOnClass did not find required class 'io.r2dbc.pool.ConnectionPool' (OnClassCondition)
?[0m?[0;34m
?[0m?[0;34m   CouchbaseAutoConfiguration:
?[0m?[0;34m      Did not match:
?[0m?[0;34m         - @ConditionalOnClass did not find required class 'com.couchbase.client.java.Cluster' (OnClassCondition)
?[0m?[0;34m
?[0m?[0;34m   CouchbaseCacheConfiguration:
?[0m?[0;34m      Did not match:
?[0m?[0;34m         - @ConditionalOnClass did not find required class 'com.couchbase.client.java.Cluster' (OnClassCondition)
?[0m?[0;34m
?[0m?[0;34m   CouchbaseDataAutoConfiguration:
?[0m?[0;34m      Did not match:
?[0m?[0;34m         - @ConditionalOnClass did not find required class 'com.couchbase.client.java.Bucket' (OnClassCondition)
?[0m?[0;34m
?[0m?[0;34m   CouchbaseHealthContributorAutoConfiguration:
?[0m?[0;34m      Did not match:
?[0m?[0;34m         - @ConditionalOnClass did not find required class 'com.couchbase.client.java.Cluster' (OnClassCondition)
?[0m?[0;34m
?[0m?[0;34m   CouchbaseReactiveDataAutoConfiguration:
?[0m?[0;34m      Did not match:
?[0m?[0;34m         - @ConditionalOnClass did not find required class 'com.couchbase.client.java.Cluster' (OnClassCondition)
?[0m?[0;34m
?[0m?[0;34m   CouchbaseReactiveHealthContributorAutoConfiguration:
?[0m?[0;34m      Did not match:
?[0m?[0;34m         - @ConditionalOnClass did not find required class 'com.couchbase.client.java.Cluster' (OnClassCondition)
?[0m?[0;34m
?[0m?[0;34m   CouchbaseReactiveRepositoriesAutoConfiguration:
?[0m?[0;34m      Did not match:
?[0m?[0;34m         - @ConditionalOnClass did not find required class 'com.couchbase.client.java.Cluster' (OnClassCondition)
?[0m?[0;34m
?[0m?[0;34m   CouchbaseRepositoriesAutoConfiguration:
?[0m?[0;34m      Did not match:
?[0m?[0;34m         - @ConditionalOnClass did not find required class 'com.couchbase.client.java.Bucket' (OnClassCondition)
?[0m?[0;34m
?[0m?[0;34m   DataSourceAutoConfiguration.EmbeddedDatabaseConfiguration:
?[0m?[0;34m      Did not match:
?[0m?[0;34m         - EmbeddedDataSource spring.datasource.url is set (DataSourceAutoConfiguration.EmbeddedDatabaseCondition)
?[0m?[0;34m
?[0m?[0;34m   DataSourceConfiguration.Dbcp2:
?[0m?[0;34m      Did not match:
?[0m?[0;34m         - @ConditionalOnClass did not find required class 'org.apache.commons.dbcp2.BasicDataSource' (OnClassCondition)
?[0m?[0;34m
?[0m?[0;34m   DataSourceConfiguration.Generic:
?[0m?[0;34m      Did not match:
?[0m?[0;34m         - @ConditionalOnProperty (spring.datasource.type) did not find property 'spring.datasource.type' (OnPropertyCondition)
?[0m?[0;34m
?[0m?[0;34m   DataSourceConfiguration.OracleUcp:
?[0m?[0;34m      Did not match:
?[0m?[0;34m         - @ConditionalOnClass did not find required classes 'oracle.ucp.jdbc.PoolDataSourceImpl', 'oracle.jdbc.OracleConnection' (OnClassCondition)
?[0m?[0;34m
?[0m?[0;34m   DataSourceConfiguration.Tomcat:
?[0m?[0;34m      Did not match:
?[0m?[0;34m         - @ConditionalOnClass did not find required class 'org.apache.tomcat.jdbc.pool.DataSource' (OnClassCondition)
?[0m?[0;34m
?[0m?[0;34m   DataSourceInitializationConfiguration.InitializationSpecificCredentialsDataSourceInitializationConfiguration:
?[0m?[0;34m      Did not match:
?[0m?[0;34m         - AnyNestedCondition 0 matched 2 did not; NestedCondition on DataSourceInitializationConfiguration.InitializationSpecificCredentialsDataSourceInitializationConfiguration.DifferentCredentialsCondition.DataCredentials @ConditionalOnProperty (spring.datasource.data-username) did not find property 'data-username'; NestedCondition on DataSourceInitializationConfiguration.InitializationSpecificCredentialsDataSourceInitializationConfiguration.DifferentCredentialsCondition.SchemaCredentials @ConditionalOnProperty (spring.datasource.schema-username) did not find property 'schema-username' (DataSourceInitializationConfiguration.InitializationSpecificCredentialsDataSourceInitializationConfiguration.DifferentCredentialsCondition)
?[0m?[0;34m
?[0m?[0;34m   DataSourceInitializationConfiguration.SharedCredentialsDataSourceInitializationConfiguration:
?[0m?[0;34m      Did not match:
?[0m?[0;34m         - DataSource Initialization did not find configured properties spring.datasource.data-username, spring.datasource.schema-password, spring.datasource.schema[0], spring.datasource.data[0], spring.datasource.data, spring.datasource.schema-username, spring.datasource.data-password, spring.datasource.initialization-mode, spring.datasource.schema, spring.datasource.sql-script-encoding, spring.datasource.separator, spring.datasource.platform, spring.datasource.continue-on-error (DataSourceInitializationConfiguration.SharedCredentialsDataSourceInitializationConfiguration.DataSourceInitializationCondition)
?[0m?[0;34m
?[0m?[0;34m   DataSourceJmxConfiguration.TomcatDataSourceJmxConfiguration:
?[0m?[0;34m      Did not match:
?[0m?[0;34m         - @ConditionalOnClass did not find required class 'org.apache.tomcat.jdbc.pool.DataSourceProxy' (OnClassCondition)
?[0m?[0;34m
?[0m?[0;34m   DataSourcePoolMetadataProvidersConfiguration.CommonsDbcp2PoolDataSourceMetadataProviderConfiguration:
?[0m?[0;34m      Did not match:
?[0m?[0;34m         - @ConditionalOnClass did not find required class 'org.apache.commons.dbcp2.BasicDataSource' (OnClassCondition)
?[0m?[0;34m
?[0m?[0;34m   DataSourcePoolMetadataProvidersConfiguration.OracleUcpPoolDataSourceMetadataProviderConfiguration:
?[0m?[0;34m      Did not match:
?[0m?[0;34m         - @ConditionalOnClass did not find required classes 'oracle.ucp.jdbc.PoolDataSource', 'oracle.jdbc.OracleConnection' (OnClassCondition)
?[0m?[0;34m
?[0m?[0;34m   DataSourcePoolMetadataProvidersConfiguration.TomcatDataSourcePoolMetadataProviderConfiguration:
?[0m?[0;34m      Did not match:
?[0m?[0;34m         - @ConditionalOnClass did not find required class 'org.apache.tomcat.jdbc.pool.DataSource' (OnClassCondition)
?[0m?[0;34m
?[0m?[0;34m   DataSourceTransactionManagerAutoConfiguration.JdbcTransactionManagerConfiguration#transactionManager:
?[0m?[0;34m      Did not match:
?[0m?[0;34m         - @ConditionalOnMissingBean (types: org.springframework.transaction.TransactionManager; SearchStrategy: all) found beans of type 'org.springframework.transaction.TransactionManager' transactionManager (OnBeanCondition)
?[0m?[0;34m
?[0m?[0;34m   DatadogMetricsExportAutoConfiguration:
?[0m?[0;34m      Did not match:
?[0m?[0;34m         - @ConditionalOnClass did not find required class 'io.micrometer.datadog.DatadogMeterRegistry' (OnClassCondition)
?[0m?[0;34m
?[0m?[0;34m   DispatcherServletAutoConfiguration.DispatcherServletConfiguration#multipartResolver:
?[0m?[0;34m      Did not match:
?[0m?[0;34m         - @ConditionalOnBean (types: org.springframework.web.multipart.MultipartResolver; SearchStrategy: all) did not find any beans of type org.springframework.web.multipart.MultipartResolver (OnBeanCondition)
?[0m?[0;34m
?[0m?[0;34m   DynatraceMetricsExportAutoConfiguration:
?[0m?[0;34m      Did not match:
?[0m?[0;34m         - @ConditionalOnClass did not find required class 'io.micrometer.dynatrace.DynatraceMeterRegistry' (OnClassCondition)
?[0m?[0;34m
?[0m?[0;34m   EhCacheCacheConfiguration:
?[0m?[0;34m      Did not match:
?[0m?[0;34m         - @ConditionalOnClass did not find required class 'net.sf.ehcache.Cache' (OnClassCondition)
?[0m?[0;34m
?[0m?[0;34m   ElasticMetricsExportAutoConfiguration:
?[0m?[0;34m      Did not match:
?[0m?[0;34m         - @ConditionalOnClass did not find required class 'io.micrometer.elastic.ElasticMeterRegistry' (OnClassCondition)
?[0m?[0;34m
?[0m?[0;34m   ElasticSearchReactiveHealthContributorAutoConfiguration:
?[0m?[0;34m      Did not match:
?[0m?[0;34m         - @ConditionalOnClass did not find required class 'reactor.core.publisher.Flux' (OnClassCondition)
?[0m?[0;34m
?[0m?[0;34m   ElasticSearchRestHealthContributorAutoConfiguration:
?[0m?[0;34m      Did not match:
?[0m?[0;34m         - @ConditionalOnClass did not find required class 'org.elasticsearch.client.RestHighLevelClient' (OnClassCondition)
?[0m?[0;34m
?[0m?[0;34m   ElasticsearchDataAutoConfiguration:
?[0m?[0;34m      Did not match:
?[0m?[0;34m         - @ConditionalOnClass did not find required class 'org.springframework.data.elasticsearch.core.ElasticsearchRestTemplate' (OnClassCondition)
?[0m?[0;34m
?[0m?[0;34m   ElasticsearchRepositoriesAutoConfiguration:
?[0m?[0;34m      Did not match:
?[0m?[0;34m         - @ConditionalOnClass did not find required class 'org.elasticsearch.client.Client' (OnClassCondition)
?[0m?[0;34m
?[0m?[0;34m   ElasticsearchRestClientAutoConfiguration:
?[0m?[0;34m      Did not match:
?[0m?[0;34m         - @ConditionalOnClass did not find required class 'org.elasticsearch.client.RestHighLevelClient' (OnClassCondition)
?[0m?[0;34m
?[0m?[0;34m   EmbeddedLdapAutoConfiguration:
?[0m?[0;34m      Did not match:
?[0m?[0;34m         - @ConditionalOnClass did not find required class 'com.unboundid.ldap.listener.InMemoryDirectoryServer' (OnClassCondition)
?[0m?[0;34m
?[0m?[0;34m   EmbeddedMongoAutoConfiguration:
?[0m?[0;34m      Did not match:
?[0m?[0;34m         - @ConditionalOnClass did not find required class 'com.mongodb.MongoClientSettings' (OnClassCondition)
?[0m?[0;34m
?[0m?[0;34m   EmbeddedWebServerFactoryCustomizerAutoConfiguration.JettyWebServerFactoryCustomizerConfiguration:
?[0m?[0;34m      Did not match:
?[0m?[0;34m         - @ConditionalOnClass did not find required classes 'org.eclipse.jetty.server.Server', 'org.eclipse.jetty.util.Loader', 'org.eclipse.jetty.webapp.WebAppContext' (OnClassCondition)
?[0m?[0;34m
?[0m?[0;34m   EmbeddedWebServerFactoryCustomizerAutoConfiguration.NettyWebServerFactoryCustomizerConfiguration:
?[0m?[0;34m      Did not match:
?[0m?[0;34m         - @ConditionalOnClass did not find required class 'reactor.netty.http.server.HttpServer' (OnClassCondition)
?[0m?[0;34m
?[0m?[0;34m   EmbeddedWebServerFactoryCustomizerAutoConfiguration.UndertowWebServerFactoryCustomizerConfiguration:
?[0m?[0;34m      Did not match:
?[0m?[0;34m         - @ConditionalOnClass did not find required classes 'io.undertow.Undertow', 'org.xnio.SslClientAuthMode' (OnClassCondition)
?[0m?[0;34m
?[0m?[0;34m   ErrorWebFluxAutoConfiguration:
?[0m?[0;34m      Did not match:
?[0m?[0;34m         - @ConditionalOnClass did not find required class 'org.springframework.web.reactive.config.WebFluxConfigurer' (OnClassCondition)
?[0m?[0;34m
?[0m?[0;34m   FlywayAutoConfiguration:
?[0m?[0;34m      Did not match:
?[0m?[0;34m         - @ConditionalOnClass did not find required class 'org.flywaydb.core.Flyway' (OnClassCondition)
?[0m?[0;34m
?[0m?[0;34m   FlywayEndpointAutoConfiguration:
?[0m?[0;34m      Did not match:
?[0m?[0;34m         - @ConditionalOnClass did not find required class 'org.flywaydb.core.Flyway' (OnClassCondition)
?[0m?[0;34m
?[0m?[0;34m   FreeMarkerAutoConfiguration:
?[0m?[0;34m      Did not match:
?[0m?[0;34m         - @ConditionalOnClass did not find required class 'freemarker.template.Configuration' (OnClassCondition)
?[0m?[0;34m
?[0m?[0;34m   GangliaMetricsExportAutoConfiguration:
?[0m?[0;34m      Did not match:
?[0m?[0;34m         - @ConditionalOnClass did not find required class 'io.micrometer.ganglia.GangliaMeterRegistry' (OnClassCondition)
?[0m?[0;34m
?[0m?[0;34m   GraphiteMetricsExportAutoConfiguration:
?[0m?[0;34m      Did not match:
?[0m?[0;34m         - @ConditionalOnClass did not find required class 'io.micrometer.graphite.GraphiteMeterRegistry' (OnClassCondition)
?[0m?[0;34m
?[0m?[0;34m   GroovyTemplateAutoConfiguration:
?[0m?[0;34m      Did not match:
?[0m?[0;34m         - @ConditionalOnClass did not find required class 'groovy.text.markup.MarkupTemplateEngine' (OnClassCondition)
?[0m?[0;34m
?[0m?[0;34m   GsonHttpMessageConvertersConfiguration.GsonHttpMessageConverterConfiguration:
?[0m?[0;34m      Did not match:
?[0m?[0;34m         - AnyNestedCondition 0 matched 2 did not; NestedCondition on GsonHttpMessageConvertersConfiguration.PreferGsonOrJacksonAndJsonbUnavailableCondition.JacksonJsonbUnavailable NoneNestedConditions 1 matched 1 did not; NestedCondition on GsonHttpMessageConvertersConfiguration.JacksonAndJsonbUnavailableCondition.JsonbPreferred @ConditionalOnProperty (spring.mvc.converters.preferred-json-mapper=jsonb) did not find property 'spring.mvc.converters.preferred-json-mapper'; NestedCondition on GsonHttpMessageConvertersConfiguration.JacksonAndJsonbUnavailableCondition.JacksonAvailable @ConditionalOnBean (types: org.springframework.http.converter.json.MappingJackson2HttpMessageConverter; SearchStrategy: all) found bean 'mappingJackson2HttpMessageConverter'; NestedCondition on GsonHttpMessageConvertersConfiguration.PreferGsonOrJacksonAndJsonbUnavailableCondition.GsonPreferred @ConditionalOnProperty (spring.mvc.converters.preferred-json-mapper=gson) did not find property 'spring.mvc.converters.preferred-json-mapper' (GsonHttpMessageConvertersConfiguration.PreferGsonOrJacksonAndJsonbUnavailableCondition)
?[0m?[0;34m
?[0m?[0;34m   HazelcastAutoConfiguration:
?[0m?[0;34m      Did not match:
?[0m?[0;34m         - @ConditionalOnClass did not find required class 'com.hazelcast.core.HazelcastInstance' (OnClassCondition)
?[0m?[0;34m
?[0m?[0;34m   HazelcastCacheConfiguration:
?[0m?[0;34m      Did not match:
?[0m?[0;34m         - @ConditionalOnClass did not find required class 'com.hazelcast.core.HazelcastInstance' (OnClassCondition)
?[0m?[0;34m
?[0m?[0;34m   HazelcastHealthContributorAutoConfiguration:
?[0m?[0;34m      Did not match:
?[0m?[0;34m         - @ConditionalOnClass did not find required class 'com.hazelcast.core.HazelcastInstance' (OnClassCondition)
?[0m?[0;34m
?[0m?[0;34m   HazelcastJpaDependencyAutoConfiguration:
?[0m?[0;34m      Did not match:
?[0m?[0;34m         - @ConditionalOnClass did not find required class 'com.hazelcast.core.HazelcastInstance' (OnClassCondition)
?[0m?[0;34m
?[0m?[0;34m   HealthEndpointReactiveWebExtensionConfiguration:
?[0m?[0;34m      Did not match:
?[0m?[0;34m         - did not find reactive web application classes (OnWebApplicationCondition)
?[0m?[0;34m
?[0m?[0;34m   HibernateMetricsAutoConfiguration:
?[0m?[0;34m      Did not match:
?[0m?[0;34m         - @ConditionalOnClass did not find required class 'org.hibernate.stat.HibernateMetrics' (OnClassCondition)
?[0m?[0;34m
?[0m?[0;34m   HttpHandlerAutoConfiguration:
?[0m?[0;34m      Did not match:
?[0m?[0;34m         - @ConditionalOnClass did not find required class 'org.springframework.web.reactive.DispatcherHandler' (OnClassCondition)
?[0m?[0;34m
?[0m?[0;34m   HttpTraceAutoConfiguration:
?[0m?[0;34m      Did not match:
?[0m?[0;34m         - @ConditionalOnBean (types: org.springframework.boot.actuate.trace.http.HttpTraceRepository; SearchStrategy: all) did not find any beans of type org.springframework.boot.actuate.trace.http.HttpTraceRepository (OnBeanCondition)
?[0m?[0;34m      Matched:
?[0m?[0;34m         - @ConditionalOnWebApplication (required) found 'session' scope (OnWebApplicationCondition)
?[0m?[0;34m         - @ConditionalOnProperty (management.trace.http.enabled) matched (OnPropertyCondition)
?[0m?[0;34m
?[0m?[0;34m   HttpTraceAutoConfiguration.ReactiveTraceFilterConfiguration:
?[0m?[0;34m      Did not match:
?[0m?[0;34m         - did not find reactive web application classes (OnWebApplicationCondition)
?[0m?[0;34m         - Ancestor org.springframework.boot.actuate.autoconfigure.trace.http.HttpTraceAutoConfiguration did not match (ConditionEvaluationReport.AncestorsMatchedCondition)
?[0m?[0;34m
?[0m?[0;34m   HttpTraceAutoConfiguration.ServletTraceFilterConfiguration:
?[0m?[0;34m      Did not match:
?[0m?[0;34m         - Ancestor org.springframework.boot.actuate.autoconfigure.trace.http.HttpTraceAutoConfiguration did not match (ConditionEvaluationReport.AncestorsMatchedCondition)
?[0m?[0;34m      Matched:
?[0m?[0;34m         - found 'session' scope (OnWebApplicationCondition)
?[0m?[0;34m
?[0m?[0;34m   HttpTraceEndpointAutoConfiguration#httpTraceEndpoint:
?[0m?[0;34m      Did not match:
?[0m?[0;34m         - @ConditionalOnBean (types: org.springframework.boot.actuate.trace.http.HttpTraceRepository; SearchStrategy: all) did not find any beans of type org.springframework.boot.actuate.trace.http.HttpTraceRepository (OnBeanCondition)
?[0m?[0;34m
?[0m?[0;34m   HumioMetricsExportAutoConfiguration:
?[0m?[0;34m      Did not match:
?[0m?[0;34m         - @ConditionalOnClass did not find required class 'io.micrometer.humio.HumioMeterRegistry' (OnClassCondition)
?[0m?[0;34m
?[0m?[0;34m   HypermediaAutoConfiguration:
?[0m?[0;34m      Did not match:
?[0m?[0;34m         - @ConditionalOnClass did not find required class 'org.springframework.hateoas.EntityModel' (OnClassCondition)
?[0m?[0;34m
?[0m?[0;34m   InfinispanCacheConfiguration:
?[0m?[0;34m      Did not match:
?[0m?[0;34m         - @ConditionalOnClass did not find required class 'org.infinispan.spring.embedded.provider.SpringEmbeddedCacheManager' (OnClassCondition)
?[0m?[0;34m
?[0m?[0;34m   InfluxDbAutoConfiguration:
?[0m?[0;34m      Did not match:
?[0m?[0;34m         - @ConditionalOnClass did not find required class 'org.influxdb.InfluxDB' (OnClassCondition)
?[0m?[0;34m
?[0m?[0;34m   InfluxDbHealthContributorAutoConfiguration:
?[0m?[0;34m      Did not match:
?[0m?[0;34m         - @ConditionalOnClass did not find required class 'org.influxdb.InfluxDB' (OnClassCondition)
?[0m?[0;34m
?[0m?[0;34m   InfluxMetricsExportAutoConfiguration:
?[0m?[0;34m      Did not match:
?[0m?[0;34m         - @ConditionalOnClass did not find required class 'io.micrometer.influx.InfluxMeterRegistry' (OnClassCondition)
?[0m?[0;34m
?[0m?[0;34m   InfoContributorAutoConfiguration#buildInfoContributor:
?[0m?[0;34m      Did not match:
?[0m?[0;34m         - @ConditionalOnSingleCandidate (types: org.springframework.boot.info.BuildProperties; SearchStrategy: all) did not find any beans (OnBeanCondition)
?[0m?[0;34m      Matched:
?[0m?[0;34m         - @ConditionalOnEnabledInfoContributor management.info.defaults.enabled is considered true (OnEnabledInfoContributorCondition)
?[0m?[0;34m
?[0m?[0;34m   InfoContributorAutoConfiguration#gitInfoContributor:
?[0m?[0;34m      Did not match:
?[0m?[0;34m         - @ConditionalOnSingleCandidate (types: org.springframework.boot.info.GitProperties; SearchStrategy: all) did not find any beans (OnBeanCondition)
?[0m?[0;34m      Matched:
?[0m?[0;34m         - @ConditionalOnEnabledInfoContributor management.info.defaults.enabled is considered true (OnEnabledInfoContributorCondition)
?[0m?[0;34m
?[0m?[0;34m   IntegrationAutoConfiguration:
?[0m?[0;34m      Did not match:
?[0m?[0;34m         - @ConditionalOnClass did not find required class 'org.springframework.integration.config.EnableIntegration' (OnClassCondition)
?[0m?[0;34m
?[0m?[0;34m   IntegrationGraphEndpointAutoConfiguration:
?[0m?[0;34m      Did not match:
?[0m?[0;34m         - @ConditionalOnClass did not find required class 'org.springframework.integration.graph.IntegrationGraphServer' (OnClassCondition)
?[0m?[0;34m
?[0m?[0;34m   JCacheCacheConfiguration:
?[0m?[0;34m      Did not match:
?[0m?[0;34m         - @ConditionalOnClass did not find required class 'javax.cache.Caching' (OnClassCondition)
?[0m?[0;34m
?[0m?[0;34m   JacksonHttpMessageConvertersConfiguration.MappingJackson2XmlHttpMessageConverterConfiguration:
?[0m?[0;34m      Did not match:
?[0m?[0;34m         - @ConditionalOnClass did not find required class 'com.fasterxml.jackson.dataformat.xml.XmlMapper' (OnClassCondition)
?[0m?[0;34m
?[0m?[0;34m   JdbcRepositoriesAutoConfiguration:
?[0m?[0;34m      Did not match:
?[0m?[0;34m         - @ConditionalOnClass did not find required class 'org.springframework.data.jdbc.repository.config.AbstractJdbcConfiguration' (OnClassCondition)
?[0m?[0;34m
?[0m?[0;34m   JerseyAutoConfiguration:
?[0m?[0;34m      Did not match:
?[0m?[0;34m         - @ConditionalOnClass did not find required class 'org.glassfish.jersey.server.spring.SpringComponentProvider' (OnClassCondition)
?[0m?[0;34m
?[0m?[0;34m   JerseySameManagementContextConfiguration:
?[0m?[0;34m      Did not match:
?[0m?[0;34m         - @ConditionalOnClass did not find required class 'org.glassfish.jersey.server.ResourceConfig' (OnClassCondition)
?[0m?[0;34m
?[0m?[0;34m   JerseyServerMetricsAutoConfiguration:
?[0m?[0;34m      Did not match:
?[0m?[0;34m         - @ConditionalOnClass did not find required class 'io.micrometer.jersey2.server.MetricsApplicationEventListener' (OnClassCondition)
?[0m?[0;34m
?[0m?[0;34m   JerseyWebEndpointManagementContextConfiguration:
?[0m?[0;34m      Did not match:
?[0m?[0;34m         - @ConditionalOnClass did not find required class 'org.glassfish.jersey.server.ResourceConfig' (OnClassCondition)
?[0m?[0;34m
?[0m?[0;34m   JettyMetricsAutoConfiguration:
?[0m?[0;34m      Did not match:
?[0m?[0;34m         - @ConditionalOnClass did not find required class 'org.eclipse.jetty.server.Server' (OnClassCondition)
?[0m?[0;34m
?[0m?[0;34m   JmsAutoConfiguration:
?[0m?[0;34m      Did not match:
?[0m?[0;34m         - @ConditionalOnClass did not find required class 'javax.jms.Message' (OnClassCondition)
?[0m?[0;34m
?[0m?[0;34m   JmsHealthContributorAutoConfiguration:
?[0m?[0;34m      Did not match:
?[0m?[0;34m         - @ConditionalOnClass did not find required class 'javax.jms.ConnectionFactory' (OnClassCondition)
?[0m?[0;34m
?[0m?[0;34m   JmxAutoConfiguration:
?[0m?[0;34m      Did not match:
?[0m?[0;34m         - @ConditionalOnProperty (spring.jmx.enabled=true) did not find property 'enabled' (OnPropertyCondition)
?[0m?[0;34m      Matched:
?[0m?[0;34m         - @ConditionalOnClass found required class 'org.springframework.jmx.export.MBeanExporter' (OnClassCondition)
?[0m?[0;34m
?[0m?[0;34m   JmxEndpointAutoConfiguration:
?[0m?[0;34m      Did not match:
?[0m?[0;34m         - @ConditionalOnProperty (spring.jmx.enabled=true) did not find property 'enabled' (OnPropertyCondition)
?[0m?[0;34m
?[0m?[0;34m   JmxMetricsExportAutoConfiguration:
?[0m?[0;34m      Did not match:
?[0m?[0;34m         - @ConditionalOnClass did not find required class 'io.micrometer.jmx.JmxMeterRegistry' (OnClassCondition)
?[0m?[0;34m
?[0m?[0;34m   JndiConnectionFactoryAutoConfiguration:
?[0m?[0;34m      Did not match:
?[0m?[0;34m         - @ConditionalOnClass did not find required class 'org.springframework.jms.core.JmsTemplate' (OnClassCondition)
?[0m?[0;34m
?[0m?[0;34m   JndiDataSourceAutoConfiguration:
?[0m?[0;34m      Did not match:
?[0m?[0;34m         - @ConditionalOnProperty (spring.datasource.jndi-name) did not find property 'jndi-name' (OnPropertyCondition)
?[0m?[0;34m      Matched:
?[0m?[0;34m         - @ConditionalOnClass found required classes 'javax.sql.DataSource', 'org.springframework.jdbc.datasource.embedded.EmbeddedDatabaseType' (OnClassCondition)
?[0m?[0;34m
?[0m?[0;34m   JndiJtaConfiguration:
?[0m?[0;34m      Did not match:
?[0m?[0;34m         - @ConditionalOnJndi JNDI environment is not available (OnJndiCondition)
?[0m?[0;34m      Matched:
?[0m?[0;34m         - @ConditionalOnClass found required class 'org.springframework.transaction.jta.JtaTransactionManager' (OnClassCondition)
?[0m?[0;34m
?[0m?[0;34m   JolokiaEndpointAutoConfiguration:
?[0m?[0;34m      Did not match:
?[0m?[0;34m         - @ConditionalOnClass did not find required class 'org.jolokia.http.AgentServlet' (OnClassCondition)
?[0m?[0;34m
?[0m?[0;34m   JooqAutoConfiguration:
?[0m?[0;34m      Did not match:
?[0m?[0;34m         - @ConditionalOnClass did not find required class 'org.jooq.DSLContext' (OnClassCondition)
?[0m?[0;34m
?[0m?[0;34m   JpaRepositoriesAutoConfiguration#entityManagerFactoryBootstrapExecutorCustomizer:
?[0m?[0;34m      Did not match:
?[0m?[0;34m         - AnyNestedCondition 0 matched 2 did not; NestedCondition on JpaRepositoriesAutoConfiguration.BootstrapExecutorCondition.LazyBootstrapMode @ConditionalOnProperty (spring.data.jpa.repositories.bootstrap-mode=lazy) did not find property 'bootstrap-mode'; NestedCondition on JpaRepositoriesAutoConfiguration.BootstrapExecutorCondition.DeferredBootstrapMode @ConditionalOnProperty (spring.data.jpa.repositories.bootstrap-mode=deferred) did not find property 'bootstrap-mode' (JpaRepositoriesAutoConfiguration.BootstrapExecutorCondition)
?[0m?[0;34m
?[0m?[0;34m   JsonbAutoConfiguration:
?[0m?[0;34m      Did not match:
?[0m?[0;34m         - @ConditionalOnClass did not find required class 'javax.json.bind.Jsonb' (OnClassCondition)
?[0m?[0;34m
?[0m?[0;34m   JsonbHttpMessageConvertersConfiguration:
?[0m?[0;34m      Did not match:
?[0m?[0;34m         - @ConditionalOnClass did not find required class 'javax.json.bind.Jsonb' (OnClassCondition)
?[0m?[0;34m
?[0m?[0;34m   KafkaAutoConfiguration:
?[0m?[0;34m      Did not match:
?[0m?[0;34m         - @ConditionalOnClass did not find required class 'org.springframework.kafka.core.KafkaTemplate' (OnClassCondition)
?[0m?[0;34m
?[0m?[0;34m   KafkaMetricsAutoConfiguration:
?[0m?[0;34m      Did not match:
?[0m?[0;34m         - @ConditionalOnClass did not find required class 'org.springframework.kafka.core.ProducerFactory' (OnClassCondition)
?[0m?[0;34m
?[0m?[0;34m   KairosMetricsExportAutoConfiguration:
?[0m?[0;34m      Did not match:
?[0m?[0;34m         - @ConditionalOnClass did not find required class 'io.micrometer.kairos.KairosMeterRegistry' (OnClassCondition)
?[0m?[0;34m
?[0m?[0;34m   LdapAutoConfiguration:
?[0m?[0;34m      Did not match:
?[0m?[0;34m         - @ConditionalOnClass did not find required class 'org.springframework.ldap.core.ContextSource' (OnClassCondition)
?[0m?[0;34m
?[0m?[0;34m   LdapHealthContributorAutoConfiguration:
?[0m?[0;34m      Did not match:
?[0m?[0;34m         - @ConditionalOnClass did not find required class 'org.springframework.ldap.core.LdapOperations' (OnClassCondition)
?[0m?[0;34m
?[0m?[0;34m   LdapRepositoriesAutoConfiguration:
?[0m?[0;34m      Did not match:
?[0m?[0;34m         - @ConditionalOnClass did not find required class 'org.springframework.data.ldap.repository.LdapRepository' (OnClassCondition)
?[0m?[0;34m
?[0m?[0;34m   LiquibaseAutoConfiguration:
?[0m?[0;34m      Did not match:
?[0m?[0;34m         - @ConditionalOnClass did not find required class 'liquibase.change.DatabaseChange' (OnClassCondition)
?[0m?[0;34m
?[0m?[0;34m   LiquibaseEndpointAutoConfiguration:
?[0m?[0;34m      Did not match:
?[0m?[0;34m         - @ConditionalOnClass did not find required class 'liquibase.integration.spring.SpringLiquibase' (OnClassCondition)
?[0m?[0;34m
?[0m?[0;34m   Log4J2MetricsAutoConfiguration:
?[0m?[0;34m      Did not match:
?[0m?[0;34m         - @ConditionalOnClass did not find required class 'org.apache.logging.log4j.core.LoggerContext' (OnClassCondition)
?[0m?[0;34m
?[0m?[0;34m   LogFileWebEndpointAutoConfiguration#logFileWebEndpoint:
?[0m?[0;34m      Did not match:
?[0m?[0;34m         - Log File did not find logging file (LogFileWebEndpointAutoConfiguration.LogFileCondition)
?[0m?[0;34m
?[0m?[0;34m   MailHealthContributorAutoConfiguration:
?[0m?[0;34m      Did not match:
?[0m?[0;34m         - @ConditionalOnClass did not find required class 'org.springframework.mail.javamail.JavaMailSenderImpl' (OnClassCondition)
?[0m?[0;34m
?[0m?[0;34m   MailSenderAutoConfiguration:
?[0m?[0;34m      Did not match:
?[0m?[0;34m         - @ConditionalOnClass did not find required class 'javax.mail.internet.MimeMessage' (OnClassCondition)
?[0m?[0;34m
?[0m?[0;34m   MailSenderValidatorAutoConfiguration:
?[0m?[0;34m      Did not match:
?[0m?[0;34m         - @ConditionalOnSingleCandidate did not find required type 'org.springframework.mail.javamail.JavaMailSenderImpl' (OnBeanCondition)
?[0m?[0;34m
?[0m?[0;34m   ManagementContextAutoConfiguration.DifferentManagementContextConfiguration:
?[0m?[0;34m      Did not match:
?[0m?[0;34m         - Management Port actual port type (SAME) did not match required type (DIFFERENT) (OnManagementPortCondition)
?[0m?[0;34m
?[0m?[0;34m   ManagementWebSecurityAutoConfiguration:
?[0m?[0;34m      Did not match:
?[0m?[0;34m         - AllNestedConditions 1 matched 1 did not; NestedCondition on DefaultWebSecurityCondition.Beans @ConditionalOnMissingBean (types: org.springframework.security.config.annotation.web.configuration.WebSecurityConfigurerAdapter,org.springframework.security.web.SecurityFilterChain; SearchStrategy: all) found beans of type 'org.springframework.security.config.annotation.web.configuration.WebSecurityConfigurerAdapter' webSecurityConfigurerImpl; NestedCondition on DefaultWebSecurityCondition.Classes @ConditionalOnClass found required classes 'org.springframework.security.web.SecurityFilterChain', 'org.springframework.security.config.annotation.web.builders.HttpSecurity' (DefaultWebSecurityCondition)
?[0m?[0;34m      Matched:
?[0m?[0;34m         - found 'session' scope (OnWebApplicationCondition)
?[0m?[0;34m
?[0m?[0;34m   MappingsEndpointAutoConfiguration.ReactiveWebConfiguration:
?[0m?[0;34m      Did not match:
?[0m?[0;34m         - @ConditionalOnClass did not find required class 'org.springframework.web.reactive.DispatcherHandler' (OnClassCondition)
?[0m?[0;34m
?[0m?[0;34m   MessageSourceAutoConfiguration:
?[0m?[0;34m      Did not match:
?[0m?[0;34m         - ResourceBundle did not find bundle with basename messages (MessageSourceAutoConfiguration.ResourceBundleCondition)
?[0m?[0;34m
?[0m?[0;34m   MongoAutoConfiguration:
?[0m?[0;34m      Did not match:
?[0m?[0;34m         - @ConditionalOnClass did not find required class 'com.mongodb.client.MongoClient' (OnClassCondition)
?[0m?[0;34m
?[0m?[0;34m   MongoDataAutoConfiguration:
?[0m?[0;34m      Did not match:
?[0m?[0;34m         - @ConditionalOnClass did not find required class 'com.mongodb.client.MongoClient' (OnClassCondition)
?[0m?[0;34m
?[0m?[0;34m   MongoHealthContributorAutoConfiguration:
?[0m?[0;34m      Did not match:
?[0m?[0;34m         - @ConditionalOnClass did not find required class 'org.springframework.data.mongodb.core.MongoTemplate' (OnClassCondition)
?[0m?[0;34m
?[0m?[0;34m   MongoMetricsAutoConfiguration:
?[0m?[0;34m      Did not match:
?[0m?[0;34m         - @ConditionalOnClass did not find required class 'com.mongodb.MongoClientSettings' (OnClassCondition)
?[0m?[0;34m
?[0m?[0;34m   MongoReactiveAutoConfiguration:
?[0m?[0;34m      Did not match:
?[0m?[0;34m         - @ConditionalOnClass did not find required class 'com.mongodb.reactivestreams.client.MongoClient' (OnClassCondition)
?[0m?[0;34m
?[0m?[0;34m   MongoReactiveDataAutoConfiguration:
?[0m?[0;34m      Did not match:
?[0m?[0;34m         - @ConditionalOnClass did not find required class 'com.mongodb.reactivestreams.client.MongoClient' (OnClassCondition)
?[0m?[0;34m
?[0m?[0;34m   MongoReactiveHealthContributorAutoConfiguration:
?[0m?[0;34m      Did not match:
?[0m?[0;34m         - @ConditionalOnClass did not find required class 'reactor.core.publisher.Flux' (OnClassCondition)
?[0m?[0;34m
?[0m?[0;34m   MongoReactiveRepositoriesAutoConfiguration:
?[0m?[0;34m      Did not match:
?[0m?[0;34m         - @ConditionalOnClass did not find required class 'com.mongodb.reactivestreams.client.MongoClient' (OnClassCondition)
?[0m?[0;34m
?[0m?[0;34m   MongoRepositoriesAutoConfiguration:
?[0m?[0;34m      Did not match:
?[0m?[0;34m         - @ConditionalOnClass did not find required class 'com.mongodb.client.MongoClient' (OnClassCondition)
?[0m?[0;34m
?[0m?[0;34m   MustacheAutoConfiguration:
?[0m?[0;34m      Did not match:
?[0m?[0;34m         - @ConditionalOnClass did not find required class 'com.samskivert.mustache.Mustache' (OnClassCondition)
?[0m?[0;34m
?[0m?[0;34m   Neo4jAutoConfiguration:
?[0m?[0;34m      Did not match:
?[0m?[0;34m         - @ConditionalOnClass did not find required class 'org.neo4j.driver.Driver' (OnClassCondition)
?[0m?[0;34m
?[0m?[0;34m   Neo4jDataAutoConfiguration:
?[0m?[0;34m      Did not match:
?[0m?[0;34m         - @ConditionalOnClass did not find required class 'org.neo4j.driver.Driver' (OnClassCondition)
?[0m?[0;34m
?[0m?[0;34m   Neo4jHealthContributorAutoConfiguration:
?[0m?[0;34m      Did not match:
?[0m?[0;34m         - @ConditionalOnClass did not find required class 'org.neo4j.driver.Driver' (OnClassCondition)
?[0m?[0;34m
?[0m?[0;34m   Neo4jReactiveDataAutoConfiguration:
?[0m?[0;34m      Did not match:
?[0m?[0;34m         - @ConditionalOnClass did not find required class 'org.neo4j.driver.Driver' (OnClassCondition)
?[0m?[0;34m
?[0m?[0;34m   Neo4jReactiveRepositoriesAutoConfiguration:
?[0m?[0;34m      Did not match:
?[0m?[0;34m         - @ConditionalOnClass did not find required class 'org.neo4j.driver.Driver' (OnClassCondition)
?[0m?[0;34m
?[0m?[0;34m   Neo4jRepositoriesAutoConfiguration:
?[0m?[0;34m      Did not match:
?[0m?[0;34m         - @ConditionalOnClass did not find required class 'org.neo4j.driver.Driver' (OnClassCondition)
?[0m?[0;34m
?[0m?[0;34m   NettyAutoConfiguration:
?[0m?[0;34m      Did not match:
?[0m?[0;34m         - @ConditionalOnClass did not find required class 'io.netty.util.NettyRuntime' (OnClassCondition)
?[0m?[0;34m
?[0m?[0;34m   NewRelicMetricsExportAutoConfiguration:
?[0m?[0;34m      Did not match:
?[0m?[0;34m         - @ConditionalOnClass did not find required class 'io.micrometer.newrelic.NewRelicMeterRegistry' (OnClassCondition)
?[0m?[0;34m
?[0m?[0;34m   NoOpMeterRegistryConfiguration:
?[0m?[0;34m      Did not match:
?[0m?[0;34m         - @ConditionalOnMissingBean (types: io.micrometer.core.instrument.MeterRegistry; SearchStrategy: all) found beans of type 'io.micrometer.core.instrument.MeterRegistry' simpleMeterRegistry (OnBeanCondition)
?[0m?[0;34m
?[0m?[0;34m   OAuth2ClientAutoConfiguration:
?[0m?[0;34m      Did not match:
?[0m?[0;34m         - @ConditionalOnClass did not find required class 'org.springframework.security.oauth2.client.registration.ClientRegistration' (OnClassCondition)
?[0m?[0;34m
?[0m?[0;34m   OAuth2ResourceServerAutoConfiguration:
?[0m?[0;34m      Did not match:
?[0m?[0;34m         - @ConditionalOnClass did not find required class 'org.springframework.security.oauth2.server.resource.BearerTokenAuthenticationToken' (OnClassCondition)
?[0m?[0;34m
?[0m?[0;34m   ProjectInfoAutoConfiguration#buildProperties:
?[0m?[0;34m      Did not match:
?[0m?[0;34m         - @ConditionalOnResource did not find resource '${spring.info.build.location:classpath:META-INF/build-info.properties}' (OnResourceCondition)
?[0m?[0;34m
?[0m?[0;34m   ProjectInfoAutoConfiguration#gitProperties:
?[0m?[0;34m      Did not match:
?[0m?[0;34m         - GitResource did not find git info at classpath:git.properties (ProjectInfoAutoConfiguration.GitResourceAvailableCondition)
?[0m?[0;34m
?[0m?[0;34m   PrometheusMetricsExportAutoConfiguration:
?[0m?[0;34m      Did not match:
?[0m?[0;34m         - @ConditionalOnClass did not find required class 'io.micrometer.prometheus.PrometheusMeterRegistry' (OnClassCondition)
?[0m?[0;34m
?[0m?[0;34m   QuartzAutoConfiguration:
?[0m?[0;34m      Did not match:
?[0m?[0;34m         - @ConditionalOnClass did not find required class 'org.quartz.Scheduler' (OnClassCondition)
?[0m?[0;34m
?[0m?[0;34m   QuartzEndpointAutoConfiguration:
?[0m?[0;34m      Did not match:
?[0m?[0;34m         - @ConditionalOnClass did not find required class 'org.quartz.Scheduler' (OnClassCondition)
?[0m?[0;34m
?[0m?[0;34m   R2dbcAutoConfiguration:
?[0m?[0;34m      Did not match:
?[0m?[0;34m         - @ConditionalOnClass did not find required class 'io.r2dbc.spi.ConnectionFactory' (OnClassCondition)
?[0m?[0;34m
?[0m?[0;34m   R2dbcDataAutoConfiguration:
?[0m?[0;34m      Did not match:
?[0m?[0;34m         - @ConditionalOnClass did not find required class 'org.springframework.data.r2dbc.core.R2dbcEntityTemplate' (OnClassCondition)
?[0m?[0;34m
?[0m?[0;34m   R2dbcInitializationConfiguration:
?[0m?[0;34m      Did not match:
?[0m?[0;34m         - @ConditionalOnClass did not find required classes 'io.r2dbc.spi.ConnectionFactory', 'org.springframework.r2dbc.connection.init.DatabasePopulator' (OnClassCondition)
?[0m?[0;34m
?[0m?[0;34m   R2dbcRepositoriesAutoConfiguration:
?[0m?[0;34m      Did not match:
?[0m?[0;34m         - @ConditionalOnClass did not find required class 'io.r2dbc.spi.ConnectionFactory' (OnClassCondition)
?[0m?[0;34m
?[0m?[0;34m   R2dbcTransactionManagerAutoConfiguration:
?[0m?[0;34m      Did not match:
?[0m?[0;34m         - @ConditionalOnClass did not find required class 'org.springframework.r2dbc.connection.R2dbcTransactionManager' (OnClassCondition)
?[0m?[0;34m
?[0m?[0;34m   RSocketMessagingAutoConfiguration:
?[0m?[0;34m      Did not match:
?[0m?[0;34m         - @ConditionalOnClass did not find required class 'io.rsocket.RSocket' (OnClassCondition)
?[0m?[0;34m
?[0m?[0;34m   RSocketRequesterAutoConfiguration:
?[0m?[0;34m      Did not match:
?[0m?[0;34m         - @ConditionalOnClass did not find required class 'io.rsocket.RSocket' (OnClassCondition)
?[0m?[0;34m
?[0m?[0;34m   RSocketSecurityAutoConfiguration:
?[0m?[0;34m      Did not match:
?[0m?[0;34m         - @ConditionalOnClass did not find required class 'org.springframework.security.rsocket.core.SecuritySocketAcceptorInterceptor' (OnClassCondition)
?[0m?[0;34m
?[0m?[0;34m   RSocketServerAutoConfiguration:
?[0m?[0;34m      Did not match:
?[0m?[0;34m         - @ConditionalOnClass did not find required class 'io.rsocket.core.RSocketServer' (OnClassCondition)
?[0m?[0;34m
?[0m?[0;34m   RSocketStrategiesAutoConfiguration:
?[0m?[0;34m      Did not match:
?[0m?[0;34m         - @ConditionalOnClass did not find required class 'io.netty.buffer.PooledByteBufAllocator' (OnClassCondition)
?[0m?[0;34m
?[0m?[0;34m   RabbitAutoConfiguration:
?[0m?[0;34m      Did not match:
?[0m?[0;34m         - @ConditionalOnClass did not find required class 'com.rabbitmq.client.Channel' (OnClassCondition)
?[0m?[0;34m
?[0m?[0;34m   RabbitHealthContributorAutoConfiguration:
?[0m?[0;34m      Did not match:
?[0m?[0;34m         - @ConditionalOnClass did not find required class 'org.springframework.amqp.rabbit.core.RabbitTemplate' (OnClassCondition)
?[0m?[0;34m
?[0m?[0;34m   RabbitMetricsAutoConfiguration:
?[0m?[0;34m      Did not match:
?[0m?[0;34m         - @ConditionalOnClass did not find required class 'com.rabbitmq.client.ConnectionFactory' (OnClassCondition)
?[0m?[0;34m
?[0m?[0;34m   ReactiveCloudFoundryActuatorAutoConfiguration:
?[0m?[0;34m      Did not match:
?[0m?[0;34m         - @ConditionalOnWebApplication did not find reactive web application classes (OnWebApplicationCondition)
?[0m?[0;34m
?[0m?[0;34m   ReactiveElasticsearchRepositoriesAutoConfiguration:
?[0m?[0;34m      Did not match:
?[0m?[0;34m         - @ConditionalOnClass did not find required class 'org.springframework.data.elasticsearch.client.reactive.ReactiveElasticsearchClient' (OnClassCondition)
?[0m?[0;34m
?[0m?[0;34m   ReactiveElasticsearchRestClientAutoConfiguration:
?[0m?[0;34m      Did not match:
?[0m?[0;34m         - @ConditionalOnClass did not find required class 'reactor.netty.http.client.HttpClient' (OnClassCondition)
?[0m?[0;34m
?[0m?[0;34m   ReactiveHealthEndpointConfiguration:
?[0m?[0;34m      Did not match:
?[0m?[0;34m         - @ConditionalOnClass did not find required class 'reactor.core.publisher.Flux' (OnClassCondition)
?[0m?[0;34m
?[0m?[0;34m   ReactiveManagementContextAutoConfiguration:
?[0m?[0;34m      Did not match:
?[0m?[0;34m         - @ConditionalOnClass did not find required class 'reactor.core.publisher.Flux' (OnClassCondition)
?[0m?[0;34m
?[0m?[0;34m   ReactiveManagementWebSecurityAutoConfiguration:
?[0m?[0;34m      Did not match:
?[0m?[0;34m         - @ConditionalOnWebApplication did not find reactive web application classes (OnWebApplicationCondition)
?[0m?[0;34m
?[0m?[0;34m   ReactiveOAuth2ClientAutoConfiguration:
?[0m?[0;34m      Did not match:
?[0m?[0;34m         - @ConditionalOnClass did not find required class 'reactor.core.publisher.Flux' (OnClassCondition)
?[0m?[0;34m
?[0m?[0;34m   ReactiveOAuth2ResourceServerAutoConfiguration:
?[0m?[0;34m      Did not match:
?[0m?[0;34m         - @ConditionalOnWebApplication did not find reactive web application classes (OnWebApplicationCondition)
?[0m?[0;34m
?[0m?[0;34m   ReactiveSecurityAutoConfiguration:
?[0m?[0;34m      Did not match:
?[0m?[0;34m         - @ConditionalOnClass did not find required class 'reactor.core.publisher.Flux' (OnClassCondition)
?[0m?[0;34m
?[0m?[0;34m   ReactiveUserDetailsServiceAutoConfiguration:
?[0m?[0;34m      Did not match:
?[0m?[0;34m         - AnyNestedCondition 0 matched 2 did not; NestedCondition on ReactiveUserDetailsServiceAutoConfiguration.ReactiveUserDetailsServiceCondition.ReactiveWebApplicationCondition did not find reactive web application classes; NestedCondition on ReactiveUserDetailsServiceAutoConfiguration.ReactiveUserDetailsServiceCondition.RSocketSecurityEnabledCondition @ConditionalOnBean (types: org.springframework.messaging.rsocket.annotation.support.RSocketMessageHandler; SearchStrategy: all) did not find any beans of type org.springframework.messaging.rsocket.annotation.support.RSocketMessageHandler (ReactiveUserDetailsServiceAutoConfiguration.ReactiveUserDetailsServiceCondition)
?[0m?[0;34m      Matched:
?[0m?[0;34m         - @ConditionalOnClass found required class 'org.springframework.security.authentication.ReactiveAuthenticationManager' (OnClassCondition)
?[0m?[0;34m
?[0m?[0;34m   ReactiveWebServerFactoryAutoConfiguration:
?[0m?[0;34m      Did not match:
?[0m?[0;34m         - @ConditionalOnWebApplication did not find reactive web application classes (OnWebApplicationCondition)
?[0m?[0;34m
?[0m?[0;34m   RedisAutoConfiguration:
?[0m?[0;34m      Did not match:
?[0m?[0;34m         - @ConditionalOnClass did not find required class 'org.springframework.data.redis.core.RedisOperations' (OnClassCondition)
?[0m?[0;34m
?[0m?[0;34m   RedisCacheConfiguration:
?[0m?[0;34m      Did not match:
?[0m?[0;34m         - @ConditionalOnClass did not find required class 'org.springframework.data.redis.connection.RedisConnectionFactory' (OnClassCondition)
?[0m?[0;34m
?[0m?[0;34m   RedisHealthContributorAutoConfiguration:
?[0m?[0;34m      Did not match:
?[0m?[0;34m         - @ConditionalOnClass did not find required class 'org.springframework.data.redis.connection.RedisConnectionFactory' (OnClassCondition)
?[0m?[0;34m
?[0m?[0;34m   RedisReactiveAutoConfiguration:
?[0m?[0;34m      Did not match:
?[0m?[0;34m         - @ConditionalOnClass did not find required class 'reactor.core.publisher.Flux' (OnClassCondition)
?[0m?[0;34m
?[0m?[0;34m   RedisReactiveHealthContributorAutoConfiguration:
?[0m?[0;34m      Did not match:
?[0m?[0;34m         - @ConditionalOnClass did not find required class 'reactor.core.publisher.Flux' (OnClassCondition)
?[0m?[0;34m
?[0m?[0;34m   RedisRepositoriesAutoConfiguration:
?[0m?[0;34m      Did not match:
?[0m?[0;34m         - @ConditionalOnClass did not find required class 'org.springframework.data.redis.repository.configuration.EnableRedisRepositories' (OnClassCondition)
?[0m?[0;34m
?[0m?[0;34m   RepositoryRestMvcAutoConfiguration:
?[0m?[0;34m      Did not match:
?[0m?[0;34m         - @ConditionalOnClass did not find required class 'org.springframework.data.rest.webmvc.config.RepositoryRestMvcConfiguration' (OnClassCondition)
?[0m?[0;34m
?[0m?[0;34m   Saml2RelyingPartyAutoConfiguration:
?[0m?[0;34m      Did not match:
?[0m?[0;34m         - @ConditionalOnClass did not find required class 'org.springframework.security.saml2.provider.service.registration.RelyingPartyRegistrationRepository' (OnClassCondition)
?[0m?[0;34m
?[0m?[0;34m   SecurityDataConfiguration:
?[0m?[0;34m      Did not match:
?[0m?[0;34m         - @ConditionalOnClass did not find required class 'org.springframework.security.data.repository.query.SecurityEvaluationContextExtension' (OnClassCondition)
?[0m?[0;34m
?[0m?[0;34m   SecurityRequestMatchersManagementContextConfiguration.JerseyRequestMatcherConfiguration:
?[0m?[0;34m      Did not match:
?[0m?[0;34m         - @ConditionalOnClass did not find required class 'org.glassfish.jersey.server.ResourceConfig' (OnClassCondition)
?[0m?[0;34m
?[0m?[0;34m   SendGridAutoConfiguration:
?[0m?[0;34m      Did not match:
?[0m?[0;34m         - @ConditionalOnClass did not find required class 'com.sendgrid.SendGrid' (OnClassCondition)
?[0m?[0;34m
?[0m?[0;34m   ServletEndpointManagementContextConfiguration.JerseyServletEndpointManagementContextConfiguration:
?[0m?[0;34m      Did not match:
?[0m?[0;34m         - @ConditionalOnClass did not find required class 'org.glassfish.jersey.server.ResourceConfig' (OnClassCondition)
?[0m?[0;34m
?[0m?[0;34m   ServletManagementContextAutoConfiguration.ApplicationContextFilterConfiguration:
?[0m?[0;34m      Did not match:
?[0m?[0;34m         - @ConditionalOnProperty (management.server.add-application-context-header=true) did not find property 'add-application-context-header' (OnPropertyCondition)
?[0m?[0;34m
?[0m?[0;34m   ServletWebServerFactoryAutoConfiguration#forwardedHeaderFilter:
?[0m?[0;34m      Did not match:
?[0m?[0;34m         - @ConditionalOnProperty (server.forward-headers-strategy=framework) did not find property 'server.forward-headers-strategy' (OnPropertyCondition)
?[0m?[0;34m
?[0m?[0;34m   ServletWebServerFactoryConfiguration.EmbeddedJetty:
?[0m?[0;34m      Did not match:
?[0m?[0;34m         - @ConditionalOnClass did not find required classes 'org.eclipse.jetty.server.Server', 'org.eclipse.jetty.util.Loader', 'org.eclipse.jetty.webapp.WebAppContext' (OnClassCondition)
?[0m?[0;34m
?[0m?[0;34m   ServletWebServerFactoryConfiguration.EmbeddedUndertow:
?[0m?[0;34m      Did not match:
?[0m?[0;34m         - @ConditionalOnClass did not find required classes 'io.undertow.Undertow', 'org.xnio.SslClientAuthMode' (OnClassCondition)
?[0m?[0;34m
?[0m?[0;34m   SessionAutoConfiguration:
?[0m?[0;34m      Did not match:
?[0m?[0;34m         - @ConditionalOnClass did not find required class 'org.springframework.session.Session' (OnClassCondition)
?[0m?[0;34m
?[0m?[0;34m   SessionsEndpointAutoConfiguration:
?[0m?[0;34m      Did not match:
?[0m?[0;34m         - @ConditionalOnClass did not find required class 'org.springframework.session.FindByIndexNameSessionRepository' (OnClassCondition)
?[0m?[0;34m
?[0m?[0;34m   SignalFxMetricsExportAutoConfiguration:
?[0m?[0;34m      Did not match:
?[0m?[0;34m         - @ConditionalOnClass did not find required class 'io.micrometer.signalfx.SignalFxMeterRegistry' (OnClassCondition)
?[0m?[0;34m
?[0m?[0;34m   SolrAutoConfiguration:
?[0m?[0;34m      Did not match:
?[0m?[0;34m         - @ConditionalOnClass did not find required class 'org.apache.solr.client.solrj.impl.CloudSolrClient' (OnClassCondition)
?[0m?[0;34m
?[0m?[0;34m   SolrHealthContributorAutoConfiguration:
?[0m?[0;34m      Did not match:
?[0m?[0;34m         - @ConditionalOnClass did not find required class 'org.apache.solr.client.solrj.SolrClient' (OnClassCondition)
?[0m?[0;34m
?[0m?[0;34m   SpringApplicationAdminJmxAutoConfiguration:
?[0m?[0;34m      Did not match:
?[0m?[0;34m         - @ConditionalOnProperty (spring.application.admin.enabled=true) did not find property 'enabled' (OnPropertyCondition)
?[0m?[0;34m
?[0m?[0;34m   SpringBootWebSecurityConfiguration:
?[0m?[0;34m      Did not match:
?[0m?[0;34m         - AllNestedConditions 1 matched 1 did not; NestedCondition on DefaultWebSecurityCondition.Beans @ConditionalOnMissingBean (types: org.springframework.security.config.annotation.web.configuration.WebSecurityConfigurerAdapter,org.springframework.security.web.SecurityFilterChain; SearchStrategy: all) found beans of type 'org.springframework.security.config.annotation.web.configuration.WebSecurityConfigurerAdapter' webSecurityConfigurerImpl; NestedCondition on DefaultWebSecurityCondition.Classes @ConditionalOnClass found required classes 'org.springframework.security.web.SecurityFilterChain', 'org.springframework.security.config.annotation.web.builders.HttpSecurity' (DefaultWebSecurityCondition)
?[0m?[0;34m      Matched:
?[0m?[0;34m         - found 'session' scope (OnWebApplicationCondition)
?[0m?[0;34m
?[0m?[0;34m   StackdriverMetricsExportAutoConfiguration:
?[0m?[0;34m      Did not match:
?[0m?[0;34m         - @ConditionalOnClass did not find required class 'io.micrometer.stackdriver.StackdriverMeterRegistry' (OnClassCondition)
?[0m?[0;34m
?[0m?[0;34m   StartupEndpointAutoConfiguration:
?[0m?[0;34m      Did not match:
?[0m?[0;34m         - ApplicationStartup configured applicationStartup is of type class org.springframework.core.metrics.DefaultApplicationStartup, expected BufferingApplicationStartup. (StartupEndpointAutoConfiguration.ApplicationStartupCondition)
?[0m?[0;34m
?[0m?[0;34m   StatsdMetricsExportAutoConfiguration:
?[0m?[0;34m      Did not match:
?[0m?[0;34m         - @ConditionalOnClass did not find required class 'io.micrometer.statsd.StatsdMeterRegistry' (OnClassCondition)
?[0m?[0;34m
?[0m?[0;34m   TaskSchedulingAutoConfiguration#taskScheduler:
?[0m?[0;34m      Did not match:
?[0m?[0;34m         - @ConditionalOnBean (names: org.springframework.context.annotation.internalScheduledAnnotationProcessor; SearchStrategy: all) did not find any beans named org.springframework.context.annotation.internalScheduledAnnotationProcessor (OnBeanCondition)
?[0m?[0;34m
?[0m?[0;34m   ThymeleafAutoConfiguration:
?[0m?[0;34m      Did not match:
?[0m?[0;34m         - @ConditionalOnClass did not find required class 'org.thymeleaf.spring5.SpringTemplateEngine' (OnClassCondition)
?[0m?[0;34m
?[0m?[0;34m   TransactionAutoConfiguration#transactionalOperator:
?[0m?[0;34m      Did not match:
?[0m?[0;34m         - @ConditionalOnSingleCandidate (types: org.springframework.transaction.ReactiveTransactionManager; SearchStrategy: all) did not find any beans (OnBeanCondition)
?[0m?[0;34m
?[0m?[0;34m   TransactionAutoConfiguration.EnableTransactionManagementConfiguration.JdkDynamicAutoProxyConfiguration:
?[0m?[0;34m      Did not match:
?[0m?[0;34m         - @ConditionalOnProperty (spring.aop.proxy-target-class=false) did not find property 'proxy-target-class' (OnPropertyCondition)
?[0m?[0;34m
?[0m?[0;34m   UserDetailsServiceAutoConfiguration:
?[0m?[0;34m      Did not match:
?[0m?[0;34m         - @ConditionalOnMissingBean (types: org.springframework.security.authentication.AuthenticationManager,org.springframework.security.authentication.AuthenticationProvider,org.springframework.security.core.userdetails.UserDetailsService,org.springframework.security.oauth2.jwt.JwtDecoder,org.springframework.security.oauth2.server.resource.introspection.OpaqueTokenIntrospector; SearchStrategy: all) found beans of type 'org.springframework.security.core.userdetails.UserDetailsService' userDetailsServiceImpl (OnBeanCondition)
?[0m?[0;34m      Matched:
?[0m?[0;34m         - @ConditionalOnClass found required class 'org.springframework.security.authentication.AuthenticationManager' (OnClassCondition)
?[0m?[0;34m
?[0m?[0;34m   WavefrontMetricsExportAutoConfiguration:
?[0m?[0;34m      Did not match:
?[0m?[0;34m         - @ConditionalOnClass did not find required class 'com.wavefront.sdk.common.WavefrontSender' (OnClassCondition)
?[0m?[0;34m
?[0m?[0;34m   WebClientAutoConfiguration:
?[0m?[0;34m      Did not match:
?[0m?[0;34m         - @ConditionalOnClass did not find required class 'org.springframework.web.reactive.function.client.WebClient' (OnClassCondition)
?[0m?[0;34m
?[0m?[0;34m   WebClientMetricsConfiguration:
?[0m?[0;34m      Did not match:
?[0m?[0;34m         - @ConditionalOnClass did not find required class 'org.springframework.web.reactive.function.client.WebClient' (OnClassCondition)
?[0m?[0;34m
?[0m?[0;34m   WebFluxAutoConfiguration:
?[0m?[0;34m      Did not match:
?[0m?[0;34m         - @ConditionalOnClass did not find required class 'org.springframework.web.reactive.config.WebFluxConfigurer' (OnClassCondition)
?[0m?[0;34m
?[0m?[0;34m   WebFluxEndpointManagementContextConfiguration:
?[0m?[0;34m      Did not match:
?[0m?[0;34m         - @ConditionalOnClass did not find required class 'org.springframework.web.reactive.DispatcherHandler' (OnClassCondition)
?[0m?[0;34m
?[0m?[0;34m   WebFluxMetricsAutoConfiguration:
?[0m?[0;34m      Did not match:
?[0m?[0;34m         - @ConditionalOnWebApplication did not find reactive web application classes (OnWebApplicationCondition)
?[0m?[0;34m
?[0m?[0;34m   WebMvcAutoConfiguration#hiddenHttpMethodFilter:
?[0m?[0;34m      Did not match:
?[0m?[0;34m         - @ConditionalOnProperty (spring.mvc.hiddenmethod.filter.enabled) did not find property 'enabled' (OnPropertyCondition)
?[0m?[0;34m
?[0m?[0;34m   WebMvcAutoConfiguration.ResourceChainCustomizerConfiguration:
?[0m?[0;34m      Did not match:
?[0m?[0;34m         - @ConditionalOnEnabledResourceChain did not find class org.webjars.WebJarAssetLocator (OnEnabledResourceChainCondition)
?[0m?[0;34m
?[0m?[0;34m   WebMvcAutoConfiguration.WebMvcAutoConfigurationAdapter#beanNameViewResolver:
?[0m?[0;34m      Did not match:
?[0m?[0;34m         - @ConditionalOnMissingBean (types: org.springframework.web.servlet.view.BeanNameViewResolver; SearchStrategy: all) found beans of type 'org.springframework.web.servlet.view.BeanNameViewResolver' beanNameViewResolver (OnBeanCondition)
?[0m?[0;34m
?[0m?[0;34m   WebSecurityEnablerConfiguration:
?[0m?[0;34m      Did not match:
?[0m?[0;34m         - @ConditionalOnMissingBean (names: springSecurityFilterChain; SearchStrategy: all) found beans named springSecurityFilterChain (OnBeanCondition)
?[0m?[0;34m      Matched:
?[0m?[0;34m         - @ConditionalOnClass found required class 'org.springframework.security.config.annotation.web.configuration.EnableWebSecurity' (OnClassCondition)
?[0m?[0;34m         - found 'session' scope (OnWebApplicationCondition)
?[0m?[0;34m
?[0m?[0;34m   WebServiceTemplateAutoConfiguration:
?[0m?[0;34m      Did not match:
?[0m?[0;34m         - @ConditionalOnClass did not find required class 'org.springframework.oxm.Marshaller' (OnClassCondition)
?[0m?[0;34m
?[0m?[0;34m   WebServicesAutoConfiguration:
?[0m?[0;34m      Did not match:
?[0m?[0;34m         - @ConditionalOnClass did not find required class 'org.springframework.ws.transport.http.MessageDispatcherServlet' (OnClassCondition)
?[0m?[0;34m
?[0m?[0;34m   WebSocketMessagingAutoConfiguration:
?[0m?[0;34m      Did not match:
?[0m?[0;34m         - @ConditionalOnClass did not find required class 'org.springframework.web.socket.config.annotation.WebSocketMessageBrokerConfigurer' (OnClassCondition)
?[0m?[0;34m
?[0m?[0;34m   WebSocketReactiveAutoConfiguration:
?[0m?[0;34m      Did not match:
?[0m?[0;34m         - @ConditionalOnWebApplication did not find reactive web application classes (OnWebApplicationCondition)
?[0m?[0;34m
?[0m?[0;34m   WebSocketServletAutoConfiguration.Jetty10WebSocketConfiguration:
?[0m?[0;34m      Did not match:
?[0m?[0;34m         - @ConditionalOnClass did not find required classes 'org.eclipse.jetty.websocket.javax.server.internal.JavaxWebSocketServerContainer', 'org.eclipse.jetty.websocket.server.JettyWebSocketServerContainer' (OnClassCondition)
?[0m?[0;34m
?[0m?[0;34m   WebSocketServletAutoConfiguration.JettyWebSocketConfiguration:
?[0m?[0;34m      Did not match:
?[0m?[0;34m         - @ConditionalOnClass did not find required class 'org.eclipse.jetty.websocket.jsr356.server.deploy.WebSocketServerContainerInitializer' (OnClassCondition)
?[0m?[0;34m
?[0m?[0;34m   WebSocketServletAutoConfiguration.UndertowWebSocketConfiguration:
?[0m?[0;34m      Did not match:
?[0m?[0;34m         - @ConditionalOnClass did not find required class 'io.undertow.websockets.jsr.Bootstrap' (OnClassCondition)
?[0m?[0;34m
?[0m?[0;34m   XADataSourceAutoConfiguration:
?[0m?[0;34m      Did not match:
?[0m?[0;34m         - @ConditionalOnBean (types: org.springframework.boot.jdbc.XADataSourceWrapper; SearchStrategy: all) did not find any beans of type org.springframework.boot.jdbc.XADataSourceWrapper (OnBeanCondition)
?[0m?[0;34m      Matched:
?[0m?[0;34m         - @ConditionalOnClass found required classes 'javax.sql.DataSource', 'javax.transaction.TransactionManager', 'org.springframework.jdbc.datasource.embedded.EmbeddedDatabaseType' (OnClassCondition)
?[0m?[0;34m
?[0m?[0;34m
?[0m?[0;34mExclusions:
?[0m?[0;34m-----------
?[0m?[0;34m
?[0m?[0;34m    None
?[0m?[0;34m
?[0m?[0;34m
?[0m?[0;34mUnconditional classes:
?[0m?[0;34m----------------------
?[0m?[0;34m
?[0m?[0;34m    org.springframework.boot.autoconfigure.context.ConfigurationPropertiesAutoConfiguration
?[0m?[0;34m
?[0m?[0;34m    org.springframework.boot.actuate.autoconfigure.availability.AvailabilityHealthContributorAutoConfiguration
?[0m?[0;34m
?[0m?[0;34m    org.springframework.boot.actuate.autoconfigure.info.InfoContributorAutoConfiguration
?[0m?[0;34m
?[0m?[0;34m    org.springframework.boot.autoconfigure.context.PropertyPlaceholderAutoConfiguration
?[0m?[0;34m
?[0m?[0;34m    org.springframework.boot.autoconfigure.context.LifecycleAutoConfiguration
?[0m?[0;34m
?[0m?[0;34m    org.springframework.boot.actuate.autoconfigure.health.HealthContributorAutoConfiguration
?[0m?[0;34m
?[0m?[0;34m    org.springframework.boot.actuate.autoconfigure.metrics.integration.IntegrationMetricsAutoConfiguration
?[0m?[0;34m
?[0m?[0;34m    org.springframework.boot.actuate.autoconfigure.endpoint.EndpointAutoConfiguration
?[0m?[0;34m
?[0m?[0;34m    org.springframework.boot.autoconfigure.availability.ApplicationAvailabilityAutoConfiguration
?[0m?[0;34m
?[0m?[0;34m    org.springframework.boot.autoconfigure.info.ProjectInfoAutoConfiguration
?[0m?[0;34m
?[0m?[0;34m    org.springframework.boot.actuate.autoconfigure.web.server.ManagementContextAutoConfiguration
?[0m?[0;34m
?[0m?[0;34m
?[0m?[0;34m
?[0m?[0;34m2023-03-31 16:06:15.837  INFO 29781 --- [    Test worker] recipes.RecipesApplication               : Started RecipesApplication in 0.374 seconds (JVM running for 31.142)
?[0m?[0;34m2023-03-31 16:06:15.837 DEBUG 29781 --- [    Test worker] o.s.b.a.ApplicationAvailabilityBean      : Application availability state LivenessState changed to CORRECT
?[0m?[0;34m2023-03-31 16:06:15.838 DEBUG 29781 --- [    Test worker] o.s.b.a.ApplicationAvailabilityBean      : Application availability state ReadinessState changed to ACCEPTING_TRAFFIC
?[0m?[1;31m
Start test 64?[0m
?[0;34m2023-03-31 16:06:15.841  INFO 29781 --- [nio-8080-exec-1] o.a.c.c.C.[Tomcat].[localhost].[/]       : Initializing Spring DispatcherServlet 'dispatcherServlet'
?[0m?[0;34m2023-03-31 16:06:15.842  INFO 29781 --- [nio-8080-exec-1] o.s.web.servlet.DispatcherServlet        : Initializing Servlet 'dispatcherServlet'
?[0m?[0;34m2023-03-31 16:06:15.842 DEBUG 29781 --- [nio-8080-exec-1] o.s.web.servlet.DispatcherServlet        : Detected StandardServletMultipartResolver
?[0m?[0;34m2023-03-31 16:06:15.842 DEBUG 29781 --- [nio-8080-exec-1] o.s.web.servlet.DispatcherServlet        : Detected AcceptHeaderLocaleResolver
?[0m?[0;34m2023-03-31 16:06:15.842 DEBUG 29781 --- [nio-8080-exec-1] o.s.web.servlet.DispatcherServlet        : Detected FixedThemeResolver
?[0m?[0;34m2023-03-31 16:06:15.842 DEBUG 29781 --- [nio-8080-exec-1] o.s.web.servlet.DispatcherServlet        : Detected org.springframework.web.servlet.view.DefaultRequestToViewNameTranslator@28e12bc5
?[0m?[0;34m2023-03-31 16:06:15.842 DEBUG 29781 --- [nio-8080-exec-1] o.s.web.servlet.DispatcherServlet        : Detected org.springframework.web.servlet.support.SessionFlashMapManager@6272936b
?[0m?[0;34m2023-03-31 16:06:15.842 DEBUG 29781 --- [nio-8080-exec-1] o.s.web.servlet.DispatcherServlet        : enableLoggingRequestDetails='false': request parameters and headers will be masked to prevent unsafe logging of potentially sensitive data
?[0m?[0;34m2023-03-31 16:06:15.842  INFO 29781 --- [nio-8080-exec-1] o.s.web.servlet.DispatcherServlet        : Completed initialization in 0 ms
?[0m?[0;34m2023-03-31 16:06:15.842 DEBUG 29781 --- [nio-8080-exec-1] o.s.security.web.FilterChainProxy        : Securing POST /api/recipe/new
?[0m?[0;34m2023-03-31 16:06:15.842 DEBUG 29781 --- [nio-8080-exec-1] s.s.w.c.SecurityContextPersistenceFilter : Set SecurityContextHolder to empty SecurityContext
?[0m?[0;34m2023-03-31 16:06:15.926 DEBUG 29781 --- [nio-8080-exec-1] tor$SharedEntityManagerInvocationHandler : Creating new EntityManager for shared EntityManager invocation
?[0m?[0;34m2023-03-31 16:06:16.010 DEBUG 29781 --- [nio-8080-exec-1] o.s.s.a.dao.DaoAuthenticationProvider    : Authenticated user
?[0m?[0;34m2023-03-31 16:06:16.010 DEBUG 29781 --- [nio-8080-exec-1] o.s.s.w.a.www.BasicAuthenticationFilter  : Set SecurityContextHolder to UsernamePasswordAuthenticationToken [Principal=recipes.UserDetailsImpl@6fc58cbd, Credentials=[PROTECTED], Authenticated=true, Details=WebAuthenticationDetails [RemoteIpAddress=127.0.0.1, SessionId=null], Granted Authorities=[ROLE_USER]]
?[0m?[0;34m2023-03-31 16:06:16.011 DEBUG 29781 --- [nio-8080-exec-1] w.c.HttpSessionSecurityContextRepository : Created HttpSession as SecurityContext is non-default
?[0m?[0;34m2023-03-31 16:06:16.011 DEBUG 29781 --- [nio-8080-exec-1] w.c.HttpSessionSecurityContextRepository : Stored SecurityContextImpl [Authentication=UsernamePasswordAuthenticationToken [Principal=recipes.UserDetailsImpl@6fc58cbd, Credentials=[PROTECTED], Authenticated=true, Details=WebAuthenticationDetails [RemoteIpAddress=127.0.0.1, SessionId=null], Granted Authorities=[ROLE_USER]]] to HttpSession [org.apache.catalina.session.StandardSessionFacade@72b605fd]
?[0m?[0;34m2023-03-31 16:06:16.011 DEBUG 29781 --- [nio-8080-exec-1] s.w.s.m.m.a.RequestMappingHandlerMapping : Mapped to recipes.RecipesController#setRecipe(Recipe, UserDetails)
?[0m?[0;34m2023-03-31 16:06:16.011 DEBUG 29781 --- [nio-8080-exec-1] s.w.s.m.m.a.RequestMappingHandlerMapping : Mapped to recipes.RecipesController#setRecipe(Recipe, UserDetails)
?[0m?[0;34m2023-03-31 16:06:16.011 DEBUG 29781 --- [nio-8080-exec-1] o.s.s.w.a.i.FilterSecurityInterceptor    : Authorized filter invocation [POST /api/recipe/new] with attributes [hasRole('ROLE_USER')]
?[0m?[0;34m2023-03-31 16:06:16.011 DEBUG 29781 --- [nio-8080-exec-1] o.s.security.web.FilterChainProxy        : Secured POST /api/recipe/new
?[0m?[0;34m2023-03-31 16:06:16.011 DEBUG 29781 --- [nio-8080-exec-1] o.s.web.servlet.DispatcherServlet        : POST "/api/recipe/new", parameters={}
?[0m?[0;34m2023-03-31 16:06:16.012 DEBUG 29781 --- [nio-8080-exec-1] s.w.s.m.m.a.RequestMappingHandlerMapping : Mapped to recipes.RecipesController#setRecipe(Recipe, UserDetails)
?[0m?[0;34m2023-03-31 16:06:16.012 DEBUG 29781 --- [nio-8080-exec-1] o.j.s.OpenEntityManagerInViewInterceptor : Opening JPA EntityManager in OpenEntityManagerInViewInterceptor
?[0m?[0;34m2023-03-31 16:06:16.014 DEBUG 29781 --- [nio-8080-exec-1] m.m.a.RequestResponseBodyMethodProcessor : Read "application/json;charset=UTF-8" to [Recipe(id=0, name=Fresh Mint Tea /Test, category=beverage /Test, date=null, description=Light, aroma (truncated)...]
?[0m?[0;34m2023-03-31 16:06:16.021 DEBUG 29781 --- [nio-8080-exec-1] o.s.orm.jpa.JpaTransactionManager        : Found thread-bound EntityManager [SessionImpl(333231519<open>)] for JPA transaction
?[0m?[0;34m2023-03-31 16:06:16.021 DEBUG 29781 --- [nio-8080-exec-1] o.s.orm.jpa.JpaTransactionManager        : Creating new transaction with name [org.springframework.data.jpa.repository.support.SimpleJpaRepository.save]: PROPAGATION_REQUIRED,ISOLATION_DEFAULT
?[0m?[0;34m2023-03-31 16:06:16.021 DEBUG 29781 --- [nio-8080-exec-1] o.s.orm.jpa.JpaTransactionManager        : Exposing JPA transaction as JDBC [org.springframework.orm.jpa.vendor.HibernateJpaDialect$HibernateConnectionHandle@3bab85e2]
?[0m?[0;34m2023-03-31 16:06:16.023 DEBUG 29781 --- [nio-8080-exec-1] o.s.orm.jpa.JpaTransactionManager        : Initiating transaction commit
?[0m?[0;34m2023-03-31 16:06:16.023 DEBUG 29781 --- [nio-8080-exec-1] o.s.orm.jpa.JpaTransactionManager        : Committing JPA transaction on EntityManager [SessionImpl(333231519<open>)]
?[0m?[0;34m2023-03-31 16:06:16.024 DEBUG 29781 --- [nio-8080-exec-1] o.s.orm.jpa.JpaTransactionManager        : Not closing pre-bound JPA EntityManager after transaction
?[0m?[0;34m2023-03-31 16:06:16.024 DEBUG 29781 --- [nio-8080-exec-1] m.m.a.RequestResponseBodyMethodProcessor : Using 'application/json', given [*/*] and supported [application/json, application/*+json, application/json, application/*+json]
?[0m?[0;34m2023-03-31 16:06:16.024 DEBUG 29781 --- [nio-8080-exec-1] m.m.a.RequestResponseBodyMethodProcessor : Writing [{id=16}]
?[0m?[0;34m2023-03-31 16:06:16.025 DEBUG 29781 --- [nio-8080-exec-1] w.c.HttpSessionSecurityContextRepository : Stored SecurityContextImpl [Authentication=UsernamePasswordAuthenticationToken [Principal=recipes.UserDetailsImpl@6fc58cbd, Credentials=[PROTECTED], Authenticated=true, Details=WebAuthenticationDetails [RemoteIpAddress=127.0.0.1, SessionId=null], Granted Authorities=[ROLE_USER]]] to HttpSession [org.apache.catalina.session.StandardSessionFacade@72b605fd]
?[0m?[0;34m2023-03-31 16:06:16.025 DEBUG 29781 --- [nio-8080-exec-1] o.j.s.OpenEntityManagerInViewInterceptor : Closing JPA EntityManager in OpenEntityManagerInViewInterceptor
?[0m?[0;34m2023-03-31 16:06:16.025 DEBUG 29781 --- [nio-8080-exec-1] o.s.web.servlet.DispatcherServlet        : Completed 200 OK
?[0m?[0;34m2023-03-31 16:06:16.025 DEBUG 29781 --- [nio-8080-exec-1] w.c.HttpSessionSecurityContextRepository : Stored SecurityContextImpl [Authentication=UsernamePasswordAuthenticationToken [Principal=recipes.UserDetailsImpl@6fc58cbd, Credentials=[PROTECTED], Authenticated=true, Details=WebAuthenticationDetails [RemoteIpAddress=127.0.0.1, SessionId=null], Granted Authorities=[ROLE_USER]]] to HttpSession [org.apache.catalina.session.StandardSessionFacade@72b605fd]
?[0m?[0;34m2023-03-31 16:06:16.025 DEBUG 29781 --- [nio-8080-exec-1] s.s.w.c.SecurityContextPersistenceFilter : Cleared SecurityContextHolder to complete request
?[1;31m
Start test 65?[0m
?[0;34m2023-03-31 16:06:16.028 DEBUG 29781 --- [nio-8080-exec-2] o.s.security.web.FilterChainProxy        : Securing GET /api/recipe/2
?[0m?[0;34m2023-03-31 16:06:16.028 DEBUG 29781 --- [nio-8080-exec-2] s.s.w.c.SecurityContextPersistenceFilter : Set SecurityContextHolder to empty SecurityContext
?[0m?[0;34m2023-03-31 16:06:16.028 DEBUG 29781 --- [nio-8080-exec-2] tor$SharedEntityManagerInvocationHandler : Creating new EntityManager for shared EntityManager invocation
?[0m?[0;34m2023-03-31 16:06:16.110 DEBUG 29781 --- [nio-8080-exec-2] o.s.s.a.dao.DaoAuthenticationProvider    : Authenticated user
?[0m?[0;34m2023-03-31 16:06:16.110 DEBUG 29781 --- [nio-8080-exec-2] o.s.s.w.a.www.BasicAuthenticationFilter  : Set SecurityContextHolder to UsernamePasswordAuthenticationToken [Principal=recipes.UserDetailsImpl@7b455dd4, Credentials=[PROTECTED], Authenticated=true, Details=WebAuthenticationDetails [RemoteIpAddress=127.0.0.1, SessionId=null], Granted Authorities=[ROLE_USER]]
?[0m?[0;34m2023-03-31 16:06:16.110 DEBUG 29781 --- [nio-8080-exec-2] w.c.HttpSessionSecurityContextRepository : Created HttpSession as SecurityContext is non-default
?[0m?[0;34m2023-03-31 16:06:16.110 DEBUG 29781 --- [nio-8080-exec-2] w.c.HttpSessionSecurityContextRepository : Stored SecurityContextImpl [Authentication=UsernamePasswordAuthenticationToken [Principal=recipes.UserDetailsImpl@7b455dd4, Credentials=[PROTECTED], Authenticated=true, Details=WebAuthenticationDetails [RemoteIpAddress=127.0.0.1, SessionId=null], Granted Authorities=[ROLE_USER]]] to HttpSession [org.apache.catalina.session.StandardSessionFacade@73b4e475]
?[0m?[0;34m2023-03-31 16:06:16.110 DEBUG 29781 --- [nio-8080-exec-2] o.s.s.w.a.i.FilterSecurityInterceptor    : Authorized filter invocation [GET /api/recipe/2] with attributes [hasRole('ROLE_USER')]
?[0m?[0;34m2023-03-31 16:06:16.110 DEBUG 29781 --- [nio-8080-exec-2] o.s.security.web.FilterChainProxy        : Secured GET /api/recipe/2
?[0m?[0;34m2023-03-31 16:06:16.110 DEBUG 29781 --- [nio-8080-exec-2] o.s.web.servlet.DispatcherServlet        : GET "/api/recipe/2", parameters={}
?[0m?[0;34m2023-03-31 16:06:16.111 DEBUG 29781 --- [nio-8080-exec-2] s.w.s.m.m.a.RequestMappingHandlerMapping : Mapped to recipes.RecipesController#getRecipe(int)
?[0m?[0;34m2023-03-31 16:06:16.111 DEBUG 29781 --- [nio-8080-exec-2] o.j.s.OpenEntityManagerInViewInterceptor : Opening JPA EntityManager in OpenEntityManagerInViewInterceptor
?[0m?[0;34m2023-03-31 16:06:16.112 DEBUG 29781 --- [nio-8080-exec-2] o.s.orm.jpa.JpaTransactionManager        : Found thread-bound EntityManager [SessionImpl(219197215<open>)] for JPA transaction
?[0m?[0;34m2023-03-31 16:06:16.112 DEBUG 29781 --- [nio-8080-exec-2] o.s.orm.jpa.JpaTransactionManager        : Creating new transaction with name [org.springframework.data.jpa.repository.support.SimpleJpaRepository.findById]: PROPAGATION_REQUIRED,ISOLATION_DEFAULT,readOnly
?[0m?[0;34m2023-03-31 16:06:16.112 DEBUG 29781 --- [nio-8080-exec-2] o.s.jdbc.datasource.DataSourceUtils      : Setting JDBC Connection [HikariProxyConnection@1159180103 wrapping conn20: url=jdbc:h2:file:../recipes_db user=SA] read-only
?[0m?[0;34m2023-03-31 16:06:16.112 DEBUG 29781 --- [nio-8080-exec-2] o.s.orm.jpa.JpaTransactionManager        : Exposing JPA transaction as JDBC [org.springframework.orm.jpa.vendor.HibernateJpaDialect$HibernateConnectionHandle@2dd49342]
?[0m?[0;34m2023-03-31 16:06:16.113 DEBUG 29781 --- [nio-8080-exec-2] o.s.orm.jpa.JpaTransactionManager        : Initiating transaction commit
?[0m?[0;34m2023-03-31 16:06:16.113 DEBUG 29781 --- [nio-8080-exec-2] o.s.orm.jpa.JpaTransactionManager        : Committing JPA transaction on EntityManager [SessionImpl(219197215<open>)]
?[0m?[0;34m2023-03-31 16:06:16.113 DEBUG 29781 --- [nio-8080-exec-2] o.s.jdbc.datasource.DataSourceUtils      : Resetting read-only flag of JDBC Connection [HikariProxyConnection@1159180103 wrapping conn20: url=jdbc:h2:file:../recipes_db user=SA]
?[0m?[0;34m2023-03-31 16:06:16.113 DEBUG 29781 --- [nio-8080-exec-2] o.s.orm.jpa.JpaTransactionManager        : Not closing pre-bound JPA EntityManager after transaction
?[0m?[0;34m2023-03-31 16:06:16.113 DEBUG 29781 --- [nio-8080-exec-2] o.s.orm.jpa.JpaTransactionManager        : Found thread-bound EntityManager [SessionImpl(219197215<open>)] for JPA transaction
?[0m?[0;34m2023-03-31 16:06:16.113 DEBUG 29781 --- [nio-8080-exec-2] o.s.orm.jpa.JpaTransactionManager        : Creating new transaction with name [org.springframework.data.jpa.repository.support.SimpleJpaRepository.findById]: PROPAGATION_REQUIRED,ISOLATION_DEFAULT,readOnly
?[0m?[0;34m2023-03-31 16:06:16.113 DEBUG 29781 --- [nio-8080-exec-2] o.s.jdbc.datasource.DataSourceUtils      : Setting JDBC Connection [HikariProxyConnection@1159180103 wrapping conn20: url=jdbc:h2:file:../recipes_db user=SA] read-only
?[0m?[0;34m2023-03-31 16:06:16.113 DEBUG 29781 --- [nio-8080-exec-2] o.s.orm.jpa.JpaTransactionManager        : Exposing JPA transaction as JDBC [org.springframework.orm.jpa.vendor.HibernateJpaDialect$HibernateConnectionHandle@3820821f]
?[0m?[0;34m2023-03-31 16:06:16.113 DEBUG 29781 --- [nio-8080-exec-2] o.s.orm.jpa.JpaTransactionManager        : Initiating transaction commit
?[0m?[0;34m2023-03-31 16:06:16.113 DEBUG 29781 --- [nio-8080-exec-2] o.s.orm.jpa.JpaTransactionManager        : Committing JPA transaction on EntityManager [SessionImpl(219197215<open>)]
?[0m?[0;34m2023-03-31 16:06:16.113 DEBUG 29781 --- [nio-8080-exec-2] o.s.jdbc.datasource.DataSourceUtils      : Resetting read-only flag of JDBC Connection [HikariProxyConnection@1159180103 wrapping conn20: url=jdbc:h2:file:../recipes_db user=SA]
?[0m?[0;34m2023-03-31 16:06:16.113 DEBUG 29781 --- [nio-8080-exec-2] o.s.orm.jpa.JpaTransactionManager        : Not closing pre-bound JPA EntityManager after transaction
?[0m?[0;34m2023-03-31 16:06:16.116 DEBUG 29781 --- [nio-8080-exec-2] m.m.a.RequestResponseBodyMethodProcessor : Using 'application/json', given [*/*] and supported [application/json, application/*+json, application/json, application/*+json]
?[0m?[0;34m2023-03-31 16:06:16.146 DEBUG 29781 --- [nio-8080-exec-2] m.m.a.RequestResponseBodyMethodProcessor : Writing [java.lang.StackOverflowError]
?[0m?[0;34m2023-03-31 16:06:16.147 DEBUG 29781 --- [nio-8080-exec-2] w.c.HttpSessionSecurityContextRepository : Stored SecurityContextImpl [Authentication=UsernamePasswordAuthenticationToken [Principal=recipes.UserDetailsImpl@7b455dd4, Credentials=[PROTECTED], Authenticated=true, Details=WebAuthenticationDetails [RemoteIpAddress=127.0.0.1, SessionId=null], Granted Authorities=[ROLE_USER]]] to HttpSession [org.apache.catalina.session.StandardSessionFacade@73b4e475]
?[0m?[0;34m2023-03-31 16:06:16.147 DEBUG 29781 --- [nio-8080-exec-2] o.j.s.OpenEntityManagerInViewInterceptor : Closing JPA EntityManager in OpenEntityManagerInViewInterceptor
?[0m?[0;34m2023-03-31 16:06:16.147  WARN 29781 --- [nio-8080-exec-2] o.h.e.loading.internal.LoadContexts      : HHH000100: Fail-safe cleanup (collections) : org.hibernate.engine.loading.internal.CollectionLoadContext@7667b272<rs=HikariProxyResultSet@1031493761 wrapping rs4072: null>
?[0m?[0;34m2023-03-31 16:06:16.147  WARN 29781 --- [nio-8080-exec-2] o.h.e.loading.internal.LoadContexts      : HHH000100: Fail-safe cleanup (collections) : org.hibernate.engine.loading.internal.CollectionLoadContext@74d0dc98<rs=HikariProxyResultSet@576822659 wrapping rs4035: null>
?[0m?[0;34m2023-03-31 16:06:16.147  WARN 29781 --- [nio-8080-exec-2] o.h.e.loading.internal.LoadContexts      : HHH000100: Fail-safe cleanup (collections) : org.hibernate.engine.loading.internal.CollectionLoadContext@70c3ad16<rs=HikariProxyResultSet@1405008259 wrapping rs4530: null>
?[0m?[0;34m2023-03-31 16:06:16.147  WARN 29781 --- [nio-8080-exec-2] o.h.e.loading.internal.LoadContexts      : HHH000100: Fail-safe cleanup (collections) : org.hibernate.engine.loading.internal.CollectionLoadContext@6db8da85<rs=HikariProxyResultSet@1758785157 wrapping rs4276: null>
?[0m?[0;34m2023-03-31 16:06:16.147  WARN 29781 --- [nio-8080-exec-2] o.h.e.loading.internal.LoadContexts      : HHH000100: Fail-safe cleanup (collections) : org.hibernate.engine.loading.internal.CollectionLoadContext@26070162<rs=HikariProxyResultSet@1686425866 wrapping rs4539: null>
?[0m?[0;34m2023-03-31 16:06:16.147  WARN 29781 --- [nio-8080-exec-2] o.h.e.loading.internal.LoadContexts      : HHH000100: Fail-safe cleanup (collections) : org.hibernate.engine.loading.internal.CollectionLoadContext@54412d26<rs=HikariProxyResultSet@368596363 wrapping rs4571: null>
?[0m?[0;34m2023-03-31 16:06:16.147  WARN 29781 --- [nio-8080-exec-2] o.h.e.loading.internal.LoadContexts      : HHH000100: Fail-safe cleanup (collections) : org.hibernate.engine.loading.internal.CollectionLoadContext@398791a5<rs=HikariProxyResultSet@582149644 wrapping rs4236: null>
?[0m?[0;34m2023-03-31 16:06:16.147  WARN 29781 --- [nio-8080-exec-2] o.h.e.loading.internal.LoadContexts      : HHH000100: Fail-safe cleanup (collections) : org.hibernate.engine.loading.internal.CollectionLoadContext@124008e2<rs=HikariProxyResultSet@905390741 wrapping rs4525: null>
?[0m?[0;34m2023-03-31 16:06:16.147  WARN 29781 --- [nio-8080-exec-2] o.h.e.loading.internal.LoadContexts      : HHH000100: Fail-safe cleanup (collections) : org.hibernate.engine.loading.internal.CollectionLoadContext@c5207d9<rs=HikariProxyResultSet@1820167321 wrapping rs4308: null>
?[0m?[0;34m2023-03-31 16:06:16.147  WARN 29781 --- [nio-8080-exec-2] o.h.e.loading.internal.LoadContexts      : HHH000100: Fail-safe cleanup (collections) : org.hibernate.engine.loading.internal.CollectionLoadContext@51272368<rs=HikariProxyResultSet@1472271134 wrapping rs4167: null>
?[0m?[0;34m2023-03-31 16:06:16.147  WARN 29781 --- [nio-8080-exec-2] o.h.e.loading.internal.LoadContexts      : HHH000100: Fail-safe cleanup (collections) : org.hibernate.engine.loading.internal.CollectionLoadContext@54288a50<rs=HikariProxyResultSet@293036072 wrapping rs4191: null>
?[0m?[0;34m2023-03-31 16:06:16.147  WARN 29781 --- [nio-8080-exec-2] o.h.e.loading.internal.LoadContexts      : HHH000100: Fail-safe cleanup (collections) : org.hibernate.engine.loading.internal.CollectionLoadContext@46bd8f2f<rs=HikariProxyResultSet@669760681 wrapping rs4366: null>
?[0m?[0;34m2023-03-31 16:06:16.147  WARN 29781 --- [nio-8080-exec-2] o.h.e.loading.internal.LoadContexts      : HHH000100: Fail-safe cleanup (collections) : org.hibernate.engine.loading.internal.CollectionLoadContext@5acd24ee<rs=HikariProxyResultSet@443868845 wrapping rs4492: null>
?[0m?[0;34m2023-03-31 16:06:16.147  WARN 29781 --- [nio-8080-exec-2] o.h.e.loading.internal.LoadContexts      : HHH000100: Fail-safe cleanup (collections) : org.hibernate.engine.loading.internal.CollectionLoadContext@321970bc<rs=HikariProxyResultSet@1011602222 wrapping rs4195: null>
?[0m?[0;34m2023-03-31 16:06:16.147  WARN 29781 --- [nio-8080-exec-2] o.h.e.loading.internal.LoadContexts      : HHH000100: Fail-safe cleanup (collections) : org.hibernate.engine.loading.internal.CollectionLoadContext@22f316a5<rs=HikariProxyResultSet@1603194799 wrapping rs4046: null>
?[0m?[0;34m2023-03-31 16:06:16.147  WARN 29781 --- [nio-8080-exec-2] o.h.e.loading.internal.LoadContexts      : HHH000100: Fail-safe cleanup (collections) : org.hibernate.engine.loading.internal.CollectionLoadContext@89d2123<rs=HikariProxyResultSet@85241009 wrapping rs4361: null>
?[0m?[0;34m2023-03-31 16:06:16.147  WARN 29781 --- [nio-8080-exec-2] o.h.e.loading.internal.LoadContexts      : HHH000100: Fail-safe cleanup (collections) : org.hibernate.engine.loading.internal.CollectionLoadContext@3b448e8a<rs=HikariProxyResultSet@106755378 wrapping rs4305: null>
?[0m?[0;34m2023-03-31 16:06:16.147  WARN 29781 --- [nio-8080-exec-2] o.h.e.loading.internal.LoadContexts      : HHH000100: Fail-safe cleanup (collections) : org.hibernate.engine.loading.internal.CollectionLoadContext@42a195ce<rs=HikariProxyResultSet@1297269179 wrapping rs4094: null>
?[0m?[0;34m2023-03-31 16:06:16.147  WARN 29781 --- [nio-8080-exec-2] o.h.e.loading.internal.LoadContexts      : HHH000100: Fail-safe cleanup (collections) : org.hibernate.engine.loading.internal.CollectionLoadContext@785df501<rs=HikariProxyResultSet@658863934 wrapping rs4334: null>
?[0m?[0;34m2023-03-31 16:06:16.147  WARN 29781 --- [nio-8080-exec-2] o.h.e.loading.internal.LoadContexts      : HHH000100: Fail-safe cleanup (collections) : org.hibernate.engine.loading.internal.CollectionLoadContext@19a85710<rs=HikariProxyResultSet@2080366527 wrapping rs4517: null>
?[0m?[0;34m2023-03-31 16:06:16.147  WARN 29781 --- [nio-8080-exec-2] o.h.e.loading.internal.LoadContexts      : HHH000100: Fail-safe cleanup (collections) : org.hibernate.engine.loading.internal.CollectionLoadContext@607ba71<rs=HikariProxyResultSet@1405638720 wrapping rs4422: null>
?[0m?[0;34m2023-03-31 16:06:16.147  WARN 29781 --- [nio-8080-exec-2] o.h.e.loading.internal.LoadContexts      : HHH000100: Fail-safe cleanup (collections) : org.hibernate.engine.loading.internal.CollectionLoadContext@48c6409a<rs=HikariProxyResultSet@1463137860 wrapping rs4383: null>
?[0m?[0;34m2023-03-31 16:06:16.147  WARN 29781 --- [nio-8080-exec-2] o.h.e.loading.internal.LoadContexts      : HHH000100: Fail-safe cleanup (collections) : org.hibernate.engine.loading.internal.CollectionLoadContext@5fa4417e<rs=HikariProxyResultSet@715075398 wrapping rs4300: null>
?[0m?[0;34m2023-03-31 16:06:16.147  WARN 29781 --- [nio-8080-exec-2] o.h.e.loading.internal.LoadContexts      : HHH000100: Fail-safe cleanup (collections) : org.hibernate.engine.loading.internal.CollectionLoadContext@4ef9d4d<rs=HikariProxyResultSet@473357126 wrapping rs4555: null>
?[0m?[0;34m2023-03-31 16:06:16.147  WARN 29781 --- [nio-8080-exec-2] o.h.e.loading.internal.LoadContexts      : HHH000100: Fail-safe cleanup (collections) : org.hibernate.engine.loading.internal.CollectionLoadContext@3f806b93<rs=HikariProxyResultSet@1085539787 wrapping rs4512: null>
?[0m?[0;34m2023-03-31 16:06:16.147  WARN 29781 --- [nio-8080-exec-2] o.h.e.loading.internal.LoadContexts      : HHH000100: Fail-safe cleanup (collections) : org.hibernate.engine.loading.internal.CollectionLoadContext@45383e69<rs=HikariProxyResultSet@1836197452 wrapping rs4059: null>
?[0m?[0;34m2023-03-31 16:06:16.147  WARN 29781 --- [nio-8080-exec-2] o.h.e.loading.internal.LoadContexts      : HHH000100: Fail-safe cleanup (collections) : org.hibernate.engine.loading.internal.CollectionLoadContext@386a2801<rs=HikariProxyResultSet@347686476 wrapping rs4415: null>
?[0m?[0;34m2023-03-31 16:06:16.147  WARN 29781 --- [nio-8080-exec-2] o.h.e.loading.internal.LoadContexts      : HHH000100: Fail-safe cleanup (collections) : org.hibernate.engine.loading.internal.CollectionLoadContext@4097cfb4<rs=HikariProxyResultSet@1778854734 wrapping rs4442: null>
?[0m?[0;34m2023-03-31 16:06:16.147  WARN 29781 --- [nio-8080-exec-2] o.h.e.loading.internal.LoadContexts      : HHH000100: Fail-safe cleanup (collections) : org.hibernate.engine.loading.internal.CollectionLoadContext@7c77e8c6<rs=HikariProxyResultSet@2116087888 wrapping rs4255: null>
?[0m?[0;34m2023-03-31 16:06:16.147  WARN 29781 --- [nio-8080-exec-2] o.h.e.loading.internal.LoadContexts      : HHH000100: Fail-safe cleanup (collections) : org.hibernate.engine.loading.internal.CollectionLoadContext@78385a57<rs=HikariProxyResultSet@164159568 wrapping rs4421: null>
?[0m?[0;34m2023-03-31 16:06:16.147  WARN 29781 --- [nio-8080-exec-2] o.h.e.loading.internal.LoadContexts      : HHH000100: Fail-safe cleanup (collections) : org.hibernate.engine.loading.internal.CollectionLoadContext@11fb4f71<rs=HikariProxyResultSet@1494814929 wrapping rs4523: null>
?[0m?[0;34m2023-03-31 16:06:16.147  WARN 29781 --- [nio-8080-exec-2] o.h.e.loading.internal.LoadContexts      : HHH000100: Fail-safe cleanup (collections) : org.hibernate.engine.loading.internal.CollectionLoadContext@6fefc895<rs=HikariProxyResultSet@2015731284 wrapping rs4386: null>
?[0m?[0;34m2023-03-31 16:06:16.147  WARN 29781 --- [nio-8080-exec-2] o.h.e.loading.internal.LoadContexts      : HHH000100: Fail-safe cleanup (collections) : org.hibernate.engine.loading.internal.CollectionLoadContext@2c1d3c76<rs=HikariProxyResultSet@2028234453 wrapping rs4219: null>
?[0m?[0;34m2023-03-31 16:06:16.147  WARN 29781 --- [nio-8080-exec-2] o.h.e.loading.internal.LoadContexts      : HHH000100: Fail-safe cleanup (collections) : org.hibernate.engine.loading.internal.CollectionLoadContext@16cd3140<rs=HikariProxyResultSet@307333974 wrapping rs4230: null>
?[0m?[0;34m2023-03-31 16:06:16.147  WARN 29781 --- [nio-8080-exec-2] o.h.e.loading.internal.LoadContexts      : HHH000100: Fail-safe cleanup (collections) : org.hibernate.engine.loading.internal.CollectionLoadContext@5d86742f<rs=HikariProxyResultSet@1717011286 wrapping rs4411: null>
?[0m?[0;34m2023-03-31 16:06:16.147  WARN 29781 --- [nio-8080-exec-2] o.h.e.loading.internal.LoadContexts      : HHH000100: Fail-safe cleanup (collections) : org.hibernate.engine.loading.internal.CollectionLoadContext@4cbca46a<rs=HikariProxyResultSet@1250393942 wrapping rs4546: null>
?[0m?[0;34m2023-03-31 16:06:16.147  WARN 29781 --- [nio-8080-exec-2] o.h.e.loading.internal.LoadContexts      : HHH000100: Fail-safe cleanup (collections) : org.hibernate.engine.loading.internal.CollectionLoadContext@987df07<rs=HikariProxyResultSet@1338993115 wrapping rs4537: null>
?[0m?[0;34m2023-03-31 16:06:16.147  WARN 29781 --- [nio-8080-exec-2] o.h.e.loading.internal.LoadContexts      : HHH000100: Fail-safe cleanup (collections) : org.hibernate.engine.loading.internal.CollectionLoadContext@76bfb846<rs=HikariProxyResultSet@844792412 wrapping rs4077: null>
?[0m?[0;34m2023-03-31 16:06:16.147  WARN 29781 --- [nio-8080-exec-2] o.h.e.loading.internal.LoadContexts      : HHH000100: Fail-safe cleanup (collections) : org.hibernate.engine.loading.internal.CollectionLoadContext@18768db2<rs=HikariProxyResultSet@2041514717 wrapping rs4281: null>
?[0m?[0;34m2023-03-31 16:06:16.147  WARN 29781 --- [nio-8080-exec-2] o.h.e.loading.internal.LoadContexts      : HHH000100: Fail-safe cleanup (collections) : org.hibernate.engine.loading.internal.CollectionLoadContext@3140e522<rs=HikariProxyResultSet@818561757 wrapping rs4320: null>
?[0m?[0;34m2023-03-31 16:06:16.147  WARN 29781 --- [nio-8080-exec-2] o.h.e.loading.internal.LoadContexts      : HHH000100: Fail-safe cleanup (collections) : org.hibernate.engine.loading.internal.CollectionLoadContext@6886bea<rs=HikariProxyResultSet@865916895 wrapping rs4360: null>
?[0m?[0;34m2023-03-31 16:06:16.147  WARN 29781 --- [nio-8080-exec-2] o.h.e.loading.internal.LoadContexts      : HHH000100: Fail-safe cleanup (collections) : org.hibernate.engine.loading.internal.CollectionLoadContext@dfe9ef5<rs=HikariProxyResultSet@866426847 wrapping rs4540: null>
?[0m?[0;34m2023-03-31 16:06:16.147  WARN 29781 --- [nio-8080-exec-2] o.h.e.loading.internal.LoadContexts      : HHH000100: Fail-safe cleanup (collections) : org.hibernate.engine.loading.internal.CollectionLoadContext@214999e5<rs=HikariProxyResultSet@2026451169 wrapping rs4575: null>
?[0m?[0;34m2023-03-31 16:06:16.147  WARN 29781 --- [nio-8080-exec-2] o.h.e.loading.internal.LoadContexts      : HHH000100: Fail-safe cleanup (collections) : org.hibernate.engine.loading.internal.CollectionLoadContext@1796111b<rs=HikariProxyResultSet@616014307 wrapping rs4049: null>
?[0m?[0;34m2023-03-31 16:06:16.147  WARN 29781 --- [nio-8080-exec-2] o.h.e.loading.internal.LoadContexts      : HHH000100: Fail-safe cleanup (collections) : org.hibernate.engine.loading.internal.CollectionLoadContext@5204ff38<rs=HikariProxyResultSet@1562222309 wrapping rs4251: null>
?[0m?[0;34m2023-03-31 16:06:16.147  WARN 29781 --- [nio-8080-exec-2] o.h.e.loading.internal.LoadContexts      : HHH000100: Fail-safe cleanup (collections) : org.hibernate.engine.loading.internal.CollectionLoadContext@2bf4cabb<rs=HikariProxyResultSet@110721265 wrapping rs4187: null>
?[0m?[0;34m2023-03-31 16:06:16.147  WARN 29781 --- [nio-8080-exec-2] o.h.e.loading.internal.LoadContexts      : HHH000100: Fail-safe cleanup (collections) : org.hibernate.engine.loading.internal.CollectionLoadContext@469fe891<rs=HikariProxyResultSet@801882611 wrapping rs4562: null>
?[0m?[0;34m2023-03-31 16:06:16.147  WARN 29781 --- [nio-8080-exec-2] o.h.e.loading.internal.LoadContexts      : HHH000100: Fail-safe cleanup (collections) : org.hibernate.engine.loading.internal.CollectionLoadContext@61263790<rs=HikariProxyResultSet@417514624 wrapping rs4474: null>
?[0m?[0;34m2023-03-31 16:06:16.147  WARN 29781 --- [nio-8080-exec-2] o.h.e.loading.internal.LoadContexts      : HHH000100: Fail-safe cleanup (collections) : org.hibernate.engine.loading.internal.CollectionLoadContext@14aee9b3<rs=HikariProxyResultSet@656710913 wrapping rs4119: null>
?[0m?[0;34m2023-03-31 16:06:16.147  WARN 29781 --- [nio-8080-exec-2] o.h.e.loading.internal.LoadContexts      : HHH000100: Fail-safe cleanup (collections) : org.hibernate.engine.loading.internal.CollectionLoadContext@1902488f<rs=HikariProxyResultSet@936306437 wrapping rs4182: null>
?[0m?[0;34m2023-03-31 16:06:16.147  WARN 29781 --- [nio-8080-exec-2] o.h.e.loading.internal.LoadContexts      : HHH000100: Fail-safe cleanup (collections) : org.hibernate.engine.loading.internal.CollectionLoadContext@2060e05e<rs=HikariProxyResultSet@1535354629 wrapping rs4469: null>
?[0m?[0;34m2023-03-31 16:06:16.147  WARN 29781 --- [nio-8080-exec-2] o.h.e.loading.internal.LoadContexts      : HHH000100: Fail-safe cleanup (collections) : org.hibernate.engine.loading.internal.CollectionLoadContext@702ac975<rs=HikariProxyResultSet@1756206087 wrapping rs4275: null>
?[0m?[0;34m2023-03-31 16:06:16.148  WARN 29781 --- [nio-8080-exec-2] o.h.e.loading.internal.LoadContexts      : HHH000100: Fail-safe cleanup (collections) : org.hibernate.engine.loading.internal.CollectionLoadContext@132a45b2<rs=HikariProxyResultSet@2091957642 wrapping rs4538: null>
?[0m?[0;34m2023-03-31 16:06:16.148  WARN 29781 --- [nio-8080-exec-2] o.h.e.loading.internal.LoadContexts      : HHH000100: Fail-safe cleanup (collections) : org.hibernate.engine.loading.internal.CollectionLoadContext@18e73168<rs=HikariProxyResultSet@786380815 wrapping rs4541: null>
?[0m?[0;34m2023-03-31 16:06:16.148  WARN 29781 --- [nio-8080-exec-2] o.h.e.loading.internal.LoadContexts      : HHH000100: Fail-safe cleanup (collections) : org.hibernate.engine.loading.internal.CollectionLoadContext@3fa2503a<rs=HikariProxyResultSet@347858959 wrapping rs4564: null>
?[0m?[0;34m2023-03-31 16:06:16.148  WARN 29781 --- [nio-8080-exec-2] o.h.e.loading.internal.LoadContexts      : HHH000100: Fail-safe cleanup (collections) : org.hibernate.engine.loading.internal.CollectionLoadContext@196547da<rs=HikariProxyResultSet@1141956881 wrapping rs4356: null>
?[0m?[0;34m2023-03-31 16:06:16.148  WARN 29781 --- [nio-8080-exec-2] o.h.e.loading.internal.LoadContexts      : HHH000100: Fail-safe cleanup (collections) : org.hibernate.engine.loading.internal.CollectionLoadContext@58239691<rs=HikariProxyResultSet@635796245 wrapping rs4506: null>
?[0m?[0;34m2023-03-31 16:06:16.148  WARN 29781 --- [nio-8080-exec-2] o.h.e.loading.internal.LoadContexts      : HHH000100: Fail-safe cleanup (collections) : org.hibernate.engine.loading.internal.CollectionLoadContext@79ee808c<rs=HikariProxyResultSet@1809466262 wrapping rs4501: null>
?[0m?[0;34m2023-03-31 16:06:16.148  WARN 29781 --- [nio-8080-exec-2] o.h.e.loading.internal.LoadContexts      : HHH000100: Fail-safe cleanup (collections) : org.hibernate.engine.loading.internal.CollectionLoadContext@54603c0b<rs=HikariProxyResultSet@384187681 wrapping rs4370: null>
?[0m?[0;34m2023-03-31 16:06:16.148  WARN 29781 --- [nio-8080-exec-2] o.h.e.loading.internal.LoadContexts      : HHH000100: Fail-safe cleanup (collections) : org.hibernate.engine.loading.internal.CollectionLoadContext@6708faca<rs=HikariProxyResultSet@433801505 wrapping rs4567: null>
?[0m?[0;34m2023-03-31 16:06:16.148  WARN 29781 --- [nio-8080-exec-2] o.h.e.loading.internal.LoadContexts      : HHH000100: Fail-safe cleanup (collections) : org.hibernate.engine.loading.internal.CollectionLoadContext@23db7fa4<rs=HikariProxyResultSet@821988899 wrapping rs4461: null>
?[0m?[0;34m2023-03-31 16:06:16.148  WARN 29781 --- [nio-8080-exec-2] o.h.e.loading.internal.LoadContexts      : HHH000100: Fail-safe cleanup (collections) : org.hibernate.engine.loading.internal.CollectionLoadContext@2ebc71b3<rs=HikariProxyResultSet@1462618659 wrapping rs4500: null>
?[0m?[0;34m2023-03-31 16:06:16.148  WARN 29781 --- [nio-8080-exec-2] o.h.e.loading.internal.LoadContexts      : HHH000100: Fail-safe cleanup (collections) : org.hibernate.engine.loading.internal.CollectionLoadContext@7b69800b<rs=HikariProxyResultSet@476901544 wrapping rs4062: null>
?[0m?[0;34m2023-03-31 16:06:16.148  WARN 29781 --- [nio-8080-exec-2] o.h.e.loading.internal.LoadContexts      : HHH000100: Fail-safe cleanup (collections) : org.hibernate.engine.loading.internal.CollectionLoadContext@5b97eb06<rs=HikariProxyResultSet@1144321579 wrapping rs4198: null>
?[0m?[0;34m2023-03-31 16:06:16.148  WARN 29781 --- [nio-8080-exec-2] o.h.e.loading.internal.LoadContexts      : HHH000100: Fail-safe cleanup (collections) : org.hibernate.engine.loading.internal.CollectionLoadContext@2349898f<rs=HikariProxyResultSet@804438829 wrapping rs4319: null>
?[0m?[0;34m2023-03-31 16:06:16.148  WARN 29781 --- [nio-8080-exec-2] o.h.e.loading.internal.LoadContexts      : HHH000100: Fail-safe cleanup (collections) : org.hibernate.engine.loading.internal.CollectionLoadContext@6e3555bc<rs=HikariProxyResultSet@321091760 wrapping rs4385: null>
?[0m?[0;34m2023-03-31 16:06:16.148  WARN 29781 --- [nio-8080-exec-2] o.h.e.loading.internal.LoadContexts      : HHH000100: Fail-safe cleanup (collections) : org.hibernate.engine.loading.internal.CollectionLoadContext@59ebe9a9<rs=HikariProxyResultSet@93166131 wrapping rs4176: null>
?[0m?[0;34m2023-03-31 16:06:16.148  WARN 29781 --- [nio-8080-exec-2] o.h.e.loading.internal.LoadContexts      : HHH000100: Fail-safe cleanup (collections) : org.hibernate.engine.loading.internal.CollectionLoadContext@3d40e649<rs=HikariProxyResultSet@485609011 wrapping rs4280: null>
?[0m?[0;34m2023-03-31 16:06:16.148  WARN 29781 --- [nio-8080-exec-2] o.h.e.loading.internal.LoadContexts      : HHH000100: Fail-safe cleanup (collections) : org.hibernate.engine.loading.internal.CollectionLoadContext@522a059f<rs=HikariProxyResultSet@1781351221 wrapping rs4387: null>
?[0m?[0;34m2023-03-31 16:06:16.148  WARN 29781 --- [nio-8080-exec-2] o.h.e.loading.internal.LoadContexts      : HHH000100: Fail-safe cleanup (collections) : org.hibernate.engine.loading.internal.CollectionLoadContext@167632d3<rs=HikariProxyResultSet@1238094387 wrapping rs4572: null>
?[0m?[0;34m2023-03-31 16:06:16.148  WARN 29781 --- [nio-8080-exec-2] o.h.e.loading.internal.LoadContexts      : HHH000100: Fail-safe cleanup (collections) : org.hibernate.engine.loading.internal.CollectionLoadContext@10563715<rs=HikariProxyResultSet@477635639 wrapping rs4400: null>
?[0m?[0;34m2023-03-31 16:06:16.148  WARN 29781 --- [nio-8080-exec-2] o.h.e.loading.internal.LoadContexts      : HHH000100: Fail-safe cleanup (collections) : org.hibernate.engine.loading.internal.CollectionLoadContext@2a9ef9f8<rs=HikariProxyResultSet@1359025336 wrapping rs4502: null>
?[0m?[0;34m2023-03-31 16:06:16.148  WARN 29781 --- [nio-8080-exec-2] o.h.e.loading.internal.LoadContexts      : HHH000100: Fail-safe cleanup (collections) : org.hibernate.engine.loading.internal.CollectionLoadContext@281a07c9<rs=HikariProxyResultSet@700069822 wrapping rs4109: null>
?[0m?[0;34m2023-03-31 16:06:16.148  WARN 29781 --- [nio-8080-exec-2] o.h.e.loading.internal.LoadContexts      : HHH000100: Fail-safe cleanup (collections) : org.hibernate.engine.loading.internal.CollectionLoadContext@f5d58b3<rs=HikariProxyResultSet@413421502 wrapping rs4419: null>
?[0m?[0;34m2023-03-31 16:06:16.148  WARN 29781 --- [nio-8080-exec-2] o.h.e.loading.internal.LoadContexts      : HHH000100: Fail-safe cleanup (collections) : org.hibernate.engine.loading.internal.CollectionLoadContext@2e9228d2<rs=HikariProxyResultSet@205487296 wrapping rs4495: null>
?[0m?[0;34m2023-03-31 16:06:16.148  WARN 29781 --- [nio-8080-exec-2] o.h.e.loading.internal.LoadContexts      : HHH000100: Fail-safe cleanup (collections) : org.hibernate.engine.loading.internal.CollectionLoadContext@731e45c1<rs=HikariProxyResultSet@1569864259 wrapping rs4450: null>
?[0m?[0;34m2023-03-31 16:06:16.148  WARN 29781 --- [nio-8080-exec-2] o.h.e.loading.internal.LoadContexts      : HHH000100: Fail-safe cleanup (collections) : org.hibernate.engine.loading.internal.CollectionLoadContext@b423024<rs=HikariProxyResultSet@331337541 wrapping rs4479: null>
?[0m?[0;34m2023-03-31 16:06:16.148  WARN 29781 --- [nio-8080-exec-2] o.h.e.loading.internal.LoadContexts      : HHH000100: Fail-safe cleanup (collections) : org.hibernate.engine.loading.internal.CollectionLoadContext@6e3f793f<rs=HikariProxyResultSet@689125447 wrapping rs4403: null>
?[0m?[0;34m2023-03-31 16:06:16.148  WARN 29781 --- [nio-8080-exec-2] o.h.e.loading.internal.LoadContexts      : HHH000100: Fail-safe cleanup (collections) : org.hibernate.engine.loading.internal.CollectionLoadContext@51541892<rs=HikariProxyResultSet@357977288 wrapping rs4254: null>
?[0m?[0;34m2023-03-31 16:06:16.148  WARN 29781 --- [nio-8080-exec-2] o.h.e.loading.internal.LoadContexts      : HHH000100: Fail-safe cleanup (collections) : org.hibernate.engine.loading.internal.CollectionLoadContext@50657f34<rs=HikariProxyResultSet@177907017 wrapping rs4368: null>
?[0m?[0;34m2023-03-31 16:06:16.148  WARN 29781 --- [nio-8080-exec-2] o.h.e.loading.internal.LoadContexts      : HHH000100: Fail-safe cleanup (collections) : org.hibernate.engine.loading.internal.CollectionLoadContext@4a3cb60c<rs=HikariProxyResultSet@1247876554 wrapping rs4354: null>
?[0m?[0;34m2023-03-31 16:06:16.148  WARN 29781 --- [nio-8080-exec-2] o.h.e.loading.internal.LoadContexts      : HHH000100: Fail-safe cleanup (collections) : org.hibernate.engine.loading.internal.CollectionLoadContext@5f5fc8f5<rs=HikariProxyResultSet@783918925 wrapping rs4533: null>
?[0m?[0;34m2023-03-31 16:06:16.148  WARN 29781 --- [nio-8080-exec-2] o.h.e.loading.internal.LoadContexts      : HHH000100: Fail-safe cleanup (collections) : org.hibernate.engine.loading.internal.CollectionLoadContext@2ebecb04<rs=HikariProxyResultSet@2061608015 wrapping rs4202: null>
?[0m?[0;34m2023-03-31 16:06:16.148  WARN 29781 --- [nio-8080-exec-2] o.h.e.loading.internal.LoadContexts      : HHH000100: Fail-safe cleanup (collections) : org.hibernate.engine.loading.internal.CollectionLoadContext@55d99d38<rs=HikariProxyResultSet@1699698001 wrapping rs4218: null>
?[0m?[0;34m2023-03-31 16:06:16.148  WARN 29781 --- [nio-8080-exec-2] o.h.e.loading.internal.LoadContexts      : HHH000100: Fail-safe cleanup (collections) : org.hibernate.engine.loading.internal.CollectionLoadContext@7afacd59<rs=HikariProxyResultSet@1083235794 wrapping rs4477: null>
?[0m?[0;34m2023-03-31 16:06:16.148  WARN 29781 --- [nio-8080-exec-2] o.h.e.loading.internal.LoadContexts      : HHH000100: Fail-safe cleanup (collections) : org.hibernate.engine.loading.internal.CollectionLoadContext@5bc3aa93<rs=HikariProxyResultSet@1044564692 wrapping rs4056: null>
?[0m?[0;34m2023-03-31 16:06:16.148  WARN 29781 --- [nio-8080-exec-2] o.h.e.loading.internal.LoadContexts      : HHH000100: Fail-safe cleanup (collections) : org.hibernate.engine.loading.internal.CollectionLoadContext@37dbc04<rs=HikariProxyResultSet@1395235798 wrapping rs4481: null>
?[0m?[0;34m2023-03-31 16:06:16.148  WARN 29781 --- [nio-8080-exec-2] o.h.e.loading.internal.LoadContexts      : HHH000100: Fail-safe cleanup (collections) : org.hibernate.engine.loading.internal.CollectionLoadContext@1ad4c10e<rs=HikariProxyResultSet@1330045015 wrapping rs4315: null>
?[0m?[0;34m2023-03-31 16:06:16.148  WARN 29781 --- [nio-8080-exec-2] o.h.e.loading.internal.LoadContexts      : HHH000100: Fail-safe cleanup (collections) : org.hibernate.engine.loading.internal.CollectionLoadContext@36685708<rs=HikariProxyResultSet@2062505047 wrapping rs4542: null>
?[0m?[0;34m2023-03-31 16:06:16.148  WARN 29781 --- [nio-8080-exec-2] o.h.e.loading.internal.LoadContexts      : HHH000100: Fail-safe cleanup (collections) : org.hibernate.engine.loading.internal.CollectionLoadContext@7039f464<rs=HikariProxyResultSet@891373913 wrapping rs4458: null>
?[0m?[0;34m2023-03-31 16:06:16.148  WARN 29781 --- [nio-8080-exec-2] o.h.e.loading.internal.LoadContexts      : HHH000100: Fail-safe cleanup (collections) : org.hibernate.engine.loading.internal.CollectionLoadContext@1ecaebfb<rs=HikariProxyResultSet@1285688794 wrapping rs4396: null>
?[0m?[0;34m2023-03-31 16:06:16.148  WARN 29781 --- [nio-8080-exec-2] o.h.e.loading.internal.LoadContexts      : HHH000100: Fail-safe cleanup (collections) : org.hibernate.engine.loading.internal.CollectionLoadContext@22aa959d<rs=HikariProxyResultSet@221773274 wrapping rs4513: null>
?[0m?[0;34m2023-03-31 16:06:16.148  WARN 29781 --- [nio-8080-exec-2] o.h.e.loading.internal.LoadContexts      : HHH000100: Fail-safe cleanup (collections) : org.hibernate.engine.loading.internal.CollectionLoadContext@560e56d7<rs=HikariProxyResultSet@1195616222 wrapping rs4299: null>
?[0m?[0;34m2023-03-31 16:06:16.148  WARN 29781 --- [nio-8080-exec-2] o.h.e.loading.internal.LoadContexts      : HHH000100: Fail-safe cleanup (collections) : org.hibernate.engine.loading.internal.CollectionLoadContext@69ab12a6<rs=HikariProxyResultSet@1801156832 wrapping rs4110: null>
?[0m?[0;34m2023-03-31 16:06:16.148  WARN 29781 --- [nio-8080-exec-2] o.h.e.loading.internal.LoadContexts      : HHH000100: Fail-safe cleanup (collections) : org.hibernate.engine.loading.internal.CollectionLoadContext@20f7b95b<rs=HikariProxyResultSet@1423943267 wrapping rs4480: null>
?[0m?[0;34m2023-03-31 16:06:16.148  WARN 29781 --- [nio-8080-exec-2] o.h.e.loading.internal.LoadContexts      : HHH000100: Fail-safe cleanup (collections) : org.hibernate.engine.loading.internal.CollectionLoadContext@5687d6a5<rs=HikariProxyResultSet@75770596 wrapping rs4082: null>
?[0m?[0;34m2023-03-31 16:06:16.148  WARN 29781 --- [nio-8080-exec-2] o.h.e.loading.internal.LoadContexts      : HHH000100: Fail-safe cleanup (collections) : org.hibernate.engine.loading.internal.CollectionLoadContext@721b9a4c<rs=HikariProxyResultSet@902618981 wrapping rs4160: null>
?[0m?[0;34m2023-03-31 16:06:16.148  WARN 29781 --- [nio-8080-exec-2] o.h.e.loading.internal.LoadContexts      : HHH000100: Fail-safe cleanup (collections) : org.hibernate.engine.loading.internal.CollectionLoadContext@4314988b<rs=HikariProxyResultSet@111979623 wrapping rs4561: null>
?[0m?[0;34m2023-03-31 16:06:16.148  WARN 29781 --- [nio-8080-exec-2] o.h.e.loading.internal.LoadContexts      : HHH000100: Fail-safe cleanup (collections) : org.hibernate.engine.loading.internal.CollectionLoadContext@5e34dcd3<rs=HikariProxyResultSet@382471150 wrapping rs4516: null>
?[0m?[0;34m2023-03-31 16:06:16.148  WARN 29781 --- [nio-8080-exec-2] o.h.e.loading.internal.LoadContexts      : HHH000100: Fail-safe cleanup (collections) : org.hibernate.engine.loading.internal.CollectionLoadContext@36ee0b4e<rs=HikariProxyResultSet@2043769072 wrapping rs4463: null>
?[0m?[0;34m2023-03-31 16:06:16.148  WARN 29781 --- [nio-8080-exec-2] o.h.e.loading.internal.LoadContexts      : HHH000100: Fail-safe cleanup (collections) : org.hibernate.engine.loading.internal.CollectionLoadContext@18093e25<rs=HikariProxyResultSet@784689658 wrapping rs4105: null>
?[0m?[0;34m2023-03-31 16:06:16.148  WARN 29781 --- [nio-8080-exec-2] o.h.e.loading.internal.LoadContexts      : HHH000100: Fail-safe cleanup (collections) : org.hibernate.engine.loading.internal.CollectionLoadContext@7fbe2d6f<rs=HikariProxyResultSet@1736957563 wrapping rs4053: null>
?[0m?[0;34m2023-03-31 16:06:16.148  WARN 29781 --- [nio-8080-exec-2] o.h.e.loading.internal.LoadContexts      : HHH000100: Fail-safe cleanup (collections) : org.hibernate.engine.loading.internal.CollectionLoadContext@714b40f<rs=HikariProxyResultSet@779152898 wrapping rs4529: null>
?[0m?[0;34m2023-03-31 16:06:16.148  WARN 29781 --- [nio-8080-exec-2] o.h.e.loading.internal.LoadContexts      : HHH000100: Fail-safe cleanup (collections) : org.hibernate.engine.loading.internal.CollectionLoadContext@41e67bd8<rs=HikariProxyResultSet@3780227 wrapping rs4271: null>
?[0m?[0;34m2023-03-31 16:06:16.148  WARN 29781 --- [nio-8080-exec-2] o.h.e.loading.internal.LoadContexts      : HHH000100: Fail-safe cleanup (collections) : org.hibernate.engine.loading.internal.CollectionLoadContext@104f9dd7<rs=HikariProxyResultSet@2136683268 wrapping rs4483: null>
?[0m?[0;34m2023-03-31 16:06:16.148  WARN 29781 --- [nio-8080-exec-2] o.h.e.loading.internal.LoadContexts      : HHH000100: Fail-safe cleanup (collections) : org.hibernate.engine.loading.internal.CollectionLoadContext@1e141fe4<rs=HikariProxyResultSet@2033437573 wrapping rs4381: null>
?[0m?[0;34m2023-03-31 16:06:16.148  WARN 29781 --- [nio-8080-exec-2] o.h.e.loading.internal.LoadContexts      : HHH000100: Fail-safe cleanup (collections) : org.hibernate.engine.loading.internal.CollectionLoadContext@3c0274e5<rs=HikariProxyResultSet@893514758 wrapping rs4200: null>
?[0m?[0;34m2023-03-31 16:06:16.148  WARN 29781 --- [nio-8080-exec-2] o.h.e.loading.internal.LoadContexts      : HHH000100: Fail-safe cleanup (collections) : org.hibernate.engine.loading.internal.CollectionLoadContext@4e48f006<rs=HikariProxyResultSet@1885010055 wrapping rs4165: null>
?[0m?[0;34m2023-03-31 16:06:16.148  WARN 29781 --- [nio-8080-exec-2] o.h.e.loading.internal.LoadContexts      : HHH000100: Fail-safe cleanup (collections) : org.hibernate.engine.loading.internal.CollectionLoadContext@22857d3d<rs=HikariProxyResultSet@64957067 wrapping rs4163: null>
?[0m?[0;34m2023-03-31 16:06:16.148  WARN 29781 --- [nio-8080-exec-2] o.h.e.loading.internal.LoadContexts      : HHH000100: Fail-safe cleanup (collections) : org.hibernate.engine.loading.internal.CollectionLoadContext@1c50adb6<rs=HikariProxyResultSet@2110392971 wrapping rs4378: null>
?[0m?[0;34m2023-03-31 16:06:16.148  WARN 29781 --- [nio-8080-exec-2] o.h.e.loading.internal.LoadContexts      : HHH000100: Fail-safe cleanup (collections) : org.hibernate.engine.loading.internal.CollectionLoadContext@33da5785<rs=HikariProxyResultSet@725954445 wrapping rs4221: null>
?[0m?[0;34m2023-03-31 16:06:16.148  WARN 29781 --- [nio-8080-exec-2] o.h.e.loading.internal.LoadContexts      : HHH000100: Fail-safe cleanup (collections) : org.hibernate.engine.loading.internal.CollectionLoadContext@3a1b5938<rs=HikariProxyResultSet@242962446 wrapping rs4472: null>
?[0m?[0;34m2023-03-31 16:06:16.148  WARN 29781 --- [nio-8080-exec-2] o.h.e.loading.internal.LoadContexts      : HHH000100: Fail-safe cleanup (collections) : org.hibernate.engine.loading.internal.CollectionLoadContext@337ea7d3<rs=HikariProxyResultSet@1893682706 wrapping rs4158: null>
?[0m?[0;34m2023-03-31 16:06:16.148  WARN 29781 --- [nio-8080-exec-2] o.h.e.loading.internal.LoadContexts      : HHH000100: Fail-safe cleanup (collections) : org.hibernate.engine.loading.internal.CollectionLoadContext@2ada8117<rs=HikariProxyResultSet@1577377298 wrapping rs4197: null>
?[0m?[0;34m2023-03-31 16:06:16.148  WARN 29781 --- [nio-8080-exec-2] o.h.e.loading.internal.LoadContexts      : HHH000100: Fail-safe cleanup (collections) : org.hibernate.engine.loading.internal.CollectionLoadContext@4b5d8db6<rs=HikariProxyResultSet@935884693 wrapping rs4144: null>
?[0m?[0;34m2023-03-31 16:06:16.148  WARN 29781 --- [nio-8080-exec-2] o.h.e.loading.internal.LoadContexts      : HHH000100: Fail-safe cleanup (collections) : org.hibernate.engine.loading.internal.CollectionLoadContext@2b6fcf7c<rs=HikariProxyResultSet@933961750 wrapping rs4318: null>
?[0m?[0;34m2023-03-31 16:06:16.148  WARN 29781 --- [nio-8080-exec-2] o.h.e.loading.internal.LoadContexts      : HHH000100: Fail-safe cleanup (collections) : org.hibernate.engine.loading.internal.CollectionLoadContext@6de9a5fd<rs=HikariProxyResultSet@956552343 wrapping rs4353: null>
?[0m?[0;34m2023-03-31 16:06:16.148  WARN 29781 --- [nio-8080-exec-2] o.h.e.loading.internal.LoadContexts      : HHH000100: Fail-safe cleanup (collections) : org.hibernate.engine.loading.internal.CollectionLoadContext@1345436e<rs=HikariProxyResultSet@949241112 wrapping rs4435: null>
?[0m?[0;34m2023-03-31 16:06:16.148  WARN 29781 --- [nio-8080-exec-2] o.h.e.loading.internal.LoadContexts      : HHH000100: Fail-safe cleanup (collections) : org.hibernate.engine.loading.internal.CollectionLoadContext@34d24c8d<rs=HikariProxyResultSet@2016531478 wrapping rs4549: null>
?[0m?[0;34m2023-03-31 16:06:16.148  WARN 29781 --- [nio-8080-exec-2] o.h.e.loading.internal.LoadContexts      : HHH000100: Fail-safe cleanup (collections) : org.hibernate.engine.loading.internal.CollectionLoadContext@61136144<rs=HikariProxyResultSet@2004774555 wrapping rs4079: null>
?[0m?[0;34m2023-03-31 16:06:16.148  WARN 29781 --- [nio-8080-exec-2] o.h.e.loading.internal.LoadContexts      : HHH000100: Fail-safe cleanup (collections) : org.hibernate.engine.loading.internal.CollectionLoadContext@41f5e6d6<rs=HikariProxyResultSet@747169435 wrapping rs4213: null>
?[0m?[0;34m2023-03-31 16:06:16.148  WARN 29781 --- [nio-8080-exec-2] o.h.e.loading.internal.LoadContexts      : HHH000100: Fail-safe cleanup (collections) : org.hibernate.engine.loading.internal.CollectionLoadContext@789283b5<rs=HikariProxyResultSet@940235935 wrapping rs4100: null>
?[0m?[0;34m2023-03-31 16:06:16.148  WARN 29781 --- [nio-8080-exec-2] o.h.e.loading.internal.LoadContexts      : HHH000100: Fail-safe cleanup (collections) : org.hibernate.engine.loading.internal.CollectionLoadContext@5e021e0e<rs=HikariProxyResultSet@213065887 wrapping rs4291: null>
?[0m?[0;34m2023-03-31 16:06:16.148  WARN 29781 --- [nio-8080-exec-2] o.h.e.loading.internal.LoadContexts      : HHH000100: Fail-safe cleanup (collections) : org.hibernate.engine.loading.internal.CollectionLoadContext@24e14dcb<rs=HikariProxyResultSet@1131687329 wrapping rs4261: null>
?[0m?[0;34m2023-03-31 16:06:16.148  WARN 29781 --- [nio-8080-exec-2] o.h.e.loading.internal.LoadContexts      : HHH000100: Fail-safe cleanup (collections) : org.hibernate.engine.loading.internal.CollectionLoadContext@4accccd7<rs=HikariProxyResultSet@1038827808 wrapping rs4336: null>
?[0m?[0;34m2023-03-31 16:06:16.148  WARN 29781 --- [nio-8080-exec-2] o.h.e.loading.internal.LoadContexts      : HHH000100: Fail-safe cleanup (collections) : org.hibernate.engine.loading.internal.CollectionLoadContext@26af6110<rs=HikariProxyResultSet@1635782307 wrapping rs4344: null>
?[0m?[0;34m2023-03-31 16:06:16.148  WARN 29781 --- [nio-8080-exec-2] o.h.e.loading.internal.LoadContexts      : HHH000100: Fail-safe cleanup (collections) : org.hibernate.engine.loading.internal.CollectionLoadContext@6813e9a5<rs=HikariProxyResultSet@787941027 wrapping rs4410: null>
?[0m?[0;34m2023-03-31 16:06:16.148  WARN 29781 --- [nio-8080-exec-2] o.h.e.loading.internal.LoadContexts      : HHH000100: Fail-safe cleanup (collections) : org.hibernate.engine.loading.internal.CollectionLoadContext@46326e79<rs=HikariProxyResultSet@724115365 wrapping rs4140: null>
?[0m?[0;34m2023-03-31 16:06:16.148  WARN 29781 --- [nio-8080-exec-2] o.h.e.loading.internal.LoadContexts      : HHH000100: Fail-safe cleanup (collections) : org.hibernate.engine.loading.internal.CollectionLoadContext@6ab4b81c<rs=HikariProxyResultSet@929771558 wrapping rs4184: null>
?[0m?[0;34m2023-03-31 16:06:16.149  WARN 29781 --- [nio-8080-exec-2] o.h.e.loading.internal.LoadContexts      : HHH000100: Fail-safe cleanup (collections) : org.hibernate.engine.loading.internal.CollectionLoadContext@37cef3bb<rs=HikariProxyResultSet@259657637 wrapping rs4247: null>
?[0m?[0;34m2023-03-31 16:06:16.149  WARN 29781 --- [nio-8080-exec-2] o.h.e.loading.internal.LoadContexts      : HHH000100: Fail-safe cleanup (collections) : org.hibernate.engine.loading.internal.CollectionLoadContext@40e77a26<rs=HikariProxyResultSet@1472850982 wrapping rs4504: null>
?[0m?[0;34m2023-03-31 16:06:16.149  WARN 29781 --- [nio-8080-exec-2] o.h.e.loading.internal.LoadContexts      : HHH000100: Fail-safe cleanup (collections) : org.hibernate.engine.loading.internal.CollectionLoadContext@157385e5<rs=HikariProxyResultSet@1737279905 wrapping rs4577: null>
?[0m?[0;34m2023-03-31 16:06:16.149  WARN 29781 --- [nio-8080-exec-2] o.h.e.loading.internal.LoadContexts      : HHH000100: Fail-safe cleanup (collections) : org.hibernate.engine.loading.internal.CollectionLoadContext@5ac8ab0f<rs=HikariProxyResultSet@538730155 wrapping rs4215: null>
?[0m?[0;34m2023-03-31 16:06:16.149  WARN 29781 --- [nio-8080-exec-2] o.h.e.loading.internal.LoadContexts      : HHH000100: Fail-safe cleanup (collections) : org.hibernate.engine.loading.internal.CollectionLoadContext@1a5bc8c6<rs=HikariProxyResultSet@677770923 wrapping rs4288: null>
?[0m?[0;34m2023-03-31 16:06:16.149  WARN 29781 --- [nio-8080-exec-2] o.h.e.loading.internal.LoadContexts      : HHH000100: Fail-safe cleanup (collections) : org.hibernate.engine.loading.internal.CollectionLoadContext@6196b7e1<rs=HikariProxyResultSet@761388973 wrapping rs4186: null>
?[0m?[0;34m2023-03-31 16:06:16.149  WARN 29781 --- [nio-8080-exec-2] o.h.e.loading.internal.LoadContexts      : HHH000100: Fail-safe cleanup (collections) : org.hibernate.engine.loading.internal.CollectionLoadContext@68435a9b<rs=HikariProxyResultSet@1291569069 wrapping rs4284: null>
?[0m?[0;34m2023-03-31 16:06:16.149  WARN 29781 --- [nio-8080-exec-2] o.h.e.loading.internal.LoadContexts      : HHH000100: Fail-safe cleanup (collections) : org.hibernate.engine.loading.internal.CollectionLoadContext@774c144f<rs=HikariProxyResultSet@9176239 wrapping rs4266: null>
?[0m?[0;34m2023-03-31 16:06:16.149  WARN 29781 --- [nio-8080-exec-2] o.h.e.loading.internal.LoadContexts      : HHH000100: Fail-safe cleanup (collections) : org.hibernate.engine.loading.internal.CollectionLoadContext@3395ef98<rs=HikariProxyResultSet@119985456 wrapping rs4214: null>
?[0m?[0;34m2023-03-31 16:06:16.149  WARN 29781 --- [nio-8080-exec-2] o.h.e.loading.internal.LoadContexts      : HHH000100: Fail-safe cleanup (collections) : org.hibernate.engine.loading.internal.CollectionLoadContext@67e87fb4<rs=HikariProxyResultSet@962361906 wrapping rs4149: null>
?[0m?[0;34m2023-03-31 16:06:16.149  WARN 29781 --- [nio-8080-exec-2] o.h.e.loading.internal.LoadContexts      : HHH000100: Fail-safe cleanup (collections) : org.hibernate.engine.loading.internal.CollectionLoadContext@150d6650<rs=HikariProxyResultSet@1965231666 wrapping rs4414: null>
?[0m?[0;34m2023-03-31 16:06:16.149  WARN 29781 --- [nio-8080-exec-2] o.h.e.loading.internal.LoadContexts      : HHH000100: Fail-safe cleanup (collections) : org.hibernate.engine.loading.internal.CollectionLoadContext@274e6d2<rs=HikariProxyResultSet@2117799732 wrapping rs4124: null>
?[0m?[0;34m2023-03-31 16:06:16.149  WARN 29781 --- [nio-8080-exec-2] o.h.e.loading.internal.LoadContexts      : HHH000100: Fail-safe cleanup (collections) : org.hibernate.engine.loading.internal.CollectionLoadContext@1e01302b<rs=HikariProxyResultSet@555523763 wrapping rs4473: null>
?[0m?[0;34m2023-03-31 16:06:16.149  WARN 29781 --- [nio-8080-exec-2] o.h.e.loading.internal.LoadContexts      : HHH000100: Fail-safe cleanup (collections) : org.hibernate.engine.loading.internal.CollectionLoadContext@3a30f980<rs=HikariProxyResultSet@1439878198 wrapping rs4108: null>
?[0m?[0;34m2023-03-31 16:06:16.149  WARN 29781 --- [nio-8080-exec-2] o.h.e.loading.internal.LoadContexts      : HHH000100: Fail-safe cleanup (collections) : org.hibernate.engine.loading.internal.CollectionLoadContext@44712770<rs=HikariProxyResultSet@1474607287 wrapping rs4323: null>
?[0m?[0;34m2023-03-31 16:06:16.149  WARN 29781 --- [nio-8080-exec-2] o.h.e.loading.internal.LoadContexts      : HHH000100: Fail-safe cleanup (collections) : org.hibernate.engine.loading.internal.CollectionLoadContext@61161b5a<rs=HikariProxyResultSet@358453044 wrapping rs4565: null>
?[0m?[0;34m2023-03-31 16:06:16.149  WARN 29781 --- [nio-8080-exec-2] o.h.e.loading.internal.LoadContexts      : HHH000100: Fail-safe cleanup (collections) : org.hibernate.engine.loading.internal.CollectionLoadContext@7681ff3b<rs=HikariProxyResultSet@1698026042 wrapping rs4357: null>
?[0m?[0;34m2023-03-31 16:06:16.149  WARN 29781 --- [nio-8080-exec-2] o.h.e.loading.internal.LoadContexts      : HHH000100: Fail-safe cleanup (collections) : org.hibernate.engine.loading.internal.CollectionLoadContext@4bc0f492<rs=HikariProxyResultSet@1591846716 wrapping rs4259: null>
?[0m?[0;34m2023-03-31 16:06:16.149  WARN 29781 --- [nio-8080-exec-2] o.h.e.loading.internal.LoadContexts      : HHH000100: Fail-safe cleanup (collections) : org.hibernate.engine.loading.internal.CollectionLoadContext@647003d<rs=HikariProxyResultSet@1022908349 wrapping rs4085: null>
?[0m?[0;34m2023-03-31 16:06:16.149  WARN 29781 --- [nio-8080-exec-2] o.h.e.loading.internal.LoadContexts      : HHH000100: Fail-safe cleanup (collections) : org.hibernate.engine.loading.internal.CollectionLoadContext@575a0764<rs=HikariProxyResultSet@502402239 wrapping rs4429: null>
?[0m?[0;34m2023-03-31 16:06:16.149  WARN 29781 --- [nio-8080-exec-2] o.h.e.loading.internal.LoadContexts      : HHH000100: Fail-safe cleanup (collections) : org.hibernate.engine.loading.internal.CollectionLoadContext@2e5b4293<rs=HikariProxyResultSet@1787733828 wrapping rs4095: null>
?[0m?[0;34m2023-03-31 16:06:16.149  WARN 29781 --- [nio-8080-exec-2] o.h.e.loading.internal.LoadContexts      : HHH000100: Fail-safe cleanup (collections) : org.hibernate.engine.loading.internal.CollectionLoadContext@62f357ae<rs=HikariProxyResultSet@901490629 wrapping rs4574: null>
?[0m?[0;34m2023-03-31 16:06:16.149  WARN 29781 --- [nio-8080-exec-2] o.h.e.loading.internal.LoadContexts      : HHH000100: Fail-safe cleanup (collections) : org.hibernate.engine.loading.internal.CollectionLoadContext@5c8bf525<rs=HikariProxyResultSet@226931653 wrapping rs4580: null>
?[0m?[0;34m2023-03-31 16:06:16.149  WARN 29781 --- [nio-8080-exec-2] o.h.e.loading.internal.LoadContexts      : HHH000100: Fail-safe cleanup (collections) : org.hibernate.engine.loading.internal.CollectionLoadContext@5bedb8f7<rs=HikariProxyResultSet@703060167 wrapping rs4466: null>
?[0m?[0;34m2023-03-31 16:06:16.149  WARN 29781 --- [nio-8080-exec-2] o.h.e.loading.internal.LoadContexts      : HHH000100: Fail-safe cleanup (collections) : org.hibernate.engine.loading.internal.CollectionLoadContext@2fd626c3<rs=HikariProxyResultSet@1148898761 wrapping rs4337: null>
?[0m?[0;34m2023-03-31 16:06:16.149  WARN 29781 --- [nio-8080-exec-2] o.h.e.loading.internal.LoadContexts      : HHH000100: Fail-safe cleanup (collections) : org.hibernate.engine.loading.internal.CollectionLoadContext@57604ab0<rs=HikariProxyResultSet@471686859 wrapping rs4374: null>
?[0m?[0;34m2023-03-31 16:06:16.149  WARN 29781 --- [nio-8080-exec-2] o.h.e.loading.internal.LoadContexts      : HHH000100: Fail-safe cleanup (collections) : org.hibernate.engine.loading.internal.CollectionLoadContext@5441afa4<rs=HikariProxyResultSet@1219935181 wrapping rs4431: null>
?[0m?[0;34m2023-03-31 16:06:16.149  WARN 29781 --- [nio-8080-exec-2] o.h.e.loading.internal.LoadContexts      : HHH000100: Fail-safe cleanup (collections) : org.hibernate.engine.loading.internal.CollectionLoadContext@625d9fdb<rs=HikariProxyResultSet@910745678 wrapping rs4252: null>
?[0m?[0;34m2023-03-31 16:06:16.149  WARN 29781 --- [nio-8080-exec-2] o.h.e.loading.internal.LoadContexts      : HHH000100: Fail-safe cleanup (collections) : org.hibernate.engine.loading.internal.CollectionLoadContext@7c235d6d<rs=HikariProxyResultSet@1216742607 wrapping rs4283: null>
?[0m?[0;34m2023-03-31 16:06:16.149  WARN 29781 --- [nio-8080-exec-2] o.h.e.loading.internal.LoadContexts      : HHH000100: Fail-safe cleanup (collections) : org.hibernate.engine.loading.internal.CollectionLoadContext@29c3ad93<rs=HikariProxyResultSet@1442183762 wrapping rs4405: null>
?[0m?[0;34m2023-03-31 16:06:16.149  WARN 29781 --- [nio-8080-exec-2] o.h.e.loading.internal.LoadContexts      : HHH000100: Fail-safe cleanup (collections) : org.hibernate.engine.loading.internal.CollectionLoadContext@70260b80<rs=HikariProxyResultSet@2059431893 wrapping rs4106: null>
?[0m?[0;34m2023-03-31 16:06:16.149  WARN 29781 --- [nio-8080-exec-2] o.h.e.loading.internal.LoadContexts      : HHH000100: Fail-safe cleanup (collections) : org.hibernate.engine.loading.internal.CollectionLoadContext@7e8be118<rs=HikariProxyResultSet@252146645 wrapping rs4295: null>
?[0m?[0;34m2023-03-31 16:06:16.149  WARN 29781 --- [nio-8080-exec-2] o.h.e.loading.internal.LoadContexts      : HHH000100: Fail-safe cleanup (collections) : org.hibernate.engine.loading.internal.CollectionLoadContext@18251391<rs=HikariProxyResultSet@1606570199 wrapping rs4047: null>
?[0m?[0;34m2023-03-31 16:06:16.149  WARN 29781 --- [nio-8080-exec-2] o.h.e.loading.internal.LoadContexts      : HHH000100: Fail-safe cleanup (collections) : org.hibernate.engine.loading.internal.CollectionLoadContext@2c3e8a33<rs=HikariProxyResultSet@347670872 wrapping rs4224: null>
?[0m?[0;34m2023-03-31 16:06:16.149  WARN 29781 --- [nio-8080-exec-2] o.h.e.loading.internal.LoadContexts      : HHH000100: Fail-safe cleanup (collections) : org.hibernate.engine.loading.internal.CollectionLoadContext@6c04ee3f<rs=HikariProxyResultSet@1758728407 wrapping rs4241: null>
?[0m?[0;34m2023-03-31 16:06:16.149  WARN 29781 --- [nio-8080-exec-2] o.h.e.loading.internal.LoadContexts      : HHH000100: Fail-safe cleanup (collections) : org.hibernate.engine.loading.internal.CollectionLoadContext@4da65186<rs=HikariProxyResultSet@1747988824 wrapping rs4307: null>
?[0m?[0;34m2023-03-31 16:06:16.149  WARN 29781 --- [nio-8080-exec-2] o.h.e.loading.internal.LoadContexts      : HHH000100: Fail-safe cleanup (collections) : org.hibernate.engine.loading.internal.CollectionLoadContext@7d2f6a38<rs=HikariProxyResultSet@1359361755 wrapping rs4256: null>
?[0m?[0;34m2023-03-31 16:06:16.149  WARN 29781 --- [nio-8080-exec-2] o.h.e.loading.internal.LoadContexts      : HHH000100: Fail-safe cleanup (collections) : org.hibernate.engine.loading.internal.CollectionLoadContext@251808bc<rs=HikariProxyResultSet@942727262 wrapping rs4113: null>
?[0m?[0;34m2023-03-31 16:06:16.149  WARN 29781 --- [nio-8080-exec-2] o.h.e.loading.internal.LoadContexts      : HHH000100: Fail-safe cleanup (collections) : org.hibernate.engine.loading.internal.CollectionLoadContext@6ea67f36<rs=HikariProxyResultSet@178832607 wrapping rs4341: null>
?[0m?[0;34m2023-03-31 16:06:16.149  WARN 29781 --- [nio-8080-exec-2] o.h.e.loading.internal.LoadContexts      : HHH000100: Fail-safe cleanup (collections) : org.hibernate.engine.loading.internal.CollectionLoadContext@11733905<rs=HikariProxyResultSet@584066400 wrapping rs4398: null>
?[0m?[0;34m2023-03-31 16:06:16.149  WARN 29781 --- [nio-8080-exec-2] o.h.e.loading.internal.LoadContexts      : HHH000100: Fail-safe cleanup (collections) : org.hibernate.engine.loading.internal.CollectionLoadContext@178bffb9<rs=HikariProxyResultSet@773408096 wrapping rs4536: null>
?[0m?[0;34m2023-03-31 16:06:16.149  WARN 29781 --- [nio-8080-exec-2] o.h.e.loading.internal.LoadContexts      : HHH000100: Fail-safe cleanup (collections) : org.hibernate.engine.loading.internal.CollectionLoadContext@72b3481c<rs=HikariProxyResultSet@1301825122 wrapping rs4087: null>
?[0m?[0;34m2023-03-31 16:06:16.149  WARN 29781 --- [nio-8080-exec-2] o.h.e.loading.internal.LoadContexts      : HHH000100: Fail-safe cleanup (collections) : org.hibernate.engine.loading.internal.CollectionLoadContext@2fb1d6b3<rs=HikariProxyResultSet@1995461347 wrapping rs4329: null>
?[0m?[0;34m2023-03-31 16:06:16.149  WARN 29781 --- [nio-8080-exec-2] o.h.e.loading.internal.LoadContexts      : HHH000100: Fail-safe cleanup (collections) : org.hibernate.engine.loading.internal.CollectionLoadContext@27027951<rs=HikariProxyResultSet@1805972324 wrapping rs4143: null>
?[0m?[0;34m2023-03-31 16:06:16.149  WARN 29781 --- [nio-8080-exec-2] o.h.e.loading.internal.LoadContexts      : HHH000100: Fail-safe cleanup (collections) : org.hibernate.engine.loading.internal.CollectionLoadContext@6f3c3c3f<rs=HikariProxyResultSet@819673827 wrapping rs4384: null>
?[0m?[0;34m2023-03-31 16:06:16.149  WARN 29781 --- [nio-8080-exec-2] o.h.e.loading.internal.LoadContexts      : HHH000100: Fail-safe cleanup (collections) : org.hibernate.engine.loading.internal.CollectionLoadContext@7276a6c<rs=HikariProxyResultSet@1330404962 wrapping rs4498: null>
?[0m?[0;34m2023-03-31 16:06:16.149  WARN 29781 --- [nio-8080-exec-2] o.h.e.loading.internal.LoadContexts      : HHH000100: Fail-safe cleanup (collections) : org.hibernate.engine.loading.internal.CollectionLoadContext@26823075<rs=HikariProxyResultSet@354979434 wrapping rs4034: null>
?[0m?[0;34m2023-03-31 16:06:16.149  WARN 29781 --- [nio-8080-exec-2] o.h.e.loading.internal.LoadContexts      : HHH000100: Fail-safe cleanup (collections) : org.hibernate.engine.loading.internal.CollectionLoadContext@127e0d05<rs=HikariProxyResultSet@1138120298 wrapping rs4162: null>
?[0m?[0;34m2023-03-31 16:06:16.149  WARN 29781 --- [nio-8080-exec-2] o.h.e.loading.internal.LoadContexts      : HHH000100: Fail-safe cleanup (collections) : org.hibernate.engine.loading.internal.CollectionLoadContext@1c2d16b1<rs=HikariProxyResultSet@101058541 wrapping rs4126: null>
?[0m?[0;34m2023-03-31 16:06:16.149  WARN 29781 --- [nio-8080-exec-2] o.h.e.loading.internal.LoadContexts      : HHH000100: Fail-safe cleanup (collections) : org.hibernate.engine.loading.internal.CollectionLoadContext@20e57b52<rs=HikariProxyResultSet@1623057647 wrapping rs4091: null>
?[0m?[0;34m2023-03-31 16:06:16.149  WARN 29781 --- [nio-8080-exec-2] o.h.e.loading.internal.LoadContexts      : HHH000100: Fail-safe cleanup (collections) : org.hibernate.engine.loading.internal.CollectionLoadContext@17d3e6a3<rs=HikariProxyResultSet@2031031922 wrapping rs4141: null>
?[0m?[0;34m2023-03-31 16:06:16.149  WARN 29781 --- [nio-8080-exec-2] o.h.e.loading.internal.LoadContexts      : HHH000100: Fail-safe cleanup (collections) : org.hibernate.engine.loading.internal.CollectionLoadContext@7527d779<rs=HikariProxyResultSet@1703384819 wrapping rs4192: null>
?[0m?[0;34m2023-03-31 16:06:16.149  WARN 29781 --- [nio-8080-exec-2] o.h.e.loading.internal.LoadContexts      : HHH000100: Fail-safe cleanup (collections) : org.hibernate.engine.loading.internal.CollectionLoadContext@14bcff2<rs=HikariProxyResultSet@112509812 wrapping rs4465: null>
?[0m?[0;34m2023-03-31 16:06:16.149  WARN 29781 --- [nio-8080-exec-2] o.h.e.loading.internal.LoadContexts      : HHH000100: Fail-safe cleanup (collections) : org.hibernate.engine.loading.internal.CollectionLoadContext@a7f1b62<rs=HikariProxyResultSet@222685173 wrapping rs4068: null>
?[0m?[0;34m2023-03-31 16:06:16.149  WARN 29781 --- [nio-8080-exec-2] o.h.e.loading.internal.LoadContexts      : HHH000100: Fail-safe cleanup (collections) : org.hibernate.engine.loading.internal.CollectionLoadContext@2110270<rs=HikariProxyResultSet@1452532725 wrapping rs4074: null>
?[0m?[0;34m2023-03-31 16:06:16.149  WARN 29781 --- [nio-8080-exec-2] o.h.e.loading.internal.LoadContexts      : HHH000100: Fail-safe cleanup (collections) : org.hibernate.engine.loading.internal.CollectionLoadContext@49469154<rs=HikariProxyResultSet@1584619767 wrapping rs4150: null>
?[0m?[0;34m2023-03-31 16:06:16.149  WARN 29781 --- [nio-8080-exec-2] o.h.e.loading.internal.LoadContexts      : HHH000100: Fail-safe cleanup (collections) : org.hibernate.engine.loading.internal.CollectionLoadContext@162df3d1<rs=HikariProxyResultSet@504379639 wrapping rs4327: null>
?[0m?[0;34m2023-03-31 16:06:16.149  WARN 29781 --- [nio-8080-exec-2] o.h.e.loading.internal.LoadContexts      : HHH000100: Fail-safe cleanup (collections) : org.hibernate.engine.loading.internal.CollectionLoadContext@647b5e7d<rs=HikariProxyResultSet@413956472 wrapping rs4379: null>
?[0m?[0;34m2023-03-31 16:06:16.149  WARN 29781 --- [nio-8080-exec-2] o.h.e.loading.internal.LoadContexts      : HHH000100: Fail-safe cleanup (collections) : org.hibernate.engine.loading.internal.CollectionLoadContext@6e73c200<rs=HikariProxyResultSet@1919390330 wrapping rs4409: null>
?[0m?[0;34m2023-03-31 16:06:16.149  WARN 29781 --- [nio-8080-exec-2] o.h.e.loading.internal.LoadContexts      : HHH000100: Fail-safe cleanup (collections) : org.hibernate.engine.loading.internal.CollectionLoadContext@13c222ab<rs=HikariProxyResultSet@579192571 wrapping rs4274: null>
?[0m?[0;34m2023-03-31 16:06:16.149  WARN 29781 --- [nio-8080-exec-2] o.h.e.loading.internal.LoadContexts      : HHH000100: Fail-safe cleanup (collections) : org.hibernate.engine.loading.internal.CollectionLoadContext@6a08f879<rs=HikariProxyResultSet@2013529851 wrapping rs4401: null>
?[0m?[0;34m2023-03-31 16:06:16.149  WARN 29781 --- [nio-8080-exec-2] o.h.e.loading.internal.LoadContexts      : HHH000100: Fail-safe cleanup (collections) : org.hibernate.engine.loading.internal.CollectionLoadContext@54bedbf3<rs=HikariProxyResultSet@683033597 wrapping rs4279: null>
?[0m?[0;34m2023-03-31 16:06:16.149  WARN 29781 --- [nio-8080-exec-2] o.h.e.loading.internal.LoadContexts      : HHH000100: Fail-safe cleanup (collections) : org.hibernate.engine.loading.internal.CollectionLoadContext@24ad60a6<rs=HikariProxyResultSet@91006328 wrapping rs4468: null>
?[0m?[0;34m2023-03-31 16:06:16.149  WARN 29781 --- [nio-8080-exec-2] o.h.e.loading.internal.LoadContexts      : HHH000100: Fail-safe cleanup (collections) : org.hibernate.engine.loading.internal.CollectionLoadContext@26f8d9e2<rs=HikariProxyResultSet@1994041599 wrapping rs4164: null>
?[0m?[0;34m2023-03-31 16:06:16.149  WARN 29781 --- [nio-8080-exec-2] o.h.e.loading.internal.LoadContexts      : HHH000100: Fail-safe cleanup (collections) : org.hibernate.engine.loading.internal.CollectionLoadContext@b9e2674<rs=HikariProxyResultSet@1637557882 wrapping rs4514: null>
?[0m?[0;34m2023-03-31 16:06:16.149  WARN 29781 --- [nio-8080-exec-2] o.h.e.loading.internal.LoadContexts      : HHH000100: Fail-safe cleanup (collections) : org.hibernate.engine.loading.internal.CollectionLoadContext@29dd15b7<rs=HikariProxyResultSet@1012431611 wrapping rs4531: null>
?[0m?[0;34m2023-03-31 16:06:16.149  WARN 29781 --- [nio-8080-exec-2] o.h.e.loading.internal.LoadContexts      : HHH000100: Fail-safe cleanup (collections) : org.hibernate.engine.loading.internal.CollectionLoadContext@66baf87a<rs=HikariProxyResultSet@602081922 wrapping rs4486: null>
?[0m?[0;34m2023-03-31 16:06:16.149  WARN 29781 --- [nio-8080-exec-2] o.h.e.loading.internal.LoadContexts      : HHH000100: Fail-safe cleanup (collections) : org.hibernate.engine.loading.internal.CollectionLoadContext@66d0a86<rs=HikariProxyResultSet@1177123716 wrapping rs4436: null>
?[0m?[0;34m2023-03-31 16:06:16.149  WARN 29781 --- [nio-8080-exec-2] o.h.e.loading.internal.LoadContexts      : HHH000100: Fail-safe cleanup (collections) : org.hibernate.engine.loading.internal.CollectionLoadContext@7cba31b9<rs=HikariProxyResultSet@355869193 wrapping rs4253: null>
?[0m?[0;34m2023-03-31 16:06:16.149  WARN 29781 --- [nio-8080-exec-2] o.h.e.loading.internal.LoadContexts      : HHH000100: Fail-safe cleanup (collections) : org.hibernate.engine.loading.internal.CollectionLoadContext@3d8bf334<rs=HikariProxyResultSet@1353292426 wrapping rs4081: null>
?[0m?[0;34m2023-03-31 16:06:16.149  WARN 29781 --- [nio-8080-exec-2] o.h.e.loading.internal.LoadContexts      : HHH000100: Fail-safe cleanup (collections) : org.hibernate.engine.loading.internal.CollectionLoadContext@c43b5d7<rs=HikariProxyResultSet@2123966477 wrapping rs4267: null>
?[0m?[0;34m2023-03-31 16:06:16.149  WARN 29781 --- [nio-8080-exec-2] o.h.e.loading.internal.LoadContexts      : HHH000100: Fail-safe cleanup (collections) : org.hibernate.engine.loading.internal.CollectionLoadContext@6294b7e3<rs=HikariProxyResultSet@593816847 wrapping rs4262: null>
?[0m?[0;34m2023-03-31 16:06:16.149  WARN 29781 --- [nio-8080-exec-2] o.h.e.loading.internal.LoadContexts      : HHH000100: Fail-safe cleanup (collections) : org.hibernate.engine.loading.internal.CollectionLoadContext@4f8e65f1<rs=HikariProxyResultSet@1215054869 wrapping rs4090: null>
?[0m?[0;34m2023-03-31 16:06:16.149  WARN 29781 --- [nio-8080-exec-2] o.h.e.loading.internal.LoadContexts      : HHH000100: Fail-safe cleanup (collections) : org.hibernate.engine.loading.internal.CollectionLoadContext@2d7e3d67<rs=HikariProxyResultSet@983553561 wrapping rs4311: null>
?[0m?[0;34m2023-03-31 16:06:16.149  WARN 29781 --- [nio-8080-exec-2] o.h.e.loading.internal.LoadContexts      : HHH000100: Fail-safe cleanup (collections) : org.hibernate.engine.loading.internal.CollectionLoadContext@3c82d812<rs=HikariProxyResultSet@2119179930 wrapping rs4467: null>
?[0m?[0;34m2023-03-31 16:06:16.149  WARN 29781 --- [nio-8080-exec-2] o.h.e.loading.internal.LoadContexts      : HHH000100: Fail-safe cleanup (collections) : org.hibernate.engine.loading.internal.CollectionLoadContext@7bee5bce<rs=HikariProxyResultSet@1227030299 wrapping rs4310: null>
?[0m?[0;34m2023-03-31 16:06:16.149  WARN 29781 --- [nio-8080-exec-2] o.h.e.loading.internal.LoadContexts      : HHH000100: Fail-safe cleanup (collections) : org.hibernate.engine.loading.internal.CollectionLoadContext@47f318af<rs=HikariProxyResultSet@445860764 wrapping rs4464: null>
?[0m?[0;34m2023-03-31 16:06:16.149  WARN 29781 --- [nio-8080-exec-2] o.h.e.loading.internal.LoadContexts      : HHH000100: Fail-safe cleanup (collections) : org.hibernate.engine.loading.internal.CollectionLoadContext@1bba9033<rs=HikariProxyResultSet@1144795294 wrapping rs4416: null>
?[0m?[0;34m2023-03-31 16:06:16.149  WARN 29781 --- [nio-8080-exec-2] o.h.e.loading.internal.LoadContexts      : HHH000100: Fail-safe cleanup (collections) : org.hibernate.engine.loading.internal.CollectionLoadContext@31d2991e<rs=HikariProxyResultSet@1700923679 wrapping rs4317: null>
?[0m?[0;34m2023-03-31 16:06:16.149  WARN 29781 --- [nio-8080-exec-2] o.h.e.loading.internal.LoadContexts      : HHH000100: Fail-safe cleanup (collections) : org.hibernate.engine.loading.internal.CollectionLoadContext@38eb84c1<rs=HikariProxyResultSet@1418851615 wrapping rs4394: null>
?[0m?[0;34m2023-03-31 16:06:16.149  WARN 29781 --- [nio-8080-exec-2] o.h.e.loading.internal.LoadContexts      : HHH000100: Fail-safe cleanup (collections) : org.hibernate.engine.loading.internal.CollectionLoadContext@6782d513<rs=HikariProxyResultSet@1868670884 wrapping rs4114: null>
?[0m?[0;34m2023-03-31 16:06:16.149  WARN 29781 --- [nio-8080-exec-2] o.h.e.loading.internal.LoadContexts      : HHH000100: Fail-safe cleanup (collections) : org.hibernate.engine.loading.internal.CollectionLoadContext@2876ead8<rs=HikariProxyResultSet@350831016 wrapping rs4445: null>
?[0m?[0;34m2023-03-31 16:06:16.149  WARN 29781 --- [nio-8080-exec-2] o.h.e.loading.internal.LoadContexts      : HHH000100: Fail-safe cleanup (collections) : org.hibernate.engine.loading.internal.CollectionLoadContext@dc98ca1<rs=HikariProxyResultSet@1013814825 wrapping rs4076: null>
?[0m?[0;34m2023-03-31 16:06:16.149  WARN 29781 --- [nio-8080-exec-2] o.h.e.loading.internal.LoadContexts      : HHH000100: Fail-safe cleanup (collections) : org.hibernate.engine.loading.internal.CollectionLoadContext@6960cc55<rs=HikariProxyResultSet@258731690 wrapping rs4207: null>
?[0m?[0;34m2023-03-31 16:06:16.149  WARN 29781 --- [nio-8080-exec-2] o.h.e.loading.internal.LoadContexts      : HHH000100: Fail-safe cleanup (collections) : org.hibernate.engine.loading.internal.CollectionLoadContext@183ba627<rs=HikariProxyResultSet@1510938282 wrapping rs4235: null>
?[0m?[0;34m2023-03-31 16:06:16.149  WARN 29781 --- [nio-8080-exec-2] o.h.e.loading.internal.LoadContexts      : HHH000100: Fail-safe cleanup (collections) : org.hibernate.engine.loading.internal.CollectionLoadContext@704afd2<rs=HikariProxyResultSet@2061190060 wrapping rs4373: null>
?[0m?[0;34m2023-03-31 16:06:16.149  WARN 29781 --- [nio-8080-exec-2] o.h.e.loading.internal.LoadContexts      : HHH000100: Fail-safe cleanup (collections) : org.hibernate.engine.loading.internal.CollectionLoadContext@46e98717<rs=HikariProxyResultSet@1408500523 wrapping rs4482: null>
?[0m?[0;34m2023-03-31 16:06:16.150  WARN 29781 --- [nio-8080-exec-2] o.h.e.loading.internal.LoadContexts      : HHH000100: Fail-safe cleanup (collections) : org.hibernate.engine.loading.internal.CollectionLoadContext@2984e9fb<rs=HikariProxyResultSet@1604349102 wrapping rs4145: null>
?[0m?[0;34m2023-03-31 16:06:16.150  WARN 29781 --- [nio-8080-exec-2] o.h.e.loading.internal.LoadContexts      : HHH000100: Fail-safe cleanup (collections) : org.hibernate.engine.loading.internal.CollectionLoadContext@6c4b7872<rs=HikariProxyResultSet@1484557994 wrapping rs4570: null>
?[0m?[0;34m2023-03-31 16:06:16.150  WARN 29781 --- [nio-8080-exec-2] o.h.e.loading.internal.LoadContexts      : HHH000100: Fail-safe cleanup (collections) : org.hibernate.engine.loading.internal.CollectionLoadContext@4e132016<rs=HikariProxyResultSet@750816688 wrapping rs4438: null>
?[0m?[0;34m2023-03-31 16:06:16.150  WARN 29781 --- [nio-8080-exec-2] o.h.e.loading.internal.LoadContexts      : HHH000100: Fail-safe cleanup (collections) : org.hibernate.engine.loading.internal.CollectionLoadContext@44c8d7fc<rs=HikariProxyResultSet@1210352177 wrapping rs4055: null>
?[0m?[0;34m2023-03-31 16:06:16.150  WARN 29781 --- [nio-8080-exec-2] o.h.e.loading.internal.LoadContexts      : HHH000100: Fail-safe cleanup (collections) : org.hibernate.engine.loading.internal.CollectionLoadContext@4a0d35af<rs=HikariProxyResultSet@1320067762 wrapping rs4037: null>
?[0m?[0;34m2023-03-31 16:06:16.150  WARN 29781 --- [nio-8080-exec-2] o.h.e.loading.internal.LoadContexts      : HHH000100: Fail-safe cleanup (collections) : org.hibernate.engine.loading.internal.CollectionLoadContext@7d324c74<rs=HikariProxyResultSet@386883379 wrapping rs4038: null>
?[0m?[0;34m2023-03-31 16:06:16.150  WARN 29781 --- [nio-8080-exec-2] o.h.e.loading.internal.LoadContexts      : HHH000100: Fail-safe cleanup (collections) : org.hibernate.engine.loading.internal.CollectionLoadContext@2a76c054<rs=HikariProxyResultSet@1817705396 wrapping rs4153: null>
?[0m?[0;34m2023-03-31 16:06:16.150  WARN 29781 --- [nio-8080-exec-2] o.h.e.loading.internal.LoadContexts      : HHH000100: Fail-safe cleanup (collections) : org.hibernate.engine.loading.internal.CollectionLoadContext@288385d1<rs=HikariProxyResultSet@634735411 wrapping rs4199: null>
?[0m?[0;34m2023-03-31 16:06:16.150  WARN 29781 --- [nio-8080-exec-2] o.h.e.loading.internal.LoadContexts      : HHH000100: Fail-safe cleanup (collections) : org.hibernate.engine.loading.internal.CollectionLoadContext@b807d23<rs=HikariProxyResultSet@2024236593 wrapping rs4302: null>
?[0m?[0;34m2023-03-31 16:06:16.150  WARN 29781 --- [nio-8080-exec-2] o.h.e.loading.internal.LoadContexts      : HHH000100: Fail-safe cleanup (collections) : org.hibernate.engine.loading.internal.CollectionLoadContext@643ec1cb<rs=HikariProxyResultSet@1410681522 wrapping rs4330: null>
?[0m?[0;34m2023-03-31 16:06:16.150  WARN 29781 --- [nio-8080-exec-2] o.h.e.loading.internal.LoadContexts      : HHH000100: Fail-safe cleanup (collections) : org.hibernate.engine.loading.internal.CollectionLoadContext@78d6c978<rs=HikariProxyResultSet@753456568 wrapping rs4196: null>
?[0m?[0;34m2023-03-31 16:06:16.150  WARN 29781 --- [nio-8080-exec-2] o.h.e.loading.internal.LoadContexts      : HHH000100: Fail-safe cleanup (collections) : org.hibernate.engine.loading.internal.CollectionLoadContext@4ccf66be<rs=HikariProxyResultSet@1262811705 wrapping rs4358: null>
?[0m?[0;34m2023-03-31 16:06:16.150  WARN 29781 --- [nio-8080-exec-2] o.h.e.loading.internal.LoadContexts      : HHH000100: Fail-safe cleanup (collections) : org.hibernate.engine.loading.internal.CollectionLoadContext@44ae7361<rs=HikariProxyResultSet@647013050 wrapping rs4060: null>
?[0m?[0;34m2023-03-31 16:06:16.150  WARN 29781 --- [nio-8080-exec-2] o.h.e.loading.internal.LoadContexts      : HHH000100: Fail-safe cleanup (collections) : org.hibernate.engine.loading.internal.CollectionLoadContext@568cc2a6<rs=HikariProxyResultSet@2038203445 wrapping rs4490: null>
?[0m?[0;34m2023-03-31 16:06:16.150  WARN 29781 --- [nio-8080-exec-2] o.h.e.loading.internal.LoadContexts      : HHH000100: Fail-safe cleanup (collections) : org.hibernate.engine.loading.internal.CollectionLoadContext@18df4c06<rs=HikariProxyResultSet@1541468979 wrapping rs4528: null>
?[0m?[0;34m2023-03-31 16:06:16.150  WARN 29781 --- [nio-8080-exec-2] o.h.e.loading.internal.LoadContexts      : HHH000100: Fail-safe cleanup (collections) : org.hibernate.engine.loading.internal.CollectionLoadContext@2f922335<rs=HikariProxyResultSet@1400007741 wrapping rs4406: null>
?[0m?[0;34m2023-03-31 16:06:16.150  WARN 29781 --- [nio-8080-exec-2] o.h.e.loading.internal.LoadContexts      : HHH000100: Fail-safe cleanup (collections) : org.hibernate.engine.loading.internal.CollectionLoadContext@181078dd<rs=HikariProxyResultSet@1245963059 wrapping rs4554: null>
?[0m?[0;34m2023-03-31 16:06:16.150  WARN 29781 --- [nio-8080-exec-2] o.h.e.loading.internal.LoadContexts      : HHH000100: Fail-safe cleanup (collections) : org.hibernate.engine.loading.internal.CollectionLoadContext@2839108b<rs=HikariProxyResultSet@1897802176 wrapping rs4172: null>
?[0m?[0;34m2023-03-31 16:06:16.150  WARN 29781 --- [nio-8080-exec-2] o.h.e.loading.internal.LoadContexts      : HHH000100: Fail-safe cleanup (collections) : org.hibernate.engine.loading.internal.CollectionLoadContext@4a64c6f6<rs=HikariProxyResultSet@1608502470 wrapping rs4560: null>
?[0m?[0;34m2023-03-31 16:06:16.150  WARN 29781 --- [nio-8080-exec-2] o.h.e.loading.internal.LoadContexts      : HHH000100: Fail-safe cleanup (collections) : org.hibernate.engine.loading.internal.CollectionLoadContext@74d1cf04<rs=HikariProxyResultSet@1195038031 wrapping rs4246: null>
?[0m?[0;34m2023-03-31 16:06:16.150  WARN 29781 --- [nio-8080-exec-2] o.h.e.loading.internal.LoadContexts      : HHH000100: Fail-safe cleanup (collections) : org.hibernate.engine.loading.internal.CollectionLoadContext@6f9c87d3<rs=HikariProxyResultSet@2065522257 wrapping rs4264: null>
?[0m?[0;34m2023-03-31 16:06:16.150  WARN 29781 --- [nio-8080-exec-2] o.h.e.loading.internal.LoadContexts      : HHH000100: Fail-safe cleanup (collections) : org.hibernate.engine.loading.internal.CollectionLoadContext@f416fe3<rs=HikariProxyResultSet@763963090 wrapping rs4579: null>
?[0m?[0;34m2023-03-31 16:06:16.150  WARN 29781 --- [nio-8080-exec-2] o.h.e.loading.internal.LoadContexts      : HHH000100: Fail-safe cleanup (collections) : org.hibernate.engine.loading.internal.CollectionLoadContext@637e5b8b<rs=HikariProxyResultSet@1297581907 wrapping rs4499: null>
?[0m?[0;34m2023-03-31 16:06:16.150  WARN 29781 --- [nio-8080-exec-2] o.h.e.loading.internal.LoadContexts      : HHH000100: Fail-safe cleanup (collections) : org.hibernate.engine.loading.internal.CollectionLoadContext@192d010f<rs=HikariProxyResultSet@430612565 wrapping rs4298: null>
?[0m?[0;34m2023-03-31 16:06:16.150  WARN 29781 --- [nio-8080-exec-2] o.h.e.loading.internal.LoadContexts      : HHH000100: Fail-safe cleanup (collections) : org.hibernate.engine.loading.internal.CollectionLoadContext@1284bfe6<rs=HikariProxyResultSet@509241558 wrapping rs4268: null>
?[0m?[0;34m2023-03-31 16:06:16.150  WARN 29781 --- [nio-8080-exec-2] o.h.e.loading.internal.LoadContexts      : HHH000100: Fail-safe cleanup (collections) : org.hibernate.engine.loading.internal.CollectionLoadContext@163ef422<rs=HikariProxyResultSet@216571223 wrapping rs4581: null>
?[0m?[0;34m2023-03-31 16:06:16.150  WARN 29781 --- [nio-8080-exec-2] o.h.e.loading.internal.LoadContexts      : HHH000100: Fail-safe cleanup (collections) : org.hibernate.engine.loading.internal.CollectionLoadContext@78d476d<rs=HikariProxyResultSet@46584538 wrapping rs4168: null>
?[0m?[0;34m2023-03-31 16:06:16.150  WARN 29781 --- [nio-8080-exec-2] o.h.e.loading.internal.LoadContexts      : HHH000100: Fail-safe cleanup (collections) : org.hibernate.engine.loading.internal.CollectionLoadContext@76d90bea<rs=HikariProxyResultSet@1209501531 wrapping rs4058: null>
?[0m?[0;34m2023-03-31 16:06:16.150  WARN 29781 --- [nio-8080-exec-2] o.h.e.loading.internal.LoadContexts      : HHH000100: Fail-safe cleanup (collections) : org.hibernate.engine.loading.internal.CollectionLoadContext@4195e158<rs=HikariProxyResultSet@1946314079 wrapping rs4194: null>
?[0m?[0;34m2023-03-31 16:06:16.150  WARN 29781 --- [nio-8080-exec-2] o.h.e.loading.internal.LoadContexts      : HHH000100: Fail-safe cleanup (collections) : org.hibernate.engine.loading.internal.CollectionLoadContext@206b82ac<rs=HikariProxyResultSet@156529120 wrapping rs4294: null>
?[0m?[0;34m2023-03-31 16:06:16.150  WARN 29781 --- [nio-8080-exec-2] o.h.e.loading.internal.LoadContexts      : HHH000100: Fail-safe cleanup (collections) : org.hibernate.engine.loading.internal.CollectionLoadContext@4d300fe3<rs=HikariProxyResultSet@1979658083 wrapping rs4216: null>
?[0m?[0;34m2023-03-31 16:06:16.150  WARN 29781 --- [nio-8080-exec-2] o.h.e.loading.internal.LoadContexts      : HHH000100: Fail-safe cleanup (collections) : org.hibernate.engine.loading.internal.CollectionLoadContext@7388dbf4<rs=HikariProxyResultSet@1840460772 wrapping rs4269: null>
?[0m?[0;34m2023-03-31 16:06:16.150  WARN 29781 --- [nio-8080-exec-2] o.h.e.loading.internal.LoadContexts      : HHH000100: Fail-safe cleanup (collections) : org.hibernate.engine.loading.internal.CollectionLoadContext@1d796bfc<rs=HikariProxyResultSet@268722148 wrapping rs4556: null>
?[0m?[0;34m2023-03-31 16:06:16.150  WARN 29781 --- [nio-8080-exec-2] o.h.e.loading.internal.LoadContexts      : HHH000100: Fail-safe cleanup (collections) : org.hibernate.engine.loading.internal.CollectionLoadContext@61fbf41d<rs=HikariProxyResultSet@344249574 wrapping rs4133: null>
?[0m?[0;34m2023-03-31 16:06:16.150  WARN 29781 --- [nio-8080-exec-2] o.h.e.loading.internal.LoadContexts      : HHH000100: Fail-safe cleanup (collections) : org.hibernate.engine.loading.internal.CollectionLoadContext@2c79b0d6<rs=HikariProxyResultSet@1800358118 wrapping rs4418: null>
?[0m?[0;34m2023-03-31 16:06:16.150  WARN 29781 --- [nio-8080-exec-2] o.h.e.loading.internal.LoadContexts      : HHH000100: Fail-safe cleanup (collections) : org.hibernate.engine.loading.internal.CollectionLoadContext@191b99d6<rs=HikariProxyResultSet@728619625 wrapping rs4313: null>
?[0m?[0;34m2023-03-31 16:06:16.150  WARN 29781 --- [nio-8080-exec-2] o.h.e.loading.internal.LoadContexts      : HHH000100: Fail-safe cleanup (collections) : org.hibernate.engine.loading.internal.CollectionLoadContext@4feb3782<rs=HikariProxyResultSet@2011069162 wrapping rs4069: null>
?[0m?[0;34m2023-03-31 16:06:16.150  WARN 29781 --- [nio-8080-exec-2] o.h.e.loading.internal.LoadContexts      : HHH000100: Fail-safe cleanup (collections) : org.hibernate.engine.loading.internal.CollectionLoadContext@718e697e<rs=HikariProxyResultSet@1462811499 wrapping rs4496: null>
?[0m?[0;34m2023-03-31 16:06:16.150  WARN 29781 --- [nio-8080-exec-2] o.h.e.loading.internal.LoadContexts      : HHH000100: Fail-safe cleanup (collections) : org.hibernate.engine.loading.internal.CollectionLoadContext@10908899<rs=HikariProxyResultSet@1474577517 wrapping rs4116: null>
?[0m?[0;34m2023-03-31 16:06:16.150  WARN 29781 --- [nio-8080-exec-2] o.h.e.loading.internal.LoadContexts      : HHH000100: Fail-safe cleanup (collections) : org.hibernate.engine.loading.internal.CollectionLoadContext@55807674<rs=HikariProxyResultSet@231268848 wrapping rs4170: null>
?[0m?[0;34m2023-03-31 16:06:16.150  WARN 29781 --- [nio-8080-exec-2] o.h.e.loading.internal.LoadContexts      : HHH000100: Fail-safe cleanup (collections) : org.hibernate.engine.loading.internal.CollectionLoadContext@43411c61<rs=HikariProxyResultSet@1868659313 wrapping rs4551: null>
?[0m?[0;34m2023-03-31 16:06:16.150  WARN 29781 --- [nio-8080-exec-2] o.h.e.loading.internal.LoadContexts      : HHH000100: Fail-safe cleanup (collections) : org.hibernate.engine.loading.internal.CollectionLoadContext@410648ee<rs=HikariProxyResultSet@794454770 wrapping rs4086: null>
?[0m?[0;34m2023-03-31 16:06:16.150  WARN 29781 --- [nio-8080-exec-2] o.h.e.loading.internal.LoadContexts      : HHH000100: Fail-safe cleanup (collections) : org.hibernate.engine.loading.internal.CollectionLoadContext@5546c417<rs=HikariProxyResultSet@1089641976 wrapping rs4332: null>
?[0m?[0;34m2023-03-31 16:06:16.150  WARN 29781 --- [nio-8080-exec-2] o.h.e.loading.internal.LoadContexts      : HHH000100: Fail-safe cleanup (collections) : org.hibernate.engine.loading.internal.CollectionLoadContext@3a32b1d<rs=HikariProxyResultSet@1109615354 wrapping rs4239: null>
?[0m?[0;34m2023-03-31 16:06:16.150  WARN 29781 --- [nio-8080-exec-2] o.h.e.loading.internal.LoadContexts      : HHH000100: Fail-safe cleanup (collections) : org.hibernate.engine.loading.internal.CollectionLoadContext@484a8d1c<rs=HikariProxyResultSet@820909947 wrapping rs4510: null>
?[0m?[0;34m2023-03-31 16:06:16.150  WARN 29781 --- [nio-8080-exec-2] o.h.e.loading.internal.LoadContexts      : HHH000100: Fail-safe cleanup (collections) : org.hibernate.engine.loading.internal.CollectionLoadContext@3bf8edc3<rs=HikariProxyResultSet@1160909570 wrapping rs4289: null>
?[0m?[0;34m2023-03-31 16:06:16.150  WARN 29781 --- [nio-8080-exec-2] o.h.e.loading.internal.LoadContexts      : HHH000100: Fail-safe cleanup (collections) : org.hibernate.engine.loading.internal.CollectionLoadContext@58fdf0d7<rs=HikariProxyResultSet@419100418 wrapping rs4457: null>
?[0m?[0;34m2023-03-31 16:06:16.150  WARN 29781 --- [nio-8080-exec-2] o.h.e.loading.internal.LoadContexts      : HHH000100: Fail-safe cleanup (collections) : org.hibernate.engine.loading.internal.CollectionLoadContext@429cc316<rs=HikariProxyResultSet@1348432900 wrapping rs4073: null>
?[0m?[0;34m2023-03-31 16:06:16.150  WARN 29781 --- [nio-8080-exec-2] o.h.e.loading.internal.LoadContexts      : HHH000100: Fail-safe cleanup (collections) : org.hibernate.engine.loading.internal.CollectionLoadContext@5e229434<rs=HikariProxyResultSet@167190661 wrapping rs4227: null>
?[0m?[0;34m2023-03-31 16:06:16.150  WARN 29781 --- [nio-8080-exec-2] o.h.e.loading.internal.LoadContexts      : HHH000100: Fail-safe cleanup (collections) : org.hibernate.engine.loading.internal.CollectionLoadContext@2248fcc6<rs=HikariProxyResultSet@1693535494 wrapping rs4104: null>
?[0m?[0;34m2023-03-31 16:06:16.150  WARN 29781 --- [nio-8080-exec-2] o.h.e.loading.internal.LoadContexts      : HHH000100: Fail-safe cleanup (collections) : org.hibernate.engine.loading.internal.CollectionLoadContext@1584db10<rs=HikariProxyResultSet@436068743 wrapping rs4287: null>
?[0m?[0;34m2023-03-31 16:06:16.150  WARN 29781 --- [nio-8080-exec-2] o.h.e.loading.internal.LoadContexts      : HHH000100: Fail-safe cleanup (collections) : org.hibernate.engine.loading.internal.CollectionLoadContext@31242ec5<rs=HikariProxyResultSet@114516488 wrapping rs4041: null>
?[0m?[0;34m2023-03-31 16:06:16.150  WARN 29781 --- [nio-8080-exec-2] o.h.e.loading.internal.LoadContexts      : HHH000100: Fail-safe cleanup (collections) : org.hibernate.engine.loading.internal.CollectionLoadContext@7bed9fe1<rs=HikariProxyResultSet@1001454604 wrapping rs4089: null>
?[0m?[0;34m2023-03-31 16:06:16.150  WARN 29781 --- [nio-8080-exec-2] o.h.e.loading.internal.LoadContexts      : HHH000100: Fail-safe cleanup (collections) : org.hibernate.engine.loading.internal.CollectionLoadContext@1ea6f296<rs=HikariProxyResultSet@684296333 wrapping rs4462: null>
?[0m?[0;34m2023-03-31 16:06:16.150  WARN 29781 --- [nio-8080-exec-2] o.h.e.loading.internal.LoadContexts      : HHH000100: Fail-safe cleanup (collections) : org.hibernate.engine.loading.internal.CollectionLoadContext@2dc9e609<rs=HikariProxyResultSet@1867837968 wrapping rs4325: null>
?[0m?[0;34m2023-03-31 16:06:16.150  WARN 29781 --- [nio-8080-exec-2] o.h.e.loading.internal.LoadContexts      : HHH000100: Fail-safe cleanup (collections) : org.hibernate.engine.loading.internal.CollectionLoadContext@3d8ba773<rs=HikariProxyResultSet@231910033 wrapping rs4285: null>
?[0m?[0;34m2023-03-31 16:06:16.150  WARN 29781 --- [nio-8080-exec-2] o.h.e.loading.internal.LoadContexts      : HHH000100: Fail-safe cleanup (collections) : org.hibernate.engine.loading.internal.CollectionLoadContext@2a8e35b4<rs=HikariProxyResultSet@953813778 wrapping rs4352: null>
?[0m?[0;34m2023-03-31 16:06:16.150  WARN 29781 --- [nio-8080-exec-2] o.h.e.loading.internal.LoadContexts      : HHH000100: Fail-safe cleanup (collections) : org.hibernate.engine.loading.internal.CollectionLoadContext@3155031<rs=HikariProxyResultSet@1198433171 wrapping rs4132: null>
?[0m?[0;34m2023-03-31 16:06:16.150  WARN 29781 --- [nio-8080-exec-2] o.h.e.loading.internal.LoadContexts      : HHH000100: Fail-safe cleanup (collections) : org.hibernate.engine.loading.internal.CollectionLoadContext@610e07f4<rs=HikariProxyResultSet@1335743379 wrapping rs4440: null>
?[0m?[0;34m2023-03-31 16:06:16.150  WARN 29781 --- [nio-8080-exec-2] o.h.e.loading.internal.LoadContexts      : HHH000100: Fail-safe cleanup (collections) : org.hibernate.engine.loading.internal.CollectionLoadContext@15e9499<rs=HikariProxyResultSet@426980630 wrapping rs4178: null>
?[0m?[0;34m2023-03-31 16:06:16.150  WARN 29781 --- [nio-8080-exec-2] o.h.e.loading.internal.LoadContexts      : HHH000100: Fail-safe cleanup (collections) : org.hibernate.engine.loading.internal.CollectionLoadContext@5aa62293<rs=HikariProxyResultSet@663449370 wrapping rs4286: null>
?[0m?[0;34m2023-03-31 16:06:16.150  WARN 29781 --- [nio-8080-exec-2] o.h.e.loading.internal.LoadContexts      : HHH000100: Fail-safe cleanup (collections) : org.hibernate.engine.loading.internal.CollectionLoadContext@739b752e<rs=HikariProxyResultSet@801501599 wrapping rs4448: null>
?[0m?[0;34m2023-03-31 16:06:16.150  WARN 29781 --- [nio-8080-exec-2] o.h.e.loading.internal.LoadContexts      : HHH000100: Fail-safe cleanup (collections) : org.hibernate.engine.loading.internal.CollectionLoadContext@623bed0e<rs=HikariProxyResultSet@1104728995 wrapping rs4139: null>
?[0m?[0;34m2023-03-31 16:06:16.150  WARN 29781 --- [nio-8080-exec-2] o.h.e.loading.internal.LoadContexts      : HHH000100: Fail-safe cleanup (collections) : org.hibernate.engine.loading.internal.CollectionLoadContext@1734578c<rs=HikariProxyResultSet@1543953315 wrapping rs4395: null>
?[0m?[0;34m2023-03-31 16:06:16.150  WARN 29781 --- [nio-8080-exec-2] o.h.e.loading.internal.LoadContexts      : HHH000100: Fail-safe cleanup (collections) : org.hibernate.engine.loading.internal.CollectionLoadContext@7c6d5d43<rs=HikariProxyResultSet@2136416550 wrapping rs4304: null>
?[0m?[0;34m2023-03-31 16:06:16.150  WARN 29781 --- [nio-8080-exec-2] o.h.e.loading.internal.LoadContexts      : HHH000100: Fail-safe cleanup (collections) : org.hibernate.engine.loading.internal.CollectionLoadContext@54f775e5<rs=HikariProxyResultSet@935112232 wrapping rs4210: null>
?[0m?[0;34m2023-03-31 16:06:16.150  WARN 29781 --- [nio-8080-exec-2] o.h.e.loading.internal.LoadContexts      : HHH000100: Fail-safe cleanup (collections) : org.hibernate.engine.loading.internal.CollectionLoadContext@6999b1e8<rs=HikariProxyResultSet@731685545 wrapping rs4148: null>
?[0m?[0;34m2023-03-31 16:06:16.150  WARN 29781 --- [nio-8080-exec-2] o.h.e.loading.internal.LoadContexts      : HHH000100: Fail-safe cleanup (collections) : org.hibernate.engine.loading.internal.CollectionLoadContext@5ca40360<rs=HikariProxyResultSet@115118890 wrapping rs4099: null>
?[0m?[0;34m2023-03-31 16:06:16.150  WARN 29781 --- [nio-8080-exec-2] o.h.e.loading.internal.LoadContexts      : HHH000100: Fail-safe cleanup (collections) : org.hibernate.engine.loading.internal.CollectionLoadContext@4ab5daf2<rs=HikariProxyResultSet@604468139 wrapping rs4154: null>
?[0m?[0;34m2023-03-31 16:06:16.150  WARN 29781 --- [nio-8080-exec-2] o.h.e.loading.internal.LoadContexts      : HHH000100: Fail-safe cleanup (collections) : org.hibernate.engine.loading.internal.CollectionLoadContext@2502d61c<rs=HikariProxyResultSet@940791594 wrapping rs4380: null>
?[0m?[0;34m2023-03-31 16:06:16.150  WARN 29781 --- [nio-8080-exec-2] o.h.e.loading.internal.LoadContexts      : HHH000100: Fail-safe cleanup (collections) : org.hibernate.engine.loading.internal.CollectionLoadContext@1b025a5<rs=HikariProxyResultSet@1750045869 wrapping rs4397: null>
?[0m?[0;34m2023-03-31 16:06:16.150  WARN 29781 --- [nio-8080-exec-2] o.h.e.loading.internal.LoadContexts      : HHH000100: Fail-safe cleanup (collections) : org.hibernate.engine.loading.internal.CollectionLoadContext@7df399f0<rs=HikariProxyResultSet@827738414 wrapping rs4220: null>
?[0m?[0;34m2023-03-31 16:06:16.150  WARN 29781 --- [nio-8080-exec-2] o.h.e.loading.internal.LoadContexts      : HHH000100: Fail-safe cleanup (collections) : org.hibernate.engine.loading.internal.CollectionLoadContext@1975aef6<rs=HikariProxyResultSet@1590069550 wrapping rs4365: null>
?[0m?[0;34m2023-03-31 16:06:16.150  WARN 29781 --- [nio-8080-exec-2] o.h.e.loading.internal.LoadContexts      : HHH000100: Fail-safe cleanup (collections) : org.hibernate.engine.loading.internal.CollectionLoadContext@2a7429f2<rs=HikariProxyResultSet@57691825 wrapping rs4237: null>
?[0m?[0;34m2023-03-31 16:06:16.150  WARN 29781 --- [nio-8080-exec-2] o.h.e.loading.internal.LoadContexts      : HHH000100: Fail-safe cleanup (collections) : org.hibernate.engine.loading.internal.CollectionLoadContext@2a69ac14<rs=HikariProxyResultSet@1712205876 wrapping rs4339: null>
?[0m?[0;34m2023-03-31 16:06:16.150  WARN 29781 --- [nio-8080-exec-2] o.h.e.loading.internal.LoadContexts      : HHH000100: Fail-safe cleanup (collections) : org.hibernate.engine.loading.internal.CollectionLoadContext@4b348cb0<rs=HikariProxyResultSet@2034554037 wrapping rs4183: null>
?[0m?[0;34m2023-03-31 16:06:16.150  WARN 29781 --- [nio-8080-exec-2] o.h.e.loading.internal.LoadContexts      : HHH000100: Fail-safe cleanup (collections) : org.hibernate.engine.loading.internal.CollectionLoadContext@7f82993e<rs=HikariProxyResultSet@1530173879 wrapping rs4328: null>
?[0m?[0;34m2023-03-31 16:06:16.150  WARN 29781 --- [nio-8080-exec-2] o.h.e.loading.internal.LoadContexts      : HHH000100: Fail-safe cleanup (collections) : org.hibernate.engine.loading.internal.CollectionLoadContext@74b20485<rs=HikariProxyResultSet@100622138 wrapping rs4131: null>
?[0m?[0;34m2023-03-31 16:06:16.150  WARN 29781 --- [nio-8080-exec-2] o.h.e.loading.internal.LoadContexts      : HHH000100: Fail-safe cleanup (collections) : org.hibernate.engine.loading.internal.CollectionLoadContext@13dc1f0b<rs=HikariProxyResultSet@1033673659 wrapping rs4231: null>
?[0m?[0;34m2023-03-31 16:06:16.150  WARN 29781 --- [nio-8080-exec-2] o.h.e.loading.internal.LoadContexts      : HHH000100: Fail-safe cleanup (collections) : org.hibernate.engine.loading.internal.CollectionLoadContext@7c6250cc<rs=HikariProxyResultSet@1376685245 wrapping rs4093: null>
?[0m?[0;34m2023-03-31 16:06:16.150  WARN 29781 --- [nio-8080-exec-2] o.h.e.loading.internal.LoadContexts      : HHH000100: Fail-safe cleanup (collections) : org.hibernate.engine.loading.internal.CollectionLoadContext@17c27d17<rs=HikariProxyResultSet@216006208 wrapping rs4057: null>
?[0m?[0;34m2023-03-31 16:06:16.150  WARN 29781 --- [nio-8080-exec-2] o.h.e.loading.internal.LoadContexts      : HHH000100: Fail-safe cleanup (collections) : org.hibernate.engine.loading.internal.CollectionLoadContext@7330d546<rs=HikariProxyResultSet@1037469127 wrapping rs4547: null>
?[0m?[0;34m2023-03-31 16:06:16.150  WARN 29781 --- [nio-8080-exec-2] o.h.e.loading.internal.LoadContexts      : HHH000100: Fail-safe cleanup (collections) : org.hibernate.engine.loading.internal.CollectionLoadContext@67a86c<rs=HikariProxyResultSet@353739594 wrapping rs4553: null>
?[0m?[0;34m2023-03-31 16:06:16.150  WARN 29781 --- [nio-8080-exec-2] o.h.e.loading.internal.LoadContexts      : HHH000100: Fail-safe cleanup (collections) : org.hibernate.engine.loading.internal.CollectionLoadContext@6eed6c9c<rs=HikariProxyResultSet@253613003 wrapping rs4135: null>
?[0m?[0;34m2023-03-31 16:06:16.150  WARN 29781 --- [nio-8080-exec-2] o.h.e.loading.internal.LoadContexts      : HHH000100: Fail-safe cleanup (collections) : org.hibernate.engine.loading.internal.CollectionLoadContext@6a439e93<rs=HikariProxyResultSet@1124442317 wrapping rs4272: null>
?[0m?[0;34m2023-03-31 16:06:16.151  WARN 29781 --- [nio-8080-exec-2] o.h.e.loading.internal.LoadContexts      : HHH000100: Fail-safe cleanup (collections) : org.hibernate.engine.loading.internal.CollectionLoadContext@1facec78<rs=HikariProxyResultSet@600445520 wrapping rs4335: null>
?[0m?[0;34m2023-03-31 16:06:16.151  WARN 29781 --- [nio-8080-exec-2] o.h.e.loading.internal.LoadContexts      : HHH000100: Fail-safe cleanup (collections) : org.hibernate.engine.loading.internal.CollectionLoadContext@22350329<rs=HikariProxyResultSet@1297632977 wrapping rs4043: null>
?[0m?[0;34m2023-03-31 16:06:16.151  WARN 29781 --- [nio-8080-exec-2] o.h.e.loading.internal.LoadContexts      : HHH000100: Fail-safe cleanup (collections) : org.hibernate.engine.loading.internal.CollectionLoadContext@2739127f<rs=HikariProxyResultSet@2091693906 wrapping rs4355: null>
?[0m?[0;34m2023-03-31 16:06:16.151  WARN 29781 --- [nio-8080-exec-2] o.h.e.loading.internal.LoadContexts      : HHH000100: Fail-safe cleanup (collections) : org.hibernate.engine.loading.internal.CollectionLoadContext@51f8a70d<rs=HikariProxyResultSet@429141842 wrapping rs4390: null>
?[0m?[0;34m2023-03-31 16:06:16.151  WARN 29781 --- [nio-8080-exec-2] o.h.e.loading.internal.LoadContexts      : HHH000100: Fail-safe cleanup (collections) : org.hibernate.engine.loading.internal.CollectionLoadContext@294f4e66<rs=HikariProxyResultSet@812404820 wrapping rs4292: null>
?[0m?[0;34m2023-03-31 16:06:16.151  WARN 29781 --- [nio-8080-exec-2] o.h.e.loading.internal.LoadContexts      : HHH000100: Fail-safe cleanup (collections) : org.hibernate.engine.loading.internal.CollectionLoadContext@23692c2d<rs=HikariProxyResultSet@1390710997 wrapping rs4102: null>
?[0m?[0;34m2023-03-31 16:06:16.151  WARN 29781 --- [nio-8080-exec-2] o.h.e.loading.internal.LoadContexts      : HHH000100: Fail-safe cleanup (collections) : org.hibernate.engine.loading.internal.CollectionLoadContext@4c2c68d5<rs=HikariProxyResultSet@475669846 wrapping rs4075: null>
?[0m?[0;34m2023-03-31 16:06:16.151  WARN 29781 --- [nio-8080-exec-2] o.h.e.loading.internal.LoadContexts      : HHH000100: Fail-safe cleanup (collections) : org.hibernate.engine.loading.internal.CollectionLoadContext@58787e92<rs=HikariProxyResultSet@1336873173 wrapping rs4240: null>
?[0m?[0;34m2023-03-31 16:06:16.151  WARN 29781 --- [nio-8080-exec-2] o.h.e.loading.internal.LoadContexts      : HHH000100: Fail-safe cleanup (collections) : org.hibernate.engine.loading.internal.CollectionLoadContext@b173785<rs=HikariProxyResultSet@1868891220 wrapping rs4441: null>
?[0m?[0;34m2023-03-31 16:06:16.151  WARN 29781 --- [nio-8080-exec-2] o.h.e.loading.internal.LoadContexts      : HHH000100: Fail-safe cleanup (collections) : org.hibernate.engine.loading.internal.CollectionLoadContext@61757a8e<rs=HikariProxyResultSet@1192536 wrapping rs4522: null>
?[0m?[0;34m2023-03-31 16:06:16.151  WARN 29781 --- [nio-8080-exec-2] o.h.e.loading.internal.LoadContexts      : HHH000100: Fail-safe cleanup (collections) : org.hibernate.engine.loading.internal.CollectionLoadContext@4eb0dcb5<rs=HikariProxyResultSet@1544099287 wrapping rs4552: null>
?[0m?[0;34m2023-03-31 16:06:16.151  WARN 29781 --- [nio-8080-exec-2] o.h.e.loading.internal.LoadContexts      : HHH000100: Fail-safe cleanup (collections) : org.hibernate.engine.loading.internal.CollectionLoadContext@55a7a71f<rs=HikariProxyResultSet@1025982427 wrapping rs4296: null>
?[0m?[0;34m2023-03-31 16:06:16.151  WARN 29781 --- [nio-8080-exec-2] o.h.e.loading.internal.LoadContexts      : HHH000100: Fail-safe cleanup (collections) : org.hibernate.engine.loading.internal.CollectionLoadContext@67be1931<rs=HikariProxyResultSet@1451923677 wrapping rs4350: null>
?[0m?[0;34m2023-03-31 16:06:16.151  WARN 29781 --- [nio-8080-exec-2] o.h.e.loading.internal.LoadContexts      : HHH000100: Fail-safe cleanup (collections) : org.hibernate.engine.loading.internal.CollectionLoadContext@2dd5ae42<rs=HikariProxyResultSet@1996194142 wrapping rs4052: null>
?[0m?[0;34m2023-03-31 16:06:16.151  WARN 29781 --- [nio-8080-exec-2] o.h.e.loading.internal.LoadContexts      : HHH000100: Fail-safe cleanup (collections) : org.hibernate.engine.loading.internal.CollectionLoadContext@65c88a39<rs=HikariProxyResultSet@1824018145 wrapping rs4494: null>
?[0m?[0;34m2023-03-31 16:06:16.151  WARN 29781 --- [nio-8080-exec-2] o.h.e.loading.internal.LoadContexts      : HHH000100: Fail-safe cleanup (collections) : org.hibernate.engine.loading.internal.CollectionLoadContext@d3f46c0<rs=HikariProxyResultSet@1634140260 wrapping rs4278: null>
?[0m?[0;34m2023-03-31 16:06:16.151  WARN 29781 --- [nio-8080-exec-2] o.h.e.loading.internal.LoadContexts      : HHH000100: Fail-safe cleanup (collections) : org.hibernate.engine.loading.internal.CollectionLoadContext@1a5fa1c7<rs=HikariProxyResultSet@591984869 wrapping rs4061: null>
?[0m?[0;34m2023-03-31 16:06:16.151  WARN 29781 --- [nio-8080-exec-2] o.h.e.loading.internal.LoadContexts      : HHH000100: Fail-safe cleanup (collections) : org.hibernate.engine.loading.internal.CollectionLoadContext@1a78bb70<rs=HikariProxyResultSet@575026663 wrapping rs4208: null>
?[0m?[0;34m2023-03-31 16:06:16.151  WARN 29781 --- [nio-8080-exec-2] o.h.e.loading.internal.LoadContexts      : HHH000100: Fail-safe cleanup (collections) : org.hibernate.engine.loading.internal.CollectionLoadContext@3bc07344<rs=HikariProxyResultSet@1444738535 wrapping rs4426: null>
?[0m?[0;34m2023-03-31 16:06:16.151  WARN 29781 --- [nio-8080-exec-2] o.h.e.loading.internal.LoadContexts      : HHH000100: Fail-safe cleanup (collections) : org.hibernate.engine.loading.internal.CollectionLoadContext@4c3e2bba<rs=HikariProxyResultSet@2143787753 wrapping rs4127: null>
?[0m?[0;34m2023-03-31 16:06:16.151  WARN 29781 --- [nio-8080-exec-2] o.h.e.loading.internal.LoadContexts      : HHH000100: Fail-safe cleanup (collections) : org.hibernate.engine.loading.internal.CollectionLoadContext@2b88ea63<rs=HikariProxyResultSet@2056237551 wrapping rs4470: null>
?[0m?[0;34m2023-03-31 16:06:16.151  WARN 29781 --- [nio-8080-exec-2] o.h.e.loading.internal.LoadContexts      : HHH000100: Fail-safe cleanup (collections) : org.hibernate.engine.loading.internal.CollectionLoadContext@74746759<rs=HikariProxyResultSet@1068162551 wrapping rs4391: null>
?[0m?[0;34m2023-03-31 16:06:16.151  WARN 29781 --- [nio-8080-exec-2] o.h.e.loading.internal.LoadContexts      : HHH000100: Fail-safe cleanup (collections) : org.hibernate.engine.loading.internal.CollectionLoadContext@4c9670c0<rs=HikariProxyResultSet@849810040 wrapping rs4042: null>
?[0m?[0;34m2023-03-31 16:06:16.151  WARN 29781 --- [nio-8080-exec-2] o.h.e.loading.internal.LoadContexts      : HHH000100: Fail-safe cleanup (collections) : org.hibernate.engine.loading.internal.CollectionLoadContext@7148e113<rs=HikariProxyResultSet@1196486264 wrapping rs4080: null>
?[0m?[0;34m2023-03-31 16:06:16.151  WARN 29781 --- [nio-8080-exec-2] o.h.e.loading.internal.LoadContexts      : HHH000100: Fail-safe cleanup (collections) : org.hibernate.engine.loading.internal.CollectionLoadContext@1d7fd6ab<rs=HikariProxyResultSet@581029754 wrapping rs4217: null>
?[0m?[0;34m2023-03-31 16:06:16.151  WARN 29781 --- [nio-8080-exec-2] o.h.e.loading.internal.LoadContexts      : HHH000100: Fail-safe cleanup (collections) : org.hibernate.engine.loading.internal.CollectionLoadContext@4a6634f2<rs=HikariProxyResultSet@1894514425 wrapping rs4312: null>
?[0m?[0;34m2023-03-31 16:06:16.151  WARN 29781 --- [nio-8080-exec-2] o.h.e.loading.internal.LoadContexts      : HHH000100: Fail-safe cleanup (collections) : org.hibernate.engine.loading.internal.CollectionLoadContext@35895d0e<rs=HikariProxyResultSet@800016887 wrapping rs4526: null>
?[0m?[0;34m2023-03-31 16:06:16.151  WARN 29781 --- [nio-8080-exec-2] o.h.e.loading.internal.LoadContexts      : HHH000100: Fail-safe cleanup (collections) : org.hibernate.engine.loading.internal.CollectionLoadContext@37f72d5<rs=HikariProxyResultSet@1830277373 wrapping rs4180: null>
?[0m?[0;34m2023-03-31 16:06:16.151  WARN 29781 --- [nio-8080-exec-2] o.h.e.loading.internal.LoadContexts      : HHH000100: Fail-safe cleanup (collections) : org.hibernate.engine.loading.internal.CollectionLoadContext@6056369f<rs=HikariProxyResultSet@1010510593 wrapping rs4260: null>
?[0m?[0;34m2023-03-31 16:06:16.151  WARN 29781 --- [nio-8080-exec-2] o.h.e.loading.internal.LoadContexts      : HHH000100: Fail-safe cleanup (collections) : org.hibernate.engine.loading.internal.CollectionLoadContext@1bec4fc3<rs=HikariProxyResultSet@156409730 wrapping rs4331: null>
?[0m?[0;34m2023-03-31 16:06:16.151  WARN 29781 --- [nio-8080-exec-2] o.h.e.loading.internal.LoadContexts      : HHH000100: Fail-safe cleanup (collections) : org.hibernate.engine.loading.internal.CollectionLoadContext@6472109d<rs=HikariProxyResultSet@1873798147 wrapping rs4203: null>
?[0m?[0;34m2023-03-31 16:06:16.151  WARN 29781 --- [nio-8080-exec-2] o.h.e.loading.internal.LoadContexts      : HHH000100: Fail-safe cleanup (collections) : org.hibernate.engine.loading.internal.CollectionLoadContext@1c632f1c<rs=HikariProxyResultSet@1459328003 wrapping rs4420: null>
?[0m?[0;34m2023-03-31 16:06:16.151  WARN 29781 --- [nio-8080-exec-2] o.h.e.loading.internal.LoadContexts      : HHH000100: Fail-safe cleanup (collections) : org.hibernate.engine.loading.internal.CollectionLoadContext@4dd010c1<rs=HikariProxyResultSet@494191877 wrapping rs4402: null>
?[0m?[0;34m2023-03-31 16:06:16.151  WARN 29781 --- [nio-8080-exec-2] o.h.e.loading.internal.LoadContexts      : HHH000100: Fail-safe cleanup (collections) : org.hibernate.engine.loading.internal.CollectionLoadContext@34bbccef<rs=HikariProxyResultSet@1582462342 wrapping rs4412: null>
?[0m?[0;34m2023-03-31 16:06:16.151  WARN 29781 --- [nio-8080-exec-2] o.h.e.loading.internal.LoadContexts      : HHH000100: Fail-safe cleanup (collections) : org.hibernate.engine.loading.internal.CollectionLoadContext@40b9c41d<rs=HikariProxyResultSet@999898631 wrapping rs4558: null>
?[0m?[0;34m2023-03-31 16:06:16.151  WARN 29781 --- [nio-8080-exec-2] o.h.e.loading.internal.LoadContexts      : HHH000100: Fail-safe cleanup (collections) : org.hibernate.engine.loading.internal.CollectionLoadContext@452708d9<rs=HikariProxyResultSet@59129609 wrapping rs4137: null>
?[0m?[0;34m2023-03-31 16:06:16.151  WARN 29781 --- [nio-8080-exec-2] o.h.e.loading.internal.LoadContexts      : HHH000100: Fail-safe cleanup (collections) : org.hibernate.engine.loading.internal.CollectionLoadContext@83c4ea4<rs=HikariProxyResultSet@868710153 wrapping rs4205: null>
?[0m?[0;34m2023-03-31 16:06:16.151  WARN 29781 --- [nio-8080-exec-2] o.h.e.loading.internal.LoadContexts      : HHH000100: Fail-safe cleanup (collections) : org.hibernate.engine.loading.internal.CollectionLoadContext@620a27f8<rs=HikariProxyResultSet@1124347020 wrapping rs4066: null>
?[0m?[0;34m2023-03-31 16:06:16.151  WARN 29781 --- [nio-8080-exec-2] o.h.e.loading.internal.LoadContexts      : HHH000100: Fail-safe cleanup (collections) : org.hibernate.engine.loading.internal.CollectionLoadContext@6c9d8e88<rs=HikariProxyResultSet@1406199948 wrapping rs4347: null>
?[0m?[0;34m2023-03-31 16:06:16.151  WARN 29781 --- [nio-8080-exec-2] o.h.e.loading.internal.LoadContexts      : HHH000100: Fail-safe cleanup (collections) : org.hibernate.engine.loading.internal.CollectionLoadContext@11813202<rs=HikariProxyResultSet@1164592397 wrapping rs4413: null>
?[0m?[0;34m2023-03-31 16:06:16.151  WARN 29781 --- [nio-8080-exec-2] o.h.e.loading.internal.LoadContexts      : HHH000100: Fail-safe cleanup (collections) : org.hibernate.engine.loading.internal.CollectionLoadContext@7b2207f8<rs=HikariProxyResultSet@2016351372 wrapping rs4417: null>
?[0m?[0;34m2023-03-31 16:06:16.151  WARN 29781 --- [nio-8080-exec-2] o.h.e.loading.internal.LoadContexts      : HHH000100: Fail-safe cleanup (collections) : org.hibernate.engine.loading.internal.CollectionLoadContext@48a4da83<rs=HikariProxyResultSet@664278414 wrapping rs4545: null>
?[0m?[0;34m2023-03-31 16:06:16.151  WARN 29781 --- [nio-8080-exec-2] o.h.e.loading.internal.LoadContexts      : HHH000100: Fail-safe cleanup (collections) : org.hibernate.engine.loading.internal.CollectionLoadContext@484de4d1<rs=HikariProxyResultSet@1133128465 wrapping rs4290: null>
?[0m?[0;34m2023-03-31 16:06:16.151  WARN 29781 --- [nio-8080-exec-2] o.h.e.loading.internal.LoadContexts      : HHH000100: Fail-safe cleanup (collections) : org.hibernate.engine.loading.internal.CollectionLoadContext@50c4cef8<rs=HikariProxyResultSet@1582008339 wrapping rs4071: null>
?[0m?[0;34m2023-03-31 16:06:16.151  WARN 29781 --- [nio-8080-exec-2] o.h.e.loading.internal.LoadContexts      : HHH000100: Fail-safe cleanup (collections) : org.hibernate.engine.loading.internal.CollectionLoadContext@3bb21edf<rs=HikariProxyResultSet@1189527571 wrapping rs4324: null>
?[0m?[0;34m2023-03-31 16:06:16.151  WARN 29781 --- [nio-8080-exec-2] o.h.e.loading.internal.LoadContexts      : HHH000100: Fail-safe cleanup (collections) : org.hibernate.engine.loading.internal.CollectionLoadContext@552cabe8<rs=HikariProxyResultSet@744711445 wrapping rs4228: null>
?[0m?[0;34m2023-03-31 16:06:16.151  WARN 29781 --- [nio-8080-exec-2] o.h.e.loading.internal.LoadContexts      : HHH000100: Fail-safe cleanup (collections) : org.hibernate.engine.loading.internal.CollectionLoadContext@72e0b6f0<rs=HikariProxyResultSet@1837480342 wrapping rs4346: null>
?[0m?[0;34m2023-03-31 16:06:16.151  WARN 29781 --- [nio-8080-exec-2] o.h.e.loading.internal.LoadContexts      : HHH000100: Fail-safe cleanup (collections) : org.hibernate.engine.loading.internal.CollectionLoadContext@425055a<rs=HikariProxyResultSet@422344086 wrapping rs4363: null>
?[0m?[0;34m2023-03-31 16:06:16.151  WARN 29781 --- [nio-8080-exec-2] o.h.e.loading.internal.LoadContexts      : HHH000100: Fail-safe cleanup (collections) : org.hibernate.engine.loading.internal.CollectionLoadContext@2fcaa7e7<rs=HikariProxyResultSet@718832280 wrapping rs4065: null>
?[0m?[0;34m2023-03-31 16:06:16.151  WARN 29781 --- [nio-8080-exec-2] o.h.e.loading.internal.LoadContexts      : HHH000100: Fail-safe cleanup (collections) : org.hibernate.engine.loading.internal.CollectionLoadContext@1f092a1d<rs=HikariProxyResultSet@938694296 wrapping rs4446: null>
?[0m?[0;34m2023-03-31 16:06:16.151  WARN 29781 --- [nio-8080-exec-2] o.h.e.loading.internal.LoadContexts      : HHH000100: Fail-safe cleanup (collections) : org.hibernate.engine.loading.internal.CollectionLoadContext@6829483a<rs=HikariProxyResultSet@1058953751 wrapping rs4452: null>
?[0m?[0;34m2023-03-31 16:06:16.151  WARN 29781 --- [nio-8080-exec-2] o.h.e.loading.internal.LoadContexts      : HHH000100: Fail-safe cleanup (collections) : org.hibernate.engine.loading.internal.CollectionLoadContext@440a9fb0<rs=HikariProxyResultSet@937965595 wrapping rs4177: null>
?[0m?[0;34m2023-03-31 16:06:16.151  WARN 29781 --- [nio-8080-exec-2] o.h.e.loading.internal.LoadContexts      : HHH000100: Fail-safe cleanup (collections) : org.hibernate.engine.loading.internal.CollectionLoadContext@3e05fd49<rs=HikariProxyResultSet@625441045 wrapping rs4485: null>
?[0m?[0;34m2023-03-31 16:06:16.151  WARN 29781 --- [nio-8080-exec-2] o.h.e.loading.internal.LoadContexts      : HHH000100: Fail-safe cleanup (collections) : org.hibernate.engine.loading.internal.CollectionLoadContext@680a7156<rs=HikariProxyResultSet@1091563289 wrapping rs4518: null>
?[0m?[0;34m2023-03-31 16:06:16.151  WARN 29781 --- [nio-8080-exec-2] o.h.e.loading.internal.LoadContexts      : HHH000100: Fail-safe cleanup (collections) : org.hibernate.engine.loading.internal.CollectionLoadContext@4a409cf5<rs=HikariProxyResultSet@1966630302 wrapping rs4326: null>
?[0m?[0;34m2023-03-31 16:06:16.151  WARN 29781 --- [nio-8080-exec-2] o.h.e.loading.internal.LoadContexts      : HHH000100: Fail-safe cleanup (collections) : org.hibernate.engine.loading.internal.CollectionLoadContext@5aa76d12<rs=HikariProxyResultSet@1303574047 wrapping rs4229: null>
?[0m?[0;34m2023-03-31 16:06:16.151  WARN 29781 --- [nio-8080-exec-2] o.h.e.loading.internal.LoadContexts      : HHH000100: Fail-safe cleanup (collections) : org.hibernate.engine.loading.internal.CollectionLoadContext@4bd92cba<rs=HikariProxyResultSet@1072578208 wrapping rs4430: null>
?[0m?[0;34m2023-03-31 16:06:16.151  WARN 29781 --- [nio-8080-exec-2] o.h.e.loading.internal.LoadContexts      : HHH000100: Fail-safe cleanup (collections) : org.hibernate.engine.loading.internal.CollectionLoadContext@70e26456<rs=HikariProxyResultSet@1276628640 wrapping rs4543: null>
?[0m?[0;34m2023-03-31 16:06:16.151  WARN 29781 --- [nio-8080-exec-2] o.h.e.loading.internal.LoadContexts      : HHH000100: Fail-safe cleanup (collections) : org.hibernate.engine.loading.internal.CollectionLoadContext@3e8be98b<rs=HikariProxyResultSet@1602957218 wrapping rs4156: null>
?[0m?[0;34m2023-03-31 16:06:16.151  WARN 29781 --- [nio-8080-exec-2] o.h.e.loading.internal.LoadContexts      : HHH000100: Fail-safe cleanup (collections) : org.hibernate.engine.loading.internal.CollectionLoadContext@5fa5dcb5<rs=HikariProxyResultSet@1109667875 wrapping rs4157: null>
?[0m?[0;34m2023-03-31 16:06:16.152  WARN 29781 --- [nio-8080-exec-2] o.h.e.loading.internal.LoadContexts      : HHH000100: Fail-safe cleanup (collections) : org.hibernate.engine.loading.internal.CollectionLoadContext@5d9b8707<rs=HikariProxyResultSet@413850530 wrapping rs4293: null>
?[0m?[0;34m2023-03-31 16:06:16.152  WARN 29781 --- [nio-8080-exec-2] o.h.e.loading.internal.LoadContexts      : HHH000100: Fail-safe cleanup (collections) : org.hibernate.engine.loading.internal.CollectionLoadContext@3eb89836<rs=HikariProxyResultSet@1382663332 wrapping rs4389: null>
?[0m?[0;34m2023-03-31 16:06:16.152  WARN 29781 --- [nio-8080-exec-2] o.h.e.loading.internal.LoadContexts      : HHH000100: Fail-safe cleanup (collections) : org.hibernate.engine.loading.internal.CollectionLoadContext@5f1ef9db<rs=HikariProxyResultSet@1983475497 wrapping rs4424: null>
?[0m?[0;34m2023-03-31 16:06:16.152  WARN 29781 --- [nio-8080-exec-2] o.h.e.loading.internal.LoadContexts      : HHH000100: Fail-safe cleanup (collections) : org.hibernate.engine.loading.internal.CollectionLoadContext@2eafd6f9<rs=HikariProxyResultSet@1323202345 wrapping rs4527: null>
?[0m?[0;34m2023-03-31 16:06:16.152  WARN 29781 --- [nio-8080-exec-2] o.h.e.loading.internal.LoadContexts      : HHH000100: Fail-safe cleanup (collections) : org.hibernate.engine.loading.internal.CollectionLoadContext@2f8dcf94<rs=HikariProxyResultSet@685730859 wrapping rs4201: null>
?[0m?[0;34m2023-03-31 16:06:16.152  WARN 29781 --- [nio-8080-exec-2] o.h.e.loading.internal.LoadContexts      : HHH000100: Fail-safe cleanup (collections) : org.hibernate.engine.loading.internal.CollectionLoadContext@558e8b7b<rs=HikariProxyResultSet@565895598 wrapping rs4039: null>
?[0m?[0;34m2023-03-31 16:06:16.152  WARN 29781 --- [nio-8080-exec-2] o.h.e.loading.internal.LoadContexts      : HHH000100: Fail-safe cleanup (collections) : org.hibernate.engine.loading.internal.CollectionLoadContext@7d766030<rs=HikariProxyResultSet@361182767 wrapping rs4118: null>
?[0m?[0;34m2023-03-31 16:06:16.152  WARN 29781 --- [nio-8080-exec-2] o.h.e.loading.internal.LoadContexts      : HHH000100: Fail-safe cleanup (collections) : org.hibernate.engine.loading.internal.CollectionLoadContext@2d3e7979<rs=HikariProxyResultSet@1197839790 wrapping rs4193: null>
?[0m?[0;34m2023-03-31 16:06:16.152  WARN 29781 --- [nio-8080-exec-2] o.h.e.loading.internal.LoadContexts      : HHH000100: Fail-safe cleanup (collections) : org.hibernate.engine.loading.internal.CollectionLoadContext@6c0ef225<rs=HikariProxyResultSet@1343059761 wrapping rs4511: null>
?[0m?[0;34m2023-03-31 16:06:16.152  WARN 29781 --- [nio-8080-exec-2] o.h.e.loading.internal.LoadContexts      : HHH000100: Fail-safe cleanup (collections) : org.hibernate.engine.loading.internal.CollectionLoadContext@4d7a798c<rs=HikariProxyResultSet@1306115252 wrapping rs4225: null>
?[0m?[0;34m2023-03-31 16:06:16.152  WARN 29781 --- [nio-8080-exec-2] o.h.e.loading.internal.LoadContexts      : HHH000100: Fail-safe cleanup (collections) : org.hibernate.engine.loading.internal.CollectionLoadContext@343f7f3<rs=HikariProxyResultSet@1343295926 wrapping rs4123: null>
?[0m?[0;34m2023-03-31 16:06:16.152  WARN 29781 --- [nio-8080-exec-2] o.h.e.loading.internal.LoadContexts      : HHH000100: Fail-safe cleanup (collections) : org.hibernate.engine.loading.internal.CollectionLoadContext@5de8a353<rs=HikariProxyResultSet@718837432 wrapping rs4427: null>
?[0m?[0;34m2023-03-31 16:06:16.152  WARN 29781 --- [nio-8080-exec-2] o.h.e.loading.internal.LoadContexts      : HHH000100: Fail-safe cleanup (collections) : org.hibernate.engine.loading.internal.CollectionLoadContext@466cfd11<rs=HikariProxyResultSet@1389847353 wrapping rs4314: null>
?[0m?[0;34m2023-03-31 16:06:16.152  WARN 29781 --- [nio-8080-exec-2] o.h.e.loading.internal.LoadContexts      : HHH000100: Fail-safe cleanup (collections) : org.hibernate.engine.loading.internal.CollectionLoadContext@58c44a49<rs=HikariProxyResultSet@1689118392 wrapping rs4453: null>
?[0m?[0;34m2023-03-31 16:06:16.152  WARN 29781 --- [nio-8080-exec-2] o.h.e.loading.internal.LoadContexts      : HHH000100: Fail-safe cleanup (collections) : org.hibernate.engine.loading.internal.CollectionLoadContext@44a4c2cd<rs=HikariProxyResultSet@1246163003 wrapping rs4282: null>
?[0m?[0;34m2023-03-31 16:06:16.152  WARN 29781 --- [nio-8080-exec-2] o.h.e.loading.internal.LoadContexts      : HHH000100: Fail-safe cleanup (collections) : org.hibernate.engine.loading.internal.CollectionLoadContext@5cce0331<rs=HikariProxyResultSet@316612796 wrapping rs4460: null>
?[0m?[0;34m2023-03-31 16:06:16.152  WARN 29781 --- [nio-8080-exec-2] o.h.e.loading.internal.LoadContexts      : HHH000100: Fail-safe cleanup (collections) : org.hibernate.engine.loading.internal.CollectionLoadContext@7debe9cc<rs=HikariProxyResultSet@234689853 wrapping rs4152: null>
?[0m?[0;34m2023-03-31 16:06:16.152  WARN 29781 --- [nio-8080-exec-2] o.h.e.loading.internal.LoadContexts      : HHH000100: Fail-safe cleanup (collections) : org.hibernate.engine.loading.internal.CollectionLoadContext@787723a<rs=HikariProxyResultSet@1893728702 wrapping rs4036: null>
?[0m?[0;34m2023-03-31 16:06:16.152  WARN 29781 --- [nio-8080-exec-2] o.h.e.loading.internal.LoadContexts      : HHH000100: Fail-safe cleanup (collections) : org.hibernate.engine.loading.internal.CollectionLoadContext@65577aad<rs=HikariProxyResultSet@1980848703 wrapping rs4223: null>
?[0m?[0;34m2023-03-31 16:06:16.152  WARN 29781 --- [nio-8080-exec-2] o.h.e.loading.internal.LoadContexts      : HHH000100: Fail-safe cleanup (collections) : org.hibernate.engine.loading.internal.CollectionLoadContext@492c3abd<rs=HikariProxyResultSet@1514830528 wrapping rs4147: null>
?[0m?[0;34m2023-03-31 16:06:16.152  WARN 29781 --- [nio-8080-exec-2] o.h.e.loading.internal.LoadContexts      : HHH000100: Fail-safe cleanup (collections) : org.hibernate.engine.loading.internal.CollectionLoadContext@6bab1fdd<rs=HikariProxyResultSet@572844736 wrapping rs4244: null>
?[0m?[0;34m2023-03-31 16:06:16.152  WARN 29781 --- [nio-8080-exec-2] o.h.e.loading.internal.LoadContexts      : HHH000100: Fail-safe cleanup (collections) : org.hibernate.engine.loading.internal.CollectionLoadContext@5701a630<rs=HikariProxyResultSet@286540609 wrapping rs4519: null>
?[0m?[0;34m2023-03-31 16:06:16.152  WARN 29781 --- [nio-8080-exec-2] o.h.e.loading.internal.LoadContexts      : HHH000100: Fail-safe cleanup (collections) : org.hibernate.engine.loading.internal.CollectionLoadContext@9dd2c6f<rs=HikariProxyResultSet@1074392389 wrapping rs4098: null>
?[0m?[0;34m2023-03-31 16:06:16.152  WARN 29781 --- [nio-8080-exec-2] o.h.e.loading.internal.LoadContexts      : HHH000100: Fail-safe cleanup (collections) : org.hibernate.engine.loading.internal.CollectionLoadContext@210c163b<rs=HikariProxyResultSet@667582789 wrapping rs4489: null>
?[0m?[0;34m2023-03-31 16:06:16.152  WARN 29781 --- [nio-8080-exec-2] o.h.e.loading.internal.LoadContexts      : HHH000100: Fail-safe cleanup (collections) : org.hibernate.engine.loading.internal.CollectionLoadContext@126aa030<rs=HikariProxyResultSet@1680202698 wrapping rs4377: null>
?[0m?[0;34m2023-03-31 16:06:16.152  WARN 29781 --- [nio-8080-exec-2] o.h.e.loading.internal.LoadContexts      : HHH000100: Fail-safe cleanup (collections) : org.hibernate.engine.loading.internal.CollectionLoadContext@4880a46b<rs=HikariProxyResultSet@393583691 wrapping rs4557: null>
?[0m?[0;34m2023-03-31 16:06:16.152  WARN 29781 --- [nio-8080-exec-2] o.h.e.loading.internal.LoadContexts      : HHH000100: Fail-safe cleanup (collections) : org.hibernate.engine.loading.internal.CollectionLoadContext@285e4740<rs=HikariProxyResultSet@1553956044 wrapping rs4185: null>
?[0m?[0;34m2023-03-31 16:06:16.152  WARN 29781 --- [nio-8080-exec-2] o.h.e.loading.internal.LoadContexts      : HHH000100: Fail-safe cleanup (collections) : org.hibernate.engine.loading.internal.CollectionLoadContext@692231be<rs=HikariProxyResultSet@1345317068 wrapping rs4535: null>
?[0m?[0;34m2023-03-31 16:06:16.152  WARN 29781 --- [nio-8080-exec-2] o.h.e.loading.internal.LoadContexts      : HHH000100: Fail-safe cleanup (collections) : org.hibernate.engine.loading.internal.CollectionLoadContext@2e8e678a<rs=HikariProxyResultSet@1998069198 wrapping rs4443: null>
?[0m?[0;34m2023-03-31 16:06:16.152  WARN 29781 --- [nio-8080-exec-2] o.h.e.loading.internal.LoadContexts      : HHH000100: Fail-safe cleanup (collections) : org.hibernate.engine.loading.internal.CollectionLoadContext@63603dcc<rs=HikariProxyResultSet@2090880591 wrapping rs4428: null>
?[0m?[0;34m2023-03-31 16:06:16.152  WARN 29781 --- [nio-8080-exec-2] o.h.e.loading.internal.LoadContexts      : HHH000100: Fail-safe cleanup (collections) : org.hibernate.engine.loading.internal.CollectionLoadContext@39de12a7<rs=HikariProxyResultSet@1130050643 wrapping rs4250: null>
?[0m?[0;34m2023-03-31 16:06:16.152  WARN 29781 --- [nio-8080-exec-2] o.h.e.loading.internal.LoadContexts      : HHH000100: Fail-safe cleanup (collections) : org.hibernate.engine.loading.internal.CollectionLoadContext@41896be3<rs=HikariProxyResultSet@2090589654 wrapping rs4322: null>
?[0m?[0;34m2023-03-31 16:06:16.152  WARN 29781 --- [nio-8080-exec-2] o.h.e.loading.internal.LoadContexts      : HHH000100: Fail-safe cleanup (collections) : org.hibernate.engine.loading.internal.CollectionLoadContext@1c66e66f<rs=HikariProxyResultSet@765213400 wrapping rs4333: null>
?[0m?[0;34m2023-03-31 16:06:16.152  WARN 29781 --- [nio-8080-exec-2] o.h.e.loading.internal.LoadContexts      : HHH000100: Fail-safe cleanup (collections) : org.hibernate.engine.loading.internal.CollectionLoadContext@7e8a3672<rs=HikariProxyResultSet@1273831257 wrapping rs4369: null>
?[0m?[0;34m2023-03-31 16:06:16.152  WARN 29781 --- [nio-8080-exec-2] o.h.e.loading.internal.LoadContexts      : HHH000100: Fail-safe cleanup (collections) : org.hibernate.engine.loading.internal.CollectionLoadContext@3788582e<rs=HikariProxyResultSet@1124361307 wrapping rs4270: null>
?[0m?[0;34m2023-03-31 16:06:16.152  WARN 29781 --- [nio-8080-exec-2] o.h.e.loading.internal.LoadContexts      : HHH000100: Fail-safe cleanup (collections) : org.hibernate.engine.loading.internal.CollectionLoadContext@3d54fb4f<rs=HikariProxyResultSet@664289500 wrapping rs4238: null>
?[0m?[0;34m2023-03-31 16:06:16.152  WARN 29781 --- [nio-8080-exec-2] o.h.e.loading.internal.LoadContexts      : HHH000100: Fail-safe cleanup (collections) : org.hibernate.engine.loading.internal.CollectionLoadContext@162a3714<rs=HikariProxyResultSet@606840923 wrapping rs4362: null>
?[0m?[0;34m2023-03-31 16:06:16.152  WARN 29781 --- [nio-8080-exec-2] o.h.e.loading.internal.LoadContexts      : HHH000100: Fail-safe cleanup (collections) : org.hibernate.engine.loading.internal.CollectionLoadContext@393caa05<rs=HikariProxyResultSet@1651377372 wrapping rs4476: null>
?[0m?[0;34m2023-03-31 16:06:16.152  WARN 29781 --- [nio-8080-exec-2] o.h.e.loading.internal.LoadContexts      : HHH000100: Fail-safe cleanup (collections) : org.hibernate.engine.loading.internal.CollectionLoadContext@4c00cc24<rs=HikariProxyResultSet@217663071 wrapping rs4204: null>
?[0m?[0;34m2023-03-31 16:06:16.152  WARN 29781 --- [nio-8080-exec-2] o.h.e.loading.internal.LoadContexts      : HHH000100: Fail-safe cleanup (collections) : org.hibernate.engine.loading.internal.CollectionLoadContext@5614c868<rs=HikariProxyResultSet@1245753185 wrapping rs4382: null>
?[0m?[0;34m2023-03-31 16:06:16.152  WARN 29781 --- [nio-8080-exec-2] o.h.e.loading.internal.LoadContexts      : HHH000100: Fail-safe cleanup (collections) : org.hibernate.engine.loading.internal.CollectionLoadContext@11c1d729<rs=HikariProxyResultSet@698818530 wrapping rs4309: null>
?[0m?[0;34m2023-03-31 16:06:16.152  WARN 29781 --- [nio-8080-exec-2] o.h.e.loading.internal.LoadContexts      : HHH000100: Fail-safe cleanup (collections) : org.hibernate.engine.loading.internal.CollectionLoadContext@4d712b96<rs=HikariProxyResultSet@1086467042 wrapping rs4399: null>
?[0m?[0;34m2023-03-31 16:06:16.152  WARN 29781 --- [nio-8080-exec-2] o.h.e.loading.internal.LoadContexts      : HHH000100: Fail-safe cleanup (collections) : org.hibernate.engine.loading.internal.CollectionLoadContext@75aaff0<rs=HikariProxyResultSet@553710949 wrapping rs4509: null>
?[0m?[0;34m2023-03-31 16:06:16.152  WARN 29781 --- [nio-8080-exec-2] o.h.e.loading.internal.LoadContexts      : HHH000100: Fail-safe cleanup (collections) : org.hibernate.engine.loading.internal.CollectionLoadContext@777d70fb<rs=HikariProxyResultSet@2011660774 wrapping rs4563: null>
?[0m?[0;34m2023-03-31 16:06:16.152  WARN 29781 --- [nio-8080-exec-2] o.h.e.loading.internal.LoadContexts      : HHH000100: Fail-safe cleanup (collections) : org.hibernate.engine.loading.internal.CollectionLoadContext@689a99a2<rs=HikariProxyResultSet@2045267688 wrapping rs4316: null>
?[0m?[0;34m2023-03-31 16:06:16.152  WARN 29781 --- [nio-8080-exec-2] o.h.e.loading.internal.LoadContexts      : HHH000100: Fail-safe cleanup (collections) : org.hibernate.engine.loading.internal.CollectionLoadContext@2c7332bc<rs=HikariProxyResultSet@1127486442 wrapping rs4234: null>
?[0m?[0;34m2023-03-31 16:06:16.152  WARN 29781 --- [nio-8080-exec-2] o.h.e.loading.internal.LoadContexts      : HHH000100: Fail-safe cleanup (collections) : org.hibernate.engine.loading.internal.CollectionLoadContext@7e843ded<rs=HikariProxyResultSet@441052525 wrapping rs4088: null>
?[0m?[0;34m2023-03-31 16:06:16.152  WARN 29781 --- [nio-8080-exec-2] o.h.e.loading.internal.LoadContexts      : HHH000100: Fail-safe cleanup (collections) : org.hibernate.engine.loading.internal.CollectionLoadContext@62e2706e<rs=HikariProxyResultSet@1192612463 wrapping rs4392: null>
?[0m?[0;34m2023-03-31 16:06:16.152  WARN 29781 --- [nio-8080-exec-2] o.h.e.loading.internal.LoadContexts      : HHH000100: Fail-safe cleanup (collections) : org.hibernate.engine.loading.internal.CollectionLoadContext@5e89a219<rs=HikariProxyResultSet@1413975792 wrapping rs4048: null>
?[0m?[0;34m2023-03-31 16:06:16.152  WARN 29781 --- [nio-8080-exec-2] o.h.e.loading.internal.LoadContexts      : HHH000100: Fail-safe cleanup (collections) : org.hibernate.engine.loading.internal.CollectionLoadContext@6bda9da6<rs=HikariProxyResultSet@2298229 wrapping rs4063: null>
?[0m?[0;34m2023-03-31 16:06:16.152  WARN 29781 --- [nio-8080-exec-2] o.h.e.loading.internal.LoadContexts      : HHH000100: Fail-safe cleanup (collections) : org.hibernate.engine.loading.internal.CollectionLoadContext@346ebe65<rs=HikariProxyResultSet@945930105 wrapping rs4101: null>
?[0m?[0;34m2023-03-31 16:06:16.152  WARN 29781 --- [nio-8080-exec-2] o.h.e.loading.internal.LoadContexts      : HHH000100: Fail-safe cleanup (collections) : org.hibernate.engine.loading.internal.CollectionLoadContext@457ed986<rs=HikariProxyResultSet@1469028217 wrapping rs4471: null>
?[0m?[0;34m2023-03-31 16:06:16.152  WARN 29781 --- [nio-8080-exec-2] o.h.e.loading.internal.LoadContexts      : HHH000100: Fail-safe cleanup (collections) : org.hibernate.engine.loading.internal.CollectionLoadContext@56f4225a<rs=HikariProxyResultSet@646536315 wrapping rs4449: null>
?[0m?[0;34m2023-03-31 16:06:16.152  WARN 29781 --- [nio-8080-exec-2] o.h.e.loading.internal.LoadContexts      : HHH000100: Fail-safe cleanup (collections) : org.hibernate.engine.loading.internal.CollectionLoadContext@69fcb28f<rs=HikariProxyResultSet@490449406 wrapping rs4425: null>
?[0m?[0;34m2023-03-31 16:06:16.152  WARN 29781 --- [nio-8080-exec-2] o.h.e.loading.internal.LoadContexts      : HHH000100: Fail-safe cleanup (collections) : org.hibernate.engine.loading.internal.CollectionLoadContext@2820b443<rs=HikariProxyResultSet@49712130 wrapping rs4351: null>
?[0m?[0;34m2023-03-31 16:06:16.152  WARN 29781 --- [nio-8080-exec-2] o.h.e.loading.internal.LoadContexts      : HHH000100: Fail-safe cleanup (collections) : org.hibernate.engine.loading.internal.CollectionLoadContext@1b21ea28<rs=HikariProxyResultSet@21062916 wrapping rs4117: null>
?[0m?[0;34m2023-03-31 16:06:16.152  WARN 29781 --- [nio-8080-exec-2] o.h.e.loading.internal.LoadContexts      : HHH000100: Fail-safe cleanup (collections) : org.hibernate.engine.loading.internal.CollectionLoadContext@6c30ede4<rs=HikariProxyResultSet@1581066500 wrapping rs4393: null>
?[0m?[0;34m2023-03-31 16:06:16.152  WARN 29781 --- [nio-8080-exec-2] o.h.e.loading.internal.LoadContexts      : HHH000100: Fail-safe cleanup (collections) : org.hibernate.engine.loading.internal.CollectionLoadContext@60d44227<rs=HikariProxyResultSet@856467845 wrapping rs4488: null>
?[0m?[0;34m2023-03-31 16:06:16.152  WARN 29781 --- [nio-8080-exec-2] o.h.e.loading.internal.LoadContexts      : HHH000100: Fail-safe cleanup (collections) : org.hibernate.engine.loading.internal.CollectionLoadContext@4d7b70d2<rs=HikariProxyResultSet@77994631 wrapping rs4070: null>
?[0m?[0;34m2023-03-31 16:06:16.152  WARN 29781 --- [nio-8080-exec-2] o.h.e.loading.internal.LoadContexts      : HHH000100: Fail-safe cleanup (collections) : org.hibernate.engine.loading.internal.CollectionLoadContext@599fb3ff<rs=HikariProxyResultSet@1704706953 wrapping rs4222: null>
?[0m?[0;34m2023-03-31 16:06:16.152  WARN 29781 --- [nio-8080-exec-2] o.h.e.loading.internal.LoadContexts      : HHH000100: Fail-safe cleanup (collections) : org.hibernate.engine.loading.internal.CollectionLoadContext@322b2ae5<rs=HikariProxyResultSet@1732465674 wrapping rs4171: null>
?[0m?[0;34m2023-03-31 16:06:16.152  WARN 29781 --- [nio-8080-exec-2] o.h.e.loading.internal.LoadContexts      : HHH000100: Fail-safe cleanup (collections) : org.hibernate.engine.loading.internal.CollectionLoadContext@70ac83fd<rs=HikariProxyResultSet@250113929 wrapping rs4478: null>
?[0m?[0;34m2023-03-31 16:06:16.152  WARN 29781 --- [nio-8080-exec-2] o.h.e.loading.internal.LoadContexts      : HHH000100: Fail-safe cleanup (collections) : org.hibernate.engine.loading.internal.CollectionLoadContext@664780da<rs=HikariProxyResultSet@2096169228 wrapping rs4484: null>
?[0m?[0;34m2023-03-31 16:06:16.152  WARN 29781 --- [nio-8080-exec-2] o.h.e.loading.internal.LoadContexts      : HHH000100: Fail-safe cleanup (collections) : org.hibernate.engine.loading.internal.CollectionLoadContext@42e3d7a6<rs=HikariProxyResultSet@1282709901 wrapping rs4125: null>
?[0m?[0;34m2023-03-31 16:06:16.152  WARN 29781 --- [nio-8080-exec-2] o.h.e.loading.internal.LoadContexts      : HHH000100: Fail-safe cleanup (collections) : org.hibernate.engine.loading.internal.CollectionLoadContext@2974a11d<rs=HikariProxyResultSet@1680049678 wrapping rs4206: null>
?[0m?[0;34m2023-03-31 16:06:16.153  WARN 29781 --- [nio-8080-exec-2] o.h.e.loading.internal.LoadContexts      : HHH000100: Fail-safe cleanup (collections) : org.hibernate.engine.loading.internal.CollectionLoadContext@3d536ca5<rs=HikariProxyResultSet@1124553746 wrapping rs4503: null>
?[0m?[0;34m2023-03-31 16:06:16.153  WARN 29781 --- [nio-8080-exec-2] o.h.e.loading.internal.LoadContexts      : HHH000100: Fail-safe cleanup (collections) : org.hibernate.engine.loading.internal.CollectionLoadContext@67c87a85<rs=HikariProxyResultSet@434772502 wrapping rs4342: null>
?[0m?[0;34m2023-03-31 16:06:16.153  WARN 29781 --- [nio-8080-exec-2] o.h.e.loading.internal.LoadContexts      : HHH000100: Fail-safe cleanup (collections) : org.hibernate.engine.loading.internal.CollectionLoadContext@3bcadf3d<rs=HikariProxyResultSet@1265525399 wrapping rs4454: null>
?[0m?[0;34m2023-03-31 16:06:16.153  WARN 29781 --- [nio-8080-exec-2] o.h.e.loading.internal.LoadContexts      : HHH000100: Fail-safe cleanup (collections) : org.hibernate.engine.loading.internal.CollectionLoadContext@37bafd10<rs=HikariProxyResultSet@1373739800 wrapping rs4432: null>
?[0m?[0;34m2023-03-31 16:06:16.153  WARN 29781 --- [nio-8080-exec-2] o.h.e.loading.internal.LoadContexts      : HHH000100: Fail-safe cleanup (collections) : org.hibernate.engine.loading.internal.CollectionLoadContext@112a9906<rs=HikariProxyResultSet@1855985561 wrapping rs4232: null>
?[0m?[0;34m2023-03-31 16:06:16.153  WARN 29781 --- [nio-8080-exec-2] o.h.e.loading.internal.LoadContexts      : HHH000100: Fail-safe cleanup (collections) : org.hibernate.engine.loading.internal.CollectionLoadContext@3592d5f4<rs=HikariProxyResultSet@1224626202 wrapping rs4475: null>
?[0m?[0;34m2023-03-31 16:06:16.153  WARN 29781 --- [nio-8080-exec-2] o.h.e.loading.internal.LoadContexts      : HHH000100: Fail-safe cleanup (collections) : org.hibernate.engine.loading.internal.CollectionLoadContext@584cc74c<rs=HikariProxyResultSet@268775579 wrapping rs4209: null>
?[0m?[0;34m2023-03-31 16:06:16.153  WARN 29781 --- [nio-8080-exec-2] o.h.e.loading.internal.LoadContexts      : HHH000100: Fail-safe cleanup (collections) : org.hibernate.engine.loading.internal.CollectionLoadContext@387ee328<rs=HikariProxyResultSet@540891807 wrapping rs4515: null>
?[0m?[0;34m2023-03-31 16:06:16.153  WARN 29781 --- [nio-8080-exec-2] o.h.e.loading.internal.LoadContexts      : HHH000100: Fail-safe cleanup (collections) : org.hibernate.engine.loading.internal.CollectionLoadContext@7dd9af88<rs=HikariProxyResultSet@711927584 wrapping rs4388: null>
?[0m?[0;34m2023-03-31 16:06:16.153  WARN 29781 --- [nio-8080-exec-2] o.h.e.loading.internal.LoadContexts      : HHH000100: Fail-safe cleanup (collections) : org.hibernate.engine.loading.internal.CollectionLoadContext@5ec7e8b2<rs=HikariProxyResultSet@1089958817 wrapping rs4265: null>
?[0m?[0;34m2023-03-31 16:06:16.153  WARN 29781 --- [nio-8080-exec-2] o.h.e.loading.internal.LoadContexts      : HHH000100: Fail-safe cleanup (collections) : org.hibernate.engine.loading.internal.CollectionLoadContext@608f3281<rs=HikariProxyResultSet@1841434400 wrapping rs4407: null>
?[0m?[0;34m2023-03-31 16:06:16.153  WARN 29781 --- [nio-8080-exec-2] o.h.e.loading.internal.LoadContexts      : HHH000100: Fail-safe cleanup (collections) : org.hibernate.engine.loading.internal.CollectionLoadContext@2f27fa1b<rs=HikariProxyResultSet@1517054752 wrapping rs4455: null>
?[0m?[0;34m2023-03-31 16:06:16.153  WARN 29781 --- [nio-8080-exec-2] o.h.e.loading.internal.LoadContexts      : HHH000100: Fail-safe cleanup (collections) : org.hibernate.engine.loading.internal.CollectionLoadContext@1f32a598<rs=HikariProxyResultSet@781846433 wrapping rs4534: null>
?[0m?[0;34m2023-03-31 16:06:16.153  WARN 29781 --- [nio-8080-exec-2] o.h.e.loading.internal.LoadContexts      : HHH000100: Fail-safe cleanup (collections) : org.hibernate.engine.loading.internal.CollectionLoadContext@7ed15cb4<rs=HikariProxyResultSet@1044346535 wrapping rs4297: null>
?[0m?[0;34m2023-03-31 16:06:16.153  WARN 29781 --- [nio-8080-exec-2] o.h.e.loading.internal.LoadContexts      : HHH000100: Fail-safe cleanup (collections) : org.hibernate.engine.loading.internal.CollectionLoadContext@67d372d5<rs=HikariProxyResultSet@361965352 wrapping rs4348: null>
?[0m?[0;34m2023-03-31 16:06:16.153  WARN 29781 --- [nio-8080-exec-2] o.h.e.loading.internal.LoadContexts      : HHH000100: Fail-safe cleanup (collections) : org.hibernate.engine.loading.internal.CollectionLoadContext@77b4ab16<rs=HikariProxyResultSet@404970409 wrapping rs4277: null>
?[0m?[0;34m2023-03-31 16:06:16.153  WARN 29781 --- [nio-8080-exec-2] o.h.e.loading.internal.LoadContexts      : HHH000100: Fail-safe cleanup (collections) : org.hibernate.engine.loading.internal.CollectionLoadContext@7d20ce1d<rs=HikariProxyResultSet@1437636650 wrapping rs4078: null>
?[0m?[0;34m2023-03-31 16:06:16.153  WARN 29781 --- [nio-8080-exec-2] o.h.e.loading.internal.LoadContexts      : HHH000100: Fail-safe cleanup (collections) : org.hibernate.engine.loading.internal.CollectionLoadContext@9e009f1<rs=HikariProxyResultSet@216513707 wrapping rs4174: null>
?[0m?[0;34m2023-03-31 16:06:16.153  WARN 29781 --- [nio-8080-exec-2] o.h.e.loading.internal.LoadContexts      : HHH000100: Fail-safe cleanup (collections) : org.hibernate.engine.loading.internal.CollectionLoadContext@755987c2<rs=HikariProxyResultSet@1643745451 wrapping rs4437: null>
?[0m?[0;34m2023-03-31 16:06:16.153  WARN 29781 --- [nio-8080-exec-2] o.h.e.loading.internal.LoadContexts      : HHH000100: Fail-safe cleanup (collections) : org.hibernate.engine.loading.internal.CollectionLoadContext@27e77e64<rs=HikariProxyResultSet@963471023 wrapping rs4097: null>
?[0m?[0;34m2023-03-31 16:06:16.153  WARN 29781 --- [nio-8080-exec-2] o.h.e.loading.internal.LoadContexts      : HHH000100: Fail-safe cleanup (collections) : org.hibernate.engine.loading.internal.CollectionLoadContext@5ccc0ca3<rs=HikariProxyResultSet@2026211120 wrapping rs4151: null>
?[0m?[0;34m2023-03-31 16:06:16.153  WARN 29781 --- [nio-8080-exec-2] o.h.e.loading.internal.LoadContexts      : HHH000100: Fail-safe cleanup (collections) : org.hibernate.engine.loading.internal.CollectionLoadContext@55ea294a<rs=HikariProxyResultSet@384915119 wrapping rs4226: null>
?[0m?[0;34m2023-03-31 16:06:16.153  WARN 29781 --- [nio-8080-exec-2] o.h.e.loading.internal.LoadContexts      : HHH000100: Fail-safe cleanup (collections) : org.hibernate.engine.loading.internal.CollectionLoadContext@6c34c3a2<rs=HikariProxyResultSet@691968050 wrapping rs4122: null>
?[0m?[0;34m2023-03-31 16:06:16.153  WARN 29781 --- [nio-8080-exec-2] o.h.e.loading.internal.LoadContexts      : HHH000100: Fail-safe cleanup (collections) : org.hibernate.engine.loading.internal.CollectionLoadContext@703c841e<rs=HikariProxyResultSet@879799475 wrapping rs4508: null>
?[0m?[0;34m2023-03-31 16:06:16.153  WARN 29781 --- [nio-8080-exec-2] o.h.e.loading.internal.LoadContexts      : HHH000100: Fail-safe cleanup (collections) : org.hibernate.engine.loading.internal.CollectionLoadContext@4ca937ae<rs=HikariProxyResultSet@2039636276 wrapping rs4258: null>
?[0m?[0;34m2023-03-31 16:06:16.153  WARN 29781 --- [nio-8080-exec-2] o.h.e.loading.internal.LoadContexts      : HHH000100: Fail-safe cleanup (collections) : org.hibernate.engine.loading.internal.CollectionLoadContext@488de708<rs=HikariProxyResultSet@761001397 wrapping rs4084: null>
?[0m?[0;34m2023-03-31 16:06:16.153  WARN 29781 --- [nio-8080-exec-2] o.h.e.loading.internal.LoadContexts      : HHH000100: Fail-safe cleanup (collections) : org.hibernate.engine.loading.internal.CollectionLoadContext@26e0468<rs=HikariProxyResultSet@1636901301 wrapping rs4243: null>
?[0m?[0;34m2023-03-31 16:06:16.153  WARN 29781 --- [nio-8080-exec-2] o.h.e.loading.internal.LoadContexts      : HHH000100: Fail-safe cleanup (collections) : org.hibernate.engine.loading.internal.CollectionLoadContext@16e66c4f<rs=HikariProxyResultSet@841276595 wrapping rs4544: null>
?[0m?[0;34m2023-03-31 16:06:16.153  WARN 29781 --- [nio-8080-exec-2] o.h.e.loading.internal.LoadContexts      : HHH000100: Fail-safe cleanup (collections) : org.hibernate.engine.loading.internal.CollectionLoadContext@13f72d7a<rs=HikariProxyResultSet@465805886 wrapping rs4189: null>
?[0m?[0;34m2023-03-31 16:06:16.153  WARN 29781 --- [nio-8080-exec-2] o.h.e.loading.internal.LoadContexts      : HHH000100: Fail-safe cleanup (collections) : org.hibernate.engine.loading.internal.CollectionLoadContext@34e52dab<rs=HikariProxyResultSet@928882367 wrapping rs4155: null>
?[0m?[0;34m2023-03-31 16:06:16.153  WARN 29781 --- [nio-8080-exec-2] o.h.e.loading.internal.LoadContexts      : HHH000100: Fail-safe cleanup (collections) : org.hibernate.engine.loading.internal.CollectionLoadContext@46da221b<rs=HikariProxyResultSet@991630910 wrapping rs4321: null>
?[0m?[0;34m2023-03-31 16:06:16.153  WARN 29781 --- [nio-8080-exec-2] o.h.e.loading.internal.LoadContexts      : HHH000100: Fail-safe cleanup (collections) : org.hibernate.engine.loading.internal.CollectionLoadContext@63fbba9b<rs=HikariProxyResultSet@396869440 wrapping rs4505: null>
?[0m?[0;34m2023-03-31 16:06:16.153  WARN 29781 --- [nio-8080-exec-2] o.h.e.loading.internal.LoadContexts      : HHH000100: Fail-safe cleanup (collections) : org.hibernate.engine.loading.internal.CollectionLoadContext@494dc763<rs=HikariProxyResultSet@1536176452 wrapping rs4067: null>
?[0m?[0;34m2023-03-31 16:06:16.153  WARN 29781 --- [nio-8080-exec-2] o.h.e.loading.internal.LoadContexts      : HHH000100: Fail-safe cleanup (collections) : org.hibernate.engine.loading.internal.CollectionLoadContext@54d82394<rs=HikariProxyResultSet@290377028 wrapping rs4301: null>
?[0m?[0;34m2023-03-31 16:06:16.153  WARN 29781 --- [nio-8080-exec-2] o.h.e.loading.internal.LoadContexts      : HHH000100: Fail-safe cleanup (collections) : org.hibernate.engine.loading.internal.CollectionLoadContext@438509ee<rs=HikariProxyResultSet@461168069 wrapping rs4303: null>
?[0m?[0;34m2023-03-31 16:06:16.153  WARN 29781 --- [nio-8080-exec-2] o.h.e.loading.internal.LoadContexts      : HHH000100: Fail-safe cleanup (collections) : org.hibernate.engine.loading.internal.CollectionLoadContext@7d944c67<rs=HikariProxyResultSet@909604551 wrapping rs4248: null>
?[0m?[0;34m2023-03-31 16:06:16.153  WARN 29781 --- [nio-8080-exec-2] o.h.e.loading.internal.LoadContexts      : HHH000100: Fail-safe cleanup (collections) : org.hibernate.engine.loading.internal.CollectionLoadContext@5a45ea69<rs=HikariProxyResultSet@1100100553 wrapping rs4190: null>
?[0m?[0;34m2023-03-31 16:06:16.153  WARN 29781 --- [nio-8080-exec-2] o.h.e.loading.internal.LoadContexts      : HHH000100: Fail-safe cleanup (collections) : org.hibernate.engine.loading.internal.CollectionLoadContext@4f94b636<rs=HikariProxyResultSet@582668749 wrapping rs4045: null>
?[0m?[0;34m2023-03-31 16:06:16.153  WARN 29781 --- [nio-8080-exec-2] o.h.e.loading.internal.LoadContexts      : HHH000100: Fail-safe cleanup (collections) : org.hibernate.engine.loading.internal.CollectionLoadContext@24351c53<rs=HikariProxyResultSet@1847981775 wrapping rs4459: null>
?[0m?[0;34m2023-03-31 16:06:16.153  WARN 29781 --- [nio-8080-exec-2] o.h.e.loading.internal.LoadContexts      : HHH000100: Fail-safe cleanup (collections) : org.hibernate.engine.loading.internal.CollectionLoadContext@7b1d8bc6<rs=HikariProxyResultSet@1952778451 wrapping rs4233: null>
?[0m?[0;34m2023-03-31 16:06:16.153  WARN 29781 --- [nio-8080-exec-2] o.h.e.loading.internal.LoadContexts      : HHH000100: Fail-safe cleanup (collections) : org.hibernate.engine.loading.internal.CollectionLoadContext@efe306e<rs=HikariProxyResultSet@1330041301 wrapping rs4188: null>
?[0m?[0;34m2023-03-31 16:06:16.153  WARN 29781 --- [nio-8080-exec-2] o.h.e.loading.internal.LoadContexts      : HHH000100: Fail-safe cleanup (collections) : org.hibernate.engine.loading.internal.CollectionLoadContext@64b10281<rs=HikariProxyResultSet@209144406 wrapping rs4447: null>
?[0m?[0;34m2023-03-31 16:06:16.153  WARN 29781 --- [nio-8080-exec-2] o.h.e.loading.internal.LoadContexts      : HHH000100: Fail-safe cleanup (collections) : org.hibernate.engine.loading.internal.CollectionLoadContext@686a4dc0<rs=HikariProxyResultSet@968531800 wrapping rs4040: null>
?[0m?[0;34m2023-03-31 16:06:16.153  WARN 29781 --- [nio-8080-exec-2] o.h.e.loading.internal.LoadContexts      : HHH000100: Fail-safe cleanup (collections) : org.hibernate.engine.loading.internal.CollectionLoadContext@7fbea8b0<rs=HikariProxyResultSet@345031512 wrapping rs4064: null>
?[0m?[0;34m2023-03-31 16:06:16.153  WARN 29781 --- [nio-8080-exec-2] o.h.e.loading.internal.LoadContexts      : HHH000100: Fail-safe cleanup (collections) : org.hibernate.engine.loading.internal.CollectionLoadContext@bc9a69<rs=HikariProxyResultSet@1217696600 wrapping rs4532: null>
?[0m?[0;34m2023-03-31 16:06:16.153  WARN 29781 --- [nio-8080-exec-2] o.h.e.loading.internal.LoadContexts      : HHH000100: Fail-safe cleanup (collections) : org.hibernate.engine.loading.internal.CollectionLoadContext@6c7535f5<rs=HikariProxyResultSet@1068398811 wrapping rs4136: null>
?[0m?[0;34m2023-03-31 16:06:16.153  WARN 29781 --- [nio-8080-exec-2] o.h.e.loading.internal.LoadContexts      : HHH000100: Fail-safe cleanup (collections) : org.hibernate.engine.loading.internal.CollectionLoadContext@56cb71f6<rs=HikariProxyResultSet@754339293 wrapping rs4340: null>
?[0m?[0;34m2023-03-31 16:06:16.153  WARN 29781 --- [nio-8080-exec-2] o.h.e.loading.internal.LoadContexts      : HHH000100: Fail-safe cleanup (collections) : org.hibernate.engine.loading.internal.CollectionLoadContext@5cbab8b7<rs=HikariProxyResultSet@1761334878 wrapping rs4434: null>
?[0m?[0;34m2023-03-31 16:06:16.153  WARN 29781 --- [nio-8080-exec-2] o.h.e.loading.internal.LoadContexts      : HHH000100: Fail-safe cleanup (collections) : org.hibernate.engine.loading.internal.CollectionLoadContext@38310e9b<rs=HikariProxyResultSet@1029409632 wrapping rs4245: null>
?[0m?[0;34m2023-03-31 16:06:16.153  WARN 29781 --- [nio-8080-exec-2] o.h.e.loading.internal.LoadContexts      : HHH000100: Fail-safe cleanup (collections) : org.hibernate.engine.loading.internal.CollectionLoadContext@7d2e5ef5<rs=HikariProxyResultSet@1598706786 wrapping rs4051: null>
?[0m?[0;34m2023-03-31 16:06:16.153  WARN 29781 --- [nio-8080-exec-2] o.h.e.loading.internal.LoadContexts      : HHH000100: Fail-safe cleanup (collections) : org.hibernate.engine.loading.internal.CollectionLoadContext@70e7d467<rs=HikariProxyResultSet@161278050 wrapping rs4146: null>
?[0m?[0;34m2023-03-31 16:06:16.153  WARN 29781 --- [nio-8080-exec-2] o.h.e.loading.internal.LoadContexts      : HHH000100: Fail-safe cleanup (collections) : org.hibernate.engine.loading.internal.CollectionLoadContext@7911b5cc<rs=HikariProxyResultSet@1213719013 wrapping rs4044: null>
?[0m?[0;34m2023-03-31 16:06:16.153  WARN 29781 --- [nio-8080-exec-2] o.h.e.loading.internal.LoadContexts      : HHH000100: Fail-safe cleanup (collections) : org.hibernate.engine.loading.internal.CollectionLoadContext@496429a3<rs=HikariProxyResultSet@1053382246 wrapping rs4112: null>
?[0m?[0;34m2023-03-31 16:06:16.153  WARN 29781 --- [nio-8080-exec-2] o.h.e.loading.internal.LoadContexts      : HHH000100: Fail-safe cleanup (collections) : org.hibernate.engine.loading.internal.CollectionLoadContext@46b20f8c<rs=HikariProxyResultSet@1321598437 wrapping rs4343: null>
?[0m?[0;34m2023-03-31 16:06:16.153  WARN 29781 --- [nio-8080-exec-2] o.h.e.loading.internal.LoadContexts      : HHH000100: Fail-safe cleanup (collections) : org.hibernate.engine.loading.internal.CollectionLoadContext@838afd1<rs=HikariProxyResultSet@1460306792 wrapping rs4524: null>
?[0m?[0;34m2023-03-31 16:06:16.153  WARN 29781 --- [nio-8080-exec-2] o.h.e.loading.internal.LoadContexts      : HHH000100: Fail-safe cleanup (collections) : org.hibernate.engine.loading.internal.CollectionLoadContext@7c73d4cf<rs=HikariProxyResultSet@2057655402 wrapping rs4491: null>
?[0m?[0;34m2023-03-31 16:06:16.153  WARN 29781 --- [nio-8080-exec-2] o.h.e.loading.internal.LoadContexts      : HHH000100: Fail-safe cleanup (collections) : org.hibernate.engine.loading.internal.CollectionLoadContext@1432c3d3<rs=HikariProxyResultSet@566604906 wrapping rs4559: null>
?[0m?[0;34m2023-03-31 16:06:16.153  WARN 29781 --- [nio-8080-exec-2] o.h.e.loading.internal.LoadContexts      : HHH000100: Fail-safe cleanup (collections) : org.hibernate.engine.loading.internal.CollectionLoadContext@422a60b6<rs=HikariProxyResultSet@1940379375 wrapping rs4376: null>
?[0m?[0;34m2023-03-31 16:06:16.153  WARN 29781 --- [nio-8080-exec-2] o.h.e.loading.internal.LoadContexts      : HHH000100: Fail-safe cleanup (collections) : org.hibernate.engine.loading.internal.CollectionLoadContext@f211905<rs=HikariProxyResultSet@1919491186 wrapping rs4493: null>
?[0m?[0;34m2023-03-31 16:06:16.153  WARN 29781 --- [nio-8080-exec-2] o.h.e.loading.internal.LoadContexts      : HHH000100: Fail-safe cleanup (collections) : org.hibernate.engine.loading.internal.CollectionLoadContext@6d167182<rs=HikariProxyResultSet@1734108403 wrapping rs4578: null>
?[0m?[0;34m2023-03-31 16:06:16.153  WARN 29781 --- [nio-8080-exec-2] o.h.e.loading.internal.LoadContexts      : HHH000100: Fail-safe cleanup (collections) : org.hibernate.engine.loading.internal.CollectionLoadContext@6fb80ba8<rs=HikariProxyResultSet@570471925 wrapping rs4166: null>
?[0m?[0;34m2023-03-31 16:06:16.154  WARN 29781 --- [nio-8080-exec-2] o.h.e.loading.internal.LoadContexts      : HHH000100: Fail-safe cleanup (collections) : org.hibernate.engine.loading.internal.CollectionLoadContext@7e06e939<rs=HikariProxyResultSet@730703478 wrapping rs4487: null>
?[0m?[0;34m2023-03-31 16:06:16.154  WARN 29781 --- [nio-8080-exec-2] o.h.e.loading.internal.LoadContexts      : HHH000100: Fail-safe cleanup (collections) : org.hibernate.engine.loading.internal.CollectionLoadContext@79683ecd<rs=HikariProxyResultSet@1728805881 wrapping rs4257: null>
?[0m?[0;34m2023-03-31 16:06:16.154  WARN 29781 --- [nio-8080-exec-2] o.h.e.loading.internal.LoadContexts      : HHH000100: Fail-safe cleanup (collections) : org.hibernate.engine.loading.internal.CollectionLoadContext@272cda03<rs=HikariProxyResultSet@1014089850 wrapping rs4134: null>
?[0m?[0;34m2023-03-31 16:06:16.154  WARN 29781 --- [nio-8080-exec-2] o.h.e.loading.internal.LoadContexts      : HHH000100: Fail-safe cleanup (collections) : org.hibernate.engine.loading.internal.CollectionLoadContext@8e67005<rs=HikariProxyResultSet@1273586044 wrapping rs4338: null>
?[0m?[0;34m2023-03-31 16:06:16.154  WARN 29781 --- [nio-8080-exec-2] o.h.e.loading.internal.LoadContexts      : HHH000100: Fail-safe cleanup (collections) : org.hibernate.engine.loading.internal.CollectionLoadContext@41e01f01<rs=HikariProxyResultSet@1659056895 wrapping rs4161: null>
?[0m?[0;34m2023-03-31 16:06:16.154  WARN 29781 --- [nio-8080-exec-2] o.h.e.loading.internal.LoadContexts      : HHH000100: Fail-safe cleanup (collections) : org.hibernate.engine.loading.internal.CollectionLoadContext@79c6dfa6<rs=HikariProxyResultSet@134239491 wrapping rs4092: null>
?[0m?[0;34m2023-03-31 16:06:16.154  WARN 29781 --- [nio-8080-exec-2] o.h.e.loading.internal.LoadContexts      : HHH000100: Fail-safe cleanup (collections) : org.hibernate.engine.loading.internal.CollectionLoadContext@387bfe5f<rs=HikariProxyResultSet@1957221764 wrapping rs4364: null>
?[0m?[0;34m2023-03-31 16:06:16.154  WARN 29781 --- [nio-8080-exec-2] o.h.e.loading.internal.LoadContexts      : HHH000100: Fail-safe cleanup (collections) : org.hibernate.engine.loading.internal.CollectionLoadContext@326d70d<rs=HikariProxyResultSet@131752453 wrapping rs4576: null>
?[0m?[0;34m2023-03-31 16:06:16.154  WARN 29781 --- [nio-8080-exec-2] o.h.e.loading.internal.LoadContexts      : HHH000100: Fail-safe cleanup (collections) : org.hibernate.engine.loading.internal.CollectionLoadContext@427fc87f<rs=HikariProxyResultSet@1976459910 wrapping rs4083: null>
?[0m?[0;34m2023-03-31 16:06:16.154  WARN 29781 --- [nio-8080-exec-2] o.h.e.loading.internal.LoadContexts      : HHH000100: Fail-safe cleanup (collections) : org.hibernate.engine.loading.internal.CollectionLoadContext@d8b0479<rs=HikariProxyResultSet@110993288 wrapping rs4175: null>
?[0m?[0;34m2023-03-31 16:06:16.154  WARN 29781 --- [nio-8080-exec-2] o.h.e.loading.internal.LoadContexts      : HHH000100: Fail-safe cleanup (collections) : org.hibernate.engine.loading.internal.CollectionLoadContext@6a658a91<rs=HikariProxyResultSet@1384197129 wrapping rs4404: null>
?[0m?[0;34m2023-03-31 16:06:16.154  WARN 29781 --- [nio-8080-exec-2] o.h.e.loading.internal.LoadContexts      : HHH000100: Fail-safe cleanup (collections) : org.hibernate.engine.loading.internal.CollectionLoadContext@5f4ea66f<rs=HikariProxyResultSet@1658108808 wrapping rs4408: null>
?[0m?[0;34m2023-03-31 16:06:16.154  WARN 29781 --- [nio-8080-exec-2] o.h.e.loading.internal.LoadContexts      : HHH000100: Fail-safe cleanup (collections) : org.hibernate.engine.loading.internal.CollectionLoadContext@634eb1c9<rs=HikariProxyResultSet@727464203 wrapping rs4359: null>
?[0m?[0;34m2023-03-31 16:06:16.154  WARN 29781 --- [nio-8080-exec-2] o.h.e.loading.internal.LoadContexts      : HHH000100: Fail-safe cleanup (collections) : org.hibernate.engine.loading.internal.CollectionLoadContext@36b3c915<rs=HikariProxyResultSet@1913255308 wrapping rs4423: null>
?[0m?[0;34m2023-03-31 16:06:16.154  WARN 29781 --- [nio-8080-exec-2] o.h.e.loading.internal.LoadContexts      : HHH000100: Fail-safe cleanup (collections) : org.hibernate.engine.loading.internal.CollectionLoadContext@70c4ec50<rs=HikariProxyResultSet@259703180 wrapping rs4433: null>
?[0m?[0;34m2023-03-31 16:06:16.154  WARN 29781 --- [nio-8080-exec-2] o.h.e.loading.internal.LoadContexts      : HHH000100: Fail-safe cleanup (collections) : org.hibernate.engine.loading.internal.CollectionLoadContext@5a1351f9<rs=HikariProxyResultSet@125471245 wrapping rs4439: null>
?[0m?[0;34m2023-03-31 16:06:16.154  WARN 29781 --- [nio-8080-exec-2] o.h.e.loading.internal.LoadContexts      : HHH000100: Fail-safe cleanup (collections) : org.hibernate.engine.loading.internal.CollectionLoadContext@4c45638b<rs=HikariProxyResultSet@734139151 wrapping rs4173: null>
?[0m?[0;34m2023-03-31 16:06:16.154  WARN 29781 --- [nio-8080-exec-2] o.h.e.loading.internal.LoadContexts      : HHH000100: Fail-safe cleanup (collections) : org.hibernate.engine.loading.internal.CollectionLoadContext@6496e077<rs=HikariProxyResultSet@2029533072 wrapping rs4142: null>
?[0m?[0;34m2023-03-31 16:06:16.154  WARN 29781 --- [nio-8080-exec-2] o.h.e.loading.internal.LoadContexts      : HHH000100: Fail-safe cleanup (collections) : org.hibernate.engine.loading.internal.CollectionLoadContext@33e736d9<rs=HikariProxyResultSet@1557723669 wrapping rs4349: null>
?[0m?[0;34m2023-03-31 16:06:16.154  WARN 29781 --- [nio-8080-exec-2] o.h.e.loading.internal.LoadContexts      : HHH000100: Fail-safe cleanup (collections) : org.hibernate.engine.loading.internal.CollectionLoadContext@73bb35c5<rs=HikariProxyResultSet@208720534 wrapping rs4103: null>
?[0m?[0;34m2023-03-31 16:06:16.154  WARN 29781 --- [nio-8080-exec-2] o.h.e.loading.internal.LoadContexts      : HHH000100: Fail-safe cleanup (collections) : org.hibernate.engine.loading.internal.CollectionLoadContext@14054902<rs=HikariProxyResultSet@1626053399 wrapping rs4054: null>
?[0m?[0;34m2023-03-31 16:06:16.154  WARN 29781 --- [nio-8080-exec-2] o.h.e.loading.internal.LoadContexts      : HHH000100: Fail-safe cleanup (collections) : org.hibernate.engine.loading.internal.CollectionLoadContext@47c386ad<rs=HikariProxyResultSet@1834395415 wrapping rs4181: null>
?[0m?[0;34m2023-03-31 16:06:16.154  WARN 29781 --- [nio-8080-exec-2] o.h.e.loading.internal.LoadContexts      : HHH000100: Fail-safe cleanup (collections) : org.hibernate.engine.loading.internal.CollectionLoadContext@4d982172<rs=HikariProxyResultSet@1832614808 wrapping rs4497: null>
?[0m?[0;34m2023-03-31 16:06:16.154  WARN 29781 --- [nio-8080-exec-2] o.h.e.loading.internal.LoadContexts      : HHH000100: Fail-safe cleanup (collections) : org.hibernate.engine.loading.internal.CollectionLoadContext@67a72019<rs=HikariProxyResultSet@1414178970 wrapping rs4242: null>
?[0m?[0;34m2023-03-31 16:06:16.154  WARN 29781 --- [nio-8080-exec-2] o.h.e.loading.internal.LoadContexts      : HHH000100: Fail-safe cleanup (collections) : org.hibernate.engine.loading.internal.CollectionLoadContext@59d438b6<rs=HikariProxyResultSet@801204128 wrapping rs4507: null>
?[0m?[0;34m2023-03-31 16:06:16.154  WARN 29781 --- [nio-8080-exec-2] o.h.e.loading.internal.LoadContexts      : HHH000100: Fail-safe cleanup (collections) : org.hibernate.engine.loading.internal.CollectionLoadContext@2792bcf<rs=HikariProxyResultSet@2075052194 wrapping rs4111: null>
?[0m?[0;34m2023-03-31 16:06:16.154  WARN 29781 --- [nio-8080-exec-2] o.h.e.loading.internal.LoadContexts      : HHH000100: Fail-safe cleanup (collections) : org.hibernate.engine.loading.internal.CollectionLoadContext@e660943<rs=HikariProxyResultSet@786461737 wrapping rs4179: null>
?[0m?[0;34m2023-03-31 16:06:16.154  WARN 29781 --- [nio-8080-exec-2] o.h.e.loading.internal.LoadContexts      : HHH000100: Fail-safe cleanup (collections) : org.hibernate.engine.loading.internal.CollectionLoadContext@509f577e<rs=HikariProxyResultSet@1082654890 wrapping rs4569: null>
?[0m?[0;34m2023-03-31 16:06:16.154  WARN 29781 --- [nio-8080-exec-2] o.h.e.loading.internal.LoadContexts      : HHH000100: Fail-safe cleanup (collections) : org.hibernate.engine.loading.internal.CollectionLoadContext@2876d453<rs=HikariProxyResultSet@668126507 wrapping rs4573: null>
?[0m?[0;34m2023-03-31 16:06:16.154  WARN 29781 --- [nio-8080-exec-2] o.h.e.loading.internal.LoadContexts      : HHH000100: Fail-safe cleanup (collections) : org.hibernate.engine.loading.internal.CollectionLoadContext@639aa5c1<rs=HikariProxyResultSet@88792750 wrapping rs4548: null>
?[0m?[0;34m2023-03-31 16:06:16.154  WARN 29781 --- [nio-8080-exec-2] o.h.e.loading.internal.LoadContexts      : HHH000100: Fail-safe cleanup (collections) : org.hibernate.engine.loading.internal.CollectionLoadContext@5d0884e0<rs=HikariProxyResultSet@1598793519 wrapping rs4050: null>
?[0m?[0;34m2023-03-31 16:06:16.154  WARN 29781 --- [nio-8080-exec-2] o.h.e.loading.internal.LoadContexts      : HHH000100: Fail-safe cleanup (collections) : org.hibernate.engine.loading.internal.CollectionLoadContext@77060c98<rs=HikariProxyResultSet@1454041137 wrapping rs4212: null>
?[0m?[0;34m2023-03-31 16:06:16.154  WARN 29781 --- [nio-8080-exec-2] o.h.e.loading.internal.LoadContexts      : HHH000100: Fail-safe cleanup (collections) : org.hibernate.engine.loading.internal.CollectionLoadContext@694c9a67<rs=HikariProxyResultSet@1855707185 wrapping rs4306: null>
?[0m?[0;34m2023-03-31 16:06:16.154  WARN 29781 --- [nio-8080-exec-2] o.h.e.loading.internal.LoadContexts      : HHH000100: Fail-safe cleanup (collections) : org.hibernate.engine.loading.internal.CollectionLoadContext@5fce9e22<rs=HikariProxyResultSet@940471474 wrapping rs4345: null>
?[0m?[0;34m2023-03-31 16:06:16.154  WARN 29781 --- [nio-8080-exec-2] o.h.e.loading.internal.LoadContexts      : HHH000100: Fail-safe cleanup (collections) : org.hibernate.engine.loading.internal.CollectionLoadContext@46f82ebf<rs=HikariProxyResultSet@812350900 wrapping rs4138: null>
?[0m?[0;34m2023-03-31 16:06:16.154  WARN 29781 --- [nio-8080-exec-2] o.h.e.loading.internal.LoadContexts      : HHH000100: Fail-safe cleanup (collections) : org.hibernate.engine.loading.internal.CollectionLoadContext@1dd9834<rs=HikariProxyResultSet@1375514810 wrapping rs4568: null>
?[0m?[0;34m2023-03-31 16:06:16.154  WARN 29781 --- [nio-8080-exec-2] o.h.e.loading.internal.LoadContexts      : HHH000100: Fail-safe cleanup (collections) : org.hibernate.engine.loading.internal.CollectionLoadContext@ccfb5ca<rs=HikariProxyResultSet@1212021180 wrapping rs4566: null>
?[0m?[0;34m2023-03-31 16:06:16.154  WARN 29781 --- [nio-8080-exec-2] o.h.e.loading.internal.LoadContexts      : HHH000100: Fail-safe cleanup (collections) : org.hibernate.engine.loading.internal.CollectionLoadContext@275b05ff<rs=HikariProxyResultSet@1402292926 wrapping rs4115: null>
?[0m?[0;34m2023-03-31 16:06:16.154  WARN 29781 --- [nio-8080-exec-2] o.h.e.loading.internal.LoadContexts      : HHH000100: Fail-safe cleanup (collections) : org.hibernate.engine.loading.internal.CollectionLoadContext@20d14a7d<rs=HikariProxyResultSet@2010946883 wrapping rs4096: null>
?[0m?[0;34m2023-03-31 16:06:16.154  WARN 29781 --- [nio-8080-exec-2] o.h.e.loading.internal.LoadContexts      : HHH000100: Fail-safe cleanup (collections) : org.hibernate.engine.loading.internal.CollectionLoadContext@4da07a6b<rs=HikariProxyResultSet@1986237763 wrapping rs4273: null>
?[0m?[0;34m2023-03-31 16:06:16.154  WARN 29781 --- [nio-8080-exec-2] o.h.e.loading.internal.LoadContexts      : HHH000100: Fail-safe cleanup (collections) : org.hibernate.engine.loading.internal.CollectionLoadContext@3cb0e7f0<rs=HikariProxyResultSet@1418071363 wrapping rs4444: null>
?[0m?[0;34m2023-03-31 16:06:16.154  WARN 29781 --- [nio-8080-exec-2] o.h.e.loading.internal.LoadContexts      : HHH000100: Fail-safe cleanup (collections) : org.hibernate.engine.loading.internal.CollectionLoadContext@43bb7964<rs=HikariProxyResultSet@1967421763 wrapping rs4451: null>
?[0m?[0;34m2023-03-31 16:06:16.154  WARN 29781 --- [nio-8080-exec-2] o.h.e.loading.internal.LoadContexts      : HHH000100: Fail-safe cleanup (collections) : org.hibernate.engine.loading.internal.CollectionLoadContext@691341cc<rs=HikariProxyResultSet@1171149639 wrapping rs4120: null>
?[0m?[0;34m2023-03-31 16:06:16.154  WARN 29781 --- [nio-8080-exec-2] o.h.e.loading.internal.LoadContexts      : HHH000100: Fail-safe cleanup (collections) : org.hibernate.engine.loading.internal.CollectionLoadContext@27ae0da7<rs=HikariProxyResultSet@1488425799 wrapping rs4130: null>
?[0m?[0;34m2023-03-31 16:06:16.154  WARN 29781 --- [nio-8080-exec-2] o.h.e.loading.internal.LoadContexts      : HHH000100: Fail-safe cleanup (collections) : org.hibernate.engine.loading.internal.CollectionLoadContext@1c1ae1c5<rs=HikariProxyResultSet@2146163785 wrapping rs4375: null>
?[0m?[0;34m2023-03-31 16:06:16.154  WARN 29781 --- [nio-8080-exec-2] o.h.e.loading.internal.LoadContexts      : HHH000100: Fail-safe cleanup (collections) : org.hibernate.engine.loading.internal.CollectionLoadContext@472cb7b<rs=HikariProxyResultSet@263696715 wrapping rs4367: null>
?[0m?[0;34m2023-03-31 16:06:16.154  WARN 29781 --- [nio-8080-exec-2] o.h.e.loading.internal.LoadContexts      : HHH000100: Fail-safe cleanup (collections) : org.hibernate.engine.loading.internal.CollectionLoadContext@771cf718<rs=HikariProxyResultSet@71538511 wrapping rs4107: null>
?[0m?[0;34m2023-03-31 16:06:16.154  WARN 29781 --- [nio-8080-exec-2] o.h.e.loading.internal.LoadContexts      : HHH000100: Fail-safe cleanup (collections) : org.hibernate.engine.loading.internal.CollectionLoadContext@20880f69<rs=HikariProxyResultSet@2132279248 wrapping rs4372: null>
?[0m?[0;34m2023-03-31 16:06:16.154  WARN 29781 --- [nio-8080-exec-2] o.h.e.loading.internal.LoadContexts      : HHH000100: Fail-safe cleanup (collections) : org.hibernate.engine.loading.internal.CollectionLoadContext@6b57d674<rs=HikariProxyResultSet@1458642001 wrapping rs4121: null>
?[0m?[0;34m2023-03-31 16:06:16.154  WARN 29781 --- [nio-8080-exec-2] o.h.e.loading.internal.LoadContexts      : HHH000100: Fail-safe cleanup (collections) : org.hibernate.engine.loading.internal.CollectionLoadContext@79ecf176<rs=HikariProxyResultSet@1825113169 wrapping rs4550: null>
?[0m?[0;34m2023-03-31 16:06:16.154  WARN 29781 --- [nio-8080-exec-2] o.h.e.loading.internal.LoadContexts      : HHH000100: Fail-safe cleanup (collections) : org.hibernate.engine.loading.internal.CollectionLoadContext@69d86d64<rs=HikariProxyResultSet@336087000 wrapping rs4129: null>
?[0m?[0;34m2023-03-31 16:06:16.154  WARN 29781 --- [nio-8080-exec-2] o.h.e.loading.internal.LoadContexts      : HHH000100: Fail-safe cleanup (collections) : org.hibernate.engine.loading.internal.CollectionLoadContext@94bc471<rs=HikariProxyResultSet@1863380952 wrapping rs4169: null>
?[0m?[0;34m2023-03-31 16:06:16.154  WARN 29781 --- [nio-8080-exec-2] o.h.e.loading.internal.LoadContexts      : HHH000100: Fail-safe cleanup (collections) : org.hibernate.engine.loading.internal.CollectionLoadContext@5cfa475a<rs=HikariProxyResultSet@2121164123 wrapping rs4128: null>
?[0m?[0;34m2023-03-31 16:06:16.154  WARN 29781 --- [nio-8080-exec-2] o.h.e.loading.internal.LoadContexts      : HHH000100: Fail-safe cleanup (collections) : org.hibernate.engine.loading.internal.CollectionLoadContext@42837af2<rs=HikariProxyResultSet@1517930593 wrapping rs4371: null>
?[0m?[0;34m2023-03-31 16:06:16.154  WARN 29781 --- [nio-8080-exec-2] o.h.e.loading.internal.LoadContexts      : HHH000100: Fail-safe cleanup (collections) : org.hibernate.engine.loading.internal.CollectionLoadContext@681a9c8b<rs=HikariProxyResultSet@738930148 wrapping rs4263: null>
?[0m?[0;34m2023-03-31 16:06:16.154  WARN 29781 --- [nio-8080-exec-2] o.h.e.loading.internal.LoadContexts      : HHH000100: Fail-safe cleanup (collections) : org.hibernate.engine.loading.internal.CollectionLoadContext@3fa5a5b5<rs=HikariProxyResultSet@311944039 wrapping rs4211: null>
?[0m?[0;34m2023-03-31 16:06:16.154  WARN 29781 --- [nio-8080-exec-2] o.h.e.loading.internal.LoadContexts      : HHH000100: Fail-safe cleanup (collections) : org.hibernate.engine.loading.internal.CollectionLoadContext@316bf58c<rs=HikariProxyResultSet@1960357485 wrapping rs4521: null>
?[0m?[0;34m2023-03-31 16:06:16.154  WARN 29781 --- [nio-8080-exec-2] o.h.e.loading.internal.LoadContexts      : HHH000100: Fail-safe cleanup (collections) : org.hibernate.engine.loading.internal.CollectionLoadContext@68e64db9<rs=HikariProxyResultSet@1952370035 wrapping rs4582: null>
?[0m?[0;34m2023-03-31 16:06:16.154  WARN 29781 --- [nio-8080-exec-2] o.h.e.loading.internal.LoadContexts      : HHH000100: Fail-safe cleanup (collections) : org.hibernate.engine.loading.internal.CollectionLoadContext@54246aea<rs=HikariProxyResultSet@1527445109 wrapping rs4249: null>
?[0m?[0;34m2023-03-31 16:06:16.154  WARN 29781 --- [nio-8080-exec-2] o.h.e.loading.internal.LoadContexts      : HHH000100: Fail-safe cleanup (collections) : org.hibernate.engine.loading.internal.CollectionLoadContext@46bef5d6<rs=HikariProxyResultSet@897979255 wrapping rs4159: null>
?[0m?[0;34m2023-03-31 16:06:16.154  WARN 29781 --- [nio-8080-exec-2] o.h.e.loading.internal.LoadContexts      : HHH000100: Fail-safe cleanup (collections) : org.hibernate.engine.loading.internal.CollectionLoadContext@2817bf18<rs=HikariProxyResultSet@1222342519 wrapping rs4520: null>
?[0m?[0;34m2023-03-31 16:06:16.154  WARN 29781 --- [nio-8080-exec-2] o.h.e.loading.internal.LoadContexts      : HHH000100: Fail-safe cleanup (collections) : org.hibernate.engine.loading.internal.CollectionLoadContext@7246a426<rs=HikariProxyResultSet@249227514 wrapping rs4456: null>
?[0m?[0;34m2023-03-31 16:06:16.154 DEBUG 29781 --- [nio-8080-exec-2] o.s.web.servlet.DispatcherServlet        : Completed 200 OK
?[0m?[0;34m2023-03-31 16:06:16.154 DEBUG 29781 --- [nio-8080-exec-2] w.c.HttpSessionSecurityContextRepository : Stored SecurityContextImpl [Authentication=UsernamePasswordAuthenticationToken [Principal=recipes.UserDetailsImpl@7b455dd4, Credentials=[PROTECTED], Authenticated=true, Details=WebAuthenticationDetails [RemoteIpAddress=127.0.0.1, SessionId=null], Granted Authorities=[ROLE_USER]]] to HttpSession [org.apache.catalina.session.StandardSessionFacade@73b4e475]
?[0m?[0;34m2023-03-31 16:06:16.155 DEBUG 29781 --- [nio-8080-exec-2] s.s.w.c.SecurityContextPersistenceFilter : Cleared SecurityContextHolder to complete request
?[1;31m
Start test 66?[0m
?[0;34m2023-03-31 16:06:16.158 DEBUG 29781 --- [nio-8080-exec-3] o.s.security.web.FilterChainProxy        : Securing GET /api/recipe/search/?category=dessert
?[0m?[0;34m2023-03-31 16:06:16.158 DEBUG 29781 --- [nio-8080-exec-3] s.s.w.c.SecurityContextPersistenceFilter : Set SecurityContextHolder to empty SecurityContext
?[0m?[0;34m2023-03-31 16:06:16.158 DEBUG 29781 --- [nio-8080-exec-3] tor$SharedEntityManagerInvocationHandler : Creating new EntityManager for shared EntityManager invocation
?[0m?[0;34m2023-03-31 16:06:16.240 DEBUG 29781 --- [nio-8080-exec-3] o.s.s.a.dao.DaoAuthenticationProvider    : Authenticated user
?[0m?[0;34m2023-03-31 16:06:16.240 DEBUG 29781 --- [nio-8080-exec-3] o.s.s.w.a.www.BasicAuthenticationFilter  : Set SecurityContextHolder to UsernamePasswordAuthenticationToken [Principal=recipes.UserDetailsImpl@1149334e, Credentials=[PROTECTED], Authenticated=true, Details=WebAuthenticationDetails [RemoteIpAddress=127.0.0.1, SessionId=null], Granted Authorities=[ROLE_USER]]
?[0m?[0;34m2023-03-31 16:06:16.240 DEBUG 29781 --- [nio-8080-exec-3] w.c.HttpSessionSecurityContextRepository : Created HttpSession as SecurityContext is non-default
?[0m?[0;34m2023-03-31 16:06:16.240 DEBUG 29781 --- [nio-8080-exec-3] w.c.HttpSessionSecurityContextRepository : Stored SecurityContextImpl [Authentication=UsernamePasswordAuthenticationToken [Principal=recipes.UserDetailsImpl@1149334e, Credentials=[PROTECTED], Authenticated=true, Details=WebAuthenticationDetails [RemoteIpAddress=127.0.0.1, SessionId=null], Granted Authorities=[ROLE_USER]]] to HttpSession [org.apache.catalina.session.StandardSessionFacade@466c781d]
?[0m?[0;34m2023-03-31 16:06:16.241 DEBUG 29781 --- [nio-8080-exec-3] o.s.s.w.a.i.FilterSecurityInterceptor    : Authorized filter invocation [GET /api/recipe/search/?category=dessert] with attributes [hasRole('ROLE_USER')]
?[0m?[0;34m2023-03-31 16:06:16.241 DEBUG 29781 --- [nio-8080-exec-3] o.s.security.web.FilterChainProxy        : Secured GET /api/recipe/search/?category=dessert
?[0m?[0;34m2023-03-31 16:06:16.241 DEBUG 29781 --- [nio-8080-exec-3] o.s.web.servlet.DispatcherServlet        : GET "/api/recipe/search/?category=dessert", parameters={masked}
?[0m?[0;34m2023-03-31 16:06:16.241 DEBUG 29781 --- [nio-8080-exec-3] s.w.s.m.m.a.RequestMappingHandlerMapping : Mapped to recipes.RecipesController#getCategoryListRecipes(String, String)
?[0m?[0;34m2023-03-31 16:06:16.241 DEBUG 29781 --- [nio-8080-exec-3] o.j.s.OpenEntityManagerInViewInterceptor : Opening JPA EntityManager in OpenEntityManagerInViewInterceptor
?[0m?[0;34m2023-03-31 16:06:16.246 DEBUG 29781 --- [nio-8080-exec-3] m.m.a.RequestResponseBodyMethodProcessor : Using 'application/json', given [*/*] and supported [application/json, application/*+json, application/json, application/*+json]
?[0m?[0;34m2023-03-31 16:06:16.278 DEBUG 29781 --- [nio-8080-exec-3] m.m.a.RequestResponseBodyMethodProcessor : Writing [java.lang.StackOverflowError]
?[0m?[0;34m2023-03-31 16:06:16.280 DEBUG 29781 --- [nio-8080-exec-3] w.c.HttpSessionSecurityContextRepository : Stored SecurityContextImpl [Authentication=UsernamePasswordAuthenticationToken [Principal=recipes.UserDetailsImpl@1149334e, Credentials=[PROTECTED], Authenticated=true, Details=WebAuthenticationDetails [RemoteIpAddress=127.0.0.1, SessionId=null], Granted Authorities=[ROLE_USER]]] to HttpSession [org.apache.catalina.session.StandardSessionFacade@466c781d]
?[0m?[0;34m2023-03-31 16:06:16.280 DEBUG 29781 --- [nio-8080-exec-3] o.j.s.OpenEntityManagerInViewInterceptor : Closing JPA EntityManager in OpenEntityManagerInViewInterceptor
?[0m?[0;34m2023-03-31 16:06:16.280  WARN 29781 --- [nio-8080-exec-3] o.h.e.loading.internal.LoadContexts      : HHH000100: Fail-safe cleanup (collections) : org.hibernate.engine.loading.internal.CollectionLoadContext@21607093<rs=HikariProxyResultSet@1398834434 wrapping rs4657: null>
?[0m?[0;34m2023-03-31 16:06:16.280  WARN 29781 --- [nio-8080-exec-3] o.h.e.loading.internal.LoadContexts      : HHH000100: Fail-safe cleanup (collections) : org.hibernate.engine.loading.internal.CollectionLoadContext@24f311e2<rs=HikariProxyResultSet@860391940 wrapping rs4779: null>
?[0m?[0;34m2023-03-31 16:06:16.280  WARN 29781 --- [nio-8080-exec-3] o.h.e.loading.internal.LoadContexts      : HHH000100: Fail-safe cleanup (collections) : org.hibernate.engine.loading.internal.CollectionLoadContext@5f68a2e5<rs=HikariProxyResultSet@1690142599 wrapping rs4639: null>
?[0m?[0;34m2023-03-31 16:06:16.280  WARN 29781 --- [nio-8080-exec-3] o.h.e.loading.internal.LoadContexts      : HHH000100: Fail-safe cleanup (collections) : org.hibernate.engine.loading.internal.CollectionLoadContext@f8cf2c5<rs=HikariProxyResultSet@507909257 wrapping rs4661: null>
?[0m?[0;34m2023-03-31 16:06:16.280  WARN 29781 --- [nio-8080-exec-3] o.h.e.loading.internal.LoadContexts      : HHH000100: Fail-safe cleanup (collections) : org.hibernate.engine.loading.internal.CollectionLoadContext@2dcaef4f<rs=HikariProxyResultSet@427113738 wrapping rs4780: null>
?[0m?[0;34m2023-03-31 16:06:16.280  WARN 29781 --- [nio-8080-exec-3] o.h.e.loading.internal.LoadContexts      : HHH000100: Fail-safe cleanup (collections) : org.hibernate.engine.loading.internal.CollectionLoadContext@118a9715<rs=HikariProxyResultSet@676987275 wrapping rs4701: null>
?[0m?[0;34m2023-03-31 16:06:16.280  WARN 29781 --- [nio-8080-exec-3] o.h.e.loading.internal.LoadContexts      : HHH000100: Fail-safe cleanup (collections) : org.hibernate.engine.loading.internal.CollectionLoadContext@b6f604b<rs=HikariProxyResultSet@539889164 wrapping rs4631: null>
?[0m?[0;34m2023-03-31 16:06:16.280  WARN 29781 --- [nio-8080-exec-3] o.h.e.loading.internal.LoadContexts      : HHH000100: Fail-safe cleanup (collections) : org.hibernate.engine.loading.internal.CollectionLoadContext@639db139<rs=HikariProxyResultSet@78018955 wrapping rs4959: null>
?[0m?[0;34m2023-03-31 16:06:16.280  WARN 29781 --- [nio-8080-exec-3] o.h.e.loading.internal.LoadContexts      : HHH000100: Fail-safe cleanup (collections) : org.hibernate.engine.loading.internal.CollectionLoadContext@19579a92<rs=HikariProxyResultSet@114092169 wrapping rs4963: null>
?[0m?[0;34m2023-03-31 16:06:16.280  WARN 29781 --- [nio-8080-exec-3] o.h.e.loading.internal.LoadContexts      : HHH000100: Fail-safe cleanup (collections) : org.hibernate.engine.loading.internal.CollectionLoadContext@5c209492<rs=HikariProxyResultSet@98111375 wrapping rs4980: null>
?[0m?[0;34m2023-03-31 16:06:16.280  WARN 29781 --- [nio-8080-exec-3] o.h.e.loading.internal.LoadContexts      : HHH000100: Fail-safe cleanup (collections) : org.hibernate.engine.loading.internal.CollectionLoadContext@2cbdca65<rs=HikariProxyResultSet@1771716624 wrapping rs4915: null>
?[0m?[0;34m2023-03-31 16:06:16.280  WARN 29781 --- [nio-8080-exec-3] o.h.e.loading.internal.LoadContexts      : HHH000100: Fail-safe cleanup (collections) : org.hibernate.engine.loading.internal.CollectionLoadContext@2227b2b2<rs=HikariProxyResultSet@1181382414 wrapping rs4985: null>
?[0m?[0;34m2023-03-31 16:06:16.280  WARN 29781 --- [nio-8080-exec-3] o.h.e.loading.internal.LoadContexts      : HHH000100: Fail-safe cleanup (collections) : org.hibernate.engine.loading.internal.CollectionLoadContext@7013f6e<rs=HikariProxyResultSet@1170690709 wrapping rs5035: null>
?[0m?[0;34m2023-03-31 16:06:16.280  WARN 29781 --- [nio-8080-exec-3] o.h.e.loading.internal.LoadContexts      : HHH000100: Fail-safe cleanup (collections) : org.hibernate.engine.loading.internal.CollectionLoadContext@5fddaf18<rs=HikariProxyResultSet@258764566 wrapping rs4823: null>
?[0m?[0;34m2023-03-31 16:06:16.280  WARN 29781 --- [nio-8080-exec-3] o.h.e.loading.internal.LoadContexts      : HHH000100: Fail-safe cleanup (collections) : org.hibernate.engine.loading.internal.CollectionLoadContext@1d71b864<rs=HikariProxyResultSet@995144470 wrapping rs5042: null>
?[0m?[0;34m2023-03-31 16:06:16.280  WARN 29781 --- [nio-8080-exec-3] o.h.e.loading.internal.LoadContexts      : HHH000100: Fail-safe cleanup (collections) : org.hibernate.engine.loading.internal.CollectionLoadContext@2dc3b5a<rs=HikariProxyResultSet@1157833115 wrapping rs4815: null>
?[0m?[0;34m2023-03-31 16:06:16.280  WARN 29781 --- [nio-8080-exec-3] o.h.e.loading.internal.LoadContexts      : HHH000100: Fail-safe cleanup (collections) : org.hibernate.engine.loading.internal.CollectionLoadContext@ca89e20<rs=HikariProxyResultSet@434621085 wrapping rs4642: null>
?[0m?[0;34m2023-03-31 16:06:16.280  WARN 29781 --- [nio-8080-exec-3] o.h.e.loading.internal.LoadContexts      : HHH000100: Fail-safe cleanup (collections) : org.hibernate.engine.loading.internal.CollectionLoadContext@3e3f55c2<rs=HikariProxyResultSet@556586145 wrapping rs5116: null>
?[0m?[0;34m2023-03-31 16:06:16.280  WARN 29781 --- [nio-8080-exec-3] o.h.e.loading.internal.LoadContexts      : HHH000100: Fail-safe cleanup (collections) : org.hibernate.engine.loading.internal.CollectionLoadContext@2e9d78f9<rs=HikariProxyResultSet@511493668 wrapping rs5114: null>
?[0m?[0;34m2023-03-31 16:06:16.280  WARN 29781 --- [nio-8080-exec-3] o.h.e.loading.internal.LoadContexts      : HHH000100: Fail-safe cleanup (collections) : org.hibernate.engine.loading.internal.CollectionLoadContext@4df8909b<rs=HikariProxyResultSet@1457624491 wrapping rs4993: null>
?[0m?[0;34m2023-03-31 16:06:16.280  WARN 29781 --- [nio-8080-exec-3] o.h.e.loading.internal.LoadContexts      : HHH000100: Fail-safe cleanup (collections) : org.hibernate.engine.loading.internal.CollectionLoadContext@5e95e9a<rs=HikariProxyResultSet@629348271 wrapping rs4796: null>
?[0m?[0;34m2023-03-31 16:06:16.280  WARN 29781 --- [nio-8080-exec-3] o.h.e.loading.internal.LoadContexts      : HHH000100: Fail-safe cleanup (collections) : org.hibernate.engine.loading.internal.CollectionLoadContext@41bc8aa0<rs=HikariProxyResultSet@1081028019 wrapping rs4838: null>
?[0m?[0;34m2023-03-31 16:06:16.280  WARN 29781 --- [nio-8080-exec-3] o.h.e.loading.internal.LoadContexts      : HHH000100: Fail-safe cleanup (collections) : org.hibernate.engine.loading.internal.CollectionLoadContext@42378de<rs=HikariProxyResultSet@1288633908 wrapping rs4670: null>
?[0m?[0;34m2023-03-31 16:06:16.280  WARN 29781 --- [nio-8080-exec-3] o.h.e.loading.internal.LoadContexts      : HHH000100: Fail-safe cleanup (collections) : org.hibernate.engine.loading.internal.CollectionLoadContext@dd64c89<rs=HikariProxyResultSet@1692802741 wrapping rs4936: null>
?[0m?[0;34m2023-03-31 16:06:16.280  WARN 29781 --- [nio-8080-exec-3] o.h.e.loading.internal.LoadContexts      : HHH000100: Fail-safe cleanup (collections) : org.hibernate.engine.loading.internal.CollectionLoadContext@4284ce27<rs=HikariProxyResultSet@1891681852 wrapping rs4782: null>
?[0m?[0;34m2023-03-31 16:06:16.280  WARN 29781 --- [nio-8080-exec-3] o.h.e.loading.internal.LoadContexts      : HHH000100: Fail-safe cleanup (collections) : org.hibernate.engine.loading.internal.CollectionLoadContext@6748b55d<rs=HikariProxyResultSet@522474173 wrapping rs4857: null>
?[0m?[0;34m2023-03-31 16:06:16.280  WARN 29781 --- [nio-8080-exec-3] o.h.e.loading.internal.LoadContexts      : HHH000100: Fail-safe cleanup (collections) : org.hibernate.engine.loading.internal.CollectionLoadContext@78b2c4e2<rs=HikariProxyResultSet@3518399 wrapping rs5050: null>
?[0m?[0;34m2023-03-31 16:06:16.280  WARN 29781 --- [nio-8080-exec-3] o.h.e.loading.internal.LoadContexts      : HHH000100: Fail-safe cleanup (collections) : org.hibernate.engine.loading.internal.CollectionLoadContext@473f6d79<rs=HikariProxyResultSet@1961818176 wrapping rs4972: null>
?[0m?[0;34m2023-03-31 16:06:16.280  WARN 29781 --- [nio-8080-exec-3] o.h.e.loading.internal.LoadContexts      : HHH000100: Fail-safe cleanup (collections) : org.hibernate.engine.loading.internal.CollectionLoadContext@232e764f<rs=HikariProxyResultSet@186680384 wrapping rs5036: null>
?[0m?[0;34m2023-03-31 16:06:16.280  WARN 29781 --- [nio-8080-exec-3] o.h.e.loading.internal.LoadContexts      : HHH000100: Fail-safe cleanup (collections) : org.hibernate.engine.loading.internal.CollectionLoadContext@16ecd2a<rs=HikariProxyResultSet@2062017858 wrapping rs4824: null>
?[0m?[0;34m2023-03-31 16:06:16.280  WARN 29781 --- [nio-8080-exec-3] o.h.e.loading.internal.LoadContexts      : HHH000100: Fail-safe cleanup (collections) : org.hibernate.engine.loading.internal.CollectionLoadContext@6f959c31<rs=HikariProxyResultSet@530132419 wrapping rs4723: null>
?[0m?[0;34m2023-03-31 16:06:16.280  WARN 29781 --- [nio-8080-exec-3] o.h.e.loading.internal.LoadContexts      : HHH000100: Fail-safe cleanup (collections) : org.hibernate.engine.loading.internal.CollectionLoadContext@53fd701f<rs=HikariProxyResultSet@913872452 wrapping rs4911: null>
?[0m?[0;34m2023-03-31 16:06:16.280  WARN 29781 --- [nio-8080-exec-3] o.h.e.loading.internal.LoadContexts      : HHH000100: Fail-safe cleanup (collections) : org.hibernate.engine.loading.internal.CollectionLoadContext@331f821<rs=HikariProxyResultSet@480063173 wrapping rs4856: null>
?[0m?[0;34m2023-03-31 16:06:16.280  WARN 29781 --- [nio-8080-exec-3] o.h.e.loading.internal.LoadContexts      : HHH000100: Fail-safe cleanup (collections) : org.hibernate.engine.loading.internal.CollectionLoadContext@74c172f0<rs=HikariProxyResultSet@290545478 wrapping rs4693: null>
?[0m?[0;34m2023-03-31 16:06:16.280  WARN 29781 --- [nio-8080-exec-3] o.h.e.loading.internal.LoadContexts      : HHH000100: Fail-safe cleanup (collections) : org.hibernate.engine.loading.internal.CollectionLoadContext@37f61c4d<rs=HikariProxyResultSet@1861000006 wrapping rs4732: null>
?[0m?[0;34m2023-03-31 16:06:16.280  WARN 29781 --- [nio-8080-exec-3] o.h.e.loading.internal.LoadContexts      : HHH000100: Fail-safe cleanup (collections) : org.hibernate.engine.loading.internal.CollectionLoadContext@fb3ef24<rs=HikariProxyResultSet@1723195464 wrapping rs4966: null>
?[0m?[0;34m2023-03-31 16:06:16.280  WARN 29781 --- [nio-8080-exec-3] o.h.e.loading.internal.LoadContexts      : HHH000100: Fail-safe cleanup (collections) : org.hibernate.engine.loading.internal.CollectionLoadContext@34fee03<rs=HikariProxyResultSet@480698569 wrapping rs4759: null>
?[0m?[0;34m2023-03-31 16:06:16.280  WARN 29781 --- [nio-8080-exec-3] o.h.e.loading.internal.LoadContexts      : HHH000100: Fail-safe cleanup (collections) : org.hibernate.engine.loading.internal.CollectionLoadContext@7c664a68<rs=HikariProxyResultSet@156627532 wrapping rs4728: null>
?[0m?[0;34m2023-03-31 16:06:16.280  WARN 29781 --- [nio-8080-exec-3] o.h.e.loading.internal.LoadContexts      : HHH000100: Fail-safe cleanup (collections) : org.hibernate.engine.loading.internal.CollectionLoadContext@7bf525dd<rs=HikariProxyResultSet@1342033871 wrapping rs4817: null>
?[0m?[0;34m2023-03-31 16:06:16.280  WARN 29781 --- [nio-8080-exec-3] o.h.e.loading.internal.LoadContexts      : HHH000100: Fail-safe cleanup (collections) : org.hibernate.engine.loading.internal.CollectionLoadContext@6baf3f48<rs=HikariProxyResultSet@623631440 wrapping rs5031: null>
?[0m?[0;34m2023-03-31 16:06:16.280  WARN 29781 --- [nio-8080-exec-3] o.h.e.loading.internal.LoadContexts      : HHH000100: Fail-safe cleanup (collections) : org.hibernate.engine.loading.internal.CollectionLoadContext@17ecfbc8<rs=HikariProxyResultSet@34283729 wrapping rs4898: null>
?[0m?[0;34m2023-03-31 16:06:16.280  WARN 29781 --- [nio-8080-exec-3] o.h.e.loading.internal.LoadContexts      : HHH000100: Fail-safe cleanup (collections) : org.hibernate.engine.loading.internal.CollectionLoadContext@5997c657<rs=HikariProxyResultSet@2109400660 wrapping rs4803: null>
?[0m?[0;34m2023-03-31 16:06:16.280  WARN 29781 --- [nio-8080-exec-3] o.h.e.loading.internal.LoadContexts      : HHH000100: Fail-safe cleanup (collections) : org.hibernate.engine.loading.internal.CollectionLoadContext@b1edb75<rs=HikariProxyResultSet@514262741 wrapping rs4611: null>
?[0m?[0;34m2023-03-31 16:06:16.280  WARN 29781 --- [nio-8080-exec-3] o.h.e.loading.internal.LoadContexts      : HHH000100: Fail-safe cleanup (collections) : org.hibernate.engine.loading.internal.CollectionLoadContext@1959f021<rs=HikariProxyResultSet@320476756 wrapping rs4954: null>
?[0m?[0;34m2023-03-31 16:06:16.280  WARN 29781 --- [nio-8080-exec-3] o.h.e.loading.internal.LoadContexts      : HHH000100: Fail-safe cleanup (collections) : org.hibernate.engine.loading.internal.CollectionLoadContext@691b7a79<rs=HikariProxyResultSet@1815327961 wrapping rs4683: null>
?[0m?[0;34m2023-03-31 16:06:16.280  WARN 29781 --- [nio-8080-exec-3] o.h.e.loading.internal.LoadContexts      : HHH000100: Fail-safe cleanup (collections) : org.hibernate.engine.loading.internal.CollectionLoadContext@e59ac73<rs=HikariProxyResultSet@1746636122 wrapping rs5004: null>
?[0m?[0;34m2023-03-31 16:06:16.280  WARN 29781 --- [nio-8080-exec-3] o.h.e.loading.internal.LoadContexts      : HHH000100: Fail-safe cleanup (collections) : org.hibernate.engine.loading.internal.CollectionLoadContext@73610bbe<rs=HikariProxyResultSet@480884703 wrapping rs4673: null>
?[0m?[0;34m2023-03-31 16:06:16.280  WARN 29781 --- [nio-8080-exec-3] o.h.e.loading.internal.LoadContexts      : HHH000100: Fail-safe cleanup (collections) : org.hibernate.engine.loading.internal.CollectionLoadContext@256f250b<rs=HikariProxyResultSet@1996011616 wrapping rs4965: null>
?[0m?[0;34m2023-03-31 16:06:16.280  WARN 29781 --- [nio-8080-exec-3] o.h.e.loading.internal.LoadContexts      : HHH000100: Fail-safe cleanup (collections) : org.hibernate.engine.loading.internal.CollectionLoadContext@17154b6d<rs=HikariProxyResultSet@1141902561 wrapping rs4849: null>
?[0m?[0;34m2023-03-31 16:06:16.280  WARN 29781 --- [nio-8080-exec-3] o.h.e.loading.internal.LoadContexts      : HHH000100: Fail-safe cleanup (collections) : org.hibernate.engine.loading.internal.CollectionLoadContext@546c47c8<rs=HikariProxyResultSet@308878303 wrapping rs4998: null>
?[0m?[0;34m2023-03-31 16:06:16.280  WARN 29781 --- [nio-8080-exec-3] o.h.e.loading.internal.LoadContexts      : HHH000100: Fail-safe cleanup (collections) : org.hibernate.engine.loading.internal.CollectionLoadContext@2f2b8a00<rs=HikariProxyResultSet@139825764 wrapping rs4655: null>
?[0m?[0;34m2023-03-31 16:06:16.280  WARN 29781 --- [nio-8080-exec-3] o.h.e.loading.internal.LoadContexts      : HHH000100: Fail-safe cleanup (collections) : org.hibernate.engine.loading.internal.CollectionLoadContext@73b0b593<rs=HikariProxyResultSet@50901991 wrapping rs4939: null>
?[0m?[0;34m2023-03-31 16:06:16.280  WARN 29781 --- [nio-8080-exec-3] o.h.e.loading.internal.LoadContexts      : HHH000100: Fail-safe cleanup (collections) : org.hibernate.engine.loading.internal.CollectionLoadContext@4e43c6ab<rs=HikariProxyResultSet@2043144296 wrapping rs4648: null>
?[0m?[0;34m2023-03-31 16:06:16.280  WARN 29781 --- [nio-8080-exec-3] o.h.e.loading.internal.LoadContexts      : HHH000100: Fail-safe cleanup (collections) : org.hibernate.engine.loading.internal.CollectionLoadContext@78279aac<rs=HikariProxyResultSet@980516073 wrapping rs4969: null>
?[0m?[0;34m2023-03-31 16:06:16.280  WARN 29781 --- [nio-8080-exec-3] o.h.e.loading.internal.LoadContexts      : HHH000100: Fail-safe cleanup (collections) : org.hibernate.engine.loading.internal.CollectionLoadContext@b2f6422<rs=HikariProxyResultSet@948878698 wrapping rs4697: null>
?[0m?[0;34m2023-03-31 16:06:16.281  WARN 29781 --- [nio-8080-exec-3] o.h.e.loading.internal.LoadContexts      : HHH000100: Fail-safe cleanup (collections) : org.hibernate.engine.loading.internal.CollectionLoadContext@7d4554f9<rs=HikariProxyResultSet@1007827306 wrapping rs4836: null>
?[0m?[0;34m2023-03-31 16:06:16.281  WARN 29781 --- [nio-8080-exec-3] o.h.e.loading.internal.LoadContexts      : HHH000100: Fail-safe cleanup (collections) : org.hibernate.engine.loading.internal.CollectionLoadContext@2d63b364<rs=HikariProxyResultSet@1181856106 wrapping rs4854: null>
?[0m?[0;34m2023-03-31 16:06:16.281  WARN 29781 --- [nio-8080-exec-3] o.h.e.loading.internal.LoadContexts      : HHH000100: Fail-safe cleanup (collections) : org.hibernate.engine.loading.internal.CollectionLoadContext@69d5be9e<rs=HikariProxyResultSet@659242088 wrapping rs4987: null>
?[0m?[0;34m2023-03-31 16:06:16.281  WARN 29781 --- [nio-8080-exec-3] o.h.e.loading.internal.LoadContexts      : HHH000100: Fail-safe cleanup (collections) : org.hibernate.engine.loading.internal.CollectionLoadContext@19abc9f2<rs=HikariProxyResultSet@976177006 wrapping rs4721: null>
?[0m?[0;34m2023-03-31 16:06:16.281  WARN 29781 --- [nio-8080-exec-3] o.h.e.loading.internal.LoadContexts      : HHH000100: Fail-safe cleanup (collections) : org.hibernate.engine.loading.internal.CollectionLoadContext@4e1eb4a2<rs=HikariProxyResultSet@1557991278 wrapping rs4858: null>
?[0m?[0;34m2023-03-31 16:06:16.281  WARN 29781 --- [nio-8080-exec-3] o.h.e.loading.internal.LoadContexts      : HHH000100: Fail-safe cleanup (collections) : org.hibernate.engine.loading.internal.CollectionLoadContext@7ed6d696<rs=HikariProxyResultSet@1743764592 wrapping rs4652: null>
?[0m?[0;34m2023-03-31 16:06:16.281  WARN 29781 --- [nio-8080-exec-3] o.h.e.loading.internal.LoadContexts      : HHH000100: Fail-safe cleanup (collections) : org.hibernate.engine.loading.internal.CollectionLoadContext@3a33b69c<rs=HikariProxyResultSet@1487667062 wrapping rs4643: null>
?[0m?[0;34m2023-03-31 16:06:16.281  WARN 29781 --- [nio-8080-exec-3] o.h.e.loading.internal.LoadContexts      : HHH000100: Fail-safe cleanup (collections) : org.hibernate.engine.loading.internal.CollectionLoadContext@7d901c71<rs=HikariProxyResultSet@596266999 wrapping rs4654: null>
?[0m?[0;34m2023-03-31 16:06:16.281  WARN 29781 --- [nio-8080-exec-3] o.h.e.loading.internal.LoadContexts      : HHH000100: Fail-safe cleanup (collections) : org.hibernate.engine.loading.internal.CollectionLoadContext@46901cc5<rs=HikariProxyResultSet@1939496951 wrapping rs4676: null>
?[0m?[0;34m2023-03-31 16:06:16.281  WARN 29781 --- [nio-8080-exec-3] o.h.e.loading.internal.LoadContexts      : HHH000100: Fail-safe cleanup (collections) : org.hibernate.engine.loading.internal.CollectionLoadContext@e3a10e7<rs=HikariProxyResultSet@1510268919 wrapping rs4715: null>
?[0m?[0;34m2023-03-31 16:06:16.281  WARN 29781 --- [nio-8080-exec-3] o.h.e.loading.internal.LoadContexts      : HHH000100: Fail-safe cleanup (collections) : org.hibernate.engine.loading.internal.CollectionLoadContext@299ad0ea<rs=HikariProxyResultSet@896562554 wrapping rs4645: null>
?[0m?[0;34m2023-03-31 16:06:16.281  WARN 29781 --- [nio-8080-exec-3] o.h.e.loading.internal.LoadContexts      : HHH000100: Fail-safe cleanup (collections) : org.hibernate.engine.loading.internal.CollectionLoadContext@5494223c<rs=HikariProxyResultSet@372374519 wrapping rs4744: null>
?[0m?[0;34m2023-03-31 16:06:16.281  WARN 29781 --- [nio-8080-exec-3] o.h.e.loading.internal.LoadContexts      : HHH000100: Fail-safe cleanup (collections) : org.hibernate.engine.loading.internal.CollectionLoadContext@12247a5f<rs=HikariProxyResultSet@893459834 wrapping rs4819: null>
?[0m?[0;34m2023-03-31 16:06:16.281  WARN 29781 --- [nio-8080-exec-3] o.h.e.loading.internal.LoadContexts      : HHH000100: Fail-safe cleanup (collections) : org.hibernate.engine.loading.internal.CollectionLoadContext@4cc7edd4<rs=HikariProxyResultSet@1554053240 wrapping rs4874: null>
?[0m?[0;34m2023-03-31 16:06:16.281  WARN 29781 --- [nio-8080-exec-3] o.h.e.loading.internal.LoadContexts      : HHH000100: Fail-safe cleanup (collections) : org.hibernate.engine.loading.internal.CollectionLoadContext@33a57926<rs=HikariProxyResultSet@569640951 wrapping rs4947: null>
?[0m?[0;34m2023-03-31 16:06:16.281  WARN 29781 --- [nio-8080-exec-3] o.h.e.loading.internal.LoadContexts      : HHH000100: Fail-safe cleanup (collections) : org.hibernate.engine.loading.internal.CollectionLoadContext@465538ac<rs=HikariProxyResultSet@1184100609 wrapping rs4640: null>
?[0m?[0;34m2023-03-31 16:06:16.281  WARN 29781 --- [nio-8080-exec-3] o.h.e.loading.internal.LoadContexts      : HHH000100: Fail-safe cleanup (collections) : org.hibernate.engine.loading.internal.CollectionLoadContext@779244bb<rs=HikariProxyResultSet@2034194181 wrapping rs4622: null>
?[0m?[0;34m2023-03-31 16:06:16.281  WARN 29781 --- [nio-8080-exec-3] o.h.e.loading.internal.LoadContexts      : HHH000100: Fail-safe cleanup (collections) : org.hibernate.engine.loading.internal.CollectionLoadContext@448aed0<rs=HikariProxyResultSet@1152228359 wrapping rs5113: null>
?[0m?[0;34m2023-03-31 16:06:16.281  WARN 29781 --- [nio-8080-exec-3] o.h.e.loading.internal.LoadContexts      : HHH000100: Fail-safe cleanup (collections) : org.hibernate.engine.loading.internal.CollectionLoadContext@1c3c8b36<rs=HikariProxyResultSet@1804610696 wrapping rs4668: null>
?[0m?[0;34m2023-03-31 16:06:16.281  WARN 29781 --- [nio-8080-exec-3] o.h.e.loading.internal.LoadContexts      : HHH000100: Fail-safe cleanup (collections) : org.hibernate.engine.loading.internal.CollectionLoadContext@73434045<rs=HikariProxyResultSet@1264463113 wrapping rs5074: null>
?[0m?[0;34m2023-03-31 16:06:16.281  WARN 29781 --- [nio-8080-exec-3] o.h.e.loading.internal.LoadContexts      : HHH000100: Fail-safe cleanup (collections) : org.hibernate.engine.loading.internal.CollectionLoadContext@1611750a<rs=HikariProxyResultSet@1530420747 wrapping rs4935: null>
?[0m?[0;34m2023-03-31 16:06:16.281  WARN 29781 --- [nio-8080-exec-3] o.h.e.loading.internal.LoadContexts      : HHH000100: Fail-safe cleanup (collections) : org.hibernate.engine.loading.internal.CollectionLoadContext@576e6736<rs=HikariProxyResultSet@1268690572 wrapping rs4979: null>
?[0m?[0;34m2023-03-31 16:06:16.281  WARN 29781 --- [nio-8080-exec-3] o.h.e.loading.internal.LoadContexts      : HHH000100: Fail-safe cleanup (collections) : org.hibernate.engine.loading.internal.CollectionLoadContext@2ff333d6<rs=HikariProxyResultSet@409276173 wrapping rs4588: null>
?[0m?[0;34m2023-03-31 16:06:16.281  WARN 29781 --- [nio-8080-exec-3] o.h.e.loading.internal.LoadContexts      : HHH000100: Fail-safe cleanup (collections) : org.hibernate.engine.loading.internal.CollectionLoadContext@465b0f05<rs=HikariProxyResultSet@1209950731 wrapping rs5086: null>
?[0m?[0;34m2023-03-31 16:06:16.281  WARN 29781 --- [nio-8080-exec-3] o.h.e.loading.internal.LoadContexts      : HHH000100: Fail-safe cleanup (collections) : org.hibernate.engine.loading.internal.CollectionLoadContext@5b7f9be1<rs=HikariProxyResultSet@1366388751 wrapping rs4880: null>
?[0m?[0;34m2023-03-31 16:06:16.281  WARN 29781 --- [nio-8080-exec-3] o.h.e.loading.internal.LoadContexts      : HHH000100: Fail-safe cleanup (collections) : org.hibernate.engine.loading.internal.CollectionLoadContext@7f0c006f<rs=HikariProxyResultSet@1780675728 wrapping rs4870: null>
?[0m?[0;34m2023-03-31 16:06:16.281  WARN 29781 --- [nio-8080-exec-3] o.h.e.loading.internal.LoadContexts      : HHH000100: Fail-safe cleanup (collections) : org.hibernate.engine.loading.internal.CollectionLoadContext@4957f1db<rs=HikariProxyResultSet@522200724 wrapping rs4716: null>
?[0m?[0;34m2023-03-31 16:06:16.281  WARN 29781 --- [nio-8080-exec-3] o.h.e.loading.internal.LoadContexts      : HHH000100: Fail-safe cleanup (collections) : org.hibernate.engine.loading.internal.CollectionLoadContext@57eaecd3<rs=HikariProxyResultSet@1283646100 wrapping rs4862: null>
?[0m?[0;34m2023-03-31 16:06:16.281  WARN 29781 --- [nio-8080-exec-3] o.h.e.loading.internal.LoadContexts      : HHH000100: Fail-safe cleanup (collections) : org.hibernate.engine.loading.internal.CollectionLoadContext@706dd55c<rs=HikariProxyResultSet@727264150 wrapping rs4669: null>
?[0m?[0;34m2023-03-31 16:06:16.281  WARN 29781 --- [nio-8080-exec-3] o.h.e.loading.internal.LoadContexts      : HHH000100: Fail-safe cleanup (collections) : org.hibernate.engine.loading.internal.CollectionLoadContext@6ffdac46<rs=HikariProxyResultSet@2089996440 wrapping rs4650: null>
?[0m?[0;34m2023-03-31 16:06:16.281  WARN 29781 --- [nio-8080-exec-3] o.h.e.loading.internal.LoadContexts      : HHH000100: Fail-safe cleanup (collections) : org.hibernate.engine.loading.internal.CollectionLoadContext@1952414b<rs=HikariProxyResultSet@1482629401 wrapping rs4797: null>
?[0m?[0;34m2023-03-31 16:06:16.281  WARN 29781 --- [nio-8080-exec-3] o.h.e.loading.internal.LoadContexts      : HHH000100: Fail-safe cleanup (collections) : org.hibernate.engine.loading.internal.CollectionLoadContext@19deaac6<rs=HikariProxyResultSet@1383888411 wrapping rs4595: null>
?[0m?[0;34m2023-03-31 16:06:16.281  WARN 29781 --- [nio-8080-exec-3] o.h.e.loading.internal.LoadContexts      : HHH000100: Fail-safe cleanup (collections) : org.hibernate.engine.loading.internal.CollectionLoadContext@7074b94<rs=HikariProxyResultSet@2129719327 wrapping rs4678: null>
?[0m?[0;34m2023-03-31 16:06:16.281  WARN 29781 --- [nio-8080-exec-3] o.h.e.loading.internal.LoadContexts      : HHH000100: Fail-safe cleanup (collections) : org.hibernate.engine.loading.internal.CollectionLoadContext@59a58ae<rs=HikariProxyResultSet@49776292 wrapping rs4658: null>
?[0m?[0;34m2023-03-31 16:06:16.281  WARN 29781 --- [nio-8080-exec-3] o.h.e.loading.internal.LoadContexts      : HHH000100: Fail-safe cleanup (collections) : org.hibernate.engine.loading.internal.CollectionLoadContext@ec9094f<rs=HikariProxyResultSet@384855337 wrapping rs4644: null>
?[0m?[0;34m2023-03-31 16:06:16.281  WARN 29781 --- [nio-8080-exec-3] o.h.e.loading.internal.LoadContexts      : HHH000100: Fail-safe cleanup (collections) : org.hibernate.engine.loading.internal.CollectionLoadContext@622d0aca<rs=HikariProxyResultSet@194362794 wrapping rs4777: null>
?[0m?[0;34m2023-03-31 16:06:16.281  WARN 29781 --- [nio-8080-exec-3] o.h.e.loading.internal.LoadContexts      : HHH000100: Fail-safe cleanup (collections) : org.hibernate.engine.loading.internal.CollectionLoadContext@5fcba6f0<rs=HikariProxyResultSet@1003057836 wrapping rs4846: null>
?[0m?[0;34m2023-03-31 16:06:16.281  WARN 29781 --- [nio-8080-exec-3] o.h.e.loading.internal.LoadContexts      : HHH000100: Fail-safe cleanup (collections) : org.hibernate.engine.loading.internal.CollectionLoadContext@8c3da8f<rs=HikariProxyResultSet@1853721647 wrapping rs4861: null>
?[0m?[0;34m2023-03-31 16:06:16.281  WARN 29781 --- [nio-8080-exec-3] o.h.e.loading.internal.LoadContexts      : HHH000100: Fail-safe cleanup (collections) : org.hibernate.engine.loading.internal.CollectionLoadContext@4e8629a9<rs=HikariProxyResultSet@559562033 wrapping rs4691: null>
?[0m?[0;34m2023-03-31 16:06:16.281  WARN 29781 --- [nio-8080-exec-3] o.h.e.loading.internal.LoadContexts      : HHH000100: Fail-safe cleanup (collections) : org.hibernate.engine.loading.internal.CollectionLoadContext@447711e9<rs=HikariProxyResultSet@1235953074 wrapping rs4802: null>
?[0m?[0;34m2023-03-31 16:06:16.281  WARN 29781 --- [nio-8080-exec-3] o.h.e.loading.internal.LoadContexts      : HHH000100: Fail-safe cleanup (collections) : org.hibernate.engine.loading.internal.CollectionLoadContext@4689c3b1<rs=HikariProxyResultSet@385538740 wrapping rs5043: null>
?[0m?[0;34m2023-03-31 16:06:16.281  WARN 29781 --- [nio-8080-exec-3] o.h.e.loading.internal.LoadContexts      : HHH000100: Fail-safe cleanup (collections) : org.hibernate.engine.loading.internal.CollectionLoadContext@50887e4d<rs=HikariProxyResultSet@133414709 wrapping rs5037: null>
?[0m?[0;34m2023-03-31 16:06:16.281  WARN 29781 --- [nio-8080-exec-3] o.h.e.loading.internal.LoadContexts      : HHH000100: Fail-safe cleanup (collections) : org.hibernate.engine.loading.internal.CollectionLoadContext@2fbcde94<rs=HikariProxyResultSet@209737396 wrapping rs5077: null>
?[0m?[0;34m2023-03-31 16:06:16.281  WARN 29781 --- [nio-8080-exec-3] o.h.e.loading.internal.LoadContexts      : HHH000100: Fail-safe cleanup (collections) : org.hibernate.engine.loading.internal.CollectionLoadContext@53b86ad3<rs=HikariProxyResultSet@1749251514 wrapping rs4995: null>
?[0m?[0;34m2023-03-31 16:06:16.281  WARN 29781 --- [nio-8080-exec-3] o.h.e.loading.internal.LoadContexts      : HHH000100: Fail-safe cleanup (collections) : org.hibernate.engine.loading.internal.CollectionLoadContext@5b24bf5e<rs=HikariProxyResultSet@312977979 wrapping rs4768: null>
?[0m?[0;34m2023-03-31 16:06:16.281  WARN 29781 --- [nio-8080-exec-3] o.h.e.loading.internal.LoadContexts      : HHH000100: Fail-safe cleanup (collections) : org.hibernate.engine.loading.internal.CollectionLoadContext@484dd861<rs=HikariProxyResultSet@1416092219 wrapping rs5078: null>
?[0m?[0;34m2023-03-31 16:06:16.281  WARN 29781 --- [nio-8080-exec-3] o.h.e.loading.internal.LoadContexts      : HHH000100: Fail-safe cleanup (collections) : org.hibernate.engine.loading.internal.CollectionLoadContext@14ce782<rs=HikariProxyResultSet@1219593279 wrapping rs5136: null>
?[0m?[0;34m2023-03-31 16:06:16.281  WARN 29781 --- [nio-8080-exec-3] o.h.e.loading.internal.LoadContexts      : HHH000100: Fail-safe cleanup (collections) : org.hibernate.engine.loading.internal.CollectionLoadContext@1132fb8a<rs=HikariProxyResultSet@1869230272 wrapping rs4708: null>
?[0m?[0;34m2023-03-31 16:06:16.281  WARN 29781 --- [nio-8080-exec-3] o.h.e.loading.internal.LoadContexts      : HHH000100: Fail-safe cleanup (collections) : org.hibernate.engine.loading.internal.CollectionLoadContext@6f9278bd<rs=HikariProxyResultSet@22522177 wrapping rs4773: null>
?[0m?[0;34m2023-03-31 16:06:16.281  WARN 29781 --- [nio-8080-exec-3] o.h.e.loading.internal.LoadContexts      : HHH000100: Fail-safe cleanup (collections) : org.hibernate.engine.loading.internal.CollectionLoadContext@493a3bfe<rs=HikariProxyResultSet@172506562 wrapping rs4630: null>
?[0m?[0;34m2023-03-31 16:06:16.281  WARN 29781 --- [nio-8080-exec-3] o.h.e.loading.internal.LoadContexts      : HHH000100: Fail-safe cleanup (collections) : org.hibernate.engine.loading.internal.CollectionLoadContext@2f2ca5ac<rs=HikariProxyResultSet@368848064 wrapping rs4955: null>
?[0m?[0;34m2023-03-31 16:06:16.281  WARN 29781 --- [nio-8080-exec-3] o.h.e.loading.internal.LoadContexts      : HHH000100: Fail-safe cleanup (collections) : org.hibernate.engine.loading.internal.CollectionLoadContext@29c4f568<rs=HikariProxyResultSet@1690223808 wrapping rs5112: null>
?[0m?[0;34m2023-03-31 16:06:16.281  WARN 29781 --- [nio-8080-exec-3] o.h.e.loading.internal.LoadContexts      : HHH000100: Fail-safe cleanup (collections) : org.hibernate.engine.loading.internal.CollectionLoadContext@55ef277d<rs=HikariProxyResultSet@209180227 wrapping rs5120: null>
?[0m?[0;34m2023-03-31 16:06:16.281  WARN 29781 --- [nio-8080-exec-3] o.h.e.loading.internal.LoadContexts      : HHH000100: Fail-safe cleanup (collections) : org.hibernate.engine.loading.internal.CollectionLoadContext@4d1213f5<rs=HikariProxyResultSet@1196288192 wrapping rs5121: null>
?[0m?[0;34m2023-03-31 16:06:16.281  WARN 29781 --- [nio-8080-exec-3] o.h.e.loading.internal.LoadContexts      : HHH000100: Fail-safe cleanup (collections) : org.hibernate.engine.loading.internal.CollectionLoadContext@7d9ce3e<rs=HikariProxyResultSet@1980932167 wrapping rs4767: null>
?[0m?[0;34m2023-03-31 16:06:16.281  WARN 29781 --- [nio-8080-exec-3] o.h.e.loading.internal.LoadContexts      : HHH000100: Fail-safe cleanup (collections) : org.hibernate.engine.loading.internal.CollectionLoadContext@9381418<rs=HikariProxyResultSet@116881737 wrapping rs4686: null>
?[0m?[0;34m2023-03-31 16:06:16.281  WARN 29781 --- [nio-8080-exec-3] o.h.e.loading.internal.LoadContexts      : HHH000100: Fail-safe cleanup (collections) : org.hibernate.engine.loading.internal.CollectionLoadContext@25401e8d<rs=HikariProxyResultSet@269832521 wrapping rs5128: null>
?[0m?[0;34m2023-03-31 16:06:16.281  WARN 29781 --- [nio-8080-exec-3] o.h.e.loading.internal.LoadContexts      : HHH000100: Fail-safe cleanup (collections) : org.hibernate.engine.loading.internal.CollectionLoadContext@78902c6b<rs=HikariProxyResultSet@1685378514 wrapping rs4949: null>
?[0m?[0;34m2023-03-31 16:06:16.281  WARN 29781 --- [nio-8080-exec-3] o.h.e.loading.internal.LoadContexts      : HHH000100: Fail-safe cleanup (collections) : org.hibernate.engine.loading.internal.CollectionLoadContext@31f1b579<rs=HikariProxyResultSet@1246738003 wrapping rs4829: null>
?[0m?[0;34m2023-03-31 16:06:16.281  WARN 29781 --- [nio-8080-exec-3] o.h.e.loading.internal.LoadContexts      : HHH000100: Fail-safe cleanup (collections) : org.hibernate.engine.loading.internal.CollectionLoadContext@7820ef8b<rs=HikariProxyResultSet@374456915 wrapping rs4902: null>
?[0m?[0;34m2023-03-31 16:06:16.281  WARN 29781 --- [nio-8080-exec-3] o.h.e.loading.internal.LoadContexts      : HHH000100: Fail-safe cleanup (collections) : org.hibernate.engine.loading.internal.CollectionLoadContext@5db13274<rs=HikariProxyResultSet@2133750742 wrapping rs4879: null>
?[0m?[0;34m2023-03-31 16:06:16.281  WARN 29781 --- [nio-8080-exec-3] o.h.e.loading.internal.LoadContexts      : HHH000100: Fail-safe cleanup (collections) : org.hibernate.engine.loading.internal.CollectionLoadContext@24bbaedd<rs=HikariProxyResultSet@619077719 wrapping rs5027: null>
?[0m?[0;34m2023-03-31 16:06:16.281  WARN 29781 --- [nio-8080-exec-3] o.h.e.loading.internal.LoadContexts      : HHH000100: Fail-safe cleanup (collections) : org.hibernate.engine.loading.internal.CollectionLoadContext@18dd8d4e<rs=HikariProxyResultSet@210580059 wrapping rs4775: null>
?[0m?[0;34m2023-03-31 16:06:16.281  WARN 29781 --- [nio-8080-exec-3] o.h.e.loading.internal.LoadContexts      : HHH000100: Fail-safe cleanup (collections) : org.hibernate.engine.loading.internal.CollectionLoadContext@677e6569<rs=HikariProxyResultSet@952603614 wrapping rs4855: null>
?[0m?[0;34m2023-03-31 16:06:16.281  WARN 29781 --- [nio-8080-exec-3] o.h.e.loading.internal.LoadContexts      : HHH000100: Fail-safe cleanup (collections) : org.hibernate.engine.loading.internal.CollectionLoadContext@3308c960<rs=HikariProxyResultSet@512540767 wrapping rs4897: null>
?[0m?[0;34m2023-03-31 16:06:16.281  WARN 29781 --- [nio-8080-exec-3] o.h.e.loading.internal.LoadContexts      : HHH000100: Fail-safe cleanup (collections) : org.hibernate.engine.loading.internal.CollectionLoadContext@4a3c549a<rs=HikariProxyResultSet@313169120 wrapping rs4623: null>
?[0m?[0;34m2023-03-31 16:06:16.281  WARN 29781 --- [nio-8080-exec-3] o.h.e.loading.internal.LoadContexts      : HHH000100: Fail-safe cleanup (collections) : org.hibernate.engine.loading.internal.CollectionLoadContext@3e7f176e<rs=HikariProxyResultSet@1077464030 wrapping rs5102: null>
?[0m?[0;34m2023-03-31 16:06:16.281  WARN 29781 --- [nio-8080-exec-3] o.h.e.loading.internal.LoadContexts      : HHH000100: Fail-safe cleanup (collections) : org.hibernate.engine.loading.internal.CollectionLoadContext@2a3e78e5<rs=HikariProxyResultSet@93600613 wrapping rs4909: null>
?[0m?[0;34m2023-03-31 16:06:16.281  WARN 29781 --- [nio-8080-exec-3] o.h.e.loading.internal.LoadContexts      : HHH000100: Fail-safe cleanup (collections) : org.hibernate.engine.loading.internal.CollectionLoadContext@5f88e70b<rs=HikariProxyResultSet@1139969893 wrapping rs5093: null>
?[0m?[0;34m2023-03-31 16:06:16.281  WARN 29781 --- [nio-8080-exec-3] o.h.e.loading.internal.LoadContexts      : HHH000100: Fail-safe cleanup (collections) : org.hibernate.engine.loading.internal.CollectionLoadContext@77b8f0e4<rs=HikariProxyResultSet@1041652839 wrapping rs4665: null>
?[0m?[0;34m2023-03-31 16:06:16.281  WARN 29781 --- [nio-8080-exec-3] o.h.e.loading.internal.LoadContexts      : HHH000100: Fail-safe cleanup (collections) : org.hibernate.engine.loading.internal.CollectionLoadContext@313a4d1a<rs=HikariProxyResultSet@352418661 wrapping rs5103: null>
?[0m?[0;34m2023-03-31 16:06:16.281  WARN 29781 --- [nio-8080-exec-3] o.h.e.loading.internal.LoadContexts      : HHH000100: Fail-safe cleanup (collections) : org.hibernate.engine.loading.internal.CollectionLoadContext@689af288<rs=HikariProxyResultSet@1658373739 wrapping rs4887: null>
?[0m?[0;34m2023-03-31 16:06:16.281  WARN 29781 --- [nio-8080-exec-3] o.h.e.loading.internal.LoadContexts      : HHH000100: Fail-safe cleanup (collections) : org.hibernate.engine.loading.internal.CollectionLoadContext@7032e02f<rs=HikariProxyResultSet@841935983 wrapping rs4853: null>
?[0m?[0;34m2023-03-31 16:06:16.281  WARN 29781 --- [nio-8080-exec-3] o.h.e.loading.internal.LoadContexts      : HHH000100: Fail-safe cleanup (collections) : org.hibernate.engine.loading.internal.CollectionLoadContext@403d111d<rs=HikariProxyResultSet@1539566703 wrapping rs4913: null>
?[0m?[0;34m2023-03-31 16:06:16.281  WARN 29781 --- [nio-8080-exec-3] o.h.e.loading.internal.LoadContexts      : HHH000100: Fail-safe cleanup (collections) : org.hibernate.engine.loading.internal.CollectionLoadContext@230cc69d<rs=HikariProxyResultSet@1995517555 wrapping rs4818: null>
?[0m?[0;34m2023-03-31 16:06:16.281  WARN 29781 --- [nio-8080-exec-3] o.h.e.loading.internal.LoadContexts      : HHH000100: Fail-safe cleanup (collections) : org.hibernate.engine.loading.internal.CollectionLoadContext@1c3d6ec6<rs=HikariProxyResultSet@72679672 wrapping rs4601: null>
?[0m?[0;34m2023-03-31 16:06:16.281  WARN 29781 --- [nio-8080-exec-3] o.h.e.loading.internal.LoadContexts      : HHH000100: Fail-safe cleanup (collections) : org.hibernate.engine.loading.internal.CollectionLoadContext@7b69d6f6<rs=HikariProxyResultSet@668990841 wrapping rs4762: null>
?[0m?[0;34m2023-03-31 16:06:16.281  WARN 29781 --- [nio-8080-exec-3] o.h.e.loading.internal.LoadContexts      : HHH000100: Fail-safe cleanup (collections) : org.hibernate.engine.loading.internal.CollectionLoadContext@53f4857f<rs=HikariProxyResultSet@29567482 wrapping rs4778: null>
?[0m?[0;34m2023-03-31 16:06:16.281  WARN 29781 --- [nio-8080-exec-3] o.h.e.loading.internal.LoadContexts      : HHH000100: Fail-safe cleanup (collections) : org.hibernate.engine.loading.internal.CollectionLoadContext@160989b2<rs=HikariProxyResultSet@395615480 wrapping rs4971: null>
?[0m?[0;34m2023-03-31 16:06:16.281  WARN 29781 --- [nio-8080-exec-3] o.h.e.loading.internal.LoadContexts      : HHH000100: Fail-safe cleanup (collections) : org.hibernate.engine.loading.internal.CollectionLoadContext@61359eeb<rs=HikariProxyResultSet@109002492 wrapping rs4699: null>
?[0m?[0;34m2023-03-31 16:06:16.281  WARN 29781 --- [nio-8080-exec-3] o.h.e.loading.internal.LoadContexts      : HHH000100: Fail-safe cleanup (collections) : org.hibernate.engine.loading.internal.CollectionLoadContext@545e2a5d<rs=HikariProxyResultSet@1046625020 wrapping rs4871: null>
?[0m?[0;34m2023-03-31 16:06:16.281  WARN 29781 --- [nio-8080-exec-3] o.h.e.loading.internal.LoadContexts      : HHH000100: Fail-safe cleanup (collections) : org.hibernate.engine.loading.internal.CollectionLoadContext@23f692d4<rs=HikariProxyResultSet@402526585 wrapping rs5080: null>
?[0m?[0;34m2023-03-31 16:06:16.281  WARN 29781 --- [nio-8080-exec-3] o.h.e.loading.internal.LoadContexts      : HHH000100: Fail-safe cleanup (collections) : org.hibernate.engine.loading.internal.CollectionLoadContext@79e8db01<rs=HikariProxyResultSet@2106814849 wrapping rs5025: null>
?[0m?[0;34m2023-03-31 16:06:16.281  WARN 29781 --- [nio-8080-exec-3] o.h.e.loading.internal.LoadContexts      : HHH000100: Fail-safe cleanup (collections) : org.hibernate.engine.loading.internal.CollectionLoadContext@34e7c011<rs=HikariProxyResultSet@1319288322 wrapping rs4967: null>
?[0m?[0;34m2023-03-31 16:06:16.281  WARN 29781 --- [nio-8080-exec-3] o.h.e.loading.internal.LoadContexts      : HHH000100: Fail-safe cleanup (collections) : org.hibernate.engine.loading.internal.CollectionLoadContext@11ce0812<rs=HikariProxyResultSet@1153626497 wrapping rs5060: null>
?[0m?[0;34m2023-03-31 16:06:16.281  WARN 29781 --- [nio-8080-exec-3] o.h.e.loading.internal.LoadContexts      : HHH000100: Fail-safe cleanup (collections) : org.hibernate.engine.loading.internal.CollectionLoadContext@6b958cd<rs=HikariProxyResultSet@592702212 wrapping rs4656: null>
?[0m?[0;34m2023-03-31 16:06:16.281  WARN 29781 --- [nio-8080-exec-3] o.h.e.loading.internal.LoadContexts      : HHH000100: Fail-safe cleanup (collections) : org.hibernate.engine.loading.internal.CollectionLoadContext@3936bbc8<rs=HikariProxyResultSet@1882382213 wrapping rs4684: null>
?[0m?[0;34m2023-03-31 16:06:16.281  WARN 29781 --- [nio-8080-exec-3] o.h.e.loading.internal.LoadContexts      : HHH000100: Fail-safe cleanup (collections) : org.hibernate.engine.loading.internal.CollectionLoadContext@33db03b7<rs=HikariProxyResultSet@66809862 wrapping rs4866: null>
?[0m?[0;34m2023-03-31 16:06:16.281  WARN 29781 --- [nio-8080-exec-3] o.h.e.loading.internal.LoadContexts      : HHH000100: Fail-safe cleanup (collections) : org.hibernate.engine.loading.internal.CollectionLoadContext@52340346<rs=HikariProxyResultSet@158907527 wrapping rs4647: null>
?[0m?[0;34m2023-03-31 16:06:16.281  WARN 29781 --- [nio-8080-exec-3] o.h.e.loading.internal.LoadContexts      : HHH000100: Fail-safe cleanup (collections) : org.hibernate.engine.loading.internal.CollectionLoadContext@1e8756fd<rs=HikariProxyResultSet@1551166728 wrapping rs5011: null>
?[0m?[0;34m2023-03-31 16:06:16.282  WARN 29781 --- [nio-8080-exec-3] o.h.e.loading.internal.LoadContexts      : HHH000100: Fail-safe cleanup (collections) : org.hibernate.engine.loading.internal.CollectionLoadContext@1263461e<rs=HikariProxyResultSet@2044853770 wrapping rs4863: null>
?[0m?[0;34m2023-03-31 16:06:16.282  WARN 29781 --- [nio-8080-exec-3] o.h.e.loading.internal.LoadContexts      : HHH000100: Fail-safe cleanup (collections) : org.hibernate.engine.loading.internal.CollectionLoadContext@79ce395e<rs=HikariProxyResultSet@2080607375 wrapping rs5040: null>
?[0m?[0;34m2023-03-31 16:06:16.282  WARN 29781 --- [nio-8080-exec-3] o.h.e.loading.internal.LoadContexts      : HHH000100: Fail-safe cleanup (collections) : org.hibernate.engine.loading.internal.CollectionLoadContext@b922b12<rs=HikariProxyResultSet@1954417936 wrapping rs4667: null>
?[0m?[0;34m2023-03-31 16:06:16.282  WARN 29781 --- [nio-8080-exec-3] o.h.e.loading.internal.LoadContexts      : HHH000100: Fail-safe cleanup (collections) : org.hibernate.engine.loading.internal.CollectionLoadContext@2f86a423<rs=HikariProxyResultSet@1424767248 wrapping rs4763: null>
?[0m?[0;34m2023-03-31 16:06:16.282  WARN 29781 --- [nio-8080-exec-3] o.h.e.loading.internal.LoadContexts      : HHH000100: Fail-safe cleanup (collections) : org.hibernate.engine.loading.internal.CollectionLoadContext@27dd447b<rs=HikariProxyResultSet@1464520210 wrapping rs4738: null>
?[0m?[0;34m2023-03-31 16:06:16.282  WARN 29781 --- [nio-8080-exec-3] o.h.e.loading.internal.LoadContexts      : HHH000100: Fail-safe cleanup (collections) : org.hibernate.engine.loading.internal.CollectionLoadContext@2fd18d17<rs=HikariProxyResultSet@910800273 wrapping rs4811: null>
?[0m?[0;34m2023-03-31 16:06:16.282  WARN 29781 --- [nio-8080-exec-3] o.h.e.loading.internal.LoadContexts      : HHH000100: Fail-safe cleanup (collections) : org.hibernate.engine.loading.internal.CollectionLoadContext@3581f944<rs=HikariProxyResultSet@1678463893 wrapping rs4978: null>
?[0m?[0;34m2023-03-31 16:06:16.282  WARN 29781 --- [nio-8080-exec-3] o.h.e.loading.internal.LoadContexts      : HHH000100: Fail-safe cleanup (collections) : org.hibernate.engine.loading.internal.CollectionLoadContext@2f3cf46b<rs=HikariProxyResultSet@512267544 wrapping rs4957: null>
?[0m?[0;34m2023-03-31 16:06:16.282  WARN 29781 --- [nio-8080-exec-3] o.h.e.loading.internal.LoadContexts      : HHH000100: Fail-safe cleanup (collections) : org.hibernate.engine.loading.internal.CollectionLoadContext@620f836b<rs=HikariProxyResultSet@1198625177 wrapping rs4705: null>
?[0m?[0;34m2023-03-31 16:06:16.282  WARN 29781 --- [nio-8080-exec-3] o.h.e.loading.internal.LoadContexts      : HHH000100: Fail-safe cleanup (collections) : org.hibernate.engine.loading.internal.CollectionLoadContext@41150308<rs=HikariProxyResultSet@134179354 wrapping rs4638: null>
?[0m?[0;34m2023-03-31 16:06:16.282  WARN 29781 --- [nio-8080-exec-3] o.h.e.loading.internal.LoadContexts      : HHH000100: Fail-safe cleanup (collections) : org.hibernate.engine.loading.internal.CollectionLoadContext@7be489b7<rs=HikariProxyResultSet@1296546330 wrapping rs4948: null>
?[0m?[0;34m2023-03-31 16:06:16.282  WARN 29781 --- [nio-8080-exec-3] o.h.e.loading.internal.LoadContexts      : HHH000100: Fail-safe cleanup (collections) : org.hibernate.engine.loading.internal.CollectionLoadContext@3333b50c<rs=HikariProxyResultSet@1129232156 wrapping rs4662: null>
?[0m?[0;34m2023-03-31 16:06:16.282  WARN 29781 --- [nio-8080-exec-3] o.h.e.loading.internal.LoadContexts      : HHH000100: Fail-safe cleanup (collections) : org.hibernate.engine.loading.internal.CollectionLoadContext@2d397cda<rs=HikariProxyResultSet@1083989788 wrapping rs4719: null>
?[0m?[0;34m2023-03-31 16:06:16.282  WARN 29781 --- [nio-8080-exec-3] o.h.e.loading.internal.LoadContexts      : HHH000100: Fail-safe cleanup (collections) : org.hibernate.engine.loading.internal.CollectionLoadContext@445d3736<rs=HikariProxyResultSet@1292911896 wrapping rs5075: null>
?[0m?[0;34m2023-03-31 16:06:16.282  WARN 29781 --- [nio-8080-exec-3] o.h.e.loading.internal.LoadContexts      : HHH000100: Fail-safe cleanup (collections) : org.hibernate.engine.loading.internal.CollectionLoadContext@1baba73b<rs=HikariProxyResultSet@630693023 wrapping rs4602: null>
?[0m?[0;34m2023-03-31 16:06:16.282  WARN 29781 --- [nio-8080-exec-3] o.h.e.loading.internal.LoadContexts      : HHH000100: Fail-safe cleanup (collections) : org.hibernate.engine.loading.internal.CollectionLoadContext@359eea97<rs=HikariProxyResultSet@1230800676 wrapping rs4607: null>
?[0m?[0;34m2023-03-31 16:06:16.282  WARN 29781 --- [nio-8080-exec-3] o.h.e.loading.internal.LoadContexts      : HHH000100: Fail-safe cleanup (collections) : org.hibernate.engine.loading.internal.CollectionLoadContext@53a78f52<rs=HikariProxyResultSet@2121007908 wrapping rs4873: null>
?[0m?[0;34m2023-03-31 16:06:16.282  WARN 29781 --- [nio-8080-exec-3] o.h.e.loading.internal.LoadContexts      : HHH000100: Fail-safe cleanup (collections) : org.hibernate.engine.loading.internal.CollectionLoadContext@7eeee697<rs=HikariProxyResultSet@1779577894 wrapping rs5017: null>
?[0m?[0;34m2023-03-31 16:06:16.282  WARN 29781 --- [nio-8080-exec-3] o.h.e.loading.internal.LoadContexts      : HHH000100: Fail-safe cleanup (collections) : org.hibernate.engine.loading.internal.CollectionLoadContext@383a140e<rs=HikariProxyResultSet@1717910566 wrapping rs5041: null>
?[0m?[0;34m2023-03-31 16:06:16.282  WARN 29781 --- [nio-8080-exec-3] o.h.e.loading.internal.LoadContexts      : HHH000100: Fail-safe cleanup (collections) : org.hibernate.engine.loading.internal.CollectionLoadContext@7ab29bcc<rs=HikariProxyResultSet@928861609 wrapping rs4707: null>
?[0m?[0;34m2023-03-31 16:06:16.282  WARN 29781 --- [nio-8080-exec-3] o.h.e.loading.internal.LoadContexts      : HHH000100: Fail-safe cleanup (collections) : org.hibernate.engine.loading.internal.CollectionLoadContext@150046d7<rs=HikariProxyResultSet@17910443 wrapping rs4733: null>
?[0m?[0;34m2023-03-31 16:06:16.282  WARN 29781 --- [nio-8080-exec-3] o.h.e.loading.internal.LoadContexts      : HHH000100: Fail-safe cleanup (collections) : org.hibernate.engine.loading.internal.CollectionLoadContext@1c53d0be<rs=HikariProxyResultSet@1326788396 wrapping rs4766: null>
?[0m?[0;34m2023-03-31 16:06:16.282  WARN 29781 --- [nio-8080-exec-3] o.h.e.loading.internal.LoadContexts      : HHH000100: Fail-safe cleanup (collections) : org.hibernate.engine.loading.internal.CollectionLoadContext@74a12d5e<rs=HikariProxyResultSet@241346477 wrapping rs4932: null>
?[0m?[0;34m2023-03-31 16:06:16.282  WARN 29781 --- [nio-8080-exec-3] o.h.e.loading.internal.LoadContexts      : HHH000100: Fail-safe cleanup (collections) : org.hibernate.engine.loading.internal.CollectionLoadContext@1aa3b4fd<rs=HikariProxyResultSet@1991241137 wrapping rs4771: null>
?[0m?[0;34m2023-03-31 16:06:16.282  WARN 29781 --- [nio-8080-exec-3] o.h.e.loading.internal.LoadContexts      : HHH000100: Fail-safe cleanup (collections) : org.hibernate.engine.loading.internal.CollectionLoadContext@d027f80<rs=HikariProxyResultSet@353476017 wrapping rs4772: null>
?[0m?[0;34m2023-03-31 16:06:16.282  WARN 29781 --- [nio-8080-exec-3] o.h.e.loading.internal.LoadContexts      : HHH000100: Fail-safe cleanup (collections) : org.hibernate.engine.loading.internal.CollectionLoadContext@f5698be<rs=HikariProxyResultSet@1971223985 wrapping rs4837: null>
?[0m?[0;34m2023-03-31 16:06:16.282  WARN 29781 --- [nio-8080-exec-3] o.h.e.loading.internal.LoadContexts      : HHH000100: Fail-safe cleanup (collections) : org.hibernate.engine.loading.internal.CollectionLoadContext@72e08fd7<rs=HikariProxyResultSet@1419576753 wrapping rs5024: null>
?[0m?[0;34m2023-03-31 16:06:16.282  WARN 29781 --- [nio-8080-exec-3] o.h.e.loading.internal.LoadContexts      : HHH000100: Fail-safe cleanup (collections) : org.hibernate.engine.loading.internal.CollectionLoadContext@75e3d92a<rs=HikariProxyResultSet@292386741 wrapping rs4627: null>
?[0m?[0;34m2023-03-31 16:06:16.282  WARN 29781 --- [nio-8080-exec-3] o.h.e.loading.internal.LoadContexts      : HHH000100: Fail-safe cleanup (collections) : org.hibernate.engine.loading.internal.CollectionLoadContext@6b835669<rs=HikariProxyResultSet@1218999221 wrapping rs5082: null>
?[0m?[0;34m2023-03-31 16:06:16.282  WARN 29781 --- [nio-8080-exec-3] o.h.e.loading.internal.LoadContexts      : HHH000100: Fail-safe cleanup (collections) : org.hibernate.engine.loading.internal.CollectionLoadContext@50abb0cf<rs=HikariProxyResultSet@705845689 wrapping rs5034: null>
?[0m?[0;34m2023-03-31 16:06:16.282  WARN 29781 --- [nio-8080-exec-3] o.h.e.loading.internal.LoadContexts      : HHH000100: Fail-safe cleanup (collections) : org.hibernate.engine.loading.internal.CollectionLoadContext@2643133a<rs=HikariProxyResultSet@905367227 wrapping rs4883: null>
?[0m?[0;34m2023-03-31 16:06:16.282  WARN 29781 --- [nio-8080-exec-3] o.h.e.loading.internal.LoadContexts      : HHH000100: Fail-safe cleanup (collections) : org.hibernate.engine.loading.internal.CollectionLoadContext@4d02b451<rs=HikariProxyResultSet@1547677500 wrapping rs4671: null>
?[0m?[0;34m2023-03-31 16:06:16.282  WARN 29781 --- [nio-8080-exec-3] o.h.e.loading.internal.LoadContexts      : HHH000100: Fail-safe cleanup (collections) : org.hibernate.engine.loading.internal.CollectionLoadContext@3cc39386<rs=HikariProxyResultSet@2090572475 wrapping rs5063: null>
?[0m?[0;34m2023-03-31 16:06:16.282  WARN 29781 --- [nio-8080-exec-3] o.h.e.loading.internal.LoadContexts      : HHH000100: Fail-safe cleanup (collections) : org.hibernate.engine.loading.internal.CollectionLoadContext@31e36119<rs=HikariProxyResultSet@536832191 wrapping rs4821: null>
?[0m?[0;34m2023-03-31 16:06:16.282  WARN 29781 --- [nio-8080-exec-3] o.h.e.loading.internal.LoadContexts      : HHH000100: Fail-safe cleanup (collections) : org.hibernate.engine.loading.internal.CollectionLoadContext@f076edc<rs=HikariProxyResultSet@1375497536 wrapping rs4746: null>
?[0m?[0;34m2023-03-31 16:06:16.282  WARN 29781 --- [nio-8080-exec-3] o.h.e.loading.internal.LoadContexts      : HHH000100: Fail-safe cleanup (collections) : org.hibernate.engine.loading.internal.CollectionLoadContext@57ffe351<rs=HikariProxyResultSet@51442879 wrapping rs4918: null>
?[0m?[0;34m2023-03-31 16:06:16.282  WARN 29781 --- [nio-8080-exec-3] o.h.e.loading.internal.LoadContexts      : HHH000100: Fail-safe cleanup (collections) : org.hibernate.engine.loading.internal.CollectionLoadContext@7700058b<rs=HikariProxyResultSet@310082243 wrapping rs4729: null>
?[0m?[0;34m2023-03-31 16:06:16.282  WARN 29781 --- [nio-8080-exec-3] o.h.e.loading.internal.LoadContexts      : HHH000100: Fail-safe cleanup (collections) : org.hibernate.engine.loading.internal.CollectionLoadContext@5d4149db<rs=HikariProxyResultSet@1625019075 wrapping rs4760: null>
?[0m?[0;34m2023-03-31 16:06:16.282  WARN 29781 --- [nio-8080-exec-3] o.h.e.loading.internal.LoadContexts      : HHH000100: Fail-safe cleanup (collections) : org.hibernate.engine.loading.internal.CollectionLoadContext@6984ad21<rs=HikariProxyResultSet@2032779205 wrapping rs4876: null>
?[0m?[0;34m2023-03-31 16:06:16.282  WARN 29781 --- [nio-8080-exec-3] o.h.e.loading.internal.LoadContexts      : HHH000100: Fail-safe cleanup (collections) : org.hibernate.engine.loading.internal.CollectionLoadContext@41492e2b<rs=HikariProxyResultSet@1623460676 wrapping rs4988: null>
?[0m?[0;34m2023-03-31 16:06:16.282  WARN 29781 --- [nio-8080-exec-3] o.h.e.loading.internal.LoadContexts      : HHH000100: Fail-safe cleanup (collections) : org.hibernate.engine.loading.internal.CollectionLoadContext@361257d4<rs=HikariProxyResultSet@1840507079 wrapping rs4795: null>
?[0m?[0;34m2023-03-31 16:06:16.282  WARN 29781 --- [nio-8080-exec-3] o.h.e.loading.internal.LoadContexts      : HHH000100: Fail-safe cleanup (collections) : org.hibernate.engine.loading.internal.CollectionLoadContext@61cacf5c<rs=HikariProxyResultSet@2091553096 wrapping rs4789: null>
?[0m?[0;34m2023-03-31 16:06:16.282  WARN 29781 --- [nio-8080-exec-3] o.h.e.loading.internal.LoadContexts      : HHH000100: Fail-safe cleanup (collections) : org.hibernate.engine.loading.internal.CollectionLoadContext@2d6b9be1<rs=HikariProxyResultSet@239613385 wrapping rs4624: null>
?[0m?[0;34m2023-03-31 16:06:16.282  WARN 29781 --- [nio-8080-exec-3] o.h.e.loading.internal.LoadContexts      : HHH000100: Fail-safe cleanup (collections) : org.hibernate.engine.loading.internal.CollectionLoadContext@255bc011<rs=HikariProxyResultSet@684059718 wrapping rs4994: null>
?[0m?[0;34m2023-03-31 16:06:16.282  WARN 29781 --- [nio-8080-exec-3] o.h.e.loading.internal.LoadContexts      : HHH000100: Fail-safe cleanup (collections) : org.hibernate.engine.loading.internal.CollectionLoadContext@1538f99<rs=HikariProxyResultSet@1298260675 wrapping rs5053: null>
?[0m?[0;34m2023-03-31 16:06:16.282  WARN 29781 --- [nio-8080-exec-3] o.h.e.loading.internal.LoadContexts      : HHH000100: Fail-safe cleanup (collections) : org.hibernate.engine.loading.internal.CollectionLoadContext@365410c0<rs=HikariProxyResultSet@1693283656 wrapping rs5107: null>
?[0m?[0;34m2023-03-31 16:06:16.282  WARN 29781 --- [nio-8080-exec-3] o.h.e.loading.internal.LoadContexts      : HHH000100: Fail-safe cleanup (collections) : org.hibernate.engine.loading.internal.CollectionLoadContext@47112178<rs=HikariProxyResultSet@650781516 wrapping rs5117: null>
?[0m?[0;34m2023-03-31 16:06:16.282  WARN 29781 --- [nio-8080-exec-3] o.h.e.loading.internal.LoadContexts      : HHH000100: Fail-safe cleanup (collections) : org.hibernate.engine.loading.internal.CollectionLoadContext@3c313ac3<rs=HikariProxyResultSet@2008983630 wrapping rs4688: null>
?[0m?[0;34m2023-03-31 16:06:16.282  WARN 29781 --- [nio-8080-exec-3] o.h.e.loading.internal.LoadContexts      : HHH000100: Fail-safe cleanup (collections) : org.hibernate.engine.loading.internal.CollectionLoadContext@2183559b<rs=HikariProxyResultSet@195187790 wrapping rs5104: null>
?[0m?[0;34m2023-03-31 16:06:16.282  WARN 29781 --- [nio-8080-exec-3] o.h.e.loading.internal.LoadContexts      : HHH000100: Fail-safe cleanup (collections) : org.hibernate.engine.loading.internal.CollectionLoadContext@3747837b<rs=HikariProxyResultSet@1256772299 wrapping rs5129: null>
?[0m?[0;34m2023-03-31 16:06:16.282  WARN 29781 --- [nio-8080-exec-3] o.h.e.loading.internal.LoadContexts      : HHH000100: Fail-safe cleanup (collections) : org.hibernate.engine.loading.internal.CollectionLoadContext@79936e0a<rs=HikariProxyResultSet@225306452 wrapping rs5091: null>
?[0m?[0;34m2023-03-31 16:06:16.282  WARN 29781 --- [nio-8080-exec-3] o.h.e.loading.internal.LoadContexts      : HHH000100: Fail-safe cleanup (collections) : org.hibernate.engine.loading.internal.CollectionLoadContext@4cc1a4d9<rs=HikariProxyResultSet@1360521431 wrapping rs4615: null>
?[0m?[0;34m2023-03-31 16:06:16.282  WARN 29781 --- [nio-8080-exec-3] o.h.e.loading.internal.LoadContexts      : HHH000100: Fail-safe cleanup (collections) : org.hibernate.engine.loading.internal.CollectionLoadContext@77551f57<rs=HikariProxyResultSet@633184471 wrapping rs4784: null>
?[0m?[0;34m2023-03-31 16:06:16.282  WARN 29781 --- [nio-8080-exec-3] o.h.e.loading.internal.LoadContexts      : HHH000100: Fail-safe cleanup (collections) : org.hibernate.engine.loading.internal.CollectionLoadContext@7c82169d<rs=HikariProxyResultSet@1527424602 wrapping rs4634: null>
?[0m?[0;34m2023-03-31 16:06:16.282  WARN 29781 --- [nio-8080-exec-3] o.h.e.loading.internal.LoadContexts      : HHH000100: Fail-safe cleanup (collections) : org.hibernate.engine.loading.internal.CollectionLoadContext@1e83d439<rs=HikariProxyResultSet@1117338331 wrapping rs4904: null>
?[0m?[0;34m2023-03-31 16:06:16.282  WARN 29781 --- [nio-8080-exec-3] o.h.e.loading.internal.LoadContexts      : HHH000100: Fail-safe cleanup (collections) : org.hibernate.engine.loading.internal.CollectionLoadContext@5fa55c5c<rs=HikariProxyResultSet@1948319322 wrapping rs4950: null>
?[0m?[0;34m2023-03-31 16:06:16.282  WARN 29781 --- [nio-8080-exec-3] o.h.e.loading.internal.LoadContexts      : HHH000100: Fail-safe cleanup (collections) : org.hibernate.engine.loading.internal.CollectionLoadContext@d54f58<rs=HikariProxyResultSet@1880947935 wrapping rs5019: null>
?[0m?[0;34m2023-03-31 16:06:16.282  WARN 29781 --- [nio-8080-exec-3] o.h.e.loading.internal.LoadContexts      : HHH000100: Fail-safe cleanup (collections) : org.hibernate.engine.loading.internal.CollectionLoadContext@6c0f8721<rs=HikariProxyResultSet@1642747619 wrapping rs4831: null>
?[0m?[0;34m2023-03-31 16:06:16.282  WARN 29781 --- [nio-8080-exec-3] o.h.e.loading.internal.LoadContexts      : HHH000100: Fail-safe cleanup (collections) : org.hibernate.engine.loading.internal.CollectionLoadContext@6c2da485<rs=HikariProxyResultSet@1120690020 wrapping rs4816: null>
?[0m?[0;34m2023-03-31 16:06:16.282  WARN 29781 --- [nio-8080-exec-3] o.h.e.loading.internal.LoadContexts      : HHH000100: Fail-safe cleanup (collections) : org.hibernate.engine.loading.internal.CollectionLoadContext@199f42e0<rs=HikariProxyResultSet@1765331812 wrapping rs4952: null>
?[0m?[0;34m2023-03-31 16:06:16.282  WARN 29781 --- [nio-8080-exec-3] o.h.e.loading.internal.LoadContexts      : HHH000100: Fail-safe cleanup (collections) : org.hibernate.engine.loading.internal.CollectionLoadContext@339a6104<rs=HikariProxyResultSet@1540665575 wrapping rs4962: null>
?[0m?[0;34m2023-03-31 16:06:16.282  WARN 29781 --- [nio-8080-exec-3] o.h.e.loading.internal.LoadContexts      : HHH000100: Fail-safe cleanup (collections) : org.hibernate.engine.loading.internal.CollectionLoadContext@233cced9<rs=HikariProxyResultSet@71551336 wrapping rs5062: null>
?[0m?[0;34m2023-03-31 16:06:16.282  WARN 29781 --- [nio-8080-exec-3] o.h.e.loading.internal.LoadContexts      : HHH000100: Fail-safe cleanup (collections) : org.hibernate.engine.loading.internal.CollectionLoadContext@22b44fb7<rs=HikariProxyResultSet@747157993 wrapping rs5006: null>
?[0m?[0;34m2023-03-31 16:06:16.283  WARN 29781 --- [nio-8080-exec-3] o.h.e.loading.internal.LoadContexts      : HHH000100: Fail-safe cleanup (collections) : org.hibernate.engine.loading.internal.CollectionLoadContext@41df9143<rs=HikariProxyResultSet@546712170 wrapping rs4748: null>
?[0m?[0;34m2023-03-31 16:06:16.283  WARN 29781 --- [nio-8080-exec-3] o.h.e.loading.internal.LoadContexts      : HHH000100: Fail-safe cleanup (collections) : org.hibernate.engine.loading.internal.CollectionLoadContext@212d4a3d<rs=HikariProxyResultSet@650981607 wrapping rs5079: null>
?[0m?[0;34m2023-03-31 16:06:16.283  WARN 29781 --- [nio-8080-exec-3] o.h.e.loading.internal.LoadContexts      : HHH000100: Fail-safe cleanup (collections) : org.hibernate.engine.loading.internal.CollectionLoadContext@64a202c7<rs=HikariProxyResultSet@880518891 wrapping rs5085: null>
?[0m?[0;34m2023-03-31 16:06:16.283  WARN 29781 --- [nio-8080-exec-3] o.h.e.loading.internal.LoadContexts      : HHH000100: Fail-safe cleanup (collections) : org.hibernate.engine.loading.internal.CollectionLoadContext@646b2013<rs=HikariProxyResultSet@2021431406 wrapping rs5071: null>
?[0m?[0;34m2023-03-31 16:06:16.283  WARN 29781 --- [nio-8080-exec-3] o.h.e.loading.internal.LoadContexts      : HHH000100: Fail-safe cleanup (collections) : org.hibernate.engine.loading.internal.CollectionLoadContext@5983e054<rs=HikariProxyResultSet@1311448303 wrapping rs4899: null>
?[0m?[0;34m2023-03-31 16:06:16.283  WARN 29781 --- [nio-8080-exec-3] o.h.e.loading.internal.LoadContexts      : HHH000100: Fail-safe cleanup (collections) : org.hibernate.engine.loading.internal.CollectionLoadContext@12b435fb<rs=HikariProxyResultSet@434451695 wrapping rs4941: null>
?[0m?[0;34m2023-03-31 16:06:16.283  WARN 29781 --- [nio-8080-exec-3] o.h.e.loading.internal.LoadContexts      : HHH000100: Fail-safe cleanup (collections) : org.hibernate.engine.loading.internal.CollectionLoadContext@66f4b950<rs=HikariProxyResultSet@1531745906 wrapping rs4605: null>
?[0m?[0;34m2023-03-31 16:06:16.283  WARN 29781 --- [nio-8080-exec-3] o.h.e.loading.internal.LoadContexts      : HHH000100: Fail-safe cleanup (collections) : org.hibernate.engine.loading.internal.CollectionLoadContext@5b227625<rs=HikariProxyResultSet@1307407986 wrapping rs4968: null>
?[0m?[0;34m2023-03-31 16:06:16.283  WARN 29781 --- [nio-8080-exec-3] o.h.e.loading.internal.LoadContexts      : HHH000100: Fail-safe cleanup (collections) : org.hibernate.engine.loading.internal.CollectionLoadContext@1de5bc55<rs=HikariProxyResultSet@1488096245 wrapping rs4694: null>
?[0m?[0;34m2023-03-31 16:06:16.283  WARN 29781 --- [nio-8080-exec-3] o.h.e.loading.internal.LoadContexts      : HHH000100: Fail-safe cleanup (collections) : org.hibernate.engine.loading.internal.CollectionLoadContext@2e4d49ff<rs=HikariProxyResultSet@613011445 wrapping rs5016: null>
?[0m?[0;34m2023-03-31 16:06:16.283  WARN 29781 --- [nio-8080-exec-3] o.h.e.loading.internal.LoadContexts      : HHH000100: Fail-safe cleanup (collections) : org.hibernate.engine.loading.internal.CollectionLoadContext@6d305b5f<rs=HikariProxyResultSet@1761321207 wrapping rs4930: null>
?[0m?[0;34m2023-03-31 16:06:16.283  WARN 29781 --- [nio-8080-exec-3] o.h.e.loading.internal.LoadContexts      : HHH000100: Fail-safe cleanup (collections) : org.hibernate.engine.loading.internal.CollectionLoadContext@25eb8b82<rs=HikariProxyResultSet@1482537336 wrapping rs4914: null>
?[0m?[0;34m2023-03-31 16:06:16.283  WARN 29781 --- [nio-8080-exec-3] o.h.e.loading.internal.LoadContexts      : HHH000100: Fail-safe cleanup (collections) : org.hibernate.engine.loading.internal.CollectionLoadContext@15dc8c7e<rs=HikariProxyResultSet@396543481 wrapping rs4589: null>
?[0m?[0;34m2023-03-31 16:06:16.283  WARN 29781 --- [nio-8080-exec-3] o.h.e.loading.internal.LoadContexts      : HHH000100: Fail-safe cleanup (collections) : org.hibernate.engine.loading.internal.CollectionLoadContext@511a2d8b<rs=HikariProxyResultSet@1714447865 wrapping rs4717: null>
?[0m?[0;34m2023-03-31 16:06:16.283  WARN 29781 --- [nio-8080-exec-3] o.h.e.loading.internal.LoadContexts      : HHH000100: Fail-safe cleanup (collections) : org.hibernate.engine.loading.internal.CollectionLoadContext@3e9f6e54<rs=HikariProxyResultSet@802843387 wrapping rs4820: null>
?[0m?[0;34m2023-03-31 16:06:16.283  WARN 29781 --- [nio-8080-exec-3] o.h.e.loading.internal.LoadContexts      : HHH000100: Fail-safe cleanup (collections) : org.hibernate.engine.loading.internal.CollectionLoadContext@47d1459e<rs=HikariProxyResultSet@1193749880 wrapping rs5081: null>
?[0m?[0;34m2023-03-31 16:06:16.283  WARN 29781 --- [nio-8080-exec-3] o.h.e.loading.internal.LoadContexts      : HHH000100: Fail-safe cleanup (collections) : org.hibernate.engine.loading.internal.CollectionLoadContext@361f9e66<rs=HikariProxyResultSet@810334592 wrapping rs4695: null>
?[0m?[0;34m2023-03-31 16:06:16.283  WARN 29781 --- [nio-8080-exec-3] o.h.e.loading.internal.LoadContexts      : HHH000100: Fail-safe cleanup (collections) : org.hibernate.engine.loading.internal.CollectionLoadContext@36e98b5b<rs=HikariProxyResultSet@987142020 wrapping rs4613: null>
?[0m?[0;34m2023-03-31 16:06:16.283  WARN 29781 --- [nio-8080-exec-3] o.h.e.loading.internal.LoadContexts      : HHH000100: Fail-safe cleanup (collections) : org.hibernate.engine.loading.internal.CollectionLoadContext@73c1ae1c<rs=HikariProxyResultSet@2101861131 wrapping rs4641: null>
?[0m?[0;34m2023-03-31 16:06:16.283  WARN 29781 --- [nio-8080-exec-3] o.h.e.loading.internal.LoadContexts      : HHH000100: Fail-safe cleanup (collections) : org.hibernate.engine.loading.internal.CollectionLoadContext@3e71f84f<rs=HikariProxyResultSet@832777995 wrapping rs4859: null>
?[0m?[0;34m2023-03-31 16:06:16.283  WARN 29781 --- [nio-8080-exec-3] o.h.e.loading.internal.LoadContexts      : HHH000100: Fail-safe cleanup (collections) : org.hibernate.engine.loading.internal.CollectionLoadContext@74d7ad49<rs=HikariProxyResultSet@710546574 wrapping rs4806: null>
?[0m?[0;34m2023-03-31 16:06:16.283  WARN 29781 --- [nio-8080-exec-3] o.h.e.loading.internal.LoadContexts      : HHH000100: Fail-safe cleanup (collections) : org.hibernate.engine.loading.internal.CollectionLoadContext@e1e53db<rs=HikariProxyResultSet@591272207 wrapping rs5111: null>
?[0m?[0;34m2023-03-31 16:06:16.283  WARN 29781 --- [nio-8080-exec-3] o.h.e.loading.internal.LoadContexts      : HHH000100: Fail-safe cleanup (collections) : org.hibernate.engine.loading.internal.CollectionLoadContext@7051bd4a<rs=HikariProxyResultSet@1688863378 wrapping rs4885: null>
?[0m?[0;34m2023-03-31 16:06:16.283  WARN 29781 --- [nio-8080-exec-3] o.h.e.loading.internal.LoadContexts      : HHH000100: Fail-safe cleanup (collections) : org.hibernate.engine.loading.internal.CollectionLoadContext@41d3808f<rs=HikariProxyResultSet@798561172 wrapping rs4596: null>
?[0m?[0;34m2023-03-31 16:06:16.283  WARN 29781 --- [nio-8080-exec-3] o.h.e.loading.internal.LoadContexts      : HHH000100: Fail-safe cleanup (collections) : org.hibernate.engine.loading.internal.CollectionLoadContext@827d019<rs=HikariProxyResultSet@157440021 wrapping rs4822: null>
?[0m?[0;34m2023-03-31 16:06:16.283  WARN 29781 --- [nio-8080-exec-3] o.h.e.loading.internal.LoadContexts      : HHH000100: Fail-safe cleanup (collections) : org.hibernate.engine.loading.internal.CollectionLoadContext@74dbda4d<rs=HikariProxyResultSet@132702358 wrapping rs5088: null>
?[0m?[0;34m2023-03-31 16:06:16.283  WARN 29781 --- [nio-8080-exec-3] o.h.e.loading.internal.LoadContexts      : HHH000100: Fail-safe cleanup (collections) : org.hibernate.engine.loading.internal.CollectionLoadContext@99d8271<rs=HikariProxyResultSet@1935758615 wrapping rs5059: null>
?[0m?[0;34m2023-03-31 16:06:16.283  WARN 29781 --- [nio-8080-exec-3] o.h.e.loading.internal.LoadContexts      : HHH000100: Fail-safe cleanup (collections) : org.hibernate.engine.loading.internal.CollectionLoadContext@5497bc35<rs=HikariProxyResultSet@957569432 wrapping rs5119: null>
?[0m?[0;34m2023-03-31 16:06:16.283  WARN 29781 --- [nio-8080-exec-3] o.h.e.loading.internal.LoadContexts      : HHH000100: Fail-safe cleanup (collections) : org.hibernate.engine.loading.internal.CollectionLoadContext@620609a6<rs=HikariProxyResultSet@1799338521 wrapping rs5125: null>
?[0m?[0;34m2023-03-31 16:06:16.283  WARN 29781 --- [nio-8080-exec-3] o.h.e.loading.internal.LoadContexts      : HHH000100: Fail-safe cleanup (collections) : org.hibernate.engine.loading.internal.CollectionLoadContext@48a5be19<rs=HikariProxyResultSet@539619994 wrapping rs4896: null>
?[0m?[0;34m2023-03-31 16:06:16.283  WARN 29781 --- [nio-8080-exec-3] o.h.e.loading.internal.LoadContexts      : HHH000100: Fail-safe cleanup (collections) : org.hibernate.engine.loading.internal.CollectionLoadContext@2d4e2376<rs=HikariProxyResultSet@596661914 wrapping rs5127: null>
?[0m?[0;34m2023-03-31 16:06:16.283  WARN 29781 --- [nio-8080-exec-3] o.h.e.loading.internal.LoadContexts      : HHH000100: Fail-safe cleanup (collections) : org.hibernate.engine.loading.internal.CollectionLoadContext@44d154fe<rs=HikariProxyResultSet@551116700 wrapping rs4842: null>
?[0m?[0;34m2023-03-31 16:06:16.283  WARN 29781 --- [nio-8080-exec-3] o.h.e.loading.internal.LoadContexts      : HHH000100: Fail-safe cleanup (collections) : org.hibernate.engine.loading.internal.CollectionLoadContext@16c82efb<rs=HikariProxyResultSet@2070612255 wrapping rs4753: null>
?[0m?[0;34m2023-03-31 16:06:16.283  WARN 29781 --- [nio-8080-exec-3] o.h.e.loading.internal.LoadContexts      : HHH000100: Fail-safe cleanup (collections) : org.hibernate.engine.loading.internal.CollectionLoadContext@73780f4d<rs=HikariProxyResultSet@344408609 wrapping rs4827: null>
?[0m?[0;34m2023-03-31 16:06:16.283  WARN 29781 --- [nio-8080-exec-3] o.h.e.loading.internal.LoadContexts      : HHH000100: Fail-safe cleanup (collections) : org.hibernate.engine.loading.internal.CollectionLoadContext@2ff1d7c7<rs=HikariProxyResultSet@1291078822 wrapping rs5048: null>
?[0m?[0;34m2023-03-31 16:06:16.283  WARN 29781 --- [nio-8080-exec-3] o.h.e.loading.internal.LoadContexts      : HHH000100: Fail-safe cleanup (collections) : org.hibernate.engine.loading.internal.CollectionLoadContext@61490063<rs=HikariProxyResultSet@1311729830 wrapping rs5061: null>
?[0m?[0;34m2023-03-31 16:06:16.283  WARN 29781 --- [nio-8080-exec-3] o.h.e.loading.internal.LoadContexts      : HHH000100: Fail-safe cleanup (collections) : org.hibernate.engine.loading.internal.CollectionLoadContext@36a15547<rs=HikariProxyResultSet@939394093 wrapping rs4660: null>
?[0m?[0;34m2023-03-31 16:06:16.283  WARN 29781 --- [nio-8080-exec-3] o.h.e.loading.internal.LoadContexts      : HHH000100: Fail-safe cleanup (collections) : org.hibernate.engine.loading.internal.CollectionLoadContext@59026b9<rs=HikariProxyResultSet@572770349 wrapping rs4710: null>
?[0m?[0;34m2023-03-31 16:06:16.283  WARN 29781 --- [nio-8080-exec-3] o.h.e.loading.internal.LoadContexts      : HHH000100: Fail-safe cleanup (collections) : org.hibernate.engine.loading.internal.CollectionLoadContext@247e9623<rs=HikariProxyResultSet@388092465 wrapping rs5122: null>
?[0m?[0;34m2023-03-31 16:06:16.283  WARN 29781 --- [nio-8080-exec-3] o.h.e.loading.internal.LoadContexts      : HHH000100: Fail-safe cleanup (collections) : org.hibernate.engine.loading.internal.CollectionLoadContext@d9dc0d7<rs=HikariProxyResultSet@1565413042 wrapping rs4928: null>
?[0m?[0;34m2023-03-31 16:06:16.283  WARN 29781 --- [nio-8080-exec-3] o.h.e.loading.internal.LoadContexts      : HHH000100: Fail-safe cleanup (collections) : org.hibernate.engine.loading.internal.CollectionLoadContext@312ab74e<rs=HikariProxyResultSet@2047664947 wrapping rs4783: null>
?[0m?[0;34m2023-03-31 16:06:16.283  WARN 29781 --- [nio-8080-exec-3] o.h.e.loading.internal.LoadContexts      : HHH000100: Fail-safe cleanup (collections) : org.hibernate.engine.loading.internal.CollectionLoadContext@358bfa3c<rs=HikariProxyResultSet@1074992947 wrapping rs4833: null>
?[0m?[0;34m2023-03-31 16:06:16.283  WARN 29781 --- [nio-8080-exec-3] o.h.e.loading.internal.LoadContexts      : HHH000100: Fail-safe cleanup (collections) : org.hibernate.engine.loading.internal.CollectionLoadContext@6594bd20<rs=HikariProxyResultSet@2142002995 wrapping rs4872: null>
?[0m?[0;34m2023-03-31 16:06:16.283  WARN 29781 --- [nio-8080-exec-3] o.h.e.loading.internal.LoadContexts      : HHH000100: Fail-safe cleanup (collections) : org.hibernate.engine.loading.internal.CollectionLoadContext@66c423d<rs=HikariProxyResultSet@1220478642 wrapping rs5054: null>
?[0m?[0;34m2023-03-31 16:06:16.283  WARN 29781 --- [nio-8080-exec-3] o.h.e.loading.internal.LoadContexts      : HHH000100: Fail-safe cleanup (collections) : org.hibernate.engine.loading.internal.CollectionLoadContext@62980579<rs=HikariProxyResultSet@1752579512 wrapping rs4907: null>
?[0m?[0;34m2023-03-31 16:06:16.283  WARN 29781 --- [nio-8080-exec-3] o.h.e.loading.internal.LoadContexts      : HHH000100: Fail-safe cleanup (collections) : org.hibernate.engine.loading.internal.CollectionLoadContext@8a8590c<rs=HikariProxyResultSet@726072123 wrapping rs4869: null>
?[0m?[0;34m2023-03-31 16:06:16.283  WARN 29781 --- [nio-8080-exec-3] o.h.e.loading.internal.LoadContexts      : HHH000100: Fail-safe cleanup (collections) : org.hibernate.engine.loading.internal.CollectionLoadContext@48958884<rs=HikariProxyResultSet@876673980 wrapping rs5108: null>
?[0m?[0;34m2023-03-31 16:06:16.283  WARN 29781 --- [nio-8080-exec-3] o.h.e.loading.internal.LoadContexts      : HHH000100: Fail-safe cleanup (collections) : org.hibernate.engine.loading.internal.CollectionLoadContext@2c0c4601<rs=HikariProxyResultSet@1349275709 wrapping rs4890: null>
?[0m?[0;34m2023-03-31 16:06:16.283  WARN 29781 --- [nio-8080-exec-3] o.h.e.loading.internal.LoadContexts      : HHH000100: Fail-safe cleanup (collections) : org.hibernate.engine.loading.internal.CollectionLoadContext@e9d3d34<rs=HikariProxyResultSet@370481342 wrapping rs4807: null>
?[0m?[0;34m2023-03-31 16:06:16.283  WARN 29781 --- [nio-8080-exec-3] o.h.e.loading.internal.LoadContexts      : HHH000100: Fail-safe cleanup (collections) : org.hibernate.engine.loading.internal.CollectionLoadContext@443765d2<rs=HikariProxyResultSet@958028990 wrapping rs4929: null>
?[0m?[0;34m2023-03-31 16:06:16.283  WARN 29781 --- [nio-8080-exec-3] o.h.e.loading.internal.LoadContexts      : HHH000100: Fail-safe cleanup (collections) : org.hibernate.engine.loading.internal.CollectionLoadContext@20820478<rs=HikariProxyResultSet@1664749250 wrapping rs4685: null>
?[0m?[0;34m2023-03-31 16:06:16.283  WARN 29781 --- [nio-8080-exec-3] o.h.e.loading.internal.LoadContexts      : HHH000100: Fail-safe cleanup (collections) : org.hibernate.engine.loading.internal.CollectionLoadContext@6ef06227<rs=HikariProxyResultSet@1627763394 wrapping rs4834: null>
?[0m?[0;34m2023-03-31 16:06:16.284  WARN 29781 --- [nio-8080-exec-3] o.h.e.loading.internal.LoadContexts      : HHH000100: Fail-safe cleanup (collections) : org.hibernate.engine.loading.internal.CollectionLoadContext@9639650<rs=HikariProxyResultSet@2032998082 wrapping rs5094: null>
?[0m?[0;34m2023-03-31 16:06:16.284  WARN 29781 --- [nio-8080-exec-3] o.h.e.loading.internal.LoadContexts      : HHH000100: Fail-safe cleanup (collections) : org.hibernate.engine.loading.internal.CollectionLoadContext@76057b5b<rs=HikariProxyResultSet@1318960326 wrapping rs4925: null>
?[0m?[0;34m2023-03-31 16:06:16.284  WARN 29781 --- [nio-8080-exec-3] o.h.e.loading.internal.LoadContexts      : HHH000100: Fail-safe cleanup (collections) : org.hibernate.engine.loading.internal.CollectionLoadContext@46141027<rs=HikariProxyResultSet@1374881095 wrapping rs5046: null>
?[0m?[0;34m2023-03-31 16:06:16.284  WARN 29781 --- [nio-8080-exec-3] o.h.e.loading.internal.LoadContexts      : HHH000100: Fail-safe cleanup (collections) : org.hibernate.engine.loading.internal.CollectionLoadContext@2b98b398<rs=HikariProxyResultSet@118344265 wrapping rs4608: null>
?[0m?[0;34m2023-03-31 16:06:16.284  WARN 29781 --- [nio-8080-exec-3] o.h.e.loading.internal.LoadContexts      : HHH000100: Fail-safe cleanup (collections) : org.hibernate.engine.loading.internal.CollectionLoadContext@3e5c61ad<rs=HikariProxyResultSet@486134095 wrapping rs5087: null>
?[0m?[0;34m2023-03-31 16:06:16.284  WARN 29781 --- [nio-8080-exec-3] o.h.e.loading.internal.LoadContexts      : HHH000100: Fail-safe cleanup (collections) : org.hibernate.engine.loading.internal.CollectionLoadContext@63de0a9e<rs=HikariProxyResultSet@544130512 wrapping rs4714: null>
?[0m?[0;34m2023-03-31 16:06:16.284  WARN 29781 --- [nio-8080-exec-3] o.h.e.loading.internal.LoadContexts      : HHH000100: Fail-safe cleanup (collections) : org.hibernate.engine.loading.internal.CollectionLoadContext@52dabea<rs=HikariProxyResultSet@2004763217 wrapping rs4785: null>
?[0m?[0;34m2023-03-31 16:06:16.284  WARN 29781 --- [nio-8080-exec-3] o.h.e.loading.internal.LoadContexts      : HHH000100: Fail-safe cleanup (collections) : org.hibernate.engine.loading.internal.CollectionLoadContext@6b47cca4<rs=HikariProxyResultSet@1597272915 wrapping rs4892: null>
?[0m?[0;34m2023-03-31 16:06:16.284  WARN 29781 --- [nio-8080-exec-3] o.h.e.loading.internal.LoadContexts      : HHH000100: Fail-safe cleanup (collections) : org.hibernate.engine.loading.internal.CollectionLoadContext@364b8968<rs=HikariProxyResultSet@1366093014 wrapping rs4617: null>
?[0m?[0;34m2023-03-31 16:06:16.284  WARN 29781 --- [nio-8080-exec-3] o.h.e.loading.internal.LoadContexts      : HHH000100: Fail-safe cleanup (collections) : org.hibernate.engine.loading.internal.CollectionLoadContext@25d2efc5<rs=HikariProxyResultSet@2134096086 wrapping rs4790: null>
?[0m?[0;34m2023-03-31 16:06:16.284  WARN 29781 --- [nio-8080-exec-3] o.h.e.loading.internal.LoadContexts      : HHH000100: Fail-safe cleanup (collections) : org.hibernate.engine.loading.internal.CollectionLoadContext@4d48726e<rs=HikariProxyResultSet@1371448792 wrapping rs4730: null>
?[0m?[0;34m2023-03-31 16:06:16.284  WARN 29781 --- [nio-8080-exec-3] o.h.e.loading.internal.LoadContexts      : HHH000100: Fail-safe cleanup (collections) : org.hibernate.engine.loading.internal.CollectionLoadContext@18bfb58f<rs=HikariProxyResultSet@929932252 wrapping rs4681: null>
?[0m?[0;34m2023-03-31 16:06:16.284  WARN 29781 --- [nio-8080-exec-3] o.h.e.loading.internal.LoadContexts      : HHH000100: Fail-safe cleanup (collections) : org.hibernate.engine.loading.internal.CollectionLoadContext@72556f39<rs=HikariProxyResultSet@322021598 wrapping rs5068: null>
?[0m?[0;34m2023-03-31 16:06:16.284  WARN 29781 --- [nio-8080-exec-3] o.h.e.loading.internal.LoadContexts      : HHH000100: Fail-safe cleanup (collections) : org.hibernate.engine.loading.internal.CollectionLoadContext@40cb0a71<rs=HikariProxyResultSet@1087562079 wrapping rs5021: null>
?[0m?[0;34m2023-03-31 16:06:16.284  WARN 29781 --- [nio-8080-exec-3] o.h.e.loading.internal.LoadContexts      : HHH000100: Fail-safe cleanup (collections) : org.hibernate.engine.loading.internal.CollectionLoadContext@4e1edb04<rs=HikariProxyResultSet@244964703 wrapping rs5065: null>
?[0m?[0;34m2023-03-31 16:06:16.284  WARN 29781 --- [nio-8080-exec-3] o.h.e.loading.internal.LoadContexts      : HHH000100: Fail-safe cleanup (collections) : org.hibernate.engine.loading.internal.CollectionLoadContext@2b680c85<rs=HikariProxyResultSet@65615457 wrapping rs4690: null>
?[0m?[0;34m2023-03-31 16:06:16.284  WARN 29781 --- [nio-8080-exec-3] o.h.e.loading.internal.LoadContexts      : HHH000100: Fail-safe cleanup (collections) : org.hibernate.engine.loading.internal.CollectionLoadContext@729d8276<rs=HikariProxyResultSet@189852515 wrapping rs4999: null>
?[0m?[0;34m2023-03-31 16:06:16.284  WARN 29781 --- [nio-8080-exec-3] o.h.e.loading.internal.LoadContexts      : HHH000100: Fail-safe cleanup (collections) : org.hibernate.engine.loading.internal.CollectionLoadContext@6a1d86d6<rs=HikariProxyResultSet@1628575845 wrapping rs4839: null>
?[0m?[0;34m2023-03-31 16:06:16.284  WARN 29781 --- [nio-8080-exec-3] o.h.e.loading.internal.LoadContexts      : HHH000100: Fail-safe cleanup (collections) : org.hibernate.engine.loading.internal.CollectionLoadContext@5263a66a<rs=HikariProxyResultSet@1247875560 wrapping rs5044: null>
?[0m?[0;34m2023-03-31 16:06:16.284  WARN 29781 --- [nio-8080-exec-3] o.h.e.loading.internal.LoadContexts      : HHH000100: Fail-safe cleanup (collections) : org.hibernate.engine.loading.internal.CollectionLoadContext@39048487<rs=HikariProxyResultSet@918372848 wrapping rs4865: null>
?[0m?[0;34m2023-03-31 16:06:16.284  WARN 29781 --- [nio-8080-exec-3] o.h.e.loading.internal.LoadContexts      : HHH000100: Fail-safe cleanup (collections) : org.hibernate.engine.loading.internal.CollectionLoadContext@27943fe3<rs=HikariProxyResultSet@1078428531 wrapping rs4990: null>
?[0m?[0;34m2023-03-31 16:06:16.284  WARN 29781 --- [nio-8080-exec-3] o.h.e.loading.internal.LoadContexts      : HHH000100: Fail-safe cleanup (collections) : org.hibernate.engine.loading.internal.CollectionLoadContext@21b926f1<rs=HikariProxyResultSet@379294966 wrapping rs4711: null>
?[0m?[0;34m2023-03-31 16:06:16.284  WARN 29781 --- [nio-8080-exec-3] o.h.e.loading.internal.LoadContexts      : HHH000100: Fail-safe cleanup (collections) : org.hibernate.engine.loading.internal.CollectionLoadContext@6ea6845a<rs=HikariProxyResultSet@1037455993 wrapping rs5126: null>
?[0m?[0;34m2023-03-31 16:06:16.284  WARN 29781 --- [nio-8080-exec-3] o.h.e.loading.internal.LoadContexts      : HHH000100: Fail-safe cleanup (collections) : org.hibernate.engine.loading.internal.CollectionLoadContext@739b15b5<rs=HikariProxyResultSet@1262909307 wrapping rs4781: null>
?[0m?[0;34m2023-03-31 16:06:16.284  WARN 29781 --- [nio-8080-exec-3] o.h.e.loading.internal.LoadContexts      : HHH000100: Fail-safe cleanup (collections) : org.hibernate.engine.loading.internal.CollectionLoadContext@75765702<rs=HikariProxyResultSet@186549373 wrapping rs4626: null>
?[0m?[0;34m2023-03-31 16:06:16.284  WARN 29781 --- [nio-8080-exec-3] o.h.e.loading.internal.LoadContexts      : HHH000100: Fail-safe cleanup (collections) : org.hibernate.engine.loading.internal.CollectionLoadContext@1d1069f3<rs=HikariProxyResultSet@2039879805 wrapping rs4616: null>
?[0m?[0;34m2023-03-31 16:06:16.284  WARN 29781 --- [nio-8080-exec-3] o.h.e.loading.internal.LoadContexts      : HHH000100: Fail-safe cleanup (collections) : org.hibernate.engine.loading.internal.CollectionLoadContext@47ceba5f<rs=HikariProxyResultSet@1070131712 wrapping rs4609: null>
?[0m?[0;34m2023-03-31 16:06:16.284  WARN 29781 --- [nio-8080-exec-3] o.h.e.loading.internal.LoadContexts      : HHH000100: Fail-safe cleanup (collections) : org.hibernate.engine.loading.internal.CollectionLoadContext@6c5339ae<rs=HikariProxyResultSet@1322794625 wrapping rs4614: null>
?[0m?[0;34m2023-03-31 16:06:16.284  WARN 29781 --- [nio-8080-exec-3] o.h.e.loading.internal.LoadContexts      : HHH000100: Fail-safe cleanup (collections) : org.hibernate.engine.loading.internal.CollectionLoadContext@2bdaad61<rs=HikariProxyResultSet@2016374530 wrapping rs4996: null>
?[0m?[0;34m2023-03-31 16:06:16.284  WARN 29781 --- [nio-8080-exec-3] o.h.e.loading.internal.LoadContexts      : HHH000100: Fail-safe cleanup (collections) : org.hibernate.engine.loading.internal.CollectionLoadContext@351b1618<rs=HikariProxyResultSet@1071287171 wrapping rs4786: null>
?[0m?[0;34m2023-03-31 16:06:16.284  WARN 29781 --- [nio-8080-exec-3] o.h.e.loading.internal.LoadContexts      : HHH000100: Fail-safe cleanup (collections) : org.hibernate.engine.loading.internal.CollectionLoadContext@7354ea6<rs=HikariProxyResultSet@2087880837 wrapping rs4620: null>
?[0m?[0;34m2023-03-31 16:06:16.284  WARN 29781 --- [nio-8080-exec-3] o.h.e.loading.internal.LoadContexts      : HHH000100: Fail-safe cleanup (collections) : org.hibernate.engine.loading.internal.CollectionLoadContext@72de99a7<rs=HikariProxyResultSet@1927012743 wrapping rs4592: null>
?[0m?[0;34m2023-03-31 16:06:16.284  WARN 29781 --- [nio-8080-exec-3] o.h.e.loading.internal.LoadContexts      : HHH000100: Fail-safe cleanup (collections) : org.hibernate.engine.loading.internal.CollectionLoadContext@c118338<rs=HikariProxyResultSet@1413138823 wrapping rs4632: null>
?[0m?[0;34m2023-03-31 16:06:16.284  WARN 29781 --- [nio-8080-exec-3] o.h.e.loading.internal.LoadContexts      : HHH000100: Fail-safe cleanup (collections) : org.hibernate.engine.loading.internal.CollectionLoadContext@6157ff74<rs=HikariProxyResultSet@846735880 wrapping rs4945: null>
?[0m?[0;34m2023-03-31 16:06:16.284  WARN 29781 --- [nio-8080-exec-3] o.h.e.loading.internal.LoadContexts      : HHH000100: Fail-safe cleanup (collections) : org.hibernate.engine.loading.internal.CollectionLoadContext@4cbadd86<rs=HikariProxyResultSet@308206346 wrapping rs4628: null>
?[0m?[0;34m2023-03-31 16:06:16.284  WARN 29781 --- [nio-8080-exec-3] o.h.e.loading.internal.LoadContexts      : HHH000100: Fail-safe cleanup (collections) : org.hibernate.engine.loading.internal.CollectionLoadContext@4a2f6617<rs=HikariProxyResultSet@505830541 wrapping rs5003: null>
?[0m?[0;34m2023-03-31 16:06:16.284  WARN 29781 --- [nio-8080-exec-3] o.h.e.loading.internal.LoadContexts      : HHH000100: Fail-safe cleanup (collections) : org.hibernate.engine.loading.internal.CollectionLoadContext@4aa73429<rs=HikariProxyResultSet@2137775253 wrapping rs4752: null>
?[0m?[0;34m2023-03-31 16:06:16.284  WARN 29781 --- [nio-8080-exec-3] o.h.e.loading.internal.LoadContexts      : HHH000100: Fail-safe cleanup (collections) : org.hibernate.engine.loading.internal.CollectionLoadContext@1455ce56<rs=HikariProxyResultSet@1547363993 wrapping rs4636: null>
?[0m?[0;34m2023-03-31 16:06:16.284  WARN 29781 --- [nio-8080-exec-3] o.h.e.loading.internal.LoadContexts      : HHH000100: Fail-safe cleanup (collections) : org.hibernate.engine.loading.internal.CollectionLoadContext@e9977b7<rs=HikariProxyResultSet@81852057 wrapping rs4747: null>
?[0m?[0;34m2023-03-31 16:06:16.284  WARN 29781 --- [nio-8080-exec-3] o.h.e.loading.internal.LoadContexts      : HHH000100: Fail-safe cleanup (collections) : org.hibernate.engine.loading.internal.CollectionLoadContext@3f37a7ad<rs=HikariProxyResultSet@500167837 wrapping rs4675: null>
?[0m?[0;34m2023-03-31 16:06:16.284  WARN 29781 --- [nio-8080-exec-3] o.h.e.loading.internal.LoadContexts      : HHH000100: Fail-safe cleanup (collections) : org.hibernate.engine.loading.internal.CollectionLoadContext@4c42da1e<rs=HikariProxyResultSet@800301221 wrapping rs4727: null>
?[0m?[0;34m2023-03-31 16:06:16.284  WARN 29781 --- [nio-8080-exec-3] o.h.e.loading.internal.LoadContexts      : HHH000100: Fail-safe cleanup (collections) : org.hibernate.engine.loading.internal.CollectionLoadContext@76df8abe<rs=HikariProxyResultSet@1383232806 wrapping rs4692: null>
?[0m?[0;34m2023-03-31 16:06:16.284  WARN 29781 --- [nio-8080-exec-3] o.h.e.loading.internal.LoadContexts      : HHH000100: Fail-safe cleanup (collections) : org.hibernate.engine.loading.internal.CollectionLoadContext@33be7f1d<rs=HikariProxyResultSet@1542571302 wrapping rs5005: null>
?[0m?[0;34m2023-03-31 16:06:16.284  WARN 29781 --- [nio-8080-exec-3] o.h.e.loading.internal.LoadContexts      : HHH000100: Fail-safe cleanup (collections) : org.hibernate.engine.loading.internal.CollectionLoadContext@3136ac08<rs=HikariProxyResultSet@320600229 wrapping rs5130: null>
?[0m?[0;34m2023-03-31 16:06:16.284  WARN 29781 --- [nio-8080-exec-3] o.h.e.loading.internal.LoadContexts      : HHH000100: Fail-safe cleanup (collections) : org.hibernate.engine.loading.internal.CollectionLoadContext@6bfe121a<rs=HikariProxyResultSet@1156459306 wrapping rs4841: null>
?[0m?[0;34m2023-03-31 16:06:16.284  WARN 29781 --- [nio-8080-exec-3] o.h.e.loading.internal.LoadContexts      : HHH000100: Fail-safe cleanup (collections) : org.hibernate.engine.loading.internal.CollectionLoadContext@617eefa1<rs=HikariProxyResultSet@1364602795 wrapping rs5090: null>
?[0m?[0;34m2023-03-31 16:06:16.284  WARN 29781 --- [nio-8080-exec-3] o.h.e.loading.internal.LoadContexts      : HHH000100: Fail-safe cleanup (collections) : org.hibernate.engine.loading.internal.CollectionLoadContext@21783204<rs=HikariProxyResultSet@1041891372 wrapping rs4712: null>
?[0m?[0;34m2023-03-31 16:06:16.284  WARN 29781 --- [nio-8080-exec-3] o.h.e.loading.internal.LoadContexts      : HHH000100: Fail-safe cleanup (collections) : org.hibernate.engine.loading.internal.CollectionLoadContext@25aa8ccf<rs=HikariProxyResultSet@53083309 wrapping rs4604: null>
?[0m?[0;34m2023-03-31 16:06:16.284  WARN 29781 --- [nio-8080-exec-3] o.h.e.loading.internal.LoadContexts      : HHH000100: Fail-safe cleanup (collections) : org.hibernate.engine.loading.internal.CollectionLoadContext@3e5f34a2<rs=HikariProxyResultSet@1131216432 wrapping rs5089: null>
?[0m?[0;34m2023-03-31 16:06:16.284  WARN 29781 --- [nio-8080-exec-3] o.h.e.loading.internal.LoadContexts      : HHH000100: Fail-safe cleanup (collections) : org.hibernate.engine.loading.internal.CollectionLoadContext@28cad72f<rs=HikariProxyResultSet@1802786739 wrapping rs4808: null>
?[0m?[0;34m2023-03-31 16:06:16.284  WARN 29781 --- [nio-8080-exec-3] o.h.e.loading.internal.LoadContexts      : HHH000100: Fail-safe cleanup (collections) : org.hibernate.engine.loading.internal.CollectionLoadContext@48c23820<rs=HikariProxyResultSet@96272436 wrapping rs4682: null>
?[0m?[0;34m2023-03-31 16:06:16.284  WARN 29781 --- [nio-8080-exec-3] o.h.e.loading.internal.LoadContexts      : HHH000100: Fail-safe cleanup (collections) : org.hibernate.engine.loading.internal.CollectionLoadContext@39ff0903<rs=HikariProxyResultSet@542663732 wrapping rs4703: null>
?[0m?[0;34m2023-03-31 16:06:16.284  WARN 29781 --- [nio-8080-exec-3] o.h.e.loading.internal.LoadContexts      : HHH000100: Fail-safe cleanup (collections) : org.hibernate.engine.loading.internal.CollectionLoadContext@7ec2c0ba<rs=HikariProxyResultSet@1636476980 wrapping rs5115: null>
?[0m?[0;34m2023-03-31 16:06:16.284  WARN 29781 --- [nio-8080-exec-3] o.h.e.loading.internal.LoadContexts      : HHH000100: Fail-safe cleanup (collections) : org.hibernate.engine.loading.internal.CollectionLoadContext@4f13e2<rs=HikariProxyResultSet@1516212663 wrapping rs4882: null>
?[0m?[0;34m2023-03-31 16:06:16.284  WARN 29781 --- [nio-8080-exec-3] o.h.e.loading.internal.LoadContexts      : HHH000100: Fail-safe cleanup (collections) : org.hibernate.engine.loading.internal.CollectionLoadContext@591538f3<rs=HikariProxyResultSet@1315029560 wrapping rs5134: null>
?[0m?[0;34m2023-03-31 16:06:16.284  WARN 29781 --- [nio-8080-exec-3] o.h.e.loading.internal.LoadContexts      : HHH000100: Fail-safe cleanup (collections) : org.hibernate.engine.loading.internal.CollectionLoadContext@18e385c3<rs=HikariProxyResultSet@1269977019 wrapping rs4989: null>
?[0m?[0;34m2023-03-31 16:06:16.284  WARN 29781 --- [nio-8080-exec-3] o.h.e.loading.internal.LoadContexts      : HHH000100: Fail-safe cleanup (collections) : org.hibernate.engine.loading.internal.CollectionLoadContext@704c4175<rs=HikariProxyResultSet@1362185276 wrapping rs4758: null>
?[0m?[0;34m2023-03-31 16:06:16.284  WARN 29781 --- [nio-8080-exec-3] o.h.e.loading.internal.LoadContexts      : HHH000100: Fail-safe cleanup (collections) : org.hibernate.engine.loading.internal.CollectionLoadContext@8648c9d<rs=HikariProxyResultSet@965517501 wrapping rs4737: null>
?[0m?[0;34m2023-03-31 16:06:16.284  WARN 29781 --- [nio-8080-exec-3] o.h.e.loading.internal.LoadContexts      : HHH000100: Fail-safe cleanup (collections) : org.hibernate.engine.loading.internal.CollectionLoadContext@78c6ffc2<rs=HikariProxyResultSet@1273260608 wrapping rs5073: null>
?[0m?[0;34m2023-03-31 16:06:16.284  WARN 29781 --- [nio-8080-exec-3] o.h.e.loading.internal.LoadContexts      : HHH000100: Fail-safe cleanup (collections) : org.hibernate.engine.loading.internal.CollectionLoadContext@7c8fa084<rs=HikariProxyResultSet@40091458 wrapping rs4923: null>
?[0m?[0;34m2023-03-31 16:06:16.284  WARN 29781 --- [nio-8080-exec-3] o.h.e.loading.internal.LoadContexts      : HHH000100: Fail-safe cleanup (collections) : org.hibernate.engine.loading.internal.CollectionLoadContext@6e5a1189<rs=HikariProxyResultSet@2004823108 wrapping rs5007: null>
?[0m?[0;34m2023-03-31 16:06:16.284  WARN 29781 --- [nio-8080-exec-3] o.h.e.loading.internal.LoadContexts      : HHH000100: Fail-safe cleanup (collections) : org.hibernate.engine.loading.internal.CollectionLoadContext@427678bb<rs=HikariProxyResultSet@1813328198 wrapping rs5052: null>
?[0m?[0;34m2023-03-31 16:06:16.284  WARN 29781 --- [nio-8080-exec-3] o.h.e.loading.internal.LoadContexts      : HHH000100: Fail-safe cleanup (collections) : org.hibernate.engine.loading.internal.CollectionLoadContext@d01a7d8<rs=HikariProxyResultSet@302253769 wrapping rs5076: null>
?[0m?[0;34m2023-03-31 16:06:16.284  WARN 29781 --- [nio-8080-exec-3] o.h.e.loading.internal.LoadContexts      : HHH000100: Fail-safe cleanup (collections) : org.hibernate.engine.loading.internal.CollectionLoadContext@c0bad7c<rs=HikariProxyResultSet@193891533 wrapping rs4722: null>
?[0m?[0;34m2023-03-31 16:06:16.284  WARN 29781 --- [nio-8080-exec-3] o.h.e.loading.internal.LoadContexts      : HHH000100: Fail-safe cleanup (collections) : org.hibernate.engine.loading.internal.CollectionLoadContext@3263332d<rs=HikariProxyResultSet@1975439315 wrapping rs4664: null>
?[0m?[0;34m2023-03-31 16:06:16.284  WARN 29781 --- [nio-8080-exec-3] o.h.e.loading.internal.LoadContexts      : HHH000100: Fail-safe cleanup (collections) : org.hibernate.engine.loading.internal.CollectionLoadContext@4321267a<rs=HikariProxyResultSet@631861203 wrapping rs4696: null>
?[0m?[0;34m2023-03-31 16:06:16.284  WARN 29781 --- [nio-8080-exec-3] o.h.e.loading.internal.LoadContexts      : HHH000100: Fail-safe cleanup (collections) : org.hibernate.engine.loading.internal.CollectionLoadContext@431e66a1<rs=HikariProxyResultSet@1130858072 wrapping rs4975: null>
?[0m?[0;34m2023-03-31 16:06:16.285  WARN 29781 --- [nio-8080-exec-3] o.h.e.loading.internal.LoadContexts      : HHH000100: Fail-safe cleanup (collections) : org.hibernate.engine.loading.internal.CollectionLoadContext@12af53f3<rs=HikariProxyResultSet@1602334425 wrapping rs4851: null>
?[0m?[0;34m2023-03-31 16:06:16.285  WARN 29781 --- [nio-8080-exec-3] o.h.e.loading.internal.LoadContexts      : HHH000100: Fail-safe cleanup (collections) : org.hibernate.engine.loading.internal.CollectionLoadContext@397ef0d0<rs=HikariProxyResultSet@978473818 wrapping rs4776: null>
?[0m?[0;34m2023-03-31 16:06:16.285  WARN 29781 --- [nio-8080-exec-3] o.h.e.loading.internal.LoadContexts      : HHH000100: Fail-safe cleanup (collections) : org.hibernate.engine.loading.internal.CollectionLoadContext@73a61373<rs=HikariProxyResultSet@896758747 wrapping rs4659: null>
?[0m?[0;34m2023-03-31 16:06:16.285  WARN 29781 --- [nio-8080-exec-3] o.h.e.loading.internal.LoadContexts      : HHH000100: Fail-safe cleanup (collections) : org.hibernate.engine.loading.internal.CollectionLoadContext@43bd48c8<rs=HikariProxyResultSet@1056798046 wrapping rs4689: null>
?[0m?[0;34m2023-03-31 16:06:16.285  WARN 29781 --- [nio-8080-exec-3] o.h.e.loading.internal.LoadContexts      : HHH000100: Fail-safe cleanup (collections) : org.hibernate.engine.loading.internal.CollectionLoadContext@2be5ab87<rs=HikariProxyResultSet@1259417442 wrapping rs4751: null>
?[0m?[0;34m2023-03-31 16:06:16.285  WARN 29781 --- [nio-8080-exec-3] o.h.e.loading.internal.LoadContexts      : HHH000100: Fail-safe cleanup (collections) : org.hibernate.engine.loading.internal.CollectionLoadContext@65d3365b<rs=HikariProxyResultSet@1094476771 wrapping rs4612: null>
?[0m?[0;34m2023-03-31 16:06:16.285  WARN 29781 --- [nio-8080-exec-3] o.h.e.loading.internal.LoadContexts      : HHH000100: Fail-safe cleanup (collections) : org.hibernate.engine.loading.internal.CollectionLoadContext@262d8c19<rs=HikariProxyResultSet@1631437029 wrapping rs4598: null>
?[0m?[0;34m2023-03-31 16:06:16.285  WARN 29781 --- [nio-8080-exec-3] o.h.e.loading.internal.LoadContexts      : HHH000100: Fail-safe cleanup (collections) : org.hibernate.engine.loading.internal.CollectionLoadContext@fff6b1c<rs=HikariProxyResultSet@482229477 wrapping rs4920: null>
?[0m?[0;34m2023-03-31 16:06:16.285  WARN 29781 --- [nio-8080-exec-3] o.h.e.loading.internal.LoadContexts      : HHH000100: Fail-safe cleanup (collections) : org.hibernate.engine.loading.internal.CollectionLoadContext@9c050f7<rs=HikariProxyResultSet@1604172263 wrapping rs4799: null>
?[0m?[0;34m2023-03-31 16:06:16.285  WARN 29781 --- [nio-8080-exec-3] o.h.e.loading.internal.LoadContexts      : HHH000100: Fail-safe cleanup (collections) : org.hibernate.engine.loading.internal.CollectionLoadContext@755dde7a<rs=HikariProxyResultSet@1435176165 wrapping rs4964: null>
?[0m?[0;34m2023-03-31 16:06:16.285  WARN 29781 --- [nio-8080-exec-3] o.h.e.loading.internal.LoadContexts      : HHH000100: Fail-safe cleanup (collections) : org.hibernate.engine.loading.internal.CollectionLoadContext@3fdac98c<rs=HikariProxyResultSet@1587462502 wrapping rs5106: null>
?[0m?[0;34m2023-03-31 16:06:16.285  WARN 29781 --- [nio-8080-exec-3] o.h.e.loading.internal.LoadContexts      : HHH000100: Fail-safe cleanup (collections) : org.hibernate.engine.loading.internal.CollectionLoadContext@4b09e2e0<rs=HikariProxyResultSet@1714693994 wrapping rs4749: null>
?[0m?[0;34m2023-03-31 16:06:16.285  WARN 29781 --- [nio-8080-exec-3] o.h.e.loading.internal.LoadContexts      : HHH000100: Fail-safe cleanup (collections) : org.hibernate.engine.loading.internal.CollectionLoadContext@4045449e<rs=HikariProxyResultSet@1965387884 wrapping rs5023: null>
?[0m?[0;34m2023-03-31 16:06:16.285  WARN 29781 --- [nio-8080-exec-3] o.h.e.loading.internal.LoadContexts      : HHH000100: Fail-safe cleanup (collections) : org.hibernate.engine.loading.internal.CollectionLoadContext@5bf0ece2<rs=HikariProxyResultSet@1055026800 wrapping rs4976: null>
?[0m?[0;34m2023-03-31 16:06:16.285  WARN 29781 --- [nio-8080-exec-3] o.h.e.loading.internal.LoadContexts      : HHH000100: Fail-safe cleanup (collections) : org.hibernate.engine.loading.internal.CollectionLoadContext@328fd8b9<rs=HikariProxyResultSet@352020338 wrapping rs5096: null>
?[0m?[0;34m2023-03-31 16:06:16.285  WARN 29781 --- [nio-8080-exec-3] o.h.e.loading.internal.LoadContexts      : HHH000100: Fail-safe cleanup (collections) : org.hibernate.engine.loading.internal.CollectionLoadContext@369532ea<rs=HikariProxyResultSet@67790835 wrapping rs4868: null>
?[0m?[0;34m2023-03-31 16:06:16.285  WARN 29781 --- [nio-8080-exec-3] o.h.e.loading.internal.LoadContexts      : HHH000100: Fail-safe cleanup (collections) : org.hibernate.engine.loading.internal.CollectionLoadContext@5c9ef112<rs=HikariProxyResultSet@757450868 wrapping rs4845: null>
?[0m?[0;34m2023-03-31 16:06:16.285  WARN 29781 --- [nio-8080-exec-3] o.h.e.loading.internal.LoadContexts      : HHH000100: Fail-safe cleanup (collections) : org.hibernate.engine.loading.internal.CollectionLoadContext@d5819f<rs=HikariProxyResultSet@292408307 wrapping rs5014: null>
?[0m?[0;34m2023-03-31 16:06:16.285  WARN 29781 --- [nio-8080-exec-3] o.h.e.loading.internal.LoadContexts      : HHH000100: Fail-safe cleanup (collections) : org.hibernate.engine.loading.internal.CollectionLoadContext@4c53db2c<rs=HikariProxyResultSet@93649657 wrapping rs4958: null>
?[0m?[0;34m2023-03-31 16:06:16.285  WARN 29781 --- [nio-8080-exec-3] o.h.e.loading.internal.LoadContexts      : HHH000100: Fail-safe cleanup (collections) : org.hibernate.engine.loading.internal.CollectionLoadContext@534ea22e<rs=HikariProxyResultSet@743195643 wrapping rs5109: null>
?[0m?[0;34m2023-03-31 16:06:16.285  WARN 29781 --- [nio-8080-exec-3] o.h.e.loading.internal.LoadContexts      : HHH000100: Fail-safe cleanup (collections) : org.hibernate.engine.loading.internal.CollectionLoadContext@7873cf34<rs=HikariProxyResultSet@1243831420 wrapping rs5010: null>
?[0m?[0;34m2023-03-31 16:06:16.285  WARN 29781 --- [nio-8080-exec-3] o.h.e.loading.internal.LoadContexts      : HHH000100: Fail-safe cleanup (collections) : org.hibernate.engine.loading.internal.CollectionLoadContext@540670dc<rs=HikariProxyResultSet@2069718269 wrapping rs4742: null>
?[0m?[0;34m2023-03-31 16:06:16.285  WARN 29781 --- [nio-8080-exec-3] o.h.e.loading.internal.LoadContexts      : HHH000100: Fail-safe cleanup (collections) : org.hibernate.engine.loading.internal.CollectionLoadContext@6de4bcb<rs=HikariProxyResultSet@2062744958 wrapping rs4698: null>
?[0m?[0;34m2023-03-31 16:06:16.285  WARN 29781 --- [nio-8080-exec-3] o.h.e.loading.internal.LoadContexts      : HHH000100: Fail-safe cleanup (collections) : org.hibernate.engine.loading.internal.CollectionLoadContext@2027c6ec<rs=HikariProxyResultSet@1024256511 wrapping rs4992: null>
?[0m?[0;34m2023-03-31 16:06:16.285  WARN 29781 --- [nio-8080-exec-3] o.h.e.loading.internal.LoadContexts      : HHH000100: Fail-safe cleanup (collections) : org.hibernate.engine.loading.internal.CollectionLoadContext@464bb7b3<rs=HikariProxyResultSet@80196224 wrapping rs4674: null>
?[0m?[0;34m2023-03-31 16:06:16.285  WARN 29781 --- [nio-8080-exec-3] o.h.e.loading.internal.LoadContexts      : HHH000100: Fail-safe cleanup (collections) : org.hibernate.engine.loading.internal.CollectionLoadContext@21acbf36<rs=HikariProxyResultSet@552530689 wrapping rs4875: null>
?[0m?[0;34m2023-03-31 16:06:16.285  WARN 29781 --- [nio-8080-exec-3] o.h.e.loading.internal.LoadContexts      : HHH000100: Fail-safe cleanup (collections) : org.hibernate.engine.loading.internal.CollectionLoadContext@55d838db<rs=HikariProxyResultSet@1704285058 wrapping rs4886: null>
?[0m?[0;34m2023-03-31 16:06:16.285  WARN 29781 --- [nio-8080-exec-3] o.h.e.loading.internal.LoadContexts      : HHH000100: Fail-safe cleanup (collections) : org.hibernate.engine.loading.internal.CollectionLoadContext@4b56842a<rs=HikariProxyResultSet@312050433 wrapping rs5133: null>
?[0m?[0;34m2023-03-31 16:06:16.285  WARN 29781 --- [nio-8080-exec-3] o.h.e.loading.internal.LoadContexts      : HHH000100: Fail-safe cleanup (collections) : org.hibernate.engine.loading.internal.CollectionLoadContext@503b44dc<rs=HikariProxyResultSet@1548533384 wrapping rs5124: null>
?[0m?[0;34m2023-03-31 16:06:16.285  WARN 29781 --- [nio-8080-exec-3] o.h.e.loading.internal.LoadContexts      : HHH000100: Fail-safe cleanup (collections) : org.hibernate.engine.loading.internal.CollectionLoadContext@14aa14e2<rs=HikariProxyResultSet@446644872 wrapping rs5135: null>
?[0m?[0;34m2023-03-31 16:06:16.285  WARN 29781 --- [nio-8080-exec-3] o.h.e.loading.internal.LoadContexts      : HHH000100: Fail-safe cleanup (collections) : org.hibernate.engine.loading.internal.CollectionLoadContext@20f84c<rs=HikariProxyResultSet@798407820 wrapping rs5072: null>
?[0m?[0;34m2023-03-31 16:06:16.285  WARN 29781 --- [nio-8080-exec-3] o.h.e.loading.internal.LoadContexts      : HHH000100: Fail-safe cleanup (collections) : org.hibernate.engine.loading.internal.CollectionLoadContext@7f285bb6<rs=HikariProxyResultSet@154694675 wrapping rs4770: null>
?[0m?[0;34m2023-03-31 16:06:16.285  WARN 29781 --- [nio-8080-exec-3] o.h.e.loading.internal.LoadContexts      : HHH000100: Fail-safe cleanup (collections) : org.hibernate.engine.loading.internal.CollectionLoadContext@75bfed2b<rs=HikariProxyResultSet@1793015956 wrapping rs5008: null>
?[0m?[0;34m2023-03-31 16:06:16.285  WARN 29781 --- [nio-8080-exec-3] o.h.e.loading.internal.LoadContexts      : HHH000100: Fail-safe cleanup (collections) : org.hibernate.engine.loading.internal.CollectionLoadContext@3176fa7a<rs=HikariProxyResultSet@871582997 wrapping rs5095: null>
?[0m?[0;34m2023-03-31 16:06:16.285  WARN 29781 --- [nio-8080-exec-3] o.h.e.loading.internal.LoadContexts      : HHH000100: Fail-safe cleanup (collections) : org.hibernate.engine.loading.internal.CollectionLoadContext@36938680<rs=HikariProxyResultSet@1925909015 wrapping rs4961: null>
?[0m?[0;34m2023-03-31 16:06:16.285  WARN 29781 --- [nio-8080-exec-3] o.h.e.loading.internal.LoadContexts      : HHH000100: Fail-safe cleanup (collections) : org.hibernate.engine.loading.internal.CollectionLoadContext@b5b9e0f<rs=HikariProxyResultSet@1223325465 wrapping rs4867: null>
?[0m?[0;34m2023-03-31 16:06:16.285  WARN 29781 --- [nio-8080-exec-3] o.h.e.loading.internal.LoadContexts      : HHH000100: Fail-safe cleanup (collections) : org.hibernate.engine.loading.internal.CollectionLoadContext@187fcfa<rs=HikariProxyResultSet@1454395290 wrapping rs4843: null>
?[0m?[0;34m2023-03-31 16:06:16.285  WARN 29781 --- [nio-8080-exec-3] o.h.e.loading.internal.LoadContexts      : HHH000100: Fail-safe cleanup (collections) : org.hibernate.engine.loading.internal.CollectionLoadContext@7a4739a<rs=HikariProxyResultSet@272091163 wrapping rs4677: null>
?[0m?[0;34m2023-03-31 16:06:16.285  WARN 29781 --- [nio-8080-exec-3] o.h.e.loading.internal.LoadContexts      : HHH000100: Fail-safe cleanup (collections) : org.hibernate.engine.loading.internal.CollectionLoadContext@2da94268<rs=HikariProxyResultSet@1352287646 wrapping rs4687: null>
?[0m?[0;34m2023-03-31 16:06:16.285  WARN 29781 --- [nio-8080-exec-3] o.h.e.loading.internal.LoadContexts      : HHH000100: Fail-safe cleanup (collections) : org.hibernate.engine.loading.internal.CollectionLoadContext@7ad50a34<rs=HikariProxyResultSet@831417121 wrapping rs4591: null>
?[0m?[0;34m2023-03-31 16:06:16.285  WARN 29781 --- [nio-8080-exec-3] o.h.e.loading.internal.LoadContexts      : HHH000100: Fail-safe cleanup (collections) : org.hibernate.engine.loading.internal.CollectionLoadContext@448b59b8<rs=HikariProxyResultSet@2008778658 wrapping rs4726: null>
?[0m?[0;34m2023-03-31 16:06:16.285  WARN 29781 --- [nio-8080-exec-3] o.h.e.loading.internal.LoadContexts      : HHH000100: Fail-safe cleanup (collections) : org.hibernate.engine.loading.internal.CollectionLoadContext@6017da10<rs=HikariProxyResultSet@280327203 wrapping rs4828: null>
?[0m?[0;34m2023-03-31 16:06:16.285  WARN 29781 --- [nio-8080-exec-3] o.h.e.loading.internal.LoadContexts      : HHH000100: Fail-safe cleanup (collections) : org.hibernate.engine.loading.internal.CollectionLoadContext@7ca6e78<rs=HikariProxyResultSet@1232844835 wrapping rs5069: null>
?[0m?[0;34m2023-03-31 16:06:16.285  WARN 29781 --- [nio-8080-exec-3] o.h.e.loading.internal.LoadContexts      : HHH000100: Fail-safe cleanup (collections) : org.hibernate.engine.loading.internal.CollectionLoadContext@551c401f<rs=HikariProxyResultSet@807816743 wrapping rs4651: null>
?[0m?[0;34m2023-03-31 16:06:16.285  WARN 29781 --- [nio-8080-exec-3] o.h.e.loading.internal.LoadContexts      : HHH000100: Fail-safe cleanup (collections) : org.hibernate.engine.loading.internal.CollectionLoadContext@4bc4959d<rs=HikariProxyResultSet@1703712424 wrapping rs4702: null>
?[0m?[0;34m2023-03-31 16:06:16.285  WARN 29781 --- [nio-8080-exec-3] o.h.e.loading.internal.LoadContexts      : HHH000100: Fail-safe cleanup (collections) : org.hibernate.engine.loading.internal.CollectionLoadContext@15dd11af<rs=HikariProxyResultSet@995083049 wrapping rs4599: null>
?[0m?[0;34m2023-03-31 16:06:16.285  WARN 29781 --- [nio-8080-exec-3] o.h.e.loading.internal.LoadContexts      : HHH000100: Fail-safe cleanup (collections) : org.hibernate.engine.loading.internal.CollectionLoadContext@413004c2<rs=HikariProxyResultSet@1385186089 wrapping rs4680: null>
?[0m?[0;34m2023-03-31 16:06:16.285  WARN 29781 --- [nio-8080-exec-3] o.h.e.loading.internal.LoadContexts      : HHH000100: Fail-safe cleanup (collections) : org.hibernate.engine.loading.internal.CollectionLoadContext@769ba843<rs=HikariProxyResultSet@173178407 wrapping rs4720: null>
?[0m?[0;34m2023-03-31 16:06:16.285  WARN 29781 --- [nio-8080-exec-3] o.h.e.loading.internal.LoadContexts      : HHH000100: Fail-safe cleanup (collections) : org.hibernate.engine.loading.internal.CollectionLoadContext@191ca370<rs=HikariProxyResultSet@46220460 wrapping rs4734: null>
?[0m?[0;34m2023-03-31 16:06:16.285  WARN 29781 --- [nio-8080-exec-3] o.h.e.loading.internal.LoadContexts      : HHH000100: Fail-safe cleanup (collections) : org.hibernate.engine.loading.internal.CollectionLoadContext@64b19995<rs=HikariProxyResultSet@645882157 wrapping rs4951: null>
?[0m?[0;34m2023-03-31 16:06:16.285  WARN 29781 --- [nio-8080-exec-3] o.h.e.loading.internal.LoadContexts      : HHH000100: Fail-safe cleanup (collections) : org.hibernate.engine.loading.internal.CollectionLoadContext@256687d5<rs=HikariProxyResultSet@1003935150 wrapping rs4637: null>
?[0m?[0;34m2023-03-31 16:06:16.285  WARN 29781 --- [nio-8080-exec-3] o.h.e.loading.internal.LoadContexts      : HHH000100: Fail-safe cleanup (collections) : org.hibernate.engine.loading.internal.CollectionLoadContext@e94ea8a<rs=HikariProxyResultSet@631708078 wrapping rs4912: null>
?[0m?[0;34m2023-03-31 16:06:16.285  WARN 29781 --- [nio-8080-exec-3] o.h.e.loading.internal.LoadContexts      : HHH000100: Fail-safe cleanup (collections) : org.hibernate.engine.loading.internal.CollectionLoadContext@726fcf0b<rs=HikariProxyResultSet@2036193831 wrapping rs5028: null>
?[0m?[0;34m2023-03-31 16:06:16.285  WARN 29781 --- [nio-8080-exec-3] o.h.e.loading.internal.LoadContexts      : HHH000100: Fail-safe cleanup (collections) : org.hibernate.engine.loading.internal.CollectionLoadContext@1a7a9de2<rs=HikariProxyResultSet@301472561 wrapping rs4709: null>
?[0m?[0;34m2023-03-31 16:06:16.285  WARN 29781 --- [nio-8080-exec-3] o.h.e.loading.internal.LoadContexts      : HHH000100: Fail-safe cleanup (collections) : org.hibernate.engine.loading.internal.CollectionLoadContext@b33f957<rs=HikariProxyResultSet@1628722098 wrapping rs4787: null>
?[0m?[0;34m2023-03-31 16:06:16.285  WARN 29781 --- [nio-8080-exec-3] o.h.e.loading.internal.LoadContexts      : HHH000100: Fail-safe cleanup (collections) : org.hibernate.engine.loading.internal.CollectionLoadContext@225a9201<rs=HikariProxyResultSet@886813489 wrapping rs4788: null>
?[0m?[0;34m2023-03-31 16:06:16.285  WARN 29781 --- [nio-8080-exec-3] o.h.e.loading.internal.LoadContexts      : HHH000100: Fail-safe cleanup (collections) : org.hibernate.engine.loading.internal.CollectionLoadContext@2ec116d6<rs=HikariProxyResultSet@1942911285 wrapping rs4750: null>
?[0m?[0;34m2023-03-31 16:06:16.285  WARN 29781 --- [nio-8080-exec-3] o.h.e.loading.internal.LoadContexts      : HHH000100: Fail-safe cleanup (collections) : org.hibernate.engine.loading.internal.CollectionLoadContext@601a1b61<rs=HikariProxyResultSet@1999998390 wrapping rs5098: null>
?[0m?[0;34m2023-03-31 16:06:16.285  WARN 29781 --- [nio-8080-exec-3] o.h.e.loading.internal.LoadContexts      : HHH000100: Fail-safe cleanup (collections) : org.hibernate.engine.loading.internal.CollectionLoadContext@74f7bf74<rs=HikariProxyResultSet@804299319 wrapping rs4625: null>
?[0m?[0;34m2023-03-31 16:06:16.285  WARN 29781 --- [nio-8080-exec-3] o.h.e.loading.internal.LoadContexts      : HHH000100: Fail-safe cleanup (collections) : org.hibernate.engine.loading.internal.CollectionLoadContext@2cbf171<rs=HikariProxyResultSet@386234556 wrapping rs4593: null>
?[0m?[0;34m2023-03-31 16:06:16.285  WARN 29781 --- [nio-8080-exec-3] o.h.e.loading.internal.LoadContexts      : HHH000100: Fail-safe cleanup (collections) : org.hibernate.engine.loading.internal.CollectionLoadContext@241a2058<rs=HikariProxyResultSet@1313687869 wrapping rs5049: null>
?[0m?[0;34m2023-03-31 16:06:16.285  WARN 29781 --- [nio-8080-exec-3] o.h.e.loading.internal.LoadContexts      : HHH000100: Fail-safe cleanup (collections) : org.hibernate.engine.loading.internal.CollectionLoadContext@14ebe6a9<rs=HikariProxyResultSet@1511584956 wrapping rs5105: null>
?[0m?[0;34m2023-03-31 16:06:16.285  WARN 29781 --- [nio-8080-exec-3] o.h.e.loading.internal.LoadContexts      : HHH000100: Fail-safe cleanup (collections) : org.hibernate.engine.loading.internal.CollectionLoadContext@5daee75f<rs=HikariProxyResultSet@1874727745 wrapping rs4953: null>
?[0m?[0;34m2023-03-31 16:06:16.285  WARN 29781 --- [nio-8080-exec-3] o.h.e.loading.internal.LoadContexts      : HHH000100: Fail-safe cleanup (collections) : org.hibernate.engine.loading.internal.CollectionLoadContext@b3c5e2<rs=HikariProxyResultSet@710746050 wrapping rs4739: null>
?[0m?[0;34m2023-03-31 16:06:16.285  WARN 29781 --- [nio-8080-exec-3] o.h.e.loading.internal.LoadContexts      : HHH000100: Fail-safe cleanup (collections) : org.hibernate.engine.loading.internal.CollectionLoadContext@75de2d4c<rs=HikariProxyResultSet@922699585 wrapping rs5070: null>
?[0m?[0;34m2023-03-31 16:06:16.285  WARN 29781 --- [nio-8080-exec-3] o.h.e.loading.internal.LoadContexts      : HHH000100: Fail-safe cleanup (collections) : org.hibernate.engine.loading.internal.CollectionLoadContext@3ecb43f0<rs=HikariProxyResultSet@2115401924 wrapping rs5020: null>
?[0m?[0;34m2023-03-31 16:06:16.285  WARN 29781 --- [nio-8080-exec-3] o.h.e.loading.internal.LoadContexts      : HHH000100: Fail-safe cleanup (collections) : org.hibernate.engine.loading.internal.CollectionLoadContext@14f5cf69<rs=HikariProxyResultSet@1863741765 wrapping rs4825: null>
?[0m?[0;34m2023-03-31 16:06:16.285  WARN 29781 --- [nio-8080-exec-3] o.h.e.loading.internal.LoadContexts      : HHH000100: Fail-safe cleanup (collections) : org.hibernate.engine.loading.internal.CollectionLoadContext@a7794c0<rs=HikariProxyResultSet@1539215685 wrapping rs4937: null>
?[0m?[0;34m2023-03-31 16:06:16.285  WARN 29781 --- [nio-8080-exec-3] o.h.e.loading.internal.LoadContexts      : HHH000100: Fail-safe cleanup (collections) : org.hibernate.engine.loading.internal.CollectionLoadContext@ec77c8f<rs=HikariProxyResultSet@848408772 wrapping rs5097: null>
?[0m?[0;34m2023-03-31 16:06:16.285  WARN 29781 --- [nio-8080-exec-3] o.h.e.loading.internal.LoadContexts      : HHH000100: Fail-safe cleanup (collections) : org.hibernate.engine.loading.internal.CollectionLoadContext@6a777a64<rs=HikariProxyResultSet@10853709 wrapping rs4718: null>
?[0m?[0;34m2023-03-31 16:06:16.285  WARN 29781 --- [nio-8080-exec-3] o.h.e.loading.internal.LoadContexts      : HHH000100: Fail-safe cleanup (collections) : org.hibernate.engine.loading.internal.CollectionLoadContext@50c36ec4<rs=HikariProxyResultSet@1000842073 wrapping rs4943: null>
?[0m?[0;34m2023-03-31 16:06:16.285  WARN 29781 --- [nio-8080-exec-3] o.h.e.loading.internal.LoadContexts      : HHH000100: Fail-safe cleanup (collections) : org.hibernate.engine.loading.internal.CollectionLoadContext@66243188<rs=HikariProxyResultSet@561318874 wrapping rs4832: null>
?[0m?[0;34m2023-03-31 16:06:16.285  WARN 29781 --- [nio-8080-exec-3] o.h.e.loading.internal.LoadContexts      : HHH000100: Fail-safe cleanup (collections) : org.hibernate.engine.loading.internal.CollectionLoadContext@53b20ac7<rs=HikariProxyResultSet@2090742367 wrapping rs4910: null>
?[0m?[0;34m2023-03-31 16:06:16.285  WARN 29781 --- [nio-8080-exec-3] o.h.e.loading.internal.LoadContexts      : HHH000100: Fail-safe cleanup (collections) : org.hibernate.engine.loading.internal.CollectionLoadContext@247fe8f<rs=HikariProxyResultSet@608063329 wrapping rs4649: null>
?[0m?[0;34m2023-03-31 16:06:16.285  WARN 29781 --- [nio-8080-exec-3] o.h.e.loading.internal.LoadContexts      : HHH000100: Fail-safe cleanup (collections) : org.hibernate.engine.loading.internal.CollectionLoadContext@4939054d<rs=HikariProxyResultSet@2139321185 wrapping rs4812: null>
?[0m?[0;34m2023-03-31 16:06:16.285  WARN 29781 --- [nio-8080-exec-3] o.h.e.loading.internal.LoadContexts      : HHH000100: Fail-safe cleanup (collections) : org.hibernate.engine.loading.internal.CollectionLoadContext@e56c593<rs=HikariProxyResultSet@609332065 wrapping rs4878: null>
?[0m?[0;34m2023-03-31 16:06:16.285  WARN 29781 --- [nio-8080-exec-3] o.h.e.loading.internal.LoadContexts      : HHH000100: Fail-safe cleanup (collections) : org.hibernate.engine.loading.internal.CollectionLoadContext@4d7112ac<rs=HikariProxyResultSet@2005291752 wrapping rs4977: null>
?[0m?[0;34m2023-03-31 16:06:16.285  WARN 29781 --- [nio-8080-exec-3] o.h.e.loading.internal.LoadContexts      : HHH000100: Fail-safe cleanup (collections) : org.hibernate.engine.loading.internal.CollectionLoadContext@70ff3e0b<rs=HikariProxyResultSet@1393741673 wrapping rs4740: null>
?[0m?[0;34m2023-03-31 16:06:16.285  WARN 29781 --- [nio-8080-exec-3] o.h.e.loading.internal.LoadContexts      : HHH000100: Fail-safe cleanup (collections) : org.hibernate.engine.loading.internal.CollectionLoadContext@71ed5e34<rs=HikariProxyResultSet@1190882282 wrapping rs4618: null>
?[0m?[0;34m2023-03-31 16:06:16.286  WARN 29781 --- [nio-8080-exec-3] o.h.e.loading.internal.LoadContexts      : HHH000100: Fail-safe cleanup (collections) : org.hibernate.engine.loading.internal.CollectionLoadContext@492f67c7<rs=HikariProxyResultSet@193136489 wrapping rs4805: null>
?[0m?[0;34m2023-03-31 16:06:16.286  WARN 29781 --- [nio-8080-exec-3] o.h.e.loading.internal.LoadContexts      : HHH000100: Fail-safe cleanup (collections) : org.hibernate.engine.loading.internal.CollectionLoadContext@c8ef83c<rs=HikariProxyResultSet@1222751597 wrapping rs4814: null>
?[0m?[0;34m2023-03-31 16:06:16.286  WARN 29781 --- [nio-8080-exec-3] o.h.e.loading.internal.LoadContexts      : HHH000100: Fail-safe cleanup (collections) : org.hibernate.engine.loading.internal.CollectionLoadContext@58890c0<rs=HikariProxyResultSet@110280174 wrapping rs4931: null>
?[0m?[0;34m2023-03-31 16:06:16.286  WARN 29781 --- [nio-8080-exec-3] o.h.e.loading.internal.LoadContexts      : HHH000100: Fail-safe cleanup (collections) : org.hibernate.engine.loading.internal.CollectionLoadContext@1e0f72bb<rs=HikariProxyResultSet@649529709 wrapping rs5057: null>
?[0m?[0;34m2023-03-31 16:06:16.286  WARN 29781 --- [nio-8080-exec-3] o.h.e.loading.internal.LoadContexts      : HHH000100: Fail-safe cleanup (collections) : org.hibernate.engine.loading.internal.CollectionLoadContext@2c2c2fe2<rs=HikariProxyResultSet@1495383026 wrapping rs5045: null>
?[0m?[0;34m2023-03-31 16:06:16.286  WARN 29781 --- [nio-8080-exec-3] o.h.e.loading.internal.LoadContexts      : HHH000100: Fail-safe cleanup (collections) : org.hibernate.engine.loading.internal.CollectionLoadContext@57186d43<rs=HikariProxyResultSet@1139488117 wrapping rs4864: null>
?[0m?[0;34m2023-03-31 16:06:16.286  WARN 29781 --- [nio-8080-exec-3] o.h.e.loading.internal.LoadContexts      : HHH000100: Fail-safe cleanup (collections) : org.hibernate.engine.loading.internal.CollectionLoadContext@1657e9f0<rs=HikariProxyResultSet@1485141752 wrapping rs4956: null>
?[0m?[0;34m2023-03-31 16:06:16.286  WARN 29781 --- [nio-8080-exec-3] o.h.e.loading.internal.LoadContexts      : HHH000100: Fail-safe cleanup (collections) : org.hibernate.engine.loading.internal.CollectionLoadContext@7328cb2b<rs=HikariProxyResultSet@1055526777 wrapping rs4769: null>
?[0m?[0;34m2023-03-31 16:06:16.286  WARN 29781 --- [nio-8080-exec-3] o.h.e.loading.internal.LoadContexts      : HHH000100: Fail-safe cleanup (collections) : org.hibernate.engine.loading.internal.CollectionLoadContext@3eb6a993<rs=HikariProxyResultSet@525458168 wrapping rs5039: null>
?[0m?[0;34m2023-03-31 16:06:16.286  WARN 29781 --- [nio-8080-exec-3] o.h.e.loading.internal.LoadContexts      : HHH000100: Fail-safe cleanup (collections) : org.hibernate.engine.loading.internal.CollectionLoadContext@2ad0b973<rs=HikariProxyResultSet@583412859 wrapping rs4835: null>
?[0m?[0;34m2023-03-31 16:06:16.286  WARN 29781 --- [nio-8080-exec-3] o.h.e.loading.internal.LoadContexts      : HHH000100: Fail-safe cleanup (collections) : org.hibernate.engine.loading.internal.CollectionLoadContext@3e1ddb0<rs=HikariProxyResultSet@1159386364 wrapping rs4754: null>
?[0m?[0;34m2023-03-31 16:06:16.286  WARN 29781 --- [nio-8080-exec-3] o.h.e.loading.internal.LoadContexts      : HHH000100: Fail-safe cleanup (collections) : org.hibernate.engine.loading.internal.CollectionLoadContext@36a52f74<rs=HikariProxyResultSet@306861437 wrapping rs4606: null>
?[0m?[0;34m2023-03-31 16:06:16.286  WARN 29781 --- [nio-8080-exec-3] o.h.e.loading.internal.LoadContexts      : HHH000100: Fail-safe cleanup (collections) : org.hibernate.engine.loading.internal.CollectionLoadContext@3d54f202<rs=HikariProxyResultSet@2016213115 wrapping rs4901: null>
?[0m?[0;34m2023-03-31 16:06:16.286  WARN 29781 --- [nio-8080-exec-3] o.h.e.loading.internal.LoadContexts      : HHH000100: Fail-safe cleanup (collections) : org.hibernate.engine.loading.internal.CollectionLoadContext@1260dffa<rs=HikariProxyResultSet@1594565884 wrapping rs4926: null>
?[0m?[0;34m2023-03-31 16:06:16.286  WARN 29781 --- [nio-8080-exec-3] o.h.e.loading.internal.LoadContexts      : HHH000100: Fail-safe cleanup (collections) : org.hibernate.engine.loading.internal.CollectionLoadContext@1fe19c5b<rs=HikariProxyResultSet@368532603 wrapping rs5012: null>
?[0m?[0;34m2023-03-31 16:06:16.286  WARN 29781 --- [nio-8080-exec-3] o.h.e.loading.internal.LoadContexts      : HHH000100: Fail-safe cleanup (collections) : org.hibernate.engine.loading.internal.CollectionLoadContext@a0ce5c<rs=HikariProxyResultSet@692440961 wrapping rs4653: null>
?[0m?[0;34m2023-03-31 16:06:16.286  WARN 29781 --- [nio-8080-exec-3] o.h.e.loading.internal.LoadContexts      : HHH000100: Fail-safe cleanup (collections) : org.hibernate.engine.loading.internal.CollectionLoadContext@1a7ef8a8<rs=HikariProxyResultSet@325211009 wrapping rs4756: null>
?[0m?[0;34m2023-03-31 16:06:16.286  WARN 29781 --- [nio-8080-exec-3] o.h.e.loading.internal.LoadContexts      : HHH000100: Fail-safe cleanup (collections) : org.hibernate.engine.loading.internal.CollectionLoadContext@e757b12<rs=HikariProxyResultSet@2015235203 wrapping rs4800: null>
?[0m?[0;34m2023-03-31 16:06:16.286  WARN 29781 --- [nio-8080-exec-3] o.h.e.loading.internal.LoadContexts      : HHH000100: Fail-safe cleanup (collections) : org.hibernate.engine.loading.internal.CollectionLoadContext@1d653dc3<rs=HikariProxyResultSet@2047484164 wrapping rs4635: null>
?[0m?[0;34m2023-03-31 16:06:16.286  WARN 29781 --- [nio-8080-exec-3] o.h.e.loading.internal.LoadContexts      : HHH000100: Fail-safe cleanup (collections) : org.hibernate.engine.loading.internal.CollectionLoadContext@1b31c21d<rs=HikariProxyResultSet@1168216324 wrapping rs4755: null>
?[0m?[0;34m2023-03-31 16:06:16.286  WARN 29781 --- [nio-8080-exec-3] o.h.e.loading.internal.LoadContexts      : HHH000100: Fail-safe cleanup (collections) : org.hibernate.engine.loading.internal.CollectionLoadContext@76e7d26b<rs=HikariProxyResultSet@1440916611 wrapping rs4903: null>
?[0m?[0;34m2023-03-31 16:06:16.286  WARN 29781 --- [nio-8080-exec-3] o.h.e.loading.internal.LoadContexts      : HHH000100: Fail-safe cleanup (collections) : org.hibernate.engine.loading.internal.CollectionLoadContext@53ef8a4e<rs=HikariProxyResultSet@1726363271 wrapping rs4804: null>
?[0m?[0;34m2023-03-31 16:06:16.286  WARN 29781 --- [nio-8080-exec-3] o.h.e.loading.internal.LoadContexts      : HHH000100: Fail-safe cleanup (collections) : org.hibernate.engine.loading.internal.CollectionLoadContext@67502ed5<rs=HikariProxyResultSet@1796324999 wrapping rs5047: null>
?[0m?[0;34m2023-03-31 16:06:16.286  WARN 29781 --- [nio-8080-exec-3] o.h.e.loading.internal.LoadContexts      : HHH000100: Fail-safe cleanup (collections) : org.hibernate.engine.loading.internal.CollectionLoadContext@72642908<rs=HikariProxyResultSet@1736591241 wrapping rs4629: null>
?[0m?[0;34m2023-03-31 16:06:16.286  WARN 29781 --- [nio-8080-exec-3] o.h.e.loading.internal.LoadContexts      : HHH000100: Fail-safe cleanup (collections) : org.hibernate.engine.loading.internal.CollectionLoadContext@3ad8d9a5<rs=HikariProxyResultSet@1196065673 wrapping rs4933: null>
?[0m?[0;34m2023-03-31 16:06:16.286  WARN 29781 --- [nio-8080-exec-3] o.h.e.loading.internal.LoadContexts      : HHH000100: Fail-safe cleanup (collections) : org.hibernate.engine.loading.internal.CollectionLoadContext@154a894a<rs=HikariProxyResultSet@1981546635 wrapping rs4764: null>
?[0m?[0;34m2023-03-31 16:06:16.286  WARN 29781 --- [nio-8080-exec-3] o.h.e.loading.internal.LoadContexts      : HHH000100: Fail-safe cleanup (collections) : org.hibernate.engine.loading.internal.CollectionLoadContext@738a3bb0<rs=HikariProxyResultSet@1030089101 wrapping rs4934: null>
?[0m?[0;34m2023-03-31 16:06:16.286  WARN 29781 --- [nio-8080-exec-3] o.h.e.loading.internal.LoadContexts      : HHH000100: Fail-safe cleanup (collections) : org.hibernate.engine.loading.internal.CollectionLoadContext@20f570a0<rs=HikariProxyResultSet@1364518672 wrapping rs4724: null>
?[0m?[0;34m2023-03-31 16:06:16.286  WARN 29781 --- [nio-8080-exec-3] o.h.e.loading.internal.LoadContexts      : HHH000100: Fail-safe cleanup (collections) : org.hibernate.engine.loading.internal.CollectionLoadContext@5c9c90ea<rs=HikariProxyResultSet@384044945 wrapping rs4745: null>
?[0m?[0;34m2023-03-31 16:06:16.286  WARN 29781 --- [nio-8080-exec-3] o.h.e.loading.internal.LoadContexts      : HHH000100: Fail-safe cleanup (collections) : org.hibernate.engine.loading.internal.CollectionLoadContext@1d5d42ea<rs=HikariProxyResultSet@1301620496 wrapping rs4924: null>
?[0m?[0;34m2023-03-31 16:06:16.286  WARN 29781 --- [nio-8080-exec-3] o.h.e.loading.internal.LoadContexts      : HHH000100: Fail-safe cleanup (collections) : org.hibernate.engine.loading.internal.CollectionLoadContext@3f28bd4a<rs=HikariProxyResultSet@1487195283 wrapping rs4774: null>
?[0m?[0;34m2023-03-31 16:06:16.286  WARN 29781 --- [nio-8080-exec-3] o.h.e.loading.internal.LoadContexts      : HHH000100: Fail-safe cleanup (collections) : org.hibernate.engine.loading.internal.CollectionLoadContext@34d3aa7f<rs=HikariProxyResultSet@1115210004 wrapping rs4731: null>
?[0m?[0;34m2023-03-31 16:06:16.286  WARN 29781 --- [nio-8080-exec-3] o.h.e.loading.internal.LoadContexts      : HHH000100: Fail-safe cleanup (collections) : org.hibernate.engine.loading.internal.CollectionLoadContext@c7077cf<rs=HikariProxyResultSet@2124220950 wrapping rs5018: null>
?[0m?[0;34m2023-03-31 16:06:16.286  WARN 29781 --- [nio-8080-exec-3] o.h.e.loading.internal.LoadContexts      : HHH000100: Fail-safe cleanup (collections) : org.hibernate.engine.loading.internal.CollectionLoadContext@7b4d3eb9<rs=HikariProxyResultSet@181071769 wrapping rs4983: null>
?[0m?[0;34m2023-03-31 16:06:16.286  WARN 29781 --- [nio-8080-exec-3] o.h.e.loading.internal.LoadContexts      : HHH000100: Fail-safe cleanup (collections) : org.hibernate.engine.loading.internal.CollectionLoadContext@1750e77<rs=HikariProxyResultSet@1231576993 wrapping rs4600: null>
?[0m?[0;34m2023-03-31 16:06:16.286  WARN 29781 --- [nio-8080-exec-3] o.h.e.loading.internal.LoadContexts      : HHH000100: Fail-safe cleanup (collections) : org.hibernate.engine.loading.internal.CollectionLoadContext@285cdc74<rs=HikariProxyResultSet@5396385 wrapping rs5066: null>
?[0m?[0;34m2023-03-31 16:06:16.286  WARN 29781 --- [nio-8080-exec-3] o.h.e.loading.internal.LoadContexts      : HHH000100: Fail-safe cleanup (collections) : org.hibernate.engine.loading.internal.CollectionLoadContext@279d08bf<rs=HikariProxyResultSet@755401891 wrapping rs4889: null>
?[0m?[0;34m2023-03-31 16:06:16.286  WARN 29781 --- [nio-8080-exec-3] o.h.e.loading.internal.LoadContexts      : HHH000100: Fail-safe cleanup (collections) : org.hibernate.engine.loading.internal.CollectionLoadContext@35b75203<rs=HikariProxyResultSet@1030860971 wrapping rs4594: null>
?[0m?[0;34m2023-03-31 16:06:16.286  WARN 29781 --- [nio-8080-exec-3] o.h.e.loading.internal.LoadContexts      : HHH000100: Fail-safe cleanup (collections) : org.hibernate.engine.loading.internal.CollectionLoadContext@1c18e474<rs=HikariProxyResultSet@341008684 wrapping rs4798: null>
?[0m?[0;34m2023-03-31 16:06:16.286  WARN 29781 --- [nio-8080-exec-3] o.h.e.loading.internal.LoadContexts      : HHH000100: Fail-safe cleanup (collections) : org.hibernate.engine.loading.internal.CollectionLoadContext@52e934ff<rs=HikariProxyResultSet@920342578 wrapping rs4646: null>
?[0m?[0;34m2023-03-31 16:06:16.286  WARN 29781 --- [nio-8080-exec-3] o.h.e.loading.internal.LoadContexts      : HHH000100: Fail-safe cleanup (collections) : org.hibernate.engine.loading.internal.CollectionLoadContext@1d7e06ed<rs=HikariProxyResultSet@59600180 wrapping rs4970: null>
?[0m?[0;34m2023-03-31 16:06:16.286  WARN 29781 --- [nio-8080-exec-3] o.h.e.loading.internal.LoadContexts      : HHH000100: Fail-safe cleanup (collections) : org.hibernate.engine.loading.internal.CollectionLoadContext@12d6780b<rs=HikariProxyResultSet@1040745143 wrapping rs4826: null>
?[0m?[0;34m2023-03-31 16:06:16.286  WARN 29781 --- [nio-8080-exec-3] o.h.e.loading.internal.LoadContexts      : HHH000100: Fail-safe cleanup (collections) : org.hibernate.engine.loading.internal.CollectionLoadContext@49b60561<rs=HikariProxyResultSet@499661624 wrapping rs5001: null>
?[0m?[0;34m2023-03-31 16:06:16.286  WARN 29781 --- [nio-8080-exec-3] o.h.e.loading.internal.LoadContexts      : HHH000100: Fail-safe cleanup (collections) : org.hibernate.engine.loading.internal.CollectionLoadContext@52638e64<rs=HikariProxyResultSet@2031270970 wrapping rs4946: null>
?[0m?[0;34m2023-03-31 16:06:16.286  WARN 29781 --- [nio-8080-exec-3] o.h.e.loading.internal.LoadContexts      : HHH000100: Fail-safe cleanup (collections) : org.hibernate.engine.loading.internal.CollectionLoadContext@3f47b3ab<rs=HikariProxyResultSet@28983999 wrapping rs4706: null>
?[0m?[0;34m2023-03-31 16:06:16.286  WARN 29781 --- [nio-8080-exec-3] o.h.e.loading.internal.LoadContexts      : HHH000100: Fail-safe cleanup (collections) : org.hibernate.engine.loading.internal.CollectionLoadContext@1ef09268<rs=HikariProxyResultSet@1341251650 wrapping rs4704: null>
?[0m?[0;34m2023-03-31 16:06:16.286  WARN 29781 --- [nio-8080-exec-3] o.h.e.loading.internal.LoadContexts      : HHH000100: Fail-safe cleanup (collections) : org.hibernate.engine.loading.internal.CollectionLoadContext@679401da<rs=HikariProxyResultSet@2070689987 wrapping rs5100: null>
?[0m?[0;34m2023-03-31 16:06:16.286  WARN 29781 --- [nio-8080-exec-3] o.h.e.loading.internal.LoadContexts      : HHH000100: Fail-safe cleanup (collections) : org.hibernate.engine.loading.internal.CollectionLoadContext@294aa3e2<rs=HikariProxyResultSet@1310690886 wrapping rs4895: null>
?[0m?[0;34m2023-03-31 16:06:16.286  WARN 29781 --- [nio-8080-exec-3] o.h.e.loading.internal.LoadContexts      : HHH000100: Fail-safe cleanup (collections) : org.hibernate.engine.loading.internal.CollectionLoadContext@2b12978b<rs=HikariProxyResultSet@1783497286 wrapping rs4940: null>
?[0m?[0;34m2023-03-31 16:06:16.286  WARN 29781 --- [nio-8080-exec-3] o.h.e.loading.internal.LoadContexts      : HHH000100: Fail-safe cleanup (collections) : org.hibernate.engine.loading.internal.CollectionLoadContext@31eb3353<rs=HikariProxyResultSet@862854984 wrapping rs4793: null>
?[0m?[0;34m2023-03-31 16:06:16.286  WARN 29781 --- [nio-8080-exec-3] o.h.e.loading.internal.LoadContexts      : HHH000100: Fail-safe cleanup (collections) : org.hibernate.engine.loading.internal.CollectionLoadContext@76367e65<rs=HikariProxyResultSet@1610458952 wrapping rs5084: null>
?[0m?[0;34m2023-03-31 16:06:16.286  WARN 29781 --- [nio-8080-exec-3] o.h.e.loading.internal.LoadContexts      : HHH000100: Fail-safe cleanup (collections) : org.hibernate.engine.loading.internal.CollectionLoadContext@a1f96f2<rs=HikariProxyResultSet@1862991817 wrapping rs5110: null>
?[0m?[0;34m2023-03-31 16:06:16.286  WARN 29781 --- [nio-8080-exec-3] o.h.e.loading.internal.LoadContexts      : HHH000100: Fail-safe cleanup (collections) : org.hibernate.engine.loading.internal.CollectionLoadContext@358ef6f5<rs=HikariProxyResultSet@1900353868 wrapping rs4927: null>
?[0m?[0;34m2023-03-31 16:06:16.286  WARN 29781 --- [nio-8080-exec-3] o.h.e.loading.internal.LoadContexts      : HHH000100: Fail-safe cleanup (collections) : org.hibernate.engine.loading.internal.CollectionLoadContext@5d972abc<rs=HikariProxyResultSet@257475408 wrapping rs4922: null>
?[0m?[0;34m2023-03-31 16:06:16.286  WARN 29781 --- [nio-8080-exec-3] o.h.e.loading.internal.LoadContexts      : HHH000100: Fail-safe cleanup (collections) : org.hibernate.engine.loading.internal.CollectionLoadContext@1897b23d<rs=HikariProxyResultSet@1113499730 wrapping rs4672: null>
?[0m?[0;34m2023-03-31 16:06:16.287  WARN 29781 --- [nio-8080-exec-3] o.h.e.loading.internal.LoadContexts      : HHH000100: Fail-safe cleanup (collections) : org.hibernate.engine.loading.internal.CollectionLoadContext@6ec90fdb<rs=HikariProxyResultSet@315946324 wrapping rs4944: null>
?[0m?[0;34m2023-03-31 16:06:16.287  WARN 29781 --- [nio-8080-exec-3] o.h.e.loading.internal.LoadContexts      : HHH000100: Fail-safe cleanup (collections) : org.hibernate.engine.loading.internal.CollectionLoadContext@2cb265a9<rs=HikariProxyResultSet@1853133269 wrapping rs4794: null>
?[0m?[0;34m2023-03-31 16:06:16.287  WARN 29781 --- [nio-8080-exec-3] o.h.e.loading.internal.LoadContexts      : HHH000100: Fail-safe cleanup (collections) : org.hibernate.engine.loading.internal.CollectionLoadContext@48946849<rs=HikariProxyResultSet@457782741 wrapping rs4906: null>
?[0m?[0;34m2023-03-31 16:06:16.287  WARN 29781 --- [nio-8080-exec-3] o.h.e.loading.internal.LoadContexts      : HHH000100: Fail-safe cleanup (collections) : org.hibernate.engine.loading.internal.CollectionLoadContext@6db72d3c<rs=HikariProxyResultSet@1853783896 wrapping rs4881: null>
?[0m?[0;34m2023-03-31 16:06:16.287  WARN 29781 --- [nio-8080-exec-3] o.h.e.loading.internal.LoadContexts      : HHH000100: Fail-safe cleanup (collections) : org.hibernate.engine.loading.internal.CollectionLoadContext@4b265086<rs=HikariProxyResultSet@1234266073 wrapping rs4590: null>
?[0m?[0;34m2023-03-31 16:06:16.287  WARN 29781 --- [nio-8080-exec-3] o.h.e.loading.internal.LoadContexts      : HHH000100: Fail-safe cleanup (collections) : org.hibernate.engine.loading.internal.CollectionLoadContext@7406fb66<rs=HikariProxyResultSet@1058356701 wrapping rs5026: null>
?[0m?[0;34m2023-03-31 16:06:16.287  WARN 29781 --- [nio-8080-exec-3] o.h.e.loading.internal.LoadContexts      : HHH000100: Fail-safe cleanup (collections) : org.hibernate.engine.loading.internal.CollectionLoadContext@1fbb038f<rs=HikariProxyResultSet@1971590750 wrapping rs4942: null>
?[0m?[0;34m2023-03-31 16:06:16.287  WARN 29781 --- [nio-8080-exec-3] o.h.e.loading.internal.LoadContexts      : HHH000100: Fail-safe cleanup (collections) : org.hibernate.engine.loading.internal.CollectionLoadContext@4b311389<rs=HikariProxyResultSet@1417443168 wrapping rs5029: null>
?[0m?[0;34m2023-03-31 16:06:16.287  WARN 29781 --- [nio-8080-exec-3] o.h.e.loading.internal.LoadContexts      : HHH000100: Fail-safe cleanup (collections) : org.hibernate.engine.loading.internal.CollectionLoadContext@326ad809<rs=HikariProxyResultSet@1785521121 wrapping rs4713: null>
?[0m?[0;34m2023-03-31 16:06:16.287  WARN 29781 --- [nio-8080-exec-3] o.h.e.loading.internal.LoadContexts      : HHH000100: Fail-safe cleanup (collections) : org.hibernate.engine.loading.internal.CollectionLoadContext@71f4d8e9<rs=HikariProxyResultSet@816109666 wrapping rs4725: null>
?[0m?[0;34m2023-03-31 16:06:16.287  WARN 29781 --- [nio-8080-exec-3] o.h.e.loading.internal.LoadContexts      : HHH000100: Fail-safe cleanup (collections) : org.hibernate.engine.loading.internal.CollectionLoadContext@36941a23<rs=HikariProxyResultSet@2129897699 wrapping rs4603: null>
?[0m?[0;34m2023-03-31 16:06:16.287  WARN 29781 --- [nio-8080-exec-3] o.h.e.loading.internal.LoadContexts      : HHH000100: Fail-safe cleanup (collections) : org.hibernate.engine.loading.internal.CollectionLoadContext@75faea23<rs=HikariProxyResultSet@1467540328 wrapping rs5015: null>
?[0m?[0;34m2023-03-31 16:06:16.287  WARN 29781 --- [nio-8080-exec-3] o.h.e.loading.internal.LoadContexts      : HHH000100: Fail-safe cleanup (collections) : org.hibernate.engine.loading.internal.CollectionLoadContext@11b4ce05<rs=HikariProxyResultSet@1455953389 wrapping rs5123: null>
?[0m?[0;34m2023-03-31 16:06:16.287  WARN 29781 --- [nio-8080-exec-3] o.h.e.loading.internal.LoadContexts      : HHH000100: Fail-safe cleanup (collections) : org.hibernate.engine.loading.internal.CollectionLoadContext@46d06f4a<rs=HikariProxyResultSet@376321138 wrapping rs4997: null>
?[0m?[0;34m2023-03-31 16:06:16.287  WARN 29781 --- [nio-8080-exec-3] o.h.e.loading.internal.LoadContexts      : HHH000100: Fail-safe cleanup (collections) : org.hibernate.engine.loading.internal.CollectionLoadContext@500320b1<rs=HikariProxyResultSet@1898175094 wrapping rs4974: null>
?[0m?[0;34m2023-03-31 16:06:16.287  WARN 29781 --- [nio-8080-exec-3] o.h.e.loading.internal.LoadContexts      : HHH000100: Fail-safe cleanup (collections) : org.hibernate.engine.loading.internal.CollectionLoadContext@728a6360<rs=HikariProxyResultSet@31907833 wrapping rs4984: null>
?[0m?[0;34m2023-03-31 16:06:16.287  WARN 29781 --- [nio-8080-exec-3] o.h.e.loading.internal.LoadContexts      : HHH000100: Fail-safe cleanup (collections) : org.hibernate.engine.loading.internal.CollectionLoadContext@45f95fd2<rs=HikariProxyResultSet@1905539323 wrapping rs4597: null>
?[0m?[0;34m2023-03-31 16:06:16.287  WARN 29781 --- [nio-8080-exec-3] o.h.e.loading.internal.LoadContexts      : HHH000100: Fail-safe cleanup (collections) : org.hibernate.engine.loading.internal.CollectionLoadContext@96c218<rs=HikariProxyResultSet@2008691963 wrapping rs4663: null>
?[0m?[0;34m2023-03-31 16:06:16.287  WARN 29781 --- [nio-8080-exec-3] o.h.e.loading.internal.LoadContexts      : HHH000100: Fail-safe cleanup (collections) : org.hibernate.engine.loading.internal.CollectionLoadContext@49597c13<rs=HikariProxyResultSet@1348541949 wrapping rs4619: null>
?[0m?[0;34m2023-03-31 16:06:16.287  WARN 29781 --- [nio-8080-exec-3] o.h.e.loading.internal.LoadContexts      : HHH000100: Fail-safe cleanup (collections) : org.hibernate.engine.loading.internal.CollectionLoadContext@6869873b<rs=HikariProxyResultSet@588223868 wrapping rs4761: null>
?[0m?[0;34m2023-03-31 16:06:16.287  WARN 29781 --- [nio-8080-exec-3] o.h.e.loading.internal.LoadContexts      : HHH000100: Fail-safe cleanup (collections) : org.hibernate.engine.loading.internal.CollectionLoadContext@67e1522b<rs=HikariProxyResultSet@898810107 wrapping rs4900: null>
?[0m?[0;34m2023-03-31 16:06:16.287  WARN 29781 --- [nio-8080-exec-3] o.h.e.loading.internal.LoadContexts      : HHH000100: Fail-safe cleanup (collections) : org.hibernate.engine.loading.internal.CollectionLoadContext@5151dacd<rs=HikariProxyResultSet@1181049083 wrapping rs4908: null>
?[0m?[0;34m2023-03-31 16:06:16.287  WARN 29781 --- [nio-8080-exec-3] o.h.e.loading.internal.LoadContexts      : HHH000100: Fail-safe cleanup (collections) : org.hibernate.engine.loading.internal.CollectionLoadContext@536a8d10<rs=HikariProxyResultSet@1276343676 wrapping rs4916: null>
?[0m?[0;34m2023-03-31 16:06:16.287  WARN 29781 --- [nio-8080-exec-3] o.h.e.loading.internal.LoadContexts      : HHH000100: Fail-safe cleanup (collections) : org.hibernate.engine.loading.internal.CollectionLoadContext@779e9819<rs=HikariProxyResultSet@1116595072 wrapping rs5013: null>
?[0m?[0;34m2023-03-31 16:06:16.287  WARN 29781 --- [nio-8080-exec-3] o.h.e.loading.internal.LoadContexts      : HHH000100: Fail-safe cleanup (collections) : org.hibernate.engine.loading.internal.CollectionLoadContext@1a83eccb<rs=HikariProxyResultSet@1773578499 wrapping rs5032: null>
?[0m?[0;34m2023-03-31 16:06:16.287  WARN 29781 --- [nio-8080-exec-3] o.h.e.loading.internal.LoadContexts      : HHH000100: Fail-safe cleanup (collections) : org.hibernate.engine.loading.internal.CollectionLoadContext@45dbdae4<rs=HikariProxyResultSet@2076990852 wrapping rs4960: null>
?[0m?[0;34m2023-03-31 16:06:16.287  WARN 29781 --- [nio-8080-exec-3] o.h.e.loading.internal.LoadContexts      : HHH000100: Fail-safe cleanup (collections) : org.hibernate.engine.loading.internal.CollectionLoadContext@425ecd42<rs=HikariProxyResultSet@1495952127 wrapping rs5055: null>
?[0m?[0;34m2023-03-31 16:06:16.287  WARN 29781 --- [nio-8080-exec-3] o.h.e.loading.internal.LoadContexts      : HHH000100: Fail-safe cleanup (collections) : org.hibernate.engine.loading.internal.CollectionLoadContext@4183cb40<rs=HikariProxyResultSet@97801096 wrapping rs5038: null>
?[0m?[0;34m2023-03-31 16:06:16.287  WARN 29781 --- [nio-8080-exec-3] o.h.e.loading.internal.LoadContexts      : HHH000100: Fail-safe cleanup (collections) : org.hibernate.engine.loading.internal.CollectionLoadContext@4463820f<rs=HikariProxyResultSet@675816715 wrapping rs4621: null>
?[0m?[0;34m2023-03-31 16:06:16.287  WARN 29781 --- [nio-8080-exec-3] o.h.e.loading.internal.LoadContexts      : HHH000100: Fail-safe cleanup (collections) : org.hibernate.engine.loading.internal.CollectionLoadContext@5f746c9d<rs=HikariProxyResultSet@665821451 wrapping rs4809: null>
?[0m?[0;34m2023-03-31 16:06:16.287  WARN 29781 --- [nio-8080-exec-3] o.h.e.loading.internal.LoadContexts      : HHH000100: Fail-safe cleanup (collections) : org.hibernate.engine.loading.internal.CollectionLoadContext@6bf49eec<rs=HikariProxyResultSet@1032368395 wrapping rs4877: null>
?[0m?[0;34m2023-03-31 16:06:16.287  WARN 29781 --- [nio-8080-exec-3] o.h.e.loading.internal.LoadContexts      : HHH000100: Fail-safe cleanup (collections) : org.hibernate.engine.loading.internal.CollectionLoadContext@34f28119<rs=HikariProxyResultSet@1862277774 wrapping rs4848: null>
?[0m?[0;34m2023-03-31 16:06:16.287  WARN 29781 --- [nio-8080-exec-3] o.h.e.loading.internal.LoadContexts      : HHH000100: Fail-safe cleanup (collections) : org.hibernate.engine.loading.internal.CollectionLoadContext@6c591e72<rs=HikariProxyResultSet@1339424527 wrapping rs4813: null>
?[0m?[0;34m2023-03-31 16:06:16.287  WARN 29781 --- [nio-8080-exec-3] o.h.e.loading.internal.LoadContexts      : HHH000100: Fail-safe cleanup (collections) : org.hibernate.engine.loading.internal.CollectionLoadContext@103587e0<rs=HikariProxyResultSet@1447350418 wrapping rs4850: null>
?[0m?[0;34m2023-03-31 16:06:16.287  WARN 29781 --- [nio-8080-exec-3] o.h.e.loading.internal.LoadContexts      : HHH000100: Fail-safe cleanup (collections) : org.hibernate.engine.loading.internal.CollectionLoadContext@5ff978f4<rs=HikariProxyResultSet@2033404308 wrapping rs4810: null>
?[0m?[0;34m2023-03-31 16:06:16.287  WARN 29781 --- [nio-8080-exec-3] o.h.e.loading.internal.LoadContexts      : HHH000100: Fail-safe cleanup (collections) : org.hibernate.engine.loading.internal.CollectionLoadContext@7f23d05b<rs=HikariProxyResultSet@1445123605 wrapping rs5009: null>
?[0m?[0;34m2023-03-31 16:06:16.287  WARN 29781 --- [nio-8080-exec-3] o.h.e.loading.internal.LoadContexts      : HHH000100: Fail-safe cleanup (collections) : org.hibernate.engine.loading.internal.CollectionLoadContext@5b2deb43<rs=HikariProxyResultSet@1112857238 wrapping rs5064: null>
?[0m?[0;34m2023-03-31 16:06:16.287  WARN 29781 --- [nio-8080-exec-3] o.h.e.loading.internal.LoadContexts      : HHH000100: Fail-safe cleanup (collections) : org.hibernate.engine.loading.internal.CollectionLoadContext@679b6d41<rs=HikariProxyResultSet@871907353 wrapping rs4860: null>
?[0m?[0;34m2023-03-31 16:06:16.287  WARN 29781 --- [nio-8080-exec-3] o.h.e.loading.internal.LoadContexts      : HHH000100: Fail-safe cleanup (collections) : org.hibernate.engine.loading.internal.CollectionLoadContext@73b1979e<rs=HikariProxyResultSet@163416605 wrapping rs4830: null>
?[0m?[0;34m2023-03-31 16:06:16.287  WARN 29781 --- [nio-8080-exec-3] o.h.e.loading.internal.LoadContexts      : HHH000100: Fail-safe cleanup (collections) : org.hibernate.engine.loading.internal.CollectionLoadContext@12f120bb<rs=HikariProxyResultSet@257566116 wrapping rs4891: null>
?[0m?[0;34m2023-03-31 16:06:16.287  WARN 29781 --- [nio-8080-exec-3] o.h.e.loading.internal.LoadContexts      : HHH000100: Fail-safe cleanup (collections) : org.hibernate.engine.loading.internal.CollectionLoadContext@26b2a655<rs=HikariProxyResultSet@558664229 wrapping rs4741: null>
?[0m?[0;34m2023-03-31 16:06:16.287  WARN 29781 --- [nio-8080-exec-3] o.h.e.loading.internal.LoadContexts      : HHH000100: Fail-safe cleanup (collections) : org.hibernate.engine.loading.internal.CollectionLoadContext@1a7f36a7<rs=HikariProxyResultSet@1971458726 wrapping rs4610: null>
?[0m?[0;34m2023-03-31 16:06:16.287  WARN 29781 --- [nio-8080-exec-3] o.h.e.loading.internal.LoadContexts      : HHH000100: Fail-safe cleanup (collections) : org.hibernate.engine.loading.internal.CollectionLoadContext@650d5f11<rs=HikariProxyResultSet@1819618982 wrapping rs4801: null>
?[0m?[0;34m2023-03-31 16:06:16.287  WARN 29781 --- [nio-8080-exec-3] o.h.e.loading.internal.LoadContexts      : HHH000100: Fail-safe cleanup (collections) : org.hibernate.engine.loading.internal.CollectionLoadContext@7e625ff3<rs=HikariProxyResultSet@1556340777 wrapping rs4792: null>
?[0m?[0;34m2023-03-31 16:06:16.287  WARN 29781 --- [nio-8080-exec-3] o.h.e.loading.internal.LoadContexts      : HHH000100: Fail-safe cleanup (collections) : org.hibernate.engine.loading.internal.CollectionLoadContext@4d51ce64<rs=HikariProxyResultSet@1833345581 wrapping rs4852: null>
?[0m?[0;34m2023-03-31 16:06:16.287  WARN 29781 --- [nio-8080-exec-3] o.h.e.loading.internal.LoadContexts      : HHH000100: Fail-safe cleanup (collections) : org.hibernate.engine.loading.internal.CollectionLoadContext@2e780367<rs=HikariProxyResultSet@1222596141 wrapping rs4888: null>
?[0m?[0;34m2023-03-31 16:06:16.287  WARN 29781 --- [nio-8080-exec-3] o.h.e.loading.internal.LoadContexts      : HHH000100: Fail-safe cleanup (collections) : org.hibernate.engine.loading.internal.CollectionLoadContext@2182346e<rs=HikariProxyResultSet@1344623407 wrapping rs5067: null>
?[0m?[0;34m2023-03-31 16:06:16.287  WARN 29781 --- [nio-8080-exec-3] o.h.e.loading.internal.LoadContexts      : HHH000100: Fail-safe cleanup (collections) : org.hibernate.engine.loading.internal.CollectionLoadContext@4df37a6a<rs=HikariProxyResultSet@1533411377 wrapping rs5033: null>
?[0m?[0;34m2023-03-31 16:06:16.287  WARN 29781 --- [nio-8080-exec-3] o.h.e.loading.internal.LoadContexts      : HHH000100: Fail-safe cleanup (collections) : org.hibernate.engine.loading.internal.CollectionLoadContext@e12bf5e<rs=HikariProxyResultSet@909517107 wrapping rs4757: null>
?[0m?[0;34m2023-03-31 16:06:16.287  WARN 29781 --- [nio-8080-exec-3] o.h.e.loading.internal.LoadContexts      : HHH000100: Fail-safe cleanup (collections) : org.hibernate.engine.loading.internal.CollectionLoadContext@601ff6c0<rs=HikariProxyResultSet@227654963 wrapping rs5022: null>
?[0m?[0;34m2023-03-31 16:06:16.287  WARN 29781 --- [nio-8080-exec-3] o.h.e.loading.internal.LoadContexts      : HHH000100: Fail-safe cleanup (collections) : org.hibernate.engine.loading.internal.CollectionLoadContext@508e8fe9<rs=HikariProxyResultSet@2113647036 wrapping rs5051: null>
?[0m?[0;34m2023-03-31 16:06:16.287  WARN 29781 --- [nio-8080-exec-3] o.h.e.loading.internal.LoadContexts      : HHH000100: Fail-safe cleanup (collections) : org.hibernate.engine.loading.internal.CollectionLoadContext@6788fb8<rs=HikariProxyResultSet@760738236 wrapping rs5083: null>
?[0m?[0;34m2023-03-31 16:06:16.287  WARN 29781 --- [nio-8080-exec-3] o.h.e.loading.internal.LoadContexts      : HHH000100: Fail-safe cleanup (collections) : org.hibernate.engine.loading.internal.CollectionLoadContext@1d8b3866<rs=HikariProxyResultSet@368957118 wrapping rs4982: null>
?[0m?[0;34m2023-03-31 16:06:16.287  WARN 29781 --- [nio-8080-exec-3] o.h.e.loading.internal.LoadContexts      : HHH000100: Fail-safe cleanup (collections) : org.hibernate.engine.loading.internal.CollectionLoadContext@23d74e1<rs=HikariProxyResultSet@2088779712 wrapping rs4633: null>
?[0m?[0;34m2023-03-31 16:06:16.287  WARN 29781 --- [nio-8080-exec-3] o.h.e.loading.internal.LoadContexts      : HHH000100: Fail-safe cleanup (collections) : org.hibernate.engine.loading.internal.CollectionLoadContext@26e85288<rs=HikariProxyResultSet@112558403 wrapping rs4921: null>
?[0m?[0;34m2023-03-31 16:06:16.288  WARN 29781 --- [nio-8080-exec-3] o.h.e.loading.internal.LoadContexts      : HHH000100: Fail-safe cleanup (collections) : org.hibernate.engine.loading.internal.CollectionLoadContext@64af0ca2<rs=HikariProxyResultSet@561304004 wrapping rs4700: null>
?[0m?[0;34m2023-03-31 16:06:16.288  WARN 29781 --- [nio-8080-exec-3] o.h.e.loading.internal.LoadContexts      : HHH000100: Fail-safe cleanup (collections) : org.hibernate.engine.loading.internal.CollectionLoadContext@20235059<rs=HikariProxyResultSet@649535811 wrapping rs4986: null>
?[0m?[0;34m2023-03-31 16:06:16.288  WARN 29781 --- [nio-8080-exec-3] o.h.e.loading.internal.LoadContexts      : HHH000100: Fail-safe cleanup (collections) : org.hibernate.engine.loading.internal.CollectionLoadContext@49d0b2c0<rs=HikariProxyResultSet@1618566088 wrapping rs4981: null>
?[0m?[0;34m2023-03-31 16:06:16.288  WARN 29781 --- [nio-8080-exec-3] o.h.e.loading.internal.LoadContexts      : HHH000100: Fail-safe cleanup (collections) : org.hibernate.engine.loading.internal.CollectionLoadContext@2d48d560<rs=HikariProxyResultSet@1845771337 wrapping rs4791: null>
?[0m?[0;34m2023-03-31 16:06:16.288  WARN 29781 --- [nio-8080-exec-3] o.h.e.loading.internal.LoadContexts      : HHH000100: Fail-safe cleanup (collections) : org.hibernate.engine.loading.internal.CollectionLoadContext@311e1677<rs=HikariProxyResultSet@243609036 wrapping rs4844: null>
?[0m?[0;34m2023-03-31 16:06:16.288  WARN 29781 --- [nio-8080-exec-3] o.h.e.loading.internal.LoadContexts      : HHH000100: Fail-safe cleanup (collections) : org.hibernate.engine.loading.internal.CollectionLoadContext@b852995<rs=HikariProxyResultSet@1761847885 wrapping rs4840: null>
?[0m?[0;34m2023-03-31 16:06:16.288  WARN 29781 --- [nio-8080-exec-3] o.h.e.loading.internal.LoadContexts      : HHH000100: Fail-safe cleanup (collections) : org.hibernate.engine.loading.internal.CollectionLoadContext@470fdc97<rs=HikariProxyResultSet@851765837 wrapping rs4919: null>
?[0m?[0;34m2023-03-31 16:06:16.288  WARN 29781 --- [nio-8080-exec-3] o.h.e.loading.internal.LoadContexts      : HHH000100: Fail-safe cleanup (collections) : org.hibernate.engine.loading.internal.CollectionLoadContext@2c07f2c3<rs=HikariProxyResultSet@2020935374 wrapping rs4973: null>
?[0m?[0;34m2023-03-31 16:06:16.288  WARN 29781 --- [nio-8080-exec-3] o.h.e.loading.internal.LoadContexts      : HHH000100: Fail-safe cleanup (collections) : org.hibernate.engine.loading.internal.CollectionLoadContext@6d6bf49a<rs=HikariProxyResultSet@1940728784 wrapping rs5118: null>
?[0m?[0;34m2023-03-31 16:06:16.288  WARN 29781 --- [nio-8080-exec-3] o.h.e.loading.internal.LoadContexts      : HHH000100: Fail-safe cleanup (collections) : org.hibernate.engine.loading.internal.CollectionLoadContext@4f80a123<rs=HikariProxyResultSet@321749331 wrapping rs4893: null>
?[0m?[0;34m2023-03-31 16:06:16.288  WARN 29781 --- [nio-8080-exec-3] o.h.e.loading.internal.LoadContexts      : HHH000100: Fail-safe cleanup (collections) : org.hibernate.engine.loading.internal.CollectionLoadContext@76d23720<rs=HikariProxyResultSet@229395029 wrapping rs4666: null>
?[0m?[0;34m2023-03-31 16:06:16.288  WARN 29781 --- [nio-8080-exec-3] o.h.e.loading.internal.LoadContexts      : HHH000100: Fail-safe cleanup (collections) : org.hibernate.engine.loading.internal.CollectionLoadContext@655042d3<rs=HikariProxyResultSet@1305546454 wrapping rs5099: null>
?[0m?[0;34m2023-03-31 16:06:16.288  WARN 29781 --- [nio-8080-exec-3] o.h.e.loading.internal.LoadContexts      : HHH000100: Fail-safe cleanup (collections) : org.hibernate.engine.loading.internal.CollectionLoadContext@572da5c7<rs=HikariProxyResultSet@7839446 wrapping rs5101: null>
?[0m?[0;34m2023-03-31 16:06:16.288  WARN 29781 --- [nio-8080-exec-3] o.h.e.loading.internal.LoadContexts      : HHH000100: Fail-safe cleanup (collections) : org.hibernate.engine.loading.internal.CollectionLoadContext@1d6e8fb8<rs=HikariProxyResultSet@695503066 wrapping rs5000: null>
?[0m?[0;34m2023-03-31 16:06:16.288  WARN 29781 --- [nio-8080-exec-3] o.h.e.loading.internal.LoadContexts      : HHH000100: Fail-safe cleanup (collections) : org.hibernate.engine.loading.internal.CollectionLoadContext@7ae2d002<rs=HikariProxyResultSet@647979742 wrapping rs4735: null>
?[0m?[0;34m2023-03-31 16:06:16.288  WARN 29781 --- [nio-8080-exec-3] o.h.e.loading.internal.LoadContexts      : HHH000100: Fail-safe cleanup (collections) : org.hibernate.engine.loading.internal.CollectionLoadContext@1d435357<rs=HikariProxyResultSet@737233759 wrapping rs5030: null>
?[0m?[0;34m2023-03-31 16:06:16.288  WARN 29781 --- [nio-8080-exec-3] o.h.e.loading.internal.LoadContexts      : HHH000100: Fail-safe cleanup (collections) : org.hibernate.engine.loading.internal.CollectionLoadContext@27facea5<rs=HikariProxyResultSet@1190408926 wrapping rs5058: null>
?[0m?[0;34m2023-03-31 16:06:16.288  WARN 29781 --- [nio-8080-exec-3] o.h.e.loading.internal.LoadContexts      : HHH000100: Fail-safe cleanup (collections) : org.hibernate.engine.loading.internal.CollectionLoadContext@4e8086ad<rs=HikariProxyResultSet@806357089 wrapping rs4884: null>
?[0m?[0;34m2023-03-31 16:06:16.288  WARN 29781 --- [nio-8080-exec-3] o.h.e.loading.internal.LoadContexts      : HHH000100: Fail-safe cleanup (collections) : org.hibernate.engine.loading.internal.CollectionLoadContext@220e3dbf<rs=HikariProxyResultSet@1543176547 wrapping rs4894: null>
?[0m?[0;34m2023-03-31 16:06:16.288  WARN 29781 --- [nio-8080-exec-3] o.h.e.loading.internal.LoadContexts      : HHH000100: Fail-safe cleanup (collections) : org.hibernate.engine.loading.internal.CollectionLoadContext@25d00b42<rs=HikariProxyResultSet@1470033638 wrapping rs4679: null>
?[0m?[0;34m2023-03-31 16:06:16.288  WARN 29781 --- [nio-8080-exec-3] o.h.e.loading.internal.LoadContexts      : HHH000100: Fail-safe cleanup (collections) : org.hibernate.engine.loading.internal.CollectionLoadContext@542e66bb<rs=HikariProxyResultSet@1530949479 wrapping rs4905: null>
?[0m?[0;34m2023-03-31 16:06:16.288  WARN 29781 --- [nio-8080-exec-3] o.h.e.loading.internal.LoadContexts      : HHH000100: Fail-safe cleanup (collections) : org.hibernate.engine.loading.internal.CollectionLoadContext@1e51377d<rs=HikariProxyResultSet@147640554 wrapping rs4991: null>
?[0m?[0;34m2023-03-31 16:06:16.288  WARN 29781 --- [nio-8080-exec-3] o.h.e.loading.internal.LoadContexts      : HHH000100: Fail-safe cleanup (collections) : org.hibernate.engine.loading.internal.CollectionLoadContext@4de102cd<rs=HikariProxyResultSet@880173419 wrapping rs4743: null>
?[0m?[0;34m2023-03-31 16:06:16.288  WARN 29781 --- [nio-8080-exec-3] o.h.e.loading.internal.LoadContexts      : HHH000100: Fail-safe cleanup (collections) : org.hibernate.engine.loading.internal.CollectionLoadContext@68ce8a28<rs=HikariProxyResultSet@697831916 wrapping rs4917: null>
?[0m?[0;34m2023-03-31 16:06:16.288  WARN 29781 --- [nio-8080-exec-3] o.h.e.loading.internal.LoadContexts      : HHH000100: Fail-safe cleanup (collections) : org.hibernate.engine.loading.internal.CollectionLoadContext@4ff22234<rs=HikariProxyResultSet@1209928946 wrapping rs5056: null>
?[0m?[0;34m2023-03-31 16:06:16.288  WARN 29781 --- [nio-8080-exec-3] o.h.e.loading.internal.LoadContexts      : HHH000100: Fail-safe cleanup (collections) : org.hibernate.engine.loading.internal.CollectionLoadContext@580f1e68<rs=HikariProxyResultSet@765875571 wrapping rs4847: null>
?[0m?[0;34m2023-03-31 16:06:16.288  WARN 29781 --- [nio-8080-exec-3] o.h.e.loading.internal.LoadContexts      : HHH000100: Fail-safe cleanup (collections) : org.hibernate.engine.loading.internal.CollectionLoadContext@1d3d88ce<rs=HikariProxyResultSet@759673203 wrapping rs5002: null>
?[0m?[0;34m2023-03-31 16:06:16.288  WARN 29781 --- [nio-8080-exec-3] o.h.e.loading.internal.LoadContexts      : HHH000100: Fail-safe cleanup (collections) : org.hibernate.engine.loading.internal.CollectionLoadContext@1bece8b<rs=HikariProxyResultSet@2011555445 wrapping rs4765: null>
?[0m?[0;34m2023-03-31 16:06:16.288  WARN 29781 --- [nio-8080-exec-3] o.h.e.loading.internal.LoadContexts      : HHH000100: Fail-safe cleanup (collections) : org.hibernate.engine.loading.internal.CollectionLoadContext@5f83bf0a<rs=HikariProxyResultSet@535404915 wrapping rs5131: null>
?[0m?[0;34m2023-03-31 16:06:16.288  WARN 29781 --- [nio-8080-exec-3] o.h.e.loading.internal.LoadContexts      : HHH000100: Fail-safe cleanup (collections) : org.hibernate.engine.loading.internal.CollectionLoadContext@7f5f16cc<rs=HikariProxyResultSet@155303928 wrapping rs5132: null>
?[0m?[0;34m2023-03-31 16:06:16.288  WARN 29781 --- [nio-8080-exec-3] o.h.e.loading.internal.LoadContexts      : HHH000100: Fail-safe cleanup (collections) : org.hibernate.engine.loading.internal.CollectionLoadContext@e559a11<rs=HikariProxyResultSet@1219144059 wrapping rs4736: null>
?[0m?[0;34m2023-03-31 16:06:16.288  WARN 29781 --- [nio-8080-exec-3] o.h.e.loading.internal.LoadContexts      : HHH000100: Fail-safe cleanup (collections) : org.hibernate.engine.loading.internal.CollectionLoadContext@79e8c7c6<rs=HikariProxyResultSet@343708156 wrapping rs4938: null>
?[0m?[0;34m2023-03-31 16:06:16.288  WARN 29781 --- [nio-8080-exec-3] o.h.e.loading.internal.LoadContexts      : HHH000100: Fail-safe cleanup (collections) : org.hibernate.engine.loading.internal.CollectionLoadContext@3bd15c1e<rs=HikariProxyResultSet@680743549 wrapping rs5092: null>
?[0m?[0;34m2023-03-31 16:06:16.288 DEBUG 29781 --- [nio-8080-exec-3] o.s.web.servlet.DispatcherServlet        : Completed 200 OK
?[0m?[0;34m2023-03-31 16:06:16.288 DEBUG 29781 --- [nio-8080-exec-3] w.c.HttpSessionSecurityContextRepository : Stored SecurityContextImpl [Authentication=UsernamePasswordAuthenticationToken [Principal=recipes.UserDetailsImpl@1149334e, Credentials=[PROTECTED], Authenticated=true, Details=WebAuthenticationDetails [RemoteIpAddress=127.0.0.1, SessionId=null], Granted Authorities=[ROLE_USER]]] to HttpSession [org.apache.catalina.session.StandardSessionFacade@466c781d]
?[0m?[0;34m2023-03-31 16:06:16.288 DEBUG 29781 --- [nio-8080-exec-3] s.s.w.c.SecurityContextPersistenceFilter : Cleared SecurityContextHolder to complete request
?[1;31m
Start test 67?[0m
?[0;34m2023-03-31 16:06:16.292 DEBUG 29781 --- [nio-8080-exec-6] o.s.security.web.FilterChainProxy        : Securing GET /api/recipe/search/?name=ice-cream
?[0m?[0;34m2023-03-31 16:06:16.293 DEBUG 29781 --- [nio-8080-exec-6] s.s.w.c.SecurityContextPersistenceFilter : Set SecurityContextHolder to empty SecurityContext
?[0m?[0;34m2023-03-31 16:06:16.293 DEBUG 29781 --- [nio-8080-exec-6] tor$SharedEntityManagerInvocationHandler : Creating new EntityManager for shared EntityManager invocation
?[0m?[0;34m2023-03-31 16:06:16.374 DEBUG 29781 --- [nio-8080-exec-6] o.s.s.a.dao.DaoAuthenticationProvider    : Authenticated user
?[0m?[0;34m2023-03-31 16:06:16.374 DEBUG 29781 --- [nio-8080-exec-6] o.s.s.w.a.www.BasicAuthenticationFilter  : Set SecurityContextHolder to UsernamePasswordAuthenticationToken [Principal=recipes.UserDetailsImpl@509c2ef5, Credentials=[PROTECTED], Authenticated=true, Details=WebAuthenticationDetails [RemoteIpAddress=127.0.0.1, SessionId=null], Granted Authorities=[ROLE_USER]]
?[0m?[0;34m2023-03-31 16:06:16.374 DEBUG 29781 --- [nio-8080-exec-6] w.c.HttpSessionSecurityContextRepository : Created HttpSession as SecurityContext is non-default
?[0m?[0;34m2023-03-31 16:06:16.374 DEBUG 29781 --- [nio-8080-exec-6] w.c.HttpSessionSecurityContextRepository : Stored SecurityContextImpl [Authentication=UsernamePasswordAuthenticationToken [Principal=recipes.UserDetailsImpl@509c2ef5, Credentials=[PROTECTED], Authenticated=true, Details=WebAuthenticationDetails [RemoteIpAddress=127.0.0.1, SessionId=null], Granted Authorities=[ROLE_USER]]] to HttpSession [org.apache.catalina.session.StandardSessionFacade@4ffdd33e]
?[0m?[0;34m2023-03-31 16:06:16.374 DEBUG 29781 --- [nio-8080-exec-6] o.s.s.w.a.i.FilterSecurityInterceptor    : Authorized filter invocation [GET /api/recipe/search/?name=ice-cream] with attributes [hasRole('ROLE_USER')]
?[0m?[0;34m2023-03-31 16:06:16.374 DEBUG 29781 --- [nio-8080-exec-6] o.s.security.web.FilterChainProxy        : Secured GET /api/recipe/search/?name=ice-cream
?[0m?[0;34m2023-03-31 16:06:16.375 DEBUG 29781 --- [nio-8080-exec-6] o.s.web.servlet.DispatcherServlet        : GET "/api/recipe/search/?name=ice-cream", parameters={masked}
?[0m?[0;34m2023-03-31 16:06:16.375 DEBUG 29781 --- [nio-8080-exec-6] s.w.s.m.m.a.RequestMappingHandlerMapping : Mapped to recipes.RecipesController#getCategoryListRecipes(String, String)
?[0m?[0;34m2023-03-31 16:06:16.375 DEBUG 29781 --- [nio-8080-exec-6] o.j.s.OpenEntityManagerInViewInterceptor : Opening JPA EntityManager in OpenEntityManagerInViewInterceptor
?[0m?[0;34m2023-03-31 16:06:16.378 DEBUG 29781 --- [nio-8080-exec-6] m.m.a.RequestResponseBodyMethodProcessor : Using 'application/json', given [*/*] and supported [application/json, application/*+json, application/json, application/*+json]
?[0m?[0;34m2023-03-31 16:06:16.404 DEBUG 29781 --- [nio-8080-exec-6] m.m.a.RequestResponseBodyMethodProcessor : Writing [java.lang.StackOverflowError]
?[0m?[0;34m2023-03-31 16:06:16.404 DEBUG 29781 --- [nio-8080-exec-6] w.c.HttpSessionSecurityContextRepository : Stored SecurityContextImpl [Authentication=UsernamePasswordAuthenticationToken [Principal=recipes.UserDetailsImpl@509c2ef5, Credentials=[PROTECTED], Authenticated=true, Details=WebAuthenticationDetails [RemoteIpAddress=127.0.0.1, SessionId=null], Granted Authorities=[ROLE_USER]]] to HttpSession [org.apache.catalina.session.StandardSessionFacade@4ffdd33e]
?[0m?[0;34m2023-03-31 16:06:16.405 DEBUG 29781 --- [nio-8080-exec-6] o.j.s.OpenEntityManagerInViewInterceptor : Closing JPA EntityManager in OpenEntityManagerInViewInterceptor
?[0m?[0;34m2023-03-31 16:06:16.405  WARN 29781 --- [nio-8080-exec-6] o.h.e.loading.internal.LoadContexts      : HHH000100: Fail-safe cleanup (collections) : org.hibernate.engine.loading.internal.CollectionLoadContext@805cd98<rs=HikariProxyResultSet@2036304130 wrapping rs5331: null>
?[0m?[0;34m2023-03-31 16:06:16.405  WARN 29781 --- [nio-8080-exec-6] o.h.e.loading.internal.LoadContexts      : HHH000100: Fail-safe cleanup (collections) : org.hibernate.engine.loading.internal.CollectionLoadContext@3431c4fa<rs=HikariProxyResultSet@2084437250 wrapping rs5384: null>
?[0m?[0;34m2023-03-31 16:06:16.405  WARN 29781 --- [nio-8080-exec-6] o.h.e.loading.internal.LoadContexts      : HHH000100: Fail-safe cleanup (collections) : org.hibernate.engine.loading.internal.CollectionLoadContext@46ff20b1<rs=HikariProxyResultSet@375478022 wrapping rs5306: null>
?[0m?[0;34m2023-03-31 16:06:16.405  WARN 29781 --- [nio-8080-exec-6] o.h.e.loading.internal.LoadContexts      : HHH000100: Fail-safe cleanup (collections) : org.hibernate.engine.loading.internal.CollectionLoadContext@1b753cd8<rs=HikariProxyResultSet@367727761 wrapping rs5569: null>
?[0m?[0;34m2023-03-31 16:06:16.405  WARN 29781 --- [nio-8080-exec-6] o.h.e.loading.internal.LoadContexts      : HHH000100: Fail-safe cleanup (collections) : org.hibernate.engine.loading.internal.CollectionLoadContext@3d3a5b23<rs=HikariProxyResultSet@1008693393 wrapping rs5625: null>
?[0m?[0;34m2023-03-31 16:06:16.405  WARN 29781 --- [nio-8080-exec-6] o.h.e.loading.internal.LoadContexts      : HHH000100: Fail-safe cleanup (collections) : org.hibernate.engine.loading.internal.CollectionLoadContext@7165e6a<rs=HikariProxyResultSet@1369991571 wrapping rs5559: null>
?[0m?[0;34m2023-03-31 16:06:16.405  WARN 29781 --- [nio-8080-exec-6] o.h.e.loading.internal.LoadContexts      : HHH000100: Fail-safe cleanup (collections) : org.hibernate.engine.loading.internal.CollectionLoadContext@38530c91<rs=HikariProxyResultSet@62731925 wrapping rs5172: null>
?[0m?[0;34m2023-03-31 16:06:16.405  WARN 29781 --- [nio-8080-exec-6] o.h.e.loading.internal.LoadContexts      : HHH000100: Fail-safe cleanup (collections) : org.hibernate.engine.loading.internal.CollectionLoadContext@a7274bf<rs=HikariProxyResultSet@946966423 wrapping rs5690: null>
?[0m?[0;34m2023-03-31 16:06:16.405  WARN 29781 --- [nio-8080-exec-6] o.h.e.loading.internal.LoadContexts      : HHH000100: Fail-safe cleanup (collections) : org.hibernate.engine.loading.internal.CollectionLoadContext@657ed591<rs=HikariProxyResultSet@1482631192 wrapping rs5467: null>
?[0m?[0;34m2023-03-31 16:06:16.405  WARN 29781 --- [nio-8080-exec-6] o.h.e.loading.internal.LoadContexts      : HHH000100: Fail-safe cleanup (collections) : org.hibernate.engine.loading.internal.CollectionLoadContext@502e225a<rs=HikariProxyResultSet@1094527387 wrapping rs5315: null>
?[0m?[0;34m2023-03-31 16:06:16.405  WARN 29781 --- [nio-8080-exec-6] o.h.e.loading.internal.LoadContexts      : HHH000100: Fail-safe cleanup (collections) : org.hibernate.engine.loading.internal.CollectionLoadContext@70399b4a<rs=HikariProxyResultSet@1259425308 wrapping rs5391: null>
?[0m?[0;34m2023-03-31 16:06:16.405  WARN 29781 --- [nio-8080-exec-6] o.h.e.loading.internal.LoadContexts      : HHH000100: Fail-safe cleanup (collections) : org.hibernate.engine.loading.internal.CollectionLoadContext@6977ce7e<rs=HikariProxyResultSet@1666201116 wrapping rs5549: null>
?[0m?[0;34m2023-03-31 16:06:16.405  WARN 29781 --- [nio-8080-exec-6] o.h.e.loading.internal.LoadContexts      : HHH000100: Fail-safe cleanup (collections) : org.hibernate.engine.loading.internal.CollectionLoadContext@7ab65c9c<rs=HikariProxyResultSet@1368660766 wrapping rs5484: null>
?[0m?[0;34m2023-03-31 16:06:16.405  WARN 29781 --- [nio-8080-exec-6] o.h.e.loading.internal.LoadContexts      : HHH000100: Fail-safe cleanup (collections) : org.hibernate.engine.loading.internal.CollectionLoadContext@5bab8d62<rs=HikariProxyResultSet@2017858850 wrapping rs5542: null>
?[0m?[0;34m2023-03-31 16:06:16.405  WARN 29781 --- [nio-8080-exec-6] o.h.e.loading.internal.LoadContexts      : HHH000100: Fail-safe cleanup (collections) : org.hibernate.engine.loading.internal.CollectionLoadContext@67f4be96<rs=HikariProxyResultSet@1513449383 wrapping rs5478: null>
?[0m?[0;34m2023-03-31 16:06:16.405  WARN 29781 --- [nio-8080-exec-6] o.h.e.loading.internal.LoadContexts      : HHH000100: Fail-safe cleanup (collections) : org.hibernate.engine.loading.internal.CollectionLoadContext@30a78828<rs=HikariProxyResultSet@1184635944 wrapping rs5214: null>
?[0m?[0;34m2023-03-31 16:06:16.405  WARN 29781 --- [nio-8080-exec-6] o.h.e.loading.internal.LoadContexts      : HHH000100: Fail-safe cleanup (collections) : org.hibernate.engine.loading.internal.CollectionLoadContext@78bd601c<rs=HikariProxyResultSet@616758441 wrapping rs5334: null>
?[0m?[0;34m2023-03-31 16:06:16.405  WARN 29781 --- [nio-8080-exec-6] o.h.e.loading.internal.LoadContexts      : HHH000100: Fail-safe cleanup (collections) : org.hibernate.engine.loading.internal.CollectionLoadContext@7ffa32f4<rs=HikariProxyResultSet@272979113 wrapping rs5431: null>
?[0m?[0;34m2023-03-31 16:06:16.405  WARN 29781 --- [nio-8080-exec-6] o.h.e.loading.internal.LoadContexts      : HHH000100: Fail-safe cleanup (collections) : org.hibernate.engine.loading.internal.CollectionLoadContext@3d382393<rs=HikariProxyResultSet@1682543406 wrapping rs5267: null>
?[0m?[0;34m2023-03-31 16:06:16.405  WARN 29781 --- [nio-8080-exec-6] o.h.e.loading.internal.LoadContexts      : HHH000100: Fail-safe cleanup (collections) : org.hibernate.engine.loading.internal.CollectionLoadContext@31d20ad4<rs=HikariProxyResultSet@645555635 wrapping rs5319: null>
?[0m?[0;34m2023-03-31 16:06:16.405  WARN 29781 --- [nio-8080-exec-6] o.h.e.loading.internal.LoadContexts      : HHH000100: Fail-safe cleanup (collections) : org.hibernate.engine.loading.internal.CollectionLoadContext@22fc3172<rs=HikariProxyResultSet@1225216693 wrapping rs5580: null>
?[0m?[0;34m2023-03-31 16:06:16.405  WARN 29781 --- [nio-8080-exec-6] o.h.e.loading.internal.LoadContexts      : HHH000100: Fail-safe cleanup (collections) : org.hibernate.engine.loading.internal.CollectionLoadContext@cbfda4b<rs=HikariProxyResultSet@1623693110 wrapping rs5475: null>
?[0m?[0;34m2023-03-31 16:06:16.405  WARN 29781 --- [nio-8080-exec-6] o.h.e.loading.internal.LoadContexts      : HHH000100: Fail-safe cleanup (collections) : org.hibernate.engine.loading.internal.CollectionLoadContext@706754f4<rs=HikariProxyResultSet@1622426938 wrapping rs5497: null>
?[0m?[0;34m2023-03-31 16:06:16.405  WARN 29781 --- [nio-8080-exec-6] o.h.e.loading.internal.LoadContexts      : HHH000100: Fail-safe cleanup (collections) : org.hibernate.engine.loading.internal.CollectionLoadContext@51427486<rs=HikariProxyResultSet@1447996101 wrapping rs5564: null>
?[0m?[0;34m2023-03-31 16:06:16.405  WARN 29781 --- [nio-8080-exec-6] o.h.e.loading.internal.LoadContexts      : HHH000100: Fail-safe cleanup (collections) : org.hibernate.engine.loading.internal.CollectionLoadContext@1276b87d<rs=HikariProxyResultSet@1895061447 wrapping rs5356: null>
?[0m?[0;34m2023-03-31 16:06:16.405  WARN 29781 --- [nio-8080-exec-6] o.h.e.loading.internal.LoadContexts      : HHH000100: Fail-safe cleanup (collections) : org.hibernate.engine.loading.internal.CollectionLoadContext@606945fa<rs=HikariProxyResultSet@1347892296 wrapping rs5309: null>
?[0m?[0;34m2023-03-31 16:06:16.405  WARN 29781 --- [nio-8080-exec-6] o.h.e.loading.internal.LoadContexts      : HHH000100: Fail-safe cleanup (collections) : org.hibernate.engine.loading.internal.CollectionLoadContext@2ae36df7<rs=HikariProxyResultSet@200540361 wrapping rs5197: null>
?[0m?[0;34m2023-03-31 16:06:16.405  WARN 29781 --- [nio-8080-exec-6] o.h.e.loading.internal.LoadContexts      : HHH000100: Fail-safe cleanup (collections) : org.hibernate.engine.loading.internal.CollectionLoadContext@68c7da69<rs=HikariProxyResultSet@1887028554 wrapping rs5211: null>
?[0m?[0;34m2023-03-31 16:06:16.405  WARN 29781 --- [nio-8080-exec-6] o.h.e.loading.internal.LoadContexts      : HHH000100: Fail-safe cleanup (collections) : org.hibernate.engine.loading.internal.CollectionLoadContext@4f55325c<rs=HikariProxyResultSet@1864825420 wrapping rs5330: null>
?[0m?[0;34m2023-03-31 16:06:16.405  WARN 29781 --- [nio-8080-exec-6] o.h.e.loading.internal.LoadContexts      : HHH000100: Fail-safe cleanup (collections) : org.hibernate.engine.loading.internal.CollectionLoadContext@65b9e8d9<rs=HikariProxyResultSet@1126713295 wrapping rs5401: null>
?[0m?[0;34m2023-03-31 16:06:16.405  WARN 29781 --- [nio-8080-exec-6] o.h.e.loading.internal.LoadContexts      : HHH000100: Fail-safe cleanup (collections) : org.hibernate.engine.loading.internal.CollectionLoadContext@5484ad4c<rs=HikariProxyResultSet@1705325519 wrapping rs5667: null>
?[0m?[0;34m2023-03-31 16:06:16.405  WARN 29781 --- [nio-8080-exec-6] o.h.e.loading.internal.LoadContexts      : HHH000100: Fail-safe cleanup (collections) : org.hibernate.engine.loading.internal.CollectionLoadContext@2c62127<rs=HikariProxyResultSet@273939794 wrapping rs5645: null>
?[0m?[0;34m2023-03-31 16:06:16.405  WARN 29781 --- [nio-8080-exec-6] o.h.e.loading.internal.LoadContexts      : HHH000100: Fail-safe cleanup (collections) : org.hibernate.engine.loading.internal.CollectionLoadContext@64e734f1<rs=HikariProxyResultSet@2009494995 wrapping rs5425: null>
?[0m?[0;34m2023-03-31 16:06:16.405  WARN 29781 --- [nio-8080-exec-6] o.h.e.loading.internal.LoadContexts      : HHH000100: Fail-safe cleanup (collections) : org.hibernate.engine.loading.internal.CollectionLoadContext@4e32f794<rs=HikariProxyResultSet@2110078419 wrapping rs5622: null>
?[0m?[0;34m2023-03-31 16:06:16.405  WARN 29781 --- [nio-8080-exec-6] o.h.e.loading.internal.LoadContexts      : HHH000100: Fail-safe cleanup (collections) : org.hibernate.engine.loading.internal.CollectionLoadContext@3fadcdd3<rs=HikariProxyResultSet@54971351 wrapping rs5617: null>
?[0m?[0;34m2023-03-31 16:06:16.405  WARN 29781 --- [nio-8080-exec-6] o.h.e.loading.internal.LoadContexts      : HHH000100: Fail-safe cleanup (collections) : org.hibernate.engine.loading.internal.CollectionLoadContext@c510c18<rs=HikariProxyResultSet@7641305 wrapping rs5650: null>
?[0m?[0;34m2023-03-31 16:06:16.405  WARN 29781 --- [nio-8080-exec-6] o.h.e.loading.internal.LoadContexts      : HHH000100: Fail-safe cleanup (collections) : org.hibernate.engine.loading.internal.CollectionLoadContext@51cce1df<rs=HikariProxyResultSet@1694559578 wrapping rs5593: null>
?[0m?[0;34m2023-03-31 16:06:16.405  WARN 29781 --- [nio-8080-exec-6] o.h.e.loading.internal.LoadContexts      : HHH000100: Fail-safe cleanup (collections) : org.hibernate.engine.loading.internal.CollectionLoadContext@81b3225<rs=HikariProxyResultSet@1708090335 wrapping rs5397: null>
?[0m?[0;34m2023-03-31 16:06:16.405  WARN 29781 --- [nio-8080-exec-6] o.h.e.loading.internal.LoadContexts      : HHH000100: Fail-safe cleanup (collections) : org.hibernate.engine.loading.internal.CollectionLoadContext@5909a5a0<rs=HikariProxyResultSet@1634044258 wrapping rs5501: null>
?[0m?[0;34m2023-03-31 16:06:16.405  WARN 29781 --- [nio-8080-exec-6] o.h.e.loading.internal.LoadContexts      : HHH000100: Fail-safe cleanup (collections) : org.hibernate.engine.loading.internal.CollectionLoadContext@5d3c4355<rs=HikariProxyResultSet@1602308450 wrapping rs5557: null>
?[0m?[0;34m2023-03-31 16:06:16.405  WARN 29781 --- [nio-8080-exec-6] o.h.e.loading.internal.LoadContexts      : HHH000100: Fail-safe cleanup (collections) : org.hibernate.engine.loading.internal.CollectionLoadContext@6bc88334<rs=HikariProxyResultSet@1273401956 wrapping rs5255: null>
?[0m?[0;34m2023-03-31 16:06:16.405  WARN 29781 --- [nio-8080-exec-6] o.h.e.loading.internal.LoadContexts      : HHH000100: Fail-safe cleanup (collections) : org.hibernate.engine.loading.internal.CollectionLoadContext@3a930e72<rs=HikariProxyResultSet@1163988838 wrapping rs5235: null>
?[0m?[0;34m2023-03-31 16:06:16.405  WARN 29781 --- [nio-8080-exec-6] o.h.e.loading.internal.LoadContexts      : HHH000100: Fail-safe cleanup (collections) : org.hibernate.engine.loading.internal.CollectionLoadContext@2e238825<rs=HikariProxyResultSet@766744551 wrapping rs5249: null>
?[0m?[0;34m2023-03-31 16:06:16.405  WARN 29781 --- [nio-8080-exec-6] o.h.e.loading.internal.LoadContexts      : HHH000100: Fail-safe cleanup (collections) : org.hibernate.engine.loading.internal.CollectionLoadContext@113a505f<rs=HikariProxyResultSet@1101783144 wrapping rs5388: null>
?[0m?[0;34m2023-03-31 16:06:16.406  WARN 29781 --- [nio-8080-exec-6] o.h.e.loading.internal.LoadContexts      : HHH000100: Fail-safe cleanup (collections) : org.hibernate.engine.loading.internal.CollectionLoadContext@3e44b06f<rs=HikariProxyResultSet@1548432230 wrapping rs5394: null>
?[0m?[0;34m2023-03-31 16:06:16.406  WARN 29781 --- [nio-8080-exec-6] o.h.e.loading.internal.LoadContexts      : HHH000100: Fail-safe cleanup (collections) : org.hibernate.engine.loading.internal.CollectionLoadContext@1c06c94b<rs=HikariProxyResultSet@1231787370 wrapping rs5338: null>
?[0m?[0;34m2023-03-31 16:06:16.406  WARN 29781 --- [nio-8080-exec-6] o.h.e.loading.internal.LoadContexts      : HHH000100: Fail-safe cleanup (collections) : org.hibernate.engine.loading.internal.CollectionLoadContext@2ed6184e<rs=HikariProxyResultSet@194476265 wrapping rs5440: null>
?[0m?[0;34m2023-03-31 16:06:16.406  WARN 29781 --- [nio-8080-exec-6] o.h.e.loading.internal.LoadContexts      : HHH000100: Fail-safe cleanup (collections) : org.hibernate.engine.loading.internal.CollectionLoadContext@6d2d0d63<rs=HikariProxyResultSet@1232430313 wrapping rs5683: null>
?[0m?[0;34m2023-03-31 16:06:16.406  WARN 29781 --- [nio-8080-exec-6] o.h.e.loading.internal.LoadContexts      : HHH000100: Fail-safe cleanup (collections) : org.hibernate.engine.loading.internal.CollectionLoadContext@76f10f61<rs=HikariProxyResultSet@500807405 wrapping rs5179: null>
?[0m?[0;34m2023-03-31 16:06:16.406  WARN 29781 --- [nio-8080-exec-6] o.h.e.loading.internal.LoadContexts      : HHH000100: Fail-safe cleanup (collections) : org.hibernate.engine.loading.internal.CollectionLoadContext@5c17dc65<rs=HikariProxyResultSet@553060722 wrapping rs5311: null>
?[0m?[0;34m2023-03-31 16:06:16.406  WARN 29781 --- [nio-8080-exec-6] o.h.e.loading.internal.LoadContexts      : HHH000100: Fail-safe cleanup (collections) : org.hibernate.engine.loading.internal.CollectionLoadContext@429dbbc1<rs=HikariProxyResultSet@103189108 wrapping rs5695: null>
?[0m?[0;34m2023-03-31 16:06:16.406  WARN 29781 --- [nio-8080-exec-6] o.h.e.loading.internal.LoadContexts      : HHH000100: Fail-safe cleanup (collections) : org.hibernate.engine.loading.internal.CollectionLoadContext@47dee0e4<rs=HikariProxyResultSet@2129514358 wrapping rs5380: null>
?[0m?[0;34m2023-03-31 16:06:16.406  WARN 29781 --- [nio-8080-exec-6] o.h.e.loading.internal.LoadContexts      : HHH000100: Fail-safe cleanup (collections) : org.hibernate.engine.loading.internal.CollectionLoadContext@39aa6579<rs=HikariProxyResultSet@1529083000 wrapping rs5389: null>
?[0m?[0;34m2023-03-31 16:06:16.406  WARN 29781 --- [nio-8080-exec-6] o.h.e.loading.internal.LoadContexts      : HHH000100: Fail-safe cleanup (collections) : org.hibernate.engine.loading.internal.CollectionLoadContext@5b3c72dd<rs=HikariProxyResultSet@67532025 wrapping rs5405: null>
?[0m?[0;34m2023-03-31 16:06:16.406  WARN 29781 --- [nio-8080-exec-6] o.h.e.loading.internal.LoadContexts      : HHH000100: Fail-safe cleanup (collections) : org.hibernate.engine.loading.internal.CollectionLoadContext@74d099c8<rs=HikariProxyResultSet@687312379 wrapping rs5572: null>
?[0m?[0;34m2023-03-31 16:06:16.406  WARN 29781 --- [nio-8080-exec-6] o.h.e.loading.internal.LoadContexts      : HHH000100: Fail-safe cleanup (collections) : org.hibernate.engine.loading.internal.CollectionLoadContext@44b98e76<rs=HikariProxyResultSet@206264706 wrapping rs5671: null>
?[0m?[0;34m2023-03-31 16:06:16.406  WARN 29781 --- [nio-8080-exec-6] o.h.e.loading.internal.LoadContexts      : HHH000100: Fail-safe cleanup (collections) : org.hibernate.engine.loading.internal.CollectionLoadContext@2ed2ba35<rs=HikariProxyResultSet@854588931 wrapping rs5568: null>
?[0m?[0;34m2023-03-31 16:06:16.406  WARN 29781 --- [nio-8080-exec-6] o.h.e.loading.internal.LoadContexts      : HHH000100: Fail-safe cleanup (collections) : org.hibernate.engine.loading.internal.CollectionLoadContext@16408fa8<rs=HikariProxyResultSet@1222001284 wrapping rs5191: null>
?[0m?[0;34m2023-03-31 16:06:16.406  WARN 29781 --- [nio-8080-exec-6] o.h.e.loading.internal.LoadContexts      : HHH000100: Fail-safe cleanup (collections) : org.hibernate.engine.loading.internal.CollectionLoadContext@66ae4a71<rs=HikariProxyResultSet@1896252036 wrapping rs5369: null>
?[0m?[0;34m2023-03-31 16:06:16.406  WARN 29781 --- [nio-8080-exec-6] o.h.e.loading.internal.LoadContexts      : HHH000100: Fail-safe cleanup (collections) : org.hibernate.engine.loading.internal.CollectionLoadContext@6e6ca2ec<rs=HikariProxyResultSet@616324998 wrapping rs5175: null>
?[0m?[0;34m2023-03-31 16:06:16.406  WARN 29781 --- [nio-8080-exec-6] o.h.e.loading.internal.LoadContexts      : HHH000100: Fail-safe cleanup (collections) : org.hibernate.engine.loading.internal.CollectionLoadContext@55d4ae06<rs=HikariProxyResultSet@376627078 wrapping rs5215: null>
?[0m?[0;34m2023-03-31 16:06:16.406  WARN 29781 --- [nio-8080-exec-6] o.h.e.loading.internal.LoadContexts      : HHH000100: Fail-safe cleanup (collections) : org.hibernate.engine.loading.internal.CollectionLoadContext@47fb56db<rs=HikariProxyResultSet@900715527 wrapping rs5335: null>
?[0m?[0;34m2023-03-31 16:06:16.406  WARN 29781 --- [nio-8080-exec-6] o.h.e.loading.internal.LoadContexts      : HHH000100: Fail-safe cleanup (collections) : org.hibernate.engine.loading.internal.CollectionLoadContext@53926197<rs=HikariProxyResultSet@1865898249 wrapping rs5325: null>
?[0m?[0;34m2023-03-31 16:06:16.406  WARN 29781 --- [nio-8080-exec-6] o.h.e.loading.internal.LoadContexts      : HHH000100: Fail-safe cleanup (collections) : org.hibernate.engine.loading.internal.CollectionLoadContext@5862c2cb<rs=HikariProxyResultSet@931729673 wrapping rs5366: null>
?[0m?[0;34m2023-03-31 16:06:16.406  WARN 29781 --- [nio-8080-exec-6] o.h.e.loading.internal.LoadContexts      : HHH000100: Fail-safe cleanup (collections) : org.hibernate.engine.loading.internal.CollectionLoadContext@2836f35f<rs=HikariProxyResultSet@1593543179 wrapping rs5386: null>
?[0m?[0;34m2023-03-31 16:06:16.406  WARN 29781 --- [nio-8080-exec-6] o.h.e.loading.internal.LoadContexts      : HHH000100: Fail-safe cleanup (collections) : org.hibernate.engine.loading.internal.CollectionLoadContext@35e6250c<rs=HikariProxyResultSet@63506955 wrapping rs5481: null>
?[0m?[0;34m2023-03-31 16:06:16.406  WARN 29781 --- [nio-8080-exec-6] o.h.e.loading.internal.LoadContexts      : HHH000100: Fail-safe cleanup (collections) : org.hibernate.engine.loading.internal.CollectionLoadContext@753864fe<rs=HikariProxyResultSet@1281745419 wrapping rs5508: null>
?[0m?[0;34m2023-03-31 16:06:16.406  WARN 29781 --- [nio-8080-exec-6] o.h.e.loading.internal.LoadContexts      : HHH000100: Fail-safe cleanup (collections) : org.hibernate.engine.loading.internal.CollectionLoadContext@3b028408<rs=HikariProxyResultSet@1788742929 wrapping rs5561: null>
?[0m?[0;34m2023-03-31 16:06:16.406  WARN 29781 --- [nio-8080-exec-6] o.h.e.loading.internal.LoadContexts      : HHH000100: Fail-safe cleanup (collections) : org.hibernate.engine.loading.internal.CollectionLoadContext@24b1243c<rs=HikariProxyResultSet@1576314387 wrapping rs5495: null>
?[0m?[0;34m2023-03-31 16:06:16.406  WARN 29781 --- [nio-8080-exec-6] o.h.e.loading.internal.LoadContexts      : HHH000100: Fail-safe cleanup (collections) : org.hibernate.engine.loading.internal.CollectionLoadContext@207babe3<rs=HikariProxyResultSet@1579190932 wrapping rs5406: null>
?[0m?[0;34m2023-03-31 16:06:16.406  WARN 29781 --- [nio-8080-exec-6] o.h.e.loading.internal.LoadContexts      : HHH000100: Fail-safe cleanup (collections) : org.hibernate.engine.loading.internal.CollectionLoadContext@16d22486<rs=HikariProxyResultSet@1747512601 wrapping rs5532: null>
?[0m?[0;34m2023-03-31 16:06:16.406  WARN 29781 --- [nio-8080-exec-6] o.h.e.loading.internal.LoadContexts      : HHH000100: Fail-safe cleanup (collections) : org.hibernate.engine.loading.internal.CollectionLoadContext@39dfd090<rs=HikariProxyResultSet@1150779165 wrapping rs5424: null>
?[0m?[0;34m2023-03-31 16:06:16.406  WARN 29781 --- [nio-8080-exec-6] o.h.e.loading.internal.LoadContexts      : HHH000100: Fail-safe cleanup (collections) : org.hibernate.engine.loading.internal.CollectionLoadContext@14e29353<rs=HikariProxyResultSet@1779803038 wrapping rs5411: null>
?[0m?[0;34m2023-03-31 16:06:16.406  WARN 29781 --- [nio-8080-exec-6] o.h.e.loading.internal.LoadContexts      : HHH000100: Fail-safe cleanup (collections) : org.hibernate.engine.loading.internal.CollectionLoadContext@693b069f<rs=HikariProxyResultSet@519725087 wrapping rs5296: null>
?[0m?[0;34m2023-03-31 16:06:16.406  WARN 29781 --- [nio-8080-exec-6] o.h.e.loading.internal.LoadContexts      : HHH000100: Fail-safe cleanup (collections) : org.hibernate.engine.loading.internal.CollectionLoadContext@6ecaf92a<rs=HikariProxyResultSet@1065698464 wrapping rs5181: null>
?[0m?[0;34m2023-03-31 16:06:16.406  WARN 29781 --- [nio-8080-exec-6] o.h.e.loading.internal.LoadContexts      : HHH000100: Fail-safe cleanup (collections) : org.hibernate.engine.loading.internal.CollectionLoadContext@29d6ef33<rs=HikariProxyResultSet@1915304991 wrapping rs5299: null>
?[0m?[0;34m2023-03-31 16:06:16.406  WARN 29781 --- [nio-8080-exec-6] o.h.e.loading.internal.LoadContexts      : HHH000100: Fail-safe cleanup (collections) : org.hibernate.engine.loading.internal.CollectionLoadContext@29ae8951<rs=HikariProxyResultSet@1945356061 wrapping rs5490: null>
?[0m?[0;34m2023-03-31 16:06:16.406  WARN 29781 --- [nio-8080-exec-6] o.h.e.loading.internal.LoadContexts      : HHH000100: Fail-safe cleanup (collections) : org.hibernate.engine.loading.internal.CollectionLoadContext@18906d05<rs=HikariProxyResultSet@1008539550 wrapping rs5512: null>
?[0m?[0;34m2023-03-31 16:06:16.406  WARN 29781 --- [nio-8080-exec-6] o.h.e.loading.internal.LoadContexts      : HHH000100: Fail-safe cleanup (collections) : org.hibernate.engine.loading.internal.CollectionLoadContext@212ad494<rs=HikariProxyResultSet@344673053 wrapping rs5515: null>
?[0m?[0;34m2023-03-31 16:06:16.406  WARN 29781 --- [nio-8080-exec-6] o.h.e.loading.internal.LoadContexts      : HHH000100: Fail-safe cleanup (collections) : org.hibernate.engine.loading.internal.CollectionLoadContext@3f9b08f5<rs=HikariProxyResultSet@1625273254 wrapping rs5221: null>
?[0m?[0;34m2023-03-31 16:06:16.406  WARN 29781 --- [nio-8080-exec-6] o.h.e.loading.internal.LoadContexts      : HHH000100: Fail-safe cleanup (collections) : org.hibernate.engine.loading.internal.CollectionLoadContext@62a2ea56<rs=HikariProxyResultSet@768973734 wrapping rs5632: null>
?[0m?[0;34m2023-03-31 16:06:16.406  WARN 29781 --- [nio-8080-exec-6] o.h.e.loading.internal.LoadContexts      : HHH000100: Fail-safe cleanup (collections) : org.hibernate.engine.loading.internal.CollectionLoadContext@79414b42<rs=HikariProxyResultSet@1659442086 wrapping rs5697: null>
?[0m?[0;34m2023-03-31 16:06:16.406  WARN 29781 --- [nio-8080-exec-6] o.h.e.loading.internal.LoadContexts      : HHH000100: Fail-safe cleanup (collections) : org.hibernate.engine.loading.internal.CollectionLoadContext@eb8ae8a<rs=HikariProxyResultSet@1340558891 wrapping rs5355: null>
?[0m?[0;34m2023-03-31 16:06:16.406  WARN 29781 --- [nio-8080-exec-6] o.h.e.loading.internal.LoadContexts      : HHH000100: Fail-safe cleanup (collections) : org.hibernate.engine.loading.internal.CollectionLoadContext@6983c308<rs=HikariProxyResultSet@1930935214 wrapping rs5483: null>
?[0m?[0;34m2023-03-31 16:06:16.406  WARN 29781 --- [nio-8080-exec-6] o.h.e.loading.internal.LoadContexts      : HHH000100: Fail-safe cleanup (collections) : org.hibernate.engine.loading.internal.CollectionLoadContext@1c866434<rs=HikariProxyResultSet@989067311 wrapping rs5685: null>
?[0m?[0;34m2023-03-31 16:06:16.406  WARN 29781 --- [nio-8080-exec-6] o.h.e.loading.internal.LoadContexts      : HHH000100: Fail-safe cleanup (collections) : org.hibernate.engine.loading.internal.CollectionLoadContext@6f6e37bd<rs=HikariProxyResultSet@241317040 wrapping rs5244: null>
?[0m?[0;34m2023-03-31 16:06:16.406  WARN 29781 --- [nio-8080-exec-6] o.h.e.loading.internal.LoadContexts      : HHH000100: Fail-safe cleanup (collections) : org.hibernate.engine.loading.internal.CollectionLoadContext@24e90824<rs=HikariProxyResultSet@2113092018 wrapping rs5245: null>
?[0m?[0;34m2023-03-31 16:06:16.406  WARN 29781 --- [nio-8080-exec-6] o.h.e.loading.internal.LoadContexts      : HHH000100: Fail-safe cleanup (collections) : org.hibernate.engine.loading.internal.CollectionLoadContext@53051432<rs=HikariProxyResultSet@796797241 wrapping rs5443: null>
?[0m?[0;34m2023-03-31 16:06:16.406  WARN 29781 --- [nio-8080-exec-6] o.h.e.loading.internal.LoadContexts      : HHH000100: Fail-safe cleanup (collections) : org.hibernate.engine.loading.internal.CollectionLoadContext@7c0d7da2<rs=HikariProxyResultSet@977798973 wrapping rs5293: null>
?[0m?[0;34m2023-03-31 16:06:16.406  WARN 29781 --- [nio-8080-exec-6] o.h.e.loading.internal.LoadContexts      : HHH000100: Fail-safe cleanup (collections) : org.hibernate.engine.loading.internal.CollectionLoadContext@62c06e41<rs=HikariProxyResultSet@1473689534 wrapping rs5439: null>
?[0m?[0;34m2023-03-31 16:06:16.406  WARN 29781 --- [nio-8080-exec-6] o.h.e.loading.internal.LoadContexts      : HHH000100: Fail-safe cleanup (collections) : org.hibernate.engine.loading.internal.CollectionLoadContext@e04f215<rs=HikariProxyResultSet@1137607743 wrapping rs5284: null>
?[0m?[0;34m2023-03-31 16:06:16.406  WARN 29781 --- [nio-8080-exec-6] o.h.e.loading.internal.LoadContexts      : HHH000100: Fail-safe cleanup (collections) : org.hibernate.engine.loading.internal.CollectionLoadContext@75dbc363<rs=HikariProxyResultSet@1632904384 wrapping rs5239: null>
?[0m?[0;34m2023-03-31 16:06:16.406  WARN 29781 --- [nio-8080-exec-6] o.h.e.loading.internal.LoadContexts      : HHH000100: Fail-safe cleanup (collections) : org.hibernate.engine.loading.internal.CollectionLoadContext@62ac5017<rs=HikariProxyResultSet@1282248001 wrapping rs5586: null>
?[0m?[0;34m2023-03-31 16:06:16.406  WARN 29781 --- [nio-8080-exec-6] o.h.e.loading.internal.LoadContexts      : HHH000100: Fail-safe cleanup (collections) : org.hibernate.engine.loading.internal.CollectionLoadContext@3ff8865<rs=HikariProxyResultSet@97203650 wrapping rs5327: null>
?[0m?[0;34m2023-03-31 16:06:16.406  WARN 29781 --- [nio-8080-exec-6] o.h.e.loading.internal.LoadContexts      : HHH000100: Fail-safe cleanup (collections) : org.hibernate.engine.loading.internal.CollectionLoadContext@2ac25655<rs=HikariProxyResultSet@1524402376 wrapping rs5265: null>
?[0m?[0;34m2023-03-31 16:06:16.406  WARN 29781 --- [nio-8080-exec-6] o.h.e.loading.internal.LoadContexts      : HHH000100: Fail-safe cleanup (collections) : org.hibernate.engine.loading.internal.CollectionLoadContext@12948b5<rs=HikariProxyResultSet@98979016 wrapping rs5451: null>
?[0m?[0;34m2023-03-31 16:06:16.406  WARN 29781 --- [nio-8080-exec-6] o.h.e.loading.internal.LoadContexts      : HHH000100: Fail-safe cleanup (collections) : org.hibernate.engine.loading.internal.CollectionLoadContext@1058c6f<rs=HikariProxyResultSet@430728650 wrapping rs5450: null>
?[0m?[0;34m2023-03-31 16:06:16.406  WARN 29781 --- [nio-8080-exec-6] o.h.e.loading.internal.LoadContexts      : HHH000100: Fail-safe cleanup (collections) : org.hibernate.engine.loading.internal.CollectionLoadContext@7ec6908a<rs=HikariProxyResultSet@1394249549 wrapping rs5173: null>
?[0m?[0;34m2023-03-31 16:06:16.406  WARN 29781 --- [nio-8080-exec-6] o.h.e.loading.internal.LoadContexts      : HHH000100: Fail-safe cleanup (collections) : org.hibernate.engine.loading.internal.CollectionLoadContext@468e11f9<rs=HikariProxyResultSet@1053392717 wrapping rs5240: null>
?[0m?[0;34m2023-03-31 16:06:16.407  WARN 29781 --- [nio-8080-exec-6] o.h.e.loading.internal.LoadContexts      : HHH000100: Fail-safe cleanup (collections) : org.hibernate.engine.loading.internal.CollectionLoadContext@da9957d<rs=HikariProxyResultSet@2068659150 wrapping rs5301: null>
?[0m?[0;34m2023-03-31 16:06:16.407  WARN 29781 --- [nio-8080-exec-6] o.h.e.loading.internal.LoadContexts      : HHH000100: Fail-safe cleanup (collections) : org.hibernate.engine.loading.internal.CollectionLoadContext@20e20653<rs=HikariProxyResultSet@484250961 wrapping rs5474: null>
?[0m?[0;34m2023-03-31 16:06:16.407  WARN 29781 --- [nio-8080-exec-6] o.h.e.loading.internal.LoadContexts      : HHH000100: Fail-safe cleanup (collections) : org.hibernate.engine.loading.internal.CollectionLoadContext@6aea8005<rs=HikariProxyResultSet@951275986 wrapping rs5349: null>
?[0m?[0;34m2023-03-31 16:06:16.407  WARN 29781 --- [nio-8080-exec-6] o.h.e.loading.internal.LoadContexts      : HHH000100: Fail-safe cleanup (collections) : org.hibernate.engine.loading.internal.CollectionLoadContext@5cdd5578<rs=HikariProxyResultSet@1190440660 wrapping rs5222: null>
?[0m?[0;34m2023-03-31 16:06:16.407  WARN 29781 --- [nio-8080-exec-6] o.h.e.loading.internal.LoadContexts      : HHH000100: Fail-safe cleanup (collections) : org.hibernate.engine.loading.internal.CollectionLoadContext@1d9e21e3<rs=HikariProxyResultSet@1485563991 wrapping rs5618: null>
?[0m?[0;34m2023-03-31 16:06:16.407  WARN 29781 --- [nio-8080-exec-6] o.h.e.loading.internal.LoadContexts      : HHH000100: Fail-safe cleanup (collections) : org.hibernate.engine.loading.internal.CollectionLoadContext@2d7e6c9d<rs=HikariProxyResultSet@1952728280 wrapping rs5246: null>
?[0m?[0;34m2023-03-31 16:06:16.407  WARN 29781 --- [nio-8080-exec-6] o.h.e.loading.internal.LoadContexts      : HHH000100: Fail-safe cleanup (collections) : org.hibernate.engine.loading.internal.CollectionLoadContext@13aa2b9f<rs=HikariProxyResultSet@774861145 wrapping rs5600: null>
?[0m?[0;34m2023-03-31 16:06:16.407  WARN 29781 --- [nio-8080-exec-6] o.h.e.loading.internal.LoadContexts      : HHH000100: Fail-safe cleanup (collections) : org.hibernate.engine.loading.internal.CollectionLoadContext@256aca07<rs=HikariProxyResultSet@1319457371 wrapping rs5591: null>
?[0m?[0;34m2023-03-31 16:06:16.407  WARN 29781 --- [nio-8080-exec-6] o.h.e.loading.internal.LoadContexts      : HHH000100: Fail-safe cleanup (collections) : org.hibernate.engine.loading.internal.CollectionLoadContext@49177670<rs=HikariProxyResultSet@462690141 wrapping rs5395: null>
?[0m?[0;34m2023-03-31 16:06:16.407  WARN 29781 --- [nio-8080-exec-6] o.h.e.loading.internal.LoadContexts      : HHH000100: Fail-safe cleanup (collections) : org.hibernate.engine.loading.internal.CollectionLoadContext@17d3e14b<rs=HikariProxyResultSet@2004135007 wrapping rs5459: null>
?[0m?[0;34m2023-03-31 16:06:16.407  WARN 29781 --- [nio-8080-exec-6] o.h.e.loading.internal.LoadContexts      : HHH000100: Fail-safe cleanup (collections) : org.hibernate.engine.loading.internal.CollectionLoadContext@5567d6fd<rs=HikariProxyResultSet@1883435490 wrapping rs5196: null>
?[0m?[0;34m2023-03-31 16:06:16.407  WARN 29781 --- [nio-8080-exec-6] o.h.e.loading.internal.LoadContexts      : HHH000100: Fail-safe cleanup (collections) : org.hibernate.engine.loading.internal.CollectionLoadContext@26ae04a4<rs=HikariProxyResultSet@2016258659 wrapping rs5264: null>
?[0m?[0;34m2023-03-31 16:06:16.407  WARN 29781 --- [nio-8080-exec-6] o.h.e.loading.internal.LoadContexts      : HHH000100: Fail-safe cleanup (collections) : org.hibernate.engine.loading.internal.CollectionLoadContext@54f852f7<rs=HikariProxyResultSet@873266658 wrapping rs5636: null>
?[0m?[0;34m2023-03-31 16:06:16.407  WARN 29781 --- [nio-8080-exec-6] o.h.e.loading.internal.LoadContexts      : HHH000100: Fail-safe cleanup (collections) : org.hibernate.engine.loading.internal.CollectionLoadContext@5c29289a<rs=HikariProxyResultSet@600741733 wrapping rs5688: null>
?[0m?[0;34m2023-03-31 16:06:16.407  WARN 29781 --- [nio-8080-exec-6] o.h.e.loading.internal.LoadContexts      : HHH000100: Fail-safe cleanup (collections) : org.hibernate.engine.loading.internal.CollectionLoadContext@3712dddc<rs=HikariProxyResultSet@802044136 wrapping rs5268: null>
?[0m?[0;34m2023-03-31 16:06:16.407  WARN 29781 --- [nio-8080-exec-6] o.h.e.loading.internal.LoadContexts      : HHH000100: Fail-safe cleanup (collections) : org.hibernate.engine.loading.internal.CollectionLoadContext@61cf74be<rs=HikariProxyResultSet@1685330152 wrapping rs5457: null>
?[0m?[0;34m2023-03-31 16:06:16.407  WARN 29781 --- [nio-8080-exec-6] o.h.e.loading.internal.LoadContexts      : HHH000100: Fail-safe cleanup (collections) : org.hibernate.engine.loading.internal.CollectionLoadContext@77b6fd9a<rs=HikariProxyResultSet@466301289 wrapping rs5563: null>
?[0m?[0;34m2023-03-31 16:06:16.407  WARN 29781 --- [nio-8080-exec-6] o.h.e.loading.internal.LoadContexts      : HHH000100: Fail-safe cleanup (collections) : org.hibernate.engine.loading.internal.CollectionLoadContext@624e660e<rs=HikariProxyResultSet@424019563 wrapping rs5466: null>
?[0m?[0;34m2023-03-31 16:06:16.407  WARN 29781 --- [nio-8080-exec-6] o.h.e.loading.internal.LoadContexts      : HHH000100: Fail-safe cleanup (collections) : org.hibernate.engine.loading.internal.CollectionLoadContext@4313bba6<rs=HikariProxyResultSet@1077991785 wrapping rs5634: null>
?[0m?[0;34m2023-03-31 16:06:16.407  WARN 29781 --- [nio-8080-exec-6] o.h.e.loading.internal.LoadContexts      : HHH000100: Fail-safe cleanup (collections) : org.hibernate.engine.loading.internal.CollectionLoadContext@59635dfe<rs=HikariProxyResultSet@1126330221 wrapping rs5290: null>
?[0m?[0;34m2023-03-31 16:06:16.407  WARN 29781 --- [nio-8080-exec-6] o.h.e.loading.internal.LoadContexts      : HHH000100: Fail-safe cleanup (collections) : org.hibernate.engine.loading.internal.CollectionLoadContext@19f92165<rs=HikariProxyResultSet@456889197 wrapping rs5409: null>
?[0m?[0;34m2023-03-31 16:06:16.407  WARN 29781 --- [nio-8080-exec-6] o.h.e.loading.internal.LoadContexts      : HHH000100: Fail-safe cleanup (collections) : org.hibernate.engine.loading.internal.CollectionLoadContext@8165a42<rs=HikariProxyResultSet@1042359407 wrapping rs5212: null>
?[0m?[0;34m2023-03-31 16:06:16.407  WARN 29781 --- [nio-8080-exec-6] o.h.e.loading.internal.LoadContexts      : HHH000100: Fail-safe cleanup (collections) : org.hibernate.engine.loading.internal.CollectionLoadContext@56061e6d<rs=HikariProxyResultSet@954347760 wrapping rs5278: null>
?[0m?[0;34m2023-03-31 16:06:16.407  WARN 29781 --- [nio-8080-exec-6] o.h.e.loading.internal.LoadContexts      : HHH000100: Fail-safe cleanup (collections) : org.hibernate.engine.loading.internal.CollectionLoadContext@15c925fe<rs=HikariProxyResultSet@625599599 wrapping rs5339: null>
?[0m?[0;34m2023-03-31 16:06:16.407  WARN 29781 --- [nio-8080-exec-6] o.h.e.loading.internal.LoadContexts      : HHH000100: Fail-safe cleanup (collections) : org.hibernate.engine.loading.internal.CollectionLoadContext@456bcc2b<rs=HikariProxyResultSet@1406039280 wrapping rs5517: null>
?[0m?[0;34m2023-03-31 16:06:16.407  WARN 29781 --- [nio-8080-exec-6] o.h.e.loading.internal.LoadContexts      : HHH000100: Fail-safe cleanup (collections) : org.hibernate.engine.loading.internal.CollectionLoadContext@7f155a8e<rs=HikariProxyResultSet@1646015986 wrapping rs5552: null>
?[0m?[0;34m2023-03-31 16:06:16.407  WARN 29781 --- [nio-8080-exec-6] o.h.e.loading.internal.LoadContexts      : HHH000100: Fail-safe cleanup (collections) : org.hibernate.engine.loading.internal.CollectionLoadContext@1906d677<rs=HikariProxyResultSet@296016370 wrapping rs5553: null>
?[0m?[0;34m2023-03-31 16:06:16.407  WARN 29781 --- [nio-8080-exec-6] o.h.e.loading.internal.LoadContexts      : HHH000100: Fail-safe cleanup (collections) : org.hibernate.engine.loading.internal.CollectionLoadContext@453cf67c<rs=HikariProxyResultSet@1037346677 wrapping rs5283: null>
?[0m?[0;34m2023-03-31 16:06:16.407  WARN 29781 --- [nio-8080-exec-6] o.h.e.loading.internal.LoadContexts      : HHH000100: Fail-safe cleanup (collections) : org.hibernate.engine.loading.internal.CollectionLoadContext@5ead6064<rs=HikariProxyResultSet@2019980528 wrapping rs5575: null>
?[0m?[0;34m2023-03-31 16:06:16.407  WARN 29781 --- [nio-8080-exec-6] o.h.e.loading.internal.LoadContexts      : HHH000100: Fail-safe cleanup (collections) : org.hibernate.engine.loading.internal.CollectionLoadContext@bb99015<rs=HikariProxyResultSet@1391406070 wrapping rs5661: null>
?[0m?[0;34m2023-03-31 16:06:16.407  WARN 29781 --- [nio-8080-exec-6] o.h.e.loading.internal.LoadContexts      : HHH000100: Fail-safe cleanup (collections) : org.hibernate.engine.loading.internal.CollectionLoadContext@24a34a7b<rs=HikariProxyResultSet@418752123 wrapping rs5277: null>
?[0m?[0;34m2023-03-31 16:06:16.407  WARN 29781 --- [nio-8080-exec-6] o.h.e.loading.internal.LoadContexts      : HHH000100: Fail-safe cleanup (collections) : org.hibernate.engine.loading.internal.CollectionLoadContext@68ec785<rs=HikariProxyResultSet@1108507517 wrapping rs5318: null>
?[0m?[0;34m2023-03-31 16:06:16.407  WARN 29781 --- [nio-8080-exec-6] o.h.e.loading.internal.LoadContexts      : HHH000100: Fail-safe cleanup (collections) : org.hibernate.engine.loading.internal.CollectionLoadContext@33952970<rs=HikariProxyResultSet@1391227007 wrapping rs5176: null>
?[0m?[0;34m2023-03-31 16:06:16.407  WARN 29781 --- [nio-8080-exec-6] o.h.e.loading.internal.LoadContexts      : HHH000100: Fail-safe cleanup (collections) : org.hibernate.engine.loading.internal.CollectionLoadContext@746b3e2f<rs=HikariProxyResultSet@2060201345 wrapping rs5416: null>
?[0m?[0;34m2023-03-31 16:06:16.407  WARN 29781 --- [nio-8080-exec-6] o.h.e.loading.internal.LoadContexts      : HHH000100: Fail-safe cleanup (collections) : org.hibernate.engine.loading.internal.CollectionLoadContext@4a25524b<rs=HikariProxyResultSet@1531667970 wrapping rs5399: null>
?[0m?[0;34m2023-03-31 16:06:16.407  WARN 29781 --- [nio-8080-exec-6] o.h.e.loading.internal.LoadContexts      : HHH000100: Fail-safe cleanup (collections) : org.hibernate.engine.loading.internal.CollectionLoadContext@3ae71665<rs=HikariProxyResultSet@1008987787 wrapping rs5627: null>
?[0m?[0;34m2023-03-31 16:06:16.407  WARN 29781 --- [nio-8080-exec-6] o.h.e.loading.internal.LoadContexts      : HHH000100: Fail-safe cleanup (collections) : org.hibernate.engine.loading.internal.CollectionLoadContext@202376e0<rs=HikariProxyResultSet@1505869838 wrapping rs5528: null>
?[0m?[0;34m2023-03-31 16:06:16.407  WARN 29781 --- [nio-8080-exec-6] o.h.e.loading.internal.LoadContexts      : HHH000100: Fail-safe cleanup (collections) : org.hibernate.engine.loading.internal.CollectionLoadContext@d94be8d<rs=HikariProxyResultSet@1521595664 wrapping rs5438: null>
?[0m?[0;34m2023-03-31 16:06:16.407  WARN 29781 --- [nio-8080-exec-6] o.h.e.loading.internal.LoadContexts      : HHH000100: Fail-safe cleanup (collections) : org.hibernate.engine.loading.internal.CollectionLoadContext@6dc3127e<rs=HikariProxyResultSet@1767263633 wrapping rs5511: null>
?[0m?[0;34m2023-03-31 16:06:16.407  WARN 29781 --- [nio-8080-exec-6] o.h.e.loading.internal.LoadContexts      : HHH000100: Fail-safe cleanup (collections) : org.hibernate.engine.loading.internal.CollectionLoadContext@6f15759d<rs=HikariProxyResultSet@593492885 wrapping rs5496: null>
?[0m?[0;34m2023-03-31 16:06:16.407  WARN 29781 --- [nio-8080-exec-6] o.h.e.loading.internal.LoadContexts      : HHH000100: Fail-safe cleanup (collections) : org.hibernate.engine.loading.internal.CollectionLoadContext@543a8ae9<rs=HikariProxyResultSet@2061883672 wrapping rs5665: null>
?[0m?[0;34m2023-03-31 16:06:16.407  WARN 29781 --- [nio-8080-exec-6] o.h.e.loading.internal.LoadContexts      : HHH000100: Fail-safe cleanup (collections) : org.hibernate.engine.loading.internal.CollectionLoadContext@7c723635<rs=HikariProxyResultSet@551248281 wrapping rs5294: null>
?[0m?[0;34m2023-03-31 16:06:16.407  WARN 29781 --- [nio-8080-exec-6] o.h.e.loading.internal.LoadContexts      : HHH000100: Fail-safe cleanup (collections) : org.hibernate.engine.loading.internal.CollectionLoadContext@9578b27<rs=HikariProxyResultSet@1986806169 wrapping rs5421: null>
?[0m?[0;34m2023-03-31 16:06:16.407  WARN 29781 --- [nio-8080-exec-6] o.h.e.loading.internal.LoadContexts      : HHH000100: Fail-safe cleanup (collections) : org.hibernate.engine.loading.internal.CollectionLoadContext@4daaae0d<rs=HikariProxyResultSet@1373163292 wrapping rs5419: null>
?[0m?[0;34m2023-03-31 16:06:16.407  WARN 29781 --- [nio-8080-exec-6] o.h.e.loading.internal.LoadContexts      : HHH000100: Fail-safe cleanup (collections) : org.hibernate.engine.loading.internal.CollectionLoadContext@4d470893<rs=HikariProxyResultSet@1671654301 wrapping rs5449: null>
?[0m?[0;34m2023-03-31 16:06:16.407  WARN 29781 --- [nio-8080-exec-6] o.h.e.loading.internal.LoadContexts      : HHH000100: Fail-safe cleanup (collections) : org.hibernate.engine.loading.internal.CollectionLoadContext@20694c90<rs=HikariProxyResultSet@1728432029 wrapping rs5491: null>
?[0m?[0;34m2023-03-31 16:06:16.407  WARN 29781 --- [nio-8080-exec-6] o.h.e.loading.internal.LoadContexts      : HHH000100: Fail-safe cleanup (collections) : org.hibernate.engine.loading.internal.CollectionLoadContext@15d2f509<rs=HikariProxyResultSet@311299231 wrapping rs5480: null>
?[0m?[0;34m2023-03-31 16:06:16.407  WARN 29781 --- [nio-8080-exec-6] o.h.e.loading.internal.LoadContexts      : HHH000100: Fail-safe cleanup (collections) : org.hibernate.engine.loading.internal.CollectionLoadContext@d10fb78<rs=HikariProxyResultSet@692818079 wrapping rs5684: null>
?[0m?[0;34m2023-03-31 16:06:16.407  WARN 29781 --- [nio-8080-exec-6] o.h.e.loading.internal.LoadContexts      : HHH000100: Fail-safe cleanup (collections) : org.hibernate.engine.loading.internal.CollectionLoadContext@78e679d9<rs=HikariProxyResultSet@1530320418 wrapping rs5213: null>
?[0m?[0;34m2023-03-31 16:06:16.407  WARN 29781 --- [nio-8080-exec-6] o.h.e.loading.internal.LoadContexts      : HHH000100: Fail-safe cleanup (collections) : org.hibernate.engine.loading.internal.CollectionLoadContext@1281b799<rs=HikariProxyResultSet@852514 wrapping rs5341: null>
?[0m?[0;34m2023-03-31 16:06:16.407  WARN 29781 --- [nio-8080-exec-6] o.h.e.loading.internal.LoadContexts      : HHH000100: Fail-safe cleanup (collections) : org.hibernate.engine.loading.internal.CollectionLoadContext@10f9727d<rs=HikariProxyResultSet@1052928675 wrapping rs5344: null>
?[0m?[0;34m2023-03-31 16:06:16.407  WARN 29781 --- [nio-8080-exec-6] o.h.e.loading.internal.LoadContexts      : HHH000100: Fail-safe cleanup (collections) : org.hibernate.engine.loading.internal.CollectionLoadContext@1a388021<rs=HikariProxyResultSet@1027236902 wrapping rs5170: null>
?[0m?[0;34m2023-03-31 16:06:16.407  WARN 29781 --- [nio-8080-exec-6] o.h.e.loading.internal.LoadContexts      : HHH000100: Fail-safe cleanup (collections) : org.hibernate.engine.loading.internal.CollectionLoadContext@515b1a0e<rs=HikariProxyResultSet@1630761256 wrapping rs5280: null>
?[0m?[0;34m2023-03-31 16:06:16.408  WARN 29781 --- [nio-8080-exec-6] o.h.e.loading.internal.LoadContexts      : HHH000100: Fail-safe cleanup (collections) : org.hibernate.engine.loading.internal.CollectionLoadContext@4e7952c3<rs=HikariProxyResultSet@1884220841 wrapping rs5538: null>
?[0m?[0;34m2023-03-31 16:06:16.408  WARN 29781 --- [nio-8080-exec-6] o.h.e.loading.internal.LoadContexts      : HHH000100: Fail-safe cleanup (collections) : org.hibernate.engine.loading.internal.CollectionLoadContext@15c8abeb<rs=HikariProxyResultSet@506662442 wrapping rs5595: null>
?[0m?[0;34m2023-03-31 16:06:16.408  WARN 29781 --- [nio-8080-exec-6] o.h.e.loading.internal.LoadContexts      : HHH000100: Fail-safe cleanup (collections) : org.hibernate.engine.loading.internal.CollectionLoadContext@4b2f08fb<rs=HikariProxyResultSet@1578708651 wrapping rs5226: null>
?[0m?[0;34m2023-03-31 16:06:16.408  WARN 29781 --- [nio-8080-exec-6] o.h.e.loading.internal.LoadContexts      : HHH000100: Fail-safe cleanup (collections) : org.hibernate.engine.loading.internal.CollectionLoadContext@422de0fa<rs=HikariProxyResultSet@1244629296 wrapping rs5243: null>
?[0m?[0;34m2023-03-31 16:06:16.408  WARN 29781 --- [nio-8080-exec-6] o.h.e.loading.internal.LoadContexts      : HHH000100: Fail-safe cleanup (collections) : org.hibernate.engine.loading.internal.CollectionLoadContext@46465d36<rs=HikariProxyResultSet@2059025333 wrapping rs5470: null>
?[0m?[0;34m2023-03-31 16:06:16.408  WARN 29781 --- [nio-8080-exec-6] o.h.e.loading.internal.LoadContexts      : HHH000100: Fail-safe cleanup (collections) : org.hibernate.engine.loading.internal.CollectionLoadContext@160131e6<rs=HikariProxyResultSet@257247415 wrapping rs5324: null>
?[0m?[0;34m2023-03-31 16:06:16.408  WARN 29781 --- [nio-8080-exec-6] o.h.e.loading.internal.LoadContexts      : HHH000100: Fail-safe cleanup (collections) : org.hibernate.engine.loading.internal.CollectionLoadContext@255a9b0d<rs=HikariProxyResultSet@3457473 wrapping rs5463: null>
?[0m?[0;34m2023-03-31 16:06:16.408  WARN 29781 --- [nio-8080-exec-6] o.h.e.loading.internal.LoadContexts      : HHH000100: Fail-safe cleanup (collections) : org.hibernate.engine.loading.internal.CollectionLoadContext@8dd956c<rs=HikariProxyResultSet@2017280449 wrapping rs5546: null>
?[0m?[0;34m2023-03-31 16:06:16.408  WARN 29781 --- [nio-8080-exec-6] o.h.e.loading.internal.LoadContexts      : HHH000100: Fail-safe cleanup (collections) : org.hibernate.engine.loading.internal.CollectionLoadContext@7c06d6ac<rs=HikariProxyResultSet@1580805448 wrapping rs5157: null>
?[0m?[0;34m2023-03-31 16:06:16.408  WARN 29781 --- [nio-8080-exec-6] o.h.e.loading.internal.LoadContexts      : HHH000100: Fail-safe cleanup (collections) : org.hibernate.engine.loading.internal.CollectionLoadContext@631756cb<rs=HikariProxyResultSet@1665485257 wrapping rs5387: null>
?[0m?[0;34m2023-03-31 16:06:16.408  WARN 29781 --- [nio-8080-exec-6] o.h.e.loading.internal.LoadContexts      : HHH000100: Fail-safe cleanup (collections) : org.hibernate.engine.loading.internal.CollectionLoadContext@12e43b57<rs=HikariProxyResultSet@1414014159 wrapping rs5266: null>
?[0m?[0;34m2023-03-31 16:06:16.408  WARN 29781 --- [nio-8080-exec-6] o.h.e.loading.internal.LoadContexts      : HHH000100: Fail-safe cleanup (collections) : org.hibernate.engine.loading.internal.CollectionLoadContext@7676aa92<rs=HikariProxyResultSet@655684049 wrapping rs5400: null>
?[0m?[0;34m2023-03-31 16:06:16.408  WARN 29781 --- [nio-8080-exec-6] o.h.e.loading.internal.LoadContexts      : HHH000100: Fail-safe cleanup (collections) : org.hibernate.engine.loading.internal.CollectionLoadContext@3c8fa146<rs=HikariProxyResultSet@1977823697 wrapping rs5518: null>
?[0m?[0;34m2023-03-31 16:06:16.408  WARN 29781 --- [nio-8080-exec-6] o.h.e.loading.internal.LoadContexts      : HHH000100: Fail-safe cleanup (collections) : org.hibernate.engine.loading.internal.CollectionLoadContext@65770912<rs=HikariProxyResultSet@398324564 wrapping rs5174: null>
?[0m?[0;34m2023-03-31 16:06:16.408  WARN 29781 --- [nio-8080-exec-6] o.h.e.loading.internal.LoadContexts      : HHH000100: Fail-safe cleanup (collections) : org.hibernate.engine.loading.internal.CollectionLoadContext@56fab868<rs=HikariProxyResultSet@1531029332 wrapping rs5383: null>
?[0m?[0;34m2023-03-31 16:06:16.408  WARN 29781 --- [nio-8080-exec-6] o.h.e.loading.internal.LoadContexts      : HHH000100: Fail-safe cleanup (collections) : org.hibernate.engine.loading.internal.CollectionLoadContext@151bba1f<rs=HikariProxyResultSet@39319130 wrapping rs5257: null>
?[0m?[0;34m2023-03-31 16:06:16.408  WARN 29781 --- [nio-8080-exec-6] o.h.e.loading.internal.LoadContexts      : HHH000100: Fail-safe cleanup (collections) : org.hibernate.engine.loading.internal.CollectionLoadContext@54dfac6b<rs=HikariProxyResultSet@123806306 wrapping rs5453: null>
?[0m?[0;34m2023-03-31 16:06:16.408  WARN 29781 --- [nio-8080-exec-6] o.h.e.loading.internal.LoadContexts      : HHH000100: Fail-safe cleanup (collections) : org.hibernate.engine.loading.internal.CollectionLoadContext@93d007b<rs=HikariProxyResultSet@499416803 wrapping rs5248: null>
?[0m?[0;34m2023-03-31 16:06:16.408  WARN 29781 --- [nio-8080-exec-6] o.h.e.loading.internal.LoadContexts      : HHH000100: Fail-safe cleanup (collections) : org.hibernate.engine.loading.internal.CollectionLoadContext@a07d0cc<rs=HikariProxyResultSet@1242686824 wrapping rs5513: null>
?[0m?[0;34m2023-03-31 16:06:16.408  WARN 29781 --- [nio-8080-exec-6] o.h.e.loading.internal.LoadContexts      : HHH000100: Fail-safe cleanup (collections) : org.hibernate.engine.loading.internal.CollectionLoadContext@420448d1<rs=HikariProxyResultSet@969732585 wrapping rs5562: null>
?[0m?[0;34m2023-03-31 16:06:16.408  WARN 29781 --- [nio-8080-exec-6] o.h.e.loading.internal.LoadContexts      : HHH000100: Fail-safe cleanup (collections) : org.hibernate.engine.loading.internal.CollectionLoadContext@6b11080e<rs=HikariProxyResultSet@573469290 wrapping rs5441: null>
?[0m?[0;34m2023-03-31 16:06:16.408  WARN 29781 --- [nio-8080-exec-6] o.h.e.loading.internal.LoadContexts      : HHH000100: Fail-safe cleanup (collections) : org.hibernate.engine.loading.internal.CollectionLoadContext@a4ef3cf<rs=HikariProxyResultSet@1151107182 wrapping rs5377: null>
?[0m?[0;34m2023-03-31 16:06:16.408  WARN 29781 --- [nio-8080-exec-6] o.h.e.loading.internal.LoadContexts      : HHH000100: Fail-safe cleanup (collections) : org.hibernate.engine.loading.internal.CollectionLoadContext@3e7bd3fa<rs=HikariProxyResultSet@650099822 wrapping rs5651: null>
?[0m?[0;34m2023-03-31 16:06:16.408  WARN 29781 --- [nio-8080-exec-6] o.h.e.loading.internal.LoadContexts      : HHH000100: Fail-safe cleanup (collections) : org.hibernate.engine.loading.internal.CollectionLoadContext@5e595624<rs=HikariProxyResultSet@643477872 wrapping rs5430: null>
?[0m?[0;34m2023-03-31 16:06:16.408  WARN 29781 --- [nio-8080-exec-6] o.h.e.loading.internal.LoadContexts      : HHH000100: Fail-safe cleanup (collections) : org.hibernate.engine.loading.internal.CollectionLoadContext@3d6b7499<rs=HikariProxyResultSet@1898978801 wrapping rs5660: null>
?[0m?[0;34m2023-03-31 16:06:16.408  WARN 29781 --- [nio-8080-exec-6] o.h.e.loading.internal.LoadContexts      : HHH000100: Fail-safe cleanup (collections) : org.hibernate.engine.loading.internal.CollectionLoadContext@40462870<rs=HikariProxyResultSet@250445168 wrapping rs5668: null>
?[0m?[0;34m2023-03-31 16:06:16.408  WARN 29781 --- [nio-8080-exec-6] o.h.e.loading.internal.LoadContexts      : HHH000100: Fail-safe cleanup (collections) : org.hibernate.engine.loading.internal.CollectionLoadContext@2042d781<rs=HikariProxyResultSet@109055731 wrapping rs5435: null>
?[0m?[0;34m2023-03-31 16:06:16.408  WARN 29781 --- [nio-8080-exec-6] o.h.e.loading.internal.LoadContexts      : HHH000100: Fail-safe cleanup (collections) : org.hibernate.engine.loading.internal.CollectionLoadContext@343e4ddb<rs=HikariProxyResultSet@1794647924 wrapping rs5178: null>
?[0m?[0;34m2023-03-31 16:06:16.408  WARN 29781 --- [nio-8080-exec-6] o.h.e.loading.internal.LoadContexts      : HHH000100: Fail-safe cleanup (collections) : org.hibernate.engine.loading.internal.CollectionLoadContext@52972879<rs=HikariProxyResultSet@76622966 wrapping rs5300: null>
?[0m?[0;34m2023-03-31 16:06:16.408  WARN 29781 --- [nio-8080-exec-6] o.h.e.loading.internal.LoadContexts      : HHH000100: Fail-safe cleanup (collections) : org.hibernate.engine.loading.internal.CollectionLoadContext@23639ff3<rs=HikariProxyResultSet@444703991 wrapping rs5385: null>
?[0m?[0;34m2023-03-31 16:06:16.408  WARN 29781 --- [nio-8080-exec-6] o.h.e.loading.internal.LoadContexts      : HHH000100: Fail-safe cleanup (collections) : org.hibernate.engine.loading.internal.CollectionLoadContext@15abbac1<rs=HikariProxyResultSet@950523127 wrapping rs5454: null>
?[0m?[0;34m2023-03-31 16:06:16.408  WARN 29781 --- [nio-8080-exec-6] o.h.e.loading.internal.LoadContexts      : HHH000100: Fail-safe cleanup (collections) : org.hibernate.engine.loading.internal.CollectionLoadContext@53bd7d3a<rs=HikariProxyResultSet@1348067196 wrapping rs5473: null>
?[0m?[0;34m2023-03-31 16:06:16.408  WARN 29781 --- [nio-8080-exec-6] o.h.e.loading.internal.LoadContexts      : HHH000100: Fail-safe cleanup (collections) : org.hibernate.engine.loading.internal.CollectionLoadContext@380243d4<rs=HikariProxyResultSet@2100907005 wrapping rs5186: null>
?[0m?[0;34m2023-03-31 16:06:16.408  WARN 29781 --- [nio-8080-exec-6] o.h.e.loading.internal.LoadContexts      : HHH000100: Fail-safe cleanup (collections) : org.hibernate.engine.loading.internal.CollectionLoadContext@7a1df20<rs=HikariProxyResultSet@991770492 wrapping rs5628: null>
?[0m?[0;34m2023-03-31 16:06:16.408  WARN 29781 --- [nio-8080-exec-6] o.h.e.loading.internal.LoadContexts      : HHH000100: Fail-safe cleanup (collections) : org.hibernate.engine.loading.internal.CollectionLoadContext@4f9410a7<rs=HikariProxyResultSet@80048383 wrapping rs5659: null>
?[0m?[0;34m2023-03-31 16:06:16.408  WARN 29781 --- [nio-8080-exec-6] o.h.e.loading.internal.LoadContexts      : HHH000100: Fail-safe cleanup (collections) : org.hibernate.engine.loading.internal.CollectionLoadContext@7778e0c2<rs=HikariProxyResultSet@729885056 wrapping rs5610: null>
?[0m?[0;34m2023-03-31 16:06:16.408  WARN 29781 --- [nio-8080-exec-6] o.h.e.loading.internal.LoadContexts      : HHH000100: Fail-safe cleanup (collections) : org.hibernate.engine.loading.internal.CollectionLoadContext@5d4e011a<rs=HikariProxyResultSet@1477754748 wrapping rs5666: null>
?[0m?[0;34m2023-03-31 16:06:16.408  WARN 29781 --- [nio-8080-exec-6] o.h.e.loading.internal.LoadContexts      : HHH000100: Fail-safe cleanup (collections) : org.hibernate.engine.loading.internal.CollectionLoadContext@541f9d4c<rs=HikariProxyResultSet@397208194 wrapping rs5263: null>
?[0m?[0;34m2023-03-31 16:06:16.408  WARN 29781 --- [nio-8080-exec-6] o.h.e.loading.internal.LoadContexts      : HHH000100: Fail-safe cleanup (collections) : org.hibernate.engine.loading.internal.CollectionLoadContext@3be1be40<rs=HikariProxyResultSet@307127043 wrapping rs5390: null>
?[0m?[0;34m2023-03-31 16:06:16.408  WARN 29781 --- [nio-8080-exec-6] o.h.e.loading.internal.LoadContexts      : HHH000100: Fail-safe cleanup (collections) : org.hibernate.engine.loading.internal.CollectionLoadContext@baf370e<rs=HikariProxyResultSet@2141535108 wrapping rs5270: null>
?[0m?[0;34m2023-03-31 16:06:16.408  WARN 29781 --- [nio-8080-exec-6] o.h.e.loading.internal.LoadContexts      : HHH000100: Fail-safe cleanup (collections) : org.hibernate.engine.loading.internal.CollectionLoadContext@2644a1b0<rs=HikariProxyResultSet@528546821 wrapping rs5333: null>
?[0m?[0;34m2023-03-31 16:06:16.408  WARN 29781 --- [nio-8080-exec-6] o.h.e.loading.internal.LoadContexts      : HHH000100: Fail-safe cleanup (collections) : org.hibernate.engine.loading.internal.CollectionLoadContext@e99bdc9<rs=HikariProxyResultSet@372332807 wrapping rs5271: null>
?[0m?[0;34m2023-03-31 16:06:16.408  WARN 29781 --- [nio-8080-exec-6] o.h.e.loading.internal.LoadContexts      : HHH000100: Fail-safe cleanup (collections) : org.hibernate.engine.loading.internal.CollectionLoadContext@38bc01e4<rs=HikariProxyResultSet@457257618 wrapping rs5616: null>
?[0m?[0;34m2023-03-31 16:06:16.408  WARN 29781 --- [nio-8080-exec-6] o.h.e.loading.internal.LoadContexts      : HHH000100: Fail-safe cleanup (collections) : org.hibernate.engine.loading.internal.CollectionLoadContext@4ad946ba<rs=HikariProxyResultSet@970352919 wrapping rs5623: null>
?[0m?[0;34m2023-03-31 16:06:16.408  WARN 29781 --- [nio-8080-exec-6] o.h.e.loading.internal.LoadContexts      : HHH000100: Fail-safe cleanup (collections) : org.hibernate.engine.loading.internal.CollectionLoadContext@49133770<rs=HikariProxyResultSet@320400792 wrapping rs5669: null>
?[0m?[0;34m2023-03-31 16:06:16.408  WARN 29781 --- [nio-8080-exec-6] o.h.e.loading.internal.LoadContexts      : HHH000100: Fail-safe cleanup (collections) : org.hibernate.engine.loading.internal.CollectionLoadContext@a27bc6e<rs=HikariProxyResultSet@1993012761 wrapping rs5193: null>
?[0m?[0;34m2023-03-31 16:06:16.408  WARN 29781 --- [nio-8080-exec-6] o.h.e.loading.internal.LoadContexts      : HHH000100: Fail-safe cleanup (collections) : org.hibernate.engine.loading.internal.CollectionLoadContext@52cc2fef<rs=HikariProxyResultSet@880538266 wrapping rs5217: null>
?[0m?[0;34m2023-03-31 16:06:16.408  WARN 29781 --- [nio-8080-exec-6] o.h.e.loading.internal.LoadContexts      : HHH000100: Fail-safe cleanup (collections) : org.hibernate.engine.loading.internal.CollectionLoadContext@52205f9a<rs=HikariProxyResultSet@1081142946 wrapping rs5202: null>
?[0m?[0;34m2023-03-31 16:06:16.408  WARN 29781 --- [nio-8080-exec-6] o.h.e.loading.internal.LoadContexts      : HHH000100: Fail-safe cleanup (collections) : org.hibernate.engine.loading.internal.CollectionLoadContext@2584a19<rs=HikariProxyResultSet@966005668 wrapping rs5613: null>
?[0m?[0;34m2023-03-31 16:06:16.408  WARN 29781 --- [nio-8080-exec-6] o.h.e.loading.internal.LoadContexts      : HHH000100: Fail-safe cleanup (collections) : org.hibernate.engine.loading.internal.CollectionLoadContext@35ab52f0<rs=HikariProxyResultSet@1412237478 wrapping rs5597: null>
?[0m?[0;34m2023-03-31 16:06:16.408  WARN 29781 --- [nio-8080-exec-6] o.h.e.loading.internal.LoadContexts      : HHH000100: Fail-safe cleanup (collections) : org.hibernate.engine.loading.internal.CollectionLoadContext@62ba0fd<rs=HikariProxyResultSet@1957827879 wrapping rs5187: null>
?[0m?[0;34m2023-03-31 16:06:16.408  WARN 29781 --- [nio-8080-exec-6] o.h.e.loading.internal.LoadContexts      : HHH000100: Fail-safe cleanup (collections) : org.hibernate.engine.loading.internal.CollectionLoadContext@56a7e32d<rs=HikariProxyResultSet@1529181608 wrapping rs5180: null>
?[0m?[0;34m2023-03-31 16:06:16.408  WARN 29781 --- [nio-8080-exec-6] o.h.e.loading.internal.LoadContexts      : HHH000100: Fail-safe cleanup (collections) : org.hibernate.engine.loading.internal.CollectionLoadContext@16ef7362<rs=HikariProxyResultSet@246614569 wrapping rs5171: null>
?[0m?[0;34m2023-03-31 16:06:16.408  WARN 29781 --- [nio-8080-exec-6] o.h.e.loading.internal.LoadContexts      : HHH000100: Fail-safe cleanup (collections) : org.hibernate.engine.loading.internal.CollectionLoadContext@793c8f9d<rs=HikariProxyResultSet@1093903018 wrapping rs5247: null>
?[0m?[0;34m2023-03-31 16:06:16.408  WARN 29781 --- [nio-8080-exec-6] o.h.e.loading.internal.LoadContexts      : HHH000100: Fail-safe cleanup (collections) : org.hibernate.engine.loading.internal.CollectionLoadContext@22cbe40f<rs=HikariProxyResultSet@976318251 wrapping rs5200: null>
?[0m?[0;34m2023-03-31 16:06:16.408  WARN 29781 --- [nio-8080-exec-6] o.h.e.loading.internal.LoadContexts      : HHH000100: Fail-safe cleanup (collections) : org.hibernate.engine.loading.internal.CollectionLoadContext@4b9cc5f0<rs=HikariProxyResultSet@493420460 wrapping rs5261: null>
?[0m?[0;34m2023-03-31 16:06:16.408  WARN 29781 --- [nio-8080-exec-6] o.h.e.loading.internal.LoadContexts      : HHH000100: Fail-safe cleanup (collections) : org.hibernate.engine.loading.internal.CollectionLoadContext@2605db82<rs=HikariProxyResultSet@1825398829 wrapping rs5504: null>
?[0m?[0;34m2023-03-31 16:06:16.408  WARN 29781 --- [nio-8080-exec-6] o.h.e.loading.internal.LoadContexts      : HHH000100: Fail-safe cleanup (collections) : org.hibernate.engine.loading.internal.CollectionLoadContext@3bd8e8b8<rs=HikariProxyResultSet@1346631467 wrapping rs5519: null>
?[0m?[0;34m2023-03-31 16:06:16.408  WARN 29781 --- [nio-8080-exec-6] o.h.e.loading.internal.LoadContexts      : HHH000100: Fail-safe cleanup (collections) : org.hibernate.engine.loading.internal.CollectionLoadContext@46ce9850<rs=HikariProxyResultSet@1277701544 wrapping rs5536: null>
?[0m?[0;34m2023-03-31 16:06:16.408  WARN 29781 --- [nio-8080-exec-6] o.h.e.loading.internal.LoadContexts      : HHH000100: Fail-safe cleanup (collections) : org.hibernate.engine.loading.internal.CollectionLoadContext@6bd0763c<rs=HikariProxyResultSet@1135993772 wrapping rs5560: null>
?[0m?[0;34m2023-03-31 16:06:16.408  WARN 29781 --- [nio-8080-exec-6] o.h.e.loading.internal.LoadContexts      : HHH000100: Fail-safe cleanup (collections) : org.hibernate.engine.loading.internal.CollectionLoadContext@6381690f<rs=HikariProxyResultSet@1050832433 wrapping rs5365: null>
?[0m?[0;34m2023-03-31 16:06:16.408  WARN 29781 --- [nio-8080-exec-6] o.h.e.loading.internal.LoadContexts      : HHH000100: Fail-safe cleanup (collections) : org.hibernate.engine.loading.internal.CollectionLoadContext@1fe0c0ef<rs=HikariProxyResultSet@202568241 wrapping rs5531: null>
?[0m?[0;34m2023-03-31 16:06:16.408  WARN 29781 --- [nio-8080-exec-6] o.h.e.loading.internal.LoadContexts      : HHH000100: Fail-safe cleanup (collections) : org.hibernate.engine.loading.internal.CollectionLoadContext@2d5ed75b<rs=HikariProxyResultSet@941823658 wrapping rs5678: null>
?[0m?[0;34m2023-03-31 16:06:16.409  WARN 29781 --- [nio-8080-exec-6] o.h.e.loading.internal.LoadContexts      : HHH000100: Fail-safe cleanup (collections) : org.hibernate.engine.loading.internal.CollectionLoadContext@45d7355a<rs=HikariProxyResultSet@1464766646 wrapping rs5361: null>
?[0m?[0;34m2023-03-31 16:06:16.409  WARN 29781 --- [nio-8080-exec-6] o.h.e.loading.internal.LoadContexts      : HHH000100: Fail-safe cleanup (collections) : org.hibernate.engine.loading.internal.CollectionLoadContext@2df6e5fe<rs=HikariProxyResultSet@378794553 wrapping rs5195: null>
?[0m?[0;34m2023-03-31 16:06:16.409  WARN 29781 --- [nio-8080-exec-6] o.h.e.loading.internal.LoadContexts      : HHH000100: Fail-safe cleanup (collections) : org.hibernate.engine.loading.internal.CollectionLoadContext@3408af17<rs=HikariProxyResultSet@1549248444 wrapping rs5631: null>
?[0m?[0;34m2023-03-31 16:06:16.409  WARN 29781 --- [nio-8080-exec-6] o.h.e.loading.internal.LoadContexts      : HHH000100: Fail-safe cleanup (collections) : org.hibernate.engine.loading.internal.CollectionLoadContext@6fb752c2<rs=HikariProxyResultSet@1336041533 wrapping rs5577: null>
?[0m?[0;34m2023-03-31 16:06:16.409  WARN 29781 --- [nio-8080-exec-6] o.h.e.loading.internal.LoadContexts      : HHH000100: Fail-safe cleanup (collections) : org.hibernate.engine.loading.internal.CollectionLoadContext@1336d78b<rs=HikariProxyResultSet@806208702 wrapping rs5340: null>
?[0m?[0;34m2023-03-31 16:06:16.409  WARN 29781 --- [nio-8080-exec-6] o.h.e.loading.internal.LoadContexts      : HHH000100: Fail-safe cleanup (collections) : org.hibernate.engine.loading.internal.CollectionLoadContext@9f51906<rs=HikariProxyResultSet@925326526 wrapping rs5374: null>
?[0m?[0;34m2023-03-31 16:06:16.409  WARN 29781 --- [nio-8080-exec-6] o.h.e.loading.internal.LoadContexts      : HHH000100: Fail-safe cleanup (collections) : org.hibernate.engine.loading.internal.CollectionLoadContext@78747f38<rs=HikariProxyResultSet@1791469758 wrapping rs5700: null>
?[0m?[0;34m2023-03-31 16:06:16.409  WARN 29781 --- [nio-8080-exec-6] o.h.e.loading.internal.LoadContexts      : HHH000100: Fail-safe cleanup (collections) : org.hibernate.engine.loading.internal.CollectionLoadContext@2d0003b6<rs=HikariProxyResultSet@949702467 wrapping rs5297: null>
?[0m?[0;34m2023-03-31 16:06:16.409  WARN 29781 --- [nio-8080-exec-6] o.h.e.loading.internal.LoadContexts      : HHH000100: Fail-safe cleanup (collections) : org.hibernate.engine.loading.internal.CollectionLoadContext@82f1312<rs=HikariProxyResultSet@83575877 wrapping rs5442: null>
?[0m?[0;34m2023-03-31 16:06:16.409  WARN 29781 --- [nio-8080-exec-6] o.h.e.loading.internal.LoadContexts      : HHH000100: Fail-safe cleanup (collections) : org.hibernate.engine.loading.internal.CollectionLoadContext@29b30638<rs=HikariProxyResultSet@6238535 wrapping rs5162: null>
?[0m?[0;34m2023-03-31 16:06:16.409  WARN 29781 --- [nio-8080-exec-6] o.h.e.loading.internal.LoadContexts      : HHH000100: Fail-safe cleanup (collections) : org.hibernate.engine.loading.internal.CollectionLoadContext@72652189<rs=HikariProxyResultSet@2139763273 wrapping rs5210: null>
?[0m?[0;34m2023-03-31 16:06:16.409  WARN 29781 --- [nio-8080-exec-6] o.h.e.loading.internal.LoadContexts      : HHH000100: Fail-safe cleanup (collections) : org.hibernate.engine.loading.internal.CollectionLoadContext@5fd591c0<rs=HikariProxyResultSet@18847434 wrapping rs5694: null>
?[0m?[0;34m2023-03-31 16:06:16.409  WARN 29781 --- [nio-8080-exec-6] o.h.e.loading.internal.LoadContexts      : HHH000100: Fail-safe cleanup (collections) : org.hibernate.engine.loading.internal.CollectionLoadContext@2f12aeab<rs=HikariProxyResultSet@1647172427 wrapping rs5358: null>
?[0m?[0;34m2023-03-31 16:06:16.409  WARN 29781 --- [nio-8080-exec-6] o.h.e.loading.internal.LoadContexts      : HHH000100: Fail-safe cleanup (collections) : org.hibernate.engine.loading.internal.CollectionLoadContext@1ea1efb7<rs=HikariProxyResultSet@1726747467 wrapping rs5506: null>
?[0m?[0;34m2023-03-31 16:06:16.409  WARN 29781 --- [nio-8080-exec-6] o.h.e.loading.internal.LoadContexts      : HHH000100: Fail-safe cleanup (collections) : org.hibernate.engine.loading.internal.CollectionLoadContext@4513ec83<rs=HikariProxyResultSet@153289805 wrapping rs5556: null>
?[0m?[0;34m2023-03-31 16:06:16.409  WARN 29781 --- [nio-8080-exec-6] o.h.e.loading.internal.LoadContexts      : HHH000100: Fail-safe cleanup (collections) : org.hibernate.engine.loading.internal.CollectionLoadContext@36bb3e70<rs=HikariProxyResultSet@1744192589 wrapping rs5594: null>
?[0m?[0;34m2023-03-31 16:06:16.409  WARN 29781 --- [nio-8080-exec-6] o.h.e.loading.internal.LoadContexts      : HHH000100: Fail-safe cleanup (collections) : org.hibernate.engine.loading.internal.CollectionLoadContext@c66a9fa<rs=HikariProxyResultSet@514871631 wrapping rs5566: null>
?[0m?[0;34m2023-03-31 16:06:16.409  WARN 29781 --- [nio-8080-exec-6] o.h.e.loading.internal.LoadContexts      : HHH000100: Fail-safe cleanup (collections) : org.hibernate.engine.loading.internal.CollectionLoadContext@1dab3396<rs=HikariProxyResultSet@847010256 wrapping rs5415: null>
?[0m?[0;34m2023-03-31 16:06:16.409  WARN 29781 --- [nio-8080-exec-6] o.h.e.loading.internal.LoadContexts      : HHH000100: Fail-safe cleanup (collections) : org.hibernate.engine.loading.internal.CollectionLoadContext@4786a354<rs=HikariProxyResultSet@140196433 wrapping rs5456: null>
?[0m?[0;34m2023-03-31 16:06:16.409  WARN 29781 --- [nio-8080-exec-6] o.h.e.loading.internal.LoadContexts      : HHH000100: Fail-safe cleanup (collections) : org.hibernate.engine.loading.internal.CollectionLoadContext@28214d6a<rs=HikariProxyResultSet@209196754 wrapping rs5379: null>
?[0m?[0;34m2023-03-31 16:06:16.409  WARN 29781 --- [nio-8080-exec-6] o.h.e.loading.internal.LoadContexts      : HHH000100: Fail-safe cleanup (collections) : org.hibernate.engine.loading.internal.CollectionLoadContext@11b118ed<rs=HikariProxyResultSet@1859259727 wrapping rs5585: null>
?[0m?[0;34m2023-03-31 16:06:16.409  WARN 29781 --- [nio-8080-exec-6] o.h.e.loading.internal.LoadContexts      : HHH000100: Fail-safe cleanup (collections) : org.hibernate.engine.loading.internal.CollectionLoadContext@5542bece<rs=HikariProxyResultSet@953671636 wrapping rs5482: null>
?[0m?[0;34m2023-03-31 16:06:16.409  WARN 29781 --- [nio-8080-exec-6] o.h.e.loading.internal.LoadContexts      : HHH000100: Fail-safe cleanup (collections) : org.hibernate.engine.loading.internal.CollectionLoadContext@272c2b31<rs=HikariProxyResultSet@528861003 wrapping rs5629: null>
?[0m?[0;34m2023-03-31 16:06:16.409  WARN 29781 --- [nio-8080-exec-6] o.h.e.loading.internal.LoadContexts      : HHH000100: Fail-safe cleanup (collections) : org.hibernate.engine.loading.internal.CollectionLoadContext@54468a3<rs=HikariProxyResultSet@966879446 wrapping rs5348: null>
?[0m?[0;34m2023-03-31 16:06:16.409  WARN 29781 --- [nio-8080-exec-6] o.h.e.loading.internal.LoadContexts      : HHH000100: Fail-safe cleanup (collections) : org.hibernate.engine.loading.internal.CollectionLoadContext@1c2b7e96<rs=HikariProxyResultSet@1980762197 wrapping rs5672: null>
?[0m?[0;34m2023-03-31 16:06:16.409  WARN 29781 --- [nio-8080-exec-6] o.h.e.loading.internal.LoadContexts      : HHH000100: Fail-safe cleanup (collections) : org.hibernate.engine.loading.internal.CollectionLoadContext@5cdf1713<rs=HikariProxyResultSet@2082412492 wrapping rs5693: null>
?[0m?[0;34m2023-03-31 16:06:16.409  WARN 29781 --- [nio-8080-exec-6] o.h.e.loading.internal.LoadContexts      : HHH000100: Fail-safe cleanup (collections) : org.hibernate.engine.loading.internal.CollectionLoadContext@1a6cda1a<rs=HikariProxyResultSet@1621597019 wrapping rs5320: null>
?[0m?[0;34m2023-03-31 16:06:16.409  WARN 29781 --- [nio-8080-exec-6] o.h.e.loading.internal.LoadContexts      : HHH000100: Fail-safe cleanup (collections) : org.hibernate.engine.loading.internal.CollectionLoadContext@3ccba884<rs=HikariProxyResultSet@1643200347 wrapping rs5422: null>
?[0m?[0;34m2023-03-31 16:06:16.409  WARN 29781 --- [nio-8080-exec-6] o.h.e.loading.internal.LoadContexts      : HHH000100: Fail-safe cleanup (collections) : org.hibernate.engine.loading.internal.CollectionLoadContext@7bd3ae45<rs=HikariProxyResultSet@697923419 wrapping rs5639: null>
?[0m?[0;34m2023-03-31 16:06:16.409  WARN 29781 --- [nio-8080-exec-6] o.h.e.loading.internal.LoadContexts      : HHH000100: Fail-safe cleanup (collections) : org.hibernate.engine.loading.internal.CollectionLoadContext@5f9049a3<rs=HikariProxyResultSet@1542183134 wrapping rs5541: null>
?[0m?[0;34m2023-03-31 16:06:16.409  WARN 29781 --- [nio-8080-exec-6] o.h.e.loading.internal.LoadContexts      : HHH000100: Fail-safe cleanup (collections) : org.hibernate.engine.loading.internal.CollectionLoadContext@2350f441<rs=HikariProxyResultSet@1880209759 wrapping rs5525: null>
?[0m?[0;34m2023-03-31 16:06:16.409  WARN 29781 --- [nio-8080-exec-6] o.h.e.loading.internal.LoadContexts      : HHH000100: Fail-safe cleanup (collections) : org.hibernate.engine.loading.internal.CollectionLoadContext@423ef727<rs=HikariProxyResultSet@866767328 wrapping rs5582: null>
?[0m?[0;34m2023-03-31 16:06:16.409  WARN 29781 --- [nio-8080-exec-6] o.h.e.loading.internal.LoadContexts      : HHH000100: Fail-safe cleanup (collections) : org.hibernate.engine.loading.internal.CollectionLoadContext@2479c8a3<rs=HikariProxyResultSet@644325985 wrapping rs5209: null>
?[0m?[0;34m2023-03-31 16:06:16.409  WARN 29781 --- [nio-8080-exec-6] o.h.e.loading.internal.LoadContexts      : HHH000100: Fail-safe cleanup (collections) : org.hibernate.engine.loading.internal.CollectionLoadContext@797940de<rs=HikariProxyResultSet@1355674338 wrapping rs5303: null>
?[0m?[0;34m2023-03-31 16:06:16.409  WARN 29781 --- [nio-8080-exec-6] o.h.e.loading.internal.LoadContexts      : HHH000100: Fail-safe cleanup (collections) : org.hibernate.engine.loading.internal.CollectionLoadContext@5d2f514c<rs=HikariProxyResultSet@629138146 wrapping rs5692: null>
?[0m?[0;34m2023-03-31 16:06:16.409  WARN 29781 --- [nio-8080-exec-6] o.h.e.loading.internal.LoadContexts      : HHH000100: Fail-safe cleanup (collections) : org.hibernate.engine.loading.internal.CollectionLoadContext@689d1201<rs=HikariProxyResultSet@540353766 wrapping rs5273: null>
?[0m?[0;34m2023-03-31 16:06:16.409  WARN 29781 --- [nio-8080-exec-6] o.h.e.loading.internal.LoadContexts      : HHH000100: Fail-safe cleanup (collections) : org.hibernate.engine.loading.internal.CollectionLoadContext@24bf361<rs=HikariProxyResultSet@496576105 wrapping rs5540: null>
?[0m?[0;34m2023-03-31 16:06:16.409  WARN 29781 --- [nio-8080-exec-6] o.h.e.loading.internal.LoadContexts      : HHH000100: Fail-safe cleanup (collections) : org.hibernate.engine.loading.internal.CollectionLoadContext@31072c46<rs=HikariProxyResultSet@1242660844 wrapping rs5544: null>
?[0m?[0;34m2023-03-31 16:06:16.409  WARN 29781 --- [nio-8080-exec-6] o.h.e.loading.internal.LoadContexts      : HHH000100: Fail-safe cleanup (collections) : org.hibernate.engine.loading.internal.CollectionLoadContext@1685ae1b<rs=HikariProxyResultSet@853782129 wrapping rs5701: null>
?[0m?[0;34m2023-03-31 16:06:16.409  WARN 29781 --- [nio-8080-exec-6] o.h.e.loading.internal.LoadContexts      : HHH000100: Fail-safe cleanup (collections) : org.hibernate.engine.loading.internal.CollectionLoadContext@1608abd0<rs=HikariProxyResultSet@2075810933 wrapping rs5302: null>
?[0m?[0;34m2023-03-31 16:06:16.409  WARN 29781 --- [nio-8080-exec-6] o.h.e.loading.internal.LoadContexts      : HHH000100: Fail-safe cleanup (collections) : org.hibernate.engine.loading.internal.CollectionLoadContext@4b05828b<rs=HikariProxyResultSet@374882421 wrapping rs5437: null>
?[0m?[0;34m2023-03-31 16:06:16.409  WARN 29781 --- [nio-8080-exec-6] o.h.e.loading.internal.LoadContexts      : HHH000100: Fail-safe cleanup (collections) : org.hibernate.engine.loading.internal.CollectionLoadContext@43e8e2b1<rs=HikariProxyResultSet@1929523446 wrapping rs5502: null>
?[0m?[0;34m2023-03-31 16:06:16.409  WARN 29781 --- [nio-8080-exec-6] o.h.e.loading.internal.LoadContexts      : HHH000100: Fail-safe cleanup (collections) : org.hibernate.engine.loading.internal.CollectionLoadContext@78a669a1<rs=HikariProxyResultSet@289980791 wrapping rs5509: null>
?[0m?[0;34m2023-03-31 16:06:16.409  WARN 29781 --- [nio-8080-exec-6] o.h.e.loading.internal.LoadContexts      : HHH000100: Fail-safe cleanup (collections) : org.hibernate.engine.loading.internal.CollectionLoadContext@2ba30b4e<rs=HikariProxyResultSet@957242364 wrapping rs5164: null>
?[0m?[0;34m2023-03-31 16:06:16.409  WARN 29781 --- [nio-8080-exec-6] o.h.e.loading.internal.LoadContexts      : HHH000100: Fail-safe cleanup (collections) : org.hibernate.engine.loading.internal.CollectionLoadContext@4c55d56b<rs=HikariProxyResultSet@1551716606 wrapping rs5201: null>
?[0m?[0;34m2023-03-31 16:06:16.409  WARN 29781 --- [nio-8080-exec-6] o.h.e.loading.internal.LoadContexts      : HHH000100: Fail-safe cleanup (collections) : org.hibernate.engine.loading.internal.CollectionLoadContext@48ac4b3a<rs=HikariProxyResultSet@1257587966 wrapping rs5423: null>
?[0m?[0;34m2023-03-31 16:06:16.409  WARN 29781 --- [nio-8080-exec-6] o.h.e.loading.internal.LoadContexts      : HHH000100: Fail-safe cleanup (collections) : org.hibernate.engine.loading.internal.CollectionLoadContext@38cc8ef<rs=HikariProxyResultSet@403097475 wrapping rs5242: null>
?[0m?[0;34m2023-03-31 16:06:16.409  WARN 29781 --- [nio-8080-exec-6] o.h.e.loading.internal.LoadContexts      : HHH000100: Fail-safe cleanup (collections) : org.hibernate.engine.loading.internal.CollectionLoadContext@30c65aab<rs=HikariProxyResultSet@87467270 wrapping rs5382: null>
?[0m?[0;34m2023-03-31 16:06:16.409  WARN 29781 --- [nio-8080-exec-6] o.h.e.loading.internal.LoadContexts      : HHH000100: Fail-safe cleanup (collections) : org.hibernate.engine.loading.internal.CollectionLoadContext@52da2f55<rs=HikariProxyResultSet@341298696 wrapping rs5626: null>
?[0m?[0;34m2023-03-31 16:06:16.409  WARN 29781 --- [nio-8080-exec-6] o.h.e.loading.internal.LoadContexts      : HHH000100: Fail-safe cleanup (collections) : org.hibernate.engine.loading.internal.CollectionLoadContext@78055baf<rs=HikariProxyResultSet@1318593290 wrapping rs5398: null>
?[0m?[0;34m2023-03-31 16:06:16.409  WARN 29781 --- [nio-8080-exec-6] o.h.e.loading.internal.LoadContexts      : HHH000100: Fail-safe cleanup (collections) : org.hibernate.engine.loading.internal.CollectionLoadContext@1d2b3ff0<rs=HikariProxyResultSet@725546512 wrapping rs5429: null>
?[0m?[0;34m2023-03-31 16:06:16.409  WARN 29781 --- [nio-8080-exec-6] o.h.e.loading.internal.LoadContexts      : HHH000100: Fail-safe cleanup (collections) : org.hibernate.engine.loading.internal.CollectionLoadContext@1f3a2dfc<rs=HikariProxyResultSet@217509779 wrapping rs5199: null>
?[0m?[0;34m2023-03-31 16:06:16.409  WARN 29781 --- [nio-8080-exec-6] o.h.e.loading.internal.LoadContexts      : HHH000100: Fail-safe cleanup (collections) : org.hibernate.engine.loading.internal.CollectionLoadContext@1c9909c9<rs=HikariProxyResultSet@1635143958 wrapping rs5310: null>
?[0m?[0;34m2023-03-31 16:06:16.409  WARN 29781 --- [nio-8080-exec-6] o.h.e.loading.internal.LoadContexts      : HHH000100: Fail-safe cleanup (collections) : org.hibernate.engine.loading.internal.CollectionLoadContext@4e93f1d6<rs=HikariProxyResultSet@932858263 wrapping rs5396: null>
?[0m?[0;34m2023-03-31 16:06:16.409  WARN 29781 --- [nio-8080-exec-6] o.h.e.loading.internal.LoadContexts      : HHH000100: Fail-safe cleanup (collections) : org.hibernate.engine.loading.internal.CollectionLoadContext@a03834b<rs=HikariProxyResultSet@119948824 wrapping rs5414: null>
?[0m?[0;34m2023-03-31 16:06:16.409  WARN 29781 --- [nio-8080-exec-6] o.h.e.loading.internal.LoadContexts      : HHH000100: Fail-safe cleanup (collections) : org.hibernate.engine.loading.internal.CollectionLoadContext@44980a3a<rs=HikariProxyResultSet@1946120728 wrapping rs5427: null>
?[0m?[0;34m2023-03-31 16:06:16.409  WARN 29781 --- [nio-8080-exec-6] o.h.e.loading.internal.LoadContexts      : HHH000100: Fail-safe cleanup (collections) : org.hibernate.engine.loading.internal.CollectionLoadContext@109b9421<rs=HikariProxyResultSet@352305430 wrapping rs5494: null>
?[0m?[0;34m2023-03-31 16:06:16.409  WARN 29781 --- [nio-8080-exec-6] o.h.e.loading.internal.LoadContexts      : HHH000100: Fail-safe cleanup (collections) : org.hibernate.engine.loading.internal.CollectionLoadContext@41d7daa5<rs=HikariProxyResultSet@255738263 wrapping rs5545: null>
?[0m?[0;34m2023-03-31 16:06:16.409  WARN 29781 --- [nio-8080-exec-6] o.h.e.loading.internal.LoadContexts      : HHH000100: Fail-safe cleanup (collections) : org.hibernate.engine.loading.internal.CollectionLoadContext@5758000f<rs=HikariProxyResultSet@65943580 wrapping rs5336: null>
?[0m?[0;34m2023-03-31 16:06:16.409  WARN 29781 --- [nio-8080-exec-6] o.h.e.loading.internal.LoadContexts      : HHH000100: Fail-safe cleanup (collections) : org.hibernate.engine.loading.internal.CollectionLoadContext@53151904<rs=HikariProxyResultSet@416407580 wrapping rs5535: null>
?[0m?[0;34m2023-03-31 16:06:16.409  WARN 29781 --- [nio-8080-exec-6] o.h.e.loading.internal.LoadContexts      : HHH000100: Fail-safe cleanup (collections) : org.hibernate.engine.loading.internal.CollectionLoadContext@1f63a5db<rs=HikariProxyResultSet@190450974 wrapping rs5216: null>
?[0m?[0;34m2023-03-31 16:06:16.409  WARN 29781 --- [nio-8080-exec-6] o.h.e.loading.internal.LoadContexts      : HHH000100: Fail-safe cleanup (collections) : org.hibernate.engine.loading.internal.CollectionLoadContext@601e4660<rs=HikariProxyResultSet@464390559 wrapping rs5156: null>
?[0m?[0;34m2023-03-31 16:06:16.410  WARN 29781 --- [nio-8080-exec-6] o.h.e.loading.internal.LoadContexts      : HHH000100: Fail-safe cleanup (collections) : org.hibernate.engine.loading.internal.CollectionLoadContext@77d17a14<rs=HikariProxyResultSet@80470560 wrapping rs5393: null>
?[0m?[0;34m2023-03-31 16:06:16.410  WARN 29781 --- [nio-8080-exec-6] o.h.e.loading.internal.LoadContexts      : HHH000100: Fail-safe cleanup (collections) : org.hibernate.engine.loading.internal.CollectionLoadContext@c7790d3<rs=HikariProxyResultSet@851646750 wrapping rs5521: null>
?[0m?[0;34m2023-03-31 16:06:16.410  WARN 29781 --- [nio-8080-exec-6] o.h.e.loading.internal.LoadContexts      : HHH000100: Fail-safe cleanup (collections) : org.hibernate.engine.loading.internal.CollectionLoadContext@eb8a1fb<rs=HikariProxyResultSet@1916770082 wrapping rs5464: null>
?[0m?[0;34m2023-03-31 16:06:16.410  WARN 29781 --- [nio-8080-exec-6] o.h.e.loading.internal.LoadContexts      : HHH000100: Fail-safe cleanup (collections) : org.hibernate.engine.loading.internal.CollectionLoadContext@1c87db0a<rs=HikariProxyResultSet@1707193251 wrapping rs5346: null>
?[0m?[0;34m2023-03-31 16:06:16.410  WARN 29781 --- [nio-8080-exec-6] o.h.e.loading.internal.LoadContexts      : HHH000100: Fail-safe cleanup (collections) : org.hibernate.engine.loading.internal.CollectionLoadContext@607a1354<rs=HikariProxyResultSet@377525284 wrapping rs5420: null>
?[0m?[0;34m2023-03-31 16:06:16.410  WARN 29781 --- [nio-8080-exec-6] o.h.e.loading.internal.LoadContexts      : HHH000100: Fail-safe cleanup (collections) : org.hibernate.engine.loading.internal.CollectionLoadContext@503be680<rs=HikariProxyResultSet@1478712348 wrapping rs5579: null>
?[0m?[0;34m2023-03-31 16:06:16.410  WARN 29781 --- [nio-8080-exec-6] o.h.e.loading.internal.LoadContexts      : HHH000100: Fail-safe cleanup (collections) : org.hibernate.engine.loading.internal.CollectionLoadContext@1bc73205<rs=HikariProxyResultSet@648382758 wrapping rs5554: null>
?[0m?[0;34m2023-03-31 16:06:16.410  WARN 29781 --- [nio-8080-exec-6] o.h.e.loading.internal.LoadContexts      : HHH000100: Fail-safe cleanup (collections) : org.hibernate.engine.loading.internal.CollectionLoadContext@393af5fc<rs=HikariProxyResultSet@567481372 wrapping rs5587: null>
?[0m?[0;34m2023-03-31 16:06:16.410  WARN 29781 --- [nio-8080-exec-6] o.h.e.loading.internal.LoadContexts      : HHH000100: Fail-safe cleanup (collections) : org.hibernate.engine.loading.internal.CollectionLoadContext@96aa13c<rs=HikariProxyResultSet@599483799 wrapping rs5590: null>
?[0m?[0;34m2023-03-31 16:06:16.410  WARN 29781 --- [nio-8080-exec-6] o.h.e.loading.internal.LoadContexts      : HHH000100: Fail-safe cleanup (collections) : org.hibernate.engine.loading.internal.CollectionLoadContext@66a5977<rs=HikariProxyResultSet@2001835689 wrapping rs5526: null>
?[0m?[0;34m2023-03-31 16:06:16.410  WARN 29781 --- [nio-8080-exec-6] o.h.e.loading.internal.LoadContexts      : HHH000100: Fail-safe cleanup (collections) : org.hibernate.engine.loading.internal.CollectionLoadContext@249f04a5<rs=HikariProxyResultSet@1526691626 wrapping rs5205: null>
?[0m?[0;34m2023-03-31 16:06:16.410  WARN 29781 --- [nio-8080-exec-6] o.h.e.loading.internal.LoadContexts      : HHH000100: Fail-safe cleanup (collections) : org.hibernate.engine.loading.internal.CollectionLoadContext@4ae480df<rs=HikariProxyResultSet@277406635 wrapping rs5537: null>
?[0m?[0;34m2023-03-31 16:06:16.410  WARN 29781 --- [nio-8080-exec-6] o.h.e.loading.internal.LoadContexts      : HHH000100: Fail-safe cleanup (collections) : org.hibernate.engine.loading.internal.CollectionLoadContext@165bbbfe<rs=HikariProxyResultSet@1857196447 wrapping rs5682: null>
?[0m?[0;34m2023-03-31 16:06:16.410  WARN 29781 --- [nio-8080-exec-6] o.h.e.loading.internal.LoadContexts      : HHH000100: Fail-safe cleanup (collections) : org.hibernate.engine.loading.internal.CollectionLoadContext@422ef9a3<rs=HikariProxyResultSet@594427182 wrapping rs5286: null>
?[0m?[0;34m2023-03-31 16:06:16.410  WARN 29781 --- [nio-8080-exec-6] o.h.e.loading.internal.LoadContexts      : HHH000100: Fail-safe cleanup (collections) : org.hibernate.engine.loading.internal.CollectionLoadContext@1e48776f<rs=HikariProxyResultSet@2063825198 wrapping rs5332: null>
?[0m?[0;34m2023-03-31 16:06:16.410  WARN 29781 --- [nio-8080-exec-6] o.h.e.loading.internal.LoadContexts      : HHH000100: Fail-safe cleanup (collections) : org.hibernate.engine.loading.internal.CollectionLoadContext@7044ee01<rs=HikariProxyResultSet@1816618286 wrapping rs5363: null>
?[0m?[0;34m2023-03-31 16:06:16.410  WARN 29781 --- [nio-8080-exec-6] o.h.e.loading.internal.LoadContexts      : HHH000100: Fail-safe cleanup (collections) : org.hibernate.engine.loading.internal.CollectionLoadContext@3b0b3fbc<rs=HikariProxyResultSet@2051985073 wrapping rs5550: null>
?[0m?[0;34m2023-03-31 16:06:16.410  WARN 29781 --- [nio-8080-exec-6] o.h.e.loading.internal.LoadContexts      : HHH000100: Fail-safe cleanup (collections) : org.hibernate.engine.loading.internal.CollectionLoadContext@e5d3a9f<rs=HikariProxyResultSet@170367665 wrapping rs5576: null>
?[0m?[0;34m2023-03-31 16:06:16.410  WARN 29781 --- [nio-8080-exec-6] o.h.e.loading.internal.LoadContexts      : HHH000100: Fail-safe cleanup (collections) : org.hibernate.engine.loading.internal.CollectionLoadContext@53f3d734<rs=HikariProxyResultSet@2025955759 wrapping rs5602: null>
?[0m?[0;34m2023-03-31 16:06:16.410  WARN 29781 --- [nio-8080-exec-6] o.h.e.loading.internal.LoadContexts      : HHH000100: Fail-safe cleanup (collections) : org.hibernate.engine.loading.internal.CollectionLoadContext@4101fad<rs=HikariProxyResultSet@1122603189 wrapping rs5675: null>
?[0m?[0;34m2023-03-31 16:06:16.410  WARN 29781 --- [nio-8080-exec-6] o.h.e.loading.internal.LoadContexts      : HHH000100: Fail-safe cleanup (collections) : org.hibernate.engine.loading.internal.CollectionLoadContext@6684364c<rs=HikariProxyResultSet@1883770295 wrapping rs5486: null>
?[0m?[0;34m2023-03-31 16:06:16.410  WARN 29781 --- [nio-8080-exec-6] o.h.e.loading.internal.LoadContexts      : HHH000100: Fail-safe cleanup (collections) : org.hibernate.engine.loading.internal.CollectionLoadContext@16a71c1<rs=HikariProxyResultSet@128933690 wrapping rs5154: null>
?[0m?[0;34m2023-03-31 16:06:16.410  WARN 29781 --- [nio-8080-exec-6] o.h.e.loading.internal.LoadContexts      : HHH000100: Fail-safe cleanup (collections) : org.hibernate.engine.loading.internal.CollectionLoadContext@4c6d4caf<rs=HikariProxyResultSet@1468915772 wrapping rs5251: null>
?[0m?[0;34m2023-03-31 16:06:16.410  WARN 29781 --- [nio-8080-exec-6] o.h.e.loading.internal.LoadContexts      : HHH000100: Fail-safe cleanup (collections) : org.hibernate.engine.loading.internal.CollectionLoadContext@4804dff8<rs=HikariProxyResultSet@1802501825 wrapping rs5403: null>
?[0m?[0;34m2023-03-31 16:06:16.410  WARN 29781 --- [nio-8080-exec-6] o.h.e.loading.internal.LoadContexts      : HHH000100: Fail-safe cleanup (collections) : org.hibernate.engine.loading.internal.CollectionLoadContext@f75a6e2<rs=HikariProxyResultSet@951081794 wrapping rs5279: null>
?[0m?[0;34m2023-03-31 16:06:16.410  WARN 29781 --- [nio-8080-exec-6] o.h.e.loading.internal.LoadContexts      : HHH000100: Fail-safe cleanup (collections) : org.hibernate.engine.loading.internal.CollectionLoadContext@5dc32ab4<rs=HikariProxyResultSet@2051667399 wrapping rs5465: null>
?[0m?[0;34m2023-03-31 16:06:16.410  WARN 29781 --- [nio-8080-exec-6] o.h.e.loading.internal.LoadContexts      : HHH000100: Fail-safe cleanup (collections) : org.hibernate.engine.loading.internal.CollectionLoadContext@7bed0d97<rs=HikariProxyResultSet@369350087 wrapping rs5468: null>
?[0m?[0;34m2023-03-31 16:06:16.410  WARN 29781 --- [nio-8080-exec-6] o.h.e.loading.internal.LoadContexts      : HHH000100: Fail-safe cleanup (collections) : org.hibernate.engine.loading.internal.CollectionLoadContext@15f8f60d<rs=HikariProxyResultSet@979256396 wrapping rs5305: null>
?[0m?[0;34m2023-03-31 16:06:16.410  WARN 29781 --- [nio-8080-exec-6] o.h.e.loading.internal.LoadContexts      : HHH000100: Fail-safe cleanup (collections) : org.hibernate.engine.loading.internal.CollectionLoadContext@379800e6<rs=HikariProxyResultSet@187887950 wrapping rs5663: null>
?[0m?[0;34m2023-03-31 16:06:16.410  WARN 29781 --- [nio-8080-exec-6] o.h.e.loading.internal.LoadContexts      : HHH000100: Fail-safe cleanup (collections) : org.hibernate.engine.loading.internal.CollectionLoadContext@73ca1a2b<rs=HikariProxyResultSet@41182671 wrapping rs5488: null>
?[0m?[0;34m2023-03-31 16:06:16.410  WARN 29781 --- [nio-8080-exec-6] o.h.e.loading.internal.LoadContexts      : HHH000100: Fail-safe cleanup (collections) : org.hibernate.engine.loading.internal.CollectionLoadContext@60d83070<rs=HikariProxyResultSet@2027644496 wrapping rs5503: null>
?[0m?[0;34m2023-03-31 16:06:16.410  WARN 29781 --- [nio-8080-exec-6] o.h.e.loading.internal.LoadContexts      : HHH000100: Fail-safe cleanup (collections) : org.hibernate.engine.loading.internal.CollectionLoadContext@3242eaf8<rs=HikariProxyResultSet@931035986 wrapping rs5316: null>
?[0m?[0;34m2023-03-31 16:06:16.410  WARN 29781 --- [nio-8080-exec-6] o.h.e.loading.internal.LoadContexts      : HHH000100: Fail-safe cleanup (collections) : org.hibernate.engine.loading.internal.CollectionLoadContext@452a5366<rs=HikariProxyResultSet@937851859 wrapping rs5229: null>
?[0m?[0;34m2023-03-31 16:06:16.410  WARN 29781 --- [nio-8080-exec-6] o.h.e.loading.internal.LoadContexts      : HHH000100: Fail-safe cleanup (collections) : org.hibernate.engine.loading.internal.CollectionLoadContext@669202aa<rs=HikariProxyResultSet@279413973 wrapping rs5161: null>
?[0m?[0;34m2023-03-31 16:06:16.410  WARN 29781 --- [nio-8080-exec-6] o.h.e.loading.internal.LoadContexts      : HHH000100: Fail-safe cleanup (collections) : org.hibernate.engine.loading.internal.CollectionLoadContext@4768f5b8<rs=HikariProxyResultSet@1009647829 wrapping rs5698: null>
?[0m?[0;34m2023-03-31 16:06:16.410  WARN 29781 --- [nio-8080-exec-6] o.h.e.loading.internal.LoadContexts      : HHH000100: Fail-safe cleanup (collections) : org.hibernate.engine.loading.internal.CollectionLoadContext@62d8c287<rs=HikariProxyResultSet@1201362649 wrapping rs5603: null>
?[0m?[0;34m2023-03-31 16:06:16.410  WARN 29781 --- [nio-8080-exec-6] o.h.e.loading.internal.LoadContexts      : HHH000100: Fail-safe cleanup (collections) : org.hibernate.engine.loading.internal.CollectionLoadContext@757e0cd9<rs=HikariProxyResultSet@2028108505 wrapping rs5642: null>
?[0m?[0;34m2023-03-31 16:06:16.410  WARN 29781 --- [nio-8080-exec-6] o.h.e.loading.internal.LoadContexts      : HHH000100: Fail-safe cleanup (collections) : org.hibernate.engine.loading.internal.CollectionLoadContext@38fc78e<rs=HikariProxyResultSet@1925493723 wrapping rs5571: null>
?[0m?[0;34m2023-03-31 16:06:16.410  WARN 29781 --- [nio-8080-exec-6] o.h.e.loading.internal.LoadContexts      : HHH000100: Fail-safe cleanup (collections) : org.hibernate.engine.loading.internal.CollectionLoadContext@34a2772<rs=HikariProxyResultSet@626653276 wrapping rs5381: null>
?[0m?[0;34m2023-03-31 16:06:16.410  WARN 29781 --- [nio-8080-exec-6] o.h.e.loading.internal.LoadContexts      : HHH000100: Fail-safe cleanup (collections) : org.hibernate.engine.loading.internal.CollectionLoadContext@27a20166<rs=HikariProxyResultSet@478223581 wrapping rs5461: null>
?[0m?[0;34m2023-03-31 16:06:16.410  WARN 29781 --- [nio-8080-exec-6] o.h.e.loading.internal.LoadContexts      : HHH000100: Fail-safe cleanup (collections) : org.hibernate.engine.loading.internal.CollectionLoadContext@22bfc98f<rs=HikariProxyResultSet@1958906843 wrapping rs5596: null>
?[0m?[0;34m2023-03-31 16:06:16.410  WARN 29781 --- [nio-8080-exec-6] o.h.e.loading.internal.LoadContexts      : HHH000100: Fail-safe cleanup (collections) : org.hibernate.engine.loading.internal.CollectionLoadContext@5ff1d9e1<rs=HikariProxyResultSet@119258591 wrapping rs5646: null>
?[0m?[0;34m2023-03-31 16:06:16.410  WARN 29781 --- [nio-8080-exec-6] o.h.e.loading.internal.LoadContexts      : HHH000100: Fail-safe cleanup (collections) : org.hibernate.engine.loading.internal.CollectionLoadContext@d5214da<rs=HikariProxyResultSet@1856566243 wrapping rs5236: null>
?[0m?[0;34m2023-03-31 16:06:16.410  WARN 29781 --- [nio-8080-exec-6] o.h.e.loading.internal.LoadContexts      : HHH000100: Fail-safe cleanup (collections) : org.hibernate.engine.loading.internal.CollectionLoadContext@3a4c9d27<rs=HikariProxyResultSet@664066148 wrapping rs5371: null>
?[0m?[0;34m2023-03-31 16:06:16.410  WARN 29781 --- [nio-8080-exec-6] o.h.e.loading.internal.LoadContexts      : HHH000100: Fail-safe cleanup (collections) : org.hibernate.engine.loading.internal.CollectionLoadContext@66e3d850<rs=HikariProxyResultSet@241635049 wrapping rs5621: null>
?[0m?[0;34m2023-03-31 16:06:16.410  WARN 29781 --- [nio-8080-exec-6] o.h.e.loading.internal.LoadContexts      : HHH000100: Fail-safe cleanup (collections) : org.hibernate.engine.loading.internal.CollectionLoadContext@370c3bbc<rs=HikariProxyResultSet@1228705771 wrapping rs5276: null>
?[0m?[0;34m2023-03-31 16:06:16.410  WARN 29781 --- [nio-8080-exec-6] o.h.e.loading.internal.LoadContexts      : HHH000100: Fail-safe cleanup (collections) : org.hibernate.engine.loading.internal.CollectionLoadContext@2ae51d43<rs=HikariProxyResultSet@1426908268 wrapping rs5190: null>
?[0m?[0;34m2023-03-31 16:06:16.410  WARN 29781 --- [nio-8080-exec-6] o.h.e.loading.internal.LoadContexts      : HHH000100: Fail-safe cleanup (collections) : org.hibernate.engine.loading.internal.CollectionLoadContext@741e089d<rs=HikariProxyResultSet@858531053 wrapping rs5658: null>
?[0m?[0;34m2023-03-31 16:06:16.410  WARN 29781 --- [nio-8080-exec-6] o.h.e.loading.internal.LoadContexts      : HHH000100: Fail-safe cleanup (collections) : org.hibernate.engine.loading.internal.CollectionLoadContext@c476f16<rs=HikariProxyResultSet@1492078958 wrapping rs5158: null>
?[0m?[0;34m2023-03-31 16:06:16.410  WARN 29781 --- [nio-8080-exec-6] o.h.e.loading.internal.LoadContexts      : HHH000100: Fail-safe cleanup (collections) : org.hibernate.engine.loading.internal.CollectionLoadContext@5a4074f9<rs=HikariProxyResultSet@1265020149 wrapping rs5476: null>
?[0m?[0;34m2023-03-31 16:06:16.410  WARN 29781 --- [nio-8080-exec-6] o.h.e.loading.internal.LoadContexts      : HHH000100: Fail-safe cleanup (collections) : org.hibernate.engine.loading.internal.CollectionLoadContext@58cd75f7<rs=HikariProxyResultSet@566467829 wrapping rs5677: null>
?[0m?[0;34m2023-03-31 16:06:16.410  WARN 29781 --- [nio-8080-exec-6] o.h.e.loading.internal.LoadContexts      : HHH000100: Fail-safe cleanup (collections) : org.hibernate.engine.loading.internal.CollectionLoadContext@5c93d493<rs=HikariProxyResultSet@195883769 wrapping rs5428: null>
?[0m?[0;34m2023-03-31 16:06:16.410  WARN 29781 --- [nio-8080-exec-6] o.h.e.loading.internal.LoadContexts      : HHH000100: Fail-safe cleanup (collections) : org.hibernate.engine.loading.internal.CollectionLoadContext@6b1b2fc8<rs=HikariProxyResultSet@698332026 wrapping rs5194: null>
?[0m?[0;34m2023-03-31 16:06:16.410  WARN 29781 --- [nio-8080-exec-6] o.h.e.loading.internal.LoadContexts      : HHH000100: Fail-safe cleanup (collections) : org.hibernate.engine.loading.internal.CollectionLoadContext@32a579ee<rs=HikariProxyResultSet@2020420732 wrapping rs5230: null>
?[0m?[0;34m2023-03-31 16:06:16.410  WARN 29781 --- [nio-8080-exec-6] o.h.e.loading.internal.LoadContexts      : HHH000100: Fail-safe cleanup (collections) : org.hibernate.engine.loading.internal.CollectionLoadContext@174d080<rs=HikariProxyResultSet@1571724412 wrapping rs5250: null>
?[0m?[0;34m2023-03-31 16:06:16.410  WARN 29781 --- [nio-8080-exec-6] o.h.e.loading.internal.LoadContexts      : HHH000100: Fail-safe cleanup (collections) : org.hibernate.engine.loading.internal.CollectionLoadContext@4301bb71<rs=HikariProxyResultSet@1246622844 wrapping rs5446: null>
?[0m?[0;34m2023-03-31 16:06:16.410  WARN 29781 --- [nio-8080-exec-6] o.h.e.loading.internal.LoadContexts      : HHH000100: Fail-safe cleanup (collections) : org.hibernate.engine.loading.internal.CollectionLoadContext@71d6a9b6<rs=HikariProxyResultSet@1559192063 wrapping rs5198: null>
?[0m?[0;34m2023-03-31 16:06:16.410  WARN 29781 --- [nio-8080-exec-6] o.h.e.loading.internal.LoadContexts      : HHH000100: Fail-safe cleanup (collections) : org.hibernate.engine.loading.internal.CollectionLoadContext@68a5c46b<rs=HikariProxyResultSet@757637889 wrapping rs5220: null>
?[0m?[0;34m2023-03-31 16:06:16.410  WARN 29781 --- [nio-8080-exec-6] o.h.e.loading.internal.LoadContexts      : HHH000100: Fail-safe cleanup (collections) : org.hibernate.engine.loading.internal.CollectionLoadContext@4f72e92f<rs=HikariProxyResultSet@1880000386 wrapping rs5607: null>
?[0m?[0;34m2023-03-31 16:06:16.410  WARN 29781 --- [nio-8080-exec-6] o.h.e.loading.internal.LoadContexts      : HHH000100: Fail-safe cleanup (collections) : org.hibernate.engine.loading.internal.CollectionLoadContext@1660983<rs=HikariProxyResultSet@1356185474 wrapping rs5612: null>
?[0m?[0;34m2023-03-31 16:06:16.410  WARN 29781 --- [nio-8080-exec-6] o.h.e.loading.internal.LoadContexts      : HHH000100: Fail-safe cleanup (collections) : org.hibernate.engine.loading.internal.CollectionLoadContext@45399b00<rs=HikariProxyResultSet@1348293764 wrapping rs5343: null>
?[0m?[0;34m2023-03-31 16:06:16.410  WARN 29781 --- [nio-8080-exec-6] o.h.e.loading.internal.LoadContexts      : HHH000100: Fail-safe cleanup (collections) : org.hibernate.engine.loading.internal.CollectionLoadContext@3f98950<rs=HikariProxyResultSet@1404187272 wrapping rs5351: null>
?[0m?[0;34m2023-03-31 16:06:16.410  WARN 29781 --- [nio-8080-exec-6] o.h.e.loading.internal.LoadContexts      : HHH000100: Fail-safe cleanup (collections) : org.hibernate.engine.loading.internal.CollectionLoadContext@5b1a2391<rs=HikariProxyResultSet@862241545 wrapping rs5402: null>
?[0m?[0;34m2023-03-31 16:06:16.410  WARN 29781 --- [nio-8080-exec-6] o.h.e.loading.internal.LoadContexts      : HHH000100: Fail-safe cleanup (collections) : org.hibernate.engine.loading.internal.CollectionLoadContext@6a810360<rs=HikariProxyResultSet@1007423370 wrapping rs5404: null>
?[0m?[0;34m2023-03-31 16:06:16.410  WARN 29781 --- [nio-8080-exec-6] o.h.e.loading.internal.LoadContexts      : HHH000100: Fail-safe cleanup (collections) : org.hibernate.engine.loading.internal.CollectionLoadContext@63e974ab<rs=HikariProxyResultSet@1065188363 wrapping rs5289: null>
?[0m?[0;34m2023-03-31 16:06:16.410  WARN 29781 --- [nio-8080-exec-6] o.h.e.loading.internal.LoadContexts      : HHH000100: Fail-safe cleanup (collections) : org.hibernate.engine.loading.internal.CollectionLoadContext@2c95d28f<rs=HikariProxyResultSet@1227168908 wrapping rs5281: null>
?[0m?[0;34m2023-03-31 16:06:16.410  WARN 29781 --- [nio-8080-exec-6] o.h.e.loading.internal.LoadContexts      : HHH000100: Fail-safe cleanup (collections) : org.hibernate.engine.loading.internal.CollectionLoadContext@26997a27<rs=HikariProxyResultSet@475425037 wrapping rs5408: null>
?[0m?[0;34m2023-03-31 16:06:16.410  WARN 29781 --- [nio-8080-exec-6] o.h.e.loading.internal.LoadContexts      : HHH000100: Fail-safe cleanup (collections) : org.hibernate.engine.loading.internal.CollectionLoadContext@4461e797<rs=HikariProxyResultSet@57481227 wrapping rs5436: null>
?[0m?[0;34m2023-03-31 16:06:16.410  WARN 29781 --- [nio-8080-exec-6] o.h.e.loading.internal.LoadContexts      : HHH000100: Fail-safe cleanup (collections) : org.hibernate.engine.loading.internal.CollectionLoadContext@6c858f9c<rs=HikariProxyResultSet@379431689 wrapping rs5510: null>
?[0m?[0;34m2023-03-31 16:06:16.410  WARN 29781 --- [nio-8080-exec-6] o.h.e.loading.internal.LoadContexts      : HHH000100: Fail-safe cleanup (collections) : org.hibernate.engine.loading.internal.CollectionLoadContext@6e063929<rs=HikariProxyResultSet@1034703633 wrapping rs5275: null>
?[0m?[0;34m2023-03-31 16:06:16.410  WARN 29781 --- [nio-8080-exec-6] o.h.e.loading.internal.LoadContexts      : HHH000100: Fail-safe cleanup (collections) : org.hibernate.engine.loading.internal.CollectionLoadContext@3a33e8c<rs=HikariProxyResultSet@485066642 wrapping rs5492: null>
?[0m?[0;34m2023-03-31 16:06:16.410  WARN 29781 --- [nio-8080-exec-6] o.h.e.loading.internal.LoadContexts      : HHH000100: Fail-safe cleanup (collections) : org.hibernate.engine.loading.internal.CollectionLoadContext@48b52c30<rs=HikariProxyResultSet@1591132945 wrapping rs5533: null>
?[0m?[0;34m2023-03-31 16:06:16.410  WARN 29781 --- [nio-8080-exec-6] o.h.e.loading.internal.LoadContexts      : HHH000100: Fail-safe cleanup (collections) : org.hibernate.engine.loading.internal.CollectionLoadContext@88ca3d5<rs=HikariProxyResultSet@868016405 wrapping rs5269: null>
?[0m?[0;34m2023-03-31 16:06:16.411  WARN 29781 --- [nio-8080-exec-6] o.h.e.loading.internal.LoadContexts      : HHH000100: Fail-safe cleanup (collections) : org.hibernate.engine.loading.internal.CollectionLoadContext@571c1c9c<rs=HikariProxyResultSet@176857752 wrapping rs5169: null>
?[0m?[0;34m2023-03-31 16:06:16.411  WARN 29781 --- [nio-8080-exec-6] o.h.e.loading.internal.LoadContexts      : HHH000100: Fail-safe cleanup (collections) : org.hibernate.engine.loading.internal.CollectionLoadContext@4dd11fad<rs=HikariProxyResultSet@834159385 wrapping rs5592: null>
?[0m?[0;34m2023-03-31 16:06:16.411  WARN 29781 --- [nio-8080-exec-6] o.h.e.loading.internal.LoadContexts      : HHH000100: Fail-safe cleanup (collections) : org.hibernate.engine.loading.internal.CollectionLoadContext@2c647e8b<rs=HikariProxyResultSet@1773018397 wrapping rs5177: null>
?[0m?[0;34m2023-03-31 16:06:16.411  WARN 29781 --- [nio-8080-exec-6] o.h.e.loading.internal.LoadContexts      : HHH000100: Fail-safe cleanup (collections) : org.hibernate.engine.loading.internal.CollectionLoadContext@419bf2d9<rs=HikariProxyResultSet@1866989853 wrapping rs5489: null>
?[0m?[0;34m2023-03-31 16:06:16.411  WARN 29781 --- [nio-8080-exec-6] o.h.e.loading.internal.LoadContexts      : HHH000100: Fail-safe cleanup (collections) : org.hibernate.engine.loading.internal.CollectionLoadContext@76d4ee8a<rs=HikariProxyResultSet@755776289 wrapping rs5368: null>
?[0m?[0;34m2023-03-31 16:06:16.411  WARN 29781 --- [nio-8080-exec-6] o.h.e.loading.internal.LoadContexts      : HHH000100: Fail-safe cleanup (collections) : org.hibernate.engine.loading.internal.CollectionLoadContext@33bdbb8a<rs=HikariProxyResultSet@450917669 wrapping rs5674: null>
?[0m?[0;34m2023-03-31 16:06:16.411  WARN 29781 --- [nio-8080-exec-6] o.h.e.loading.internal.LoadContexts      : HHH000100: Fail-safe cleanup (collections) : org.hibernate.engine.loading.internal.CollectionLoadContext@3ca20b50<rs=HikariProxyResultSet@2123464102 wrapping rs5223: null>
?[0m?[0;34m2023-03-31 16:06:16.411  WARN 29781 --- [nio-8080-exec-6] o.h.e.loading.internal.LoadContexts      : HHH000100: Fail-safe cleanup (collections) : org.hibernate.engine.loading.internal.CollectionLoadContext@22b12b27<rs=HikariProxyResultSet@143118121 wrapping rs5656: null>
?[0m?[0;34m2023-03-31 16:06:16.411  WARN 29781 --- [nio-8080-exec-6] o.h.e.loading.internal.LoadContexts      : HHH000100: Fail-safe cleanup (collections) : org.hibernate.engine.loading.internal.CollectionLoadContext@73c02145<rs=HikariProxyResultSet@2028525611 wrapping rs5165: null>
?[0m?[0;34m2023-03-31 16:06:16.411  WARN 29781 --- [nio-8080-exec-6] o.h.e.loading.internal.LoadContexts      : HHH000100: Fail-safe cleanup (collections) : org.hibernate.engine.loading.internal.CollectionLoadContext@2d7fa55c<rs=HikariProxyResultSet@1144575406 wrapping rs5452: null>
?[0m?[0;34m2023-03-31 16:06:16.411  WARN 29781 --- [nio-8080-exec-6] o.h.e.loading.internal.LoadContexts      : HHH000100: Fail-safe cleanup (collections) : org.hibernate.engine.loading.internal.CollectionLoadContext@12bc328<rs=HikariProxyResultSet@1353841328 wrapping rs5522: null>
?[0m?[0;34m2023-03-31 16:06:16.411  WARN 29781 --- [nio-8080-exec-6] o.h.e.loading.internal.LoadContexts      : HHH000100: Fail-safe cleanup (collections) : org.hibernate.engine.loading.internal.CollectionLoadContext@2ae83839<rs=HikariProxyResultSet@684191924 wrapping rs5599: null>
?[0m?[0;34m2023-03-31 16:06:16.411  WARN 29781 --- [nio-8080-exec-6] o.h.e.loading.internal.LoadContexts      : HHH000100: Fail-safe cleanup (collections) : org.hibernate.engine.loading.internal.CollectionLoadContext@5850fe28<rs=HikariProxyResultSet@2073051703 wrapping rs5670: null>
?[0m?[0;34m2023-03-31 16:06:16.411  WARN 29781 --- [nio-8080-exec-6] o.h.e.loading.internal.LoadContexts      : HHH000100: Fail-safe cleanup (collections) : org.hibernate.engine.loading.internal.CollectionLoadContext@855e53b<rs=HikariProxyResultSet@1836072761 wrapping rs5633: null>
?[0m?[0;34m2023-03-31 16:06:16.411  WARN 29781 --- [nio-8080-exec-6] o.h.e.loading.internal.LoadContexts      : HHH000100: Fail-safe cleanup (collections) : org.hibernate.engine.loading.internal.CollectionLoadContext@5738559a<rs=HikariProxyResultSet@381183930 wrapping rs5643: null>
?[0m?[0;34m2023-03-31 16:06:16.411  WARN 29781 --- [nio-8080-exec-6] o.h.e.loading.internal.LoadContexts      : HHH000100: Fail-safe cleanup (collections) : org.hibernate.engine.loading.internal.CollectionLoadContext@3c7a86b4<rs=HikariProxyResultSet@2049046208 wrapping rs5192: null>
?[0m?[0;34m2023-03-31 16:06:16.411  WARN 29781 --- [nio-8080-exec-6] o.h.e.loading.internal.LoadContexts      : HHH000100: Fail-safe cleanup (collections) : org.hibernate.engine.loading.internal.CollectionLoadContext@63049ead<rs=HikariProxyResultSet@1585346369 wrapping rs5520: null>
?[0m?[0;34m2023-03-31 16:06:16.411  WARN 29781 --- [nio-8080-exec-6] o.h.e.loading.internal.LoadContexts      : HHH000100: Fail-safe cleanup (collections) : org.hibernate.engine.loading.internal.CollectionLoadContext@44dfc3cb<rs=HikariProxyResultSet@604951490 wrapping rs5372: null>
?[0m?[0;34m2023-03-31 16:06:16.411  WARN 29781 --- [nio-8080-exec-6] o.h.e.loading.internal.LoadContexts      : HHH000100: Fail-safe cleanup (collections) : org.hibernate.engine.loading.internal.CollectionLoadContext@51deda4f<rs=HikariProxyResultSet@885777604 wrapping rs5699: null>
?[0m?[0;34m2023-03-31 16:06:16.411  WARN 29781 --- [nio-8080-exec-6] o.h.e.loading.internal.LoadContexts      : HHH000100: Fail-safe cleanup (collections) : org.hibernate.engine.loading.internal.CollectionLoadContext@3979a9e6<rs=HikariProxyResultSet@1125900613 wrapping rs5376: null>
?[0m?[0;34m2023-03-31 16:06:16.411  WARN 29781 --- [nio-8080-exec-6] o.h.e.loading.internal.LoadContexts      : HHH000100: Fail-safe cleanup (collections) : org.hibernate.engine.loading.internal.CollectionLoadContext@7e4fa992<rs=HikariProxyResultSet@899128774 wrapping rs5207: null>
?[0m?[0;34m2023-03-31 16:06:16.411  WARN 29781 --- [nio-8080-exec-6] o.h.e.loading.internal.LoadContexts      : HHH000100: Fail-safe cleanup (collections) : org.hibernate.engine.loading.internal.CollectionLoadContext@4434ec0b<rs=HikariProxyResultSet@692217157 wrapping rs5445: null>
?[0m?[0;34m2023-03-31 16:06:16.411  WARN 29781 --- [nio-8080-exec-6] o.h.e.loading.internal.LoadContexts      : HHH000100: Fail-safe cleanup (collections) : org.hibernate.engine.loading.internal.CollectionLoadContext@631f4a60<rs=HikariProxyResultSet@1693558214 wrapping rs5614: null>
?[0m?[0;34m2023-03-31 16:06:16.411  WARN 29781 --- [nio-8080-exec-6] o.h.e.loading.internal.LoadContexts      : HHH000100: Fail-safe cleanup (collections) : org.hibernate.engine.loading.internal.CollectionLoadContext@17dde97c<rs=HikariProxyResultSet@1485967048 wrapping rs5630: null>
?[0m?[0;34m2023-03-31 16:06:16.411  WARN 29781 --- [nio-8080-exec-6] o.h.e.loading.internal.LoadContexts      : HHH000100: Fail-safe cleanup (collections) : org.hibernate.engine.loading.internal.CollectionLoadContext@145dc12c<rs=HikariProxyResultSet@516847046 wrapping rs5648: null>
?[0m?[0;34m2023-03-31 16:06:16.411  WARN 29781 --- [nio-8080-exec-6] o.h.e.loading.internal.LoadContexts      : HHH000100: Fail-safe cleanup (collections) : org.hibernate.engine.loading.internal.CollectionLoadContext@77ea2318<rs=HikariProxyResultSet@293631180 wrapping rs5167: null>
?[0m?[0;34m2023-03-31 16:06:16.411  WARN 29781 --- [nio-8080-exec-6] o.h.e.loading.internal.LoadContexts      : HHH000100: Fail-safe cleanup (collections) : org.hibernate.engine.loading.internal.CollectionLoadContext@6e3f3bcf<rs=HikariProxyResultSet@1221692620 wrapping rs5696: null>
?[0m?[0;34m2023-03-31 16:06:16.411  WARN 29781 --- [nio-8080-exec-6] o.h.e.loading.internal.LoadContexts      : HHH000100: Fail-safe cleanup (collections) : org.hibernate.engine.loading.internal.CollectionLoadContext@16d1a97d<rs=HikariProxyResultSet@1438416721 wrapping rs5605: null>
?[0m?[0;34m2023-03-31 16:06:16.411  WARN 29781 --- [nio-8080-exec-6] o.h.e.loading.internal.LoadContexts      : HHH000100: Fail-safe cleanup (collections) : org.hibernate.engine.loading.internal.CollectionLoadContext@6c7f5e2a<rs=HikariProxyResultSet@1589653587 wrapping rs5337: null>
?[0m?[0;34m2023-03-31 16:06:16.411  WARN 29781 --- [nio-8080-exec-6] o.h.e.loading.internal.LoadContexts      : HHH000100: Fail-safe cleanup (collections) : org.hibernate.engine.loading.internal.CollectionLoadContext@4a2b525e<rs=HikariProxyResultSet@789821523 wrapping rs5354: null>
?[0m?[0;34m2023-03-31 16:06:16.411  WARN 29781 --- [nio-8080-exec-6] o.h.e.loading.internal.LoadContexts      : HHH000100: Fail-safe cleanup (collections) : org.hibernate.engine.loading.internal.CollectionLoadContext@5d5df997<rs=HikariProxyResultSet@1556259923 wrapping rs5373: null>
?[0m?[0;34m2023-03-31 16:06:16.411  WARN 29781 --- [nio-8080-exec-6] o.h.e.loading.internal.LoadContexts      : HHH000100: Fail-safe cleanup (collections) : org.hibernate.engine.loading.internal.CollectionLoadContext@465c3900<rs=HikariProxyResultSet@1361937749 wrapping rs5458: null>
?[0m?[0;34m2023-03-31 16:06:16.411  WARN 29781 --- [nio-8080-exec-6] o.h.e.loading.internal.LoadContexts      : HHH000100: Fail-safe cleanup (collections) : org.hibernate.engine.loading.internal.CollectionLoadContext@50c4b1ef<rs=HikariProxyResultSet@186427991 wrapping rs5359: null>
?[0m?[0;34m2023-03-31 16:06:16.411  WARN 29781 --- [nio-8080-exec-6] o.h.e.loading.internal.LoadContexts      : HHH000100: Fail-safe cleanup (collections) : org.hibernate.engine.loading.internal.CollectionLoadContext@406da00b<rs=HikariProxyResultSet@2034186710 wrapping rs5499: null>
?[0m?[0;34m2023-03-31 16:06:16.411  WARN 29781 --- [nio-8080-exec-6] o.h.e.loading.internal.LoadContexts      : HHH000100: Fail-safe cleanup (collections) : org.hibernate.engine.loading.internal.CollectionLoadContext@72ce78d0<rs=HikariProxyResultSet@549179225 wrapping rs5298: null>
?[0m?[0;34m2023-03-31 16:06:16.411  WARN 29781 --- [nio-8080-exec-6] o.h.e.loading.internal.LoadContexts      : HHH000100: Fail-safe cleanup (collections) : org.hibernate.engine.loading.internal.CollectionLoadContext@55fddbb0<rs=HikariProxyResultSet@1735452884 wrapping rs5558: null>
?[0m?[0;34m2023-03-31 16:06:16.411  WARN 29781 --- [nio-8080-exec-6] o.h.e.loading.internal.LoadContexts      : HHH000100: Fail-safe cleanup (collections) : org.hibernate.engine.loading.internal.CollectionLoadContext@20c34329<rs=HikariProxyResultSet@251109475 wrapping rs5204: null>
?[0m?[0;34m2023-03-31 16:06:16.411  WARN 29781 --- [nio-8080-exec-6] o.h.e.loading.internal.LoadContexts      : HHH000100: Fail-safe cleanup (collections) : org.hibernate.engine.loading.internal.CollectionLoadContext@d83c2c2<rs=HikariProxyResultSet@754858212 wrapping rs5471: null>
?[0m?[0;34m2023-03-31 16:06:16.411  WARN 29781 --- [nio-8080-exec-6] o.h.e.loading.internal.LoadContexts      : HHH000100: Fail-safe cleanup (collections) : org.hibernate.engine.loading.internal.CollectionLoadContext@c8a235a<rs=HikariProxyResultSet@1652764900 wrapping rs5686: null>
?[0m?[0;34m2023-03-31 16:06:16.411  WARN 29781 --- [nio-8080-exec-6] o.h.e.loading.internal.LoadContexts      : HHH000100: Fail-safe cleanup (collections) : org.hibernate.engine.loading.internal.CollectionLoadContext@37914920<rs=HikariProxyResultSet@209317350 wrapping rs5485: null>
?[0m?[0;34m2023-03-31 16:06:16.411  WARN 29781 --- [nio-8080-exec-6] o.h.e.loading.internal.LoadContexts      : HHH000100: Fail-safe cleanup (collections) : org.hibernate.engine.loading.internal.CollectionLoadContext@df18ef0<rs=HikariProxyResultSet@264612455 wrapping rs5328: null>
?[0m?[0;34m2023-03-31 16:06:16.411  WARN 29781 --- [nio-8080-exec-6] o.h.e.loading.internal.LoadContexts      : HHH000100: Fail-safe cleanup (collections) : org.hibernate.engine.loading.internal.CollectionLoadContext@1ef7c85e<rs=HikariProxyResultSet@826319721 wrapping rs5225: null>
?[0m?[0;34m2023-03-31 16:06:16.411  WARN 29781 --- [nio-8080-exec-6] o.h.e.loading.internal.LoadContexts      : HHH000100: Fail-safe cleanup (collections) : org.hibernate.engine.loading.internal.CollectionLoadContext@43bab829<rs=HikariProxyResultSet@1240214506 wrapping rs5163: null>
?[0m?[0;34m2023-03-31 16:06:16.411  WARN 29781 --- [nio-8080-exec-6] o.h.e.loading.internal.LoadContexts      : HHH000100: Fail-safe cleanup (collections) : org.hibernate.engine.loading.internal.CollectionLoadContext@7e5f2137<rs=HikariProxyResultSet@1788837616 wrapping rs5155: null>
?[0m?[0;34m2023-03-31 16:06:16.411  WARN 29781 --- [nio-8080-exec-6] o.h.e.loading.internal.LoadContexts      : HHH000100: Fail-safe cleanup (collections) : org.hibernate.engine.loading.internal.CollectionLoadContext@7f58a602<rs=HikariProxyResultSet@1736005876 wrapping rs5166: null>
?[0m?[0;34m2023-03-31 16:06:16.411  WARN 29781 --- [nio-8080-exec-6] o.h.e.loading.internal.LoadContexts      : HHH000100: Fail-safe cleanup (collections) : org.hibernate.engine.loading.internal.CollectionLoadContext@5fcd348f<rs=HikariProxyResultSet@943420023 wrapping rs5219: null>
?[0m?[0;34m2023-03-31 16:06:16.411  WARN 29781 --- [nio-8080-exec-6] o.h.e.loading.internal.LoadContexts      : HHH000100: Fail-safe cleanup (collections) : org.hibernate.engine.loading.internal.CollectionLoadContext@4920a4af<rs=HikariProxyResultSet@1464397560 wrapping rs5254: null>
?[0m?[0;34m2023-03-31 16:06:16.411  WARN 29781 --- [nio-8080-exec-6] o.h.e.loading.internal.LoadContexts      : HHH000100: Fail-safe cleanup (collections) : org.hibernate.engine.loading.internal.CollectionLoadContext@4ef16225<rs=HikariProxyResultSet@1007038587 wrapping rs5208: null>
?[0m?[0;34m2023-03-31 16:06:16.411  WARN 29781 --- [nio-8080-exec-6] o.h.e.loading.internal.LoadContexts      : HHH000100: Fail-safe cleanup (collections) : org.hibernate.engine.loading.internal.CollectionLoadContext@74a3a54f<rs=HikariProxyResultSet@961832317 wrapping rs5570: null>
?[0m?[0;34m2023-03-31 16:06:16.411  WARN 29781 --- [nio-8080-exec-6] o.h.e.loading.internal.LoadContexts      : HHH000100: Fail-safe cleanup (collections) : org.hibernate.engine.loading.internal.CollectionLoadContext@427c9e18<rs=HikariProxyResultSet@385224448 wrapping rs5326: null>
?[0m?[0;34m2023-03-31 16:06:16.411  WARN 29781 --- [nio-8080-exec-6] o.h.e.loading.internal.LoadContexts      : HHH000100: Fail-safe cleanup (collections) : org.hibernate.engine.loading.internal.CollectionLoadContext@e354f24<rs=HikariProxyResultSet@1569382918 wrapping rs5638: null>
?[0m?[0;34m2023-03-31 16:06:16.411  WARN 29781 --- [nio-8080-exec-6] o.h.e.loading.internal.LoadContexts      : HHH000100: Fail-safe cleanup (collections) : org.hibernate.engine.loading.internal.CollectionLoadContext@4b90e48d<rs=HikariProxyResultSet@666488455 wrapping rs5285: null>
?[0m?[0;34m2023-03-31 16:06:16.411  WARN 29781 --- [nio-8080-exec-6] o.h.e.loading.internal.LoadContexts      : HHH000100: Fail-safe cleanup (collections) : org.hibernate.engine.loading.internal.CollectionLoadContext@22f0b96d<rs=HikariProxyResultSet@1350917130 wrapping rs5620: null>
?[0m?[0;34m2023-03-31 16:06:16.411  WARN 29781 --- [nio-8080-exec-6] o.h.e.loading.internal.LoadContexts      : HHH000100: Fail-safe cleanup (collections) : org.hibernate.engine.loading.internal.CollectionLoadContext@4da7f75<rs=HikariProxyResultSet@67272843 wrapping rs5287: null>
?[0m?[0;34m2023-03-31 16:06:16.411  WARN 29781 --- [nio-8080-exec-6] o.h.e.loading.internal.LoadContexts      : HHH000100: Fail-safe cleanup (collections) : org.hibernate.engine.loading.internal.CollectionLoadContext@20325ca5<rs=HikariProxyResultSet@2027192459 wrapping rs5314: null>
?[0m?[0;34m2023-03-31 16:06:16.411  WARN 29781 --- [nio-8080-exec-6] o.h.e.loading.internal.LoadContexts      : HHH000100: Fail-safe cleanup (collections) : org.hibernate.engine.loading.internal.CollectionLoadContext@6c4a70a2<rs=HikariProxyResultSet@1942786316 wrapping rs5637: null>
?[0m?[0;34m2023-03-31 16:06:16.411  WARN 29781 --- [nio-8080-exec-6] o.h.e.loading.internal.LoadContexts      : HHH000100: Fail-safe cleanup (collections) : org.hibernate.engine.loading.internal.CollectionLoadContext@4b569797<rs=HikariProxyResultSet@658306703 wrapping rs5649: null>
?[0m?[0;34m2023-03-31 16:06:16.411  WARN 29781 --- [nio-8080-exec-6] o.h.e.loading.internal.LoadContexts      : HHH000100: Fail-safe cleanup (collections) : org.hibernate.engine.loading.internal.CollectionLoadContext@1ca0685f<rs=HikariProxyResultSet@1789478801 wrapping rs5258: null>
?[0m?[0;34m2023-03-31 16:06:16.411  WARN 29781 --- [nio-8080-exec-6] o.h.e.loading.internal.LoadContexts      : HHH000100: Fail-safe cleanup (collections) : org.hibernate.engine.loading.internal.CollectionLoadContext@2e45d81a<rs=HikariProxyResultSet@315251730 wrapping rs5418: null>
?[0m?[0;34m2023-03-31 16:06:16.411  WARN 29781 --- [nio-8080-exec-6] o.h.e.loading.internal.LoadContexts      : HHH000100: Fail-safe cleanup (collections) : org.hibernate.engine.loading.internal.CollectionLoadContext@11b56210<rs=HikariProxyResultSet@10205073 wrapping rs5426: null>
?[0m?[0;34m2023-03-31 16:06:16.411  WARN 29781 --- [nio-8080-exec-6] o.h.e.loading.internal.LoadContexts      : HHH000100: Fail-safe cleanup (collections) : org.hibernate.engine.loading.internal.CollectionLoadContext@6ea0b59e<rs=HikariProxyResultSet@244603027 wrapping rs5598: null>
?[0m?[0;34m2023-03-31 16:06:16.411  WARN 29781 --- [nio-8080-exec-6] o.h.e.loading.internal.LoadContexts      : HHH000100: Fail-safe cleanup (collections) : org.hibernate.engine.loading.internal.CollectionLoadContext@71ddca85<rs=HikariProxyResultSet@1190946197 wrapping rs5574: null>
?[0m?[0;34m2023-03-31 16:06:16.411  WARN 29781 --- [nio-8080-exec-6] o.h.e.loading.internal.LoadContexts      : HHH000100: Fail-safe cleanup (collections) : org.hibernate.engine.loading.internal.CollectionLoadContext@71d859ac<rs=HikariProxyResultSet@2095404695 wrapping rs5370: null>
?[0m?[0;34m2023-03-31 16:06:16.411  WARN 29781 --- [nio-8080-exec-6] o.h.e.loading.internal.LoadContexts      : HHH000100: Fail-safe cleanup (collections) : org.hibernate.engine.loading.internal.CollectionLoadContext@4b471065<rs=HikariProxyResultSet@176035866 wrapping rs5206: null>
?[0m?[0;34m2023-03-31 16:06:16.411  WARN 29781 --- [nio-8080-exec-6] o.h.e.loading.internal.LoadContexts      : HHH000100: Fail-safe cleanup (collections) : org.hibernate.engine.loading.internal.CollectionLoadContext@202050d6<rs=HikariProxyResultSet@280106139 wrapping rs5529: null>
?[0m?[0;34m2023-03-31 16:06:16.412  WARN 29781 --- [nio-8080-exec-6] o.h.e.loading.internal.LoadContexts      : HHH000100: Fail-safe cleanup (collections) : org.hibernate.engine.loading.internal.CollectionLoadContext@3fb63fb5<rs=HikariProxyResultSet@945126426 wrapping rs5657: null>
?[0m?[0;34m2023-03-31 16:06:16.412  WARN 29781 --- [nio-8080-exec-6] o.h.e.loading.internal.LoadContexts      : HHH000100: Fail-safe cleanup (collections) : org.hibernate.engine.loading.internal.CollectionLoadContext@c1014d6<rs=HikariProxyResultSet@159162781 wrapping rs5168: null>
?[0m?[0;34m2023-03-31 16:06:16.412  WARN 29781 --- [nio-8080-exec-6] o.h.e.loading.internal.LoadContexts      : HHH000100: Fail-safe cleanup (collections) : org.hibernate.engine.loading.internal.CollectionLoadContext@7fa7f909<rs=HikariProxyResultSet@223052189 wrapping rs5680: null>
?[0m?[0;34m2023-03-31 16:06:16.412  WARN 29781 --- [nio-8080-exec-6] o.h.e.loading.internal.LoadContexts      : HHH000100: Fail-safe cleanup (collections) : org.hibernate.engine.loading.internal.CollectionLoadContext@5d23a0cb<rs=HikariProxyResultSet@2123523743 wrapping rs5228: null>
?[0m?[0;34m2023-03-31 16:06:16.412  WARN 29781 --- [nio-8080-exec-6] o.h.e.loading.internal.LoadContexts      : HHH000100: Fail-safe cleanup (collections) : org.hibernate.engine.loading.internal.CollectionLoadContext@53e6674d<rs=HikariProxyResultSet@1760881311 wrapping rs5606: null>
?[0m?[0;34m2023-03-31 16:06:16.412  WARN 29781 --- [nio-8080-exec-6] o.h.e.loading.internal.LoadContexts      : HHH000100: Fail-safe cleanup (collections) : org.hibernate.engine.loading.internal.CollectionLoadContext@5f5c7f43<rs=HikariProxyResultSet@226894116 wrapping rs5274: null>
?[0m?[0;34m2023-03-31 16:06:16.412  WARN 29781 --- [nio-8080-exec-6] o.h.e.loading.internal.LoadContexts      : HHH000100: Fail-safe cleanup (collections) : org.hibernate.engine.loading.internal.CollectionLoadContext@1ff3aa10<rs=HikariProxyResultSet@1244676775 wrapping rs5662: null>
?[0m?[0;34m2023-03-31 16:06:16.412  WARN 29781 --- [nio-8080-exec-6] o.h.e.loading.internal.LoadContexts      : HHH000100: Fail-safe cleanup (collections) : org.hibernate.engine.loading.internal.CollectionLoadContext@5f1664dd<rs=HikariProxyResultSet@362534825 wrapping rs5238: null>
?[0m?[0;34m2023-03-31 16:06:16.412  WARN 29781 --- [nio-8080-exec-6] o.h.e.loading.internal.LoadContexts      : HHH000100: Fail-safe cleanup (collections) : org.hibernate.engine.loading.internal.CollectionLoadContext@3faabc7d<rs=HikariProxyResultSet@176654378 wrapping rs5555: null>
?[0m?[0;34m2023-03-31 16:06:16.412  WARN 29781 --- [nio-8080-exec-6] o.h.e.loading.internal.LoadContexts      : HHH000100: Fail-safe cleanup (collections) : org.hibernate.engine.loading.internal.CollectionLoadContext@3b07aac<rs=HikariProxyResultSet@1304693673 wrapping rs5567: null>
?[0m?[0;34m2023-03-31 16:06:16.412  WARN 29781 --- [nio-8080-exec-6] o.h.e.loading.internal.LoadContexts      : HHH000100: Fail-safe cleanup (collections) : org.hibernate.engine.loading.internal.CollectionLoadContext@111e3e0<rs=HikariProxyResultSet@58506153 wrapping rs5687: null>
?[0m?[0;34m2023-03-31 16:06:16.412  WARN 29781 --- [nio-8080-exec-6] o.h.e.loading.internal.LoadContexts      : HHH000100: Fail-safe cleanup (collections) : org.hibernate.engine.loading.internal.CollectionLoadContext@6dcd4f93<rs=HikariProxyResultSet@851985837 wrapping rs5469: null>
?[0m?[0;34m2023-03-31 16:06:16.412  WARN 29781 --- [nio-8080-exec-6] o.h.e.loading.internal.LoadContexts      : HHH000100: Fail-safe cleanup (collections) : org.hibernate.engine.loading.internal.CollectionLoadContext@7ee5f03<rs=HikariProxyResultSet@1521959728 wrapping rs5323: null>
?[0m?[0;34m2023-03-31 16:06:16.412  WARN 29781 --- [nio-8080-exec-6] o.h.e.loading.internal.LoadContexts      : HHH000100: Fail-safe cleanup (collections) : org.hibernate.engine.loading.internal.CollectionLoadContext@78b2048<rs=HikariProxyResultSet@1812247344 wrapping rs5581: null>
?[0m?[0;34m2023-03-31 16:06:16.412  WARN 29781 --- [nio-8080-exec-6] o.h.e.loading.internal.LoadContexts      : HHH000100: Fail-safe cleanup (collections) : org.hibernate.engine.loading.internal.CollectionLoadContext@98bcdba<rs=HikariProxyResultSet@2114661426 wrapping rs5317: null>
?[0m?[0;34m2023-03-31 16:06:16.412  WARN 29781 --- [nio-8080-exec-6] o.h.e.loading.internal.LoadContexts      : HHH000100: Fail-safe cleanup (collections) : org.hibernate.engine.loading.internal.CollectionLoadContext@e3daacf<rs=HikariProxyResultSet@1220669748 wrapping rs5352: null>
?[0m?[0;34m2023-03-31 16:06:16.412  WARN 29781 --- [nio-8080-exec-6] o.h.e.loading.internal.LoadContexts      : HHH000100: Fail-safe cleanup (collections) : org.hibernate.engine.loading.internal.CollectionLoadContext@7b5efa4c<rs=HikariProxyResultSet@499860538 wrapping rs5551: null>
?[0m?[0;34m2023-03-31 16:06:16.412  WARN 29781 --- [nio-8080-exec-6] o.h.e.loading.internal.LoadContexts      : HHH000100: Fail-safe cleanup (collections) : org.hibernate.engine.loading.internal.CollectionLoadContext@25891c0f<rs=HikariProxyResultSet@1699709244 wrapping rs5291: null>
?[0m?[0;34m2023-03-31 16:06:16.412  WARN 29781 --- [nio-8080-exec-6] o.h.e.loading.internal.LoadContexts      : HHH000100: Fail-safe cleanup (collections) : org.hibernate.engine.loading.internal.CollectionLoadContext@7238e319<rs=HikariProxyResultSet@243956028 wrapping rs5472: null>
?[0m?[0;34m2023-03-31 16:06:16.412  WARN 29781 --- [nio-8080-exec-6] o.h.e.loading.internal.LoadContexts      : HHH000100: Fail-safe cleanup (collections) : org.hibernate.engine.loading.internal.CollectionLoadContext@11b05443<rs=HikariProxyResultSet@309612860 wrapping rs5604: null>
?[0m?[0;34m2023-03-31 16:06:16.412  WARN 29781 --- [nio-8080-exec-6] o.h.e.loading.internal.LoadContexts      : HHH000100: Fail-safe cleanup (collections) : org.hibernate.engine.loading.internal.CollectionLoadContext@1db050a3<rs=HikariProxyResultSet@316554822 wrapping rs5530: null>
?[0m?[0;34m2023-03-31 16:06:16.412  WARN 29781 --- [nio-8080-exec-6] o.h.e.loading.internal.LoadContexts      : HHH000100: Fail-safe cleanup (collections) : org.hibernate.engine.loading.internal.CollectionLoadContext@70b45e7e<rs=HikariProxyResultSet@813012550 wrapping rs5601: null>
?[0m?[0;34m2023-03-31 16:06:16.412  WARN 29781 --- [nio-8080-exec-6] o.h.e.loading.internal.LoadContexts      : HHH000100: Fail-safe cleanup (collections) : org.hibernate.engine.loading.internal.CollectionLoadContext@45215b5a<rs=HikariProxyResultSet@2007497673 wrapping rs5288: null>
?[0m?[0;34m2023-03-31 16:06:16.412  WARN 29781 --- [nio-8080-exec-6] o.h.e.loading.internal.LoadContexts      : HHH000100: Fail-safe cleanup (collections) : org.hibernate.engine.loading.internal.CollectionLoadContext@56201df1<rs=HikariProxyResultSet@1056029520 wrapping rs5241: null>
?[0m?[0;34m2023-03-31 16:06:16.412  WARN 29781 --- [nio-8080-exec-6] o.h.e.loading.internal.LoadContexts      : HHH000100: Fail-safe cleanup (collections) : org.hibernate.engine.loading.internal.CollectionLoadContext@498a7ade<rs=HikariProxyResultSet@113508563 wrapping rs5282: null>
?[0m?[0;34m2023-03-31 16:06:16.412  WARN 29781 --- [nio-8080-exec-6] o.h.e.loading.internal.LoadContexts      : HHH000100: Fail-safe cleanup (collections) : org.hibernate.engine.loading.internal.CollectionLoadContext@1b1f9a3f<rs=HikariProxyResultSet@830346451 wrapping rs5654: null>
?[0m?[0;34m2023-03-31 16:06:16.412  WARN 29781 --- [nio-8080-exec-6] o.h.e.loading.internal.LoadContexts      : HHH000100: Fail-safe cleanup (collections) : org.hibernate.engine.loading.internal.CollectionLoadContext@542bf98d<rs=HikariProxyResultSet@325570900 wrapping rs5676: null>
?[0m?[0;34m2023-03-31 16:06:16.412  WARN 29781 --- [nio-8080-exec-6] o.h.e.loading.internal.LoadContexts      : HHH000100: Fail-safe cleanup (collections) : org.hibernate.engine.loading.internal.CollectionLoadContext@232a96c<rs=HikariProxyResultSet@142040025 wrapping rs5664: null>
?[0m?[0;34m2023-03-31 16:06:16.412  WARN 29781 --- [nio-8080-exec-6] o.h.e.loading.internal.LoadContexts      : HHH000100: Fail-safe cleanup (collections) : org.hibernate.engine.loading.internal.CollectionLoadContext@18746f7e<rs=HikariProxyResultSet@1128905947 wrapping rs5259: null>
?[0m?[0;34m2023-03-31 16:06:16.412  WARN 29781 --- [nio-8080-exec-6] o.h.e.loading.internal.LoadContexts      : HHH000100: Fail-safe cleanup (collections) : org.hibernate.engine.loading.internal.CollectionLoadContext@7fddd02d<rs=HikariProxyResultSet@1397416284 wrapping rs5647: null>
?[0m?[0;34m2023-03-31 16:06:16.412  WARN 29781 --- [nio-8080-exec-6] o.h.e.loading.internal.LoadContexts      : HHH000100: Fail-safe cleanup (collections) : org.hibernate.engine.loading.internal.CollectionLoadContext@7431b9ca<rs=HikariProxyResultSet@1625570910 wrapping rs5548: null>
?[0m?[0;34m2023-03-31 16:06:16.412  WARN 29781 --- [nio-8080-exec-6] o.h.e.loading.internal.LoadContexts      : HHH000100: Fail-safe cleanup (collections) : org.hibernate.engine.loading.internal.CollectionLoadContext@635f17e9<rs=HikariProxyResultSet@940024414 wrapping rs5624: null>
?[0m?[0;34m2023-03-31 16:06:16.412  WARN 29781 --- [nio-8080-exec-6] o.h.e.loading.internal.LoadContexts      : HHH000100: Fail-safe cleanup (collections) : org.hibernate.engine.loading.internal.CollectionLoadContext@586b9b63<rs=HikariProxyResultSet@1369854816 wrapping rs5539: null>
?[0m?[0;34m2023-03-31 16:06:16.412  WARN 29781 --- [nio-8080-exec-6] o.h.e.loading.internal.LoadContexts      : HHH000100: Fail-safe cleanup (collections) : org.hibernate.engine.loading.internal.CollectionLoadContext@492664fb<rs=HikariProxyResultSet@860741601 wrapping rs5455: null>
?[0m?[0;34m2023-03-31 16:06:16.412  WARN 29781 --- [nio-8080-exec-6] o.h.e.loading.internal.LoadContexts      : HHH000100: Fail-safe cleanup (collections) : org.hibernate.engine.loading.internal.CollectionLoadContext@30a06bfc<rs=HikariProxyResultSet@2087702118 wrapping rs5185: null>
?[0m?[0;34m2023-03-31 16:06:16.412  WARN 29781 --- [nio-8080-exec-6] o.h.e.loading.internal.LoadContexts      : HHH000100: Fail-safe cleanup (collections) : org.hibernate.engine.loading.internal.CollectionLoadContext@2b5bc25e<rs=HikariProxyResultSet@689365735 wrapping rs5321: null>
?[0m?[0;34m2023-03-31 16:06:16.412  WARN 29781 --- [nio-8080-exec-6] o.h.e.loading.internal.LoadContexts      : HHH000100: Fail-safe cleanup (collections) : org.hibernate.engine.loading.internal.CollectionLoadContext@2f6fe4d5<rs=HikariProxyResultSet@1801918183 wrapping rs5434: null>
?[0m?[0;34m2023-03-31 16:06:16.412  WARN 29781 --- [nio-8080-exec-6] o.h.e.loading.internal.LoadContexts      : HHH000100: Fail-safe cleanup (collections) : org.hibernate.engine.loading.internal.CollectionLoadContext@55945c7f<rs=HikariProxyResultSet@398686185 wrapping rs5262: null>
?[0m?[0;34m2023-03-31 16:06:16.412  WARN 29781 --- [nio-8080-exec-6] o.h.e.loading.internal.LoadContexts      : HHH000100: Fail-safe cleanup (collections) : org.hibernate.engine.loading.internal.CollectionLoadContext@66d832ba<rs=HikariProxyResultSet@544452585 wrapping rs5673: null>
?[0m?[0;34m2023-03-31 16:06:16.412  WARN 29781 --- [nio-8080-exec-6] o.h.e.loading.internal.LoadContexts      : HHH000100: Fail-safe cleanup (collections) : org.hibernate.engine.loading.internal.CollectionLoadContext@13e4450d<rs=HikariProxyResultSet@1412272363 wrapping rs5232: null>
?[0m?[0;34m2023-03-31 16:06:16.412  WARN 29781 --- [nio-8080-exec-6] o.h.e.loading.internal.LoadContexts      : HHH000100: Fail-safe cleanup (collections) : org.hibernate.engine.loading.internal.CollectionLoadContext@43fd42e8<rs=HikariProxyResultSet@911141228 wrapping rs5233: null>
?[0m?[0;34m2023-03-31 16:06:16.412  WARN 29781 --- [nio-8080-exec-6] o.h.e.loading.internal.LoadContexts      : HHH000100: Fail-safe cleanup (collections) : org.hibernate.engine.loading.internal.CollectionLoadContext@34fd994c<rs=HikariProxyResultSet@1535031531 wrapping rs5500: null>
?[0m?[0;34m2023-03-31 16:06:16.412  WARN 29781 --- [nio-8080-exec-6] o.h.e.loading.internal.LoadContexts      : HHH000100: Fail-safe cleanup (collections) : org.hibernate.engine.loading.internal.CollectionLoadContext@1317308b<rs=HikariProxyResultSet@1079377518 wrapping rs5514: null>
?[0m?[0;34m2023-03-31 16:06:16.412  WARN 29781 --- [nio-8080-exec-6] o.h.e.loading.internal.LoadContexts      : HHH000100: Fail-safe cleanup (collections) : org.hibernate.engine.loading.internal.CollectionLoadContext@22eac3c9<rs=HikariProxyResultSet@1523197163 wrapping rs5702: null>
?[0m?[0;34m2023-03-31 16:06:16.412  WARN 29781 --- [nio-8080-exec-6] o.h.e.loading.internal.LoadContexts      : HHH000100: Fail-safe cleanup (collections) : org.hibernate.engine.loading.internal.CollectionLoadContext@ba93f7e<rs=HikariProxyResultSet@1789376368 wrapping rs5516: null>
?[0m?[0;34m2023-03-31 16:06:16.412  WARN 29781 --- [nio-8080-exec-6] o.h.e.loading.internal.LoadContexts      : HHH000100: Fail-safe cleanup (collections) : org.hibernate.engine.loading.internal.CollectionLoadContext@5346f0be<rs=HikariProxyResultSet@231600113 wrapping rs5329: null>
?[0m?[0;34m2023-03-31 16:06:16.412  WARN 29781 --- [nio-8080-exec-6] o.h.e.loading.internal.LoadContexts      : HHH000100: Fail-safe cleanup (collections) : org.hibernate.engine.loading.internal.CollectionLoadContext@79ff1135<rs=HikariProxyResultSet@1659356274 wrapping rs5227: null>
?[0m?[0;34m2023-03-31 16:06:16.412  WARN 29781 --- [nio-8080-exec-6] o.h.e.loading.internal.LoadContexts      : HHH000100: Fail-safe cleanup (collections) : org.hibernate.engine.loading.internal.CollectionLoadContext@dff7148<rs=HikariProxyResultSet@2016991346 wrapping rs5681: null>
?[0m?[0;34m2023-03-31 16:06:16.412  WARN 29781 --- [nio-8080-exec-6] o.h.e.loading.internal.LoadContexts      : HHH000100: Fail-safe cleanup (collections) : org.hibernate.engine.loading.internal.CollectionLoadContext@4fefed46<rs=HikariProxyResultSet@806138228 wrapping rs5413: null>
?[0m?[0;34m2023-03-31 16:06:16.412  WARN 29781 --- [nio-8080-exec-6] o.h.e.loading.internal.LoadContexts      : HHH000100: Fail-safe cleanup (collections) : org.hibernate.engine.loading.internal.CollectionLoadContext@2bc82705<rs=HikariProxyResultSet@1500399222 wrapping rs5234: null>
?[0m?[0;34m2023-03-31 16:06:16.412  WARN 29781 --- [nio-8080-exec-6] o.h.e.loading.internal.LoadContexts      : HHH000100: Fail-safe cleanup (collections) : org.hibernate.engine.loading.internal.CollectionLoadContext@2abffdf0<rs=HikariProxyResultSet@618029815 wrapping rs5679: null>
?[0m?[0;34m2023-03-31 16:06:16.412  WARN 29781 --- [nio-8080-exec-6] o.h.e.loading.internal.LoadContexts      : HHH000100: Fail-safe cleanup (collections) : org.hibernate.engine.loading.internal.CollectionLoadContext@5c3cacde<rs=HikariProxyResultSet@1109348216 wrapping rs5578: null>
?[0m?[0;34m2023-03-31 16:06:16.412  WARN 29781 --- [nio-8080-exec-6] o.h.e.loading.internal.LoadContexts      : HHH000100: Fail-safe cleanup (collections) : org.hibernate.engine.loading.internal.CollectionLoadContext@6c89ffc2<rs=HikariProxyResultSet@1619499130 wrapping rs5231: null>
?[0m?[0;34m2023-03-31 16:06:16.412  WARN 29781 --- [nio-8080-exec-6] o.h.e.loading.internal.LoadContexts      : HHH000100: Fail-safe cleanup (collections) : org.hibernate.engine.loading.internal.CollectionLoadContext@6930d59<rs=HikariProxyResultSet@2047110653 wrapping rs5640: null>
?[0m?[0;34m2023-03-31 16:06:16.412  WARN 29781 --- [nio-8080-exec-6] o.h.e.loading.internal.LoadContexts      : HHH000100: Fail-safe cleanup (collections) : org.hibernate.engine.loading.internal.CollectionLoadContext@53963006<rs=HikariProxyResultSet@1962790526 wrapping rs5203: null>
?[0m?[0;34m2023-03-31 16:06:16.412  WARN 29781 --- [nio-8080-exec-6] o.h.e.loading.internal.LoadContexts      : HHH000100: Fail-safe cleanup (collections) : org.hibernate.engine.loading.internal.CollectionLoadContext@6a752cf6<rs=HikariProxyResultSet@586656769 wrapping rs5652: null>
?[0m?[0;34m2023-03-31 16:06:16.412  WARN 29781 --- [nio-8080-exec-6] o.h.e.loading.internal.LoadContexts      : HHH000100: Fail-safe cleanup (collections) : org.hibernate.engine.loading.internal.CollectionLoadContext@4921b995<rs=HikariProxyResultSet@447947906 wrapping rs5611: null>
?[0m?[0;34m2023-03-31 16:06:16.412  WARN 29781 --- [nio-8080-exec-6] o.h.e.loading.internal.LoadContexts      : HHH000100: Fail-safe cleanup (collections) : org.hibernate.engine.loading.internal.CollectionLoadContext@57c68c2d<rs=HikariProxyResultSet@1306996358 wrapping rs5412: null>
?[0m?[0;34m2023-03-31 16:06:16.412  WARN 29781 --- [nio-8080-exec-6] o.h.e.loading.internal.LoadContexts      : HHH000100: Fail-safe cleanup (collections) : org.hibernate.engine.loading.internal.CollectionLoadContext@35b290d3<rs=HikariProxyResultSet@1436371727 wrapping rs5524: null>
?[0m?[0;34m2023-03-31 16:06:16.412  WARN 29781 --- [nio-8080-exec-6] o.h.e.loading.internal.LoadContexts      : HHH000100: Fail-safe cleanup (collections) : org.hibernate.engine.loading.internal.CollectionLoadContext@7663180f<rs=HikariProxyResultSet@1722704018 wrapping rs5260: null>
?[0m?[0;34m2023-03-31 16:06:16.412  WARN 29781 --- [nio-8080-exec-6] o.h.e.loading.internal.LoadContexts      : HHH000100: Fail-safe cleanup (collections) : org.hibernate.engine.loading.internal.CollectionLoadContext@32cafa47<rs=HikariProxyResultSet@1150980242 wrapping rs5534: null>
?[0m?[0;34m2023-03-31 16:06:16.412  WARN 29781 --- [nio-8080-exec-6] o.h.e.loading.internal.LoadContexts      : HHH000100: Fail-safe cleanup (collections) : org.hibernate.engine.loading.internal.CollectionLoadContext@510eafd7<rs=HikariProxyResultSet@1176632724 wrapping rs5184: null>
?[0m?[0;34m2023-03-31 16:06:16.412  WARN 29781 --- [nio-8080-exec-6] o.h.e.loading.internal.LoadContexts      : HHH000100: Fail-safe cleanup (collections) : org.hibernate.engine.loading.internal.CollectionLoadContext@709b892d<rs=HikariProxyResultSet@191550868 wrapping rs5237: null>
?[0m?[0;34m2023-03-31 16:06:16.412  WARN 29781 --- [nio-8080-exec-6] o.h.e.loading.internal.LoadContexts      : HHH000100: Fail-safe cleanup (collections) : org.hibernate.engine.loading.internal.CollectionLoadContext@1ed64451<rs=HikariProxyResultSet@1698896534 wrapping rs5392: null>
?[0m?[0;34m2023-03-31 16:06:16.412  WARN 29781 --- [nio-8080-exec-6] o.h.e.loading.internal.LoadContexts      : HHH000100: Fail-safe cleanup (collections) : org.hibernate.engine.loading.internal.CollectionLoadContext@7b2b8d0e<rs=HikariProxyResultSet@1209152279 wrapping rs5448: null>
?[0m?[0;34m2023-03-31 16:06:16.412  WARN 29781 --- [nio-8080-exec-6] o.h.e.loading.internal.LoadContexts      : HHH000100: Fail-safe cleanup (collections) : org.hibernate.engine.loading.internal.CollectionLoadContext@5fffe5ab<rs=HikariProxyResultSet@2014324503 wrapping rs5635: null>
?[0m?[0;34m2023-03-31 16:06:16.412  WARN 29781 --- [nio-8080-exec-6] o.h.e.loading.internal.LoadContexts      : HHH000100: Fail-safe cleanup (collections) : org.hibernate.engine.loading.internal.CollectionLoadContext@7381cd98<rs=HikariProxyResultSet@723269786 wrapping rs5367: null>
?[0m?[0;34m2023-03-31 16:06:16.412  WARN 29781 --- [nio-8080-exec-6] o.h.e.loading.internal.LoadContexts      : HHH000100: Fail-safe cleanup (collections) : org.hibernate.engine.loading.internal.CollectionLoadContext@5f59fb75<rs=HikariProxyResultSet@2040060703 wrapping rs5619: null>
?[0m?[0;34m2023-03-31 16:06:16.412  WARN 29781 --- [nio-8080-exec-6] o.h.e.loading.internal.LoadContexts      : HHH000100: Fail-safe cleanup (collections) : org.hibernate.engine.loading.internal.CollectionLoadContext@783d4e6d<rs=HikariProxyResultSet@864993442 wrapping rs5410: null>
?[0m?[0;34m2023-03-31 16:06:16.412  WARN 29781 --- [nio-8080-exec-6] o.h.e.loading.internal.LoadContexts      : HHH000100: Fail-safe cleanup (collections) : org.hibernate.engine.loading.internal.CollectionLoadContext@58cf2e7c<rs=HikariProxyResultSet@1940273572 wrapping rs5183: null>
?[0m?[0;34m2023-03-31 16:06:16.412  WARN 29781 --- [nio-8080-exec-6] o.h.e.loading.internal.LoadContexts      : HHH000100: Fail-safe cleanup (collections) : org.hibernate.engine.loading.internal.CollectionLoadContext@255fc5f0<rs=HikariProxyResultSet@361938598 wrapping rs5353: null>
?[0m?[0;34m2023-03-31 16:06:16.412  WARN 29781 --- [nio-8080-exec-6] o.h.e.loading.internal.LoadContexts      : HHH000100: Fail-safe cleanup (collections) : org.hibernate.engine.loading.internal.CollectionLoadContext@354d107d<rs=HikariProxyResultSet@1081995176 wrapping rs5295: null>
?[0m?[0;34m2023-03-31 16:06:16.413  WARN 29781 --- [nio-8080-exec-6] o.h.e.loading.internal.LoadContexts      : HHH000100: Fail-safe cleanup (collections) : org.hibernate.engine.loading.internal.CollectionLoadContext@27916e9f<rs=HikariProxyResultSet@1069672368 wrapping rs5589: null>
?[0m?[0;34m2023-03-31 16:06:16.413  WARN 29781 --- [nio-8080-exec-6] o.h.e.loading.internal.LoadContexts      : HHH000100: Fail-safe cleanup (collections) : org.hibernate.engine.loading.internal.CollectionLoadContext@60c18df<rs=HikariProxyResultSet@60521650 wrapping rs5252: null>
?[0m?[0;34m2023-03-31 16:06:16.413  WARN 29781 --- [nio-8080-exec-6] o.h.e.loading.internal.LoadContexts      : HHH000100: Fail-safe cleanup (collections) : org.hibernate.engine.loading.internal.CollectionLoadContext@5da72dab<rs=HikariProxyResultSet@13667506 wrapping rs5362: null>
?[0m?[0;34m2023-03-31 16:06:16.413  WARN 29781 --- [nio-8080-exec-6] o.h.e.loading.internal.LoadContexts      : HHH000100: Fail-safe cleanup (collections) : org.hibernate.engine.loading.internal.CollectionLoadContext@b4009a<rs=HikariProxyResultSet@707130167 wrapping rs5608: null>
?[0m?[0;34m2023-03-31 16:06:16.413  WARN 29781 --- [nio-8080-exec-6] o.h.e.loading.internal.LoadContexts      : HHH000100: Fail-safe cleanup (collections) : org.hibernate.engine.loading.internal.CollectionLoadContext@2cfd7385<rs=HikariProxyResultSet@1826628665 wrapping rs5189: null>
?[0m?[0;34m2023-03-31 16:06:16.413  WARN 29781 --- [nio-8080-exec-6] o.h.e.loading.internal.LoadContexts      : HHH000100: Fail-safe cleanup (collections) : org.hibernate.engine.loading.internal.CollectionLoadContext@4a514c25<rs=HikariProxyResultSet@1688543289 wrapping rs5691: null>
?[0m?[0;34m2023-03-31 16:06:16.413  WARN 29781 --- [nio-8080-exec-6] o.h.e.loading.internal.LoadContexts      : HHH000100: Fail-safe cleanup (collections) : org.hibernate.engine.loading.internal.CollectionLoadContext@2e7feab1<rs=HikariProxyResultSet@1517676988 wrapping rs5447: null>
?[0m?[0;34m2023-03-31 16:06:16.413  WARN 29781 --- [nio-8080-exec-6] o.h.e.loading.internal.LoadContexts      : HHH000100: Fail-safe cleanup (collections) : org.hibernate.engine.loading.internal.CollectionLoadContext@e6f8f34<rs=HikariProxyResultSet@1477896636 wrapping rs5644: null>
?[0m?[0;34m2023-03-31 16:06:16.413  WARN 29781 --- [nio-8080-exec-6] o.h.e.loading.internal.LoadContexts      : HHH000100: Fail-safe cleanup (collections) : org.hibernate.engine.loading.internal.CollectionLoadContext@4949a427<rs=HikariProxyResultSet@364356286 wrapping rs5507: null>
?[0m?[0;34m2023-03-31 16:06:16.413  WARN 29781 --- [nio-8080-exec-6] o.h.e.loading.internal.LoadContexts      : HHH000100: Fail-safe cleanup (collections) : org.hibernate.engine.loading.internal.CollectionLoadContext@939e94f<rs=HikariProxyResultSet@990589759 wrapping rs5417: null>
?[0m?[0;34m2023-03-31 16:06:16.413  WARN 29781 --- [nio-8080-exec-6] o.h.e.loading.internal.LoadContexts      : HHH000100: Fail-safe cleanup (collections) : org.hibernate.engine.loading.internal.CollectionLoadContext@58c2b0bb<rs=HikariProxyResultSet@2004422592 wrapping rs5588: null>
?[0m?[0;34m2023-03-31 16:06:16.413  WARN 29781 --- [nio-8080-exec-6] o.h.e.loading.internal.LoadContexts      : HHH000100: Fail-safe cleanup (collections) : org.hibernate.engine.loading.internal.CollectionLoadContext@2a2682b8<rs=HikariProxyResultSet@1377188163 wrapping rs5224: null>
?[0m?[0;34m2023-03-31 16:06:16.413  WARN 29781 --- [nio-8080-exec-6] o.h.e.loading.internal.LoadContexts      : HHH000100: Fail-safe cleanup (collections) : org.hibernate.engine.loading.internal.CollectionLoadContext@2eca6347<rs=HikariProxyResultSet@1742958020 wrapping rs5460: null>
?[0m?[0;34m2023-03-31 16:06:16.413  WARN 29781 --- [nio-8080-exec-6] o.h.e.loading.internal.LoadContexts      : HHH000100: Fail-safe cleanup (collections) : org.hibernate.engine.loading.internal.CollectionLoadContext@68ff8440<rs=HikariProxyResultSet@825549381 wrapping rs5477: null>
?[0m?[0;34m2023-03-31 16:06:16.413  WARN 29781 --- [nio-8080-exec-6] o.h.e.loading.internal.LoadContexts      : HHH000100: Fail-safe cleanup (collections) : org.hibernate.engine.loading.internal.CollectionLoadContext@25f5a68c<rs=HikariProxyResultSet@1124547270 wrapping rs5347: null>
?[0m?[0;34m2023-03-31 16:06:16.413  WARN 29781 --- [nio-8080-exec-6] o.h.e.loading.internal.LoadContexts      : HHH000100: Fail-safe cleanup (collections) : org.hibernate.engine.loading.internal.CollectionLoadContext@3b58d3c8<rs=HikariProxyResultSet@411758407 wrapping rs5360: null>
?[0m?[0;34m2023-03-31 16:06:16.413  WARN 29781 --- [nio-8080-exec-6] o.h.e.loading.internal.LoadContexts      : HHH000100: Fail-safe cleanup (collections) : org.hibernate.engine.loading.internal.CollectionLoadContext@46f54fbf<rs=HikariProxyResultSet@343717703 wrapping rs5479: null>
?[0m?[0;34m2023-03-31 16:06:16.413  WARN 29781 --- [nio-8080-exec-6] o.h.e.loading.internal.LoadContexts      : HHH000100: Fail-safe cleanup (collections) : org.hibernate.engine.loading.internal.CollectionLoadContext@52bc0ea5<rs=HikariProxyResultSet@1716870725 wrapping rs5498: null>
?[0m?[0;34m2023-03-31 16:06:16.413  WARN 29781 --- [nio-8080-exec-6] o.h.e.loading.internal.LoadContexts      : HHH000100: Fail-safe cleanup (collections) : org.hibernate.engine.loading.internal.CollectionLoadContext@5af503b8<rs=HikariProxyResultSet@1932439754 wrapping rs5272: null>
?[0m?[0;34m2023-03-31 16:06:16.413  WARN 29781 --- [nio-8080-exec-6] o.h.e.loading.internal.LoadContexts      : HHH000100: Fail-safe cleanup (collections) : org.hibernate.engine.loading.internal.CollectionLoadContext@274e4dbd<rs=HikariProxyResultSet@641127755 wrapping rs5160: null>
?[0m?[0;34m2023-03-31 16:06:16.413  WARN 29781 --- [nio-8080-exec-6] o.h.e.loading.internal.LoadContexts      : HHH000100: Fail-safe cleanup (collections) : org.hibernate.engine.loading.internal.CollectionLoadContext@4baa665c<rs=HikariProxyResultSet@1522395596 wrapping rs5364: null>
?[0m?[0;34m2023-03-31 16:06:16.413  WARN 29781 --- [nio-8080-exec-6] o.h.e.loading.internal.LoadContexts      : HHH000100: Fail-safe cleanup (collections) : org.hibernate.engine.loading.internal.CollectionLoadContext@79d190aa<rs=HikariProxyResultSet@44649037 wrapping rs5584: null>
?[0m?[0;34m2023-03-31 16:06:16.413  WARN 29781 --- [nio-8080-exec-6] o.h.e.loading.internal.LoadContexts      : HHH000100: Fail-safe cleanup (collections) : org.hibernate.engine.loading.internal.CollectionLoadContext@b4bb4eb<rs=HikariProxyResultSet@434724558 wrapping rs5188: null>
?[0m?[0;34m2023-03-31 16:06:16.413  WARN 29781 --- [nio-8080-exec-6] o.h.e.loading.internal.LoadContexts      : HHH000100: Fail-safe cleanup (collections) : org.hibernate.engine.loading.internal.CollectionLoadContext@5ebd339a<rs=HikariProxyResultSet@1324479182 wrapping rs5312: null>
?[0m?[0;34m2023-03-31 16:06:16.413  WARN 29781 --- [nio-8080-exec-6] o.h.e.loading.internal.LoadContexts      : HHH000100: Fail-safe cleanup (collections) : org.hibernate.engine.loading.internal.CollectionLoadContext@46bd3697<rs=HikariProxyResultSet@849071056 wrapping rs5378: null>
?[0m?[0;34m2023-03-31 16:06:16.413  WARN 29781 --- [nio-8080-exec-6] o.h.e.loading.internal.LoadContexts      : HHH000100: Fail-safe cleanup (collections) : org.hibernate.engine.loading.internal.CollectionLoadContext@331caa2a<rs=HikariProxyResultSet@1893631186 wrapping rs5462: null>
?[0m?[0;34m2023-03-31 16:06:16.413  WARN 29781 --- [nio-8080-exec-6] o.h.e.loading.internal.LoadContexts      : HHH000100: Fail-safe cleanup (collections) : org.hibernate.engine.loading.internal.CollectionLoadContext@65a6bc4e<rs=HikariProxyResultSet@665955667 wrapping rs5256: null>
?[0m?[0;34m2023-03-31 16:06:16.413  WARN 29781 --- [nio-8080-exec-6] o.h.e.loading.internal.LoadContexts      : HHH000100: Fail-safe cleanup (collections) : org.hibernate.engine.loading.internal.CollectionLoadContext@52b06283<rs=HikariProxyResultSet@981143891 wrapping rs5322: null>
?[0m?[0;34m2023-03-31 16:06:16.413  WARN 29781 --- [nio-8080-exec-6] o.h.e.loading.internal.LoadContexts      : HHH000100: Fail-safe cleanup (collections) : org.hibernate.engine.loading.internal.CollectionLoadContext@7d16ffcc<rs=HikariProxyResultSet@261409107 wrapping rs5433: null>
?[0m?[0;34m2023-03-31 16:06:16.413  WARN 29781 --- [nio-8080-exec-6] o.h.e.loading.internal.LoadContexts      : HHH000100: Fail-safe cleanup (collections) : org.hibernate.engine.loading.internal.CollectionLoadContext@2b0d47be<rs=HikariProxyResultSet@1122239956 wrapping rs5615: null>
?[0m?[0;34m2023-03-31 16:06:16.413  WARN 29781 --- [nio-8080-exec-6] o.h.e.loading.internal.LoadContexts      : HHH000100: Fail-safe cleanup (collections) : org.hibernate.engine.loading.internal.CollectionLoadContext@7b99ca5d<rs=HikariProxyResultSet@1266257751 wrapping rs5218: null>
?[0m?[0;34m2023-03-31 16:06:16.413  WARN 29781 --- [nio-8080-exec-6] o.h.e.loading.internal.LoadContexts      : HHH000100: Fail-safe cleanup (collections) : org.hibernate.engine.loading.internal.CollectionLoadContext@2a6c0bd7<rs=HikariProxyResultSet@430780376 wrapping rs5609: null>
?[0m?[0;34m2023-03-31 16:06:16.413  WARN 29781 --- [nio-8080-exec-6] o.h.e.loading.internal.LoadContexts      : HHH000100: Fail-safe cleanup (collections) : org.hibernate.engine.loading.internal.CollectionLoadContext@604e69c9<rs=HikariProxyResultSet@1457654099 wrapping rs5655: null>
?[0m?[0;34m2023-03-31 16:06:16.413  WARN 29781 --- [nio-8080-exec-6] o.h.e.loading.internal.LoadContexts      : HHH000100: Fail-safe cleanup (collections) : org.hibernate.engine.loading.internal.CollectionLoadContext@213fe2c9<rs=HikariProxyResultSet@1884041434 wrapping rs5641: null>
?[0m?[0;34m2023-03-31 16:06:16.413  WARN 29781 --- [nio-8080-exec-6] o.h.e.loading.internal.LoadContexts      : HHH000100: Fail-safe cleanup (collections) : org.hibernate.engine.loading.internal.CollectionLoadContext@14c10f91<rs=HikariProxyResultSet@1022674654 wrapping rs5505: null>
?[0m?[0;34m2023-03-31 16:06:16.413  WARN 29781 --- [nio-8080-exec-6] o.h.e.loading.internal.LoadContexts      : HHH000100: Fail-safe cleanup (collections) : org.hibernate.engine.loading.internal.CollectionLoadContext@5e398c6d<rs=HikariProxyResultSet@642119519 wrapping rs5304: null>
?[0m?[0;34m2023-03-31 16:06:16.413  WARN 29781 --- [nio-8080-exec-6] o.h.e.loading.internal.LoadContexts      : HHH000100: Fail-safe cleanup (collections) : org.hibernate.engine.loading.internal.CollectionLoadContext@4d2ab642<rs=HikariProxyResultSet@1141037919 wrapping rs5432: null>
?[0m?[0;34m2023-03-31 16:06:16.413  WARN 29781 --- [nio-8080-exec-6] o.h.e.loading.internal.LoadContexts      : HHH000100: Fail-safe cleanup (collections) : org.hibernate.engine.loading.internal.CollectionLoadContext@13dd2c84<rs=HikariProxyResultSet@1581468769 wrapping rs5547: null>
?[0m?[0;34m2023-03-31 16:06:16.413  WARN 29781 --- [nio-8080-exec-6] o.h.e.loading.internal.LoadContexts      : HHH000100: Fail-safe cleanup (collections) : org.hibernate.engine.loading.internal.CollectionLoadContext@f7c14e9<rs=HikariProxyResultSet@973533410 wrapping rs5308: null>
?[0m?[0;34m2023-03-31 16:06:16.413  WARN 29781 --- [nio-8080-exec-6] o.h.e.loading.internal.LoadContexts      : HHH000100: Fail-safe cleanup (collections) : org.hibernate.engine.loading.internal.CollectionLoadContext@1d34ab8f<rs=HikariProxyResultSet@577330015 wrapping rs5653: null>
?[0m?[0;34m2023-03-31 16:06:16.413  WARN 29781 --- [nio-8080-exec-6] o.h.e.loading.internal.LoadContexts      : HHH000100: Fail-safe cleanup (collections) : org.hibernate.engine.loading.internal.CollectionLoadContext@53496cd<rs=HikariProxyResultSet@892374500 wrapping rs5523: null>
?[0m?[0;34m2023-03-31 16:06:16.413  WARN 29781 --- [nio-8080-exec-6] o.h.e.loading.internal.LoadContexts      : HHH000100: Fail-safe cleanup (collections) : org.hibernate.engine.loading.internal.CollectionLoadContext@7f7733e3<rs=HikariProxyResultSet@1602682598 wrapping rs5253: null>
?[0m?[0;34m2023-03-31 16:06:16.413  WARN 29781 --- [nio-8080-exec-6] o.h.e.loading.internal.LoadContexts      : HHH000100: Fail-safe cleanup (collections) : org.hibernate.engine.loading.internal.CollectionLoadContext@1043bbb8<rs=HikariProxyResultSet@1336549352 wrapping rs5357: null>
?[0m?[0;34m2023-03-31 16:06:16.413  WARN 29781 --- [nio-8080-exec-6] o.h.e.loading.internal.LoadContexts      : HHH000100: Fail-safe cleanup (collections) : org.hibernate.engine.loading.internal.CollectionLoadContext@289312ec<rs=HikariProxyResultSet@65331305 wrapping rs5375: null>
?[0m?[0;34m2023-03-31 16:06:16.413  WARN 29781 --- [nio-8080-exec-6] o.h.e.loading.internal.LoadContexts      : HHH000100: Fail-safe cleanup (collections) : org.hibernate.engine.loading.internal.CollectionLoadContext@9306bcd<rs=HikariProxyResultSet@1929991660 wrapping rs5573: null>
?[0m?[0;34m2023-03-31 16:06:16.413  WARN 29781 --- [nio-8080-exec-6] o.h.e.loading.internal.LoadContexts      : HHH000100: Fail-safe cleanup (collections) : org.hibernate.engine.loading.internal.CollectionLoadContext@4f1ea923<rs=HikariProxyResultSet@565918446 wrapping rs5407: null>
?[0m?[0;34m2023-03-31 16:06:16.413  WARN 29781 --- [nio-8080-exec-6] o.h.e.loading.internal.LoadContexts      : HHH000100: Fail-safe cleanup (collections) : org.hibernate.engine.loading.internal.CollectionLoadContext@420d5503<rs=HikariProxyResultSet@824866542 wrapping rs5527: null>
?[0m?[0;34m2023-03-31 16:06:16.413  WARN 29781 --- [nio-8080-exec-6] o.h.e.loading.internal.LoadContexts      : HHH000100: Fail-safe cleanup (collections) : org.hibernate.engine.loading.internal.CollectionLoadContext@72b92bdc<rs=HikariProxyResultSet@72608881 wrapping rs5307: null>
?[0m?[0;34m2023-03-31 16:06:16.413  WARN 29781 --- [nio-8080-exec-6] o.h.e.loading.internal.LoadContexts      : HHH000100: Fail-safe cleanup (collections) : org.hibernate.engine.loading.internal.CollectionLoadContext@785d5845<rs=HikariProxyResultSet@1134570609 wrapping rs5313: null>
?[0m?[0;34m2023-03-31 16:06:16.413  WARN 29781 --- [nio-8080-exec-6] o.h.e.loading.internal.LoadContexts      : HHH000100: Fail-safe cleanup (collections) : org.hibernate.engine.loading.internal.CollectionLoadContext@4230b1dc<rs=HikariProxyResultSet@1991735409 wrapping rs5345: null>
?[0m?[0;34m2023-03-31 16:06:16.413  WARN 29781 --- [nio-8080-exec-6] o.h.e.loading.internal.LoadContexts      : HHH000100: Fail-safe cleanup (collections) : org.hibernate.engine.loading.internal.CollectionLoadContext@6abd51d4<rs=HikariProxyResultSet@95711732 wrapping rs5159: null>
?[0m?[0;34m2023-03-31 16:06:16.413  WARN 29781 --- [nio-8080-exec-6] o.h.e.loading.internal.LoadContexts      : HHH000100: Fail-safe cleanup (collections) : org.hibernate.engine.loading.internal.CollectionLoadContext@51617094<rs=HikariProxyResultSet@1448338037 wrapping rs5182: null>
?[0m?[0;34m2023-03-31 16:06:16.413  WARN 29781 --- [nio-8080-exec-6] o.h.e.loading.internal.LoadContexts      : HHH000100: Fail-safe cleanup (collections) : org.hibernate.engine.loading.internal.CollectionLoadContext@436c958d<rs=HikariProxyResultSet@1030578805 wrapping rs5342: null>
?[0m?[0;34m2023-03-31 16:06:16.413  WARN 29781 --- [nio-8080-exec-6] o.h.e.loading.internal.LoadContexts      : HHH000100: Fail-safe cleanup (collections) : org.hibernate.engine.loading.internal.CollectionLoadContext@415626d<rs=HikariProxyResultSet@1757499763 wrapping rs5543: null>
?[0m?[0;34m2023-03-31 16:06:16.413  WARN 29781 --- [nio-8080-exec-6] o.h.e.loading.internal.LoadContexts      : HHH000100: Fail-safe cleanup (collections) : org.hibernate.engine.loading.internal.CollectionLoadContext@4a6a0ca<rs=HikariProxyResultSet@801550199 wrapping rs5565: null>
?[0m?[0;34m2023-03-31 16:06:16.413  WARN 29781 --- [nio-8080-exec-6] o.h.e.loading.internal.LoadContexts      : HHH000100: Fail-safe cleanup (collections) : org.hibernate.engine.loading.internal.CollectionLoadContext@5e19851a<rs=HikariProxyResultSet@480235641 wrapping rs5444: null>
?[0m?[0;34m2023-03-31 16:06:16.413  WARN 29781 --- [nio-8080-exec-6] o.h.e.loading.internal.LoadContexts      : HHH000100: Fail-safe cleanup (collections) : org.hibernate.engine.loading.internal.CollectionLoadContext@797ea3a9<rs=HikariProxyResultSet@1314063610 wrapping rs5493: null>
?[0m?[0;34m2023-03-31 16:06:16.413  WARN 29781 --- [nio-8080-exec-6] o.h.e.loading.internal.LoadContexts      : HHH000100: Fail-safe cleanup (collections) : org.hibernate.engine.loading.internal.CollectionLoadContext@56d7a0e1<rs=HikariProxyResultSet@518720762 wrapping rs5487: null>
?[0m?[0;34m2023-03-31 16:06:16.413  WARN 29781 --- [nio-8080-exec-6] o.h.e.loading.internal.LoadContexts      : HHH000100: Fail-safe cleanup (collections) : org.hibernate.engine.loading.internal.CollectionLoadContext@67c6ea01<rs=HikariProxyResultSet@601944443 wrapping rs5292: null>
?[0m?[0;34m2023-03-31 16:06:16.413  WARN 29781 --- [nio-8080-exec-6] o.h.e.loading.internal.LoadContexts      : HHH000100: Fail-safe cleanup (collections) : org.hibernate.engine.loading.internal.CollectionLoadContext@75e582b6<rs=HikariProxyResultSet@2007088765 wrapping rs5350: null>
?[0m?[0;34m2023-03-31 16:06:16.413  WARN 29781 --- [nio-8080-exec-6] o.h.e.loading.internal.LoadContexts      : HHH000100: Fail-safe cleanup (collections) : org.hibernate.engine.loading.internal.CollectionLoadContext@790a0448<rs=HikariProxyResultSet@2058516851 wrapping rs5583: null>
?[0m?[0;34m2023-03-31 16:06:16.413  WARN 29781 --- [nio-8080-exec-6] o.h.e.loading.internal.LoadContexts      : HHH000100: Fail-safe cleanup (collections) : org.hibernate.engine.loading.internal.CollectionLoadContext@12b16320<rs=HikariProxyResultSet@997333758 wrapping rs5689: null>
?[0m?[0;34m2023-03-31 16:06:16.413 DEBUG 29781 --- [nio-8080-exec-6] o.s.web.servlet.DispatcherServlet        : Completed 200 OK
?[0m?[0;34m2023-03-31 16:06:16.413 DEBUG 29781 --- [nio-8080-exec-6] w.c.HttpSessionSecurityContextRepository : Stored SecurityContextImpl [Authentication=UsernamePasswordAuthenticationToken [Principal=recipes.UserDetailsImpl@509c2ef5, Credentials=[PROTECTED], Authenticated=true, Details=WebAuthenticationDetails [RemoteIpAddress=127.0.0.1, SessionId=null], Granted Authorities=[ROLE_USER]]] to HttpSession [org.apache.catalina.session.StandardSessionFacade@4ffdd33e]
?[0m?[0;34m2023-03-31 16:06:16.413 DEBUG 29781 --- [nio-8080-exec-6] s.s.w.c.SecurityContextPersistenceFilter : Cleared SecurityContextHolder to complete request
?[1;31m
Start test 68?[0m
?[0;34m2023-03-31 16:06:16.417 DEBUG 29781 --- [nio-8080-exec-7] o.s.security.web.FilterChainProxy        : Securing DELETE /api/recipe/2
?[0m?[0;34m2023-03-31 16:06:16.417 DEBUG 29781 --- [nio-8080-exec-7] s.s.w.c.SecurityContextPersistenceFilter : Set SecurityContextHolder to empty SecurityContext
?[0m?[0;34m2023-03-31 16:06:16.418 DEBUG 29781 --- [nio-8080-exec-7] tor$SharedEntityManagerInvocationHandler : Creating new EntityManager for shared EntityManager invocation
?[0m?[0;34m2023-03-31 16:06:16.502 DEBUG 29781 --- [nio-8080-exec-7] o.s.s.a.dao.DaoAuthenticationProvider    : Authenticated user
?[0m?[0;34m2023-03-31 16:06:16.502 DEBUG 29781 --- [nio-8080-exec-7] o.s.s.w.a.www.BasicAuthenticationFilter  : Set SecurityContextHolder to UsernamePasswordAuthenticationToken [Principal=recipes.UserDetailsImpl@34d772b3, Credentials=[PROTECTED], Authenticated=true, Details=WebAuthenticationDetails [RemoteIpAddress=127.0.0.1, SessionId=null], Granted Authorities=[ROLE_USER]]
?[0m?[0;34m2023-03-31 16:06:16.502 DEBUG 29781 --- [nio-8080-exec-7] w.c.HttpSessionSecurityContextRepository : Created HttpSession as SecurityContext is non-default
?[0m?[0;34m2023-03-31 16:06:16.502 DEBUG 29781 --- [nio-8080-exec-7] w.c.HttpSessionSecurityContextRepository : Stored SecurityContextImpl [Authentication=UsernamePasswordAuthenticationToken [Principal=recipes.UserDetailsImpl@34d772b3, Credentials=[PROTECTED], Authenticated=true, Details=WebAuthenticationDetails [RemoteIpAddress=127.0.0.1, SessionId=null], Granted Authorities=[ROLE_USER]]] to HttpSession [org.apache.catalina.session.StandardSessionFacade@50de7d71]
?[0m?[0;34m2023-03-31 16:06:16.502 DEBUG 29781 --- [nio-8080-exec-7] o.s.s.w.a.i.FilterSecurityInterceptor    : Authorized filter invocation [DELETE /api/recipe/2] with attributes [hasRole('ROLE_USER')]
?[0m?[0;34m2023-03-31 16:06:16.502 DEBUG 29781 --- [nio-8080-exec-7] o.s.security.web.FilterChainProxy        : Secured DELETE /api/recipe/2
?[0m?[0;34m2023-03-31 16:06:16.502 DEBUG 29781 --- [nio-8080-exec-7] o.s.web.servlet.DispatcherServlet        : DELETE "/api/recipe/2", parameters={}
?[0m?[0;34m2023-03-31 16:06:16.502 DEBUG 29781 --- [nio-8080-exec-7] s.w.s.m.m.a.RequestMappingHandlerMapping : Mapped to recipes.RecipesController#deleteRecipe(long, UserDetails)
?[0m?[0;34m2023-03-31 16:06:16.502 DEBUG 29781 --- [nio-8080-exec-7] o.j.s.OpenEntityManagerInViewInterceptor : Opening JPA EntityManager in OpenEntityManagerInViewInterceptor
?[0m?[0;34m2023-03-31 16:06:16.505 DEBUG 29781 --- [nio-8080-exec-7] o.s.orm.jpa.JpaTransactionManager        : Found thread-bound EntityManager [SessionImpl(1963106996<open>)] for JPA transaction
?[0m?[0;34m2023-03-31 16:06:16.505 DEBUG 29781 --- [nio-8080-exec-7] o.s.orm.jpa.JpaTransactionManager        : Creating new transaction with name [org.springframework.data.jpa.repository.support.SimpleJpaRepository.findById]: PROPAGATION_REQUIRED,ISOLATION_DEFAULT,readOnly
?[0m?[0;34m2023-03-31 16:06:16.505 DEBUG 29781 --- [nio-8080-exec-7] o.s.jdbc.datasource.DataSourceUtils      : Setting JDBC Connection [HikariProxyConnection@910340129 wrapping conn20: url=jdbc:h2:file:../recipes_db user=SA] read-only
?[0m?[0;34m2023-03-31 16:06:16.505 DEBUG 29781 --- [nio-8080-exec-7] o.s.orm.jpa.JpaTransactionManager        : Exposing JPA transaction as JDBC [org.springframework.orm.jpa.vendor.HibernateJpaDialect$HibernateConnectionHandle@4d98e897]
?[0m?[0;34m2023-03-31 16:06:16.506 DEBUG 29781 --- [nio-8080-exec-7] o.s.orm.jpa.JpaTransactionManager        : Initiating transaction commit
?[0m?[0;34m2023-03-31 16:06:16.506 DEBUG 29781 --- [nio-8080-exec-7] o.s.orm.jpa.JpaTransactionManager        : Committing JPA transaction on EntityManager [SessionImpl(1963106996<open>)]
?[0m?[0;34m2023-03-31 16:06:16.506 DEBUG 29781 --- [nio-8080-exec-7] o.s.jdbc.datasource.DataSourceUtils      : Resetting read-only flag of JDBC Connection [HikariProxyConnection@910340129 wrapping conn20: url=jdbc:h2:file:../recipes_db user=SA]
?[0m?[0;34m2023-03-31 16:06:16.506 DEBUG 29781 --- [nio-8080-exec-7] o.s.orm.jpa.JpaTransactionManager        : Not closing pre-bound JPA EntityManager after transaction
?[0m?[0;34m2023-03-31 16:06:16.506 DEBUG 29781 --- [nio-8080-exec-7] o.s.orm.jpa.JpaTransactionManager        : Found thread-bound EntityManager [SessionImpl(1963106996<open>)] for JPA transaction
?[0m?[0;34m2023-03-31 16:06:16.506 DEBUG 29781 --- [nio-8080-exec-7] o.s.orm.jpa.JpaTransactionManager        : Creating new transaction with name [org.springframework.data.jpa.repository.support.SimpleJpaRepository.findById]: PROPAGATION_REQUIRED,ISOLATION_DEFAULT,readOnly
?[0m?[0;34m2023-03-31 16:06:16.506 DEBUG 29781 --- [nio-8080-exec-7] o.s.jdbc.datasource.DataSourceUtils      : Setting JDBC Connection [HikariProxyConnection@910340129 wrapping conn20: url=jdbc:h2:file:../recipes_db user=SA] read-only
?[0m?[0;34m2023-03-31 16:06:16.506 DEBUG 29781 --- [nio-8080-exec-7] o.s.orm.jpa.JpaTransactionManager        : Exposing JPA transaction as JDBC [org.springframework.orm.jpa.vendor.HibernateJpaDialect$HibernateConnectionHandle@264ab0cd]
?[0m?[0;34m2023-03-31 16:06:16.506 DEBUG 29781 --- [nio-8080-exec-7] o.s.orm.jpa.JpaTransactionManager        : Initiating transaction commit
?[0m?[0;34m2023-03-31 16:06:16.506 DEBUG 29781 --- [nio-8080-exec-7] o.s.orm.jpa.JpaTransactionManager        : Committing JPA transaction on EntityManager [SessionImpl(1963106996<open>)]
?[0m?[0;34m2023-03-31 16:06:16.506 DEBUG 29781 --- [nio-8080-exec-7] o.s.jdbc.datasource.DataSourceUtils      : Resetting read-only flag of JDBC Connection [HikariProxyConnection@910340129 wrapping conn20: url=jdbc:h2:file:../recipes_db user=SA]
?[0m?[0;34m2023-03-31 16:06:16.506 DEBUG 29781 --- [nio-8080-exec-7] o.s.orm.jpa.JpaTransactionManager        : Not closing pre-bound JPA EntityManager after transaction
?[0m?[0;34m2023-03-31 16:06:16.506 DEBUG 29781 --- [nio-8080-exec-7] w.c.HttpSessionSecurityContextRepository : Stored SecurityContextImpl [Authentication=UsernamePasswordAuthenticationToken [Principal=recipes.UserDetailsImpl@34d772b3, Credentials=[PROTECTED], Authenticated=true, Details=WebAuthenticationDetails [RemoteIpAddress=127.0.0.1, SessionId=null], Granted Authorities=[ROLE_USER]]] to HttpSession [org.apache.catalina.session.StandardSessionFacade@50de7d71]
?[0m?[0;34m2023-03-31 16:06:16.506 DEBUG 29781 --- [nio-8080-exec-7] .w.s.m.a.ResponseStatusExceptionResolver : Resolved [org.springframework.web.server.ResponseStatusException: 403 FORBIDDEN]
?[0m?[0;34m2023-03-31 16:06:16.506 DEBUG 29781 --- [nio-8080-exec-7] o.j.s.OpenEntityManagerInViewInterceptor : Closing JPA EntityManager in OpenEntityManagerInViewInterceptor
?[0m?[0;34m2023-03-31 16:06:16.506 DEBUG 29781 --- [nio-8080-exec-7] o.s.web.servlet.DispatcherServlet        : Completed 403 FORBIDDEN
?[0m?[0;34m2023-03-31 16:06:16.506 DEBUG 29781 --- [nio-8080-exec-7] w.c.HttpSessionSecurityContextRepository : Stored SecurityContextImpl [Authentication=UsernamePasswordAuthenticationToken [Principal=recipes.UserDetailsImpl@34d772b3, Credentials=[PROTECTED], Authenticated=true, Details=WebAuthenticationDetails [RemoteIpAddress=127.0.0.1, SessionId=null], Granted Authorities=[ROLE_USER]]] to HttpSession [org.apache.catalina.session.StandardSessionFacade@50de7d71]
?[0m?[0;34m2023-03-31 16:06:16.506 DEBUG 29781 --- [nio-8080-exec-7] s.s.w.c.SecurityContextPersistenceFilter : Cleared SecurityContextHolder to complete request
?[0m?[0;34m2023-03-31 16:06:16.507 DEBUG 29781 --- [nio-8080-exec-7] o.s.security.web.FilterChainProxy        : Securing DELETE /error
?[0m?[0;34m2023-03-31 16:06:16.507 DEBUG 29781 --- [nio-8080-exec-7] w.c.HttpSessionSecurityContextRepository : Retrieved SecurityContextImpl [Authentication=UsernamePasswordAuthenticationToken [Principal=recipes.UserDetailsImpl@34d772b3, Credentials=[PROTECTED], Authenticated=true, Details=WebAuthenticationDetails [RemoteIpAddress=127.0.0.1, SessionId=null], Granted Authorities=[ROLE_USER]]]
?[0m?[0;34m2023-03-31 16:06:16.507 DEBUG 29781 --- [nio-8080-exec-7] s.s.w.c.SecurityContextPersistenceFilter : Set SecurityContextHolder to SecurityContextImpl [Authentication=UsernamePasswordAuthenticationToken [Principal=recipes.UserDetailsImpl@34d772b3, Credentials=[PROTECTED], Authenticated=true, Details=WebAuthenticationDetails [RemoteIpAddress=127.0.0.1, SessionId=null], Granted Authorities=[ROLE_USER]]]
?[0m?[0;34m2023-03-31 16:06:16.507 DEBUG 29781 --- [nio-8080-exec-7] o.s.security.web.FilterChainProxy        : Secured DELETE /error
?[0m?[0;34m2023-03-31 16:06:16.507 DEBUG 29781 --- [nio-8080-exec-7] o.s.web.servlet.DispatcherServlet        : "ERROR" dispatch for DELETE "/error", parameters={}
?[0m?[0;34m2023-03-31 16:06:16.507 DEBUG 29781 --- [nio-8080-exec-7] s.w.s.m.m.a.RequestMappingHandlerMapping : Mapped to org.springframework.boot.autoconfigure.web.servlet.error.BasicErrorController#error(HttpServletRequest)
?[0m?[0;34m2023-03-31 16:06:16.507 DEBUG 29781 --- [nio-8080-exec-7] o.j.s.OpenEntityManagerInViewInterceptor : Opening JPA EntityManager in OpenEntityManagerInViewInterceptor
?[0m?[0;34m2023-03-31 16:06:16.508 DEBUG 29781 --- [nio-8080-exec-7] o.s.w.s.m.m.a.HttpEntityMethodProcessor  : Using 'application/json', given [*/*] and supported [application/json, application/*+json, application/json, application/*+json]
?[0m?[0;34m2023-03-31 16:06:16.508 DEBUG 29781 --- [nio-8080-exec-7] o.s.w.s.m.m.a.HttpEntityMethodProcessor  : Writing [{timestamp=Fri Mar 31 16:06:16 EEST 2023, status=403, error=Forbidden, path=/api/recipe/2}]
?[0m?[0;34m2023-03-31 16:06:16.509 DEBUG 29781 --- [nio-8080-exec-7] o.j.s.OpenEntityManagerInViewInterceptor : Closing JPA EntityManager in OpenEntityManagerInViewInterceptor
?[0m?[0;34m2023-03-31 16:06:16.509 DEBUG 29781 --- [nio-8080-exec-7] o.s.web.servlet.DispatcherServlet        : Exiting from "ERROR" dispatch, status 403
?[0m?[0;34m2023-03-31 16:06:16.509 DEBUG 29781 --- [nio-8080-exec-7] s.s.w.c.SecurityContextPersistenceFilter : Cleared SecurityContextHolder to complete request
?[1;31m
Start test 69?[0m
?[0;34m2023-03-31 16:06:16.512 DEBUG 29781 --- [nio-8080-exec-8] o.s.security.web.FilterChainProxy        : Securing PUT /api/recipe/2
?[0m?[0;34m2023-03-31 16:06:16.512 DEBUG 29781 --- [nio-8080-exec-8] s.s.w.c.SecurityContextPersistenceFilter : Set SecurityContextHolder to empty SecurityContext
?[0m?[0;34m2023-03-31 16:06:16.512 DEBUG 29781 --- [nio-8080-exec-8] tor$SharedEntityManagerInvocationHandler : Creating new EntityManager for shared EntityManager invocation
?[0m?[0;34m2023-03-31 16:06:16.593 DEBUG 29781 --- [nio-8080-exec-8] o.s.s.a.dao.DaoAuthenticationProvider    : Authenticated user
?[0m?[0;34m2023-03-31 16:06:16.593 DEBUG 29781 --- [nio-8080-exec-8] o.s.s.w.a.www.BasicAuthenticationFilter  : Set SecurityContextHolder to UsernamePasswordAuthenticationToken [Principal=recipes.UserDetailsImpl@634a4a60, Credentials=[PROTECTED], Authenticated=true, Details=WebAuthenticationDetails [RemoteIpAddress=127.0.0.1, SessionId=null], Granted Authorities=[ROLE_USER]]
?[0m?[0;34m2023-03-31 16:06:16.593 DEBUG 29781 --- [nio-8080-exec-8] w.c.HttpSessionSecurityContextRepository : Created HttpSession as SecurityContext is non-default
?[0m?[0;34m2023-03-31 16:06:16.593 DEBUG 29781 --- [nio-8080-exec-8] w.c.HttpSessionSecurityContextRepository : Stored SecurityContextImpl [Authentication=UsernamePasswordAuthenticationToken [Principal=recipes.UserDetailsImpl@634a4a60, Credentials=[PROTECTED], Authenticated=true, Details=WebAuthenticationDetails [RemoteIpAddress=127.0.0.1, SessionId=null], Granted Authorities=[ROLE_USER]]] to HttpSession [org.apache.catalina.session.StandardSessionFacade@4094c694]
?[0m?[0;34m2023-03-31 16:06:16.593 DEBUG 29781 --- [nio-8080-exec-8] o.s.s.w.a.i.FilterSecurityInterceptor    : Authorized filter invocation [PUT /api/recipe/2] with attributes [hasRole('ROLE_USER')]
?[0m?[0;34m2023-03-31 16:06:16.593 DEBUG 29781 --- [nio-8080-exec-8] o.s.security.web.FilterChainProxy        : Secured PUT /api/recipe/2
?[0m?[0;34m2023-03-31 16:06:16.593 DEBUG 29781 --- [nio-8080-exec-8] o.s.web.servlet.DispatcherServlet        : PUT "/api/recipe/2", parameters={}
?[0m?[0;34m2023-03-31 16:06:16.594 DEBUG 29781 --- [nio-8080-exec-8] s.w.s.m.m.a.RequestMappingHandlerMapping : Mapped to recipes.RecipesController#updateRecipe(long, Recipe, UserDetails)
?[0m?[0;34m2023-03-31 16:06:16.594 DEBUG 29781 --- [nio-8080-exec-8] o.j.s.OpenEntityManagerInViewInterceptor : Opening JPA EntityManager in OpenEntityManagerInViewInterceptor
?[0m?[0;34m2023-03-31 16:06:16.594 DEBUG 29781 --- [nio-8080-exec-8] m.m.a.RequestResponseBodyMethodProcessor : Read "application/json;charset=UTF-8" to [Recipe(id=0, name=ice-cream, category=Dessert, date=null, description=-, ingredients=[--, ---, -], d (truncated)...]
?[0m?[0;34m2023-03-31 16:06:16.595 DEBUG 29781 --- [nio-8080-exec-8] o.s.orm.jpa.JpaTransactionManager        : Found thread-bound EntityManager [SessionImpl(971034626<open>)] for JPA transaction
?[0m?[0;34m2023-03-31 16:06:16.595 DEBUG 29781 --- [nio-8080-exec-8] o.s.orm.jpa.JpaTransactionManager        : Creating new transaction with name [org.springframework.data.jpa.repository.support.SimpleJpaRepository.findById]: PROPAGATION_REQUIRED,ISOLATION_DEFAULT,readOnly
?[0m?[0;34m2023-03-31 16:06:16.595 DEBUG 29781 --- [nio-8080-exec-8] o.s.jdbc.datasource.DataSourceUtils      : Setting JDBC Connection [HikariProxyConnection@1541795270 wrapping conn20: url=jdbc:h2:file:../recipes_db user=SA] read-only
?[0m?[0;34m2023-03-31 16:06:16.595 DEBUG 29781 --- [nio-8080-exec-8] o.s.orm.jpa.JpaTransactionManager        : Exposing JPA transaction as JDBC [org.springframework.orm.jpa.vendor.HibernateJpaDialect$HibernateConnectionHandle@49ea9973]
?[0m?[0;34m2023-03-31 16:06:16.595 DEBUG 29781 --- [nio-8080-exec-8] o.s.orm.jpa.JpaTransactionManager        : Initiating transaction commit
?[0m?[0;34m2023-03-31 16:06:16.595 DEBUG 29781 --- [nio-8080-exec-8] o.s.orm.jpa.JpaTransactionManager        : Committing JPA transaction on EntityManager [SessionImpl(971034626<open>)]
?[0m?[0;34m2023-03-31 16:06:16.595 DEBUG 29781 --- [nio-8080-exec-8] o.s.jdbc.datasource.DataSourceUtils      : Resetting read-only flag of JDBC Connection [HikariProxyConnection@1541795270 wrapping conn20: url=jdbc:h2:file:../recipes_db user=SA]
?[0m?[0;34m2023-03-31 16:06:16.595 DEBUG 29781 --- [nio-8080-exec-8] o.s.orm.jpa.JpaTransactionManager        : Not closing pre-bound JPA EntityManager after transaction
?[0m?[0;34m2023-03-31 16:06:16.595 DEBUG 29781 --- [nio-8080-exec-8] o.s.orm.jpa.JpaTransactionManager        : Found thread-bound EntityManager [SessionImpl(971034626<open>)] for JPA transaction
?[0m?[0;34m2023-03-31 16:06:16.595 DEBUG 29781 --- [nio-8080-exec-8] o.s.orm.jpa.JpaTransactionManager        : Creating new transaction with name [org.springframework.data.jpa.repository.support.SimpleJpaRepository.findById]: PROPAGATION_REQUIRED,ISOLATION_DEFAULT,readOnly
?[0m?[0;34m2023-03-31 16:06:16.595 DEBUG 29781 --- [nio-8080-exec-8] o.s.jdbc.datasource.DataSourceUtils      : Setting JDBC Connection [HikariProxyConnection@1541795270 wrapping conn20: url=jdbc:h2:file:../recipes_db user=SA] read-only
?[0m?[0;34m2023-03-31 16:06:16.595 DEBUG 29781 --- [nio-8080-exec-8] o.s.orm.jpa.JpaTransactionManager        : Exposing JPA transaction as JDBC [org.springframework.orm.jpa.vendor.HibernateJpaDialect$HibernateConnectionHandle@1a029530]
?[0m?[0;34m2023-03-31 16:06:16.595 DEBUG 29781 --- [nio-8080-exec-8] o.s.orm.jpa.JpaTransactionManager        : Initiating transaction commit
?[0m?[0;34m2023-03-31 16:06:16.595 DEBUG 29781 --- [nio-8080-exec-8] o.s.orm.jpa.JpaTransactionManager        : Committing JPA transaction on EntityManager [SessionImpl(971034626<open>)]
?[0m?[0;34m2023-03-31 16:06:16.595 DEBUG 29781 --- [nio-8080-exec-8] o.s.jdbc.datasource.DataSourceUtils      : Resetting read-only flag of JDBC Connection [HikariProxyConnection@1541795270 wrapping conn20: url=jdbc:h2:file:../recipes_db user=SA]
?[0m?[0;34m2023-03-31 16:06:16.595 DEBUG 29781 --- [nio-8080-exec-8] o.s.orm.jpa.JpaTransactionManager        : Not closing pre-bound JPA EntityManager after transaction
?[0m?[0;34m2023-03-31 16:06:16.596 DEBUG 29781 --- [nio-8080-exec-8] w.c.HttpSessionSecurityContextRepository : Stored SecurityContextImpl [Authentication=UsernamePasswordAuthenticationToken [Principal=recipes.UserDetailsImpl@634a4a60, Credentials=[PROTECTED], Authenticated=true, Details=WebAuthenticationDetails [RemoteIpAddress=127.0.0.1, SessionId=null], Granted Authorities=[ROLE_USER]]] to HttpSession [org.apache.catalina.session.StandardSessionFacade@4094c694]
?[0m?[0;34m2023-03-31 16:06:16.596 DEBUG 29781 --- [nio-8080-exec-8] .w.s.m.a.ResponseStatusExceptionResolver : Resolved [org.springframework.web.server.ResponseStatusException: 403 FORBIDDEN]
?[0m?[0;34m2023-03-31 16:06:16.596 DEBUG 29781 --- [nio-8080-exec-8] o.j.s.OpenEntityManagerInViewInterceptor : Closing JPA EntityManager in OpenEntityManagerInViewInterceptor
?[0m?[0;34m2023-03-31 16:06:16.596 DEBUG 29781 --- [nio-8080-exec-8] o.s.web.servlet.DispatcherServlet        : Completed 403 FORBIDDEN
?[0m?[0;34m2023-03-31 16:06:16.596 DEBUG 29781 --- [nio-8080-exec-8] w.c.HttpSessionSecurityContextRepository : Stored SecurityContextImpl [Authentication=UsernamePasswordAuthenticationToken [Principal=recipes.UserDetailsImpl@634a4a60, Credentials=[PROTECTED], Authenticated=true, Details=WebAuthenticationDetails [RemoteIpAddress=127.0.0.1, SessionId=null], Granted Authorities=[ROLE_USER]]] to HttpSession [org.apache.catalina.session.StandardSessionFacade@4094c694]
?[0m?[0;34m2023-03-31 16:06:16.596 DEBUG 29781 --- [nio-8080-exec-8] s.s.w.c.SecurityContextPersistenceFilter : Cleared SecurityContextHolder to complete request
?[0m?[0;34m2023-03-31 16:06:16.596 DEBUG 29781 --- [nio-8080-exec-8] o.s.security.web.FilterChainProxy        : Securing PUT /error
?[0m?[0;34m2023-03-31 16:06:16.596 DEBUG 29781 --- [nio-8080-exec-8] w.c.HttpSessionSecurityContextRepository : Retrieved SecurityContextImpl [Authentication=UsernamePasswordAuthenticationToken [Principal=recipes.UserDetailsImpl@634a4a60, Credentials=[PROTECTED], Authenticated=true, Details=WebAuthenticationDetails [RemoteIpAddress=127.0.0.1, SessionId=null], Granted Authorities=[ROLE_USER]]]
?[0m?[0;34m2023-03-31 16:06:16.596 DEBUG 29781 --- [nio-8080-exec-8] s.s.w.c.SecurityContextPersistenceFilter : Set SecurityContextHolder to SecurityContextImpl [Authentication=UsernamePasswordAuthenticationToken [Principal=recipes.UserDetailsImpl@634a4a60, Credentials=[PROTECTED], Authenticated=true, Details=WebAuthenticationDetails [RemoteIpAddress=127.0.0.1, SessionId=null], Granted Authorities=[ROLE_USER]]]
?[0m?[0;34m2023-03-31 16:06:16.596 DEBUG 29781 --- [nio-8080-exec-8] o.s.security.web.FilterChainProxy        : Secured PUT /error
?[0m?[0;34m2023-03-31 16:06:16.596 DEBUG 29781 --- [nio-8080-exec-8] o.s.web.servlet.DispatcherServlet        : "ERROR" dispatch for PUT "/error", parameters={}
?[0m?[0;34m2023-03-31 16:06:16.596 DEBUG 29781 --- [nio-8080-exec-8] s.w.s.m.m.a.RequestMappingHandlerMapping : Mapped to org.springframework.boot.autoconfigure.web.servlet.error.BasicErrorController#error(HttpServletRequest)
?[0m?[0;34m2023-03-31 16:06:16.596 DEBUG 29781 --- [nio-8080-exec-8] o.j.s.OpenEntityManagerInViewInterceptor : Opening JPA EntityManager in OpenEntityManagerInViewInterceptor
?[0m?[0;34m2023-03-31 16:06:16.597 DEBUG 29781 --- [nio-8080-exec-8] o.s.w.s.m.m.a.HttpEntityMethodProcessor  : Using 'application/json', given [*/*] and supported [application/json, application/*+json, application/json, application/*+json]
?[0m?[0;34m2023-03-31 16:06:16.597 DEBUG 29781 --- [nio-8080-exec-8] o.s.w.s.m.m.a.HttpEntityMethodProcessor  : Writing [{timestamp=Fri Mar 31 16:06:16 EEST 2023, status=403, error=Forbidden, path=/api/recipe/2}]
?[0m?[0;34m2023-03-31 16:06:16.597 DEBUG 29781 --- [nio-8080-exec-8] o.j.s.OpenEntityManagerInViewInterceptor : Closing JPA EntityManager in OpenEntityManagerInViewInterceptor
?[0m?[0;34m2023-03-31 16:06:16.597 DEBUG 29781 --- [nio-8080-exec-8] o.s.web.servlet.DispatcherServlet        : Exiting from "ERROR" dispatch, status 403
?[0m?[0;34m2023-03-31 16:06:16.597 DEBUG 29781 --- [nio-8080-exec-8] s.s.w.c.SecurityContextPersistenceFilter : Cleared SecurityContextHolder to complete request
?[1;31m
Start test 70?[0m
?[0;34m2023-03-31 16:06:16.600 DEBUG 29781 --- [nio-8080-exec-9] o.s.security.web.FilterChainProxy        : Securing POST /api/recipe/new
?[0m?[0;34m2023-03-31 16:06:16.600 DEBUG 29781 --- [nio-8080-exec-9] s.s.w.c.SecurityContextPersistenceFilter : Set SecurityContextHolder to empty SecurityContext
?[0m?[0;34m2023-03-31 16:06:16.600 DEBUG 29781 --- [nio-8080-exec-9] tor$SharedEntityManagerInvocationHandler : Creating new EntityManager for shared EntityManager invocation
?[0m?[0;34m2023-03-31 16:06:16.682 DEBUG 29781 --- [nio-8080-exec-9] o.s.s.a.dao.DaoAuthenticationProvider    : Failed to find user 'abc@test.com'
?[0m?[0;34m2023-03-31 16:06:16.685 DEBUG 29781 --- [nio-8080-exec-9] o.s.s.w.a.www.BasicAuthenticationFilter  : Failed to process authentication request
?[0m?[0;34m
?[0m?[0;34morg.springframework.security.authentication.BadCredentialsException: Bad credentials
?[0m?[0;34m	at org.springframework.security.authentication.dao.AbstractUserDetailsAuthenticationProvider.authenticate(AbstractUserDetailsAuthenticationProvider.java:141) ~[spring-security-core-5.5.3.jar:5.5.3]
?[0m?[0;34m	at org.springframework.security.authentication.ProviderManager.authenticate(ProviderManager.java:182) ~[spring-security-core-5.5.3.jar:5.5.3]
?[0m?[0;34m	at org.springframework.security.authentication.ProviderManager.authenticate(ProviderManager.java:201) ~[spring-security-core-5.5.3.jar:5.5.3]
?[0m?[0;34m	at org.springframework.security.web.authentication.www.BasicAuthenticationFilter.doFilterInternal(BasicAuthenticationFilter.java:155) ~[spring-security-web-5.5.3.jar:5.5.3]
?[0m?[0;34m	at org.springframework.web.filter.OncePerRequestFilter.doFilter(OncePerRequestFilter.java:119) ~[spring-web-5.3.12.jar:5.3.12]
?[0m?[0;34m	at org.springframework.security.web.FilterChainProxy$VirtualFilterChain.doFilter(FilterChainProxy.java:336) ~[spring-security-web-5.5.3.jar:5.5.3]
?[0m?[0;34m	at org.springframework.security.web.authentication.logout.LogoutFilter.doFilter(LogoutFilter.java:103) ~[spring-security-web-5.5.3.jar:5.5.3]
?[0m?[0;34m	at org.springframework.security.web.authentication.logout.LogoutFilter.doFilter(LogoutFilter.java:89) ~[spring-security-web-5.5.3.jar:5.5.3]
?[0m?[0;34m	at org.springframework.security.web.FilterChainProxy$VirtualFilterChain.doFilter(FilterChainProxy.java:336) ~[spring-security-web-5.5.3.jar:5.5.3]
?[0m?[0;34m	at org.springframework.security.web.header.HeaderWriterFilter.doHeadersAfter(HeaderWriterFilter.java:90) ~[spring-security-web-5.5.3.jar:5.5.3]
?[0m?[0;34m	at org.springframework.security.web.header.HeaderWriterFilter.doFilterInternal(HeaderWriterFilter.java:75) ~[spring-security-web-5.5.3.jar:5.5.3]
?[0m?[0;34m	at org.springframework.web.filter.OncePerRequestFilter.doFilter(OncePerRequestFilter.java:119) ~[spring-web-5.3.12.jar:5.3.12]
?[0m?[0;34m	at org.springframework.security.web.FilterChainProxy$VirtualFilterChain.doFilter(FilterChainProxy.java:336) ~[spring-security-web-5.5.3.jar:5.5.3]
?[0m?[0;34m	at org.springframework.security.web.context.SecurityContextPersistenceFilter.doFilter(SecurityContextPersistenceFilter.java:110) ~[spring-security-web-5.5.3.jar:5.5.3]
?[0m?[0;34m	at org.springframework.security.web.context.SecurityContextPersistenceFilter.doFilter(SecurityContextPersistenceFilter.java:80) ~[spring-security-web-5.5.3.jar:5.5.3]
?[0m?[0;34m	at org.springframework.security.web.FilterChainProxy$VirtualFilterChain.doFilter(FilterChainProxy.java:336) ~[spring-security-web-5.5.3.jar:5.5.3]
?[0m?[0;34m	at org.springframework.security.web.context.request.async.WebAsyncManagerIntegrationFilter.doFilterInternal(WebAsyncManagerIntegrationFilter.java:55) ~[spring-security-web-5.5.3.jar:5.5.3]
?[0m?[0;34m	at org.springframework.web.filter.OncePerRequestFilter.doFilter(OncePerRequestFilter.java:119) ~[spring-web-5.3.12.jar:5.3.12]
?[0m?[0;34m	at org.springframework.security.web.FilterChainProxy$VirtualFilterChain.doFilter(FilterChainProxy.java:336) ~[spring-security-web-5.5.3.jar:5.5.3]
?[0m?[0;34m	at org.springframework.security.web.FilterChainProxy.doFilterInternal(FilterChainProxy.java:211) ~[spring-security-web-5.5.3.jar:5.5.3]
?[0m?[0;34m	at org.springframework.security.web.FilterChainProxy.doFilter(FilterChainProxy.java:183) ~[spring-security-web-5.5.3.jar:5.5.3]
?[0m?[0;34m	at org.springframework.web.filter.DelegatingFilterProxy.invokeDelegate(DelegatingFilterProxy.java:358) ~[spring-web-5.3.12.jar:5.3.12]
?[0m?[0;34m	at org.springframework.web.filter.DelegatingFilterProxy.doFilter(DelegatingFilterProxy.java:271) ~[spring-web-5.3.12.jar:5.3.12]
?[0m?[0;34m	at jdk.internal.reflect.GeneratedMethodAccessor58.invoke(Unknown Source) ~[na:na]
?[0m?[0;34m	at java.base/jdk.internal.reflect.DelegatingMethodAccessorImpl.invoke(DelegatingMethodAccessorImpl.java:43) ~[na:na]
?[0m?[0;34m	at java.base/java.lang.reflect.Method.invoke(Method.java:568) ~[na:na]
?[0m?[0;34m	at org.apache.catalina.security.SecurityUtil.lambda$execute$0(SecurityUtil.java:280) ~[tomcat-embed-core-9.0.54.jar:9.0.54]
?[0m?[0;34m	at java.base/java.security.AccessController.doPrivileged(AccessController.java:712) ~[na:na]
?[0m?[0;34m	at java.base/javax.security.auth.Subject.doAsPrivileged(Subject.java:584) ~[na:na]
?[0m?[0;34m	at org.apache.catalina.security.SecurityUtil.execute(SecurityUtil.java:311) ~[tomcat-embed-core-9.0.54.jar:9.0.54]
?[0m?[0;34m	at org.apache.catalina.security.SecurityUtil.doAsPrivilege(SecurityUtil.java:253) ~[tomcat-embed-core-9.0.54.jar:9.0.54]
?[0m?[0;34m	at org.apache.catalina.core.ApplicationFilterChain.internalDoFilter(ApplicationFilterChain.java:187) ~[tomcat-embed-core-9.0.54.jar:9.0.54]
?[0m?[0;34m	at org.apache.catalina.core.ApplicationFilterChain.lambda$doFilter$0(ApplicationFilterChain.java:145) ~[tomcat-embed-core-9.0.54.jar:9.0.54]
?[0m?[0;34m	at java.base/java.security.AccessController.doPrivileged(AccessController.java:569) ~[na:na]
?[0m?[0;34m	at org.apache.catalina.core.ApplicationFilterChain.doFilter(ApplicationFilterChain.java:143) ~[tomcat-embed-core-9.0.54.jar:9.0.54]
?[0m?[0;34m	at org.springframework.web.filter.RequestContextFilter.doFilterInternal(RequestContextFilter.java:100) ~[spring-web-5.3.12.jar:5.3.12]
?[0m?[0;34m	at org.springframework.web.filter.OncePerRequestFilter.doFilter(OncePerRequestFilter.java:119) ~[spring-web-5.3.12.jar:5.3.12]
?[0m?[0;34m	at jdk.internal.reflect.GeneratedMethodAccessor58.invoke(Unknown Source) ~[na:na]
?[0m?[0;34m	at java.base/jdk.internal.reflect.DelegatingMethodAccessorImpl.invoke(DelegatingMethodAccessorImpl.java:43) ~[na:na]
?[0m?[0;34m	at java.base/java.lang.reflect.Method.invoke(Method.java:568) ~[na:na]
?[0m?[0;34m	at org.apache.catalina.security.SecurityUtil.lambda$execute$0(SecurityUtil.java:280) ~[tomcat-embed-core-9.0.54.jar:9.0.54]
?[0m?[0;34m	at java.base/java.security.AccessController.doPrivileged(AccessController.java:712) ~[na:na]
?[0m?[0;34m	at java.base/javax.security.auth.Subject.doAsPrivileged(Subject.java:584) ~[na:na]
?[0m?[0;34m	at org.apache.catalina.security.SecurityUtil.execute(SecurityUtil.java:311) ~[tomcat-embed-core-9.0.54.jar:9.0.54]
?[0m?[0;34m	at org.apache.catalina.security.SecurityUtil.doAsPrivilege(SecurityUtil.java:253) ~[tomcat-embed-core-9.0.54.jar:9.0.54]
?[0m?[0;34m	at org.apache.catalina.core.ApplicationFilterChain.internalDoFilter(ApplicationFilterChain.java:187) ~[tomcat-embed-core-9.0.54.jar:9.0.54]
?[0m?[0;34m	at org.apache.catalina.core.ApplicationFilterChain.lambda$doFilter$0(ApplicationFilterChain.java:145) ~[tomcat-embed-core-9.0.54.jar:9.0.54]
?[0m?[0;34m	at java.base/java.security.AccessController.doPrivileged(AccessController.java:569) ~[na:na]
?[0m?[0;34m	at org.apache.catalina.core.ApplicationFilterChain.doFilter(ApplicationFilterChain.java:143) ~[tomcat-embed-core-9.0.54.jar:9.0.54]
?[0m?[0;34m	at org.springframework.web.filter.FormContentFilter.doFilterInternal(FormContentFilter.java:93) ~[spring-web-5.3.12.jar:5.3.12]
?[0m?[0;34m	at org.springframework.web.filter.OncePerRequestFilter.doFilter(OncePerRequestFilter.java:119) ~[spring-web-5.3.12.jar:5.3.12]
?[0m?[0;34m	at jdk.internal.reflect.GeneratedMethodAccessor58.invoke(Unknown Source) ~[na:na]
?[0m?[0;34m	at java.base/jdk.internal.reflect.DelegatingMethodAccessorImpl.invoke(DelegatingMethodAccessorImpl.java:43) ~[na:na]
?[0m?[0;34m	at java.base/java.lang.reflect.Method.invoke(Method.java:568) ~[na:na]
?[0m?[0;34m	at org.apache.catalina.security.SecurityUtil.lambda$execute$0(SecurityUtil.java:280) ~[tomcat-embed-core-9.0.54.jar:9.0.54]
?[0m?[0;34m	at java.base/java.security.AccessController.doPrivileged(AccessController.java:712) ~[na:na]
?[0m?[0;34m	at java.base/javax.security.auth.Subject.doAsPrivileged(Subject.java:584) ~[na:na]
?[0m?[0;34m	at org.apache.catalina.security.SecurityUtil.execute(SecurityUtil.java:311) ~[tomcat-embed-core-9.0.54.jar:9.0.54]
?[0m?[0;34m	at org.apache.catalina.security.SecurityUtil.doAsPrivilege(SecurityUtil.java:253) ~[tomcat-embed-core-9.0.54.jar:9.0.54]
?[0m?[0;34m	at org.apache.catalina.core.ApplicationFilterChain.internalDoFilter(ApplicationFilterChain.java:187) ~[tomcat-embed-core-9.0.54.jar:9.0.54]
?[0m?[0;34m	at org.apache.catalina.core.ApplicationFilterChain.lambda$doFilter$0(ApplicationFilterChain.java:145) ~[tomcat-embed-core-9.0.54.jar:9.0.54]
?[0m?[0;34m	at java.base/java.security.AccessController.doPrivileged(AccessController.java:569) ~[na:na]
?[0m?[0;34m	at org.apache.catalina.core.ApplicationFilterChain.doFilter(ApplicationFilterChain.java:143) ~[tomcat-embed-core-9.0.54.jar:9.0.54]
?[0m?[0;34m	at org.springframework.boot.actuate.metrics.web.servlet.WebMvcMetricsFilter.doFilterInternal(WebMvcMetricsFilter.java:96) ~[spring-boot-actuator-2.5.6.jar:2.5.6]
?[0m?[0;34m	at org.springframework.web.filter.OncePerRequestFilter.doFilter(OncePerRequestFilter.java:119) ~[spring-web-5.3.12.jar:5.3.12]
?[0m?[0;34m	at jdk.internal.reflect.GeneratedMethodAccessor58.invoke(Unknown Source) ~[na:na]
?[0m?[0;34m	at java.base/jdk.internal.reflect.DelegatingMethodAccessorImpl.invoke(DelegatingMethodAccessorImpl.java:43) ~[na:na]
?[0m?[0;34m	at java.base/java.lang.reflect.Method.invoke(Method.java:568) ~[na:na]
?[0m?[0;34m	at org.apache.catalina.security.SecurityUtil.lambda$execute$0(SecurityUtil.java:280) ~[tomcat-embed-core-9.0.54.jar:9.0.54]
?[0m?[0;34m	at java.base/java.security.AccessController.doPrivileged(AccessController.java:712) ~[na:na]
?[0m?[0;34m	at java.base/javax.security.auth.Subject.doAsPrivileged(Subject.java:584) ~[na:na]
?[0m?[0;34m	at org.apache.catalina.security.SecurityUtil.execute(SecurityUtil.java:311) ~[tomcat-embed-core-9.0.54.jar:9.0.54]
?[0m?[0;34m	at org.apache.catalina.security.SecurityUtil.doAsPrivilege(SecurityUtil.java:253) ~[tomcat-embed-core-9.0.54.jar:9.0.54]
?[0m?[0;34m	at org.apache.catalina.core.ApplicationFilterChain.internalDoFilter(ApplicationFilterChain.java:187) ~[tomcat-embed-core-9.0.54.jar:9.0.54]
?[0m?[0;34m	at org.apache.catalina.core.ApplicationFilterChain.lambda$doFilter$0(ApplicationFilterChain.java:145) ~[tomcat-embed-core-9.0.54.jar:9.0.54]
?[0m?[0;34m	at java.base/java.security.AccessController.doPrivileged(AccessController.java:569) ~[na:na]
?[0m?[0;34m	at org.apache.catalina.core.ApplicationFilterChain.doFilter(ApplicationFilterChain.java:143) ~[tomcat-embed-core-9.0.54.jar:9.0.54]
?[0m?[0;34m	at org.springframework.web.filter.CharacterEncodingFilter.doFilterInternal(CharacterEncodingFilter.java:201) ~[spring-web-5.3.12.jar:5.3.12]
?[0m?[0;34m	at org.springframework.web.filter.OncePerRequestFilter.doFilter(OncePerRequestFilter.java:119) ~[spring-web-5.3.12.jar:5.3.12]
?[0m?[0;34m	at jdk.internal.reflect.GeneratedMethodAccessor58.invoke(Unknown Source) ~[na:na]
?[0m?[0;34m	at java.base/jdk.internal.reflect.DelegatingMethodAccessorImpl.invoke(DelegatingMethodAccessorImpl.java:43) ~[na:na]
?[0m?[0;34m	at java.base/java.lang.reflect.Method.invoke(Method.java:568) ~[na:na]
?[0m?[0;34m	at org.apache.catalina.security.SecurityUtil.lambda$execute$0(SecurityUtil.java:280) ~[tomcat-embed-core-9.0.54.jar:9.0.54]
?[0m?[0;34m	at java.base/java.security.AccessController.doPrivileged(AccessController.java:712) ~[na:na]
?[0m?[0;34m	at java.base/javax.security.auth.Subject.doAsPrivileged(Subject.java:584) ~[na:na]
?[0m?[0;34m	at org.apache.catalina.security.SecurityUtil.execute(SecurityUtil.java:311) ~[tomcat-embed-core-9.0.54.jar:9.0.54]
?[0m?[0;34m	at org.apache.catalina.security.SecurityUtil.doAsPrivilege(SecurityUtil.java:253) ~[tomcat-embed-core-9.0.54.jar:9.0.54]
?[0m?[0;34m	at org.apache.catalina.core.ApplicationFilterChain.internalDoFilter(ApplicationFilterChain.java:187) ~[tomcat-embed-core-9.0.54.jar:9.0.54]
?[0m?[0;34m	at org.apache.catalina.core.ApplicationFilterChain.lambda$doFilter$0(ApplicationFilterChain.java:145) ~[tomcat-embed-core-9.0.54.jar:9.0.54]
?[0m?[0;34m	at java.base/java.security.AccessController.doPrivileged(AccessController.java:569) ~[na:na]
?[0m?[0;34m	at org.apache.catalina.core.ApplicationFilterChain.doFilter(ApplicationFilterChain.java:143) ~[tomcat-embed-core-9.0.54.jar:9.0.54]
?[0m?[0;34m	at org.apache.catalina.core.StandardWrapperValve.invoke(StandardWrapperValve.java:197) ~[tomcat-embed-core-9.0.54.jar:9.0.54]
?[0m?[0;34m	at org.apache.catalina.core.StandardContextValve.invoke(StandardContextValve.java:97) ~[tomcat-embed-core-9.0.54.jar:9.0.54]
?[0m?[0;34m	at org.apache.catalina.authenticator.AuthenticatorBase.invoke(AuthenticatorBase.java:540) ~[tomcat-embed-core-9.0.54.jar:9.0.54]
?[0m?[0;34m	at org.apache.catalina.core.StandardHostValve.invoke(StandardHostValve.java:135) ~[tomcat-embed-core-9.0.54.jar:9.0.54]
?[0m?[0;34m	at org.apache.catalina.valves.ErrorReportValve.invoke(ErrorReportValve.java:92) ~[tomcat-embed-core-9.0.54.jar:9.0.54]
?[0m?[0;34m	at org.apache.catalina.core.StandardEngineValve.invoke(StandardEngineValve.java:78) ~[tomcat-embed-core-9.0.54.jar:9.0.54]
?[0m?[0;34m	at org.apache.catalina.connector.CoyoteAdapter.service(CoyoteAdapter.java:357) ~[tomcat-embed-core-9.0.54.jar:9.0.54]
?[0m?[0;34m	at org.apache.coyote.http11.Http11Processor.service(Http11Processor.java:382) ~[tomcat-embed-core-9.0.54.jar:9.0.54]
?[0m?[0;34m	at org.apache.coyote.AbstractProcessorLight.process(AbstractProcessorLight.java:65) ~[tomcat-embed-core-9.0.54.jar:9.0.54]
?[0m?[0;34m	at org.apache.coyote.AbstractProtocol$ConnectionHandler.process(AbstractProtocol.java:895) ~[tomcat-embed-core-9.0.54.jar:9.0.54]
?[0m?[0;34m	at org.apache.tomcat.util.net.NioEndpoint$SocketProcessor.doRun(NioEndpoint.java:1722) ~[tomcat-embed-core-9.0.54.jar:9.0.54]
?[0m?[0;34m	at org.apache.tomcat.util.net.SocketProcessorBase.run(SocketProcessorBase.java:49) ~[tomcat-embed-core-9.0.54.jar:9.0.54]
?[0m?[0;34m	at org.apache.tomcat.util.threads.ThreadPoolExecutor.runWorker(ThreadPoolExecutor.java:1191) ~[tomcat-embed-core-9.0.54.jar:9.0.54]
?[0m?[0;34m	at org.apache.tomcat.util.threads.ThreadPoolExecutor$Worker.run(ThreadPoolExecutor.java:659) ~[tomcat-embed-core-9.0.54.jar:9.0.54]
?[0m?[0;34m	at org.apache.tomcat.util.threads.TaskThread$WrappingRunnable.run(TaskThread.java:61) ~[tomcat-embed-core-9.0.54.jar:9.0.54]
?[0m?[0;34m	at java.base/java.lang.Thread.run(Thread.java:833) ~[na:na]
?[0m?[0;34m
?[0m?[0;34m2023-03-31 16:06:16.686 DEBUG 29781 --- [nio-8080-exec-9] s.w.a.DelegatingAuthenticationEntryPoint : Trying to match using RequestHeaderRequestMatcher [expectedHeaderName=X-Requested-With, expectedHeaderValue=XMLHttpRequest]
?[0m?[0;34m2023-03-31 16:06:16.686 DEBUG 29781 --- [nio-8080-exec-9] s.w.a.DelegatingAuthenticationEntryPoint : No match found. Using default entry point org.springframework.security.web.authentication.www.BasicAuthenticationEntryPoint@3cbaa550
?[0m?[0;34m2023-03-31 16:06:16.686 DEBUG 29781 --- [nio-8080-exec-9] w.c.HttpSessionSecurityContextRepository : Did not store empty SecurityContext
?[0m?[0;34m2023-03-31 16:06:16.686 DEBUG 29781 --- [nio-8080-exec-9] w.c.HttpSessionSecurityContextRepository : Did not store empty SecurityContext
?[0m?[0;34m2023-03-31 16:06:16.686 DEBUG 29781 --- [nio-8080-exec-9] s.s.w.c.SecurityContextPersistenceFilter : Cleared SecurityContextHolder to complete request
?[0m?[0;34m2023-03-31 16:06:16.686 DEBUG 29781 --- [nio-8080-exec-9] o.s.security.web.FilterChainProxy        : Securing POST /error
?[0m?[0;34m2023-03-31 16:06:16.686 DEBUG 29781 --- [nio-8080-exec-9] s.s.w.c.SecurityContextPersistenceFilter : Set SecurityContextHolder to empty SecurityContext
?[0m?[0;34m2023-03-31 16:06:16.686 DEBUG 29781 --- [nio-8080-exec-9] o.s.s.w.a.AnonymousAuthenticationFilter  : Set SecurityContextHolder to anonymous SecurityContext
?[0m?[0;34m2023-03-31 16:06:16.687 DEBUG 29781 --- [nio-8080-exec-9] s.w.s.m.m.a.RequestMappingHandlerMapping : Mapped to org.springframework.boot.autoconfigure.web.servlet.error.BasicErrorController#error(HttpServletRequest)
?[0m?[0;34m2023-03-31 16:06:16.687 DEBUG 29781 --- [nio-8080-exec-9] s.w.s.m.m.a.RequestMappingHandlerMapping : Mapped to org.springframework.boot.autoconfigure.web.servlet.error.BasicErrorController#error(HttpServletRequest)
?[0m?[0;34m2023-03-31 16:06:16.687 DEBUG 29781 --- [nio-8080-exec-9] o.s.s.w.a.i.FilterSecurityInterceptor    : Failed to authorize filter invocation [POST /error] with attributes [hasRole('ROLE_USER')]
?[0m?[0;34m2023-03-31 16:06:16.689 DEBUG 29781 --- [nio-8080-exec-9] o.s.s.w.s.HttpSessionRequestCache        : Saved request http://localhost:8080/error to session
?[0m?[0;34m2023-03-31 16:06:16.689 DEBUG 29781 --- [nio-8080-exec-9] s.w.a.DelegatingAuthenticationEntryPoint : Trying to match using RequestHeaderRequestMatcher [expectedHeaderName=X-Requested-With, expectedHeaderValue=XMLHttpRequest]
?[0m?[0;34m2023-03-31 16:06:16.689 DEBUG 29781 --- [nio-8080-exec-9] s.w.a.DelegatingAuthenticationEntryPoint : No match found. Using default entry point org.springframework.security.web.authentication.www.BasicAuthenticationEntryPoint@3cbaa550
?[0m?[0;34m2023-03-31 16:06:16.689 DEBUG 29781 --- [nio-8080-exec-9] w.c.HttpSessionSecurityContextRepository : Did not store empty SecurityContext
?[0m?[0;34m2023-03-31 16:06:16.689 DEBUG 29781 --- [nio-8080-exec-9] w.c.HttpSessionSecurityContextRepository : Did not store empty SecurityContext
?[0m?[0;34m2023-03-31 16:06:16.689 DEBUG 29781 --- [nio-8080-exec-9] s.s.w.c.SecurityContextPersistenceFilter : Cleared SecurityContextHolder to complete request
?[1;31m
Start test 71?[0m
?[0;34m2023-03-31 16:06:16.694 DEBUG 29781 --- [io-8080-exec-10] o.s.security.web.FilterChainProxy        : Securing GET /api/recipe/1
?[0m?[0;34m2023-03-31 16:06:16.694 DEBUG 29781 --- [io-8080-exec-10] s.s.w.c.SecurityContextPersistenceFilter : Set SecurityContextHolder to empty SecurityContext
?[0m?[0;34m2023-03-31 16:06:16.694 DEBUG 29781 --- [io-8080-exec-10] tor$SharedEntityManagerInvocationHandler : Creating new EntityManager for shared EntityManager invocation
?[0m?[0;34m2023-03-31 16:06:16.775 DEBUG 29781 --- [io-8080-exec-10] o.s.s.a.dao.DaoAuthenticationProvider    : Failed to find user 'abc@test.com'
?[0m?[0;34m2023-03-31 16:06:16.776 DEBUG 29781 --- [io-8080-exec-10] o.s.s.w.a.www.BasicAuthenticationFilter  : Failed to process authentication request
?[0m?[0;34m
?[0m?[0;34morg.springframework.security.authentication.BadCredentialsException: Bad credentials
?[0m?[0;34m	at org.springframework.security.authentication.dao.AbstractUserDetailsAuthenticationProvider.authenticate(AbstractUserDetailsAuthenticationProvider.java:141) ~[spring-security-core-5.5.3.jar:5.5.3]
?[0m?[0;34m	at org.springframework.security.authentication.ProviderManager.authenticate(ProviderManager.java:182) ~[spring-security-core-5.5.3.jar:5.5.3]
?[0m?[0;34m	at org.springframework.security.authentication.ProviderManager.authenticate(ProviderManager.java:201) ~[spring-security-core-5.5.3.jar:5.5.3]
?[0m?[0;34m	at org.springframework.security.web.authentication.www.BasicAuthenticationFilter.doFilterInternal(BasicAuthenticationFilter.java:155) ~[spring-security-web-5.5.3.jar:5.5.3]
?[0m?[0;34m	at org.springframework.web.filter.OncePerRequestFilter.doFilter(OncePerRequestFilter.java:119) ~[spring-web-5.3.12.jar:5.3.12]
?[0m?[0;34m	at org.springframework.security.web.FilterChainProxy$VirtualFilterChain.doFilter(FilterChainProxy.java:336) ~[spring-security-web-5.5.3.jar:5.5.3]
?[0m?[0;34m	at org.springframework.security.web.authentication.logout.LogoutFilter.doFilter(LogoutFilter.java:103) ~[spring-security-web-5.5.3.jar:5.5.3]
?[0m?[0;34m	at org.springframework.security.web.authentication.logout.LogoutFilter.doFilter(LogoutFilter.java:89) ~[spring-security-web-5.5.3.jar:5.5.3]
?[0m?[0;34m	at org.springframework.security.web.FilterChainProxy$VirtualFilterChain.doFilter(FilterChainProxy.java:336) ~[spring-security-web-5.5.3.jar:5.5.3]
?[0m?[0;34m	at org.springframework.security.web.header.HeaderWriterFilter.doHeadersAfter(HeaderWriterFilter.java:90) ~[spring-security-web-5.5.3.jar:5.5.3]
?[0m?[0;34m	at org.springframework.security.web.header.HeaderWriterFilter.doFilterInternal(HeaderWriterFilter.java:75) ~[spring-security-web-5.5.3.jar:5.5.3]
?[0m?[0;34m	at org.springframework.web.filter.OncePerRequestFilter.doFilter(OncePerRequestFilter.java:119) ~[spring-web-5.3.12.jar:5.3.12]
?[0m?[0;34m	at org.springframework.security.web.FilterChainProxy$VirtualFilterChain.doFilter(FilterChainProxy.java:336) ~[spring-security-web-5.5.3.jar:5.5.3]
?[0m?[0;34m	at org.springframework.security.web.context.SecurityContextPersistenceFilter.doFilter(SecurityContextPersistenceFilter.java:110) ~[spring-security-web-5.5.3.jar:5.5.3]
?[0m?[0;34m	at org.springframework.security.web.context.SecurityContextPersistenceFilter.doFilter(SecurityContextPersistenceFilter.java:80) ~[spring-security-web-5.5.3.jar:5.5.3]
?[0m?[0;34m	at org.springframework.security.web.FilterChainProxy$VirtualFilterChain.doFilter(FilterChainProxy.java:336) ~[spring-security-web-5.5.3.jar:5.5.3]
?[0m?[0;34m	at org.springframework.security.web.context.request.async.WebAsyncManagerIntegrationFilter.doFilterInternal(WebAsyncManagerIntegrationFilter.java:55) ~[spring-security-web-5.5.3.jar:5.5.3]
?[0m?[0;34m	at org.springframework.web.filter.OncePerRequestFilter.doFilter(OncePerRequestFilter.java:119) ~[spring-web-5.3.12.jar:5.3.12]
?[0m?[0;34m	at org.springframework.security.web.FilterChainProxy$VirtualFilterChain.doFilter(FilterChainProxy.java:336) ~[spring-security-web-5.5.3.jar:5.5.3]
?[0m?[0;34m	at org.springframework.security.web.FilterChainProxy.doFilterInternal(FilterChainProxy.java:211) ~[spring-security-web-5.5.3.jar:5.5.3]
?[0m?[0;34m	at org.springframework.security.web.FilterChainProxy.doFilter(FilterChainProxy.java:183) ~[spring-security-web-5.5.3.jar:5.5.3]
?[0m?[0;34m	at org.springframework.web.filter.DelegatingFilterProxy.invokeDelegate(DelegatingFilterProxy.java:358) ~[spring-web-5.3.12.jar:5.3.12]
?[0m?[0;34m	at org.springframework.web.filter.DelegatingFilterProxy.doFilter(DelegatingFilterProxy.java:271) ~[spring-web-5.3.12.jar:5.3.12]
?[0m?[0;34m	at jdk.internal.reflect.GeneratedMethodAccessor58.invoke(Unknown Source) ~[na:na]
?[0m?[0;34m	at java.base/jdk.internal.reflect.DelegatingMethodAccessorImpl.invoke(DelegatingMethodAccessorImpl.java:43) ~[na:na]
?[0m?[0;34m	at java.base/java.lang.reflect.Method.invoke(Method.java:568) ~[na:na]
?[0m?[0;34m	at org.apache.catalina.security.SecurityUtil.lambda$execute$0(SecurityUtil.java:280) ~[tomcat-embed-core-9.0.54.jar:9.0.54]
?[0m?[0;34m	at java.base/java.security.AccessController.doPrivileged(AccessController.java:712) ~[na:na]
?[0m?[0;34m	at java.base/javax.security.auth.Subject.doAsPrivileged(Subject.java:584) ~[na:na]
?[0m?[0;34m	at org.apache.catalina.security.SecurityUtil.execute(SecurityUtil.java:311) ~[tomcat-embed-core-9.0.54.jar:9.0.54]
?[0m?[0;34m	at org.apache.catalina.security.SecurityUtil.doAsPrivilege(SecurityUtil.java:253) ~[tomcat-embed-core-9.0.54.jar:9.0.54]
?[0m?[0;34m	at org.apache.catalina.core.ApplicationFilterChain.internalDoFilter(ApplicationFilterChain.java:187) ~[tomcat-embed-core-9.0.54.jar:9.0.54]
?[0m?[0;34m	at org.apache.catalina.core.ApplicationFilterChain.lambda$doFilter$0(ApplicationFilterChain.java:145) ~[tomcat-embed-core-9.0.54.jar:9.0.54]
?[0m?[0;34m	at java.base/java.security.AccessController.doPrivileged(AccessController.java:569) ~[na:na]
?[0m?[0;34m	at org.apache.catalina.core.ApplicationFilterChain.doFilter(ApplicationFilterChain.java:143) ~[tomcat-embed-core-9.0.54.jar:9.0.54]
?[0m?[0;34m	at org.springframework.web.filter.RequestContextFilter.doFilterInternal(RequestContextFilter.java:100) ~[spring-web-5.3.12.jar:5.3.12]
?[0m?[0;34m	at org.springframework.web.filter.OncePerRequestFilter.doFilter(OncePerRequestFilter.java:119) ~[spring-web-5.3.12.jar:5.3.12]
?[0m?[0;34m	at jdk.internal.reflect.GeneratedMethodAccessor58.invoke(Unknown Source) ~[na:na]
?[0m?[0;34m	at java.base/jdk.internal.reflect.DelegatingMethodAccessorImpl.invoke(DelegatingMethodAccessorImpl.java:43) ~[na:na]
?[0m?[0;34m	at java.base/java.lang.reflect.Method.invoke(Method.java:568) ~[na:na]
?[0m?[0;34m	at org.apache.catalina.security.SecurityUtil.lambda$execute$0(SecurityUtil.java:280) ~[tomcat-embed-core-9.0.54.jar:9.0.54]
?[0m?[0;34m	at java.base/java.security.AccessController.doPrivileged(AccessController.java:712) ~[na:na]
?[0m?[0;34m	at java.base/javax.security.auth.Subject.doAsPrivileged(Subject.java:584) ~[na:na]
?[0m?[0;34m	at org.apache.catalina.security.SecurityUtil.execute(SecurityUtil.java:311) ~[tomcat-embed-core-9.0.54.jar:9.0.54]
?[0m?[0;34m	at org.apache.catalina.security.SecurityUtil.doAsPrivilege(SecurityUtil.java:253) ~[tomcat-embed-core-9.0.54.jar:9.0.54]
?[0m?[0;34m	at org.apache.catalina.core.ApplicationFilterChain.internalDoFilter(ApplicationFilterChain.java:187) ~[tomcat-embed-core-9.0.54.jar:9.0.54]
?[0m?[0;34m	at org.apache.catalina.core.ApplicationFilterChain.lambda$doFilter$0(ApplicationFilterChain.java:145) ~[tomcat-embed-core-9.0.54.jar:9.0.54]
?[0m?[0;34m	at java.base/java.security.AccessController.doPrivileged(AccessController.java:569) ~[na:na]
?[0m?[0;34m	at org.apache.catalina.core.ApplicationFilterChain.doFilter(ApplicationFilterChain.java:143) ~[tomcat-embed-core-9.0.54.jar:9.0.54]
?[0m?[0;34m	at org.springframework.web.filter.FormContentFilter.doFilterInternal(FormContentFilter.java:93) ~[spring-web-5.3.12.jar:5.3.12]
?[0m?[0;34m	at org.springframework.web.filter.OncePerRequestFilter.doFilter(OncePerRequestFilter.java:119) ~[spring-web-5.3.12.jar:5.3.12]
?[0m?[0;34m	at jdk.internal.reflect.GeneratedMethodAccessor58.invoke(Unknown Source) ~[na:na]
?[0m?[0;34m	at java.base/jdk.internal.reflect.DelegatingMethodAccessorImpl.invoke(DelegatingMethodAccessorImpl.java:43) ~[na:na]
?[0m?[0;34m	at java.base/java.lang.reflect.Method.invoke(Method.java:568) ~[na:na]
?[0m?[0;34m	at org.apache.catalina.security.SecurityUtil.lambda$execute$0(SecurityUtil.java:280) ~[tomcat-embed-core-9.0.54.jar:9.0.54]
?[0m?[0;34m	at java.base/java.security.AccessController.doPrivileged(AccessController.java:712) ~[na:na]
?[0m?[0;34m	at java.base/javax.security.auth.Subject.doAsPrivileged(Subject.java:584) ~[na:na]
?[0m?[0;34m	at org.apache.catalina.security.SecurityUtil.execute(SecurityUtil.java:311) ~[tomcat-embed-core-9.0.54.jar:9.0.54]
?[0m?[0;34m	at org.apache.catalina.security.SecurityUtil.doAsPrivilege(SecurityUtil.java:253) ~[tomcat-embed-core-9.0.54.jar:9.0.54]
?[0m?[0;34m	at org.apache.catalina.core.ApplicationFilterChain.internalDoFilter(ApplicationFilterChain.java:187) ~[tomcat-embed-core-9.0.54.jar:9.0.54]
?[0m?[0;34m	at org.apache.catalina.core.ApplicationFilterChain.lambda$doFilter$0(ApplicationFilterChain.java:145) ~[tomcat-embed-core-9.0.54.jar:9.0.54]
?[0m?[0;34m	at java.base/java.security.AccessController.doPrivileged(AccessController.java:569) ~[na:na]
?[0m?[0;34m	at org.apache.catalina.core.ApplicationFilterChain.doFilter(ApplicationFilterChain.java:143) ~[tomcat-embed-core-9.0.54.jar:9.0.54]
?[0m?[0;34m	at org.springframework.boot.actuate.metrics.web.servlet.WebMvcMetricsFilter.doFilterInternal(WebMvcMetricsFilter.java:96) ~[spring-boot-actuator-2.5.6.jar:2.5.6]
?[0m?[0;34m	at org.springframework.web.filter.OncePerRequestFilter.doFilter(OncePerRequestFilter.java:119) ~[spring-web-5.3.12.jar:5.3.12]
?[0m?[0;34m	at jdk.internal.reflect.GeneratedMethodAccessor58.invoke(Unknown Source) ~[na:na]
?[0m?[0;34m	at java.base/jdk.internal.reflect.DelegatingMethodAccessorImpl.invoke(DelegatingMethodAccessorImpl.java:43) ~[na:na]
?[0m?[0;34m	at java.base/java.lang.reflect.Method.invoke(Method.java:568) ~[na:na]
?[0m?[0;34m	at org.apache.catalina.security.SecurityUtil.lambda$execute$0(SecurityUtil.java:280) ~[tomcat-embed-core-9.0.54.jar:9.0.54]
?[0m?[0;34m	at java.base/java.security.AccessController.doPrivileged(AccessController.java:712) ~[na:na]
?[0m?[0;34m	at java.base/javax.security.auth.Subject.doAsPrivileged(Subject.java:584) ~[na:na]
?[0m?[0;34m	at org.apache.catalina.security.SecurityUtil.execute(SecurityUtil.java:311) ~[tomcat-embed-core-9.0.54.jar:9.0.54]
?[0m?[0;34m	at org.apache.catalina.security.SecurityUtil.doAsPrivilege(SecurityUtil.java:253) ~[tomcat-embed-core-9.0.54.jar:9.0.54]
?[0m?[0;34m	at org.apache.catalina.core.ApplicationFilterChain.internalDoFilter(ApplicationFilterChain.java:187) ~[tomcat-embed-core-9.0.54.jar:9.0.54]
?[0m?[0;34m	at org.apache.catalina.core.ApplicationFilterChain.lambda$doFilter$0(ApplicationFilterChain.java:145) ~[tomcat-embed-core-9.0.54.jar:9.0.54]
?[0m?[0;34m	at java.base/java.security.AccessController.doPrivileged(AccessController.java:569) ~[na:na]
?[0m?[0;34m	at org.apache.catalina.core.ApplicationFilterChain.doFilter(ApplicationFilterChain.java:143) ~[tomcat-embed-core-9.0.54.jar:9.0.54]
?[0m?[0;34m	at org.springframework.web.filter.CharacterEncodingFilter.doFilterInternal(CharacterEncodingFilter.java:201) ~[spring-web-5.3.12.jar:5.3.12]
?[0m?[0;34m	at org.springframework.web.filter.OncePerRequestFilter.doFilter(OncePerRequestFilter.java:119) ~[spring-web-5.3.12.jar:5.3.12]
?[0m?[0;34m	at jdk.internal.reflect.GeneratedMethodAccessor58.invoke(Unknown Source) ~[na:na]
?[0m?[0;34m	at java.base/jdk.internal.reflect.DelegatingMethodAccessorImpl.invoke(DelegatingMethodAccessorImpl.java:43) ~[na:na]
?[0m?[0;34m	at java.base/java.lang.reflect.Method.invoke(Method.java:568) ~[na:na]
?[0m?[0;34m	at org.apache.catalina.security.SecurityUtil.lambda$execute$0(SecurityUtil.java:280) ~[tomcat-embed-core-9.0.54.jar:9.0.54]
?[0m?[0;34m	at java.base/java.security.AccessController.doPrivileged(AccessController.java:712) ~[na:na]
?[0m?[0;34m	at java.base/javax.security.auth.Subject.doAsPrivileged(Subject.java:584) ~[na:na]
?[0m?[0;34m	at org.apache.catalina.security.SecurityUtil.execute(SecurityUtil.java:311) ~[tomcat-embed-core-9.0.54.jar:9.0.54]
?[0m?[0;34m	at org.apache.catalina.security.SecurityUtil.doAsPrivilege(SecurityUtil.java:253) ~[tomcat-embed-core-9.0.54.jar:9.0.54]
?[0m?[0;34m	at org.apache.catalina.core.ApplicationFilterChain.internalDoFilter(ApplicationFilterChain.java:187) ~[tomcat-embed-core-9.0.54.jar:9.0.54]
?[0m?[0;34m	at org.apache.catalina.core.ApplicationFilterChain.lambda$doFilter$0(ApplicationFilterChain.java:145) ~[tomcat-embed-core-9.0.54.jar:9.0.54]
?[0m?[0;34m	at java.base/java.security.AccessController.doPrivileged(AccessController.java:569) ~[na:na]
?[0m?[0;34m	at org.apache.catalina.core.ApplicationFilterChain.doFilter(ApplicationFilterChain.java:143) ~[tomcat-embed-core-9.0.54.jar:9.0.54]
?[0m?[0;34m	at org.apache.catalina.core.StandardWrapperValve.invoke(StandardWrapperValve.java:197) ~[tomcat-embed-core-9.0.54.jar:9.0.54]
?[0m?[0;34m	at org.apache.catalina.core.StandardContextValve.invoke(StandardContextValve.java:97) ~[tomcat-embed-core-9.0.54.jar:9.0.54]
?[0m?[0;34m	at org.apache.catalina.authenticator.AuthenticatorBase.invoke(AuthenticatorBase.java:540) ~[tomcat-embed-core-9.0.54.jar:9.0.54]
?[0m?[0;34m	at org.apache.catalina.core.StandardHostValve.invoke(StandardHostValve.java:135) ~[tomcat-embed-core-9.0.54.jar:9.0.54]
?[0m?[0;34m	at org.apache.catalina.valves.ErrorReportValve.invoke(ErrorReportValve.java:92) ~[tomcat-embed-core-9.0.54.jar:9.0.54]
?[0m?[0;34m	at org.apache.catalina.core.StandardEngineValve.invoke(StandardEngineValve.java:78) ~[tomcat-embed-core-9.0.54.jar:9.0.54]
?[0m?[0;34m	at org.apache.catalina.connector.CoyoteAdapter.service(CoyoteAdapter.java:357) ~[tomcat-embed-core-9.0.54.jar:9.0.54]
?[0m?[0;34m	at org.apache.coyote.http11.Http11Processor.service(Http11Processor.java:382) ~[tomcat-embed-core-9.0.54.jar:9.0.54]
?[0m?[0;34m	at org.apache.coyote.AbstractProcessorLight.process(AbstractProcessorLight.java:65) ~[tomcat-embed-core-9.0.54.jar:9.0.54]
?[0m?[0;34m	at org.apache.coyote.AbstractProtocol$ConnectionHandler.process(AbstractProtocol.java:895) ~[tomcat-embed-core-9.0.54.jar:9.0.54]
?[0m?[0;34m	at org.apache.tomcat.util.net.NioEndpoint$SocketProcessor.doRun(NioEndpoint.java:1722) ~[tomcat-embed-core-9.0.54.jar:9.0.54]
?[0m?[0;34m	at org.apache.tomcat.util.net.SocketProcessorBase.run(SocketProcessorBase.java:49) ~[tomcat-embed-core-9.0.54.jar:9.0.54]
?[0m?[0;34m	at org.apache.tomcat.util.threads.ThreadPoolExecutor.runWorker(ThreadPoolExecutor.java:1191) ~[tomcat-embed-core-9.0.54.jar:9.0.54]
?[0m?[0;34m	at org.apache.tomcat.util.threads.ThreadPoolExecutor$Worker.run(ThreadPoolExecutor.java:659) ~[tomcat-embed-core-9.0.54.jar:9.0.54]
?[0m?[0;34m	at org.apache.tomcat.util.threads.TaskThread$WrappingRunnable.run(TaskThread.java:61) ~[tomcat-embed-core-9.0.54.jar:9.0.54]
?[0m?[0;34m	at java.base/java.lang.Thread.run(Thread.java:833) ~[na:na]
?[0m?[0;34m
?[0m?[0;34m2023-03-31 16:06:16.777 DEBUG 29781 --- [io-8080-exec-10] s.w.a.DelegatingAuthenticationEntryPoint : Trying to match using RequestHeaderRequestMatcher [expectedHeaderName=X-Requested-With, expectedHeaderValue=XMLHttpRequest]
?[0m?[0;34m2023-03-31 16:06:16.777 DEBUG 29781 --- [io-8080-exec-10] s.w.a.DelegatingAuthenticationEntryPoint : No match found. Using default entry point org.springframework.security.web.authentication.www.BasicAuthenticationEntryPoint@3cbaa550
?[0m?[0;34m2023-03-31 16:06:16.777 DEBUG 29781 --- [io-8080-exec-10] w.c.HttpSessionSecurityContextRepository : Did not store empty SecurityContext
?[0m?[0;34m2023-03-31 16:06:16.777 DEBUG 29781 --- [io-8080-exec-10] w.c.HttpSessionSecurityContextRepository : Did not store empty SecurityContext
?[0m?[0;34m2023-03-31 16:06:16.777 DEBUG 29781 --- [io-8080-exec-10] s.s.w.c.SecurityContextPersistenceFilter : Cleared SecurityContextHolder to complete request
?[0m?[0;34m2023-03-31 16:06:16.778 DEBUG 29781 --- [io-8080-exec-10] o.s.security.web.FilterChainProxy        : Securing GET /error
?[0m?[0;34m2023-03-31 16:06:16.778 DEBUG 29781 --- [io-8080-exec-10] s.s.w.c.SecurityContextPersistenceFilter : Set SecurityContextHolder to empty SecurityContext
?[0m?[0;34m2023-03-31 16:06:16.778 DEBUG 29781 --- [io-8080-exec-10] o.s.s.w.a.AnonymousAuthenticationFilter  : Set SecurityContextHolder to anonymous SecurityContext
?[0m?[0;34m2023-03-31 16:06:16.778 DEBUG 29781 --- [io-8080-exec-10] o.s.s.w.a.i.FilterSecurityInterceptor    : Failed to authorize filter invocation [GET /error] with attributes [hasRole('ROLE_USER')]
?[0m?[0;34m2023-03-31 16:06:16.778 DEBUG 29781 --- [io-8080-exec-10] o.s.s.w.s.HttpSessionRequestCache        : Saved request http://localhost:8080/error to session
?[0m?[0;34m2023-03-31 16:06:16.778 DEBUG 29781 --- [io-8080-exec-10] s.w.a.DelegatingAuthenticationEntryPoint : Trying to match using RequestHeaderRequestMatcher [expectedHeaderName=X-Requested-With, expectedHeaderValue=XMLHttpRequest]
?[0m?[0;34m2023-03-31 16:06:16.778 DEBUG 29781 --- [io-8080-exec-10] s.w.a.DelegatingAuthenticationEntryPoint : No match found. Using default entry point org.springframework.security.web.authentication.www.BasicAuthenticationEntryPoint@3cbaa550
?[0m?[0;34m2023-03-31 16:06:16.778 DEBUG 29781 --- [io-8080-exec-10] w.c.HttpSessionSecurityContextRepository : Did not store empty SecurityContext
?[0m?[0;34m2023-03-31 16:06:16.778 DEBUG 29781 --- [io-8080-exec-10] w.c.HttpSessionSecurityContextRepository : Did not store empty SecurityContext
?[0m?[0;34m2023-03-31 16:06:16.778 DEBUG 29781 --- [io-8080-exec-10] s.s.w.c.SecurityContextPersistenceFilter : Cleared SecurityContextHolder to complete request
?[1;31m
Start test 72?[0m
?[0m?[0;34m2023-03-31 16:06:16.781 DEBUG 29781 --- [nio-8080-exec-1] o.s.security.web.FilterChainProxy        : Securing PUT /api/recipe/1
?[0m?[0;34m2023-03-31 16:06:16.781 DEBUG 29781 --- [nio-8080-exec-1] s.s.w.c.SecurityContextPersistenceFilter : Set SecurityContextHolder to empty SecurityContext
?[0m?[0;34m2023-03-31 16:06:16.781 DEBUG 29781 --- [nio-8080-exec-1] tor$SharedEntityManagerInvocationHandler : Creating new EntityManager for shared EntityManager invocation
?[0m?[0;34m2023-03-31 16:06:16.863 DEBUG 29781 --- [nio-8080-exec-1] o.s.s.a.dao.DaoAuthenticationProvider    : Failed to find user 'abc@test.com'
?[0m?[0;34m2023-03-31 16:06:16.864 DEBUG 29781 --- [nio-8080-exec-1] o.s.s.w.a.www.BasicAuthenticationFilter  : Failed to process authentication request
?[0m?[0;34m
?[0m?[0;34morg.springframework.security.authentication.BadCredentialsException: Bad credentials
?[0m?[0;34m	at org.springframework.security.authentication.dao.AbstractUserDetailsAuthenticationProvider.authenticate(AbstractUserDetailsAuthenticationProvider.java:141) ~[spring-security-core-5.5.3.jar:5.5.3]
?[0m?[0;34m	at org.springframework.security.authentication.ProviderManager.authenticate(ProviderManager.java:182) ~[spring-security-core-5.5.3.jar:5.5.3]
?[0m?[0;34m	at org.springframework.security.authentication.ProviderManager.authenticate(ProviderManager.java:201) ~[spring-security-core-5.5.3.jar:5.5.3]
?[0m?[0;34m	at org.springframework.security.web.authentication.www.BasicAuthenticationFilter.doFilterInternal(BasicAuthenticationFilter.java:155) ~[spring-security-web-5.5.3.jar:5.5.3]
?[0m?[0;34m	at org.springframework.web.filter.OncePerRequestFilter.doFilter(OncePerRequestFilter.java:119) ~[spring-web-5.3.12.jar:5.3.12]
?[0m?[0;34m	at org.springframework.security.web.FilterChainProxy$VirtualFilterChain.doFilter(FilterChainProxy.java:336) ~[spring-security-web-5.5.3.jar:5.5.3]
?[0m?[0;34m	at org.springframework.security.web.authentication.logout.LogoutFilter.doFilter(LogoutFilter.java:103) ~[spring-security-web-5.5.3.jar:5.5.3]
?[0m?[0;34m	at org.springframework.security.web.authentication.logout.LogoutFilter.doFilter(LogoutFilter.java:89) ~[spring-security-web-5.5.3.jar:5.5.3]
?[0m?[0;34m	at org.springframework.security.web.FilterChainProxy$VirtualFilterChain.doFilter(FilterChainProxy.java:336) ~[spring-security-web-5.5.3.jar:5.5.3]
?[0m?[0;34m	at org.springframework.security.web.header.HeaderWriterFilter.doHeadersAfter(HeaderWriterFilter.java:90) ~[spring-security-web-5.5.3.jar:5.5.3]
?[0m?[0;34m	at org.springframework.security.web.header.HeaderWriterFilter.doFilterInternal(HeaderWriterFilter.java:75) ~[spring-security-web-5.5.3.jar:5.5.3]
?[0m?[0;34m	at org.springframework.web.filter.OncePerRequestFilter.doFilter(OncePerRequestFilter.java:119) ~[spring-web-5.3.12.jar:5.3.12]
?[0m?[0;34m	at org.springframework.security.web.FilterChainProxy$VirtualFilterChain.doFilter(FilterChainProxy.java:336) ~[spring-security-web-5.5.3.jar:5.5.3]
?[0m?[0;34m	at org.springframework.security.web.context.SecurityContextPersistenceFilter.doFilter(SecurityContextPersistenceFilter.java:110) ~[spring-security-web-5.5.3.jar:5.5.3]
?[0m?[0;34m	at org.springframework.security.web.context.SecurityContextPersistenceFilter.doFilter(SecurityContextPersistenceFilter.java:80) ~[spring-security-web-5.5.3.jar:5.5.3]
?[0m?[0;34m	at org.springframework.security.web.FilterChainProxy$VirtualFilterChain.doFilter(FilterChainProxy.java:336) ~[spring-security-web-5.5.3.jar:5.5.3]
?[0m?[0;34m	at org.springframework.security.web.context.request.async.WebAsyncManagerIntegrationFilter.doFilterInternal(WebAsyncManagerIntegrationFilter.java:55) ~[spring-security-web-5.5.3.jar:5.5.3]
?[0m?[0;34m	at org.springframework.web.filter.OncePerRequestFilter.doFilter(OncePerRequestFilter.java:119) ~[spring-web-5.3.12.jar:5.3.12]
?[0m?[0;34m	at org.springframework.security.web.FilterChainProxy$VirtualFilterChain.doFilter(FilterChainProxy.java:336) ~[spring-security-web-5.5.3.jar:5.5.3]
?[0m?[0;34m	at org.springframework.security.web.FilterChainProxy.doFilterInternal(FilterChainProxy.java:211) ~[spring-security-web-5.5.3.jar:5.5.3]
?[0m?[0;34m	at org.springframework.security.web.FilterChainProxy.doFilter(FilterChainProxy.java:183) ~[spring-security-web-5.5.3.jar:5.5.3]
?[0m?[0;34m	at org.springframework.web.filter.DelegatingFilterProxy.invokeDelegate(DelegatingFilterProxy.java:358) ~[spring-web-5.3.12.jar:5.3.12]
?[0m?[0;34m	at org.springframework.web.filter.DelegatingFilterProxy.doFilter(DelegatingFilterProxy.java:271) ~[spring-web-5.3.12.jar:5.3.12]
?[0m?[0;34m	at jdk.internal.reflect.GeneratedMethodAccessor58.invoke(Unknown Source) ~[na:na]
?[0m?[0;34m	at java.base/jdk.internal.reflect.DelegatingMethodAccessorImpl.invoke(DelegatingMethodAccessorImpl.java:43) ~[na:na]
?[0m?[0;34m	at java.base/java.lang.reflect.Method.invoke(Method.java:568) ~[na:na]
?[0m?[0;34m	at org.apache.catalina.security.SecurityUtil.lambda$execute$0(SecurityUtil.java:280) ~[tomcat-embed-core-9.0.54.jar:9.0.54]
?[0m?[0;34m	at java.base/java.security.AccessController.doPrivileged(AccessController.java:712) ~[na:na]
?[0m?[0;34m	at java.base/javax.security.auth.Subject.doAsPrivileged(Subject.java:584) ~[na:na]
?[0m?[0;34m	at org.apache.catalina.security.SecurityUtil.execute(SecurityUtil.java:311) ~[tomcat-embed-core-9.0.54.jar:9.0.54]
?[0m?[0;34m	at org.apache.catalina.security.SecurityUtil.doAsPrivilege(SecurityUtil.java:253) ~[tomcat-embed-core-9.0.54.jar:9.0.54]
?[0m?[0;34m	at org.apache.catalina.core.ApplicationFilterChain.internalDoFilter(ApplicationFilterChain.java:187) ~[tomcat-embed-core-9.0.54.jar:9.0.54]
?[0m?[0;34m	at org.apache.catalina.core.ApplicationFilterChain.lambda$doFilter$0(ApplicationFilterChain.java:145) ~[tomcat-embed-core-9.0.54.jar:9.0.54]
?[0m?[0;34m	at java.base/java.security.AccessController.doPrivileged(AccessController.java:569) ~[na:na]
?[0m?[0;34m	at org.apache.catalina.core.ApplicationFilterChain.doFilter(ApplicationFilterChain.java:143) ~[tomcat-embed-core-9.0.54.jar:9.0.54]
?[0m?[0;34m	at org.springframework.web.filter.RequestContextFilter.doFilterInternal(RequestContextFilter.java:100) ~[spring-web-5.3.12.jar:5.3.12]
?[0m?[0;34m	at org.springframework.web.filter.OncePerRequestFilter.doFilter(OncePerRequestFilter.java:119) ~[spring-web-5.3.12.jar:5.3.12]
?[0m?[0;34m	at jdk.internal.reflect.GeneratedMethodAccessor58.invoke(Unknown Source) ~[na:na]
?[0m?[0;34m	at java.base/jdk.internal.reflect.DelegatingMethodAccessorImpl.invoke(DelegatingMethodAccessorImpl.java:43) ~[na:na]
?[0m?[0;34m	at java.base/java.lang.reflect.Method.invoke(Method.java:568) ~[na:na]
?[0m?[0;34m	at org.apache.catalina.security.SecurityUtil.lambda$execute$0(SecurityUtil.java:280) ~[tomcat-embed-core-9.0.54.jar:9.0.54]
?[0m?[0;34m	at java.base/java.security.AccessController.doPrivileged(AccessController.java:712) ~[na:na]
?[0m?[0;34m	at java.base/javax.security.auth.Subject.doAsPrivileged(Subject.java:584) ~[na:na]
?[0m?[0;34m	at org.apache.catalina.security.SecurityUtil.execute(SecurityUtil.java:311) ~[tomcat-embed-core-9.0.54.jar:9.0.54]
?[0m?[0;34m	at org.apache.catalina.security.SecurityUtil.doAsPrivilege(SecurityUtil.java:253) ~[tomcat-embed-core-9.0.54.jar:9.0.54]
?[0m?[0;34m	at org.apache.catalina.core.ApplicationFilterChain.internalDoFilter(ApplicationFilterChain.java:187) ~[tomcat-embed-core-9.0.54.jar:9.0.54]
?[0m?[0;34m	at org.apache.catalina.core.ApplicationFilterChain.lambda$doFilter$0(ApplicationFilterChain.java:145) ~[tomcat-embed-core-9.0.54.jar:9.0.54]
?[0m?[0;34m	at java.base/java.security.AccessController.doPrivileged(AccessController.java:569) ~[na:na]
?[0m?[0;34m	at org.apache.catalina.core.ApplicationFilterChain.doFilter(ApplicationFilterChain.java:143) ~[tomcat-embed-core-9.0.54.jar:9.0.54]
?[0m?[0;34m	at org.springframework.web.filter.FormContentFilter.doFilterInternal(FormContentFilter.java:93) ~[spring-web-5.3.12.jar:5.3.12]
?[0m?[0;34m	at org.springframework.web.filter.OncePerRequestFilter.doFilter(OncePerRequestFilter.java:119) ~[spring-web-5.3.12.jar:5.3.12]
?[0m?[0;34m	at jdk.internal.reflect.GeneratedMethodAccessor58.invoke(Unknown Source) ~[na:na]
?[0m?[0;34m	at java.base/jdk.internal.reflect.DelegatingMethodAccessorImpl.invoke(DelegatingMethodAccessorImpl.java:43) ~[na:na]
?[0m?[0;34m	at java.base/java.lang.reflect.Method.invoke(Method.java:568) ~[na:na]
?[0m?[0;34m	at org.apache.catalina.security.SecurityUtil.lambda$execute$0(SecurityUtil.java:280) ~[tomcat-embed-core-9.0.54.jar:9.0.54]
?[0m?[0;34m	at java.base/java.security.AccessController.doPrivileged(AccessController.java:712) ~[na:na]
?[0m?[0;34m	at java.base/javax.security.auth.Subject.doAsPrivileged(Subject.java:584) ~[na:na]
?[0m?[0;34m	at org.apache.catalina.security.SecurityUtil.execute(SecurityUtil.java:311) ~[tomcat-embed-core-9.0.54.jar:9.0.54]
?[0m?[0;34m	at org.apache.catalina.security.SecurityUtil.doAsPrivilege(SecurityUtil.java:253) ~[tomcat-embed-core-9.0.54.jar:9.0.54]
?[0m?[0;34m	at org.apache.catalina.core.ApplicationFilterChain.internalDoFilter(ApplicationFilterChain.java:187) ~[tomcat-embed-core-9.0.54.jar:9.0.54]
?[0m?[0;34m	at org.apache.catalina.core.ApplicationFilterChain.lambda$doFilter$0(ApplicationFilterChain.java:145) ~[tomcat-embed-core-9.0.54.jar:9.0.54]
?[0m?[0;34m	at java.base/java.security.AccessController.doPrivileged(AccessController.java:569) ~[na:na]
?[0m?[0;34m	at org.apache.catalina.core.ApplicationFilterChain.doFilter(ApplicationFilterChain.java:143) ~[tomcat-embed-core-9.0.54.jar:9.0.54]
?[0m?[0;34m	at org.springframework.boot.actuate.metrics.web.servlet.WebMvcMetricsFilter.doFilterInternal(WebMvcMetricsFilter.java:96) ~[spring-boot-actuator-2.5.6.jar:2.5.6]
?[0m?[0;34m	at org.springframework.web.filter.OncePerRequestFilter.doFilter(OncePerRequestFilter.java:119) ~[spring-web-5.3.12.jar:5.3.12]
?[0m?[0;34m	at jdk.internal.reflect.GeneratedMethodAccessor58.invoke(Unknown Source) ~[na:na]
?[0m?[0;34m	at java.base/jdk.internal.reflect.DelegatingMethodAccessorImpl.invoke(DelegatingMethodAccessorImpl.java:43) ~[na:na]
?[0m?[0;34m	at java.base/java.lang.reflect.Method.invoke(Method.java:568) ~[na:na]
?[0m?[0;34m	at org.apache.catalina.security.SecurityUtil.lambda$execute$0(SecurityUtil.java:280) ~[tomcat-embed-core-9.0.54.jar:9.0.54]
?[0m?[0;34m	at java.base/java.security.AccessController.doPrivileged(AccessController.java:712) ~[na:na]
?[0m?[0;34m	at java.base/javax.security.auth.Subject.doAsPrivileged(Subject.java:584) ~[na:na]
?[0m?[0;34m	at org.apache.catalina.security.SecurityUtil.execute(SecurityUtil.java:311) ~[tomcat-embed-core-9.0.54.jar:9.0.54]
?[0m?[0;34m	at org.apache.catalina.security.SecurityUtil.doAsPrivilege(SecurityUtil.java:253) ~[tomcat-embed-core-9.0.54.jar:9.0.54]
?[0m?[0;34m	at org.apache.catalina.core.ApplicationFilterChain.internalDoFilter(ApplicationFilterChain.java:187) ~[tomcat-embed-core-9.0.54.jar:9.0.54]
?[0m?[0;34m	at org.apache.catalina.core.ApplicationFilterChain.lambda$doFilter$0(ApplicationFilterChain.java:145) ~[tomcat-embed-core-9.0.54.jar:9.0.54]
?[0m?[0;34m	at java.base/java.security.AccessController.doPrivileged(AccessController.java:569) ~[na:na]
?[0m?[0;34m	at org.apache.catalina.core.ApplicationFilterChain.doFilter(ApplicationFilterChain.java:143) ~[tomcat-embed-core-9.0.54.jar:9.0.54]
?[0m?[0;34m	at org.springframework.web.filter.CharacterEncodingFilter.doFilterInternal(CharacterEncodingFilter.java:201) ~[spring-web-5.3.12.jar:5.3.12]
?[0m?[0;34m	at org.springframework.web.filter.OncePerRequestFilter.doFilter(OncePerRequestFilter.java:119) ~[spring-web-5.3.12.jar:5.3.12]
?[0m?[0;34m	at jdk.internal.reflect.GeneratedMethodAccessor58.invoke(Unknown Source) ~[na:na]
?[0m?[0;34m	at java.base/jdk.internal.reflect.DelegatingMethodAccessorImpl.invoke(DelegatingMethodAccessorImpl.java:43) ~[na:na]
?[0m?[0;34m	at java.base/java.lang.reflect.Method.invoke(Method.java:568) ~[na:na]
?[0m?[0;34m	at org.apache.catalina.security.SecurityUtil.lambda$execute$0(SecurityUtil.java:280) ~[tomcat-embed-core-9.0.54.jar:9.0.54]
?[0m?[0;34m	at java.base/java.security.AccessController.doPrivileged(AccessController.java:712) ~[na:na]
?[0m?[0;34m	at java.base/javax.security.auth.Subject.doAsPrivileged(Subject.java:584) ~[na:na]
?[0m?[0;34m	at org.apache.catalina.security.SecurityUtil.execute(SecurityUtil.java:311) ~[tomcat-embed-core-9.0.54.jar:9.0.54]
?[0m?[0;34m	at org.apache.catalina.security.SecurityUtil.doAsPrivilege(SecurityUtil.java:253) ~[tomcat-embed-core-9.0.54.jar:9.0.54]
?[0m?[0;34m	at org.apache.catalina.core.ApplicationFilterChain.internalDoFilter(ApplicationFilterChain.java:187) ~[tomcat-embed-core-9.0.54.jar:9.0.54]
?[0m?[0;34m	at org.apache.catalina.core.ApplicationFilterChain.lambda$doFilter$0(ApplicationFilterChain.java:145) ~[tomcat-embed-core-9.0.54.jar:9.0.54]
?[0m?[0;34m	at java.base/java.security.AccessController.doPrivileged(AccessController.java:569) ~[na:na]
?[0m?[0;34m	at org.apache.catalina.core.ApplicationFilterChain.doFilter(ApplicationFilterChain.java:143) ~[tomcat-embed-core-9.0.54.jar:9.0.54]
?[0m?[0;34m	at org.apache.catalina.core.StandardWrapperValve.invoke(StandardWrapperValve.java:197) ~[tomcat-embed-core-9.0.54.jar:9.0.54]
?[0m?[0;34m	at org.apache.catalina.core.StandardContextValve.invoke(StandardContextValve.java:97) ~[tomcat-embed-core-9.0.54.jar:9.0.54]
?[0m?[0;34m	at org.apache.catalina.authenticator.AuthenticatorBase.invoke(AuthenticatorBase.java:540) ~[tomcat-embed-core-9.0.54.jar:9.0.54]
?[0m?[0;34m	at org.apache.catalina.core.StandardHostValve.invoke(StandardHostValve.java:135) ~[tomcat-embed-core-9.0.54.jar:9.0.54]
?[0m?[0;34m	at org.apache.catalina.valves.ErrorReportValve.invoke(ErrorReportValve.java:92) ~[tomcat-embed-core-9.0.54.jar:9.0.54]
?[0m?[0;34m	at org.apache.catalina.core.StandardEngineValve.invoke(StandardEngineValve.java:78) ~[tomcat-embed-core-9.0.54.jar:9.0.54]
?[0m?[0;34m	at org.apache.catalina.connector.CoyoteAdapter.service(CoyoteAdapter.java:357) ~[tomcat-embed-core-9.0.54.jar:9.0.54]
?[0m?[0;34m	at org.apache.coyote.http11.Http11Processor.service(Http11Processor.java:382) ~[tomcat-embed-core-9.0.54.jar:9.0.54]
?[0m?[0;34m	at org.apache.coyote.AbstractProcessorLight.process(AbstractProcessorLight.java:65) ~[tomcat-embed-core-9.0.54.jar:9.0.54]
?[0m?[0;34m	at org.apache.coyote.AbstractProtocol$ConnectionHandler.process(AbstractProtocol.java:895) ~[tomcat-embed-core-9.0.54.jar:9.0.54]
?[0m?[0;34m	at org.apache.tomcat.util.net.NioEndpoint$SocketProcessor.doRun(NioEndpoint.java:1722) ~[tomcat-embed-core-9.0.54.jar:9.0.54]
?[0m?[0;34m	at org.apache.tomcat.util.net.SocketProcessorBase.run(SocketProcessorBase.java:49) ~[tomcat-embed-core-9.0.54.jar:9.0.54]
?[0m?[0;34m	at org.apache.tomcat.util.threads.ThreadPoolExecutor.runWorker(ThreadPoolExecutor.java:1191) ~[tomcat-embed-core-9.0.54.jar:9.0.54]
?[0m?[0;34m	at org.apache.tomcat.util.threads.ThreadPoolExecutor$Worker.run(ThreadPoolExecutor.java:659) ~[tomcat-embed-core-9.0.54.jar:9.0.54]
?[0m?[0;34m	at org.apache.tomcat.util.threads.TaskThread$WrappingRunnable.run(TaskThread.java:61) ~[tomcat-embed-core-9.0.54.jar:9.0.54]
?[0m?[0;34m	at java.base/java.lang.Thread.run(Thread.java:833) ~[na:na]
?[0m?[0;34m
?[0m?[0;34m2023-03-31 16:06:16.865 DEBUG 29781 --- [nio-8080-exec-1] s.w.a.DelegatingAuthenticationEntryPoint : Trying to match using RequestHeaderRequestMatcher [expectedHeaderName=X-Requested-With, expectedHeaderValue=XMLHttpRequest]
?[0m?[0;34m2023-03-31 16:06:16.865 DEBUG 29781 --- [nio-8080-exec-1] s.w.a.DelegatingAuthenticationEntryPoint : No match found. Using default entry point org.springframework.security.web.authentication.www.BasicAuthenticationEntryPoint@3cbaa550
?[0m?[0;34m2023-03-31 16:06:16.865 DEBUG 29781 --- [nio-8080-exec-1] w.c.HttpSessionSecurityContextRepository : Did not store empty SecurityContext
?[0m?[0;34m2023-03-31 16:06:16.865 DEBUG 29781 --- [nio-8080-exec-1] w.c.HttpSessionSecurityContextRepository : Did not store empty SecurityContext
?[0m?[0;34m2023-03-31 16:06:16.865 DEBUG 29781 --- [nio-8080-exec-1] s.s.w.c.SecurityContextPersistenceFilter : Cleared SecurityContextHolder to complete request
?[0m?[0;34m2023-03-31 16:06:16.865 DEBUG 29781 --- [nio-8080-exec-1] o.s.security.web.FilterChainProxy        : Securing PUT /error
?[0m?[0;34m2023-03-31 16:06:16.865 DEBUG 29781 --- [nio-8080-exec-1] s.s.w.c.SecurityContextPersistenceFilter : Set SecurityContextHolder to empty SecurityContext
?[0m?[0;34m2023-03-31 16:06:16.865 DEBUG 29781 --- [nio-8080-exec-1] o.s.s.w.a.AnonymousAuthenticationFilter  : Set SecurityContextHolder to anonymous SecurityContext
?[0m?[0;34m2023-03-31 16:06:16.865 DEBUG 29781 --- [nio-8080-exec-1] o.s.s.w.a.i.FilterSecurityInterceptor    : Failed to authorize filter invocation [PUT /error] with attributes [hasRole('ROLE_USER')]
?[0m?[0;34m2023-03-31 16:06:16.866 DEBUG 29781 --- [nio-8080-exec-1] o.s.s.w.s.HttpSessionRequestCache        : Saved request http://localhost:8080/error to session
?[0m?[0;34m2023-03-31 16:06:16.866 DEBUG 29781 --- [nio-8080-exec-1] s.w.a.DelegatingAuthenticationEntryPoint : Trying to match using RequestHeaderRequestMatcher [expectedHeaderName=X-Requested-With, expectedHeaderValue=XMLHttpRequest]
?[0m?[0;34m2023-03-31 16:06:16.866 DEBUG 29781 --- [nio-8080-exec-1] s.w.a.DelegatingAuthenticationEntryPoint : No match found. Using default entry point org.springframework.security.web.authentication.www.BasicAuthenticationEntryPoint@3cbaa550
?[0m?[0;34m2023-03-31 16:06:16.866 DEBUG 29781 --- [nio-8080-exec-1] w.c.HttpSessionSecurityContextRepository : Did not store empty SecurityContext
?[0m?[0;34m2023-03-31 16:06:16.866 DEBUG 29781 --- [nio-8080-exec-1] w.c.HttpSessionSecurityContextRepository : Did not store empty SecurityContext
?[0m?[0;34m2023-03-31 16:06:16.866 DEBUG 29781 --- [nio-8080-exec-1] s.s.w.c.SecurityContextPersistenceFilter : Cleared SecurityContextHolder to complete request
?[1;31m
Start test 73?[0m
?[0m?[0;34m2023-03-31 16:06:16.869 DEBUG 29781 --- [nio-8080-exec-2] o.s.security.web.FilterChainProxy        : Securing DELETE /api/recipe/1
?[0m?[0;34m2023-03-31 16:06:16.869 DEBUG 29781 --- [nio-8080-exec-2] s.s.w.c.SecurityContextPersistenceFilter : Set SecurityContextHolder to empty SecurityContext
?[0m?[0;34m2023-03-31 16:06:16.869 DEBUG 29781 --- [nio-8080-exec-2] tor$SharedEntityManagerInvocationHandler : Creating new EntityManager for shared EntityManager invocation
?[0m?[0;34m2023-03-31 16:06:16.951 DEBUG 29781 --- [nio-8080-exec-2] o.s.s.a.dao.DaoAuthenticationProvider    : Failed to find user 'abc@test.com'
?[0m?[0;34m2023-03-31 16:06:16.951 DEBUG 29781 --- [nio-8080-exec-2] o.s.s.w.a.www.BasicAuthenticationFilter  : Failed to process authentication request
?[0m?[0;34m
?[0m?[0;34morg.springframework.security.authentication.BadCredentialsException: Bad credentials
?[0m?[0;34m	at org.springframework.security.authentication.dao.AbstractUserDetailsAuthenticationProvider.authenticate(AbstractUserDetailsAuthenticationProvider.java:141) ~[spring-security-core-5.5.3.jar:5.5.3]
?[0m?[0;34m	at org.springframework.security.authentication.ProviderManager.authenticate(ProviderManager.java:182) ~[spring-security-core-5.5.3.jar:5.5.3]
?[0m?[0;34m	at org.springframework.security.authentication.ProviderManager.authenticate(ProviderManager.java:201) ~[spring-security-core-5.5.3.jar:5.5.3]
?[0m?[0;34m	at org.springframework.security.web.authentication.www.BasicAuthenticationFilter.doFilterInternal(BasicAuthenticationFilter.java:155) ~[spring-security-web-5.5.3.jar:5.5.3]
?[0m?[0;34m	at org.springframework.web.filter.OncePerRequestFilter.doFilter(OncePerRequestFilter.java:119) ~[spring-web-5.3.12.jar:5.3.12]
?[0m?[0;34m	at org.springframework.security.web.FilterChainProxy$VirtualFilterChain.doFilter(FilterChainProxy.java:336) ~[spring-security-web-5.5.3.jar:5.5.3]
?[0m?[0;34m	at org.springframework.security.web.authentication.logout.LogoutFilter.doFilter(LogoutFilter.java:103) ~[spring-security-web-5.5.3.jar:5.5.3]
?[0m?[0;34m	at org.springframework.security.web.authentication.logout.LogoutFilter.doFilter(LogoutFilter.java:89) ~[spring-security-web-5.5.3.jar:5.5.3]
?[0m?[0;34m	at org.springframework.security.web.FilterChainProxy$VirtualFilterChain.doFilter(FilterChainProxy.java:336) ~[spring-security-web-5.5.3.jar:5.5.3]
?[0m?[0;34m	at org.springframework.security.web.header.HeaderWriterFilter.doHeadersAfter(HeaderWriterFilter.java:90) ~[spring-security-web-5.5.3.jar:5.5.3]
?[0m?[0;34m	at org.springframework.security.web.header.HeaderWriterFilter.doFilterInternal(HeaderWriterFilter.java:75) ~[spring-security-web-5.5.3.jar:5.5.3]
?[0m?[0;34m	at org.springframework.web.filter.OncePerRequestFilter.doFilter(OncePerRequestFilter.java:119) ~[spring-web-5.3.12.jar:5.3.12]
?[0m?[0;34m	at org.springframework.security.web.FilterChainProxy$VirtualFilterChain.doFilter(FilterChainProxy.java:336) ~[spring-security-web-5.5.3.jar:5.5.3]
?[0m?[0;34m	at org.springframework.security.web.context.SecurityContextPersistenceFilter.doFilter(SecurityContextPersistenceFilter.java:110) ~[spring-security-web-5.5.3.jar:5.5.3]
?[0m?[0;34m	at org.springframework.security.web.context.SecurityContextPersistenceFilter.doFilter(SecurityContextPersistenceFilter.java:80) ~[spring-security-web-5.5.3.jar:5.5.3]
?[0m?[0;34m	at org.springframework.security.web.FilterChainProxy$VirtualFilterChain.doFilter(FilterChainProxy.java:336) ~[spring-security-web-5.5.3.jar:5.5.3]
?[0m?[0;34m	at org.springframework.security.web.context.request.async.WebAsyncManagerIntegrationFilter.doFilterInternal(WebAsyncManagerIntegrationFilter.java:55) ~[spring-security-web-5.5.3.jar:5.5.3]
?[0m?[0;34m	at org.springframework.web.filter.OncePerRequestFilter.doFilter(OncePerRequestFilter.java:119) ~[spring-web-5.3.12.jar:5.3.12]
?[0m?[0;34m	at org.springframework.security.web.FilterChainProxy$VirtualFilterChain.doFilter(FilterChainProxy.java:336) ~[spring-security-web-5.5.3.jar:5.5.3]
?[0m?[0;34m	at org.springframework.security.web.FilterChainProxy.doFilterInternal(FilterChainProxy.java:211) ~[spring-security-web-5.5.3.jar:5.5.3]
?[0m?[0;34m	at org.springframework.security.web.FilterChainProxy.doFilter(FilterChainProxy.java:183) ~[spring-security-web-5.5.3.jar:5.5.3]
?[0m?[0;34m	at org.springframework.web.filter.DelegatingFilterProxy.invokeDelegate(DelegatingFilterProxy.java:358) ~[spring-web-5.3.12.jar:5.3.12]
?[0m?[0;34m	at org.springframework.web.filter.DelegatingFilterProxy.doFilter(DelegatingFilterProxy.java:271) ~[spring-web-5.3.12.jar:5.3.12]
?[0m?[0;34m	at jdk.internal.reflect.GeneratedMethodAccessor58.invoke(Unknown Source) ~[na:na]
?[0m?[0;34m	at java.base/jdk.internal.reflect.DelegatingMethodAccessorImpl.invoke(DelegatingMethodAccessorImpl.java:43) ~[na:na]
?[0m?[0;34m	at java.base/java.lang.reflect.Method.invoke(Method.java:568) ~[na:na]
?[0m?[0;34m	at org.apache.catalina.security.SecurityUtil.lambda$execute$0(SecurityUtil.java:280) ~[tomcat-embed-core-9.0.54.jar:9.0.54]
?[0m?[0;34m	at java.base/java.security.AccessController.doPrivileged(AccessController.java:712) ~[na:na]
?[0m?[0;34m	at java.base/javax.security.auth.Subject.doAsPrivileged(Subject.java:584) ~[na:na]
?[0m?[0;34m	at org.apache.catalina.security.SecurityUtil.execute(SecurityUtil.java:311) ~[tomcat-embed-core-9.0.54.jar:9.0.54]
?[0m?[0;34m	at org.apache.catalina.security.SecurityUtil.doAsPrivilege(SecurityUtil.java:253) ~[tomcat-embed-core-9.0.54.jar:9.0.54]
?[0m?[0;34m	at org.apache.catalina.core.ApplicationFilterChain.internalDoFilter(ApplicationFilterChain.java:187) ~[tomcat-embed-core-9.0.54.jar:9.0.54]
?[0m?[0;34m	at org.apache.catalina.core.ApplicationFilterChain.lambda$doFilter$0(ApplicationFilterChain.java:145) ~[tomcat-embed-core-9.0.54.jar:9.0.54]
?[0m?[0;34m	at java.base/java.security.AccessController.doPrivileged(AccessController.java:569) ~[na:na]
?[0m?[0;34m	at org.apache.catalina.core.ApplicationFilterChain.doFilter(ApplicationFilterChain.java:143) ~[tomcat-embed-core-9.0.54.jar:9.0.54]
?[0m?[0;34m	at org.springframework.web.filter.RequestContextFilter.doFilterInternal(RequestContextFilter.java:100) ~[spring-web-5.3.12.jar:5.3.12]
?[0m?[0;34m	at org.springframework.web.filter.OncePerRequestFilter.doFilter(OncePerRequestFilter.java:119) ~[spring-web-5.3.12.jar:5.3.12]
?[0m?[0;34m	at jdk.internal.reflect.GeneratedMethodAccessor58.invoke(Unknown Source) ~[na:na]
?[0m?[0;34m	at java.base/jdk.internal.reflect.DelegatingMethodAccessorImpl.invoke(DelegatingMethodAccessorImpl.java:43) ~[na:na]
?[0m?[0;34m	at java.base/java.lang.reflect.Method.invoke(Method.java:568) ~[na:na]
?[0m?[0;34m	at org.apache.catalina.security.SecurityUtil.lambda$execute$0(SecurityUtil.java:280) ~[tomcat-embed-core-9.0.54.jar:9.0.54]
?[0m?[0;34m	at java.base/java.security.AccessController.doPrivileged(AccessController.java:712) ~[na:na]
?[0m?[0;34m	at java.base/javax.security.auth.Subject.doAsPrivileged(Subject.java:584) ~[na:na]
?[0m?[0;34m	at org.apache.catalina.security.SecurityUtil.execute(SecurityUtil.java:311) ~[tomcat-embed-core-9.0.54.jar:9.0.54]
?[0m?[0;34m	at org.apache.catalina.security.SecurityUtil.doAsPrivilege(SecurityUtil.java:253) ~[tomcat-embed-core-9.0.54.jar:9.0.54]
?[0m?[0;34m	at org.apache.catalina.core.ApplicationFilterChain.internalDoFilter(ApplicationFilterChain.java:187) ~[tomcat-embed-core-9.0.54.jar:9.0.54]
?[0m?[0;34m	at org.apache.catalina.core.ApplicationFilterChain.lambda$doFilter$0(ApplicationFilterChain.java:145) ~[tomcat-embed-core-9.0.54.jar:9.0.54]
?[0m?[0;34m	at java.base/java.security.AccessController.doPrivileged(AccessController.java:569) ~[na:na]
?[0m?[0;34m	at org.apache.catalina.core.ApplicationFilterChain.doFilter(ApplicationFilterChain.java:143) ~[tomcat-embed-core-9.0.54.jar:9.0.54]
?[0m?[0;34m	at org.springframework.web.filter.FormContentFilter.doFilterInternal(FormContentFilter.java:93) ~[spring-web-5.3.12.jar:5.3.12]
?[0m?[0;34m	at org.springframework.web.filter.OncePerRequestFilter.doFilter(OncePerRequestFilter.java:119) ~[spring-web-5.3.12.jar:5.3.12]
?[0m?[0;34m	at jdk.internal.reflect.GeneratedMethodAccessor58.invoke(Unknown Source) ~[na:na]
?[0m?[0;34m	at java.base/jdk.internal.reflect.DelegatingMethodAccessorImpl.invoke(DelegatingMethodAccessorImpl.java:43) ~[na:na]
?[0m?[0;34m	at java.base/java.lang.reflect.Method.invoke(Method.java:568) ~[na:na]
?[0m?[0;34m	at org.apache.catalina.security.SecurityUtil.lambda$execute$0(SecurityUtil.java:280) ~[tomcat-embed-core-9.0.54.jar:9.0.54]
?[0m?[0;34m	at java.base/java.security.AccessController.doPrivileged(AccessController.java:712) ~[na:na]
?[0m?[0;34m	at java.base/javax.security.auth.Subject.doAsPrivileged(Subject.java:584) ~[na:na]
?[0m?[0;34m	at org.apache.catalina.security.SecurityUtil.execute(SecurityUtil.java:311) ~[tomcat-embed-core-9.0.54.jar:9.0.54]
?[0m?[0;34m	at org.apache.catalina.security.SecurityUtil.doAsPrivilege(SecurityUtil.java:253) ~[tomcat-embed-core-9.0.54.jar:9.0.54]
?[0m?[0;34m	at org.apache.catalina.core.ApplicationFilterChain.internalDoFilter(ApplicationFilterChain.java:187) ~[tomcat-embed-core-9.0.54.jar:9.0.54]
?[0m?[0;34m	at org.apache.catalina.core.ApplicationFilterChain.lambda$doFilter$0(ApplicationFilterChain.java:145) ~[tomcat-embed-core-9.0.54.jar:9.0.54]
?[0m?[0;34m	at java.base/java.security.AccessController.doPrivileged(AccessController.java:569) ~[na:na]
?[0m?[0;34m	at org.apache.catalina.core.ApplicationFilterChain.doFilter(ApplicationFilterChain.java:143) ~[tomcat-embed-core-9.0.54.jar:9.0.54]
?[0m?[0;34m	at org.springframework.boot.actuate.metrics.web.servlet.WebMvcMetricsFilter.doFilterInternal(WebMvcMetricsFilter.java:96) ~[spring-boot-actuator-2.5.6.jar:2.5.6]
?[0m?[0;34m	at org.springframework.web.filter.OncePerRequestFilter.doFilter(OncePerRequestFilter.java:119) ~[spring-web-5.3.12.jar:5.3.12]
?[0m?[0;34m	at jdk.internal.reflect.GeneratedMethodAccessor58.invoke(Unknown Source) ~[na:na]
?[0m?[0;34m	at java.base/jdk.internal.reflect.DelegatingMethodAccessorImpl.invoke(DelegatingMethodAccessorImpl.java:43) ~[na:na]
?[0m?[0;34m	at java.base/java.lang.reflect.Method.invoke(Method.java:568) ~[na:na]
?[0m?[0;34m	at org.apache.catalina.security.SecurityUtil.lambda$execute$0(SecurityUtil.java:280) ~[tomcat-embed-core-9.0.54.jar:9.0.54]
?[0m?[0;34m	at java.base/java.security.AccessController.doPrivileged(AccessController.java:712) ~[na:na]
?[0m?[0;34m	at java.base/javax.security.auth.Subject.doAsPrivileged(Subject.java:584) ~[na:na]
?[0m?[0;34m	at org.apache.catalina.security.SecurityUtil.execute(SecurityUtil.java:311) ~[tomcat-embed-core-9.0.54.jar:9.0.54]
?[0m?[0;34m	at org.apache.catalina.security.SecurityUtil.doAsPrivilege(SecurityUtil.java:253) ~[tomcat-embed-core-9.0.54.jar:9.0.54]
?[0m?[0;34m	at org.apache.catalina.core.ApplicationFilterChain.internalDoFilter(ApplicationFilterChain.java:187) ~[tomcat-embed-core-9.0.54.jar:9.0.54]
?[0m?[0;34m	at org.apache.catalina.core.ApplicationFilterChain.lambda$doFilter$0(ApplicationFilterChain.java:145) ~[tomcat-embed-core-9.0.54.jar:9.0.54]
?[0m?[0;34m	at java.base/java.security.AccessController.doPrivileged(AccessController.java:569) ~[na:na]
?[0m?[0;34m	at org.apache.catalina.core.ApplicationFilterChain.doFilter(ApplicationFilterChain.java:143) ~[tomcat-embed-core-9.0.54.jar:9.0.54]
?[0m?[0;34m	at org.springframework.web.filter.CharacterEncodingFilter.doFilterInternal(CharacterEncodingFilter.java:201) ~[spring-web-5.3.12.jar:5.3.12]
?[0m?[0;34m	at org.springframework.web.filter.OncePerRequestFilter.doFilter(OncePerRequestFilter.java:119) ~[spring-web-5.3.12.jar:5.3.12]
?[0m?[0;34m	at jdk.internal.reflect.GeneratedMethodAccessor58.invoke(Unknown Source) ~[na:na]
?[0m?[0;34m	at java.base/jdk.internal.reflect.DelegatingMethodAccessorImpl.invoke(DelegatingMethodAccessorImpl.java:43) ~[na:na]
?[0m?[0;34m	at java.base/java.lang.reflect.Method.invoke(Method.java:568) ~[na:na]
?[0m?[0;34m	at org.apache.catalina.security.SecurityUtil.lambda$execute$0(SecurityUtil.java:280) ~[tomcat-embed-core-9.0.54.jar:9.0.54]
?[0m?[0;34m	at java.base/java.security.AccessController.doPrivileged(AccessController.java:712) ~[na:na]
?[0m?[0;34m	at java.base/javax.security.auth.Subject.doAsPrivileged(Subject.java:584) ~[na:na]
?[0m?[0;34m	at org.apache.catalina.security.SecurityUtil.execute(SecurityUtil.java:311) ~[tomcat-embed-core-9.0.54.jar:9.0.54]
?[0m?[0;34m	at org.apache.catalina.security.SecurityUtil.doAsPrivilege(SecurityUtil.java:253) ~[tomcat-embed-core-9.0.54.jar:9.0.54]
?[0m?[0;34m	at org.apache.catalina.core.ApplicationFilterChain.internalDoFilter(ApplicationFilterChain.java:187) ~[tomcat-embed-core-9.0.54.jar:9.0.54]
?[0m?[0;34m	at org.apache.catalina.core.ApplicationFilterChain.lambda$doFilter$0(ApplicationFilterChain.java:145) ~[tomcat-embed-core-9.0.54.jar:9.0.54]
?[0m?[0;34m	at java.base/java.security.AccessController.doPrivileged(AccessController.java:569) ~[na:na]
?[0m?[0;34m	at org.apache.catalina.core.ApplicationFilterChain.doFilter(ApplicationFilterChain.java:143) ~[tomcat-embed-core-9.0.54.jar:9.0.54]
?[0m?[0;34m	at org.apache.catalina.core.StandardWrapperValve.invoke(StandardWrapperValve.java:197) ~[tomcat-embed-core-9.0.54.jar:9.0.54]
?[0m?[0;34m	at org.apache.catalina.core.StandardContextValve.invoke(StandardContextValve.java:97) ~[tomcat-embed-core-9.0.54.jar:9.0.54]
?[0m?[0;34m	at org.apache.catalina.authenticator.AuthenticatorBase.invoke(AuthenticatorBase.java:540) ~[tomcat-embed-core-9.0.54.jar:9.0.54]
?[0m?[0;34m	at org.apache.catalina.core.StandardHostValve.invoke(StandardHostValve.java:135) ~[tomcat-embed-core-9.0.54.jar:9.0.54]
?[0m?[0;34m	at org.apache.catalina.valves.ErrorReportValve.invoke(ErrorReportValve.java:92) ~[tomcat-embed-core-9.0.54.jar:9.0.54]
?[0m?[0;34m	at org.apache.catalina.core.StandardEngineValve.invoke(StandardEngineValve.java:78) ~[tomcat-embed-core-9.0.54.jar:9.0.54]
?[0m?[0;34m	at org.apache.catalina.connector.CoyoteAdapter.service(CoyoteAdapter.java:357) ~[tomcat-embed-core-9.0.54.jar:9.0.54]
?[0m?[0;34m	at org.apache.coyote.http11.Http11Processor.service(Http11Processor.java:382) ~[tomcat-embed-core-9.0.54.jar:9.0.54]
?[0m?[0;34m	at org.apache.coyote.AbstractProcessorLight.process(AbstractProcessorLight.java:65) ~[tomcat-embed-core-9.0.54.jar:9.0.54]
?[0m?[0;34m	at org.apache.coyote.AbstractProtocol$ConnectionHandler.process(AbstractProtocol.java:895) ~[tomcat-embed-core-9.0.54.jar:9.0.54]
?[0m?[0;34m	at org.apache.tomcat.util.net.NioEndpoint$SocketProcessor.doRun(NioEndpoint.java:1722) ~[tomcat-embed-core-9.0.54.jar:9.0.54]
?[0m?[0;34m	at org.apache.tomcat.util.net.SocketProcessorBase.run(SocketProcessorBase.java:49) ~[tomcat-embed-core-9.0.54.jar:9.0.54]
?[0m?[0;34m	at org.apache.tomcat.util.threads.ThreadPoolExecutor.runWorker(ThreadPoolExecutor.java:1191) ~[tomcat-embed-core-9.0.54.jar:9.0.54]
?[0m?[0;34m	at org.apache.tomcat.util.threads.ThreadPoolExecutor$Worker.run(ThreadPoolExecutor.java:659) ~[tomcat-embed-core-9.0.54.jar:9.0.54]
?[0m?[0;34m	at org.apache.tomcat.util.threads.TaskThread$WrappingRunnable.run(TaskThread.java:61) ~[tomcat-embed-core-9.0.54.jar:9.0.54]
?[0m?[0;34m	at java.base/java.lang.Thread.run(Thread.java:833) ~[na:na]
?[0m?[0;34m
?[0m?[0;34m2023-03-31 16:06:16.952 DEBUG 29781 --- [nio-8080-exec-2] s.w.a.DelegatingAuthenticationEntryPoint : Trying to match using RequestHeaderRequestMatcher [expectedHeaderName=X-Requested-With, expectedHeaderValue=XMLHttpRequest]
?[0m?[0;34m2023-03-31 16:06:16.952 DEBUG 29781 --- [nio-8080-exec-2] s.w.a.DelegatingAuthenticationEntryPoint : No match found. Using default entry point org.springframework.security.web.authentication.www.BasicAuthenticationEntryPoint@3cbaa550
?[0m?[0;34m2023-03-31 16:06:16.952 DEBUG 29781 --- [nio-8080-exec-2] w.c.HttpSessionSecurityContextRepository : Did not store empty SecurityContext
?[0m?[0;34m2023-03-31 16:06:16.952 DEBUG 29781 --- [nio-8080-exec-2] w.c.HttpSessionSecurityContextRepository : Did not store empty SecurityContext
?[0m?[0;34m2023-03-31 16:06:16.952 DEBUG 29781 --- [nio-8080-exec-2] s.s.w.c.SecurityContextPersistenceFilter : Cleared SecurityContextHolder to complete request
?[0m?[0;34m2023-03-31 16:06:16.953 DEBUG 29781 --- [nio-8080-exec-2] o.s.security.web.FilterChainProxy        : Securing DELETE /error
?[0m?[0;34m2023-03-31 16:06:16.953 DEBUG 29781 --- [nio-8080-exec-2] s.s.w.c.SecurityContextPersistenceFilter : Set SecurityContextHolder to empty SecurityContext
?[0m?[0;34m2023-03-31 16:06:16.953 DEBUG 29781 --- [nio-8080-exec-2] o.s.s.w.a.AnonymousAuthenticationFilter  : Set SecurityContextHolder to anonymous SecurityContext
?[0m?[0;34m2023-03-31 16:06:16.953 DEBUG 29781 --- [nio-8080-exec-2] o.s.s.w.a.i.FilterSecurityInterceptor    : Failed to authorize filter invocation [DELETE /error] with attributes [hasRole('ROLE_USER')]
?[0m?[0;34m2023-03-31 16:06:16.953 DEBUG 29781 --- [nio-8080-exec-2] o.s.s.w.s.HttpSessionRequestCache        : Saved request http://localhost:8080/error to session
?[0m?[0;34m2023-03-31 16:06:16.953 DEBUG 29781 --- [nio-8080-exec-2] s.w.a.DelegatingAuthenticationEntryPoint : Trying to match using RequestHeaderRequestMatcher [expectedHeaderName=X-Requested-With, expectedHeaderValue=XMLHttpRequest]
?[0m?[0;34m2023-03-31 16:06:16.953 DEBUG 29781 --- [nio-8080-exec-2] s.w.a.DelegatingAuthenticationEntryPoint : No match found. Using default entry point org.springframework.security.web.authentication.www.BasicAuthenticationEntryPoint@3cbaa550
?[0m?[0;34m2023-03-31 16:06:16.953 DEBUG 29781 --- [nio-8080-exec-2] w.c.HttpSessionSecurityContextRepository : Did not store empty SecurityContext
?[0m?[0;34m2023-03-31 16:06:16.953 DEBUG 29781 --- [nio-8080-exec-2] w.c.HttpSessionSecurityContextRepository : Did not store empty SecurityContext
?[0m?[0;34m2023-03-31 16:06:16.953 DEBUG 29781 --- [nio-8080-exec-2] s.s.w.c.SecurityContextPersistenceFilter : Cleared SecurityContextHolder to complete request
?[1;31m
Start test 74?[0m
?[0;34m2023-03-31 16:06:16.956 DEBUG 29781 --- [nio-8080-exec-4] o.s.security.web.FilterChainProxy        : Securing GET /api/recipe/search/?category=dessert
?[0m?[0;34m2023-03-31 16:06:16.956 DEBUG 29781 --- [nio-8080-exec-4] s.s.w.c.SecurityContextPersistenceFilter : Set SecurityContextHolder to empty SecurityContext
?[0m?[0;34m2023-03-31 16:06:16.956 DEBUG 29781 --- [nio-8080-exec-4] tor$SharedEntityManagerInvocationHandler : Creating new EntityManager for shared EntityManager invocation
?[0m?[0;34m2023-03-31 16:06:17.038 DEBUG 29781 --- [nio-8080-exec-4] o.s.s.a.dao.DaoAuthenticationProvider    : Failed to find user 'abc@test.com'
?[0m?[0;34m2023-03-31 16:06:17.041 DEBUG 29781 --- [nio-8080-exec-4] o.s.s.w.a.www.BasicAuthenticationFilter  : Failed to process authentication request
?[0m?[0;34m
?[0m?[0;34morg.springframework.security.authentication.BadCredentialsException: Bad credentials
?[0m?[0;34m	at org.springframework.security.authentication.dao.AbstractUserDetailsAuthenticationProvider.authenticate(AbstractUserDetailsAuthenticationProvider.java:141) ~[spring-security-core-5.5.3.jar:5.5.3]
?[0m?[0;34m	at org.springframework.security.authentication.ProviderManager.authenticate(ProviderManager.java:182) ~[spring-security-core-5.5.3.jar:5.5.3]
?[0m?[0;34m	at org.springframework.security.authentication.ProviderManager.authenticate(ProviderManager.java:201) ~[spring-security-core-5.5.3.jar:5.5.3]
?[0m?[0;34m	at org.springframework.security.web.authentication.www.BasicAuthenticationFilter.doFilterInternal(BasicAuthenticationFilter.java:155) ~[spring-security-web-5.5.3.jar:5.5.3]
?[0m?[0;34m	at org.springframework.web.filter.OncePerRequestFilter.doFilter(OncePerRequestFilter.java:119) ~[spring-web-5.3.12.jar:5.3.12]
?[0m?[0;34m	at org.springframework.security.web.FilterChainProxy$VirtualFilterChain.doFilter(FilterChainProxy.java:336) ~[spring-security-web-5.5.3.jar:5.5.3]
?[0m?[0;34m	at org.springframework.security.web.authentication.logout.LogoutFilter.doFilter(LogoutFilter.java:103) ~[spring-security-web-5.5.3.jar:5.5.3]
?[0m?[0;34m	at org.springframework.security.web.authentication.logout.LogoutFilter.doFilter(LogoutFilter.java:89) ~[spring-security-web-5.5.3.jar:5.5.3]
?[0m?[0;34m	at org.springframework.security.web.FilterChainProxy$VirtualFilterChain.doFilter(FilterChainProxy.java:336) ~[spring-security-web-5.5.3.jar:5.5.3]
?[0m?[0;34m	at org.springframework.security.web.header.HeaderWriterFilter.doHeadersAfter(HeaderWriterFilter.java:90) ~[spring-security-web-5.5.3.jar:5.5.3]
?[0m?[0;34m	at org.springframework.security.web.header.HeaderWriterFilter.doFilterInternal(HeaderWriterFilter.java:75) ~[spring-security-web-5.5.3.jar:5.5.3]
?[0m?[0;34m	at org.springframework.web.filter.OncePerRequestFilter.doFilter(OncePerRequestFilter.java:119) ~[spring-web-5.3.12.jar:5.3.12]
?[0m?[0;34m	at org.springframework.security.web.FilterChainProxy$VirtualFilterChain.doFilter(FilterChainProxy.java:336) ~[spring-security-web-5.5.3.jar:5.5.3]
?[0m?[0;34m	at org.springframework.security.web.context.SecurityContextPersistenceFilter.doFilter(SecurityContextPersistenceFilter.java:110) ~[spring-security-web-5.5.3.jar:5.5.3]
?[0m?[0;34m	at org.springframework.security.web.context.SecurityContextPersistenceFilter.doFilter(SecurityContextPersistenceFilter.java:80) ~[spring-security-web-5.5.3.jar:5.5.3]
?[0m?[0;34m	at org.springframework.security.web.FilterChainProxy$VirtualFilterChain.doFilter(FilterChainProxy.java:336) ~[spring-security-web-5.5.3.jar:5.5.3]
?[0m?[0;34m	at org.springframework.security.web.context.request.async.WebAsyncManagerIntegrationFilter.doFilterInternal(WebAsyncManagerIntegrationFilter.java:55) ~[spring-security-web-5.5.3.jar:5.5.3]
?[0m?[0;34m	at org.springframework.web.filter.OncePerRequestFilter.doFilter(OncePerRequestFilter.java:119) ~[spring-web-5.3.12.jar:5.3.12]
?[0m?[0;34m	at org.springframework.security.web.FilterChainProxy$VirtualFilterChain.doFilter(FilterChainProxy.java:336) ~[spring-security-web-5.5.3.jar:5.5.3]
?[0m?[0;34m	at org.springframework.security.web.FilterChainProxy.doFilterInternal(FilterChainProxy.java:211) ~[spring-security-web-5.5.3.jar:5.5.3]
?[0m?[0;34m	at org.springframework.security.web.FilterChainProxy.doFilter(FilterChainProxy.java:183) ~[spring-security-web-5.5.3.jar:5.5.3]
?[0m?[0;34m	at org.springframework.web.filter.DelegatingFilterProxy.invokeDelegate(DelegatingFilterProxy.java:358) ~[spring-web-5.3.12.jar:5.3.12]
?[0m?[0;34m	at org.springframework.web.filter.DelegatingFilterProxy.doFilter(DelegatingFilterProxy.java:271) ~[spring-web-5.3.12.jar:5.3.12]
?[0m?[0;34m	at jdk.internal.reflect.GeneratedMethodAccessor58.invoke(Unknown Source) ~[na:na]
?[0m?[0;34m	at java.base/jdk.internal.reflect.DelegatingMethodAccessorImpl.invoke(DelegatingMethodAccessorImpl.java:43) ~[na:na]
?[0m?[0;34m	at java.base/java.lang.reflect.Method.invoke(Method.java:568) ~[na:na]
?[0m?[0;34m	at org.apache.catalina.security.SecurityUtil.lambda$execute$0(SecurityUtil.java:280) ~[tomcat-embed-core-9.0.54.jar:9.0.54]
?[0m?[0;34m	at java.base/java.security.AccessController.doPrivileged(AccessController.java:712) ~[na:na]
?[0m?[0;34m	at java.base/javax.security.auth.Subject.doAsPrivileged(Subject.java:584) ~[na:na]
?[0m?[0;34m	at org.apache.catalina.security.SecurityUtil.execute(SecurityUtil.java:311) ~[tomcat-embed-core-9.0.54.jar:9.0.54]
?[0m?[0;34m	at org.apache.catalina.security.SecurityUtil.doAsPrivilege(SecurityUtil.java:253) ~[tomcat-embed-core-9.0.54.jar:9.0.54]
?[0m?[0;34m	at org.apache.catalina.core.ApplicationFilterChain.internalDoFilter(ApplicationFilterChain.java:187) ~[tomcat-embed-core-9.0.54.jar:9.0.54]
?[0m?[0;34m	at org.apache.catalina.core.ApplicationFilterChain.lambda$doFilter$0(ApplicationFilterChain.java:145) ~[tomcat-embed-core-9.0.54.jar:9.0.54]
?[0m?[0;34m	at java.base/java.security.AccessController.doPrivileged(AccessController.java:569) ~[na:na]
?[0m?[0;34m	at org.apache.catalina.core.ApplicationFilterChain.doFilter(ApplicationFilterChain.java:143) ~[tomcat-embed-core-9.0.54.jar:9.0.54]
?[0m?[0;34m	at org.springframework.web.filter.RequestContextFilter.doFilterInternal(RequestContextFilter.java:100) ~[spring-web-5.3.12.jar:5.3.12]
?[0m?[0;34m	at org.springframework.web.filter.OncePerRequestFilter.doFilter(OncePerRequestFilter.java:119) ~[spring-web-5.3.12.jar:5.3.12]
?[0m?[0;34m	at jdk.internal.reflect.GeneratedMethodAccessor58.invoke(Unknown Source) ~[na:na]
?[0m?[0;34m	at java.base/jdk.internal.reflect.DelegatingMethodAccessorImpl.invoke(DelegatingMethodAccessorImpl.java:43) ~[na:na]
?[0m?[0;34m	at java.base/java.lang.reflect.Method.invoke(Method.java:568) ~[na:na]
?[0m?[0;34m	at org.apache.catalina.security.SecurityUtil.lambda$execute$0(SecurityUtil.java:280) ~[tomcat-embed-core-9.0.54.jar:9.0.54]
?[0m?[0;34m	at java.base/java.security.AccessController.doPrivileged(AccessController.java:712) ~[na:na]
?[0m?[0;34m	at java.base/javax.security.auth.Subject.doAsPrivileged(Subject.java:584) ~[na:na]
?[0m?[0;34m	at org.apache.catalina.security.SecurityUtil.execute(SecurityUtil.java:311) ~[tomcat-embed-core-9.0.54.jar:9.0.54]
?[0m?[0;34m	at org.apache.catalina.security.SecurityUtil.doAsPrivilege(SecurityUtil.java:253) ~[tomcat-embed-core-9.0.54.jar:9.0.54]
?[0m?[0;34m	at org.apache.catalina.core.ApplicationFilterChain.internalDoFilter(ApplicationFilterChain.java:187) ~[tomcat-embed-core-9.0.54.jar:9.0.54]
?[0m?[0;34m	at org.apache.catalina.core.ApplicationFilterChain.lambda$doFilter$0(ApplicationFilterChain.java:145) ~[tomcat-embed-core-9.0.54.jar:9.0.54]
?[0m?[0;34m	at java.base/java.security.AccessController.doPrivileged(AccessController.java:569) ~[na:na]
?[0m?[0;34m	at org.apache.catalina.core.ApplicationFilterChain.doFilter(ApplicationFilterChain.java:143) ~[tomcat-embed-core-9.0.54.jar:9.0.54]
?[0m?[0;34m	at org.springframework.web.filter.FormContentFilter.doFilterInternal(FormContentFilter.java:93) ~[spring-web-5.3.12.jar:5.3.12]
?[0m?[0;34m	at org.springframework.web.filter.OncePerRequestFilter.doFilter(OncePerRequestFilter.java:119) ~[spring-web-5.3.12.jar:5.3.12]
?[0m?[0;34m	at jdk.internal.reflect.GeneratedMethodAccessor58.invoke(Unknown Source) ~[na:na]
?[0m?[0;34m	at java.base/jdk.internal.reflect.DelegatingMethodAccessorImpl.invoke(DelegatingMethodAccessorImpl.java:43) ~[na:na]
?[0m?[0;34m	at java.base/java.lang.reflect.Method.invoke(Method.java:568) ~[na:na]
?[0m?[0;34m	at org.apache.catalina.security.SecurityUtil.lambda$execute$0(SecurityUtil.java:280) ~[tomcat-embed-core-9.0.54.jar:9.0.54]
?[0m?[0;34m	at java.base/java.security.AccessController.doPrivileged(AccessController.java:712) ~[na:na]
?[0m?[0;34m	at java.base/javax.security.auth.Subject.doAsPrivileged(Subject.java:584) ~[na:na]
?[0m?[0;34m	at org.apache.catalina.security.SecurityUtil.execute(SecurityUtil.java:311) ~[tomcat-embed-core-9.0.54.jar:9.0.54]
?[0m?[0;34m	at org.apache.catalina.security.SecurityUtil.doAsPrivilege(SecurityUtil.java:253) ~[tomcat-embed-core-9.0.54.jar:9.0.54]
?[0m?[0;34m	at org.apache.catalina.core.ApplicationFilterChain.internalDoFilter(ApplicationFilterChain.java:187) ~[tomcat-embed-core-9.0.54.jar:9.0.54]
?[0m?[0;34m	at org.apache.catalina.core.ApplicationFilterChain.lambda$doFilter$0(ApplicationFilterChain.java:145) ~[tomcat-embed-core-9.0.54.jar:9.0.54]
?[0m?[0;34m	at java.base/java.security.AccessController.doPrivileged(AccessController.java:569) ~[na:na]
?[0m?[0;34m	at org.apache.catalina.core.ApplicationFilterChain.doFilter(ApplicationFilterChain.java:143) ~[tomcat-embed-core-9.0.54.jar:9.0.54]
?[0m?[0;34m	at org.springframework.boot.actuate.metrics.web.servlet.WebMvcMetricsFilter.doFilterInternal(WebMvcMetricsFilter.java:96) ~[spring-boot-actuator-2.5.6.jar:2.5.6]
?[0m?[0;34m	at org.springframework.web.filter.OncePerRequestFilter.doFilter(OncePerRequestFilter.java:119) ~[spring-web-5.3.12.jar:5.3.12]
?[0m?[0;34m	at jdk.internal.reflect.GeneratedMethodAccessor58.invoke(Unknown Source) ~[na:na]
?[0m?[0;34m	at java.base/jdk.internal.reflect.DelegatingMethodAccessorImpl.invoke(DelegatingMethodAccessorImpl.java:43) ~[na:na]
?[0m?[0;34m	at java.base/java.lang.reflect.Method.invoke(Method.java:568) ~[na:na]
?[0m?[0;34m	at org.apache.catalina.security.SecurityUtil.lambda$execute$0(SecurityUtil.java:280) ~[tomcat-embed-core-9.0.54.jar:9.0.54]
?[0m?[0;34m	at java.base/java.security.AccessController.doPrivileged(AccessController.java:712) ~[na:na]
?[0m?[0;34m	at java.base/javax.security.auth.Subject.doAsPrivileged(Subject.java:584) ~[na:na]
?[0m?[0;34m	at org.apache.catalina.security.SecurityUtil.execute(SecurityUtil.java:311) ~[tomcat-embed-core-9.0.54.jar:9.0.54]
?[0m?[0;34m	at org.apache.catalina.security.SecurityUtil.doAsPrivilege(SecurityUtil.java:253) ~[tomcat-embed-core-9.0.54.jar:9.0.54]
?[0m?[0;34m	at org.apache.catalina.core.ApplicationFilterChain.internalDoFilter(ApplicationFilterChain.java:187) ~[tomcat-embed-core-9.0.54.jar:9.0.54]
?[0m?[0;34m	at org.apache.catalina.core.ApplicationFilterChain.lambda$doFilter$0(ApplicationFilterChain.java:145) ~[tomcat-embed-core-9.0.54.jar:9.0.54]
?[0m?[0;34m	at java.base/java.security.AccessController.doPrivileged(AccessController.java:569) ~[na:na]
?[0m?[0;34m	at org.apache.catalina.core.ApplicationFilterChain.doFilter(ApplicationFilterChain.java:143) ~[tomcat-embed-core-9.0.54.jar:9.0.54]
?[0m?[0;34m	at org.springframework.web.filter.CharacterEncodingFilter.doFilterInternal(CharacterEncodingFilter.java:201) ~[spring-web-5.3.12.jar:5.3.12]
?[0m?[0;34m	at org.springframework.web.filter.OncePerRequestFilter.doFilter(OncePerRequestFilter.java:119) ~[spring-web-5.3.12.jar:5.3.12]
?[0m?[0;34m	at jdk.internal.reflect.GeneratedMethodAccessor58.invoke(Unknown Source) ~[na:na]
?[0m?[0;34m	at java.base/jdk.internal.reflect.DelegatingMethodAccessorImpl.invoke(DelegatingMethodAccessorImpl.java:43) ~[na:na]
?[0m?[0;34m	at java.base/java.lang.reflect.Method.invoke(Method.java:568) ~[na:na]
?[0m?[0;34m	at org.apache.catalina.security.SecurityUtil.lambda$execute$0(SecurityUtil.java:280) ~[tomcat-embed-core-9.0.54.jar:9.0.54]
?[0m?[0;34m	at java.base/java.security.AccessController.doPrivileged(AccessController.java:712) ~[na:na]
?[0m?[0;34m	at java.base/javax.security.auth.Subject.doAsPrivileged(Subject.java:584) ~[na:na]
?[0m?[0;34m	at org.apache.catalina.security.SecurityUtil.execute(SecurityUtil.java:311) ~[tomcat-embed-core-9.0.54.jar:9.0.54]
?[0m?[0;34m	at org.apache.catalina.security.SecurityUtil.doAsPrivilege(SecurityUtil.java:253) ~[tomcat-embed-core-9.0.54.jar:9.0.54]
?[0m?[0;34m	at org.apache.catalina.core.ApplicationFilterChain.internalDoFilter(ApplicationFilterChain.java:187) ~[tomcat-embed-core-9.0.54.jar:9.0.54]
?[0m?[0;34m	at org.apache.catalina.core.ApplicationFilterChain.lambda$doFilter$0(ApplicationFilterChain.java:145) ~[tomcat-embed-core-9.0.54.jar:9.0.54]
?[0m?[0;34m	at java.base/java.security.AccessController.doPrivileged(AccessController.java:569) ~[na:na]
?[0m?[0;34m	at org.apache.catalina.core.ApplicationFilterChain.doFilter(ApplicationFilterChain.java:143) ~[tomcat-embed-core-9.0.54.jar:9.0.54]
?[0m?[0;34m	at org.apache.catalina.core.StandardWrapperValve.invoke(StandardWrapperValve.java:197) ~[tomcat-embed-core-9.0.54.jar:9.0.54]
?[0m?[0;34m	at org.apache.catalina.core.StandardContextValve.invoke(StandardContextValve.java:97) ~[tomcat-embed-core-9.0.54.jar:9.0.54]
?[0m?[0;34m	at org.apache.catalina.authenticator.AuthenticatorBase.invoke(AuthenticatorBase.java:540) ~[tomcat-embed-core-9.0.54.jar:9.0.54]
?[0m?[0;34m	at org.apache.catalina.core.StandardHostValve.invoke(StandardHostValve.java:135) ~[tomcat-embed-core-9.0.54.jar:9.0.54]
?[0m?[0;34m	at org.apache.catalina.valves.ErrorReportValve.invoke(ErrorReportValve.java:92) ~[tomcat-embed-core-9.0.54.jar:9.0.54]
?[0m?[0;34m	at org.apache.catalina.core.StandardEngineValve.invoke(StandardEngineValve.java:78) ~[tomcat-embed-core-9.0.54.jar:9.0.54]
?[0m?[0;34m	at org.apache.catalina.connector.CoyoteAdapter.service(CoyoteAdapter.java:357) ~[tomcat-embed-core-9.0.54.jar:9.0.54]
?[0m?[0;34m	at org.apache.coyote.http11.Http11Processor.service(Http11Processor.java:382) ~[tomcat-embed-core-9.0.54.jar:9.0.54]
?[0m?[0;34m	at org.apache.coyote.AbstractProcessorLight.process(AbstractProcessorLight.java:65) ~[tomcat-embed-core-9.0.54.jar:9.0.54]
?[0m?[0;34m	at org.apache.coyote.AbstractProtocol$ConnectionHandler.process(AbstractProtocol.java:895) ~[tomcat-embed-core-9.0.54.jar:9.0.54]
?[0m?[0;34m	at org.apache.tomcat.util.net.NioEndpoint$SocketProcessor.doRun(NioEndpoint.java:1722) ~[tomcat-embed-core-9.0.54.jar:9.0.54]
?[0m?[0;34m	at org.apache.tomcat.util.net.SocketProcessorBase.run(SocketProcessorBase.java:49) ~[tomcat-embed-core-9.0.54.jar:9.0.54]
?[0m?[0;34m	at org.apache.tomcat.util.threads.ThreadPoolExecutor.runWorker(ThreadPoolExecutor.java:1191) ~[tomcat-embed-core-9.0.54.jar:9.0.54]
?[0m?[0;34m	at org.apache.tomcat.util.threads.ThreadPoolExecutor$Worker.run(ThreadPoolExecutor.java:659) ~[tomcat-embed-core-9.0.54.jar:9.0.54]
?[0m?[0;34m	at org.apache.tomcat.util.threads.TaskThread$WrappingRunnable.run(TaskThread.java:61) ~[tomcat-embed-core-9.0.54.jar:9.0.54]
?[0m?[0;34m	at java.base/java.lang.Thread.run(Thread.java:833) ~[na:na]
?[0m?[0;34m
?[0m?[0;34m2023-03-31 16:06:17.042 DEBUG 29781 --- [nio-8080-exec-4] s.w.a.DelegatingAuthenticationEntryPoint : Trying to match using RequestHeaderRequestMatcher [expectedHeaderName=X-Requested-With, expectedHeaderValue=XMLHttpRequest]
?[0m?[0;34m2023-03-31 16:06:17.042 DEBUG 29781 --- [nio-8080-exec-4] s.w.a.DelegatingAuthenticationEntryPoint : No match found. Using default entry point org.springframework.security.web.authentication.www.BasicAuthenticationEntryPoint@3cbaa550
?[0m?[0;34m2023-03-31 16:06:17.042 DEBUG 29781 --- [nio-8080-exec-4] w.c.HttpSessionSecurityContextRepository : Did not store empty SecurityContext
?[0m?[0;34m2023-03-31 16:06:17.042 DEBUG 29781 --- [nio-8080-exec-4] w.c.HttpSessionSecurityContextRepository : Did not store empty SecurityContext
?[0m?[0;34m2023-03-31 16:06:17.042 DEBUG 29781 --- [nio-8080-exec-4] s.s.w.c.SecurityContextPersistenceFilter : Cleared SecurityContextHolder to complete request
?[0m?[0;34m2023-03-31 16:06:17.043 DEBUG 29781 --- [nio-8080-exec-4] o.s.security.web.FilterChainProxy        : Securing GET /error?category=dessert
?[0m?[0;34m2023-03-31 16:06:17.043 DEBUG 29781 --- [nio-8080-exec-4] s.s.w.c.SecurityContextPersistenceFilter : Set SecurityContextHolder to empty SecurityContext
?[0m?[0;34m2023-03-31 16:06:17.043 DEBUG 29781 --- [nio-8080-exec-4] o.s.s.w.a.AnonymousAuthenticationFilter  : Set SecurityContextHolder to anonymous SecurityContext
?[0m?[0;34m2023-03-31 16:06:17.043 DEBUG 29781 --- [nio-8080-exec-4] o.s.s.w.a.i.FilterSecurityInterceptor    : Failed to authorize filter invocation [GET /error?category=dessert] with attributes [hasRole('ROLE_USER')]
?[0m?[0;34m2023-03-31 16:06:17.043 DEBUG 29781 --- [nio-8080-exec-4] o.s.s.w.s.HttpSessionRequestCache        : Saved request http://localhost:8080/error?category=dessert to session
?[0m?[0;34m2023-03-31 16:06:17.043 DEBUG 29781 --- [nio-8080-exec-4] s.w.a.DelegatingAuthenticationEntryPoint : Trying to match using RequestHeaderRequestMatcher [expectedHeaderName=X-Requested-With, expectedHeaderValue=XMLHttpRequest]
?[0m?[0;34m2023-03-31 16:06:17.043 DEBUG 29781 --- [nio-8080-exec-4] s.w.a.DelegatingAuthenticationEntryPoint : No match found. Using default entry point org.springframework.security.web.authentication.www.BasicAuthenticationEntryPoint@3cbaa550
?[0m?[0;34m2023-03-31 16:06:17.043 DEBUG 29781 --- [nio-8080-exec-4] w.c.HttpSessionSecurityContextRepository : Did not store empty SecurityContext
?[0m?[0;34m2023-03-31 16:06:17.043 DEBUG 29781 --- [nio-8080-exec-4] w.c.HttpSessionSecurityContextRepository : Did not store empty SecurityContext
?[0m?[0;34m2023-03-31 16:06:17.043 DEBUG 29781 --- [nio-8080-exec-4] s.s.w.c.SecurityContextPersistenceFilter : Cleared SecurityContextHolder to complete request
?[1;31m
Start test 75?[0m
?[0;34m2023-03-31 16:06:17.046 DEBUG 29781 --- [nio-8080-exec-5] o.s.security.web.FilterChainProxy        : Securing GET /api/recipe/search/?name=ice-cream
?[0m?[0;34m2023-03-31 16:06:17.046 DEBUG 29781 --- [nio-8080-exec-5] s.s.w.c.SecurityContextPersistenceFilter : Set SecurityContextHolder to empty SecurityContext
?[0m?[0;34m2023-03-31 16:06:17.046 DEBUG 29781 --- [nio-8080-exec-5] tor$SharedEntityManagerInvocationHandler : Creating new EntityManager for shared EntityManager invocation
?[0m?[0;34m2023-03-31 16:06:17.128 DEBUG 29781 --- [nio-8080-exec-5] o.s.s.a.dao.DaoAuthenticationProvider    : Failed to find user 'abc@test.com'
?[0m?[0;34m2023-03-31 16:06:17.129 DEBUG 29781 --- [nio-8080-exec-5] o.s.s.w.a.www.BasicAuthenticationFilter  : Failed to process authentication request
?[0m?[0;34m
?[0m?[0;34morg.springframework.security.authentication.BadCredentialsException: Bad credentials
?[0m?[0;34m	at org.springframework.security.authentication.dao.AbstractUserDetailsAuthenticationProvider.authenticate(AbstractUserDetailsAuthenticationProvider.java:141) ~[spring-security-core-5.5.3.jar:5.5.3]
?[0m?[0;34m	at org.springframework.security.authentication.ProviderManager.authenticate(ProviderManager.java:182) ~[spring-security-core-5.5.3.jar:5.5.3]
?[0m?[0;34m	at org.springframework.security.authentication.ProviderManager.authenticate(ProviderManager.java:201) ~[spring-security-core-5.5.3.jar:5.5.3]
?[0m?[0;34m	at org.springframework.security.web.authentication.www.BasicAuthenticationFilter.doFilterInternal(BasicAuthenticationFilter.java:155) ~[spring-security-web-5.5.3.jar:5.5.3]
?[0m?[0;34m	at org.springframework.web.filter.OncePerRequestFilter.doFilter(OncePerRequestFilter.java:119) ~[spring-web-5.3.12.jar:5.3.12]
?[0m?[0;34m	at org.springframework.security.web.FilterChainProxy$VirtualFilterChain.doFilter(FilterChainProxy.java:336) ~[spring-security-web-5.5.3.jar:5.5.3]
?[0m?[0;34m	at org.springframework.security.web.authentication.logout.LogoutFilter.doFilter(LogoutFilter.java:103) ~[spring-security-web-5.5.3.jar:5.5.3]
?[0m?[0;34m	at org.springframework.security.web.authentication.logout.LogoutFilter.doFilter(LogoutFilter.java:89) ~[spring-security-web-5.5.3.jar:5.5.3]
?[0m?[0;34m	at org.springframework.security.web.FilterChainProxy$VirtualFilterChain.doFilter(FilterChainProxy.java:336) ~[spring-security-web-5.5.3.jar:5.5.3]
?[0m?[0;34m	at org.springframework.security.web.header.HeaderWriterFilter.doHeadersAfter(HeaderWriterFilter.java:90) ~[spring-security-web-5.5.3.jar:5.5.3]
?[0m?[0;34m	at org.springframework.security.web.header.HeaderWriterFilter.doFilterInternal(HeaderWriterFilter.java:75) ~[spring-security-web-5.5.3.jar:5.5.3]
?[0m?[0;34m	at org.springframework.web.filter.OncePerRequestFilter.doFilter(OncePerRequestFilter.java:119) ~[spring-web-5.3.12.jar:5.3.12]
?[0m?[0;34m	at org.springframework.security.web.FilterChainProxy$VirtualFilterChain.doFilter(FilterChainProxy.java:336) ~[spring-security-web-5.5.3.jar:5.5.3]
?[0m?[0;34m	at org.springframework.security.web.context.SecurityContextPersistenceFilter.doFilter(SecurityContextPersistenceFilter.java:110) ~[spring-security-web-5.5.3.jar:5.5.3]
?[0m?[0;34m	at org.springframework.security.web.context.SecurityContextPersistenceFilter.doFilter(SecurityContextPersistenceFilter.java:80) ~[spring-security-web-5.5.3.jar:5.5.3]
?[0m?[0;34m	at org.springframework.security.web.FilterChainProxy$VirtualFilterChain.doFilter(FilterChainProxy.java:336) ~[spring-security-web-5.5.3.jar:5.5.3]
?[0m?[0;34m	at org.springframework.security.web.context.request.async.WebAsyncManagerIntegrationFilter.doFilterInternal(WebAsyncManagerIntegrationFilter.java:55) ~[spring-security-web-5.5.3.jar:5.5.3]
?[0m?[0;34m	at org.springframework.web.filter.OncePerRequestFilter.doFilter(OncePerRequestFilter.java:119) ~[spring-web-5.3.12.jar:5.3.12]
?[0m?[0;34m	at org.springframework.security.web.FilterChainProxy$VirtualFilterChain.doFilter(FilterChainProxy.java:336) ~[spring-security-web-5.5.3.jar:5.5.3]
?[0m?[0;34m	at org.springframework.security.web.FilterChainProxy.doFilterInternal(FilterChainProxy.java:211) ~[spring-security-web-5.5.3.jar:5.5.3]
?[0m?[0;34m	at org.springframework.security.web.FilterChainProxy.doFilter(FilterChainProxy.java:183) ~[spring-security-web-5.5.3.jar:5.5.3]
?[0m?[0;34m	at org.springframework.web.filter.DelegatingFilterProxy.invokeDelegate(DelegatingFilterProxy.java:358) ~[spring-web-5.3.12.jar:5.3.12]
?[0m?[0;34m	at org.springframework.web.filter.DelegatingFilterProxy.doFilter(DelegatingFilterProxy.java:271) ~[spring-web-5.3.12.jar:5.3.12]
?[0m?[0;34m	at jdk.internal.reflect.GeneratedMethodAccessor58.invoke(Unknown Source) ~[na:na]
?[0m?[0;34m	at java.base/jdk.internal.reflect.DelegatingMethodAccessorImpl.invoke(DelegatingMethodAccessorImpl.java:43) ~[na:na]
?[0m?[0;34m	at java.base/java.lang.reflect.Method.invoke(Method.java:568) ~[na:na]
?[0m?[0;34m	at org.apache.catalina.security.SecurityUtil.lambda$execute$0(SecurityUtil.java:280) ~[tomcat-embed-core-9.0.54.jar:9.0.54]
?[0m?[0;34m	at java.base/java.security.AccessController.doPrivileged(AccessController.java:712) ~[na:na]
?[0m?[0;34m	at java.base/javax.security.auth.Subject.doAsPrivileged(Subject.java:584) ~[na:na]
?[0m?[0;34m	at org.apache.catalina.security.SecurityUtil.execute(SecurityUtil.java:311) ~[tomcat-embed-core-9.0.54.jar:9.0.54]
?[0m?[0;34m	at org.apache.catalina.security.SecurityUtil.doAsPrivilege(SecurityUtil.java:253) ~[tomcat-embed-core-9.0.54.jar:9.0.54]
?[0m?[0;34m	at org.apache.catalina.core.ApplicationFilterChain.internalDoFilter(ApplicationFilterChain.java:187) ~[tomcat-embed-core-9.0.54.jar:9.0.54]
?[0m?[0;34m	at org.apache.catalina.core.ApplicationFilterChain.lambda$doFilter$0(ApplicationFilterChain.java:145) ~[tomcat-embed-core-9.0.54.jar:9.0.54]
?[0m?[0;34m	at java.base/java.security.AccessController.doPrivileged(AccessController.java:569) ~[na:na]
?[0m?[0;34m	at org.apache.catalina.core.ApplicationFilterChain.doFilter(ApplicationFilterChain.java:143) ~[tomcat-embed-core-9.0.54.jar:9.0.54]
?[0m?[0;34m	at org.springframework.web.filter.RequestContextFilter.doFilterInternal(RequestContextFilter.java:100) ~[spring-web-5.3.12.jar:5.3.12]
?[0m?[0;34m	at org.springframework.web.filter.OncePerRequestFilter.doFilter(OncePerRequestFilter.java:119) ~[spring-web-5.3.12.jar:5.3.12]
?[0m?[0;34m	at jdk.internal.reflect.GeneratedMethodAccessor58.invoke(Unknown Source) ~[na:na]
?[0m?[0;34m	at java.base/jdk.internal.reflect.DelegatingMethodAccessorImpl.invoke(DelegatingMethodAccessorImpl.java:43) ~[na:na]
?[0m?[0;34m	at java.base/java.lang.reflect.Method.invoke(Method.java:568) ~[na:na]
?[0m?[0;34m	at org.apache.catalina.security.SecurityUtil.lambda$execute$0(SecurityUtil.java:280) ~[tomcat-embed-core-9.0.54.jar:9.0.54]
?[0m?[0;34m	at java.base/java.security.AccessController.doPrivileged(AccessController.java:712) ~[na:na]
?[0m?[0;34m	at java.base/javax.security.auth.Subject.doAsPrivileged(Subject.java:584) ~[na:na]
?[0m?[0;34m	at org.apache.catalina.security.SecurityUtil.execute(SecurityUtil.java:311) ~[tomcat-embed-core-9.0.54.jar:9.0.54]
?[0m?[0;34m	at org.apache.catalina.security.SecurityUtil.doAsPrivilege(SecurityUtil.java:253) ~[tomcat-embed-core-9.0.54.jar:9.0.54]
?[0m?[0;34m	at org.apache.catalina.core.ApplicationFilterChain.internalDoFilter(ApplicationFilterChain.java:187) ~[tomcat-embed-core-9.0.54.jar:9.0.54]
?[0m?[0;34m	at org.apache.catalina.core.ApplicationFilterChain.lambda$doFilter$0(ApplicationFilterChain.java:145) ~[tomcat-embed-core-9.0.54.jar:9.0.54]
?[0m?[0;34m	at java.base/java.security.AccessController.doPrivileged(AccessController.java:569) ~[na:na]
?[0m?[0;34m	at org.apache.catalina.core.ApplicationFilterChain.doFilter(ApplicationFilterChain.java:143) ~[tomcat-embed-core-9.0.54.jar:9.0.54]
?[0m?[0;34m	at org.springframework.web.filter.FormContentFilter.doFilterInternal(FormContentFilter.java:93) ~[spring-web-5.3.12.jar:5.3.12]
?[0m?[0;34m	at org.springframework.web.filter.OncePerRequestFilter.doFilter(OncePerRequestFilter.java:119) ~[spring-web-5.3.12.jar:5.3.12]
?[0m?[0;34m	at jdk.internal.reflect.GeneratedMethodAccessor58.invoke(Unknown Source) ~[na:na]
?[0m?[0;34m	at java.base/jdk.internal.reflect.DelegatingMethodAccessorImpl.invoke(DelegatingMethodAccessorImpl.java:43) ~[na:na]
?[0m?[0;34m	at java.base/java.lang.reflect.Method.invoke(Method.java:568) ~[na:na]
?[0m?[0;34m	at org.apache.catalina.security.SecurityUtil.lambda$execute$0(SecurityUtil.java:280) ~[tomcat-embed-core-9.0.54.jar:9.0.54]
?[0m?[0;34m	at java.base/java.security.AccessController.doPrivileged(AccessController.java:712) ~[na:na]
?[0m?[0;34m	at java.base/javax.security.auth.Subject.doAsPrivileged(Subject.java:584) ~[na:na]
?[0m?[0;34m	at org.apache.catalina.security.SecurityUtil.execute(SecurityUtil.java:311) ~[tomcat-embed-core-9.0.54.jar:9.0.54]
?[0m?[0;34m	at org.apache.catalina.security.SecurityUtil.doAsPrivilege(SecurityUtil.java:253) ~[tomcat-embed-core-9.0.54.jar:9.0.54]
?[0m?[0;34m	at org.apache.catalina.core.ApplicationFilterChain.internalDoFilter(ApplicationFilterChain.java:187) ~[tomcat-embed-core-9.0.54.jar:9.0.54]
?[0m?[0;34m	at org.apache.catalina.core.ApplicationFilterChain.lambda$doFilter$0(ApplicationFilterChain.java:145) ~[tomcat-embed-core-9.0.54.jar:9.0.54]
?[0m?[0;34m	at java.base/java.security.AccessController.doPrivileged(AccessController.java:569) ~[na:na]
?[0m?[0;34m	at org.apache.catalina.core.ApplicationFilterChain.doFilter(ApplicationFilterChain.java:143) ~[tomcat-embed-core-9.0.54.jar:9.0.54]
?[0m?[0;34m	at org.springframework.boot.actuate.metrics.web.servlet.WebMvcMetricsFilter.doFilterInternal(WebMvcMetricsFilter.java:96) ~[spring-boot-actuator-2.5.6.jar:2.5.6]
?[0m?[0;34m	at org.springframework.web.filter.OncePerRequestFilter.doFilter(OncePerRequestFilter.java:119) ~[spring-web-5.3.12.jar:5.3.12]
?[0m?[0;34m	at jdk.internal.reflect.GeneratedMethodAccessor58.invoke(Unknown Source) ~[na:na]
?[0m?[0;34m	at java.base/jdk.internal.reflect.DelegatingMethodAccessorImpl.invoke(DelegatingMethodAccessorImpl.java:43) ~[na:na]
?[0m?[0;34m	at java.base/java.lang.reflect.Method.invoke(Method.java:568) ~[na:na]
?[0m?[0;34m	at org.apache.catalina.security.SecurityUtil.lambda$execute$0(SecurityUtil.java:280) ~[tomcat-embed-core-9.0.54.jar:9.0.54]
?[0m?[0;34m	at java.base/java.security.AccessController.doPrivileged(AccessController.java:712) ~[na:na]
?[0m?[0;34m	at java.base/javax.security.auth.Subject.doAsPrivileged(Subject.java:584) ~[na:na]
?[0m?[0;34m	at org.apache.catalina.security.SecurityUtil.execute(SecurityUtil.java:311) ~[tomcat-embed-core-9.0.54.jar:9.0.54]
?[0m?[0;34m	at org.apache.catalina.security.SecurityUtil.doAsPrivilege(SecurityUtil.java:253) ~[tomcat-embed-core-9.0.54.jar:9.0.54]
?[0m?[0;34m	at org.apache.catalina.core.ApplicationFilterChain.internalDoFilter(ApplicationFilterChain.java:187) ~[tomcat-embed-core-9.0.54.jar:9.0.54]
?[0m?[0;34m	at org.apache.catalina.core.ApplicationFilterChain.lambda$doFilter$0(ApplicationFilterChain.java:145) ~[tomcat-embed-core-9.0.54.jar:9.0.54]
?[0m?[0;34m	at java.base/java.security.AccessController.doPrivileged(AccessController.java:569) ~[na:na]
?[0m?[0;34m	at org.apache.catalina.core.ApplicationFilterChain.doFilter(ApplicationFilterChain.java:143) ~[tomcat-embed-core-9.0.54.jar:9.0.54]
?[0m?[0;34m	at org.springframework.web.filter.CharacterEncodingFilter.doFilterInternal(CharacterEncodingFilter.java:201) ~[spring-web-5.3.12.jar:5.3.12]
?[0m?[0;34m	at org.springframework.web.filter.OncePerRequestFilter.doFilter(OncePerRequestFilter.java:119) ~[spring-web-5.3.12.jar:5.3.12]
?[0m?[0;34m	at jdk.internal.reflect.GeneratedMethodAccessor58.invoke(Unknown Source) ~[na:na]
?[0m?[0;34m	at java.base/jdk.internal.reflect.DelegatingMethodAccessorImpl.invoke(DelegatingMethodAccessorImpl.java:43) ~[na:na]
?[0m?[0;34m	at java.base/java.lang.reflect.Method.invoke(Method.java:568) ~[na:na]
?[0m?[0;34m	at org.apache.catalina.security.SecurityUtil.lambda$execute$0(SecurityUtil.java:280) ~[tomcat-embed-core-9.0.54.jar:9.0.54]
?[0m?[0;34m	at java.base/java.security.AccessController.doPrivileged(AccessController.java:712) ~[na:na]
?[0m?[0;34m	at java.base/javax.security.auth.Subject.doAsPrivileged(Subject.java:584) ~[na:na]
?[0m?[0;34m	at org.apache.catalina.security.SecurityUtil.execute(SecurityUtil.java:311) ~[tomcat-embed-core-9.0.54.jar:9.0.54]
?[0m?[0;34m	at org.apache.catalina.security.SecurityUtil.doAsPrivilege(SecurityUtil.java:253) ~[tomcat-embed-core-9.0.54.jar:9.0.54]
?[0m?[0;34m	at org.apache.catalina.core.ApplicationFilterChain.internalDoFilter(ApplicationFilterChain.java:187) ~[tomcat-embed-core-9.0.54.jar:9.0.54]
?[0m?[0;34m	at org.apache.catalina.core.ApplicationFilterChain.lambda$doFilter$0(ApplicationFilterChain.java:145) ~[tomcat-embed-core-9.0.54.jar:9.0.54]
?[0m?[0;34m	at java.base/java.security.AccessController.doPrivileged(AccessController.java:569) ~[na:na]
?[0m?[0;34m	at org.apache.catalina.core.ApplicationFilterChain.doFilter(ApplicationFilterChain.java:143) ~[tomcat-embed-core-9.0.54.jar:9.0.54]
?[0m?[0;34m	at org.apache.catalina.core.StandardWrapperValve.invoke(StandardWrapperValve.java:197) ~[tomcat-embed-core-9.0.54.jar:9.0.54]
?[0m?[0;34m	at org.apache.catalina.core.StandardContextValve.invoke(StandardContextValve.java:97) ~[tomcat-embed-core-9.0.54.jar:9.0.54]
?[0m?[0;34m	at org.apache.catalina.authenticator.AuthenticatorBase.invoke(AuthenticatorBase.java:540) ~[tomcat-embed-core-9.0.54.jar:9.0.54]
?[0m?[0;34m	at org.apache.catalina.core.StandardHostValve.invoke(StandardHostValve.java:135) ~[tomcat-embed-core-9.0.54.jar:9.0.54]
?[0m?[0;34m	at org.apache.catalina.valves.ErrorReportValve.invoke(ErrorReportValve.java:92) ~[tomcat-embed-core-9.0.54.jar:9.0.54]
?[0m?[0;34m	at org.apache.catalina.core.StandardEngineValve.invoke(StandardEngineValve.java:78) ~[tomcat-embed-core-9.0.54.jar:9.0.54]
?[0m?[0;34m	at org.apache.catalina.connector.CoyoteAdapter.service(CoyoteAdapter.java:357) ~[tomcat-embed-core-9.0.54.jar:9.0.54]
?[0m?[0;34m	at org.apache.coyote.http11.Http11Processor.service(Http11Processor.java:382) ~[tomcat-embed-core-9.0.54.jar:9.0.54]
?[0m?[0;34m	at org.apache.coyote.AbstractProcessorLight.process(AbstractProcessorLight.java:65) ~[tomcat-embed-core-9.0.54.jar:9.0.54]
?[0m?[0;34m	at org.apache.coyote.AbstractProtocol$ConnectionHandler.process(AbstractProtocol.java:895) ~[tomcat-embed-core-9.0.54.jar:9.0.54]
?[0m?[0;34m	at org.apache.tomcat.util.net.NioEndpoint$SocketProcessor.doRun(NioEndpoint.java:1722) ~[tomcat-embed-core-9.0.54.jar:9.0.54]
?[0m?[0;34m	at org.apache.tomcat.util.net.SocketProcessorBase.run(SocketProcessorBase.java:49) ~[tomcat-embed-core-9.0.54.jar:9.0.54]
?[0m?[0;34m	at org.apache.tomcat.util.threads.ThreadPoolExecutor.runWorker(ThreadPoolExecutor.java:1191) ~[tomcat-embed-core-9.0.54.jar:9.0.54]
?[0m?[0;34m	at org.apache.tomcat.util.threads.ThreadPoolExecutor$Worker.run(ThreadPoolExecutor.java:659) ~[tomcat-embed-core-9.0.54.jar:9.0.54]
?[0m?[0;34m	at org.apache.tomcat.util.threads.TaskThread$WrappingRunnable.run(TaskThread.java:61) ~[tomcat-embed-core-9.0.54.jar:9.0.54]
?[0m?[0;34m	at java.base/java.lang.Thread.run(Thread.java:833) ~[na:na]
?[0m?[0;34m
?[0m?[0;34m2023-03-31 16:06:17.130 DEBUG 29781 --- [nio-8080-exec-5] s.w.a.DelegatingAuthenticationEntryPoint : Trying to match using RequestHeaderRequestMatcher [expectedHeaderName=X-Requested-With, expectedHeaderValue=XMLHttpRequest]
?[0m?[0;34m2023-03-31 16:06:17.130 DEBUG 29781 --- [nio-8080-exec-5] s.w.a.DelegatingAuthenticationEntryPoint : No match found. Using default entry point org.springframework.security.web.authentication.www.BasicAuthenticationEntryPoint@3cbaa550
?[0m?[0;34m2023-03-31 16:06:17.130 DEBUG 29781 --- [nio-8080-exec-5] w.c.HttpSessionSecurityContextRepository : Did not store empty SecurityContext
?[0m?[0;34m2023-03-31 16:06:17.130 DEBUG 29781 --- [nio-8080-exec-5] w.c.HttpSessionSecurityContextRepository : Did not store empty SecurityContext
?[0m?[0;34m2023-03-31 16:06:17.130 DEBUG 29781 --- [nio-8080-exec-5] s.s.w.c.SecurityContextPersistenceFilter : Cleared SecurityContextHolder to complete request
?[0m?[0;34m2023-03-31 16:06:17.130 DEBUG 29781 --- [nio-8080-exec-5] o.s.security.web.FilterChainProxy        : Securing GET /error?name=ice-cream
?[0m?[0;34m2023-03-31 16:06:17.130 DEBUG 29781 --- [nio-8080-exec-5] s.s.w.c.SecurityContextPersistenceFilter : Set SecurityContextHolder to empty SecurityContext
?[0m?[0;34m2023-03-31 16:06:17.130 DEBUG 29781 --- [nio-8080-exec-5] o.s.s.w.a.AnonymousAuthenticationFilter  : Set SecurityContextHolder to anonymous SecurityContext
?[0m?[0;34m2023-03-31 16:06:17.130 DEBUG 29781 --- [nio-8080-exec-5] o.s.s.w.a.i.FilterSecurityInterceptor    : Failed to authorize filter invocation [GET /error?name=ice-cream] with attributes [hasRole('ROLE_USER')]
?[0m?[0;34m2023-03-31 16:06:17.131 DEBUG 29781 --- [nio-8080-exec-5] o.s.s.w.s.HttpSessionRequestCache        : Saved request http://localhost:8080/error?name=ice-cream to session
?[0m?[0;34m2023-03-31 16:06:17.131 DEBUG 29781 --- [nio-8080-exec-5] s.w.a.DelegatingAuthenticationEntryPoint : Trying to match using RequestHeaderRequestMatcher [expectedHeaderName=X-Requested-With, expectedHeaderValue=XMLHttpRequest]
?[0m?[0;34m2023-03-31 16:06:17.131 DEBUG 29781 --- [nio-8080-exec-5] s.w.a.DelegatingAuthenticationEntryPoint : No match found. Using default entry point org.springframework.security.web.authentication.www.BasicAuthenticationEntryPoint@3cbaa550
?[0m?[0;34m2023-03-31 16:06:17.131 DEBUG 29781 --- [nio-8080-exec-5] w.c.HttpSessionSecurityContextRepository : Did not store empty SecurityContext
?[0m?[0;34m2023-03-31 16:06:17.131 DEBUG 29781 --- [nio-8080-exec-5] w.c.HttpSessionSecurityContextRepository : Did not store empty SecurityContext
?[0m?[0;34m2023-03-31 16:06:17.131 DEBUG 29781 --- [nio-8080-exec-5] s.s.w.c.SecurityContextPersistenceFilter : Cleared SecurityContextHolder to complete request
?[1;31m
Start test 76?[0m
?[0m?[0;34m2023-03-31 16:06:17.134 DEBUG 29781 --- [nio-8080-exec-3] o.s.security.web.FilterChainProxy        : Securing POST /api/recipe/new
?[0m?[0;34m2023-03-31 16:06:17.134 DEBUG 29781 --- [nio-8080-exec-3] s.s.w.c.SecurityContextPersistenceFilter : Set SecurityContextHolder to empty SecurityContext
?[0m?[0;34m2023-03-31 16:06:17.134 DEBUG 29781 --- [nio-8080-exec-3] o.s.s.w.a.AnonymousAuthenticationFilter  : Set SecurityContextHolder to anonymous SecurityContext
?[0m?[0;34m2023-03-31 16:06:17.134 DEBUG 29781 --- [nio-8080-exec-3] s.w.s.m.m.a.RequestMappingHandlerMapping : Mapped to recipes.RecipesController#setRecipe(Recipe, UserDetails)
?[0m?[0;34m2023-03-31 16:06:17.134 DEBUG 29781 --- [nio-8080-exec-3] s.w.s.m.m.a.RequestMappingHandlerMapping : Mapped to recipes.RecipesController#setRecipe(Recipe, UserDetails)
?[0m?[0;34m2023-03-31 16:06:17.134 DEBUG 29781 --- [nio-8080-exec-3] o.s.s.w.a.i.FilterSecurityInterceptor    : Failed to authorize filter invocation [POST /api/recipe/new] with attributes [hasRole('ROLE_USER')]
?[0m?[0;34m2023-03-31 16:06:17.135 DEBUG 29781 --- [nio-8080-exec-3] o.s.s.w.s.HttpSessionRequestCache        : Saved request http://localhost:8080/api/recipe/new to session
?[0m?[0;34m2023-03-31 16:06:17.135 DEBUG 29781 --- [nio-8080-exec-3] s.w.a.DelegatingAuthenticationEntryPoint : Trying to match using RequestHeaderRequestMatcher [expectedHeaderName=X-Requested-With, expectedHeaderValue=XMLHttpRequest]
?[0m?[0;34m2023-03-31 16:06:17.135 DEBUG 29781 --- [nio-8080-exec-3] s.w.a.DelegatingAuthenticationEntryPoint : No match found. Using default entry point org.springframework.security.web.authentication.www.BasicAuthenticationEntryPoint@3cbaa550
?[0m?[0;34m2023-03-31 16:06:17.135 DEBUG 29781 --- [nio-8080-exec-3] w.c.HttpSessionSecurityContextRepository : Did not store empty SecurityContext
?[0m?[0;34m2023-03-31 16:06:17.135 DEBUG 29781 --- [nio-8080-exec-3] w.c.HttpSessionSecurityContextRepository : Did not store empty SecurityContext
?[0m?[0;34m2023-03-31 16:06:17.135 DEBUG 29781 --- [nio-8080-exec-3] s.s.w.c.SecurityContextPersistenceFilter : Cleared SecurityContextHolder to complete request
?[0m?[0;34m2023-03-31 16:06:17.135 DEBUG 29781 --- [nio-8080-exec-3] o.s.security.web.FilterChainProxy        : Securing POST /error
?[0m?[0;34m2023-03-31 16:06:17.135 DEBUG 29781 --- [nio-8080-exec-3] s.s.w.c.SecurityContextPersistenceFilter : Set SecurityContextHolder to empty SecurityContext
?[0m?[0;34m2023-03-31 16:06:17.135 DEBUG 29781 --- [nio-8080-exec-3] o.s.s.w.a.AnonymousAuthenticationFilter  : Set SecurityContextHolder to anonymous SecurityContext
?[0m?[0;34m2023-03-31 16:06:17.135 DEBUG 29781 --- [nio-8080-exec-3] o.s.security.web.FilterChainProxy        : Secured POST /error
?[0m?[0;34m2023-03-31 16:06:17.135 DEBUG 29781 --- [nio-8080-exec-3] o.s.web.servlet.DispatcherServlet        : "ERROR" dispatch for POST "/error", parameters={}
?[0m?[0;34m2023-03-31 16:06:17.135 DEBUG 29781 --- [nio-8080-exec-3] s.w.s.m.m.a.RequestMappingHandlerMapping : Mapped to org.springframework.boot.autoconfigure.web.servlet.error.BasicErrorController#error(HttpServletRequest)
?[0m?[0;34m2023-03-31 16:06:17.135 DEBUG 29781 --- [nio-8080-exec-3] o.j.s.OpenEntityManagerInViewInterceptor : Opening JPA EntityManager in OpenEntityManagerInViewInterceptor
?[0m?[0;34m2023-03-31 16:06:17.136 DEBUG 29781 --- [nio-8080-exec-3] o.s.w.s.m.m.a.HttpEntityMethodProcessor  : Using 'application/json', given [*/*] and supported [application/json, application/*+json, application/json, application/*+json]
?[0m?[0;34m2023-03-31 16:06:17.136 DEBUG 29781 --- [nio-8080-exec-3] o.s.w.s.m.m.a.HttpEntityMethodProcessor  : Writing [{timestamp=Fri Mar 31 16:06:17 EEST 2023, status=401, error=Unauthorized, path=/api/recipe/new}]
?[0m?[0;34m2023-03-31 16:06:17.136 DEBUG 29781 --- [nio-8080-exec-3] w.c.HttpSessionSecurityContextRepository : Did not store anonymous SecurityContext
?[0m?[0;34m2023-03-31 16:06:17.136 DEBUG 29781 --- [nio-8080-exec-3] o.j.s.OpenEntityManagerInViewInterceptor : Closing JPA EntityManager in OpenEntityManagerInViewInterceptor
?[0m?[0;34m2023-03-31 16:06:17.136 DEBUG 29781 --- [nio-8080-exec-3] o.s.web.servlet.DispatcherServlet        : Exiting from "ERROR" dispatch, status 401
?[0m?[0;34m2023-03-31 16:06:17.136 DEBUG 29781 --- [nio-8080-exec-3] w.c.HttpSessionSecurityContextRepository : Did not store anonymous SecurityContext
?[0m?[0;34m2023-03-31 16:06:17.136 DEBUG 29781 --- [nio-8080-exec-3] s.s.w.c.SecurityContextPersistenceFilter : Cleared SecurityContextHolder to complete request
?[1;31m
Start test 77?[0m
?[0m?[0;34m2023-03-31 16:06:17.139 DEBUG 29781 --- [nio-8080-exec-6] o.s.security.web.FilterChainProxy        : Securing GET /api/recipe/1
?[0m?[0;34m2023-03-31 16:06:17.139 DEBUG 29781 --- [nio-8080-exec-6] s.s.w.c.SecurityContextPersistenceFilter : Set SecurityContextHolder to empty SecurityContext
?[0m?[0;34m2023-03-31 16:06:17.139 DEBUG 29781 --- [nio-8080-exec-6] o.s.s.w.a.AnonymousAuthenticationFilter  : Set SecurityContextHolder to anonymous SecurityContext
?[0m?[0;34m2023-03-31 16:06:17.139 DEBUG 29781 --- [nio-8080-exec-6] o.s.s.w.a.i.FilterSecurityInterceptor    : Failed to authorize filter invocation [GET /api/recipe/1] with attributes [hasRole('ROLE_USER')]
?[0m?[0;34m2023-03-31 16:06:17.139 DEBUG 29781 --- [nio-8080-exec-6] o.s.s.w.s.HttpSessionRequestCache        : Saved request http://localhost:8080/api/recipe/1 to session
?[0m?[0;34m2023-03-31 16:06:17.139 DEBUG 29781 --- [nio-8080-exec-6] s.w.a.DelegatingAuthenticationEntryPoint : Trying to match using RequestHeaderRequestMatcher [expectedHeaderName=X-Requested-With, expectedHeaderValue=XMLHttpRequest]
?[0m?[0;34m2023-03-31 16:06:17.139 DEBUG 29781 --- [nio-8080-exec-6] s.w.a.DelegatingAuthenticationEntryPoint : No match found. Using default entry point org.springframework.security.web.authentication.www.BasicAuthenticationEntryPoint@3cbaa550
?[0m?[0;34m2023-03-31 16:06:17.139 DEBUG 29781 --- [nio-8080-exec-6] w.c.HttpSessionSecurityContextRepository : Did not store empty SecurityContext
?[0m?[0;34m2023-03-31 16:06:17.139 DEBUG 29781 --- [nio-8080-exec-6] w.c.HttpSessionSecurityContextRepository : Did not store empty SecurityContext
?[0m?[0;34m2023-03-31 16:06:17.139 DEBUG 29781 --- [nio-8080-exec-6] s.s.w.c.SecurityContextPersistenceFilter : Cleared SecurityContextHolder to complete request
?[0m?[0;34m2023-03-31 16:06:17.139 DEBUG 29781 --- [nio-8080-exec-6] o.s.security.web.FilterChainProxy        : Securing GET /error
?[0m?[0;34m2023-03-31 16:06:17.139 DEBUG 29781 --- [nio-8080-exec-6] s.s.w.c.SecurityContextPersistenceFilter : Set SecurityContextHolder to empty SecurityContext
?[0m?[0;34m2023-03-31 16:06:17.140 DEBUG 29781 --- [nio-8080-exec-6] o.s.s.w.a.AnonymousAuthenticationFilter  : Set SecurityContextHolder to anonymous SecurityContext
?[0m?[0;34m2023-03-31 16:06:17.140 DEBUG 29781 --- [nio-8080-exec-6] o.s.security.web.FilterChainProxy        : Secured GET /error
?[0m?[0;34m2023-03-31 16:06:17.140 DEBUG 29781 --- [nio-8080-exec-6] o.s.web.servlet.DispatcherServlet        : "ERROR" dispatch for GET "/error", parameters={}
?[0m?[0;34m2023-03-31 16:06:17.140 DEBUG 29781 --- [nio-8080-exec-6] s.w.s.m.m.a.RequestMappingHandlerMapping : Mapped to org.springframework.boot.autoconfigure.web.servlet.error.BasicErrorController#error(HttpServletRequest)
?[0m?[0;34m2023-03-31 16:06:17.140 DEBUG 29781 --- [nio-8080-exec-6] o.j.s.OpenEntityManagerInViewInterceptor : Opening JPA EntityManager in OpenEntityManagerInViewInterceptor
?[0m?[0;34m2023-03-31 16:06:17.140 DEBUG 29781 --- [nio-8080-exec-6] o.s.w.s.m.m.a.HttpEntityMethodProcessor  : Using 'application/json', given [*/*] and supported [application/json, application/*+json, application/json, application/*+json]
?[0m?[0;34m2023-03-31 16:06:17.140 DEBUG 29781 --- [nio-8080-exec-6] o.s.w.s.m.m.a.HttpEntityMethodProcessor  : Writing [{timestamp=Fri Mar 31 16:06:17 EEST 2023, status=401, error=Unauthorized, path=/api/recipe/1}]
?[0m?[0;34m2023-03-31 16:06:17.140 DEBUG 29781 --- [nio-8080-exec-6] w.c.HttpSessionSecurityContextRepository : Did not store anonymous SecurityContext
?[0m?[0;34m2023-03-31 16:06:17.140 DEBUG 29781 --- [nio-8080-exec-6] o.j.s.OpenEntityManagerInViewInterceptor : Closing JPA EntityManager in OpenEntityManagerInViewInterceptor
?[0m?[0;34m2023-03-31 16:06:17.140 DEBUG 29781 --- [nio-8080-exec-6] o.s.web.servlet.DispatcherServlet        : Exiting from "ERROR" dispatch, status 401
?[0m?[0;34m2023-03-31 16:06:17.140 DEBUG 29781 --- [nio-8080-exec-6] w.c.HttpSessionSecurityContextRepository : Did not store anonymous SecurityContext
?[0m?[0;34m2023-03-31 16:06:17.140 DEBUG 29781 --- [nio-8080-exec-6] s.s.w.c.SecurityContextPersistenceFilter : Cleared SecurityContextHolder to complete request
?[1;31m
Start test 78?[0m
?[0m?[0;34m2023-03-31 16:06:17.143 DEBUG 29781 --- [nio-8080-exec-7] o.s.security.web.FilterChainProxy        : Securing PUT /api/recipe/1
?[0m?[0;34m2023-03-31 16:06:17.143 DEBUG 29781 --- [nio-8080-exec-7] s.s.w.c.SecurityContextPersistenceFilter : Set SecurityContextHolder to empty SecurityContext
?[0m?[0;34m2023-03-31 16:06:17.143 DEBUG 29781 --- [nio-8080-exec-7] o.s.s.w.a.AnonymousAuthenticationFilter  : Set SecurityContextHolder to anonymous SecurityContext
?[0m?[0;34m2023-03-31 16:06:17.144 DEBUG 29781 --- [nio-8080-exec-7] o.s.s.w.a.i.FilterSecurityInterceptor    : Failed to authorize filter invocation [PUT /api/recipe/1] with attributes [hasRole('ROLE_USER')]
?[0m?[0;34m2023-03-31 16:06:17.144 DEBUG 29781 --- [nio-8080-exec-7] o.s.s.w.s.HttpSessionRequestCache        : Saved request http://localhost:8080/api/recipe/1 to session
?[0m?[0;34m2023-03-31 16:06:17.144 DEBUG 29781 --- [nio-8080-exec-7] s.w.a.DelegatingAuthenticationEntryPoint : Trying to match using RequestHeaderRequestMatcher [expectedHeaderName=X-Requested-With, expectedHeaderValue=XMLHttpRequest]
?[0m?[0;34m2023-03-31 16:06:17.144 DEBUG 29781 --- [nio-8080-exec-7] s.w.a.DelegatingAuthenticationEntryPoint : No match found. Using default entry point org.springframework.security.web.authentication.www.BasicAuthenticationEntryPoint@3cbaa550
?[0m?[0;34m2023-03-31 16:06:17.144 DEBUG 29781 --- [nio-8080-exec-7] w.c.HttpSessionSecurityContextRepository : Did not store empty SecurityContext
?[0m?[0;34m2023-03-31 16:06:17.144 DEBUG 29781 --- [nio-8080-exec-7] w.c.HttpSessionSecurityContextRepository : Did not store empty SecurityContext
?[0m?[0;34m2023-03-31 16:06:17.144 DEBUG 29781 --- [nio-8080-exec-7] s.s.w.c.SecurityContextPersistenceFilter : Cleared SecurityContextHolder to complete request
?[0m?[0;34m2023-03-31 16:06:17.144 DEBUG 29781 --- [nio-8080-exec-7] o.s.security.web.FilterChainProxy        : Securing PUT /error
?[0m?[0;34m2023-03-31 16:06:17.144 DEBUG 29781 --- [nio-8080-exec-7] s.s.w.c.SecurityContextPersistenceFilter : Set SecurityContextHolder to empty SecurityContext
?[0m?[0;34m2023-03-31 16:06:17.144 DEBUG 29781 --- [nio-8080-exec-7] o.s.s.w.a.AnonymousAuthenticationFilter  : Set SecurityContextHolder to anonymous SecurityContext
?[0m?[0;34m2023-03-31 16:06:17.144 DEBUG 29781 --- [nio-8080-exec-7] o.s.security.web.FilterChainProxy        : Secured PUT /error
?[0m?[0;34m2023-03-31 16:06:17.144 DEBUG 29781 --- [nio-8080-exec-7] o.s.web.servlet.DispatcherServlet        : "ERROR" dispatch for PUT "/error", parameters={}
?[0m?[0;34m2023-03-31 16:06:17.144 DEBUG 29781 --- [nio-8080-exec-7] s.w.s.m.m.a.RequestMappingHandlerMapping : Mapped to org.springframework.boot.autoconfigure.web.servlet.error.BasicErrorController#error(HttpServletRequest)
?[0m?[0;34m2023-03-31 16:06:17.144 DEBUG 29781 --- [nio-8080-exec-7] o.j.s.OpenEntityManagerInViewInterceptor : Opening JPA EntityManager in OpenEntityManagerInViewInterceptor
?[0m?[0;34m2023-03-31 16:06:17.145 DEBUG 29781 --- [nio-8080-exec-7] o.s.w.s.m.m.a.HttpEntityMethodProcessor  : Using 'application/json', given [*/*] and supported [application/json, application/*+json, application/json, application/*+json]
?[0m?[0;34m2023-03-31 16:06:17.145 DEBUG 29781 --- [nio-8080-exec-7] o.s.w.s.m.m.a.HttpEntityMethodProcessor  : Writing [{timestamp=Fri Mar 31 16:06:17 EEST 2023, status=401, error=Unauthorized, path=/api/recipe/1}]
?[0m?[0;34m2023-03-31 16:06:17.145 DEBUG 29781 --- [nio-8080-exec-7] w.c.HttpSessionSecurityContextRepository : Did not store anonymous SecurityContext
?[0m?[0;34m2023-03-31 16:06:17.145 DEBUG 29781 --- [nio-8080-exec-7] o.j.s.OpenEntityManagerInViewInterceptor : Closing JPA EntityManager in OpenEntityManagerInViewInterceptor
?[0m?[0;34m2023-03-31 16:06:17.145 DEBUG 29781 --- [nio-8080-exec-7] o.s.web.servlet.DispatcherServlet        : Exiting from "ERROR" dispatch, status 401
?[0m?[0;34m2023-03-31 16:06:17.145 DEBUG 29781 --- [nio-8080-exec-7] w.c.HttpSessionSecurityContextRepository : Did not store anonymous SecurityContext
?[0m?[0;34m2023-03-31 16:06:17.145 DEBUG 29781 --- [nio-8080-exec-7] s.s.w.c.SecurityContextPersistenceFilter : Cleared SecurityContextHolder to complete request
?[1;31m
Start test 79?[0m
?[0m?[0;34m2023-03-31 16:06:17.148 DEBUG 29781 --- [nio-8080-exec-8] o.s.security.web.FilterChainProxy        : Securing DELETE /api/recipe/1
?[0m?[0;34m2023-03-31 16:06:17.148 DEBUG 29781 --- [nio-8080-exec-8] s.s.w.c.SecurityContextPersistenceFilter : Set SecurityContextHolder to empty SecurityContext
?[0m?[0;34m2023-03-31 16:06:17.148 DEBUG 29781 --- [nio-8080-exec-8] o.s.s.w.a.AnonymousAuthenticationFilter  : Set SecurityContextHolder to anonymous SecurityContext
?[0m?[0;34m2023-03-31 16:06:17.148 DEBUG 29781 --- [nio-8080-exec-8] o.s.s.w.a.i.FilterSecurityInterceptor    : Failed to authorize filter invocation [DELETE /api/recipe/1] with attributes [hasRole('ROLE_USER')]
?[0m?[0;34m2023-03-31 16:06:17.148 DEBUG 29781 --- [nio-8080-exec-8] o.s.s.w.s.HttpSessionRequestCache        : Saved request http://localhost:8080/api/recipe/1 to session
?[0m?[0;34m2023-03-31 16:06:17.148 DEBUG 29781 --- [nio-8080-exec-8] s.w.a.DelegatingAuthenticationEntryPoint : Trying to match using RequestHeaderRequestMatcher [expectedHeaderName=X-Requested-With, expectedHeaderValue=XMLHttpRequest]
?[0m?[0;34m2023-03-31 16:06:17.148 DEBUG 29781 --- [nio-8080-exec-8] s.w.a.DelegatingAuthenticationEntryPoint : No match found. Using default entry point org.springframework.security.web.authentication.www.BasicAuthenticationEntryPoint@3cbaa550
?[0m?[0;34m2023-03-31 16:06:17.148 DEBUG 29781 --- [nio-8080-exec-8] w.c.HttpSessionSecurityContextRepository : Did not store empty SecurityContext
?[0m?[0;34m2023-03-31 16:06:17.148 DEBUG 29781 --- [nio-8080-exec-8] w.c.HttpSessionSecurityContextRepository : Did not store empty SecurityContext
?[0m?[0;34m2023-03-31 16:06:17.148 DEBUG 29781 --- [nio-8080-exec-8] s.s.w.c.SecurityContextPersistenceFilter : Cleared SecurityContextHolder to complete request
?[0m?[0;34m2023-03-31 16:06:17.149 DEBUG 29781 --- [nio-8080-exec-8] o.s.security.web.FilterChainProxy        : Securing DELETE /error
?[0m?[0;34m2023-03-31 16:06:17.149 DEBUG 29781 --- [nio-8080-exec-8] s.s.w.c.SecurityContextPersistenceFilter : Set SecurityContextHolder to empty SecurityContext
?[0m?[0;34m2023-03-31 16:06:17.149 DEBUG 29781 --- [nio-8080-exec-8] o.s.s.w.a.AnonymousAuthenticationFilter  : Set SecurityContextHolder to anonymous SecurityContext
?[0m?[0;34m2023-03-31 16:06:17.149 DEBUG 29781 --- [nio-8080-exec-8] o.s.security.web.FilterChainProxy        : Secured DELETE /error
?[0m?[0;34m2023-03-31 16:06:17.149 DEBUG 29781 --- [nio-8080-exec-8] o.s.web.servlet.DispatcherServlet        : "ERROR" dispatch for DELETE "/error", parameters={}
?[0m?[0;34m2023-03-31 16:06:17.149 DEBUG 29781 --- [nio-8080-exec-8] s.w.s.m.m.a.RequestMappingHandlerMapping : Mapped to org.springframework.boot.autoconfigure.web.servlet.error.BasicErrorController#error(HttpServletRequest)
?[0m?[0;34m2023-03-31 16:06:17.149 DEBUG 29781 --- [nio-8080-exec-8] o.j.s.OpenEntityManagerInViewInterceptor : Opening JPA EntityManager in OpenEntityManagerInViewInterceptor
?[0m?[0;34m2023-03-31 16:06:17.149 DEBUG 29781 --- [nio-8080-exec-8] o.s.w.s.m.m.a.HttpEntityMethodProcessor  : Using 'application/json', given [*/*] and supported [application/json, application/*+json, application/json, application/*+json]
?[0m?[0;34m2023-03-31 16:06:17.149 DEBUG 29781 --- [nio-8080-exec-8] o.s.w.s.m.m.a.HttpEntityMethodProcessor  : Writing [{timestamp=Fri Mar 31 16:06:17 EEST 2023, status=401, error=Unauthorized, path=/api/recipe/1}]
?[0m?[0;34m2023-03-31 16:06:17.149 DEBUG 29781 --- [nio-8080-exec-8] w.c.HttpSessionSecurityContextRepository : Did not store anonymous SecurityContext
?[0m?[0;34m2023-03-31 16:06:17.149 DEBUG 29781 --- [nio-8080-exec-8] o.j.s.OpenEntityManagerInViewInterceptor : Closing JPA EntityManager in OpenEntityManagerInViewInterceptor
?[0m?[0;34m2023-03-31 16:06:17.150 DEBUG 29781 --- [nio-8080-exec-8] o.s.web.servlet.DispatcherServlet        : Exiting from "ERROR" dispatch, status 401
?[0m?[0;34m2023-03-31 16:06:17.150 DEBUG 29781 --- [nio-8080-exec-8] w.c.HttpSessionSecurityContextRepository : Did not store anonymous SecurityContext
?[0m?[0;34m2023-03-31 16:06:17.150 DEBUG 29781 --- [nio-8080-exec-8] s.s.w.c.SecurityContextPersistenceFilter : Cleared SecurityContextHolder to complete request
?[1;31m
Start test 80?[0m
?[0m?[0;34m2023-03-31 16:06:17.152 DEBUG 29781 --- [nio-8080-exec-9] o.s.security.web.FilterChainProxy        : Securing GET /api/recipe/search/?category=dessert
?[0m?[0;34m2023-03-31 16:06:17.152 DEBUG 29781 --- [nio-8080-exec-9] s.s.w.c.SecurityContextPersistenceFilter : Set SecurityContextHolder to empty SecurityContext
?[0m?[0;34m2023-03-31 16:06:17.152 DEBUG 29781 --- [nio-8080-exec-9] o.s.s.w.a.AnonymousAuthenticationFilter  : Set SecurityContextHolder to anonymous SecurityContext
?[0m?[0;34m2023-03-31 16:06:17.152 DEBUG 29781 --- [nio-8080-exec-9] o.s.s.w.a.i.FilterSecurityInterceptor    : Failed to authorize filter invocation [GET /api/recipe/search/?category=dessert] with attributes [hasRole('ROLE_USER')]
?[0m?[0;34m2023-03-31 16:06:17.153 DEBUG 29781 --- [nio-8080-exec-9] o.s.s.w.s.HttpSessionRequestCache        : Saved request http://localhost:8080/api/recipe/search/?category=dessert to session
?[0m?[0;34m2023-03-31 16:06:17.153 DEBUG 29781 --- [nio-8080-exec-9] s.w.a.DelegatingAuthenticationEntryPoint : Trying to match using RequestHeaderRequestMatcher [expectedHeaderName=X-Requested-With, expectedHeaderValue=XMLHttpRequest]
?[0m?[0;34m2023-03-31 16:06:17.153 DEBUG 29781 --- [nio-8080-exec-9] s.w.a.DelegatingAuthenticationEntryPoint : No match found. Using default entry point org.springframework.security.web.authentication.www.BasicAuthenticationEntryPoint@3cbaa550
?[0m?[0;34m2023-03-31 16:06:17.153 DEBUG 29781 --- [nio-8080-exec-9] w.c.HttpSessionSecurityContextRepository : Did not store empty SecurityContext
?[0m?[0;34m2023-03-31 16:06:17.153 DEBUG 29781 --- [nio-8080-exec-9] w.c.HttpSessionSecurityContextRepository : Did not store empty SecurityContext
?[0m?[0;34m2023-03-31 16:06:17.153 DEBUG 29781 --- [nio-8080-exec-9] s.s.w.c.SecurityContextPersistenceFilter : Cleared SecurityContextHolder to complete request
?[0m?[0;34m2023-03-31 16:06:17.153 DEBUG 29781 --- [nio-8080-exec-9] o.s.security.web.FilterChainProxy        : Securing GET /error?category=dessert
?[0m?[0;34m2023-03-31 16:06:17.153 DEBUG 29781 --- [nio-8080-exec-9] s.s.w.c.SecurityContextPersistenceFilter : Set SecurityContextHolder to empty SecurityContext
?[0m?[0;34m2023-03-31 16:06:17.153 DEBUG 29781 --- [nio-8080-exec-9] o.s.s.w.a.AnonymousAuthenticationFilter  : Set SecurityContextHolder to anonymous SecurityContext
?[0m?[0;34m2023-03-31 16:06:17.153 DEBUG 29781 --- [nio-8080-exec-9] o.s.security.web.FilterChainProxy        : Secured GET /error?category=dessert
?[0m?[0;34m2023-03-31 16:06:17.153 DEBUG 29781 --- [nio-8080-exec-9] o.s.web.servlet.DispatcherServlet        : "ERROR" dispatch for GET "/error?category=dessert", parameters={masked}
?[0m?[0;34m2023-03-31 16:06:17.153 DEBUG 29781 --- [nio-8080-exec-9] s.w.s.m.m.a.RequestMappingHandlerMapping : Mapped to org.springframework.boot.autoconfigure.web.servlet.error.BasicErrorController#error(HttpServletRequest)
?[0m?[0;34m2023-03-31 16:06:17.153 DEBUG 29781 --- [nio-8080-exec-9] o.j.s.OpenEntityManagerInViewInterceptor : Opening JPA EntityManager in OpenEntityManagerInViewInterceptor
?[0m?[0;34m2023-03-31 16:06:17.153 DEBUG 29781 --- [nio-8080-exec-9] o.s.w.s.m.m.a.HttpEntityMethodProcessor  : Using 'application/json', given [*/*] and supported [application/json, application/*+json, application/json, application/*+json]
?[0m?[0;34m2023-03-31 16:06:17.154 DEBUG 29781 --- [nio-8080-exec-9] o.s.w.s.m.m.a.HttpEntityMethodProcessor  : Writing [{timestamp=Fri Mar 31 16:06:17 EEST 2023, status=401, error=Unauthorized, path=/api/recipe/search/}]
?[0m?[0;34m2023-03-31 16:06:17.154 DEBUG 29781 --- [nio-8080-exec-9] w.c.HttpSessionSecurityContextRepository : Did not store anonymous SecurityContext
?[0m?[0;34m2023-03-31 16:06:17.154 DEBUG 29781 --- [nio-8080-exec-9] o.j.s.OpenEntityManagerInViewInterceptor : Closing JPA EntityManager in OpenEntityManagerInViewInterceptor
?[0m?[0;34m2023-03-31 16:06:17.154 DEBUG 29781 --- [nio-8080-exec-9] o.s.web.servlet.DispatcherServlet        : Exiting from "ERROR" dispatch, status 401
?[0m?[0;34m2023-03-31 16:06:17.154 DEBUG 29781 --- [nio-8080-exec-9] w.c.HttpSessionSecurityContextRepository : Did not store anonymous SecurityContext
?[0m?[0;34m2023-03-31 16:06:17.154 DEBUG 29781 --- [nio-8080-exec-9] s.s.w.c.SecurityContextPersistenceFilter : Cleared SecurityContextHolder to complete request
?[1;31m
Start test 81?[0m
?[0m?[0;34m2023-03-31 16:06:17.157 DEBUG 29781 --- [io-8080-exec-10] o.s.security.web.FilterChainProxy        : Securing GET /api/recipe/search/?name=ice-cream
?[0m?[0;34m2023-03-31 16:06:17.157 DEBUG 29781 --- [io-8080-exec-10] s.s.w.c.SecurityContextPersistenceFilter : Set SecurityContextHolder to empty SecurityContext
?[0m?[0;34m2023-03-31 16:06:17.157 DEBUG 29781 --- [io-8080-exec-10] o.s.s.w.a.AnonymousAuthenticationFilter  : Set SecurityContextHolder to anonymous SecurityContext
?[0m?[0;34m2023-03-31 16:06:17.157 DEBUG 29781 --- [io-8080-exec-10] o.s.s.w.a.i.FilterSecurityInterceptor    : Failed to authorize filter invocation [GET /api/recipe/search/?name=ice-cream] with attributes [hasRole('ROLE_USER')]
?[0m?[0;34m2023-03-31 16:06:17.157 DEBUG 29781 --- [io-8080-exec-10] o.s.s.w.s.HttpSessionRequestCache        : Saved request http://localhost:8080/api/recipe/search/?name=ice-cream to session
?[0m?[0;34m2023-03-31 16:06:17.157 DEBUG 29781 --- [io-8080-exec-10] s.w.a.DelegatingAuthenticationEntryPoint : Trying to match using RequestHeaderRequestMatcher [expectedHeaderName=X-Requested-With, expectedHeaderValue=XMLHttpRequest]
?[0m?[0;34m2023-03-31 16:06:17.157 DEBUG 29781 --- [io-8080-exec-10] s.w.a.DelegatingAuthenticationEntryPoint : No match found. Using default entry point org.springframework.security.web.authentication.www.BasicAuthenticationEntryPoint@3cbaa550
?[0m?[0;34m2023-03-31 16:06:17.157 DEBUG 29781 --- [io-8080-exec-10] w.c.HttpSessionSecurityContextRepository : Did not store empty SecurityContext
?[0m?[0;34m2023-03-31 16:06:17.157 DEBUG 29781 --- [io-8080-exec-10] w.c.HttpSessionSecurityContextRepository : Did not store empty SecurityContext
?[0m?[0;34m2023-03-31 16:06:17.157 DEBUG 29781 --- [io-8080-exec-10] s.s.w.c.SecurityContextPersistenceFilter : Cleared SecurityContextHolder to complete request
?[0m?[0;34m2023-03-31 16:06:17.157 DEBUG 29781 --- [io-8080-exec-10] o.s.security.web.FilterChainProxy        : Securing GET /error?name=ice-cream
?[0m?[0;34m2023-03-31 16:06:17.157 DEBUG 29781 --- [io-8080-exec-10] s.s.w.c.SecurityContextPersistenceFilter : Set SecurityContextHolder to empty SecurityContext
?[0m?[0;34m2023-03-31 16:06:17.157 DEBUG 29781 --- [io-8080-exec-10] o.s.s.w.a.AnonymousAuthenticationFilter  : Set SecurityContextHolder to anonymous SecurityContext
?[0m?[0;34m2023-03-31 16:06:17.157 DEBUG 29781 --- [io-8080-exec-10] o.s.security.web.FilterChainProxy        : Secured GET /error?name=ice-cream
?[0m?[0;34m2023-03-31 16:06:17.157 DEBUG 29781 --- [io-8080-exec-10] o.s.web.servlet.DispatcherServlet        : "ERROR" dispatch for GET "/error?name=ice-cream", parameters={masked}
?[0m?[0;34m2023-03-31 16:06:17.157 DEBUG 29781 --- [io-8080-exec-10] s.w.s.m.m.a.RequestMappingHandlerMapping : Mapped to org.springframework.boot.autoconfigure.web.servlet.error.BasicErrorController#error(HttpServletRequest)
?[0m?[0;34m2023-03-31 16:06:17.157 DEBUG 29781 --- [io-8080-exec-10] o.j.s.OpenEntityManagerInViewInterceptor : Opening JPA EntityManager in OpenEntityManagerInViewInterceptor
?[0m?[0;34m2023-03-31 16:06:17.158 DEBUG 29781 --- [io-8080-exec-10] o.s.w.s.m.m.a.HttpEntityMethodProcessor  : Using 'application/json', given [*/*] and supported [application/json, application/*+json, application/json, application/*+json]
?[0m?[0;34m2023-03-31 16:06:17.158 DEBUG 29781 --- [io-8080-exec-10] o.s.w.s.m.m.a.HttpEntityMethodProcessor  : Writing [{timestamp=Fri Mar 31 16:06:17 EEST 2023, status=401, error=Unauthorized, path=/api/recipe/search/}]
?[0m?[0;34m2023-03-31 16:06:17.158 DEBUG 29781 --- [io-8080-exec-10] w.c.HttpSessionSecurityContextRepository : Did not store anonymous SecurityContext
?[0m?[0;34m2023-03-31 16:06:17.158 DEBUG 29781 --- [io-8080-exec-10] o.j.s.OpenEntityManagerInViewInterceptor : Closing JPA EntityManager in OpenEntityManagerInViewInterceptor
?[0m?[0;34m2023-03-31 16:06:17.158 DEBUG 29781 --- [io-8080-exec-10] o.s.web.servlet.DispatcherServlet        : Exiting from "ERROR" dispatch, status 401
?[0m?[0;34m2023-03-31 16:06:17.158 DEBUG 29781 --- [io-8080-exec-10] w.c.HttpSessionSecurityContextRepository : Did not store anonymous SecurityContext
?[0m?[0;34m2023-03-31 16:06:17.158 DEBUG 29781 --- [io-8080-exec-10] s.s.w.c.SecurityContextPersistenceFilter : Cleared SecurityContextHolder to complete request
?[0m2023-03-31 16:06:17.161 DEBUG 29781 --- [nio-8080-exec-1] o.s.security.web.FilterChainProxy        : Securing POST /actuator/shutdown
2023-03-31 16:06:17.161 DEBUG 29781 --- [nio-8080-exec-1] s.s.w.c.SecurityContextPersistenceFilter : Set SecurityContextHolder to empty SecurityContext
2023-03-31 16:06:17.161 DEBUG 29781 --- [nio-8080-exec-1] o.s.s.w.a.AnonymousAuthenticationFilter  : Set SecurityContextHolder to anonymous SecurityContext
2023-03-31 16:06:17.162 DEBUG 29781 --- [nio-8080-exec-1] s.b.a.e.w.s.WebMvcEndpointHandlerMapping : Mapped to Actuator web endpoint 'shutdown'
2023-03-31 16:06:17.162 DEBUG 29781 --- [nio-8080-exec-1] s.b.a.e.w.s.WebMvcEndpointHandlerMapping : Mapped to Actuator web endpoint 'shutdown'
2023-03-31 16:06:17.162 DEBUG 29781 --- [nio-8080-exec-1] o.s.s.w.a.i.FilterSecurityInterceptor    : Authorized filter invocation [POST /actuator/shutdown] with attributes [permitAll]
2023-03-31 16:06:17.162 DEBUG 29781 --- [nio-8080-exec-1] o.s.security.web.FilterChainProxy        : Secured POST /actuator/shutdown
2023-03-31 16:06:17.162 DEBUG 29781 --- [nio-8080-exec-1] o.s.web.servlet.DispatcherServlet        : POST "/actuator/shutdown", parameters={}
2023-03-31 16:06:17.162 DEBUG 29781 --- [nio-8080-exec-1] s.b.a.e.w.s.WebMvcEndpointHandlerMapping : Mapped to Actuator web endpoint 'shutdown'
2023-03-31 16:06:17.162 DEBUG 29781 --- [nio-8080-exec-1] m.m.a.RequestResponseBodyMethodProcessor : Read "application/json;charset=UTF-8" to []
2023-03-31 16:06:17.163 DEBUG 29781 --- [nio-8080-exec-1] m.m.a.RequestResponseBodyMethodProcessor : Using 'application/vnd.spring-boot.actuator.v3+json', given [*/*] and supported [application/vnd.spring-boot.actuator.v3+json, application/vnd.spring-boot.actuator.v2+json, application/json]
2023-03-31 16:06:17.163 DEBUG 29781 --- [nio-8080-exec-1] m.m.a.RequestResponseBodyMethodProcessor : Writing [{message=Shutting down, bye...}]
2023-03-31 16:06:17.163 DEBUG 29781 --- [nio-8080-exec-1] w.c.HttpSessionSecurityContextRepository : Did not store anonymous SecurityContext
2023-03-31 16:06:17.163 DEBUG 29781 --- [nio-8080-exec-1] o.s.web.servlet.DispatcherServlet        : Completed 200 OK
2023-03-31 16:06:17.163 DEBUG 29781 --- [nio-8080-exec-1] w.c.HttpSessionSecurityContextRepository : Did not store anonymous SecurityContext
2023-03-31 16:06:17.163 DEBUG 29781 --- [nio-8080-exec-1] s.s.w.c.SecurityContextPersistenceFilter : Cleared SecurityContextHolder to complete request
]]></system-out>
  <system-err><![CDATA[]]></system-err>
</testsuite>
